# JRE version: OpenJDK Runtime Environment (17.0.9) (build 17.0.9+0-17.0.9b1087.7-11185874)
# Java VM: OpenJDK 64-Bit Server VM (17.0.9+0-17.0.9b1087.7-11185874, mixed mode, tiered, compressed oops, compressed class ptrs, parallel gc, linux-amd64)
GC Precious Log:
 CPUs: 16 total, 12 available
 Memory: 13817M
 Large Page Support: Disabled
 NUMA Support: Disabled
 Compressed Oops: Enabled (Zero based)
 Alignments: Space 512K, Generation 512K, Heap 2M
 Heap Min Capacity: 8M
 Heap Initial Capacity: 216M
 Heap Max Capacity: 4608M
 Pre-touch: Disabled
 Parallel Workers: 10
Heap:
 PSYoungGen      total 749056K, used 113363K [0x00000007a0000000, 0x00000007dd600000, 0x0000000800000000)
  eden space 517120K, 0% used [0x00000007a0000000,0x00000007a0000000,0x00000007bf900000)
  from space 231936K, 48% used [0x00000007cf380000,0x00000007d6234c38,0x00000007dd600000)
  to   space 244224K, 0% used [0x00000007bf900000,0x00000007bf900000,0x00000007ce780000)
 ParOldGen       total 728576K, used 630968K [0x00000006e0000000, 0x000000070c780000, 0x00000007a0000000)
  object space 728576K, 86% used [0x00000006e0000000,0x000000070682e080,0x000000070c780000)
 Metaspace       used 97608K, committed 98368K, reserved 983040K
  class space    used 13355K, committed 13760K, reserved 851968K
GC Heap History (20 events):
Event: 5,634 GC heap after
{Heap after GC invocations=17 (full 3):
 PSYoungGen      total 223744K, used 8928K [0x00000007a0000000, 0x00000007af480000, 0x0000000800000000)
  eden space 199168K, 0% used [0x00000007a0000000,0x00000007a0000000,0x00000007ac280000)
  from space 24576K, 36% used [0x00000007adc80000,0x00000007ae538010,0x00000007af480000)
  to   space 25600K, 0% used [0x00000007ac280000,0x00000007ac280000,0x00000007adb80000)
 ParOldGen       total 147456K, used 82484K [0x00000006e0000000, 0x00000006e9000000, 0x00000007a0000000)
  object space 147456K, 55% used [0x00000006e0000000,0x00000006e508d0e0,0x00000006e9000000)
 Metaspace       used 71836K, committed 72576K, reserved 917504K
  class space    used 9542K, committed 9920K, reserved 851968K
}
Event: 5,973 GC heap before
{Heap before GC invocations=18 (full 3):
 PSYoungGen      total 223744K, used 208096K [0x00000007a0000000, 0x00000007af480000, 0x0000000800000000)
  eden space 199168K, 100% used [0x00000007a0000000,0x00000007ac280000,0x00000007ac280000)
  from space 24576K, 36% used [0x00000007adc80000,0x00000007ae538010,0x00000007af480000)
  to   space 25600K, 0% used [0x00000007ac280000,0x00000007ac280000,0x00000007adb80000)
 ParOldGen       total 147456K, used 82484K [0x00000006e0000000, 0x00000006e9000000, 0x00000007a0000000)
  object space 147456K, 55% used [0x00000006e0000000,0x00000006e508d0e0,0x00000006e9000000)
 Metaspace       used 72214K, committed 72896K, reserved 917504K
  class space    used 9571K, committed 9920K, reserved 851968K
}
Event: 5,992 GC heap after
{Heap after GC invocations=18 (full 3):
 PSYoungGen      total 224768K, used 15856K [0x00000007a0000000, 0x00000007b6a80000, 0x0000000800000000)
  eden space 199168K, 0% used [0x00000007a0000000,0x00000007a0000000,0x00000007ac280000)
  from space 25600K, 61% used [0x00000007ac280000,0x00000007ad1fc030,0x00000007adb80000)
  to   space 26112K, 0% used [0x00000007b5100000,0x00000007b5100000,0x00000007b6a80000)
 ParOldGen       total 147456K, used 88616K [0x00000006e0000000, 0x00000006e9000000, 0x00000007a0000000)
  object space 147456K, 60% used [0x00000006e0000000,0x00000006e568a150,0x00000006e9000000)
 Metaspace       used 72214K, committed 72896K, reserved 917504K
  class space    used 9571K, committed 9920K, reserved 851968K
}
Event: 6,258 GC heap before
{Heap before GC invocations=19 (full 3):
 PSYoungGen      total 224768K, used 199988K [0x00000007a0000000, 0x00000007b6a80000, 0x0000000800000000)
  eden space 199168K, 92% used [0x00000007a0000000,0x00000007ab3d0fe8,0x00000007ac280000)
  from space 25600K, 61% used [0x00000007ac280000,0x00000007ad1fc030,0x00000007adb80000)
  to   space 26112K, 0% used [0x00000007b5100000,0x00000007b5100000,0x00000007b6a80000)
 ParOldGen       total 147456K, used 88616K [0x00000006e0000000, 0x00000006e9000000, 0x00000007a0000000)
  object space 147456K, 60% used [0x00000006e0000000,0x00000006e568a150,0x00000006e9000000)
 Metaspace       used 74414K, committed 75136K, reserved 917504K
  class space    used 9883K, committed 10240K, reserved 851968K
}
Event: 6,275 GC heap after
{Heap after GC invocations=19 (full 3):
 PSYoungGen      total 336384K, used 26096K [0x00000007a0000000, 0x00000007b7b80000, 0x0000000800000000)
  eden space 310272K, 0% used [0x00000007a0000000,0x00000007a0000000,0x00000007b2f00000)
  from space 26112K, 99% used [0x00000007b5100000,0x00000007b6a7c2f8,0x00000007b6a80000)
  to   space 34816K, 0% used [0x00000007b2f00000,0x00000007b2f00000,0x00000007b5100000)
 ParOldGen       total 147456K, used 102175K [0x00000006e0000000, 0x00000006e9000000, 0x00000007a0000000)
  object space 147456K, 69% used [0x00000006e0000000,0x00000006e63c7f30,0x00000006e9000000)
 Metaspace       used 74414K, committed 75136K, reserved 917504K
  class space    used 9883K, committed 10240K, reserved 851968K
}
Event: 6,639 GC heap before
{Heap before GC invocations=20 (full 3):
 PSYoungGen      total 336384K, used 336368K [0x00000007a0000000, 0x00000007b7b80000, 0x0000000800000000)
  eden space 310272K, 100% used [0x00000007a0000000,0x00000007b2f00000,0x00000007b2f00000)
  from space 26112K, 99% used [0x00000007b5100000,0x00000007b6a7c2f8,0x00000007b6a80000)
  to   space 34816K, 0% used [0x00000007b2f00000,0x00000007b2f00000,0x00000007b5100000)
 ParOldGen       total 147456K, used 102175K [0x00000006e0000000, 0x00000006e9000000, 0x00000007a0000000)
  object space 147456K, 69% used [0x00000006e0000000,0x00000006e63c7f30,0x00000006e9000000)
 Metaspace       used 80742K, committed 81536K, reserved 983040K
  class space    used 10841K, committed 11264K, reserved 851968K
}
Event: 6,685 GC heap after
{Heap after GC invocations=20 (full 3):
 PSYoungGen      total 345088K, used 34815K [0x00000007a0000000, 0x00000007c7f80000, 0x0000000800000000)
  eden space 310272K, 0% used [0x00000007a0000000,0x00000007a0000000,0x00000007b2f00000)
  from space 34816K, 99% used [0x00000007b2f00000,0x00000007b50ffc28,0x00000007b5100000)
  to   space 110080K, 0% used [0x00000007c1400000,0x00000007c1400000,0x00000007c7f80000)
 ParOldGen       total 291840K, used 291423K [0x00000006e0000000, 0x00000006f1d00000, 0x00000007a0000000)
  object space 291840K, 99% used [0x00000006e0000000,0x00000006f1c97e20,0x00000006f1d00000)
 Metaspace       used 80742K, committed 81536K, reserved 983040K
  class space    used 10841K, committed 11264K, reserved 851968K
}
Event: 6,685 GC heap before
{Heap before GC invocations=21 (full 4):
 PSYoungGen      total 345088K, used 34815K [0x00000007a0000000, 0x00000007c7f80000, 0x0000000800000000)
  eden space 310272K, 0% used [0x00000007a0000000,0x00000007a0000000,0x00000007b2f00000)
  from space 34816K, 99% used [0x00000007b2f00000,0x00000007b50ffc28,0x00000007b5100000)
  to   space 110080K, 0% used [0x00000007c1400000,0x00000007c1400000,0x00000007c7f80000)
 ParOldGen       total 291840K, used 291423K [0x00000006e0000000, 0x00000006f1d00000, 0x00000007a0000000)
  object space 291840K, 99% used [0x00000006e0000000,0x00000006f1c97e20,0x00000006f1d00000)
 Metaspace       used 80742K, committed 81536K, reserved 983040K
  class space    used 10841K, committed 11264K, reserved 851968K
}
Event: 6,789 GC heap after
{Heap after GC invocations=21 (full 4):
 PSYoungGen      total 443392K, used 0K [0x00000007a0000000, 0x00000007c4e00000, 0x0000000800000000)
  eden space 384000K, 0% used [0x00000007a0000000,0x00000007a0000000,0x00000007b7700000)
  from space 59392K, 0% used [0x00000007c1400000,0x00000007c1400000,0x00000007c4e00000)
  to   space 110080K, 0% used [0x00000007b7700000,0x00000007b7700000,0x00000007be280000)
 ParOldGen       total 429056K, used 269172K [0x00000006e0000000, 0x00000006fa300000, 0x00000007a0000000)
  object space 429056K, 62% used [0x00000006e0000000,0x00000006f06dd338,0x00000006fa300000)
 Metaspace       used 80733K, committed 81536K, reserved 983040K
  class space    used 10838K, committed 11264K, reserved 851968K
}
Event: 7,235 GC heap before
{Heap before GC invocations=22 (full 4):
 PSYoungGen      total 443392K, used 384000K [0x00000007a0000000, 0x00000007c4e00000, 0x0000000800000000)
  eden space 384000K, 100% used [0x00000007a0000000,0x00000007b7700000,0x00000007b7700000)
  from space 59392K, 0% used [0x00000007c1400000,0x00000007c1400000,0x00000007c4e00000)
  to   space 110080K, 0% used [0x00000007b7700000,0x00000007b7700000,0x00000007be280000)
 ParOldGen       total 429056K, used 269172K [0x00000006e0000000, 0x00000006fa300000, 0x00000007a0000000)
  object space 429056K, 62% used [0x00000006e0000000,0x00000006f06dd338,0x00000006fa300000)
 Metaspace       used 81755K, committed 82560K, reserved 983040K
  class space    used 10997K, committed 11456K, reserved 851968K
}
Event: 7,276 GC heap after
{Heap after GC invocations=22 (full 4):
 PSYoungGen      total 494080K, used 81385K [0x00000007a0000000, 0x00000007cbb00000, 0x0000000800000000)
  eden space 384000K, 0% used [0x00000007a0000000,0x00000007a0000000,0x00000007b7700000)
  from space 110080K, 73% used [0x00000007b7700000,0x00000007bc67a4c0,0x00000007be280000)
  to   space 119808K, 0% used [0x00000007c4600000,0x00000007c4600000,0x00000007cbb00000)
 ParOldGen       total 429056K, used 269180K [0x00000006e0000000, 0x00000006fa300000, 0x00000007a0000000)
  object space 429056K, 62% used [0x00000006e0000000,0x00000006f06df338,0x00000006fa300000)
 Metaspace       used 81755K, committed 82560K, reserved 983040K
  class space    used 10997K, committed 11456K, reserved 851968K
}
Event: 8,080 GC heap before
{Heap before GC invocations=23 (full 4):
 PSYoungGen      total 494080K, used 465385K [0x00000007a0000000, 0x00000007cbb00000, 0x0000000800000000)
  eden space 384000K, 100% used [0x00000007a0000000,0x00000007b7700000,0x00000007b7700000)
  from space 110080K, 73% used [0x00000007b7700000,0x00000007bc67a4c0,0x00000007be280000)
  to   space 119808K, 0% used [0x00000007c4600000,0x00000007c4600000,0x00000007cbb00000)
 ParOldGen       total 429056K, used 269180K [0x00000006e0000000, 0x00000006fa300000, 0x00000007a0000000)
  object space 429056K, 62% used [0x00000006e0000000,0x00000006f06df338,0x00000006fa300000)
 Metaspace       used 87055K, committed 87872K, reserved 983040K
  class space    used 11935K, committed 12352K, reserved 851968K
}
Event: 8,173 GC heap after
{Heap after GC invocations=23 (full 4):
 PSYoungGen      total 554496K, used 119776K [0x00000007a0000000, 0x00000007d1100000, 0x0000000800000000)
  eden space 434688K, 0% used [0x00000007a0000000,0x00000007a0000000,0x00000007ba880000)
  from space 119808K, 99% used [0x00000007c4600000,0x00000007cbaf83e8,0x00000007cbb00000)
  to   space 161280K, 0% used [0x00000007ba880000,0x00000007ba880000,0x00000007c4600000)
 ParOldGen       total 429056K, used 324414K [0x00000006e0000000, 0x00000006fa300000, 0x00000007a0000000)
  object space 429056K, 75% used [0x00000006e0000000,0x00000006f3ccfbd8,0x00000006fa300000)
 Metaspace       used 87055K, committed 87872K, reserved 983040K
  class space    used 11935K, committed 12352K, reserved 851968K
}
Event: 8,584 GC heap before
{Heap before GC invocations=24 (full 4):
 PSYoungGen      total 554496K, used 554464K [0x00000007a0000000, 0x00000007d1100000, 0x0000000800000000)
  eden space 434688K, 100% used [0x00000007a0000000,0x00000007ba880000,0x00000007ba880000)
  from space 119808K, 99% used [0x00000007c4600000,0x00000007cbaf83e8,0x00000007cbb00000)
  to   space 161280K, 0% used [0x00000007ba880000,0x00000007ba880000,0x00000007c4600000)
 ParOldGen       total 429056K, used 324414K [0x00000006e0000000, 0x00000006fa300000, 0x00000007a0000000)
  object space 429056K, 75% used [0x00000006e0000000,0x00000006f3ccfbd8,0x00000006fa300000)
 Metaspace       used 90951K, committed 91776K, reserved 983040K
  class space    used 12399K, committed 12800K, reserved 851968K
}
Event: 8,748 GC heap after
{Heap after GC invocations=24 (full 4):
 PSYoungGen      total 595968K, used 161257K [0x00000007a0000000, 0x00000007e0e00000, 0x0000000800000000)
  eden space 434688K, 0% used [0x00000007a0000000,0x00000007a0000000,0x00000007ba880000)
  from space 161280K, 99% used [0x00000007ba880000,0x00000007c45fa408,0x00000007c4600000)
  to   space 248832K, 0% used [0x00000007d1b00000,0x00000007d1b00000,0x00000007e0e00000)
 ParOldGen       total 482304K, used 482132K [0x00000006e0000000, 0x00000006fd700000, 0x00000007a0000000)
  object space 482304K, 99% used [0x00000006e0000000,0x00000006fd6d50e0,0x00000006fd700000)
 Metaspace       used 90951K, committed 91776K, reserved 983040K
  class space    used 12399K, committed 12800K, reserved 851968K
}
Event: 8,748 GC heap before
{Heap before GC invocations=25 (full 5):
 PSYoungGen      total 595968K, used 161257K [0x00000007a0000000, 0x00000007e0e00000, 0x0000000800000000)
  eden space 434688K, 0% used [0x00000007a0000000,0x00000007a0000000,0x00000007ba880000)
  from space 161280K, 99% used [0x00000007ba880000,0x00000007c45fa408,0x00000007c4600000)
  to   space 248832K, 0% used [0x00000007d1b00000,0x00000007d1b00000,0x00000007e0e00000)
 ParOldGen       total 482304K, used 482132K [0x00000006e0000000, 0x00000006fd700000, 0x00000007a0000000)
  object space 482304K, 99% used [0x00000006e0000000,0x00000006fd6d50e0,0x00000006fd700000)
 Metaspace       used 90951K, committed 91776K, reserved 983040K
  class space    used 12399K, committed 12800K, reserved 851968K
}
Event: 9,219 GC heap after
{Heap after GC invocations=25 (full 5):
 PSYoungGen      total 595968K, used 148607K [0x00000007a0000000, 0x00000007de680000, 0x0000000800000000)
  eden space 434688K, 0% used [0x00000007a0000000,0x00000007a0000000,0x00000007ba880000)
  from space 161280K, 92% used [0x00000007ba880000,0x00000007c399ff10,0x00000007c4600000)
  to   space 248832K, 0% used [0x00000007cf380000,0x00000007cf380000,0x00000007de680000)
 ParOldGen       total 728576K, used 481965K [0x00000006e0000000, 0x000000070c780000, 0x00000007a0000000)
  object space 728576K, 66% used [0x00000006e0000000,0x00000006fd6ab440,0x000000070c780000)
 Metaspace       used 90949K, committed 91776K, reserved 983040K
  class space    used 12398K, committed 12800K, reserved 851968K
}
Event: 11,243 GC heap before
{Heap before GC invocations=26 (full 5):
 PSYoungGen      total 595968K, used 583295K [0x00000007a0000000, 0x00000007de680000, 0x0000000800000000)
  eden space 434688K, 100% used [0x00000007a0000000,0x00000007ba880000,0x00000007ba880000)
  from space 161280K, 92% used [0x00000007ba880000,0x00000007c399ff10,0x00000007c4600000)
  to   space 248832K, 0% used [0x00000007cf380000,0x00000007cf380000,0x00000007de680000)
 ParOldGen       total 728576K, used 481965K [0x00000006e0000000, 0x000000070c780000, 0x00000007a0000000)
  object space 728576K, 66% used [0x00000006e0000000,0x00000006fd6ab440,0x000000070c780000)
 Metaspace       used 97608K, committed 98368K, reserved 983040K
  class space    used 13355K, committed 13760K, reserved 851968K
}
Event: 11,366 GC heap after
{Heap after GC invocations=26 (full 5):
 PSYoungGen      total 749056K, used 113363K [0x00000007a0000000, 0x00000007dd600000, 0x0000000800000000)
  eden space 517120K, 0% used [0x00000007a0000000,0x00000007a0000000,0x00000007bf900000)
  from space 231936K, 48% used [0x00000007cf380000,0x00000007d6234c38,0x00000007dd600000)
  to   space 244224K, 0% used [0x00000007bf900000,0x00000007bf900000,0x00000007ce780000)
 ParOldGen       total 728576K, used 630968K [0x00000006e0000000, 0x000000070c780000, 0x00000007a0000000)
  object space 728576K, 86% used [0x00000006e0000000,0x000000070682e080,0x000000070c780000)
 Metaspace       used 97608K, committed 98368K, reserved 983040K
  class space    used 13355K, committed 13760K, reserved 851968K
}
Event: 11,366 GC heap before
{Heap before GC invocations=27 (full 6):
 PSYoungGen      total 749056K, used 113363K [0x00000007a0000000, 0x00000007dd600000, 0x0000000800000000)
  eden space 517120K, 0% used [0x00000007a0000000,0x00000007a0000000,0x00000007bf900000)
  from space 231936K, 48% used [0x00000007cf380000,0x00000007d6234c38,0x00000007dd600000)
  to   space 244224K, 0% used [0x00000007bf900000,0x00000007bf900000,0x00000007ce780000)
 ParOldGen       total 728576K, used 630968K [0x00000006e0000000, 0x000000070c780000, 0x00000007a0000000)
  object space 728576K, 86% used [0x00000006e0000000,0x000000070682e080,0x000000070c780000)
 Metaspace       used 97608K, committed 98368K, reserved 983040K
  class space    used 13355K, committed 13760K, reserved 851968K
}

