# JRE version: OpenJDK Runtime Environment (17.0.9) (build 17.0.9+0-17.0.9b1087.7-11185874)
# Java VM: OpenJDK 64-Bit Server VM (17.0.9+0-17.0.9b1087.7-11185874, mixed mode, tiered, compressed oops, compressed class ptrs, g1 gc, linux-amd64)
GC Precious Log:
 CPUs: 16 total, 12 available
 Memory: 13817M
 Large Page Support: Disabled
 NUMA Support: Disabled
 Compressed Oops: Enabled (Zero based)
 Heap Region Size: 4M
 Heap Min Capacity: 8M
 Heap Initial Capacity: 216M
 Heap Max Capacity: 4608M
 Pre-touch: Disabled
 Parallel Workers: 10
 Concurrent Workers: 3
 Concurrent Refinement Workers: 10
 Periodic GC: Disabled
Heap:
 garbage-first heap   total 98304K, used 60780K [0x00000006e0000000, 0x0000000800000000)
  region size 4096K, 6 young (24576K), 1 survivors (4096K)
 Metaspace       used 35626K, committed 35968K, reserved 1114112K
  class space    used 4963K, committed 5120K, reserved 1048576K
GC Heap History (15 events):
Event: 0,307 GC heap before
{Heap before GC invocations=0 (full 0):
 garbage-first heap   total 221184K, used 20480K [0x00000006e0000000, 0x0000000800000000)
  region size 4096K, 5 young (20480K), 0 survivors (0K)
 Metaspace       used 9802K, committed 9920K, reserved 1114112K
  class space    used 976K, committed 1024K, reserved 1048576K
}
Event: 0,310 GC heap after
{Heap after GC invocations=1 (full 0):
 garbage-first heap   total 221184K, used 9957K [0x00000006e0000000, 0x0000000800000000)
  region size 4096K, 1 young (4096K), 1 survivors (4096K)
 Metaspace       used 9802K, committed 9920K, reserved 1114112K
  class space    used 976K, committed 1024K, reserved 1048576K
}
Event: 0,468 GC heap before
{Heap before GC invocations=1 (full 0):
 garbage-first heap   total 221184K, used 26341K [0x00000006e0000000, 0x0000000800000000)
  region size 4096K, 5 young (20480K), 1 survivors (4096K)
 Metaspace       used 11420K, committed 11584K, reserved 1114112K
  class space    used 1205K, committed 1280K, reserved 1048576K
}
Event: 0,470 GC heap after
{Heap after GC invocations=2 (full 0):
 garbage-first heap   total 221184K, used 11033K [0x00000006e0000000, 0x0000000800000000)
  region size 4096K, 1 young (4096K), 1 survivors (4096K)
 Metaspace       used 11420K, committed 11584K, reserved 1114112K
  class space    used 1205K, committed 1280K, reserved 1048576K
}
Event: 1,016 GC heap before
{Heap before GC invocations=2 (full 0):
 garbage-first heap   total 221184K, used 56089K [0x00000006e0000000, 0x0000000800000000)
  region size 4096K, 13 young (53248K), 1 survivors (4096K)
 Metaspace       used 21316K, committed 21504K, reserved 1114112K
  class space    used 2536K, committed 2624K, reserved 1048576K
}
Event: 1,019 GC heap after
{Heap after GC invocations=3 (full 0):
 garbage-first heap   total 221184K, used 18064K [0x00000006e0000000, 0x0000000800000000)
  region size 4096K, 2 young (8192K), 2 survivors (8192K)
 Metaspace       used 21316K, committed 21504K, reserved 1114112K
  class space    used 2536K, committed 2624K, reserved 1048576K
}
Event: 1,383 GC heap before
{Heap before GC invocations=4 (full 0):
 garbage-first heap   total 81920K, used 54928K [0x00000006e0000000, 0x0000000800000000)
  region size 4096K, 12 young (49152K), 2 survivors (8192K)
 Metaspace       used 27026K, committed 27392K, reserved 1114112K
  class space    used 3547K, committed 3712K, reserved 1048576K
}
Event: 1,386 GC heap after
{Heap after GC invocations=5 (full 0):
 garbage-first heap   total 81920K, used 20160K [0x00000006e0000000, 0x0000000800000000)
  region size 4096K, 1 young (4096K), 1 survivors (4096K)
 Metaspace       used 27026K, committed 27392K, reserved 1114112K
  class space    used 3547K, committed 3712K, reserved 1048576K
}
Event: 1,433 GC heap before
{Heap before GC invocations=5 (full 0):
 garbage-first heap   total 81920K, used 24256K [0x00000006e0000000, 0x0000000800000000)
  region size 4096K, 2 young (8192K), 1 survivors (4096K)
 Metaspace       used 27609K, committed 27904K, reserved 1114112K
  class space    used 3639K, committed 3776K, reserved 1048576K
}
Event: 1,436 GC heap after
{Heap after GC invocations=6 (full 0):
 garbage-first heap   total 81920K, used 20795K [0x00000006e0000000, 0x0000000800000000)
  region size 4096K, 1 young (4096K), 1 survivors (4096K)
 Metaspace       used 27609K, committed 27904K, reserved 1114112K
  class space    used 3639K, committed 3776K, reserved 1048576K
}
Event: 1,678 GC heap before
{Heap before GC invocations=6 (full 0):
 garbage-first heap   total 81920K, used 53563K [0x00000006e0000000, 0x0000000800000000)
  region size 4096K, 8 young (32768K), 1 survivors (4096K)
 Metaspace       used 30891K, committed 31232K, reserved 1114112K
  class space    used 4200K, committed 4352K, reserved 1048576K
}
Event: 1,680 GC heap after
{Heap after GC invocations=7 (full 0):
 garbage-first heap   total 81920K, used 34065K [0x00000006e0000000, 0x0000000800000000)
  region size 4096K, 1 young (4096K), 1 survivors (4096K)
 Metaspace       used 30891K, committed 31232K, reserved 1114112K
  class space    used 4200K, committed 4352K, reserved 1048576K
}
Event: 1,841 GC heap before
{Heap before GC invocations=7 (full 0):
 garbage-first heap   total 81920K, used 58641K [0x00000006e0000000, 0x0000000800000000)
  region size 4096K, 6 young (24576K), 1 survivors (4096K)
 Metaspace       used 33203K, committed 33536K, reserved 1114112K
  class space    used 4573K, committed 4736K, reserved 1048576K
}
Event: 1,844 GC heap after
{Heap after GC invocations=8 (full 0):
 garbage-first heap   total 98304K, used 41367K [0x00000006e0000000, 0x0000000800000000)
  region size 4096K, 1 young (4096K), 1 survivors (4096K)
 Metaspace       used 33203K, committed 33536K, reserved 1114112K
  class space    used 4573K, committed 4736K, reserved 1048576K
}
Event: 2,010 GC heap before
{Heap before GC invocations=8 (full 0):
 garbage-first heap   total 98304K, used 57751K [0x00000006e0000000, 0x0000000800000000)
  region size 4096K, 6 young (24576K), 1 survivors (4096K)
 Metaspace       used 35626K, committed 35968K, reserved 1114112K
  class space    used 4963K, committed 5120K, reserved 1048576K
}

