# JRE version: OpenJDK Runtime Environment (17.0.9) (build 17.0.9+0-17.0.9b1087.7-11185874)
# Java VM: OpenJDK 64-Bit Server VM (17.0.9+0-17.0.9b1087.7-11185874, mixed mode, tiered, compressed oops, compressed class ptrs, parallel gc, linux-amd64)
GC Precious Log:
 CPUs: 16 total, 12 available
 Memory: 13817M
 Large Page Support: Disabled
 NUMA Support: Disabled
 Compressed Oops: Enabled (Zero based)
 Alignments: Space 512K, Generation 512K, Heap 2M
 Heap Min Capacity: 8M
 Heap Initial Capacity: 216M
 Heap Max Capacity: 4608M
 Pre-touch: Disabled
 Parallel Workers: 10
Heap:
 PSYoungGen      total 649216K, used 172855K [0x00000007a0000000, 0x00000007d8880000, 0x0000000800000000)
  eden space 462848K, 0% used [0x00000007a0000000,0x00000007a0000000,0x00000007bc400000)
  from space 186368K, 92% used [0x00000007bc400000,0x00000007c6ccdd00,0x00000007c7a00000)
  to   space 210432K, 0% used [0x00000007cbb00000,0x00000007cbb00000,0x00000007d8880000)
 ParOldGen       total 957952K, used 849745K [0x00000006e0000000, 0x000000071a780000, 0x00000007a0000000)
  object space 957952K, 88% used [0x00000006e0000000,0x0000000713dd46a8,0x000000071a780000)
 Metaspace       used 169125K, committed 170688K, reserved 1048576K
  class space    used 22605K, committed 23424K, reserved 851968K
GC Heap History (20 events):
Event: 897,750 GC heap after
{Heap after GC invocations=41 (full 7):
 PSYoungGen      total 426496K, used 0K [0x00000007a0000000, 0x00000007c3b00000, 0x0000000800000000)
  eden space 313856K, 0% used [0x00000007a0000000,0x00000007a0000000,0x00000007b3280000)
  from space 112640K, 0% used [0x00000007b3280000,0x00000007b3280000,0x00000007ba080000)
  to   space 112640K, 0% used [0x00000007bcd00000,0x00000007bcd00000,0x00000007c3b00000)
 ParOldGen       total 656896K, used 433590K [0x00000006e0000000, 0x0000000708180000, 0x00000007a0000000)
  object space 656896K, 66% used [0x00000006e0000000,0x00000006fa76d9c0,0x0000000708180000)
 Metaspace       used 159732K, committed 161280K, reserved 1048576K
  class space    used 21415K, committed 22208K, reserved 851968K
}
Event: 898,177 GC heap before
{Heap before GC invocations=42 (full 7):
 PSYoungGen      total 426496K, used 313856K [0x00000007a0000000, 0x00000007c3b00000, 0x0000000800000000)
  eden space 313856K, 100% used [0x00000007a0000000,0x00000007b3280000,0x00000007b3280000)
  from space 112640K, 0% used [0x00000007b3280000,0x00000007b3280000,0x00000007ba080000)
  to   space 112640K, 0% used [0x00000007bcd00000,0x00000007bcd00000,0x00000007c3b00000)
 ParOldGen       total 656896K, used 433590K [0x00000006e0000000, 0x0000000708180000, 0x00000007a0000000)
  object space 656896K, 66% used [0x00000006e0000000,0x00000006fa76d9c0,0x0000000708180000)
 Metaspace       used 164390K, committed 165952K, reserved 1048576K
  class space    used 22054K, committed 22848K, reserved 851968K
}
Event: 898,211 GC heap after
{Heap after GC invocations=42 (full 7):
 PSYoungGen      total 453632K, used 47151K [0x00000007a0000000, 0x00000007c2b80000, 0x0000000800000000)
  eden space 356864K, 0% used [0x00000007a0000000,0x00000007a0000000,0x00000007b5c80000)
  from space 96768K, 48% used [0x00000007bcd00000,0x00000007bfb0bd30,0x00000007c2b80000)
  to   space 105984K, 0% used [0x00000007b5c80000,0x00000007b5c80000,0x00000007bc400000)
 ParOldGen       total 656896K, used 433598K [0x00000006e0000000, 0x0000000708180000, 0x00000007a0000000)
  object space 656896K, 66% used [0x00000006e0000000,0x00000006fa76f9c0,0x0000000708180000)
 Metaspace       used 164390K, committed 165952K, reserved 1048576K
  class space    used 22054K, committed 22848K, reserved 851968K
}
Event: 898,894 GC heap before
{Heap before GC invocations=43 (full 7):
 PSYoungGen      total 453632K, used 404015K [0x00000007a0000000, 0x00000007c2b80000, 0x0000000800000000)
  eden space 356864K, 100% used [0x00000007a0000000,0x00000007b5c80000,0x00000007b5c80000)
  from space 96768K, 48% used [0x00000007bcd00000,0x00000007bfb0bd30,0x00000007c2b80000)
  to   space 105984K, 0% used [0x00000007b5c80000,0x00000007b5c80000,0x00000007bc400000)
 ParOldGen       total 656896K, used 433598K [0x00000006e0000000, 0x0000000708180000, 0x00000007a0000000)
  object space 656896K, 66% used [0x00000006e0000000,0x00000006fa76f9c0,0x0000000708180000)
 Metaspace       used 166118K, committed 167680K, reserved 1048576K
  class space    used 22243K, committed 23040K, reserved 851968K
}
Event: 899,007 GC heap after
{Heap after GC invocations=43 (full 7):
 PSYoungGen      total 462848K, used 105983K [0x00000007a0000000, 0x00000007cb180000, 0x0000000800000000)
  eden space 356864K, 0% used [0x00000007a0000000,0x00000007a0000000,0x00000007b5c80000)
  from space 105984K, 99% used [0x00000007b5c80000,0x00000007bc3ffe48,0x00000007bc400000)
  to   space 148480K, 0% used [0x00000007c2080000,0x00000007c2080000,0x00000007cb180000)
 ParOldGen       total 656896K, used 505338K [0x00000006e0000000, 0x0000000708180000, 0x00000007a0000000)
  object space 656896K, 76% used [0x00000006e0000000,0x00000006fed7ea50,0x0000000708180000)
 Metaspace       used 166118K, committed 167680K, reserved 1048576K
  class space    used 22243K, committed 23040K, reserved 851968K
}
Event: 899,381 GC heap before
{Heap before GC invocations=44 (full 7):
 PSYoungGen      total 462848K, used 462847K [0x00000007a0000000, 0x00000007cb180000, 0x0000000800000000)
  eden space 356864K, 100% used [0x00000007a0000000,0x00000007b5c80000,0x00000007b5c80000)
  from space 105984K, 99% used [0x00000007b5c80000,0x00000007bc3ffe48,0x00000007bc400000)
  to   space 148480K, 0% used [0x00000007c2080000,0x00000007c2080000,0x00000007cb180000)
 ParOldGen       total 656896K, used 505338K [0x00000006e0000000, 0x0000000708180000, 0x00000007a0000000)
  object space 656896K, 76% used [0x00000006e0000000,0x00000006fed7ea50,0x0000000708180000)
 Metaspace       used 166439K, committed 167936K, reserved 1048576K
  class space    used 22266K, committed 23040K, reserved 851968K
}
Event: 899,506 GC heap after
{Heap after GC invocations=44 (full 7):
 PSYoungGen      total 543232K, used 123233K [0x00000007a0000000, 0x00000007cd400000, 0x0000000800000000)
  eden space 394752K, 0% used [0x00000007a0000000,0x00000007a0000000,0x00000007b8180000)
  from space 148480K, 82% used [0x00000007c2080000,0x00000007c98d8610,0x00000007cb180000)
  to   space 162816K, 0% used [0x00000007b8180000,0x00000007b8180000,0x00000007c2080000)
 ParOldGen       total 656896K, used 610694K [0x00000006e0000000, 0x0000000708180000, 0x00000007a0000000)
  object space 656896K, 92% used [0x00000006e0000000,0x00000007054619d8,0x0000000708180000)
 Metaspace       used 166439K, committed 167936K, reserved 1048576K
  class space    used 22266K, committed 23040K, reserved 851968K
}
Event: 899,506 GC heap before
{Heap before GC invocations=45 (full 8):
 PSYoungGen      total 543232K, used 123233K [0x00000007a0000000, 0x00000007cd400000, 0x0000000800000000)
  eden space 394752K, 0% used [0x00000007a0000000,0x00000007a0000000,0x00000007b8180000)
  from space 148480K, 82% used [0x00000007c2080000,0x00000007c98d8610,0x00000007cb180000)
  to   space 162816K, 0% used [0x00000007b8180000,0x00000007b8180000,0x00000007c2080000)
 ParOldGen       total 656896K, used 610694K [0x00000006e0000000, 0x0000000708180000, 0x00000007a0000000)
  object space 656896K, 92% used [0x00000006e0000000,0x00000007054619d8,0x0000000708180000)
 Metaspace       used 166439K, committed 167936K, reserved 1048576K
  class space    used 22266K, committed 23040K, reserved 851968K
}
Event: 900,084 GC heap after
{Heap after GC invocations=45 (full 8):
 PSYoungGen      total 543232K, used 33906K [0x00000007a0000000, 0x00000007cf400000, 0x0000000800000000)
  eden space 394752K, 0% used [0x00000007a0000000,0x00000007a0000000,0x00000007b8180000)
  from space 148480K, 22% used [0x00000007c2080000,0x00000007c419c960,0x00000007cb180000)
  to   space 162816K, 0% used [0x00000007b8180000,0x00000007b8180000,0x00000007c2080000)
 ParOldGen       total 957952K, used 656415K [0x00000006e0000000, 0x000000071a780000, 0x00000007a0000000)
  object space 957952K, 68% used [0x00000006e0000000,0x0000000708107e90,0x000000071a780000)
 Metaspace       used 166439K, committed 167936K, reserved 1048576K
  class space    used 22266K, committed 23040K, reserved 851968K
}
Event: 900,921 GC heap before
{Heap before GC invocations=46 (full 8):
 PSYoungGen      total 543232K, used 428658K [0x00000007a0000000, 0x00000007cf400000, 0x0000000800000000)
  eden space 394752K, 100% used [0x00000007a0000000,0x00000007b8180000,0x00000007b8180000)
  from space 148480K, 22% used [0x00000007c2080000,0x00000007c419c960,0x00000007cb180000)
  to   space 162816K, 0% used [0x00000007b8180000,0x00000007b8180000,0x00000007c2080000)
 ParOldGen       total 957952K, used 656415K [0x00000006e0000000, 0x000000071a780000, 0x00000007a0000000)
  object space 957952K, 68% used [0x00000006e0000000,0x0000000708107e90,0x000000071a780000)
 Metaspace       used 167945K, committed 169536K, reserved 1048576K
  class space    used 22465K, committed 23296K, reserved 851968K
}
Event: 901,011 GC heap after
{Heap after GC invocations=46 (full 8):
 PSYoungGen      total 557568K, used 128542K [0x00000007a0000000, 0x00000007d0a80000, 0x0000000800000000)
  eden space 394752K, 0% used [0x00000007a0000000,0x00000007a0000000,0x00000007b8180000)
  from space 162816K, 78% used [0x00000007b8180000,0x00000007bff07820,0x00000007c2080000)
  to   space 176128K, 0% used [0x00000007c5e80000,0x00000007c5e80000,0x00000007d0a80000)
 ParOldGen       total 957952K, used 690570K [0x00000006e0000000, 0x000000071a780000, 0x00000007a0000000)
  object space 957952K, 72% used [0x00000006e0000000,0x000000070a262898,0x000000071a780000)
 Metaspace       used 167945K, committed 169536K, reserved 1048576K
  class space    used 22465K, committed 23296K, reserved 851968K
}
Event: 903,216 GC heap before
{Heap before GC invocations=47 (full 8):
 PSYoungGen      total 557568K, used 523294K [0x00000007a0000000, 0x00000007d0a80000, 0x0000000800000000)
  eden space 394752K, 100% used [0x00000007a0000000,0x00000007b8180000,0x00000007b8180000)
  from space 162816K, 78% used [0x00000007b8180000,0x00000007bff07820,0x00000007c2080000)
  to   space 176128K, 0% used [0x00000007c5e80000,0x00000007c5e80000,0x00000007d0a80000)
 ParOldGen       total 957952K, used 690570K [0x00000006e0000000, 0x000000071a780000, 0x00000007a0000000)
  object space 957952K, 72% used [0x00000006e0000000,0x000000070a262898,0x000000071a780000)
 Metaspace       used 168862K, committed 170432K, reserved 1048576K
  class space    used 22591K, committed 23424K, reserved 851968K
}
Event: 903,289 GC heap after
{Heap after GC invocations=47 (full 8):
 PSYoungGen      total 602624K, used 37808K [0x00000007a0000000, 0x00000007cfd80000, 0x0000000800000000)
  eden space 439808K, 0% used [0x00000007a0000000,0x00000007a0000000,0x00000007bad80000)
  from space 162816K, 23% used [0x00000007c5e80000,0x00000007c836c388,0x00000007cfd80000)
  to   space 172032K, 0% used [0x00000007bad80000,0x00000007bad80000,0x00000007c5580000)
 ParOldGen       total 957952K, used 815037K [0x00000006e0000000, 0x000000071a780000, 0x00000007a0000000)
  object space 957952K, 85% used [0x00000006e0000000,0x0000000711bef500,0x000000071a780000)
 Metaspace       used 168862K, committed 170432K, reserved 1048576K
  class space    used 22591K, committed 23424K, reserved 851968K
}
Event: 905,483 GC heap before
{Heap before GC invocations=48 (full 8):
 PSYoungGen      total 602624K, used 477616K [0x00000007a0000000, 0x00000007cfd80000, 0x0000000800000000)
  eden space 439808K, 100% used [0x00000007a0000000,0x00000007bad80000,0x00000007bad80000)
  from space 162816K, 23% used [0x00000007c5e80000,0x00000007c836c388,0x00000007cfd80000)
  to   space 172032K, 0% used [0x00000007bad80000,0x00000007bad80000,0x00000007c5580000)
 ParOldGen       total 957952K, used 815037K [0x00000006e0000000, 0x000000071a780000, 0x00000007a0000000)
  object space 957952K, 85% used [0x00000006e0000000,0x0000000711bef500,0x000000071a780000)
 Metaspace       used 169035K, committed 170624K, reserved 1048576K
  class space    used 22603K, committed 23424K, reserved 851968K
}
Event: 905,515 GC heap after
{Heap after GC invocations=48 (full 8):
 PSYoungGen      total 611840K, used 80783K [0x00000007a0000000, 0x00000007d1c00000, 0x0000000800000000)
  eden space 439808K, 0% used [0x00000007a0000000,0x00000007a0000000,0x00000007bad80000)
  from space 172032K, 46% used [0x00000007bad80000,0x00000007bfc63d90,0x00000007c5580000)
  to   space 165888K, 0% used [0x00000007c7a00000,0x00000007c7a00000,0x00000007d1c00000)
 ParOldGen       total 957952K, used 815037K [0x00000006e0000000, 0x000000071a780000, 0x00000007a0000000)
  object space 957952K, 85% used [0x00000006e0000000,0x0000000711bef500,0x000000071a780000)
 Metaspace       used 169035K, committed 170624K, reserved 1048576K
  class space    used 22603K, committed 23424K, reserved 851968K
}
Event: 906,837 GC heap before
{Heap before GC invocations=49 (full 8):
 PSYoungGen      total 611840K, used 520591K [0x00000007a0000000, 0x00000007d1c00000, 0x0000000800000000)
  eden space 439808K, 100% used [0x00000007a0000000,0x00000007bad80000,0x00000007bad80000)
  from space 172032K, 46% used [0x00000007bad80000,0x00000007bfc63d90,0x00000007c5580000)
  to   space 165888K, 0% used [0x00000007c7a00000,0x00000007c7a00000,0x00000007d1c00000)
 ParOldGen       total 957952K, used 815037K [0x00000006e0000000, 0x000000071a780000, 0x00000007a0000000)
  object space 957952K, 85% used [0x00000006e0000000,0x0000000711bef500,0x000000071a780000)
 Metaspace       used 169116K, committed 170688K, reserved 1048576K
  class space    used 22605K, committed 23424K, reserved 851968K
}
Event: 906,901 GC heap after
{Heap after GC invocations=49 (full 8):
 PSYoungGen      total 628736K, used 151439K [0x00000007a0000000, 0x00000007d3c80000, 0x0000000800000000)
  eden space 462848K, 0% used [0x00000007a0000000,0x00000007a0000000,0x00000007bc400000)
  from space 165888K, 91% used [0x00000007c7a00000,0x00000007d0de3e48,0x00000007d1c00000)
  to   space 186368K, 0% used [0x00000007bc400000,0x00000007bc400000,0x00000007c7a00000)
 ParOldGen       total 957952K, used 815045K [0x00000006e0000000, 0x000000071a780000, 0x00000007a0000000)
  object space 957952K, 85% used [0x00000006e0000000,0x0000000711bf1500,0x000000071a780000)
 Metaspace       used 169116K, committed 170688K, reserved 1048576K
  class space    used 22605K, committed 23424K, reserved 851968K
}
Event: 907,425 GC heap before
{Heap before GC invocations=50 (full 8):
 PSYoungGen      total 628736K, used 614287K [0x00000007a0000000, 0x00000007d3c80000, 0x0000000800000000)
  eden space 462848K, 100% used [0x00000007a0000000,0x00000007bc400000,0x00000007bc400000)
  from space 165888K, 91% used [0x00000007c7a00000,0x00000007d0de3e48,0x00000007d1c00000)
  to   space 186368K, 0% used [0x00000007bc400000,0x00000007bc400000,0x00000007c7a00000)
 ParOldGen       total 957952K, used 815045K [0x00000006e0000000, 0x000000071a780000, 0x00000007a0000000)
  object space 957952K, 85% used [0x00000006e0000000,0x0000000711bf1500,0x000000071a780000)
 Metaspace       used 169125K, committed 170688K, reserved 1048576K
  class space    used 22605K, committed 23424K, reserved 851968K
}
Event: 907,502 GC heap after
{Heap after GC invocations=50 (full 8):
 PSYoungGen      total 649216K, used 172855K [0x00000007a0000000, 0x00000007d8880000, 0x0000000800000000)
  eden space 462848K, 0% used [0x00000007a0000000,0x00000007a0000000,0x00000007bc400000)
  from space 186368K, 92% used [0x00000007bc400000,0x00000007c6ccdd00,0x00000007c7a00000)
  to   space 210432K, 0% used [0x00000007cbb00000,0x00000007cbb00000,0x00000007d8880000)
 ParOldGen       total 957952K, used 849745K [0x00000006e0000000, 0x000000071a780000, 0x00000007a0000000)
  object space 957952K, 88% used [0x00000006e0000000,0x0000000713dd46a8,0x000000071a780000)
 Metaspace       used 169125K, committed 170688K, reserved 1048576K
  class space    used 22605K, committed 23424K, reserved 851968K
}
Event: 907,502 GC heap before
{Heap before GC invocations=51 (full 9):
 PSYoungGen      total 649216K, used 172855K [0x00000007a0000000, 0x00000007d8880000, 0x0000000800000000)
  eden space 462848K, 0% used [0x00000007a0000000,0x00000007a0000000,0x00000007bc400000)
  from space 186368K, 92% used [0x00000007bc400000,0x00000007c6ccdd00,0x00000007c7a00000)
  to   space 210432K, 0% used [0x00000007cbb00000,0x00000007cbb00000,0x00000007d8880000)
 ParOldGen       total 957952K, used 849745K [0x00000006e0000000, 0x000000071a780000, 0x00000007a0000000)
  object space 957952K, 88% used [0x00000006e0000000,0x0000000713dd46a8,0x000000071a780000)
 Metaspace       used 169125K, committed 170688K, reserved 1048576K
  class space    used 22605K, committed 23424K, reserved 851968K
}

