# JRE version: OpenJDK Runtime Environment (17.0.9) (build 17.0.9+0-17.0.9b1087.7-11185874)
# Java VM: OpenJDK 64-Bit Server VM (17.0.9+0-17.0.9b1087.7-11185874, mixed mode, tiered, compressed oops, compressed class ptrs, g1 gc, linux-amd64)
GC Precious Log:
 CPUs: 16 total, 12 available
 Memory: 13817M
 Large Page Support: Disabled
 NUMA Support: Disabled
 Compressed Oops: Enabled (Zero based)
 Heap Region Size: 4M
 Heap Min Capacity: 8M
 Heap Initial Capacity: 216M
 Heap Max Capacity: 4608M
 Pre-touch: Disabled
 Parallel Workers: 10
 Concurrent Workers: 3
 Concurrent Refinement Workers: 10
 Periodic GC: Disabled
Heap:
 garbage-first heap   total 188416K, used 100341K [0x00000006e0000000, 0x0000000800000000)
  region size 4096K, 3 young (12288K), 2 survivors (8192K)
 Metaspace       used 101890K, committed 102592K, reserved 1179648K
  class space    used 13998K, committed 14336K, reserved 1048576K
GC Heap History (20 events):
Event: 41,870 GC heap before
{Heap before GC invocations=32 (full 0):
 garbage-first heap   total 122880K, used 89737K [0x00000006e0000000, 0x0000000800000000)
  region size 4096K, 8 young (32768K), 1 survivors (4096K)
 Metaspace       used 74787K, committed 75456K, reserved 1114112K
  class space    used 10111K, committed 10432K, reserved 1048576K
}
Event: 41,873 GC heap after
{Heap after GC invocations=33 (full 0):
 garbage-first heap   total 122880K, used 71288K [0x00000006e0000000, 0x0000000800000000)
  region size 4096K, 1 young (4096K), 1 survivors (4096K)
 Metaspace       used 74787K, committed 75456K, reserved 1114112K
  class space    used 10111K, committed 10432K, reserved 1048576K
}
Event: 42,021 GC heap before
{Heap before GC invocations=34 (full 0):
 garbage-first heap   total 139264K, used 91768K [0x00000006e0000000, 0x0000000800000000)
  region size 4096K, 7 young (28672K), 1 survivors (4096K)
 Metaspace       used 76288K, committed 76928K, reserved 1179648K
  class space    used 10321K, committed 10624K, reserved 1048576K
}
Event: 42,023 GC heap after
{Heap after GC invocations=35 (full 0):
 garbage-first heap   total 139264K, used 72934K [0x00000006e0000000, 0x0000000800000000)
  region size 4096K, 1 young (4096K), 1 survivors (4096K)
 Metaspace       used 76288K, committed 76928K, reserved 1179648K
  class space    used 10321K, committed 10624K, reserved 1048576K
}
Event: 42,180 GC heap before
{Heap before GC invocations=35 (full 0):
 garbage-first heap   total 139264K, used 101606K [0x00000006e0000000, 0x0000000800000000)
  region size 4096K, 8 young (32768K), 1 survivors (4096K)
 Metaspace       used 78286K, committed 78912K, reserved 1179648K
  class space    used 10579K, committed 10880K, reserved 1048576K
}
Event: 42,182 GC heap after
{Heap after GC invocations=36 (full 0):
 garbage-first heap   total 188416K, used 74527K [0x00000006e0000000, 0x0000000800000000)
  region size 4096K, 1 young (4096K), 1 survivors (4096K)
 Metaspace       used 78286K, committed 78912K, reserved 1179648K
  class space    used 10579K, committed 10880K, reserved 1048576K
}
Event: 42,364 GC heap before
{Heap before GC invocations=37 (full 0):
 garbage-first heap   total 188416K, used 90911K [0x00000006e0000000, 0x0000000800000000)
  region size 4096K, 6 young (24576K), 1 survivors (4096K)
 Metaspace       used 80675K, committed 81280K, reserved 1179648K
  class space    used 10904K, committed 11200K, reserved 1048576K
}
Event: 42,366 GC heap after
{Heap after GC invocations=38 (full 0):
 garbage-first heap   total 188416K, used 76077K [0x00000006e0000000, 0x0000000800000000)
  region size 4096K, 1 young (4096K), 1 survivors (4096K)
 Metaspace       used 80675K, committed 81280K, reserved 1179648K
  class space    used 10904K, committed 11200K, reserved 1048576K
}
Event: 42,811 GC heap before
{Heap before GC invocations=39 (full 0):
 garbage-first heap   total 188416K, used 145709K [0x00000006e0000000, 0x0000000800000000)
  region size 4096K, 17 young (69632K), 1 survivors (4096K)
 Metaspace       used 86646K, committed 87360K, reserved 1179648K
  class space    used 11760K, committed 12096K, reserved 1048576K
}
Event: 42,814 GC heap after
{Heap after GC invocations=40 (full 0):
 garbage-first heap   total 188416K, used 83447K [0x00000006e0000000, 0x0000000800000000)
  region size 4096K, 2 young (8192K), 2 survivors (8192K)
 Metaspace       used 86646K, committed 87360K, reserved 1179648K
  class space    used 11760K, committed 12096K, reserved 1048576K
}
Event: 43,098 GC heap before
{Heap before GC invocations=40 (full 0):
 garbage-first heap   total 188416K, used 140791K [0x00000006e0000000, 0x0000000800000000)
  region size 4096K, 17 young (69632K), 2 survivors (8192K)
 Metaspace       used 89268K, committed 89984K, reserved 1179648K
  class space    used 12046K, committed 12352K, reserved 1048576K
}
Event: 43,103 GC heap after
{Heap after GC invocations=41 (full 0):
 garbage-first heap   total 188416K, used 88135K [0x00000006e0000000, 0x0000000800000000)
  region size 4096K, 3 young (12288K), 3 survivors (12288K)
 Metaspace       used 89268K, committed 89984K, reserved 1179648K
  class space    used 12046K, committed 12352K, reserved 1048576K
}
Event: 43,367 GC heap before
{Heap before GC invocations=42 (full 0):
 garbage-first heap   total 188416K, used 145479K [0x00000006e0000000, 0x0000000800000000)
  region size 4096K, 17 young (69632K), 3 survivors (12288K)
 Metaspace       used 91152K, committed 91840K, reserved 1179648K
  class space    used 12280K, committed 12608K, reserved 1048576K
}
Event: 43,372 GC heap after
{Heap after GC invocations=43 (full 0):
 garbage-first heap   total 188416K, used 95184K [0x00000006e0000000, 0x0000000800000000)
  region size 4096K, 3 young (12288K), 3 survivors (12288K)
 Metaspace       used 91152K, committed 91840K, reserved 1179648K
  class space    used 12280K, committed 12608K, reserved 1048576K
}
Event: 43,654 GC heap before
{Heap before GC invocations=43 (full 0):
 garbage-first heap   total 188416K, used 148432K [0x00000006e0000000, 0x0000000800000000)
  region size 4096K, 16 young (65536K), 3 survivors (12288K)
 Metaspace       used 94582K, committed 95232K, reserved 1179648K
  class space    used 12751K, committed 13056K, reserved 1048576K
}
Event: 43,658 GC heap after
{Heap after GC invocations=44 (full 0):
 garbage-first heap   total 188416K, used 96972K [0x00000006e0000000, 0x0000000800000000)
  region size 4096K, 1 young (4096K), 1 survivors (4096K)
 Metaspace       used 94582K, committed 95232K, reserved 1179648K
  class space    used 12751K, committed 13056K, reserved 1048576K
}
Event: 43,999 GC heap before
{Heap before GC invocations=45 (full 0):
 garbage-first heap   total 188416K, used 150220K [0x00000006e0000000, 0x0000000800000000)
  region size 4096K, 14 young (57344K), 1 survivors (4096K)
 Metaspace       used 98423K, committed 99072K, reserved 1179648K
  class space    used 13478K, committed 13760K, reserved 1048576K
}
Event: 44,001 GC heap after
{Heap after GC invocations=46 (full 0):
 garbage-first heap   total 188416K, used 97982K [0x00000006e0000000, 0x0000000800000000)
  region size 4096K, 2 young (8192K), 2 survivors (8192K)
 Metaspace       used 98423K, committed 99072K, reserved 1179648K
  class space    used 13478K, committed 13760K, reserved 1048576K
}
Event: 44,307 GC heap before
{Heap before GC invocations=46 (full 0):
 garbage-first heap   total 188416K, used 147134K [0x00000006e0000000, 0x0000000800000000)
  region size 4096K, 14 young (57344K), 2 survivors (8192K)
 Metaspace       used 101760K, committed 102464K, reserved 1179648K
  class space    used 13987K, committed 14336K, reserved 1048576K
}
Event: 44,310 GC heap after
{Heap after GC invocations=47 (full 0):
 garbage-first heap   total 188416K, used 100341K [0x00000006e0000000, 0x0000000800000000)
  region size 4096K, 2 young (8192K), 2 survivors (8192K)
 Metaspace       used 101760K, committed 102464K, reserved 1179648K
  class space    used 13987K, committed 14336K, reserved 1048576K
}

