# JRE version: OpenJDK Runtime Environment (17.0.9) (build 17.0.9+0-17.0.9b1087.7-11185874)
# Java VM: OpenJDK 64-Bit Server VM (17.0.9+0-17.0.9b1087.7-11185874, mixed mode, tiered, compressed oops, compressed class ptrs, parallel gc, linux-amd64)
GC Precious Log:
 CPUs: 16 total, 12 available
 Memory: 13817M
 Large Page Support: Disabled
 NUMA Support: Disabled
 Compressed Oops: Enabled (Zero based)
 Alignments: Space 512K, Generation 512K, Heap 2M
 Heap Min Capacity: 8M
 Heap Initial Capacity: 216M
 Heap Max Capacity: 4608M
 Pre-touch: Disabled
 Parallel Workers: 10
Heap:
 PSYoungGen      total 101888K, used 3678K [0x00000007a0000000, 0x00000007aaa00000, 0x0000000800000000)
  eden space 97792K, 0% used [0x00000007a0000000,0x00000007a0000000,0x00000007a5f80000)
  from space 4096K, 89% used [0x00000007a7d80000,0x00000007a8117840,0x00000007a8180000)
  to   space 25088K, 0% used [0x00000007a9180000,0x00000007a9180000,0x00000007aaa00000)
 ParOldGen       total 147456K, used 107484K [0x00000006e0000000, 0x00000006e9000000, 0x00000007a0000000)
  object space 147456K, 72% used [0x00000006e0000000,0x00000006e68f7230,0x00000006e9000000)
 Metaspace       used 98835K, committed 99648K, reserved 983040K
  class space    used 13640K, committed 14016K, reserved 851968K
GC Heap History (20 events):
Event: 3,334 GC heap after
{Heap after GC invocations=9 (full 2):
 PSYoungGen      total 76800K, used 12561K [0x00000007a0000000, 0x00000007a9500000, 0x0000000800000000)
  eden space 55296K, 0% used [0x00000007a0000000,0x00000007a0000000,0x00000007a3600000)
  from space 21504K, 58% used [0x00000007a3600000,0x00000007a4244420,0x00000007a4b00000)
  to   space 20992K, 0% used [0x00000007a8080000,0x00000007a8080000,0x00000007a9500000)
 ParOldGen       total 147456K, used 35580K [0x00000006e0000000, 0x00000006e9000000, 0x00000007a0000000)
  object space 147456K, 24% used [0x00000006e0000000,0x00000006e22bf150,0x00000006e9000000)
 Metaspace       used 48442K, committed 48896K, reserved 917504K
  class space    used 6501K, committed 6720K, reserved 851968K
}
Event: 3,906 GC heap before
{Heap before GC invocations=10 (full 2):
 PSYoungGen      total 76800K, used 67857K [0x00000007a0000000, 0x00000007a9500000, 0x0000000800000000)
  eden space 55296K, 100% used [0x00000007a0000000,0x00000007a3600000,0x00000007a3600000)
  from space 21504K, 58% used [0x00000007a3600000,0x00000007a4244420,0x00000007a4b00000)
  to   space 20992K, 0% used [0x00000007a8080000,0x00000007a8080000,0x00000007a9500000)
 ParOldGen       total 147456K, used 35580K [0x00000006e0000000, 0x00000006e9000000, 0x00000007a0000000)
  object space 147456K, 24% used [0x00000006e0000000,0x00000006e22bf150,0x00000006e9000000)
 Metaspace       used 54650K, committed 55168K, reserved 917504K
  class space    used 7365K, committed 7616K, reserved 851968K
}
Event: 3,915 GC heap after
{Heap after GC invocations=10 (full 2):
 PSYoungGen      total 130560K, used 16323K [0x00000007a0000000, 0x00000007a9700000, 0x0000000800000000)
  eden space 109568K, 0% used [0x00000007a0000000,0x00000007a0000000,0x00000007a6b00000)
  from space 20992K, 77% used [0x00000007a8080000,0x00000007a9070f50,0x00000007a9500000)
  to   space 22016K, 0% used [0x00000007a6b00000,0x00000007a6b00000,0x00000007a8080000)
 ParOldGen       total 147456K, used 35588K [0x00000006e0000000, 0x00000006e9000000, 0x00000007a0000000)
  object space 147456K, 24% used [0x00000006e0000000,0x00000006e22c1150,0x00000006e9000000)
 Metaspace       used 54650K, committed 55168K, reserved 917504K
  class space    used 7365K, committed 7616K, reserved 851968K
}
Event: 4,799 GC heap before
{Heap before GC invocations=11 (full 2):
 PSYoungGen      total 130560K, used 74471K [0x00000007a0000000, 0x00000007a9700000, 0x0000000800000000)
  eden space 109568K, 53% used [0x00000007a0000000,0x00000007a38c8f50,0x00000007a6b00000)
  from space 20992K, 77% used [0x00000007a8080000,0x00000007a9070f50,0x00000007a9500000)
  to   space 22016K, 0% used [0x00000007a6b00000,0x00000007a6b00000,0x00000007a8080000)
 ParOldGen       total 147456K, used 35588K [0x00000006e0000000, 0x00000006e9000000, 0x00000007a0000000)
  object space 147456K, 24% used [0x00000006e0000000,0x00000006e22c1150,0x00000006e9000000)
 Metaspace       used 59151K, committed 59776K, reserved 917504K
  class space    used 8128K, committed 8448K, reserved 851968K
}
Event: 4,810 GC heap after
{Heap after GC invocations=11 (full 2):
 PSYoungGen      total 131584K, used 16804K [0x00000007a0000000, 0x00000007a9900000, 0x0000000800000000)
  eden space 109568K, 0% used [0x00000007a0000000,0x00000007a0000000,0x00000007a6b00000)
  from space 22016K, 76% used [0x00000007a6b00000,0x00000007a7b69160,0x00000007a8080000)
  to   space 23040K, 0% used [0x00000007a8280000,0x00000007a8280000,0x00000007a9900000)
 ParOldGen       total 147456K, used 40038K [0x00000006e0000000, 0x00000006e9000000, 0x00000007a0000000)
  object space 147456K, 27% used [0x00000006e0000000,0x00000006e27198f8,0x00000006e9000000)
 Metaspace       used 59151K, committed 59776K, reserved 917504K
  class space    used 8128K, committed 8448K, reserved 851968K
}
Event: 4,810 GC heap before
{Heap before GC invocations=12 (full 3):
 PSYoungGen      total 131584K, used 16804K [0x00000007a0000000, 0x00000007a9900000, 0x0000000800000000)
  eden space 109568K, 0% used [0x00000007a0000000,0x00000007a0000000,0x00000007a6b00000)
  from space 22016K, 76% used [0x00000007a6b00000,0x00000007a7b69160,0x00000007a8080000)
  to   space 23040K, 0% used [0x00000007a8280000,0x00000007a8280000,0x00000007a9900000)
 ParOldGen       total 147456K, used 40038K [0x00000006e0000000, 0x00000006e9000000, 0x00000007a0000000)
  object space 147456K, 27% used [0x00000006e0000000,0x00000006e27198f8,0x00000006e9000000)
 Metaspace       used 59151K, committed 59776K, reserved 917504K
  class space    used 8128K, committed 8448K, reserved 851968K
}
Event: 4,881 GC heap after
{Heap after GC invocations=12 (full 3):
 PSYoungGen      total 131584K, used 0K [0x00000007a0000000, 0x00000007a9900000, 0x0000000800000000)
  eden space 109568K, 0% used [0x00000007a0000000,0x00000007a0000000,0x00000007a6b00000)
  from space 22016K, 0% used [0x00000007a6b00000,0x00000007a6b00000,0x00000007a8080000)
  to   space 23040K, 0% used [0x00000007a8280000,0x00000007a8280000,0x00000007a9900000)
 ParOldGen       total 147456K, used 56204K [0x00000006e0000000, 0x00000006e9000000, 0x00000007a0000000)
  object space 147456K, 38% used [0x00000006e0000000,0x00000006e36e32a0,0x00000006e9000000)
 Metaspace       used 59151K, committed 59776K, reserved 917504K
  class space    used 8128K, committed 8448K, reserved 851968K
}
Event: 5,657 GC heap before
{Heap before GC invocations=13 (full 3):
 PSYoungGen      total 131584K, used 109568K [0x00000007a0000000, 0x00000007a9900000, 0x0000000800000000)
  eden space 109568K, 100% used [0x00000007a0000000,0x00000007a6b00000,0x00000007a6b00000)
  from space 22016K, 0% used [0x00000007a6b00000,0x00000007a6b00000,0x00000007a8080000)
  to   space 23040K, 0% used [0x00000007a8280000,0x00000007a8280000,0x00000007a9900000)
 ParOldGen       total 147456K, used 56204K [0x00000006e0000000, 0x00000006e9000000, 0x00000007a0000000)
  object space 147456K, 38% used [0x00000006e0000000,0x00000006e36e32a0,0x00000006e9000000)
 Metaspace       used 64422K, committed 65088K, reserved 917504K
  class space    used 8833K, committed 9152K, reserved 851968K
}
Event: 5,665 GC heap after
{Heap after GC invocations=13 (full 3):
 PSYoungGen      total 130048K, used 23027K [0x00000007a0000000, 0x00000007adf80000, 0x0000000800000000)
  eden space 107008K, 0% used [0x00000007a0000000,0x00000007a0000000,0x00000007a6880000)
  from space 23040K, 99% used [0x00000007a8280000,0x00000007a98fcfd0,0x00000007a9900000)
  to   space 26624K, 0% used [0x00000007a6880000,0x00000007a6880000,0x00000007a8280000)
 ParOldGen       total 147456K, used 57735K [0x00000006e0000000, 0x00000006e9000000, 0x00000007a0000000)
  object space 147456K, 39% used [0x00000006e0000000,0x00000006e3861dd8,0x00000006e9000000)
 Metaspace       used 64422K, committed 65088K, reserved 917504K
  class space    used 8833K, committed 9152K, reserved 851968K
}
Event: 6,314 GC heap before
{Heap before GC invocations=14 (full 3):
 PSYoungGen      total 130048K, used 130035K [0x00000007a0000000, 0x00000007adf80000, 0x0000000800000000)
  eden space 107008K, 100% used [0x00000007a0000000,0x00000007a6880000,0x00000007a6880000)
  from space 23040K, 99% used [0x00000007a8280000,0x00000007a98fcfd0,0x00000007a9900000)
  to   space 26624K, 0% used [0x00000007a6880000,0x00000007a6880000,0x00000007a8280000)
 ParOldGen       total 147456K, used 57735K [0x00000006e0000000, 0x00000006e9000000, 0x00000007a0000000)
  object space 147456K, 39% used [0x00000006e0000000,0x00000006e3861dd8,0x00000006e9000000)
 Metaspace       used 74220K, committed 74816K, reserved 917504K
  class space    used 10031K, committed 10304K, reserved 851968K
}
Event: 6,321 GC heap after
{Heap after GC invocations=14 (full 3):
 PSYoungGen      total 133632K, used 6304K [0x00000007a0000000, 0x00000007adb80000, 0x0000000800000000)
  eden space 107008K, 0% used [0x00000007a0000000,0x00000007a0000000,0x00000007a6880000)
  from space 26624K, 23% used [0x00000007a6880000,0x00000007a6ea80e8,0x00000007a8280000)
  to   space 26624K, 0% used [0x00000007ac180000,0x00000007ac180000,0x00000007adb80000)
 ParOldGen       total 147456K, used 80682K [0x00000006e0000000, 0x00000006e9000000, 0x00000007a0000000)
  object space 147456K, 54% used [0x00000006e0000000,0x00000006e4ecaab0,0x00000006e9000000)
 Metaspace       used 74220K, committed 74816K, reserved 917504K
  class space    used 10031K, committed 10304K, reserved 851968K
}
Event: 7,003 GC heap before
{Heap before GC invocations=15 (full 3):
 PSYoungGen      total 133632K, used 113312K [0x00000007a0000000, 0x00000007adb80000, 0x0000000800000000)
  eden space 107008K, 100% used [0x00000007a0000000,0x00000007a6880000,0x00000007a6880000)
  from space 26624K, 23% used [0x00000007a6880000,0x00000007a6ea80e8,0x00000007a8280000)
  to   space 26624K, 0% used [0x00000007ac180000,0x00000007ac180000,0x00000007adb80000)
 ParOldGen       total 147456K, used 80682K [0x00000006e0000000, 0x00000006e9000000, 0x00000007a0000000)
  object space 147456K, 54% used [0x00000006e0000000,0x00000006e4ecaab0,0x00000006e9000000)
 Metaspace       used 83973K, committed 84736K, reserved 983040K
  class space    used 11368K, committed 11712K, reserved 851968K
}
Event: 7,007 GC heap after
{Heap after GC invocations=15 (full 3):
 PSYoungGen      total 113152K, used 8803K [0x00000007a0000000, 0x00000007aca80000, 0x0000000800000000)
  eden space 103936K, 0% used [0x00000007a0000000,0x00000007a0000000,0x00000007a6580000)
  from space 9216K, 95% used [0x00000007ac180000,0x00000007aca18da8,0x00000007aca80000)
  to   space 25600K, 0% used [0x00000007a9880000,0x00000007a9880000,0x00000007ab180000)
 ParOldGen       total 147456K, used 86859K [0x00000006e0000000, 0x00000006e9000000, 0x00000007a0000000)
  object space 147456K, 58% used [0x00000006e0000000,0x00000006e54d2e70,0x00000006e9000000)
 Metaspace       used 83973K, committed 84736K, reserved 983040K
  class space    used 11368K, committed 11712K, reserved 851968K
}
Event: 7,517 GC heap before
{Heap before GC invocations=16 (full 3):
 PSYoungGen      total 113152K, used 112739K [0x00000007a0000000, 0x00000007aca80000, 0x0000000800000000)
  eden space 103936K, 100% used [0x00000007a0000000,0x00000007a6580000,0x00000007a6580000)
  from space 9216K, 95% used [0x00000007ac180000,0x00000007aca18da8,0x00000007aca80000)
  to   space 25600K, 0% used [0x00000007a9880000,0x00000007a9880000,0x00000007ab180000)
 ParOldGen       total 147456K, used 86859K [0x00000006e0000000, 0x00000006e9000000, 0x00000007a0000000)
  object space 147456K, 58% used [0x00000006e0000000,0x00000006e54d2e70,0x00000006e9000000)
 Metaspace       used 88018K, committed 88768K, reserved 983040K
  class space    used 11942K, committed 12288K, reserved 851968K
}
Event: 7,523 GC heap after
{Heap after GC invocations=16 (full 3):
 PSYoungGen      total 108544K, used 7433K [0x00000007a0000000, 0x00000007ac200000, 0x0000000800000000)
  eden space 100864K, 0% used [0x00000007a0000000,0x00000007a0000000,0x00000007a6280000)
  from space 7680K, 96% used [0x00000007a9880000,0x00000007a9fc2580,0x00000007aa000000)
  to   space 25088K, 0% used [0x00000007aa980000,0x00000007aa980000,0x00000007ac200000)
 ParOldGen       total 147456K, used 95411K [0x00000006e0000000, 0x00000006e9000000, 0x00000007a0000000)
  object space 147456K, 64% used [0x00000006e0000000,0x00000006e5d2cd08,0x00000006e9000000)
 Metaspace       used 88018K, committed 88768K, reserved 983040K
  class space    used 11942K, committed 12288K, reserved 851968K
}
Event: 8,011 GC heap before
{Heap before GC invocations=17 (full 3):
 PSYoungGen      total 108544K, used 108297K [0x00000007a0000000, 0x00000007ac200000, 0x0000000800000000)
  eden space 100864K, 100% used [0x00000007a0000000,0x00000007a6280000,0x00000007a6280000)
  from space 7680K, 96% used [0x00000007a9880000,0x00000007a9fc2580,0x00000007aa000000)
  to   space 25088K, 0% used [0x00000007aa980000,0x00000007aa980000,0x00000007ac200000)
 ParOldGen       total 147456K, used 95411K [0x00000006e0000000, 0x00000006e9000000, 0x00000007a0000000)
  object space 147456K, 64% used [0x00000006e0000000,0x00000006e5d2cd08,0x00000006e9000000)
 Metaspace       used 92999K, committed 93824K, reserved 983040K
  class space    used 12657K, committed 13056K, reserved 851968K
}
Event: 8,016 GC heap after
{Heap after GC invocations=17 (full 3):
 PSYoungGen      total 102912K, used 4856K [0x00000007a0000000, 0x00000007aae80000, 0x0000000800000000)
  eden space 97792K, 0% used [0x00000007a0000000,0x00000007a0000000,0x00000007a5f80000)
  from space 5120K, 94% used [0x00000007aa980000,0x00000007aae3e150,0x00000007aae80000)
  to   space 25088K, 0% used [0x00000007a7d80000,0x00000007a7d80000,0x00000007a9600000)
 ParOldGen       total 147456K, used 102716K [0x00000006e0000000, 0x00000006e9000000, 0x00000007a0000000)
  object space 147456K, 69% used [0x00000006e0000000,0x00000006e644f1c8,0x00000006e9000000)
 Metaspace       used 92999K, committed 93824K, reserved 983040K
  class space    used 12657K, committed 13056K, reserved 851968K
}
Event: 8,517 GC heap before
{Heap before GC invocations=18 (full 3):
 PSYoungGen      total 102912K, used 88261K [0x00000007a0000000, 0x00000007aae80000, 0x0000000800000000)
  eden space 97792K, 85% used [0x00000007a0000000,0x00000007a5173678,0x00000007a5f80000)
  from space 5120K, 94% used [0x00000007aa980000,0x00000007aae3e150,0x00000007aae80000)
  to   space 25088K, 0% used [0x00000007a7d80000,0x00000007a7d80000,0x00000007a9600000)
 ParOldGen       total 147456K, used 102716K [0x00000006e0000000, 0x00000006e9000000, 0x00000007a0000000)
  object space 147456K, 69% used [0x00000006e0000000,0x00000006e644f1c8,0x00000006e9000000)
 Metaspace       used 98835K, committed 99648K, reserved 983040K
  class space    used 13640K, committed 14016K, reserved 851968K
}
Event: 8,521 GC heap after
{Heap after GC invocations=18 (full 3):
 PSYoungGen      total 101888K, used 3678K [0x00000007a0000000, 0x00000007aaa00000, 0x0000000800000000)
  eden space 97792K, 0% used [0x00000007a0000000,0x00000007a0000000,0x00000007a5f80000)
  from space 4096K, 89% used [0x00000007a7d80000,0x00000007a8117840,0x00000007a8180000)
  to   space 25088K, 0% used [0x00000007a9180000,0x00000007a9180000,0x00000007aaa00000)
 ParOldGen       total 147456K, used 107484K [0x00000006e0000000, 0x00000006e9000000, 0x00000007a0000000)
  object space 147456K, 72% used [0x00000006e0000000,0x00000006e68f7230,0x00000006e9000000)
 Metaspace       used 98835K, committed 99648K, reserved 983040K
  class space    used 13640K, committed 14016K, reserved 851968K
}
Event: 8,521 GC heap before
{Heap before GC invocations=19 (full 4):
 PSYoungGen      total 101888K, used 3678K [0x00000007a0000000, 0x00000007aaa00000, 0x0000000800000000)
  eden space 97792K, 0% used [0x00000007a0000000,0x00000007a0000000,0x00000007a5f80000)
  from space 4096K, 89% used [0x00000007a7d80000,0x00000007a8117840,0x00000007a8180000)
  to   space 25088K, 0% used [0x00000007a9180000,0x00000007a9180000,0x00000007aaa00000)
 ParOldGen       total 147456K, used 107484K [0x00000006e0000000, 0x00000006e9000000, 0x00000007a0000000)
  object space 147456K, 72% used [0x00000006e0000000,0x00000006e68f7230,0x00000006e9000000)
 Metaspace       used 98835K, committed 99648K, reserved 983040K
  class space    used 13640K, committed 14016K, reserved 851968K
}

