# JRE version: OpenJDK Runtime Environment (17.0.9) (build 17.0.9+0-17.0.9b1087.7-11185874)
# Java VM: OpenJDK 64-Bit Server VM (17.0.9+0-17.0.9b1087.7-11185874, mixed mode, tiered, compressed oops, compressed class ptrs, g1 gc, linux-amd64)
GC Precious Log:
 CPUs: 16 total, 12 available
 Memory: 13817M
 Large Page Support: Disabled
 NUMA Support: Disabled
 Compressed Oops: Enabled (Zero based)
 Heap Region Size: 4M
 Heap Min Capacity: 8M
 Heap Initial Capacity: 216M
 Heap Max Capacity: 4608M
 Pre-touch: Disabled
 Parallel Workers: 10
 Concurrent Workers: 3
 Concurrent Refinement Workers: 10
 Periodic GC: Disabled
Heap:
 garbage-first heap   total 1449984K, used 412251K [0x00000006e0000000, 0x0000000800000000)
  region size 4096K, 11 young (45056K), 2 survivors (8192K)
 Metaspace       used 288752K, committed 292608K, reserved 1310720K
  class space    used 37700K, committed 39552K, reserved 1048576K
GC Heap History (20 events):
Event: 7901,997 GC heap after
{Heap after GC invocations=365 (full 0):
 garbage-first heap   total 2310144K, used 475596K [0x00000006e0000000, 0x0000000800000000)
  region size 4096K, 12 young (49152K), 12 survivors (49152K)
 Metaspace       used 286371K, committed 289536K, reserved 1310720K
  class space    used 37255K, committed 38784K, reserved 1048576K
}
Event: 7902,072 GC heap before
{Heap before GC invocations=365 (full 0):
 garbage-first heap   total 2310144K, used 537036K [0x00000006e0000000, 0x0000000800000000)
  region size 4096K, 28 young (114688K), 12 survivors (49152K)
 Metaspace       used 286383K, committed 289536K, reserved 1310720K
  class space    used 37258K, committed 38784K, reserved 1048576K
}
Event: 7902,098 GC heap after
{Heap after GC invocations=366 (full 0):
 garbage-first heap   total 2310144K, used 447279K [0x00000006e0000000, 0x0000000800000000)
  region size 4096K, 2 young (8192K), 2 survivors (8192K)
 Metaspace       used 286383K, committed 289536K, reserved 1310720K
  class space    used 37258K, committed 38784K, reserved 1048576K
}
Event: 7950,227 GC heap before
{Heap before GC invocations=366 (full 0):
 garbage-first heap   total 2310144K, used 1717039K [0x00000006e0000000, 0x0000000800000000)
  region size 4096K, 312 young (1277952K), 2 survivors (8192K)
 Metaspace       used 286853K, committed 290112K, reserved 1310720K
  class space    used 37342K, committed 38912K, reserved 1048576K
}
Event: 7950,254 GC heap after
{Heap after GC invocations=367 (full 0):
 garbage-first heap   total 2990080K, used 454717K [0x00000006e0000000, 0x0000000800000000)
  region size 4096K, 4 young (16384K), 4 survivors (16384K)
 Metaspace       used 286853K, committed 290112K, reserved 1310720K
  class space    used 37342K, committed 38912K, reserved 1048576K
}
Event: 8289,971 GC heap before
{Heap before GC invocations=368 (full 0):
 garbage-first heap   total 1777664K, used 1667600K [0x00000006e0000000, 0x0000000800000000)
  region size 4096K, 265 young (1085440K), 4 survivors (16384K)
 Metaspace       used 287661K, committed 291328K, reserved 1310720K
  class space    used 37544K, committed 39296K, reserved 1048576K
}
Event: 8290,001 GC heap after
{Heap after GC invocations=369 (full 0):
 garbage-first heap   total 1777664K, used 445000K [0x00000006e0000000, 0x0000000800000000)
  region size 4096K, 3 young (12288K), 3 survivors (12288K)
 Metaspace       used 287661K, committed 291328K, reserved 1310720K
  class space    used 37544K, committed 39296K, reserved 1048576K
}
Event: 8290,216 GC heap before
{Heap before GC invocations=369 (full 0):
 garbage-first heap   total 1777664K, used 518728K [0x00000006e0000000, 0x0000000800000000)
  region size 4096K, 21 young (86016K), 3 survivors (12288K)
 Metaspace       used 287673K, committed 291328K, reserved 1310720K
  class space    used 37544K, committed 39296K, reserved 1048576K
}
Event: 8290,289 GC heap after
{Heap after GC invocations=370 (full 0):
 garbage-first heap   total 1777664K, used 337445K [0x00000006e0000000, 0x0000000800000000)
  region size 4096K, 3 young (12288K), 3 survivors (12288K)
 Metaspace       used 287673K, committed 291328K, reserved 1310720K
  class space    used 37544K, committed 39296K, reserved 1048576K
}
Event: 8356,102 GC heap before
{Heap before GC invocations=370 (full 0):
 garbage-first heap   total 1777664K, used 1123877K [0x00000006e0000000, 0x0000000800000000)
  region size 4096K, 197 young (806912K), 3 survivors (12288K)
 Metaspace       used 287738K, committed 291392K, reserved 1310720K
  class space    used 37544K, committed 39296K, reserved 1048576K
}
Event: 8356,128 GC heap after
{Heap after GC invocations=371 (full 0):
 garbage-first heap   total 1777664K, used 386825K [0x00000006e0000000, 0x0000000800000000)
  region size 4096K, 16 young (65536K), 16 survivors (65536K)
 Metaspace       used 287738K, committed 291392K, reserved 1310720K
  class space    used 37544K, committed 39296K, reserved 1048576K
}
Event: 8740,955 GC heap before
{Heap before GC invocations=372 (full 0):
 garbage-first heap   total 1556480K, used 1132297K [0x00000006e0000000, 0x0000000800000000)
  region size 4096K, 196 young (802816K), 16 survivors (65536K)
 Metaspace       used 287689K, committed 291392K, reserved 1310720K
  class space    used 37522K, committed 39296K, reserved 1048576K
}
Event: 8740,976 GC heap after
{Heap after GC invocations=373 (full 0):
 garbage-first heap   total 1556480K, used 367938K [0x00000006e0000000, 0x0000000800000000)
  region size 4096K, 8 young (32768K), 8 survivors (32768K)
 Metaspace       used 287689K, committed 291392K, reserved 1310720K
  class space    used 37522K, committed 39296K, reserved 1048576K
}
Event: 8741,056 GC heap before
{Heap before GC invocations=373 (full 0):
 garbage-first heap   total 1556480K, used 408898K [0x00000006e0000000, 0x0000000800000000)
  region size 4096K, 19 young (77824K), 8 survivors (32768K)
 Metaspace       used 287689K, committed 291392K, reserved 1310720K
  class space    used 37522K, committed 39296K, reserved 1048576K
}
Event: 8741,088 GC heap after
{Heap after GC invocations=374 (full 0):
 garbage-first heap   total 1556480K, used 355347K [0x00000006e0000000, 0x0000000800000000)
  region size 4096K, 2 young (8192K), 2 survivors (8192K)
 Metaspace       used 287689K, committed 291392K, reserved 1310720K
  class space    used 37522K, committed 39296K, reserved 1048576K
}
Event: 9098,782 GC heap before
{Heap before GC invocations=374 (full 0):
 garbage-first heap   total 1556480K, used 1256467K [0x00000006e0000000, 0x0000000800000000)
  region size 4096K, 223 young (913408K), 2 survivors (8192K)
 Metaspace       used 288682K, committed 292544K, reserved 1310720K
  class space    used 37700K, committed 39552K, reserved 1048576K
}
Event: 9098,842 GC heap after
{Heap after GC invocations=375 (full 0):
 garbage-first heap   total 1556480K, used 364056K [0x00000006e0000000, 0x0000000800000000)
  region size 4096K, 4 young (16384K), 4 survivors (16384K)
 Metaspace       used 288682K, committed 292544K, reserved 1310720K
  class space    used 37700K, committed 39552K, reserved 1048576K
}
Event: 9183,764 GC heap before
{Heap before GC invocations=376 (full 0):
 garbage-first heap   total 1449984K, used 1279175K [0x00000006e0000000, 0x0000000800000000)
  region size 4096K, 228 young (933888K), 4 survivors (16384K)
 Metaspace       used 288752K, committed 292608K, reserved 1310720K
  class space    used 37700K, committed 39552K, reserved 1048576K
}
Event: 9183,779 GC heap after
{Heap after GC invocations=377 (full 0):
 garbage-first heap   total 1449984K, used 375387K [0x00000006e0000000, 0x0000000800000000)
  region size 4096K, 8 young (32768K), 8 survivors (32768K)
 Metaspace       used 288752K, committed 292608K, reserved 1310720K
  class space    used 37700K, committed 39552K, reserved 1048576K
}
Event: 9183,842 GC heap before
{Heap before GC invocations=377 (full 0):
 garbage-first heap   total 1449984K, used 412251K [0x00000006e0000000, 0x0000000800000000)
  region size 4096K, 17 young (69632K), 8 survivors (32768K)
 Metaspace       used 288752K, committed 292608K, reserved 1310720K
  class space    used 37700K, committed 39552K, reserved 1048576K
}

