# JRE version: OpenJDK Runtime Environment (17.0.9) (build 17.0.9+0-17.0.9b1087.7-11185874)
# Java VM: OpenJDK 64-Bit Server VM (17.0.9+0-17.0.9b1087.7-11185874, mixed mode, tiered, compressed oops, compressed class ptrs, parallel gc, linux-amd64)
GC Precious Log:
 CPUs: 16 total, 12 available
 Memory: 13817M
 Large Page Support: Disabled
 NUMA Support: Disabled
 Compressed Oops: Enabled (Zero based)
 Alignments: Space 512K, Generation 512K, Heap 2M
 Heap Min Capacity: 8M
 Heap Initial Capacity: 216M
 Heap Max Capacity: 4608M
 Pre-touch: Disabled
 Parallel Workers: 10
Heap:
 PSYoungGen      total 737280K, used 607692K [0x00000007a0000000, 0x00000007e5880000, 0x0000000800000000)
  eden space 584704K, 100% used [0x00000007a0000000,0x00000007c3b00000,0x00000007c3b00000)
  from space 152576K, 15% used [0x00000007d1e80000,0x00000007d34f32b0,0x00000007db380000)
  to   space 232960K, 42% used [0x00000007c3b00000,0x00000007c9ae63d8,0x00000007d1e80000)
 ParOldGen       total 886272K, used 563029K [0x00000006e0000000, 0x0000000716180000, 0x00000007a0000000)
  object space 886272K, 63% used [0x00000006e0000000,0x00000007025d5580,0x0000000716180000)
 Metaspace       used 165784K, committed 167296K, reserved 1048576K
  class space    used 22177K, committed 22912K, reserved 851968K
GC Heap History (20 events):
Event: 12,564 GC heap after
{Heap after GC invocations=19 (full 5):
 PSYoungGen      total 445952K, used 6271K [0x00000007a0000000, 0x00000007c1680000, 0x0000000800000000)
  eden space 411136K, 0% used [0x00000007a0000000,0x00000007a0000000,0x00000007b9180000)
  from space 34816K, 18% used [0x00000007bb400000,0x00000007bba1fc78,0x00000007bd600000)
  to   space 35328K, 0% used [0x00000007b9180000,0x00000007b9180000,0x00000007bb400000)
 ParOldGen       total 269824K, used 147159K [0x00000006e0000000, 0x00000006f0780000, 0x00000007a0000000)
  object space 269824K, 54% used [0x00000006e0000000,0x00000006e8fb5fd0,0x00000006f0780000)
 Metaspace       used 114034K, committed 115008K, reserved 983040K
  class space    used 15625K, committed 16064K, reserved 851968K
}
Event: 14,456 GC heap before
{Heap before GC invocations=20 (full 5):
 PSYoungGen      total 445952K, used 417407K [0x00000007a0000000, 0x00000007c1680000, 0x0000000800000000)
  eden space 411136K, 100% used [0x00000007a0000000,0x00000007b9180000,0x00000007b9180000)
  from space 34816K, 18% used [0x00000007bb400000,0x00000007bba1fc78,0x00000007bd600000)
  to   space 35328K, 0% used [0x00000007b9180000,0x00000007b9180000,0x00000007bb400000)
 ParOldGen       total 269824K, used 147159K [0x00000006e0000000, 0x00000006f0780000, 0x00000007a0000000)
  object space 269824K, 54% used [0x00000006e0000000,0x00000006e8fb5fd0,0x00000006f0780000)
 Metaspace       used 114038K, committed 115008K, reserved 983040K
  class space    used 15625K, committed 16064K, reserved 851968K
}
Event: 14,466 GC heap after
{Heap after GC invocations=20 (full 5):
 PSYoungGen      total 446464K, used 9344K [0x00000007a0000000, 0x00000007c0e80000, 0x0000000800000000)
  eden space 411136K, 0% used [0x00000007a0000000,0x00000007a0000000,0x00000007b9180000)
  from space 35328K, 26% used [0x00000007b9180000,0x00000007b9aa0040,0x00000007bb400000)
  to   space 34816K, 0% used [0x00000007bec80000,0x00000007bec80000,0x00000007c0e80000)
 ParOldGen       total 269824K, used 153551K [0x00000006e0000000, 0x00000006f0780000, 0x00000007a0000000)
  object space 269824K, 56% used [0x00000006e0000000,0x00000006e95f3fe0,0x00000006f0780000)
 Metaspace       used 114038K, committed 115008K, reserved 983040K
  class space    used 15625K, committed 16064K, reserved 851968K
}
Event: 16,263 GC heap before
{Heap before GC invocations=21 (full 5):
 PSYoungGen      total 446464K, used 420480K [0x00000007a0000000, 0x00000007c0e80000, 0x0000000800000000)
  eden space 411136K, 100% used [0x00000007a0000000,0x00000007b9180000,0x00000007b9180000)
  from space 35328K, 26% used [0x00000007b9180000,0x00000007b9aa0040,0x00000007bb400000)
  to   space 34816K, 0% used [0x00000007bec80000,0x00000007bec80000,0x00000007c0e80000)
 ParOldGen       total 269824K, used 153551K [0x00000006e0000000, 0x00000006f0780000, 0x00000007a0000000)
  object space 269824K, 56% used [0x00000006e0000000,0x00000006e95f3fe0,0x00000006f0780000)
 Metaspace       used 125383K, committed 126400K, reserved 983040K
  class space    used 17027K, committed 17536K, reserved 851968K
}
Event: 16,276 GC heap after
{Heap after GC invocations=21 (full 5):
 PSYoungGen      total 500224K, used 30932K [0x00000007a0000000, 0x00000007c1180000, 0x0000000800000000)
  eden space 465408K, 0% used [0x00000007a0000000,0x00000007a0000000,0x00000007bc680000)
  from space 34816K, 88% used [0x00000007bec80000,0x00000007c0ab5000,0x00000007c0e80000)
  to   space 38400K, 0% used [0x00000007bc680000,0x00000007bc680000,0x00000007bec00000)
 ParOldGen       total 269824K, used 153623K [0x00000006e0000000, 0x00000006f0780000, 0x00000007a0000000)
  object space 269824K, 56% used [0x00000006e0000000,0x00000006e9605ff0,0x00000006f0780000)
 Metaspace       used 125383K, committed 126400K, reserved 983040K
  class space    used 17027K, committed 17536K, reserved 851968K
}
Event: 186,484 GC heap before
{Heap before GC invocations=22 (full 5):
 PSYoungGen      total 500224K, used 496340K [0x00000007a0000000, 0x00000007c1180000, 0x0000000800000000)
  eden space 465408K, 100% used [0x00000007a0000000,0x00000007bc680000,0x00000007bc680000)
  from space 34816K, 88% used [0x00000007bec80000,0x00000007c0ab5000,0x00000007c0e80000)
  to   space 38400K, 0% used [0x00000007bc680000,0x00000007bc680000,0x00000007bec00000)
 ParOldGen       total 269824K, used 153623K [0x00000006e0000000, 0x00000006f0780000, 0x00000007a0000000)
  object space 269824K, 56% used [0x00000006e0000000,0x00000006e9605ff0,0x00000006f0780000)
 Metaspace       used 140348K, committed 141504K, reserved 983040K
  class space    used 18727K, committed 19264K, reserved 851968K
}
Event: 186,505 GC heap after
{Heap after GC invocations=22 (full 5):
 PSYoungGen      total 503808K, used 38386K [0x00000007a0000000, 0x00000007c4680000, 0x0000000800000000)
  eden space 465408K, 0% used [0x00000007a0000000,0x00000007a0000000,0x00000007bc680000)
  from space 38400K, 99% used [0x00000007bc680000,0x00000007bebfcaa0,0x00000007bec00000)
  to   space 49152K, 0% used [0x00000007c1680000,0x00000007c1680000,0x00000007c4680000)
 ParOldGen       total 269824K, used 168394K [0x00000006e0000000, 0x00000006f0780000, 0x00000007a0000000)
  object space 269824K, 62% used [0x00000006e0000000,0x00000006ea472b00,0x00000006f0780000)
 Metaspace       used 140348K, committed 141504K, reserved 983040K
  class space    used 18727K, committed 19264K, reserved 851968K
}
Event: 196,290 GC heap before
{Heap before GC invocations=23 (full 5):
 PSYoungGen      total 503808K, used 503748K [0x00000007a0000000, 0x00000007c4680000, 0x0000000800000000)
  eden space 465408K, 99% used [0x00000007a0000000,0x00000007bc674630,0x00000007bc680000)
  from space 38400K, 99% used [0x00000007bc680000,0x00000007bebfcaa0,0x00000007bec00000)
  to   space 49152K, 0% used [0x00000007c1680000,0x00000007c1680000,0x00000007c4680000)
 ParOldGen       total 269824K, used 168394K [0x00000006e0000000, 0x00000006f0780000, 0x00000007a0000000)
  object space 269824K, 62% used [0x00000006e0000000,0x00000006ea472b00,0x00000006f0780000)
 Metaspace       used 149816K, committed 151168K, reserved 983040K
  class space    used 20045K, committed 20736K, reserved 851968K
}
Event: 196,325 GC heap after
{Heap after GC invocations=23 (full 5):
 PSYoungGen      total 531456K, used 49148K [0x00000007a0000000, 0x00000007c6200000, 0x0000000800000000)
  eden space 482304K, 0% used [0x00000007a0000000,0x00000007a0000000,0x00000007bd700000)
  from space 49152K, 99% used [0x00000007c1680000,0x00000007c467f248,0x00000007c4680000)
  to   space 65024K, 0% used [0x00000007bd700000,0x00000007bd700000,0x00000007c1680000)
 ParOldGen       total 269824K, used 191036K [0x00000006e0000000, 0x00000006f0780000, 0x00000007a0000000)
  object space 269824K, 70% used [0x00000006e0000000,0x00000006eba8f1c8,0x00000006f0780000)
 Metaspace       used 149816K, committed 151168K, reserved 983040K
  class space    used 20045K, committed 20736K, reserved 851968K
}
Event: 197,633 GC heap before
{Heap before GC invocations=24 (full 5):
 PSYoungGen      total 531456K, used 530896K [0x00000007a0000000, 0x00000007c6200000, 0x0000000800000000)
  eden space 482304K, 99% used [0x00000007a0000000,0x00000007bd674ff0,0x00000007bd700000)
  from space 49152K, 99% used [0x00000007c1680000,0x00000007c467f248,0x00000007c4680000)
  to   space 65024K, 0% used [0x00000007bd700000,0x00000007bd700000,0x00000007c1680000)
 ParOldGen       total 269824K, used 191036K [0x00000006e0000000, 0x00000006f0780000, 0x00000007a0000000)
  object space 269824K, 70% used [0x00000006e0000000,0x00000006eba8f1c8,0x00000006f0780000)
 Metaspace       used 156226K, committed 157632K, reserved 1048576K
  class space    used 20842K, committed 21568K, reserved 851968K
}
Event: 197,697 GC heap after
{Heap after GC invocations=24 (full 5):
 PSYoungGen      total 547328K, used 65019K [0x00000007a0000000, 0x00000007d2080000, 0x0000000800000000)
  eden space 482304K, 0% used [0x00000007a0000000,0x00000007a0000000,0x00000007bd700000)
  from space 65024K, 99% used [0x00000007bd700000,0x00000007c167ec58,0x00000007c1680000)
  to   space 137216K, 0% used [0x00000007c9a80000,0x00000007c9a80000,0x00000007d2080000)
 ParOldGen       total 357888K, used 357617K [0x00000006e0000000, 0x00000006f5d80000, 0x00000007a0000000)
  object space 357888K, 99% used [0x00000006e0000000,0x00000006f5d3c600,0x00000006f5d80000)
 Metaspace       used 156226K, committed 157632K, reserved 1048576K
  class space    used 20842K, committed 21568K, reserved 851968K
}
Event: 197,697 GC heap before
{Heap before GC invocations=25 (full 6):
 PSYoungGen      total 547328K, used 65019K [0x00000007a0000000, 0x00000007d2080000, 0x0000000800000000)
  eden space 482304K, 0% used [0x00000007a0000000,0x00000007a0000000,0x00000007bd700000)
  from space 65024K, 99% used [0x00000007bd700000,0x00000007c167ec58,0x00000007c1680000)
  to   space 137216K, 0% used [0x00000007c9a80000,0x00000007c9a80000,0x00000007d2080000)
 ParOldGen       total 357888K, used 357617K [0x00000006e0000000, 0x00000006f5d80000, 0x00000007a0000000)
  object space 357888K, 99% used [0x00000006e0000000,0x00000006f5d3c600,0x00000006f5d80000)
 Metaspace       used 156226K, committed 157632K, reserved 1048576K
  class space    used 20842K, committed 21568K, reserved 851968K
}
Event: 197,871 GC heap after
{Heap after GC invocations=25 (full 6):
 PSYoungGen      total 682496K, used 0K [0x00000007a0000000, 0x00000007d3e80000, 0x0000000800000000)
  eden space 545280K, 0% used [0x00000007a0000000,0x00000007a0000000,0x00000007c1480000)
  from space 137216K, 0% used [0x00000007c9a80000,0x00000007c9a80000,0x00000007d2080000)
  to   space 137216K, 0% used [0x00000007c1480000,0x00000007c1480000,0x00000007c9a80000)
 ParOldGen       total 563200K, used 331567K [0x00000006e0000000, 0x0000000702600000, 0x00000007a0000000)
  object space 563200K, 58% used [0x00000006e0000000,0x00000006f43cbed0,0x0000000702600000)
 Metaspace       used 156198K, committed 157632K, reserved 1048576K
  class space    used 20835K, committed 21568K, reserved 851968K
}
Event: 198,432 GC heap before
{Heap before GC invocations=26 (full 6):
 PSYoungGen      total 682496K, used 545280K [0x00000007a0000000, 0x00000007d3e80000, 0x0000000800000000)
  eden space 545280K, 100% used [0x00000007a0000000,0x00000007c1480000,0x00000007c1480000)
  from space 137216K, 0% used [0x00000007c9a80000,0x00000007c9a80000,0x00000007d2080000)
  to   space 137216K, 0% used [0x00000007c1480000,0x00000007c1480000,0x00000007c9a80000)
 ParOldGen       total 563200K, used 331567K [0x00000006e0000000, 0x0000000702600000, 0x00000007a0000000)
  object space 563200K, 58% used [0x00000006e0000000,0x00000006f43cbed0,0x0000000702600000)
 Metaspace       used 160473K, committed 161920K, reserved 1048576K
  class space    used 21260K, committed 22016K, reserved 851968K
}
Event: 198,460 GC heap after
{Heap after GC invocations=26 (full 6):
 PSYoungGen      total 682496K, used 113328K [0x00000007a0000000, 0x00000007db380000, 0x0000000800000000)
  eden space 545280K, 0% used [0x00000007a0000000,0x00000007a0000000,0x00000007c1480000)
  from space 137216K, 82% used [0x00000007c1480000,0x00000007c832c330,0x00000007c9a80000)
  to   space 152576K, 0% used [0x00000007d1e80000,0x00000007d1e80000,0x00000007db380000)
 ParOldGen       total 563200K, used 331575K [0x00000006e0000000, 0x0000000702600000, 0x00000007a0000000)
  object space 563200K, 58% used [0x00000006e0000000,0x00000006f43cded0,0x0000000702600000)
 Metaspace       used 160473K, committed 161920K, reserved 1048576K
  class space    used 21260K, committed 22016K, reserved 851968K
}
Event: 199,445 GC heap before
{Heap before GC invocations=27 (full 6):
 PSYoungGen      total 682496K, used 658608K [0x00000007a0000000, 0x00000007db380000, 0x0000000800000000)
  eden space 545280K, 100% used [0x00000007a0000000,0x00000007c1480000,0x00000007c1480000)
  from space 137216K, 82% used [0x00000007c1480000,0x00000007c832c330,0x00000007c9a80000)
  to   space 152576K, 0% used [0x00000007d1e80000,0x00000007d1e80000,0x00000007db380000)
 ParOldGen       total 563200K, used 331575K [0x00000006e0000000, 0x0000000702600000, 0x00000007a0000000)
  object space 563200K, 58% used [0x00000006e0000000,0x00000006f43cded0,0x0000000702600000)
 Metaspace       used 165145K, committed 166592K, reserved 1048576K
  class space    used 22104K, committed 22848K, reserved 851968K
}
Event: 199,572 GC heap after
{Heap after GC invocations=27 (full 6):
 PSYoungGen      total 737280K, used 152564K [0x00000007a0000000, 0x00000007e7480000, 0x0000000800000000)
  eden space 584704K, 0% used [0x00000007a0000000,0x00000007a0000000,0x00000007c3b00000)
  from space 152576K, 99% used [0x00000007d1e80000,0x00000007db37d368,0x00000007db380000)
  to   space 232960K, 0% used [0x00000007c3b00000,0x00000007c3b00000,0x00000007d1e80000)
 ParOldGen       total 563200K, used 475657K [0x00000006e0000000, 0x0000000702600000, 0x00000007a0000000)
  object space 563200K, 84% used [0x00000006e0000000,0x00000006fd082740,0x0000000702600000)
 Metaspace       used 165145K, committed 166592K, reserved 1048576K
  class space    used 22104K, committed 22848K, reserved 851968K
}
Event: 199,572 GC heap before
{Heap before GC invocations=28 (full 7):
 PSYoungGen      total 737280K, used 152564K [0x00000007a0000000, 0x00000007e7480000, 0x0000000800000000)
  eden space 584704K, 0% used [0x00000007a0000000,0x00000007a0000000,0x00000007c3b00000)
  from space 152576K, 99% used [0x00000007d1e80000,0x00000007db37d368,0x00000007db380000)
  to   space 232960K, 0% used [0x00000007c3b00000,0x00000007c3b00000,0x00000007d1e80000)
 ParOldGen       total 563200K, used 475657K [0x00000006e0000000, 0x0000000702600000, 0x00000007a0000000)
  object space 563200K, 84% used [0x00000006e0000000,0x00000006fd082740,0x0000000702600000)
 Metaspace       used 165145K, committed 166592K, reserved 1048576K
  class space    used 22104K, committed 22848K, reserved 851968K
}
Event: 199,961 GC heap after
{Heap after GC invocations=28 (full 7):
 PSYoungGen      total 737280K, used 22988K [0x00000007a0000000, 0x00000007e5880000, 0x0000000800000000)
  eden space 584704K, 0% used [0x00000007a0000000,0x00000007a0000000,0x00000007c3b00000)
  from space 152576K, 15% used [0x00000007d1e80000,0x00000007d34f32b0,0x00000007db380000)
  to   space 232960K, 0% used [0x00000007c3b00000,0x00000007c3b00000,0x00000007d1e80000)
 ParOldGen       total 886272K, used 562797K [0x00000006e0000000, 0x0000000716180000, 0x00000007a0000000)
  object space 886272K, 63% used [0x00000006e0000000,0x000000070259b580,0x0000000716180000)
 Metaspace       used 165139K, committed 166592K, reserved 1048576K
  class space    used 22103K, committed 22848K, reserved 851968K
}
Event: 200,602 GC heap before
{Heap before GC invocations=29 (full 7):
 PSYoungGen      total 737280K, used 607692K [0x00000007a0000000, 0x00000007e5880000, 0x0000000800000000)
  eden space 584704K, 100% used [0x00000007a0000000,0x00000007c3b00000,0x00000007c3b00000)
  from space 152576K, 15% used [0x00000007d1e80000,0x00000007d34f32b0,0x00000007db380000)
  to   space 232960K, 0% used [0x00000007c3b00000,0x00000007c3b00000,0x00000007d1e80000)
 ParOldGen       total 886272K, used 562797K [0x00000006e0000000, 0x0000000716180000, 0x00000007a0000000)
  object space 886272K, 63% used [0x00000006e0000000,0x000000070259b580,0x0000000716180000)
 Metaspace       used 165784K, committed 167296K, reserved 1048576K
  class space    used 22177K, committed 22912K, reserved 851968K
}

