# JRE version: OpenJDK Runtime Environment (17.0.9) (build 17.0.9+0-17.0.9b1087.7-11185874)
# Java VM: OpenJDK 64-Bit Server VM (17.0.9+0-17.0.9b1087.7-11185874, mixed mode, tiered, compressed oops, compressed class ptrs, parallel gc, linux-amd64)
GC Precious Log:
 CPUs: 16 total, 12 available
 Memory: 13817M
 Large Page Support: Disabled
 NUMA Support: Disabled
 Compressed Oops: Enabled (Zero based)
 Alignments: Space 512K, Generation 512K, Heap 2M
 Heap Min Capacity: 8M
 Heap Initial Capacity: 216M
 Heap Max Capacity: 4608M
 Pre-touch: Disabled
 Parallel Workers: 10
Heap:
 PSYoungGen      total 1068032K, used 419492K [0x00000007a0000000, 0x00000007f1000000, 0x0000000800000000)
  eden space 815104K, 32% used [0x00000007a0000000,0x00000007b004f080,0x00000007d1c00000)
  from space 252928K, 62% used [0x00000007e1500000,0x00000007eae5a020,0x00000007f0c00000)
  to   space 254976K, 0% used [0x00000007d1c00000,0x00000007d1c00000,0x00000007e1500000)
 ParOldGen       total 829440K, used 739071K [0x00000006e0000000, 0x0000000712a00000, 0x00000007a0000000)
  object space 829440K, 89% used [0x00000006e0000000,0x000000070d1bfe80,0x0000000712a00000)
 Metaspace       used 163825K, committed 164992K, reserved 1048576K
  class space    used 21195K, committed 21760K, reserved 851968K
GC Heap History (20 events):
Event: 17,564 GC heap before
{Heap before GC invocations=29 (full 6):
 PSYoungGen      total 773632K, used 677374K [0x00000007a0000000, 0x00000007dc700000, 0x0000000800000000)
  eden space 583680K, 100% used [0x00000007a0000000,0x00000007c3a00000,0x00000007c3a00000)
  from space 189952K, 49% used [0x00000007d0d80000,0x00000007d68ffab0,0x00000007dc700000)
  to   space 203264K, 0% used [0x00000007c3a00000,0x00000007c3a00000,0x00000007d0080000)
 ParOldGen       total 829440K, used 698211K [0x00000006e0000000, 0x0000000712a00000, 0x00000007a0000000)
  object space 829440K, 84% used [0x00000006e0000000,0x000000070a9d8f30,0x0000000712a00000)
 Metaspace       used 115387K, committed 116288K, reserved 983040K
  class space    used 15406K, committed 15872K, reserved 851968K
}
Event: 17,634 GC heap after
{Heap after GC invocations=29 (full 6):
 PSYoungGen      total 786944K, used 193667K [0x00000007a0000000, 0x00000007e3c00000, 0x0000000800000000)
  eden space 583680K, 0% used [0x00000007a0000000,0x00000007a0000000,0x00000007c3a00000)
  from space 203264K, 95% used [0x00000007c3a00000,0x00000007cf720ea0,0x00000007d0080000)
  to   space 234496K, 0% used [0x00000007d5700000,0x00000007d5700000,0x00000007e3c00000)
 ParOldGen       total 829440K, used 698219K [0x00000006e0000000, 0x0000000712a00000, 0x00000007a0000000)
  object space 829440K, 84% used [0x00000006e0000000,0x000000070a9daf30,0x0000000712a00000)
 Metaspace       used 115387K, committed 116288K, reserved 983040K
  class space    used 15406K, committed 15872K, reserved 851968K
}
Event: 50,923 GC heap before
{Heap before GC invocations=30 (full 6):
 PSYoungGen      total 786944K, used 777347K [0x00000007a0000000, 0x00000007e3c00000, 0x0000000800000000)
  eden space 583680K, 100% used [0x00000007a0000000,0x00000007c3a00000,0x00000007c3a00000)
  from space 203264K, 95% used [0x00000007c3a00000,0x00000007cf720ea0,0x00000007d0080000)
  to   space 234496K, 0% used [0x00000007d5700000,0x00000007d5700000,0x00000007e3c00000)
 ParOldGen       total 829440K, used 698219K [0x00000006e0000000, 0x0000000712a00000, 0x00000007a0000000)
  object space 829440K, 84% used [0x00000006e0000000,0x000000070a9daf30,0x0000000712a00000)
 Metaspace       used 115776K, committed 116736K, reserved 983040K
  class space    used 15436K, committed 15936K, reserved 851968K
}
Event: 50,953 GC heap after
{Heap after GC invocations=30 (full 6):
 PSYoungGen      total 838656K, used 41702K [0x00000007a0000000, 0x00000007e2300000, 0x0000000800000000)
  eden space 629760K, 0% used [0x00000007a0000000,0x00000007a0000000,0x00000007c6700000)
  from space 208896K, 19% used [0x00000007d5700000,0x00000007d7fb9a00,0x00000007e2300000)
  to   space 227328K, 0% used [0x00000007c6700000,0x00000007c6700000,0x00000007d4500000)
 ParOldGen       total 829440K, used 698227K [0x00000006e0000000, 0x0000000712a00000, 0x00000007a0000000)
  object space 829440K, 84% used [0x00000006e0000000,0x000000070a9dcf30,0x0000000712a00000)
 Metaspace       used 115776K, committed 116736K, reserved 983040K
  class space    used 15436K, committed 15936K, reserved 851968K
}
Event: 53,358 GC heap before
{Heap before GC invocations=31 (full 6):
 PSYoungGen      total 838656K, used 671462K [0x00000007a0000000, 0x00000007e2300000, 0x0000000800000000)
  eden space 629760K, 100% used [0x00000007a0000000,0x00000007c6700000,0x00000007c6700000)
  from space 208896K, 19% used [0x00000007d5700000,0x00000007d7fb9a00,0x00000007e2300000)
  to   space 227328K, 0% used [0x00000007c6700000,0x00000007c6700000,0x00000007d4500000)
 ParOldGen       total 829440K, used 698227K [0x00000006e0000000, 0x0000000712a00000, 0x00000007a0000000)
  object space 829440K, 84% used [0x00000006e0000000,0x000000070a9dcf30,0x0000000712a00000)
 Metaspace       used 127653K, committed 128640K, reserved 983040K
  class space    used 16771K, committed 17280K, reserved 851968K
}
Event: 53,414 GC heap after
{Heap after GC invocations=31 (full 6):
 PSYoungGen      total 857088K, used 86902K [0x00000007a0000000, 0x00000007e2b80000, 0x0000000800000000)
  eden space 629760K, 0% used [0x00000007a0000000,0x00000007a0000000,0x00000007c6700000)
  from space 227328K, 38% used [0x00000007c6700000,0x00000007cbbdda00,0x00000007d4500000)
  to   space 214528K, 0% used [0x00000007d5a00000,0x00000007d5a00000,0x00000007e2b80000)
 ParOldGen       total 829440K, used 698235K [0x00000006e0000000, 0x0000000712a00000, 0x00000007a0000000)
  object space 829440K, 84% used [0x00000006e0000000,0x000000070a9def30,0x0000000712a00000)
 Metaspace       used 127653K, committed 128640K, reserved 983040K
  class space    used 16771K, committed 17280K, reserved 851968K
}
Event: 55,742 GC heap before
{Heap before GC invocations=32 (full 6):
 PSYoungGen      total 857088K, used 716662K [0x00000007a0000000, 0x00000007e2b80000, 0x0000000800000000)
  eden space 629760K, 100% used [0x00000007a0000000,0x00000007c6700000,0x00000007c6700000)
  from space 227328K, 38% used [0x00000007c6700000,0x00000007cbbdda00,0x00000007d4500000)
  to   space 214528K, 0% used [0x00000007d5a00000,0x00000007d5a00000,0x00000007e2b80000)
 ParOldGen       total 829440K, used 698235K [0x00000006e0000000, 0x0000000712a00000, 0x00000007a0000000)
  object space 829440K, 84% used [0x00000006e0000000,0x000000070a9def30,0x0000000712a00000)
 Metaspace       used 145724K, committed 146816K, reserved 983040K
  class space    used 19118K, committed 19648K, reserved 851968K
}
Event: 55,823 GC heap after
{Heap after GC invocations=32 (full 6):
 PSYoungGen      total 876544K, used 122686K [0x00000007a0000000, 0x00000007e2f80000, 0x0000000800000000)
  eden space 662016K, 0% used [0x00000007a0000000,0x00000007a0000000,0x00000007c8680000)
  from space 214528K, 57% used [0x00000007d5a00000,0x00000007dd1cfb18,0x00000007e2b80000)
  to   space 216576K, 0% used [0x00000007c8680000,0x00000007c8680000,0x00000007d5a00000)
 ParOldGen       total 829440K, used 698251K [0x00000006e0000000, 0x0000000712a00000, 0x00000007a0000000)
  object space 829440K, 84% used [0x00000006e0000000,0x000000070a9e2f30,0x0000000712a00000)
 Metaspace       used 145724K, committed 146816K, reserved 983040K
  class space    used 19118K, committed 19648K, reserved 851968K
}
Event: 56,811 GC heap before
{Heap before GC invocations=33 (full 6):
 PSYoungGen      total 876544K, used 784702K [0x00000007a0000000, 0x00000007e2f80000, 0x0000000800000000)
  eden space 662016K, 100% used [0x00000007a0000000,0x00000007c8680000,0x00000007c8680000)
  from space 214528K, 57% used [0x00000007d5a00000,0x00000007dd1cfb18,0x00000007e2b80000)
  to   space 216576K, 0% used [0x00000007c8680000,0x00000007c8680000,0x00000007d5a00000)
 ParOldGen       total 829440K, used 698251K [0x00000006e0000000, 0x0000000712a00000, 0x00000007a0000000)
  object space 829440K, 84% used [0x00000006e0000000,0x000000070a9e2f30,0x0000000712a00000)
 Metaspace       used 146610K, committed 147648K, reserved 983040K
  class space    used 19185K, committed 19712K, reserved 851968K
}
Event: 56,885 GC heap after
{Heap after GC invocations=33 (full 6):
 PSYoungGen      total 878592K, used 138746K [0x00000007a0000000, 0x00000007e6480000, 0x0000000800000000)
  eden space 662016K, 0% used [0x00000007a0000000,0x00000007a0000000,0x00000007c8680000)
  from space 216576K, 64% used [0x00000007c8680000,0x00000007d0dfe9b0,0x00000007d5a00000)
  to   space 223232K, 0% used [0x00000007d8a80000,0x00000007d8a80000,0x00000007e6480000)
 ParOldGen       total 829440K, used 698259K [0x00000006e0000000, 0x0000000712a00000, 0x00000007a0000000)
  object space 829440K, 84% used [0x00000006e0000000,0x000000070a9e4f30,0x0000000712a00000)
 Metaspace       used 146610K, committed 147648K, reserved 983040K
  class space    used 19185K, committed 19712K, reserved 851968K
}
Event: 58,347 GC heap before
{Heap before GC invocations=34 (full 6):
 PSYoungGen      total 878592K, used 800762K [0x00000007a0000000, 0x00000007e6480000, 0x0000000800000000)
  eden space 662016K, 100% used [0x00000007a0000000,0x00000007c8680000,0x00000007c8680000)
  from space 216576K, 64% used [0x00000007c8680000,0x00000007d0dfe9b0,0x00000007d5a00000)
  to   space 223232K, 0% used [0x00000007d8a80000,0x00000007d8a80000,0x00000007e6480000)
 ParOldGen       total 829440K, used 698536K [0x00000006e0000000, 0x0000000712a00000, 0x00000007a0000000)
  object space 829440K, 84% used [0x00000006e0000000,0x000000070aa2a050,0x0000000712a00000)
 Metaspace       used 154086K, committed 155136K, reserved 1048576K
  class space    used 20378K, committed 20928K, reserved 851968K
}
Event: 58,434 GC heap after
{Heap after GC invocations=34 (full 6):
 PSYoungGen      total 918016K, used 154568K [0x00000007a0000000, 0x00000007e7880000, 0x0000000800000000)
  eden space 694784K, 0% used [0x00000007a0000000,0x00000007a0000000,0x00000007ca680000)
  from space 223232K, 69% used [0x00000007d8a80000,0x00000007e21723f8,0x00000007e6480000)
  to   space 233472K, 0% used [0x00000007ca680000,0x00000007ca680000,0x00000007d8a80000)
 ParOldGen       total 829440K, used 698552K [0x00000006e0000000, 0x0000000712a00000, 0x00000007a0000000)
  object space 829440K, 84% used [0x00000006e0000000,0x000000070aa2e050,0x0000000712a00000)
 Metaspace       used 154086K, committed 155136K, reserved 1048576K
  class space    used 20378K, committed 20928K, reserved 851968K
}
Event: 59,262 GC heap before
{Heap before GC invocations=35 (full 6):
 PSYoungGen      total 918016K, used 849352K [0x00000007a0000000, 0x00000007e7880000, 0x0000000800000000)
  eden space 694784K, 100% used [0x00000007a0000000,0x00000007ca680000,0x00000007ca680000)
  from space 223232K, 69% used [0x00000007d8a80000,0x00000007e21723f8,0x00000007e6480000)
  to   space 233472K, 0% used [0x00000007ca680000,0x00000007ca680000,0x00000007d8a80000)
 ParOldGen       total 829440K, used 698555K [0x00000006e0000000, 0x0000000712a00000, 0x00000007a0000000)
  object space 829440K, 84% used [0x00000006e0000000,0x000000070aa2ecb0,0x0000000712a00000)
 Metaspace       used 154848K, committed 155968K, reserved 1048576K
  class space    used 20395K, committed 20928K, reserved 851968K
}
Event: 59,329 GC heap after
{Heap after GC invocations=35 (full 6):
 PSYoungGen      total 928256K, used 155775K [0x00000007a0000000, 0x00000007eb300000, 0x0000000800000000)
  eden space 694784K, 0% used [0x00000007a0000000,0x00000007a0000000,0x00000007ca680000)
  from space 233472K, 66% used [0x00000007ca680000,0x00000007d3e9fdf0,0x00000007d8a80000)
  to   space 241664K, 0% used [0x00000007dc700000,0x00000007dc700000,0x00000007eb300000)
 ParOldGen       total 829440K, used 698563K [0x00000006e0000000, 0x0000000712a00000, 0x00000007a0000000)
  object space 829440K, 84% used [0x00000006e0000000,0x000000070aa30cb0,0x0000000712a00000)
 Metaspace       used 154848K, committed 155968K, reserved 1048576K
  class space    used 20395K, committed 20928K, reserved 851968K
}
Event: 60,061 GC heap before
{Heap before GC invocations=36 (full 6):
 PSYoungGen      total 928256K, used 850559K [0x00000007a0000000, 0x00000007eb300000, 0x0000000800000000)
  eden space 694784K, 100% used [0x00000007a0000000,0x00000007ca680000,0x00000007ca680000)
  from space 233472K, 66% used [0x00000007ca680000,0x00000007d3e9fdf0,0x00000007d8a80000)
  to   space 241664K, 0% used [0x00000007dc700000,0x00000007dc700000,0x00000007eb300000)
 ParOldGen       total 829440K, used 698563K [0x00000006e0000000, 0x0000000712a00000, 0x00000007a0000000)
  object space 829440K, 84% used [0x00000006e0000000,0x000000070aa30cb0,0x0000000712a00000)
 Metaspace       used 155546K, committed 156608K, reserved 1048576K
  class space    used 20428K, committed 20928K, reserved 851968K
}
Event: 60,127 GC heap after
{Heap after GC invocations=36 (full 6):
 PSYoungGen      total 984576K, used 155637K [0x00000007a0000000, 0x00000007ec300000, 0x0000000800000000)
  eden space 742912K, 0% used [0x00000007a0000000,0x00000007a0000000,0x00000007cd580000)
  from space 241664K, 64% used [0x00000007dc700000,0x00000007e5efd508,0x00000007eb300000)
  to   space 247296K, 0% used [0x00000007cd580000,0x00000007cd580000,0x00000007dc700000)
 ParOldGen       total 829440K, used 698579K [0x00000006e0000000, 0x0000000712a00000, 0x00000007a0000000)
  object space 829440K, 84% used [0x00000006e0000000,0x000000070aa34cb0,0x0000000712a00000)
 Metaspace       used 155546K, committed 156608K, reserved 1048576K
  class space    used 20428K, committed 20928K, reserved 851968K
}
Event: 60,641 GC heap before
{Heap before GC invocations=37 (full 6):
 PSYoungGen      total 984576K, used 898549K [0x00000007a0000000, 0x00000007ec300000, 0x0000000800000000)
  eden space 742912K, 100% used [0x00000007a0000000,0x00000007cd580000,0x00000007cd580000)
  from space 241664K, 64% used [0x00000007dc700000,0x00000007e5efd508,0x00000007eb300000)
  to   space 247296K, 0% used [0x00000007cd580000,0x00000007cd580000,0x00000007dc700000)
 ParOldGen       total 829440K, used 698579K [0x00000006e0000000, 0x0000000712a00000, 0x00000007a0000000)
  object space 829440K, 84% used [0x00000006e0000000,0x000000070aa34cb0,0x0000000712a00000)
 Metaspace       used 156085K, committed 157184K, reserved 1048576K
  class space    used 20432K, committed 20992K, reserved 851968K
}
Event: 60,715 GC heap after
{Heap after GC invocations=37 (full 6):
 PSYoungGen      total 990208K, used 160757K [0x00000007a0000000, 0x00000007f0c00000, 0x0000000800000000)
  eden space 742912K, 0% used [0x00000007a0000000,0x00000007a0000000,0x00000007cd580000)
  from space 247296K, 65% used [0x00000007cd580000,0x00000007d727d508,0x00000007dc700000)
  to   space 252928K, 0% used [0x00000007e1500000,0x00000007e1500000,0x00000007f0c00000)
 ParOldGen       total 829440K, used 698587K [0x00000006e0000000, 0x0000000712a00000, 0x00000007a0000000)
  object space 829440K, 84% used [0x00000006e0000000,0x000000070aa36cb0,0x0000000712a00000)
 Metaspace       used 156085K, committed 157184K, reserved 1048576K
  class space    used 20432K, committed 20992K, reserved 851968K
}
Event: 61,909 GC heap before
{Heap before GC invocations=38 (full 6):
 PSYoungGen      total 990208K, used 881928K [0x00000007a0000000, 0x00000007f0c00000, 0x0000000800000000)
  eden space 742912K, 97% used [0x00000007a0000000,0x00000007cc044c48,0x00000007cd580000)
  from space 247296K, 65% used [0x00000007cd580000,0x00000007d727d508,0x00000007dc700000)
  to   space 252928K, 0% used [0x00000007e1500000,0x00000007e1500000,0x00000007f0c00000)
 ParOldGen       total 829440K, used 739063K [0x00000006e0000000, 0x0000000712a00000, 0x00000007a0000000)
  object space 829440K, 89% used [0x00000006e0000000,0x000000070d1bde80,0x0000000712a00000)
 Metaspace       used 158385K, committed 159424K, reserved 1048576K
  class space    used 20667K, committed 21184K, reserved 851968K
}
Event: 61,981 GC heap after
{Heap after GC invocations=38 (full 6):
 PSYoungGen      total 1068032K, used 157032K [0x00000007a0000000, 0x00000007f1000000, 0x0000000800000000)
  eden space 815104K, 0% used [0x00000007a0000000,0x00000007a0000000,0x00000007d1c00000)
  from space 252928K, 62% used [0x00000007e1500000,0x00000007eae5a020,0x00000007f0c00000)
  to   space 254976K, 0% used [0x00000007d1c00000,0x00000007d1c00000,0x00000007e1500000)
 ParOldGen       total 829440K, used 739071K [0x00000006e0000000, 0x0000000712a00000, 0x00000007a0000000)
  object space 829440K, 89% used [0x00000006e0000000,0x000000070d1bfe80,0x0000000712a00000)
 Metaspace       used 158385K, committed 159424K, reserved 1048576K
  class space    used 20667K, committed 21184K, reserved 851968K
}

