# JRE version: OpenJDK Runtime Environment (17.0.9) (build 17.0.9+0-17.0.9b1087.7-11185874)
# Java VM: OpenJDK 64-Bit Server VM (17.0.9+0-17.0.9b1087.7-11185874, mixed mode, tiered, compressed oops, compressed class ptrs, parallel gc, linux-amd64)
GC Precious Log:
 CPUs: 16 total, 12 available
 Memory: 13817M
 Large Page Support: Disabled
 NUMA Support: Disabled
 Compressed Oops: Enabled (Zero based)
 Alignments: Space 512K, Generation 512K, Heap 2M
 Heap Min Capacity: 8M
 Heap Initial Capacity: 216M
 Heap Max Capacity: 4608M
 Pre-touch: Disabled
 Parallel Workers: 10
Heap:
 PSYoungGen      total 466432K, used 9656K [0x00000007a0000000, 0x00000007bdf00000, 0x0000000800000000)
  eden space 442368K, 0% used [0x00000007a0000000,0x00000007a0000000,0x00000007bb000000)
  from space 24064K, 40% used [0x00000007bc780000,0x00000007bd0ee250,0x00000007bdf00000)
  to   space 24064K, 0% used [0x00000007bb000000,0x00000007bb000000,0x00000007bc780000)
 ParOldGen       total 147456K, used 47862K [0x00000006e0000000, 0x00000006e9000000, 0x00000007a0000000)
  object space 147456K, 32% used [0x00000006e0000000,0x00000006e2ebda30,0x00000006e9000000)
 Metaspace       used 59176K, committed 59776K, reserved 917504K
  class space    used 8130K, committed 8448K, reserved 851968K
GC Heap History (17 events):
Event: 0,640 GC heap before
{Heap before GC invocations=1 (full 0):
 PSYoungGen      total 64512K, used 55296K [0x00000007a0000000, 0x00000007a4800000, 0x0000000800000000)
  eden space 55296K, 100% used [0x00000007a0000000,0x00000007a3600000,0x00000007a3600000)
  from space 9216K, 0% used [0x00000007a3f00000,0x00000007a3f00000,0x00000007a4800000)
  to   space 9216K, 0% used [0x00000007a3600000,0x00000007a3600000,0x00000007a3f00000)
 ParOldGen       total 147456K, used 0K [0x00000006e0000000, 0x00000006e9000000, 0x00000007a0000000)
  object space 147456K, 0% used [0x00000006e0000000,0x00000006e0000000,0x00000006e9000000)
 Metaspace       used 11541K, committed 11712K, reserved 917504K
  class space    used 1214K, committed 1280K, reserved 851968K
}
Event: 0,652 GC heap after
{Heap after GC invocations=1 (full 0):
 PSYoungGen      total 64512K, used 9213K [0x00000007a0000000, 0x00000007a7e00000, 0x0000000800000000)
  eden space 55296K, 0% used [0x00000007a0000000,0x00000007a0000000,0x00000007a3600000)
  from space 9216K, 99% used [0x00000007a3600000,0x00000007a3eff6b8,0x00000007a3f00000)
  to   space 9216K, 0% used [0x00000007a7500000,0x00000007a7500000,0x00000007a7e00000)
 ParOldGen       total 147456K, used 4654K [0x00000006e0000000, 0x00000006e9000000, 0x00000007a0000000)
  object space 147456K, 3% used [0x00000006e0000000,0x00000006e048bb20,0x00000006e9000000)
 Metaspace       used 11541K, committed 11712K, reserved 917504K
  class space    used 1214K, committed 1280K, reserved 851968K
}
Event: 1,362 GC heap before
{Heap before GC invocations=2 (full 0):
 PSYoungGen      total 64512K, used 45734K [0x00000007a0000000, 0x00000007a7e00000, 0x0000000800000000)
  eden space 55296K, 66% used [0x00000007a0000000,0x00000007a23aa3f0,0x00000007a3600000)
  from space 9216K, 99% used [0x00000007a3600000,0x00000007a3eff6b8,0x00000007a3f00000)
  to   space 9216K, 0% used [0x00000007a7500000,0x00000007a7500000,0x00000007a7e00000)
 ParOldGen       total 147456K, used 4654K [0x00000006e0000000, 0x00000006e9000000, 0x00000007a0000000)
  object space 147456K, 3% used [0x00000006e0000000,0x00000006e048bb20,0x00000006e9000000)
 Metaspace       used 21325K, committed 21504K, reserved 917504K
  class space    used 2536K, committed 2624K, reserved 851968K
}
Event: 1,368 GC heap after
{Heap after GC invocations=2 (full 0):
 PSYoungGen      total 119808K, used 9204K [0x00000007a0000000, 0x00000007a7e00000, 0x0000000800000000)
  eden space 110592K, 0% used [0x00000007a0000000,0x00000007a0000000,0x00000007a6c00000)
  from space 9216K, 99% used [0x00000007a7500000,0x00000007a7dfd2f0,0x00000007a7e00000)
  to   space 9216K, 0% used [0x00000007a6c00000,0x00000007a6c00000,0x00000007a7500000)
 ParOldGen       total 147456K, used 8086K [0x00000006e0000000, 0x00000006e9000000, 0x00000007a0000000)
  object space 147456K, 5% used [0x00000006e0000000,0x00000006e07e5828,0x00000006e9000000)
 Metaspace       used 21325K, committed 21504K, reserved 917504K
  class space    used 2536K, committed 2624K, reserved 851968K
}
Event: 1,368 GC heap before
{Heap before GC invocations=3 (full 1):
 PSYoungGen      total 119808K, used 9204K [0x00000007a0000000, 0x00000007a7e00000, 0x0000000800000000)
  eden space 110592K, 0% used [0x00000007a0000000,0x00000007a0000000,0x00000007a6c00000)
  from space 9216K, 99% used [0x00000007a7500000,0x00000007a7dfd2f0,0x00000007a7e00000)
  to   space 9216K, 0% used [0x00000007a6c00000,0x00000007a6c00000,0x00000007a7500000)
 ParOldGen       total 147456K, used 8086K [0x00000006e0000000, 0x00000006e9000000, 0x00000007a0000000)
  object space 147456K, 5% used [0x00000006e0000000,0x00000006e07e5828,0x00000006e9000000)
 Metaspace       used 21325K, committed 21504K, reserved 917504K
  class space    used 2536K, committed 2624K, reserved 851968K
}
Event: 1,380 GC heap after
{Heap after GC invocations=3 (full 1):
 PSYoungGen      total 119808K, used 0K [0x00000007a0000000, 0x00000007a7e00000, 0x0000000800000000)
  eden space 110592K, 0% used [0x00000007a0000000,0x00000007a0000000,0x00000007a6c00000)
  from space 9216K, 0% used [0x00000007a7500000,0x00000007a7500000,0x00000007a7e00000)
  to   space 9216K, 0% used [0x00000007a6c00000,0x00000007a6c00000,0x00000007a7500000)
 ParOldGen       total 147456K, used 16940K [0x00000006e0000000, 0x00000006e9000000, 0x00000007a0000000)
  object space 147456K, 11% used [0x00000006e0000000,0x00000006e108b138,0x00000006e9000000)
 Metaspace       used 21325K, committed 21504K, reserved 917504K
  class space    used 2536K, committed 2624K, reserved 851968K
}
Event: 2,323 GC heap before
{Heap before GC invocations=4 (full 1):
 PSYoungGen      total 119808K, used 110592K [0x00000007a0000000, 0x00000007a7e00000, 0x0000000800000000)
  eden space 110592K, 100% used [0x00000007a0000000,0x00000007a6c00000,0x00000007a6c00000)
  from space 9216K, 0% used [0x00000007a7500000,0x00000007a7500000,0x00000007a7e00000)
  to   space 9216K, 0% used [0x00000007a6c00000,0x00000007a6c00000,0x00000007a7500000)
 ParOldGen       total 147456K, used 16940K [0x00000006e0000000, 0x00000006e9000000, 0x00000007a0000000)
  object space 147456K, 11% used [0x00000006e0000000,0x00000006e108b138,0x00000006e9000000)
 Metaspace       used 33344K, committed 33728K, reserved 917504K
  class space    used 4589K, committed 4736K, reserved 851968K
}
Event: 2,329 GC heap after
{Heap after GC invocations=4 (full 1):
 PSYoungGen      total 119808K, used 9201K [0x00000007a0000000, 0x00000007aea00000, 0x0000000800000000)
  eden space 110592K, 0% used [0x00000007a0000000,0x00000007a0000000,0x00000007a6c00000)
  from space 9216K, 99% used [0x00000007a6c00000,0x00000007a74fc668,0x00000007a7500000)
  to   space 9216K, 0% used [0x00000007ae100000,0x00000007ae100000,0x00000007aea00000)
 ParOldGen       total 147456K, used 26027K [0x00000006e0000000, 0x00000006e9000000, 0x00000007a0000000)
  object space 147456K, 17% used [0x00000006e0000000,0x00000006e196ad78,0x00000006e9000000)
 Metaspace       used 33344K, committed 33728K, reserved 917504K
  class space    used 4589K, committed 4736K, reserved 851968K
}
Event: 2,474 GC heap before
{Heap before GC invocations=5 (full 1):
 PSYoungGen      total 119808K, used 27120K [0x00000007a0000000, 0x00000007aea00000, 0x0000000800000000)
  eden space 110592K, 16% used [0x00000007a0000000,0x00000007a117fba0,0x00000007a6c00000)
  from space 9216K, 99% used [0x00000007a6c00000,0x00000007a74fc668,0x00000007a7500000)
  to   space 9216K, 0% used [0x00000007ae100000,0x00000007ae100000,0x00000007aea00000)
 ParOldGen       total 147456K, used 26027K [0x00000006e0000000, 0x00000006e9000000, 0x00000007a0000000)
  object space 147456K, 17% used [0x00000006e0000000,0x00000006e196ad78,0x00000006e9000000)
 Metaspace       used 35480K, committed 35840K, reserved 917504K
  class space    used 4930K, committed 5120K, reserved 851968K
}
Event: 2,478 GC heap after
{Heap after GC invocations=5 (full 1):
 PSYoungGen      total 230400K, used 9185K [0x00000007a0000000, 0x00000007aea00000, 0x0000000800000000)
  eden space 221184K, 0% used [0x00000007a0000000,0x00000007a0000000,0x00000007ad800000)
  from space 9216K, 99% used [0x00000007ae100000,0x00000007ae9f8668,0x00000007aea00000)
  to   space 9216K, 0% used [0x00000007ad800000,0x00000007ad800000,0x00000007ae100000)
 ParOldGen       total 147456K, used 26833K [0x00000006e0000000, 0x00000006e9000000, 0x00000007a0000000)
  object space 147456K, 18% used [0x00000006e0000000,0x00000006e1a34580,0x00000006e9000000)
 Metaspace       used 35480K, committed 35840K, reserved 917504K
  class space    used 4930K, committed 5120K, reserved 851968K
}
Event: 2,478 GC heap before
{Heap before GC invocations=6 (full 2):
 PSYoungGen      total 230400K, used 9185K [0x00000007a0000000, 0x00000007aea00000, 0x0000000800000000)
  eden space 221184K, 0% used [0x00000007a0000000,0x00000007a0000000,0x00000007ad800000)
  from space 9216K, 99% used [0x00000007ae100000,0x00000007ae9f8668,0x00000007aea00000)
  to   space 9216K, 0% used [0x00000007ad800000,0x00000007ad800000,0x00000007ae100000)
 ParOldGen       total 147456K, used 26833K [0x00000006e0000000, 0x00000006e9000000, 0x00000007a0000000)
  object space 147456K, 18% used [0x00000006e0000000,0x00000006e1a34580,0x00000006e9000000)
 Metaspace       used 35480K, committed 35840K, reserved 917504K
  class space    used 4930K, committed 5120K, reserved 851968K
}
Event: 2,497 GC heap after
{Heap after GC invocations=6 (full 2):
 PSYoungGen      total 230400K, used 0K [0x00000007a0000000, 0x00000007aea00000, 0x0000000800000000)
  eden space 221184K, 0% used [0x00000007a0000000,0x00000007a0000000,0x00000007ad800000)
  from space 9216K, 0% used [0x00000007ae100000,0x00000007ae100000,0x00000007aea00000)
  to   space 9216K, 0% used [0x00000007ad800000,0x00000007ad800000,0x00000007ae100000)
 ParOldGen       total 147456K, used 35572K [0x00000006e0000000, 0x00000006e9000000, 0x00000007a0000000)
  object space 147456K, 24% used [0x00000006e0000000,0x00000006e22bd3b8,0x00000006e9000000)
 Metaspace       used 35480K, committed 35840K, reserved 917504K
  class space    used 4930K, committed 5120K, reserved 851968K
}
Event: 4,272 GC heap before
{Heap before GC invocations=7 (full 2):
 PSYoungGen      total 230400K, used 221184K [0x00000007a0000000, 0x00000007aea00000, 0x0000000800000000)
  eden space 221184K, 100% used [0x00000007a0000000,0x00000007ad800000,0x00000007ad800000)
  from space 9216K, 0% used [0x00000007ae100000,0x00000007ae100000,0x00000007aea00000)
  to   space 9216K, 0% used [0x00000007ad800000,0x00000007ad800000,0x00000007ae100000)
 ParOldGen       total 147456K, used 35572K [0x00000006e0000000, 0x00000006e9000000, 0x00000007a0000000)
  object space 147456K, 24% used [0x00000006e0000000,0x00000006e22bd3b8,0x00000006e9000000)
 Metaspace       used 58539K, committed 59200K, reserved 917504K
  class space    used 8032K, committed 8320K, reserved 851968K
}
Event: 4,280 GC heap after
{Heap after GC invocations=7 (full 2):
 PSYoungGen      total 230400K, used 9197K [0x00000007a0000000, 0x00000007bdf00000, 0x0000000800000000)
  eden space 221184K, 0% used [0x00000007a0000000,0x00000007a0000000,0x00000007ad800000)
  from space 9216K, 99% used [0x00000007ad800000,0x00000007ae0fb430,0x00000007ae100000)
  to   space 24064K, 0% used [0x00000007bc780000,0x00000007bc780000,0x00000007bdf00000)
 ParOldGen       total 147456K, used 47854K [0x00000006e0000000, 0x00000006e9000000, 0x00000007a0000000)
  object space 147456K, 32% used [0x00000006e0000000,0x00000006e2ebba30,0x00000006e9000000)
 Metaspace       used 58539K, committed 59200K, reserved 917504K
  class space    used 8032K, committed 8320K, reserved 851968K
}
Event: 4,358 GC heap before
{Heap before GC invocations=8 (full 2):
 PSYoungGen      total 230400K, used 19021K [0x00000007a0000000, 0x00000007bdf00000, 0x0000000800000000)
  eden space 221184K, 4% used [0x00000007a0000000,0x00000007a09981c8,0x00000007ad800000)
  from space 9216K, 99% used [0x00000007ad800000,0x00000007ae0fb430,0x00000007ae100000)
  to   space 24064K, 0% used [0x00000007bc780000,0x00000007bc780000,0x00000007bdf00000)
 ParOldGen       total 147456K, used 47854K [0x00000006e0000000, 0x00000006e9000000, 0x00000007a0000000)
  object space 147456K, 32% used [0x00000006e0000000,0x00000006e2ebba30,0x00000006e9000000)
 Metaspace       used 59176K, committed 59776K, reserved 917504K
  class space    used 8130K, committed 8448K, reserved 851968K
}
Event: 4,363 GC heap after
{Heap after GC invocations=8 (full 2):
 PSYoungGen      total 466432K, used 9656K [0x00000007a0000000, 0x00000007bdf00000, 0x0000000800000000)
  eden space 442368K, 0% used [0x00000007a0000000,0x00000007a0000000,0x00000007bb000000)
  from space 24064K, 40% used [0x00000007bc780000,0x00000007bd0ee250,0x00000007bdf00000)
  to   space 24064K, 0% used [0x00000007bb000000,0x00000007bb000000,0x00000007bc780000)
 ParOldGen       total 147456K, used 47862K [0x00000006e0000000, 0x00000006e9000000, 0x00000007a0000000)
  object space 147456K, 32% used [0x00000006e0000000,0x00000006e2ebda30,0x00000006e9000000)
 Metaspace       used 59176K, committed 59776K, reserved 917504K
  class space    used 8130K, committed 8448K, reserved 851968K
}
Event: 4,363 GC heap before
{Heap before GC invocations=9 (full 3):
 PSYoungGen      total 466432K, used 9656K [0x00000007a0000000, 0x00000007bdf00000, 0x0000000800000000)
  eden space 442368K, 0% used [0x00000007a0000000,0x00000007a0000000,0x00000007bb000000)
  from space 24064K, 40% used [0x00000007bc780000,0x00000007bd0ee250,0x00000007bdf00000)
  to   space 24064K, 0% used [0x00000007bb000000,0x00000007bb000000,0x00000007bc780000)
 ParOldGen       total 147456K, used 47862K [0x00000006e0000000, 0x00000006e9000000, 0x00000007a0000000)
  object space 147456K, 32% used [0x00000006e0000000,0x00000006e2ebda30,0x00000006e9000000)
 Metaspace       used 59176K, committed 59776K, reserved 917504K
  class space    used 8130K, committed 8448K, reserved 851968K
}

