# JRE version: OpenJDK Runtime Environment (17.0.9) (build 17.0.9+0-17.0.9b1087.7-11185874)
# Java VM: OpenJDK 64-Bit Server VM (17.0.9+0-17.0.9b1087.7-11185874, mixed mode, tiered, compressed oops, compressed class ptrs, g1 gc, linux-amd64)
GC Precious Log:
 CPUs: 16 total, 12 available
 Memory: 13817M
 Large Page Support: Disabled
 NUMA Support: Disabled
 Compressed Oops: Enabled (Zero based)
 Heap Region Size: 4M
 Heap Min Capacity: 8M
 Heap Initial Capacity: 216M
 Heap Max Capacity: 4608M
 Pre-touch: Disabled
 Parallel Workers: 10
 Concurrent Workers: 3
 Concurrent Refinement Workers: 10
 Periodic GC: Disabled
Heap:
 garbage-first heap   total 212992K, used 135212K [0x00000006e0000000, 0x0000000800000000)
  region size 4096K, 12 young (49152K), 2 survivors (8192K)
 Metaspace       used 98480K, committed 99200K, reserved 1179648K
  class space    used 13618K, committed 13952K, reserved 1048576K
GC Heap History (20 events):
Event: 4,181 GC heap before
{Heap before GC invocations=21 (full 0):
 garbage-first heap   total 143360K, used 102962K [0x00000006e0000000, 0x0000000800000000)
  region size 4096K, 10 young (40960K), 2 survivors (8192K)
 Metaspace       used 71090K, committed 71680K, reserved 1114112K
  class space    used 9647K, committed 9984K, reserved 1048576K
}
Event: 4,184 GC heap after
{Heap after GC invocations=22 (full 0):
 garbage-first heap   total 143360K, used 69835K [0x00000006e0000000, 0x0000000800000000)
  region size 4096K, 1 young (4096K), 1 survivors (4096K)
 Metaspace       used 71090K, committed 71680K, reserved 1114112K
  class space    used 9647K, committed 9984K, reserved 1048576K
}
Event: 4,451 GC heap before
{Heap before GC invocations=23 (full 0):
 garbage-first heap   total 143360K, used 102603K [0x00000006e0000000, 0x0000000800000000)
  region size 4096K, 10 young (40960K), 1 survivors (4096K)
 Metaspace       used 74629K, committed 75264K, reserved 1114112K
  class space    used 10119K, committed 10432K, reserved 1048576K
}
Event: 4,453 GC heap after
{Heap after GC invocations=24 (full 0):
 garbage-first heap   total 143360K, used 72115K [0x00000006e0000000, 0x0000000800000000)
  region size 4096K, 2 young (8192K), 2 survivors (8192K)
 Metaspace       used 74629K, committed 75264K, reserved 1114112K
  class space    used 10119K, committed 10432K, reserved 1048576K
}
Event: 4,634 GC heap before
{Heap before GC invocations=25 (full 0):
 garbage-first heap   total 143360K, used 108979K [0x00000006e0000000, 0x0000000800000000)
  region size 4096K, 10 young (40960K), 2 survivors (8192K)
 Metaspace       used 77713K, committed 78336K, reserved 1179648K
  class space    used 10572K, committed 10880K, reserved 1048576K
}
Event: 4,637 GC heap after
{Heap after GC invocations=26 (full 0):
 garbage-first heap   total 143360K, used 77805K [0x00000006e0000000, 0x0000000800000000)
  region size 4096K, 2 young (8192K), 2 survivors (8192K)
 Metaspace       used 77713K, committed 78336K, reserved 1179648K
  class space    used 10572K, committed 10880K, reserved 1048576K
}
Event: 4,814 GC heap before
{Heap before GC invocations=26 (full 0):
 garbage-first heap   total 143360K, used 110573K [0x00000006e0000000, 0x0000000800000000)
  region size 4096K, 10 young (40960K), 2 survivors (8192K)
 Metaspace       used 80596K, committed 81216K, reserved 1179648K
  class space    used 10970K, committed 11264K, reserved 1048576K
}
Event: 4,817 GC heap after
{Heap after GC invocations=27 (full 0):
 garbage-first heap   total 143360K, used 79534K [0x00000006e0000000, 0x0000000800000000)
  region size 4096K, 2 young (8192K), 2 survivors (8192K)
 Metaspace       used 80596K, committed 81216K, reserved 1179648K
  class space    used 10970K, committed 11264K, reserved 1048576K
}
Event: 4,995 GC heap before
{Heap before GC invocations=28 (full 0):
 garbage-first heap   total 151552K, used 108206K [0x00000006e0000000, 0x0000000800000000)
  region size 4096K, 10 young (40960K), 2 survivors (8192K)
 Metaspace       used 82584K, committed 83200K, reserved 1179648K
  class space    used 11160K, committed 11456K, reserved 1048576K
}
Event: 4,999 GC heap after
{Heap after GC invocations=29 (full 0):
 garbage-first heap   total 151552K, used 81501K [0x00000006e0000000, 0x0000000800000000)
  region size 4096K, 2 young (8192K), 2 survivors (8192K)
 Metaspace       used 82584K, committed 83200K, reserved 1179648K
  class space    used 11160K, committed 11456K, reserved 1048576K
}
Event: 5,151 GC heap before
{Heap before GC invocations=29 (full 0):
 garbage-first heap   total 151552K, used 118365K [0x00000006e0000000, 0x0000000800000000)
  region size 4096K, 11 young (45056K), 2 survivors (8192K)
 Metaspace       used 83223K, committed 83904K, reserved 1179648K
  class space    used 11262K, committed 11584K, reserved 1048576K
}
Event: 5,155 GC heap after
{Heap after GC invocations=30 (full 0):
 garbage-first heap   total 192512K, used 84886K [0x00000006e0000000, 0x0000000800000000)
  region size 4096K, 2 young (8192K), 2 survivors (8192K)
 Metaspace       used 83223K, committed 83904K, reserved 1179648K
  class space    used 11262K, committed 11584K, reserved 1048576K
}
Event: 5,513 GC heap before
{Heap before GC invocations=31 (full 0):
 garbage-first heap   total 192512K, used 150422K [0x00000006e0000000, 0x0000000800000000)
  region size 4096K, 18 young (73728K), 2 survivors (8192K)
 Metaspace       used 85948K, committed 86592K, reserved 1179648K
  class space    used 11600K, committed 11904K, reserved 1048576K
}
Event: 5,518 GC heap after
{Heap after GC invocations=32 (full 0):
 garbage-first heap   total 192512K, used 90616K [0x00000006e0000000, 0x0000000800000000)
  region size 4096K, 3 young (12288K), 3 survivors (12288K)
 Metaspace       used 85948K, committed 86592K, reserved 1179648K
  class space    used 11600K, committed 11904K, reserved 1048576K
}
Event: 5,790 GC heap before
{Heap before GC invocations=32 (full 0):
 garbage-first heap   total 192512K, used 147960K [0x00000006e0000000, 0x0000000800000000)
  region size 4096K, 17 young (69632K), 3 survivors (12288K)
 Metaspace       used 90041K, committed 90752K, reserved 1179648K
  class space    used 12210K, committed 12544K, reserved 1048576K
}
Event: 5,793 GC heap after
{Heap after GC invocations=33 (full 0):
 garbage-first heap   total 192512K, used 92918K [0x00000006e0000000, 0x0000000800000000)
  region size 4096K, 3 young (12288K), 3 survivors (12288K)
 Metaspace       used 90041K, committed 90752K, reserved 1179648K
  class space    used 12210K, committed 12544K, reserved 1048576K
}
Event: 6,080 GC heap before
{Heap before GC invocations=33 (full 0):
 garbage-first heap   total 192512K, used 150262K [0x00000006e0000000, 0x0000000800000000)
  region size 4096K, 17 young (69632K), 3 survivors (12288K)
 Metaspace       used 94352K, committed 95040K, reserved 1179648K
  class space    used 12980K, committed 13312K, reserved 1048576K
}
Event: 6,084 GC heap after
{Heap after GC invocations=34 (full 0):
 garbage-first heap   total 192512K, used 95640K [0x00000006e0000000, 0x0000000800000000)
  region size 4096K, 2 young (8192K), 2 survivors (8192K)
 Metaspace       used 94352K, committed 95040K, reserved 1179648K
  class space    used 12980K, committed 13312K, reserved 1048576K
}
Event: 6,386 GC heap before
{Heap before GC invocations=34 (full 0):
 garbage-first heap   total 192512K, used 152984K [0x00000006e0000000, 0x0000000800000000)
  region size 4096K, 16 young (65536K), 2 survivors (8192K)
 Metaspace       used 97482K, committed 98176K, reserved 1179648K
  class space    used 13463K, committed 13760K, reserved 1048576K
}
Event: 6,390 GC heap after
{Heap after GC invocations=35 (full 0):
 garbage-first heap   total 192512K, used 98348K [0x00000006e0000000, 0x0000000800000000)
  region size 4096K, 2 young (8192K), 2 survivors (8192K)
 Metaspace       used 97482K, committed 98176K, reserved 1179648K
  class space    used 13463K, committed 13760K, reserved 1048576K
}

