# JRE version: OpenJDK Runtime Environment (17.0.9) (build 17.0.9+0-17.0.9b1087.7-11185874)
# Java VM: OpenJDK 64-Bit Server VM (17.0.9+0-17.0.9b1087.7-11185874, mixed mode, tiered, compressed oops, compressed class ptrs, parallel gc, linux-amd64)
GC Precious Log:
 CPUs: 16 total, 12 available
 Memory: 13817M
 Large Page Support: Disabled
 NUMA Support: Disabled
 Compressed Oops: Enabled (Zero based)
 Alignments: Space 512K, Generation 512K, Heap 2M
 Heap Min Capacity: 8M
 Heap Initial Capacity: 216M
 Heap Max Capacity: 4608M
 Pre-touch: Disabled
 Parallel Workers: 10
Heap:
 PSYoungGen      total 556032K, used 68074K [0x00000007a0000000, 0x00000007d9f00000, 0x0000000800000000)
  eden space 487936K, 0% used [0x00000007a0000000,0x00000007a0000000,0x00000007bdc80000)
  from space 68096K, 99% used [0x00000007bdc80000,0x00000007c1efaa08,0x00000007c1f00000)
  to   space 148992K, 0% used [0x00000007d0d80000,0x00000007d0d80000,0x00000007d9f00000)
 ParOldGen       total 380928K, used 380873K [0x00000006e0000000, 0x00000006f7400000, 0x00000007a0000000)
  object space 380928K, 99% used [0x00000006e0000000,0x00000006f73f2688,0x00000006f7400000)
 Metaspace       used 143541K, committed 144960K, reserved 983040K
  class space    used 19269K, committed 19968K, reserved 851968K
GC Heap History (20 events):
Event: 9,312 GC heap after
{Heap after GC invocations=15 (full 3):
 PSYoungGen      total 289792K, used 5302K [0x00000007a0000000, 0x00000007b3b00000, 0x0000000800000000)
  eden space 258560K, 0% used [0x00000007a0000000,0x00000007a0000000,0x00000007afc80000)
  from space 31232K, 16% used [0x00000007b1b80000,0x00000007b20ad990,0x00000007b3a00000)
  to   space 31744K, 0% used [0x00000007afc80000,0x00000007afc80000,0x00000007b1b80000)
 ParOldGen       total 147456K, used 105609K [0x00000006e0000000, 0x00000006e9000000, 0x00000007a0000000)
  object space 147456K, 71% used [0x00000006e0000000,0x00000006e6722448,0x00000006e9000000)
 Metaspace       used 98844K, committed 99648K, reserved 983040K
  class space    used 13622K, committed 14016K, reserved 851968K
}
Event: 9,312 GC heap before
{Heap before GC invocations=16 (full 4):
 PSYoungGen      total 289792K, used 5302K [0x00000007a0000000, 0x00000007b3b00000, 0x0000000800000000)
  eden space 258560K, 0% used [0x00000007a0000000,0x00000007a0000000,0x00000007afc80000)
  from space 31232K, 16% used [0x00000007b1b80000,0x00000007b20ad990,0x00000007b3a00000)
  to   space 31744K, 0% used [0x00000007afc80000,0x00000007afc80000,0x00000007b1b80000)
 ParOldGen       total 147456K, used 105609K [0x00000006e0000000, 0x00000006e9000000, 0x00000007a0000000)
  object space 147456K, 71% used [0x00000006e0000000,0x00000006e6722448,0x00000006e9000000)
 Metaspace       used 98844K, committed 99648K, reserved 983040K
  class space    used 13622K, committed 14016K, reserved 851968K
}
Event: 9,362 GC heap after
{Heap after GC invocations=16 (full 4):
 PSYoungGen      total 289792K, used 0K [0x00000007a0000000, 0x00000007b3b00000, 0x0000000800000000)
  eden space 258560K, 0% used [0x00000007a0000000,0x00000007a0000000,0x00000007afc80000)
  from space 31232K, 0% used [0x00000007b1b80000,0x00000007b1b80000,0x00000007b3a00000)
  to   space 31744K, 0% used [0x00000007afc80000,0x00000007afc80000,0x00000007b1b80000)
 ParOldGen       total 147456K, used 105788K [0x00000006e0000000, 0x00000006e9000000, 0x00000007a0000000)
  object space 147456K, 71% used [0x00000006e0000000,0x00000006e674f198,0x00000006e9000000)
 Metaspace       used 98844K, committed 99648K, reserved 983040K
  class space    used 13622K, committed 14016K, reserved 851968K
}
Event: 10,465 GC heap before
{Heap before GC invocations=17 (full 4):
 PSYoungGen      total 289792K, used 258560K [0x00000007a0000000, 0x00000007b3b00000, 0x0000000800000000)
  eden space 258560K, 100% used [0x00000007a0000000,0x00000007afc80000,0x00000007afc80000)
  from space 31232K, 0% used [0x00000007b1b80000,0x00000007b1b80000,0x00000007b3a00000)
  to   space 31744K, 0% used [0x00000007afc80000,0x00000007afc80000,0x00000007b1b80000)
 ParOldGen       total 147456K, used 105788K [0x00000006e0000000, 0x00000006e9000000, 0x00000007a0000000)
  object space 147456K, 71% used [0x00000006e0000000,0x00000006e674f198,0x00000006e9000000)
 Metaspace       used 108138K, committed 109056K, reserved 983040K
  class space    used 14840K, committed 15296K, reserved 851968K
}
Event: 10,479 GC heap after
{Heap after GC invocations=17 (full 4):
 PSYoungGen      total 290304K, used 31716K [0x00000007a0000000, 0x00000007be500000, 0x0000000800000000)
  eden space 258560K, 0% used [0x00000007a0000000,0x00000007a0000000,0x00000007afc80000)
  from space 31744K, 99% used [0x00000007afc80000,0x00000007b1b79188,0x00000007b1b80000)
  to   space 41472K, 0% used [0x00000007bbc80000,0x00000007bbc80000,0x00000007be500000)
 ParOldGen       total 147456K, used 119756K [0x00000006e0000000, 0x00000006e9000000, 0x00000007a0000000)
  object space 147456K, 81% used [0x00000006e0000000,0x00000006e74f31c8,0x00000006e9000000)
 Metaspace       used 108138K, committed 109056K, reserved 983040K
  class space    used 14840K, committed 15296K, reserved 851968K
}
Event: 11,216 GC heap before
{Heap before GC invocations=18 (full 4):
 PSYoungGen      total 290304K, used 290276K [0x00000007a0000000, 0x00000007be500000, 0x0000000800000000)
  eden space 258560K, 100% used [0x00000007a0000000,0x00000007afc80000,0x00000007afc80000)
  from space 31744K, 99% used [0x00000007afc80000,0x00000007b1b79188,0x00000007b1b80000)
  to   space 41472K, 0% used [0x00000007bbc80000,0x00000007bbc80000,0x00000007be500000)
 ParOldGen       total 147456K, used 119756K [0x00000006e0000000, 0x00000006e9000000, 0x00000007a0000000)
  object space 147456K, 81% used [0x00000006e0000000,0x00000006e74f31c8,0x00000006e9000000)
 Metaspace       used 108179K, committed 109056K, reserved 983040K
  class space    used 14847K, committed 15296K, reserved 851968K
}
Event: 11,226 GC heap after
{Heap after GC invocations=18 (full 4):
 PSYoungGen      total 454144K, used 6368K [0x00000007a0000000, 0x00000007be400000, 0x0000000800000000)
  eden space 413696K, 0% used [0x00000007a0000000,0x00000007a0000000,0x00000007b9400000)
  from space 40448K, 15% used [0x00000007bbc80000,0x00000007bc2b8040,0x00000007be400000)
  to   space 40960K, 0% used [0x00000007b9400000,0x00000007b9400000,0x00000007bbc00000)
 ParOldGen       total 150016K, used 149535K [0x00000006e0000000, 0x00000006e9280000, 0x00000007a0000000)
  object space 150016K, 99% used [0x00000006e0000000,0x00000006e9207da8,0x00000006e9280000)
 Metaspace       used 108179K, committed 109056K, reserved 983040K
  class space    used 14847K, committed 15296K, reserved 851968K
}
Event: 11,226 GC heap before
{Heap before GC invocations=19 (full 5):
 PSYoungGen      total 454144K, used 6368K [0x00000007a0000000, 0x00000007be400000, 0x0000000800000000)
  eden space 413696K, 0% used [0x00000007a0000000,0x00000007a0000000,0x00000007b9400000)
  from space 40448K, 15% used [0x00000007bbc80000,0x00000007bc2b8040,0x00000007be400000)
  to   space 40960K, 0% used [0x00000007b9400000,0x00000007b9400000,0x00000007bbc00000)
 ParOldGen       total 150016K, used 149535K [0x00000006e0000000, 0x00000006e9280000, 0x00000007a0000000)
  object space 150016K, 99% used [0x00000006e0000000,0x00000006e9207da8,0x00000006e9280000)
 Metaspace       used 108179K, committed 109056K, reserved 983040K
  class space    used 14847K, committed 15296K, reserved 851968K
}
Event: 11,302 GC heap after
{Heap after GC invocations=19 (full 5):
 PSYoungGen      total 454656K, used 3142K [0x00000007a0000000, 0x00000007c2000000, 0x0000000800000000)
  eden space 414208K, 0% used [0x00000007a0000000,0x00000007a0000000,0x00000007b9480000)
  from space 40448K, 7% used [0x00000007bbc80000,0x00000007bbf91b70,0x00000007be400000)
  to   space 40960K, 0% used [0x00000007b9480000,0x00000007b9480000,0x00000007bbc80000)
 ParOldGen       total 274432K, used 149622K [0x00000006e0000000, 0x00000006f0c00000, 0x00000007a0000000)
  object space 274432K, 54% used [0x00000006e0000000,0x00000006e921db88,0x00000006f0c00000)
 Metaspace       used 108179K, committed 109056K, reserved 983040K
  class space    used 14847K, committed 15296K, reserved 851968K
}
Event: 12,997 GC heap before
{Heap before GC invocations=20 (full 5):
 PSYoungGen      total 454656K, used 417350K [0x00000007a0000000, 0x00000007c2000000, 0x0000000800000000)
  eden space 414208K, 100% used [0x00000007a0000000,0x00000007b9480000,0x00000007b9480000)
  from space 40448K, 7% used [0x00000007bbc80000,0x00000007bbf91b70,0x00000007be400000)
  to   space 40960K, 0% used [0x00000007b9480000,0x00000007b9480000,0x00000007bbc80000)
 ParOldGen       total 274432K, used 149622K [0x00000006e0000000, 0x00000006f0c00000, 0x00000007a0000000)
  object space 274432K, 54% used [0x00000006e0000000,0x00000006e921db88,0x00000006f0c00000)
 Metaspace       used 108185K, committed 109056K, reserved 983040K
  class space    used 14848K, committed 15296K, reserved 851968K
}
Event: 13,006 GC heap after
{Heap after GC invocations=20 (full 5):
 PSYoungGen      total 455168K, used 9472K [0x00000007a0000000, 0x00000007c1780000, 0x0000000800000000)
  eden space 414208K, 0% used [0x00000007a0000000,0x00000007a0000000,0x00000007b9480000)
  from space 40960K, 23% used [0x00000007b9480000,0x00000007b9dc0040,0x00000007bbc80000)
  to   space 39936K, 0% used [0x00000007bf080000,0x00000007bf080000,0x00000007c1780000)
 ParOldGen       total 274432K, used 152734K [0x00000006e0000000, 0x00000006f0c00000, 0x00000007a0000000)
  object space 274432K, 55% used [0x00000006e0000000,0x00000006e9527b88,0x00000006f0c00000)
 Metaspace       used 108185K, committed 109056K, reserved 983040K
  class space    used 14848K, committed 15296K, reserved 851968K
}
Event: 14,507 GC heap before
{Heap before GC invocations=21 (full 5):
 PSYoungGen      total 455168K, used 423680K [0x00000007a0000000, 0x00000007c1780000, 0x0000000800000000)
  eden space 414208K, 100% used [0x00000007a0000000,0x00000007b9480000,0x00000007b9480000)
  from space 40960K, 23% used [0x00000007b9480000,0x00000007b9dc0040,0x00000007bbc80000)
  to   space 39936K, 0% used [0x00000007bf080000,0x00000007bf080000,0x00000007c1780000)
 ParOldGen       total 274432K, used 152734K [0x00000006e0000000, 0x00000006f0c00000, 0x00000007a0000000)
  object space 274432K, 55% used [0x00000006e0000000,0x00000006e9527b88,0x00000006f0c00000)
 Metaspace       used 120096K, committed 121024K, reserved 983040K
  class space    used 16294K, committed 16704K, reserved 851968K
}
Event: 14,522 GC heap after
{Heap after GC invocations=21 (full 5):
 PSYoungGen      total 503296K, used 36051K [0x00000007a0000000, 0x00000007c2080000, 0x0000000800000000)
  eden space 463360K, 0% used [0x00000007a0000000,0x00000007a0000000,0x00000007bc480000)
  from space 39936K, 90% used [0x00000007bf080000,0x00000007c13b4da0,0x00000007c1780000)
  to   space 45056K, 0% used [0x00000007bc480000,0x00000007bc480000,0x00000007bf080000)
 ParOldGen       total 274432K, used 152806K [0x00000006e0000000, 0x00000006f0c00000, 0x00000007a0000000)
  object space 274432K, 55% used [0x00000006e0000000,0x00000006e9539b98,0x00000006f0c00000)
 Metaspace       used 120096K, committed 121024K, reserved 983040K
  class space    used 16294K, committed 16704K, reserved 851968K
}
Event: 131,929 GC heap before
{Heap before GC invocations=22 (full 5):
 PSYoungGen      total 503296K, used 499411K [0x00000007a0000000, 0x00000007c2080000, 0x0000000800000000)
  eden space 463360K, 100% used [0x00000007a0000000,0x00000007bc480000,0x00000007bc480000)
  from space 39936K, 90% used [0x00000007bf080000,0x00000007c13b4da0,0x00000007c1780000)
  to   space 45056K, 0% used [0x00000007bc480000,0x00000007bc480000,0x00000007bf080000)
 ParOldGen       total 274432K, used 152806K [0x00000006e0000000, 0x00000006f0c00000, 0x00000007a0000000)
  object space 274432K, 55% used [0x00000006e0000000,0x00000006e9539b98,0x00000006f0c00000)
 Metaspace       used 138283K, committed 139648K, reserved 983040K
  class space    used 18548K, committed 19264K, reserved 851968K
}
Event: 132,165 GC heap after
{Heap after GC invocations=22 (full 5):
 PSYoungGen      total 508416K, used 45031K [0x00000007a0000000, 0x00000007c5900000, 0x0000000800000000)
  eden space 463360K, 0% used [0x00000007a0000000,0x00000007a0000000,0x00000007bc480000)
  from space 45056K, 99% used [0x00000007bc480000,0x00000007bf079d08,0x00000007bf080000)
  to   space 59392K, 0% used [0x00000007c1f00000,0x00000007c1f00000,0x00000007c5900000)
 ParOldGen       total 274432K, used 172694K [0x00000006e0000000, 0x00000006f0c00000, 0x00000007a0000000)
  object space 274432K, 62% used [0x00000006e0000000,0x00000006ea8a5ba0,0x00000006f0c00000)
 Metaspace       used 138283K, committed 139648K, reserved 983040K
  class space    used 18548K, committed 19264K, reserved 851968K
}
Event: 132,600 GC heap before
{Heap before GC invocations=23 (full 5):
 PSYoungGen      total 508416K, used 508391K [0x00000007a0000000, 0x00000007c5900000, 0x0000000800000000)
  eden space 463360K, 100% used [0x00000007a0000000,0x00000007bc480000,0x00000007bc480000)
  from space 45056K, 99% used [0x00000007bc480000,0x00000007bf079d08,0x00000007bf080000)
  to   space 59392K, 0% used [0x00000007c1f00000,0x00000007c1f00000,0x00000007c5900000)
 ParOldGen       total 274432K, used 172694K [0x00000006e0000000, 0x00000006f0c00000, 0x00000007a0000000)
  object space 274432K, 62% used [0x00000006e0000000,0x00000006ea8a5ba0,0x00000006f0c00000)
 Metaspace       used 139334K, committed 140736K, reserved 983040K
  class space    used 18643K, committed 19392K, reserved 851968K
}
Event: 132,821 GC heap after
{Heap after GC invocations=23 (full 5):
 PSYoungGen      total 547328K, used 55565K [0x00000007a0000000, 0x00000007cc880000, 0x0000000800000000)
  eden space 487936K, 0% used [0x00000007a0000000,0x00000007a0000000,0x00000007bdc80000)
  from space 59392K, 93% used [0x00000007c1f00000,0x00000007c5543538,0x00000007c5900000)
  to   space 68096K, 0% used [0x00000007bdc80000,0x00000007bdc80000,0x00000007c1f00000)
 ParOldGen       total 274432K, used 192196K [0x00000006e0000000, 0x00000006f0c00000, 0x00000007a0000000)
  object space 274432K, 70% used [0x00000006e0000000,0x00000006ebbb1268,0x00000006f0c00000)
 Metaspace       used 139334K, committed 140736K, reserved 983040K
  class space    used 18643K, committed 19392K, reserved 851968K
}
Event: 133,231 GC heap before
{Heap before GC invocations=24 (full 5):
 PSYoungGen      total 547328K, used 515921K [0x00000007a0000000, 0x00000007cc880000, 0x0000000800000000)
  eden space 487936K, 94% used [0x00000007a0000000,0x00000007bc1910c0,0x00000007bdc80000)
  from space 59392K, 93% used [0x00000007c1f00000,0x00000007c5543538,0x00000007c5900000)
  to   space 68096K, 0% used [0x00000007bdc80000,0x00000007bdc80000,0x00000007c1f00000)
 ParOldGen       total 274432K, used 192196K [0x00000006e0000000, 0x00000006f0c00000, 0x00000007a0000000)
  object space 274432K, 70% used [0x00000006e0000000,0x00000006ebbb1268,0x00000006f0c00000)
 Metaspace       used 143541K, committed 144960K, reserved 983040K
  class space    used 19269K, committed 19968K, reserved 851968K
}
Event: 133,660 GC heap after
{Heap after GC invocations=24 (full 5):
 PSYoungGen      total 556032K, used 68074K [0x00000007a0000000, 0x00000007d9f00000, 0x0000000800000000)
  eden space 487936K, 0% used [0x00000007a0000000,0x00000007a0000000,0x00000007bdc80000)
  from space 68096K, 99% used [0x00000007bdc80000,0x00000007c1efaa08,0x00000007c1f00000)
  to   space 148992K, 0% used [0x00000007d0d80000,0x00000007d0d80000,0x00000007d9f00000)
 ParOldGen       total 380928K, used 380873K [0x00000006e0000000, 0x00000006f7400000, 0x00000007a0000000)
  object space 380928K, 99% used [0x00000006e0000000,0x00000006f73f2688,0x00000006f7400000)
 Metaspace       used 143541K, committed 144960K, reserved 983040K
  class space    used 19269K, committed 19968K, reserved 851968K
}
Event: 133,660 GC heap before
{Heap before GC invocations=25 (full 6):
 PSYoungGen      total 556032K, used 68074K [0x00000007a0000000, 0x00000007d9f00000, 0x0000000800000000)
  eden space 487936K, 0% used [0x00000007a0000000,0x00000007a0000000,0x00000007bdc80000)
  from space 68096K, 99% used [0x00000007bdc80000,0x00000007c1efaa08,0x00000007c1f00000)
  to   space 148992K, 0% used [0x00000007d0d80000,0x00000007d0d80000,0x00000007d9f00000)
 ParOldGen       total 380928K, used 380873K [0x00000006e0000000, 0x00000006f7400000, 0x00000007a0000000)
  object space 380928K, 99% used [0x00000006e0000000,0x00000006f73f2688,0x00000006f7400000)
 Metaspace       used 143541K, committed 144960K, reserved 983040K
  class space    used 19269K, committed 19968K, reserved 851968K
}

