# JRE version: OpenJDK Runtime Environment (17.0.9) (build 17.0.9+0-17.0.9b1087.7-11185874)
# Java VM: OpenJDK 64-Bit Server VM (17.0.9+0-17.0.9b1087.7-11185874, mixed mode, tiered, compressed oops, compressed class ptrs, g1 gc, linux-amd64)
GC Precious Log:
 CPUs: 16 total, 12 available
 Memory: 13817M
 Large Page Support: Disabled
 NUMA Support: Disabled
 Compressed Oops: Enabled (Zero based)
 Heap Region Size: 4M
 Heap Min Capacity: 8M
 Heap Initial Capacity: 216M
 Heap Max Capacity: 4608M
 Pre-touch: Disabled
 Parallel Workers: 10
 Concurrent Workers: 3
 Concurrent Refinement Workers: 10
 Periodic GC: Disabled
Heap:
 garbage-first heap   total 135168K, used 71968K [0x00000006e0000000, 0x0000000800000000)
  region size 4096K, 4 young (16384K), 2 survivors (8192K)
 Metaspace       used 72795K, committed 73408K, reserved 1114112K
  class space    used 9881K, committed 10176K, reserved 1048576K
GC Heap History (20 events):
Event: 3,078 GC heap before
{Heap before GC invocations=11 (full 0):
 garbage-first heap   total 102400K, used 70223K [0x00000006e0000000, 0x0000000800000000)
  region size 4096K, 12 young (49152K), 2 survivors (8192K)
 Metaspace       used 49946K, committed 50368K, reserved 1114112K
  class space    used 6807K, committed 6976K, reserved 1048576K
}
Event: 3,082 GC heap after
{Heap after GC invocations=12 (full 0):
 garbage-first heap   total 102400K, used 31219K [0x00000006e0000000, 0x0000000800000000)
  region size 4096K, 2 young (8192K), 2 survivors (8192K)
 Metaspace       used 49946K, committed 50368K, reserved 1114112K
  class space    used 6807K, committed 6976K, reserved 1048576K
}
Event: 3,448 GC heap before
{Heap before GC invocations=12 (full 0):
 garbage-first heap   total 102400K, used 72179K [0x00000006e0000000, 0x0000000800000000)
  region size 4096K, 12 young (49152K), 2 survivors (8192K)
 Metaspace       used 53914K, committed 54464K, reserved 1114112K
  class space    used 7474K, committed 7744K, reserved 1048576K
}
Event: 3,451 GC heap after
{Heap after GC invocations=13 (full 0):
 garbage-first heap   total 102400K, used 33706K [0x00000006e0000000, 0x0000000800000000)
  region size 4096K, 2 young (8192K), 2 survivors (8192K)
 Metaspace       used 53914K, committed 54464K, reserved 1114112K
  class space    used 7474K, committed 7744K, reserved 1048576K
}
Event: 3,825 GC heap before
{Heap before GC invocations=13 (full 0):
 garbage-first heap   total 102400K, used 74666K [0x00000006e0000000, 0x0000000800000000)
  region size 4096K, 12 young (49152K), 2 survivors (8192K)
 Metaspace       used 56231K, committed 56768K, reserved 1114112K
  class space    used 7766K, committed 8000K, reserved 1048576K
}
Event: 3,830 GC heap after
{Heap after GC invocations=14 (full 0):
 garbage-first heap   total 102400K, used 38800K [0x00000006e0000000, 0x0000000800000000)
  region size 4096K, 2 young (8192K), 2 survivors (8192K)
 Metaspace       used 56231K, committed 56768K, reserved 1114112K
  class space    used 7766K, committed 8000K, reserved 1048576K
}
Event: 4,101 GC heap before
{Heap before GC invocations=14 (full 0):
 garbage-first heap   total 102400K, used 75664K [0x00000006e0000000, 0x0000000800000000)
  region size 4096K, 11 young (45056K), 2 survivors (8192K)
 Metaspace       used 57571K, committed 58048K, reserved 1114112K
  class space    used 7952K, committed 8192K, reserved 1048576K
}
Event: 4,107 GC heap after
{Heap after GC invocations=15 (full 0):
 garbage-first heap   total 102400K, used 57128K [0x00000006e0000000, 0x0000000800000000)
  region size 4096K, 2 young (8192K), 2 survivors (8192K)
 Metaspace       used 57571K, committed 58048K, reserved 1114112K
  class space    used 7952K, committed 8192K, reserved 1048576K
}
Event: 4,223 GC heap before
{Heap before GC invocations=15 (full 0):
 garbage-first heap   total 102400K, used 73512K [0x00000006e0000000, 0x0000000800000000)
  region size 4096K, 6 young (24576K), 2 survivors (8192K)
 Metaspace       used 58730K, committed 59264K, reserved 1114112K
  class space    used 8091K, committed 8320K, reserved 1048576K
}
Event: 4,226 GC heap after
{Heap after GC invocations=16 (full 0):
 garbage-first heap   total 102400K, used 58745K [0x00000006e0000000, 0x0000000800000000)
  region size 4096K, 1 young (4096K), 1 survivors (4096K)
 Metaspace       used 58730K, committed 59264K, reserved 1114112K
  class space    used 8091K, committed 8320K, reserved 1048576K
}
Event: 4,365 GC heap before
{Heap before GC invocations=17 (full 0):
 garbage-first heap   total 110592K, used 75129K [0x00000006e0000000, 0x0000000800000000)
  region size 4096K, 5 young (20480K), 1 survivors (4096K)
 Metaspace       used 60003K, committed 60608K, reserved 1114112K
  class space    used 8290K, committed 8576K, reserved 1048576K
}
Event: 4,366 GC heap after
{Heap after GC invocations=18 (full 0):
 garbage-first heap   total 135168K, used 58917K [0x00000006e0000000, 0x0000000800000000)
  region size 4096K, 1 young (4096K), 1 survivors (4096K)
 Metaspace       used 60003K, committed 60608K, reserved 1114112K
  class space    used 8290K, committed 8576K, reserved 1048576K
}
Event: 4,644 GC heap before
{Heap before GC invocations=18 (full 0):
 garbage-first heap   total 135168K, used 95781K [0x00000006e0000000, 0x0000000800000000)
  region size 4096K, 10 young (40960K), 1 survivors (4096K)
 Metaspace       used 64021K, committed 64576K, reserved 1114112K
  class space    used 8698K, committed 8960K, reserved 1048576K
}
Event: 4,646 GC heap after
{Heap after GC invocations=19 (full 0):
 garbage-first heap   total 135168K, used 59722K [0x00000006e0000000, 0x0000000800000000)
  region size 4096K, 1 young (4096K), 1 survivors (4096K)
 Metaspace       used 64021K, committed 64576K, reserved 1114112K
  class space    used 8698K, committed 8960K, reserved 1048576K
}
Event: 4,973 GC heap before
{Heap before GC invocations=19 (full 0):
 garbage-first heap   total 135168K, used 100682K [0x00000006e0000000, 0x0000000800000000)
  region size 4096K, 11 young (45056K), 1 survivors (4096K)
 Metaspace       used 68704K, committed 69376K, reserved 1114112K
  class space    used 9323K, committed 9664K, reserved 1048576K
}
Event: 4,977 GC heap after
{Heap after GC invocations=20 (full 0):
 garbage-first heap   total 135168K, used 64581K [0x00000006e0000000, 0x0000000800000000)
  region size 4096K, 2 young (8192K), 2 survivors (8192K)
 Metaspace       used 68704K, committed 69376K, reserved 1114112K
  class space    used 9323K, committed 9664K, reserved 1048576K
}
Event: 5,168 GC heap before
{Heap before GC invocations=20 (full 0):
 garbage-first heap   total 135168K, used 97349K [0x00000006e0000000, 0x0000000800000000)
  region size 4096K, 11 young (45056K), 2 survivors (8192K)
 Metaspace       used 70523K, committed 71104K, reserved 1114112K
  class space    used 9573K, committed 9856K, reserved 1048576K
}
Event: 5,171 GC heap after
{Heap after GC invocations=21 (full 0):
 garbage-first heap   total 135168K, used 65666K [0x00000006e0000000, 0x0000000800000000)
  region size 4096K, 1 young (4096K), 1 survivors (4096K)
 Metaspace       used 70523K, committed 71104K, reserved 1114112K
  class space    used 9573K, committed 9856K, reserved 1048576K
}
Event: 16,643 GC heap before
{Heap before GC invocations=21 (full 0):
 garbage-first heap   total 135168K, used 102530K [0x00000006e0000000, 0x0000000800000000)
  region size 4096K, 10 young (40960K), 1 survivors (4096K)
 Metaspace       used 72692K, committed 73344K, reserved 1114112K
  class space    used 9875K, committed 10176K, reserved 1048576K
}
Event: 16,647 GC heap after
{Heap after GC invocations=22 (full 0):
 garbage-first heap   total 135168K, used 67872K [0x00000006e0000000, 0x0000000800000000)
  region size 4096K, 2 young (8192K), 2 survivors (8192K)
 Metaspace       used 72692K, committed 73344K, reserved 1114112K
  class space    used 9875K, committed 10176K, reserved 1048576K
}

