# JRE version: OpenJDK Runtime Environment (17.0.9) (build 17.0.9+0-17.0.9b1087.7-11185874)
# Java VM: OpenJDK 64-Bit Server VM (17.0.9+0-17.0.9b1087.7-11185874, mixed mode, tiered, compressed oops, compressed class ptrs, g1 gc, linux-amd64)
GC Precious Log:
 CPUs: 16 total, 12 available
 Memory: 13817M
 Large Page Support: Disabled
 NUMA Support: Disabled
 Compressed Oops: Enabled (Zero based)
 Heap Region Size: 4M
 Heap Min Capacity: 8M
 Heap Initial Capacity: 216M
 Heap Max Capacity: 4608M
 Pre-touch: Disabled
 Parallel Workers: 10
 Concurrent Workers: 3
 Concurrent Refinement Workers: 10
 Periodic GC: Disabled
Heap:
 garbage-first heap   total 626688K, used 388934K [0x00000006e0000000, 0x0000000800000000)
  region size 4096K, 28 young (114688K), 3 survivors (12288K)
 Metaspace       used 149591K, committed 150848K, reserved 1179648K
  class space    used 20636K, committed 21248K, reserved 1048576K
GC Heap History (20 events):
Event: 14,575 GC heap before
{Heap before GC invocations=51 (full 0):
 garbage-first heap   total 507904K, used 395220K [0x00000006e0000000, 0x0000000800000000)
  region size 4096K, 51 young (208896K), 7 survivors (28672K)
 Metaspace       used 132441K, committed 133440K, reserved 1179648K
  class space    used 18547K, committed 19008K, reserved 1048576K
}
Event: 14,583 GC heap after
{Heap after GC invocations=52 (full 0):
 garbage-first heap   total 507904K, used 227114K [0x00000006e0000000, 0x0000000800000000)
  region size 4096K, 2 young (8192K), 2 survivors (8192K)
 Metaspace       used 132441K, committed 133440K, reserved 1179648K
  class space    used 18547K, committed 19008K, reserved 1048576K
}
Event: 15,050 GC heap before
{Heap before GC invocations=52 (full 0):
 garbage-first heap   total 507904K, used 403242K [0x00000006e0000000, 0x0000000800000000)
  region size 4096K, 46 young (188416K), 2 survivors (8192K)
 Metaspace       used 137769K, committed 138880K, reserved 1179648K
  class space    used 19491K, committed 20032K, reserved 1048576K
}
Event: 15,057 GC heap after
{Heap after GC invocations=53 (full 0):
 garbage-first heap   total 507904K, used 233882K [0x00000006e0000000, 0x0000000800000000)
  region size 4096K, 4 young (16384K), 4 survivors (16384K)
 Metaspace       used 137769K, committed 138880K, reserved 1179648K
  class space    used 19491K, committed 20032K, reserved 1048576K
}
Event: 59,821 GC heap before
{Heap before GC invocations=53 (full 0):
 garbage-first heap   total 507904K, used 405914K [0x00000006e0000000, 0x0000000800000000)
  region size 4096K, 47 young (192512K), 4 survivors (16384K)
 Metaspace       used 146480K, committed 147520K, reserved 1179648K
  class space    used 20509K, committed 20992K, reserved 1048576K
}
Event: 59,829 GC heap after
{Heap after GC invocations=54 (full 0):
 garbage-first heap   total 507904K, used 240725K [0x00000006e0000000, 0x0000000800000000)
  region size 4096K, 5 young (20480K), 5 survivors (20480K)
 Metaspace       used 146480K, committed 147520K, reserved 1179648K
  class space    used 20509K, committed 20992K, reserved 1048576K
}
Event: 60,411 GC heap before
{Heap before GC invocations=54 (full 0):
 garbage-first heap   total 507904K, used 408661K [0x00000006e0000000, 0x0000000800000000)
  region size 4096K, 47 young (192512K), 5 survivors (20480K)
 Metaspace       used 147109K, committed 148224K, reserved 1179648K
  class space    used 20538K, committed 21056K, reserved 1048576K
}
Event: 60,423 GC heap after
{Heap after GC invocations=55 (full 0):
 garbage-first heap   total 507904K, used 254524K [0x00000006e0000000, 0x0000000800000000)
  region size 4096K, 6 young (24576K), 6 survivors (24576K)
 Metaspace       used 147109K, committed 148224K, reserved 1179648K
  class space    used 20538K, committed 21056K, reserved 1048576K
}
Event: 61,585 GC heap before
{Heap before GC invocations=55 (full 0):
 garbage-first heap   total 507904K, used 406076K [0x00000006e0000000, 0x0000000800000000)
  region size 4096K, 44 young (180224K), 6 survivors (24576K)
 Metaspace       used 147271K, committed 148416K, reserved 1179648K
  class space    used 20552K, committed 21120K, reserved 1048576K
}
Event: 61,597 GC heap after
{Heap after GC invocations=56 (full 0):
 garbage-first heap   total 626688K, used 261552K [0x00000006e0000000, 0x0000000800000000)
  region size 4096K, 3 young (12288K), 3 survivors (12288K)
 Metaspace       used 147271K, committed 148416K, reserved 1179648K
  class space    used 20552K, committed 21120K, reserved 1048576K
}
Event: 63,142 GC heap before
{Heap before GC invocations=56 (full 0):
 garbage-first heap   total 626688K, used 495024K [0x00000006e0000000, 0x0000000800000000)
  region size 4096K, 61 young (249856K), 3 survivors (12288K)
 Metaspace       used 147430K, committed 148608K, reserved 1179648K
  class space    used 20562K, committed 21120K, reserved 1048576K
}
Event: 63,148 GC heap after
{Heap after GC invocations=57 (full 0):
 garbage-first heap   total 626688K, used 270723K [0x00000006e0000000, 0x0000000800000000)
  region size 4096K, 5 young (20480K), 5 survivors (20480K)
 Metaspace       used 147430K, committed 148608K, reserved 1179648K
  class space    used 20562K, committed 21120K, reserved 1048576K
}
Event: 127,499 GC heap before
{Heap before GC invocations=57 (full 0):
 garbage-first heap   total 626688K, used 500099K [0x00000006e0000000, 0x0000000800000000)
  region size 4096K, 62 young (253952K), 5 survivors (20480K)
 Metaspace       used 148255K, committed 149440K, reserved 1179648K
  class space    used 20597K, committed 21184K, reserved 1048576K
}
Event: 127,510 GC heap after
{Heap after GC invocations=58 (full 0):
 garbage-first heap   total 626688K, used 274876K [0x00000006e0000000, 0x0000000800000000)
  region size 4096K, 4 young (16384K), 4 survivors (16384K)
 Metaspace       used 148255K, committed 149440K, reserved 1179648K
  class space    used 20597K, committed 21184K, reserved 1048576K
}
Event: 128,955 GC heap before
{Heap before GC invocations=58 (full 0):
 garbage-first heap   total 626688K, used 508348K [0x00000006e0000000, 0x0000000800000000)
  region size 4096K, 61 young (249856K), 4 survivors (16384K)
 Metaspace       used 148440K, committed 149632K, reserved 1179648K
  class space    used 20607K, committed 21184K, reserved 1048576K
}
Event: 128,968 GC heap after
{Heap after GC invocations=59 (full 0):
 garbage-first heap   total 626688K, used 286510K [0x00000006e0000000, 0x0000000800000000)
  region size 4096K, 7 young (28672K), 7 survivors (28672K)
 Metaspace       used 148440K, committed 149632K, reserved 1179648K
  class space    used 20607K, committed 21184K, reserved 1048576K
}
Event: 130,370 GC heap before
{Heap before GC invocations=59 (full 0):
 garbage-first heap   total 626688K, used 507694K [0x00000006e0000000, 0x0000000800000000)
  region size 4096K, 61 young (249856K), 7 survivors (28672K)
 Metaspace       used 148539K, committed 149760K, reserved 1179648K
  class space    used 20607K, committed 21184K, reserved 1048576K
}
Event: 130,382 GC heap after
{Heap after GC invocations=60 (full 0):
 garbage-first heap   total 626688K, used 296940K [0x00000006e0000000, 0x0000000800000000)
  region size 4096K, 7 young (28672K), 7 survivors (28672K)
 Metaspace       used 148539K, committed 149760K, reserved 1179648K
  class space    used 20607K, committed 21184K, reserved 1048576K
}
Event: 626,837 GC heap before
{Heap before GC invocations=60 (full 0):
 garbage-first heap   total 626688K, used 505836K [0x00000006e0000000, 0x0000000800000000)
  region size 4096K, 59 young (241664K), 7 survivors (28672K)
 Metaspace       used 149229K, committed 150400K, reserved 1179648K
  class space    used 20614K, committed 21184K, reserved 1048576K
}
Event: 626,845 GC heap after
{Heap after GC invocations=61 (full 0):
 garbage-first heap   total 626688K, used 294726K [0x00000006e0000000, 0x0000000800000000)
  region size 4096K, 3 young (12288K), 3 survivors (12288K)
 Metaspace       used 149229K, committed 150400K, reserved 1179648K
  class space    used 20614K, committed 21184K, reserved 1048576K
}

