# JRE version: OpenJDK Runtime Environment (17.0.9) (build 17.0.9+0-17.0.9b1087.7-11185874)
# Java VM: OpenJDK 64-Bit Server VM (17.0.9+0-17.0.9b1087.7-11185874, mixed mode, tiered, compressed oops, compressed class ptrs, g1 gc, linux-amd64)
GC Precious Log:
 CPUs: 16 total, 12 available
 Memory: 13817M
 Large Page Support: Disabled
 NUMA Support: Disabled
 Compressed Oops: Enabled (Zero based)
 Heap Region Size: 4M
 Heap Min Capacity: 8M
 Heap Initial Capacity: 216M
 Heap Max Capacity: 4608M
 Pre-touch: Disabled
 Parallel Workers: 10
 Concurrent Workers: 3
 Concurrent Refinement Workers: 10
 Periodic GC: Disabled
Heap:
 garbage-first heap   total 532480K, used 381841K [0x00000006e0000000, 0x0000000800000000)
  region size 4096K, 30 young (122880K), 3 survivors (12288K)
 Metaspace       used 149086K, committed 150464K, reserved 1179648K
  class space    used 20165K, committed 20800K, reserved 1048576K
GC Heap History (20 events):
Event: 330,766 GC heap before
{Heap before GC invocations=67 (full 0):
 garbage-first heap   total 532480K, used 435800K [0x00000006e0000000, 0x0000000800000000)
  region size 4096K, 61 young (249856K), 8 survivors (32768K)
 Metaspace       used 145883K, committed 147072K, reserved 1179648K
  class space    used 20024K, committed 20608K, reserved 1048576K
}
Event: 330,779 GC heap after
{Heap after GC invocations=68 (full 0):
 garbage-first heap   total 532480K, used 227929K [0x00000006e0000000, 0x0000000800000000)
  region size 4096K, 6 young (24576K), 6 survivors (24576K)
 Metaspace       used 145883K, committed 147072K, reserved 1179648K
  class space    used 20024K, committed 20608K, reserved 1048576K
}
Event: 331,421 GC heap before
{Heap before GC invocations=68 (full 0):
 garbage-first heap   total 532480K, used 436825K [0x00000006e0000000, 0x0000000800000000)
  region size 4096K, 58 young (237568K), 6 survivors (24576K)
 Metaspace       used 146497K, committed 147648K, reserved 1179648K
  class space    used 20032K, committed 20608K, reserved 1048576K
}
Event: 331,430 GC heap after
{Heap after GC invocations=69 (full 0):
 garbage-first heap   total 532480K, used 224693K [0x00000006e0000000, 0x0000000800000000)
  region size 4096K, 2 young (8192K), 2 survivors (8192K)
 Metaspace       used 146497K, committed 147648K, reserved 1179648K
  class space    used 20032K, committed 20608K, reserved 1048576K
}
Event: 521,223 GC heap before
{Heap before GC invocations=69 (full 0):
 garbage-first heap   total 532480K, used 445877K [0x00000006e0000000, 0x0000000800000000)
  region size 4096K, 56 young (229376K), 2 survivors (8192K)
 Metaspace       used 147155K, committed 148352K, reserved 1179648K
  class space    used 20076K, committed 20672K, reserved 1048576K
}
Event: 521,238 GC heap after
{Heap after GC invocations=70 (full 0):
 garbage-first heap   total 532480K, used 240488K [0x00000006e0000000, 0x0000000800000000)
  region size 4096K, 6 young (24576K), 6 survivors (24576K)
 Metaspace       used 147155K, committed 148352K, reserved 1179648K
  class space    used 20076K, committed 20672K, reserved 1048576K
}
Event: 523,202 GC heap before
{Heap before GC invocations=70 (full 0):
 garbage-first heap   total 532480K, used 433000K [0x00000006e0000000, 0x0000000800000000)
  region size 4096K, 54 young (221184K), 6 survivors (24576K)
 Metaspace       used 147252K, committed 148416K, reserved 1179648K
  class space    used 20079K, committed 20672K, reserved 1048576K
}
Event: 523,211 GC heap after
{Heap after GC invocations=71 (full 0):
 garbage-first heap   total 532480K, used 245898K [0x00000006e0000000, 0x0000000800000000)
  region size 4096K, 2 young (8192K), 2 survivors (8192K)
 Metaspace       used 147252K, committed 148416K, reserved 1179648K
  class space    used 20079K, committed 20672K, reserved 1048576K
}
Event: 523,593 GC heap before
{Heap before GC invocations=71 (full 0):
 garbage-first heap   total 532480K, used 438410K [0x00000006e0000000, 0x0000000800000000)
  region size 4096K, 50 young (204800K), 2 survivors (8192K)
 Metaspace       used 147525K, committed 148736K, reserved 1179648K
  class space    used 20080K, committed 20672K, reserved 1048576K
}
Event: 523,598 GC heap after
{Heap after GC invocations=72 (full 0):
 garbage-first heap   total 532480K, used 252867K [0x00000006e0000000, 0x0000000800000000)
  region size 4096K, 4 young (16384K), 4 survivors (16384K)
 Metaspace       used 147525K, committed 148736K, reserved 1179648K
  class space    used 20080K, committed 20672K, reserved 1048576K
}
Event: 590,381 GC heap before
{Heap before GC invocations=72 (full 0):
 garbage-first heap   total 532480K, used 437187K [0x00000006e0000000, 0x0000000800000000)
  region size 4096K, 50 young (204800K), 4 survivors (16384K)
 Metaspace       used 147953K, committed 149120K, reserved 1179648K
  class space    used 20099K, committed 20672K, reserved 1048576K
}
Event: 590,388 GC heap after
{Heap after GC invocations=73 (full 0):
 garbage-first heap   total 532480K, used 253130K [0x00000006e0000000, 0x0000000800000000)
  region size 4096K, 4 young (16384K), 4 survivors (16384K)
 Metaspace       used 147953K, committed 149120K, reserved 1179648K
  class space    used 20099K, committed 20672K, reserved 1048576K
}
Event: 591,249 GC heap before
{Heap before GC invocations=73 (full 0):
 garbage-first heap   total 532480K, used 437450K [0x00000006e0000000, 0x0000000800000000)
  region size 4096K, 50 young (204800K), 4 survivors (16384K)
 Metaspace       used 148208K, committed 149504K, reserved 1179648K
  class space    used 20125K, committed 20736K, reserved 1048576K
}
Event: 591,259 GC heap after
{Heap after GC invocations=74 (full 0):
 garbage-first heap   total 532480K, used 265589K [0x00000006e0000000, 0x0000000800000000)
  region size 4096K, 7 young (28672K), 7 survivors (28672K)
 Metaspace       used 148208K, committed 149504K, reserved 1179648K
  class space    used 20125K, committed 20736K, reserved 1048576K
}
Event: 592,566 GC heap before
{Heap before GC invocations=74 (full 0):
 garbage-first heap   total 532480K, used 441717K [0x00000006e0000000, 0x0000000800000000)
  region size 4096K, 50 young (204800K), 7 survivors (28672K)
 Metaspace       used 148391K, committed 149760K, reserved 1179648K
  class space    used 20151K, committed 20800K, reserved 1048576K
}
Event: 592,576 GC heap after
{Heap after GC invocations=75 (full 0):
 garbage-first heap   total 532480K, used 276181K [0x00000006e0000000, 0x0000000800000000)
  region size 4096K, 6 young (24576K), 6 survivors (24576K)
 Metaspace       used 148391K, committed 149760K, reserved 1179648K
  class space    used 20151K, committed 20800K, reserved 1048576K
}
Event: 592,885 GC heap before
{Heap before GC invocations=75 (full 0):
 garbage-first heap   total 532480K, used 440021K [0x00000006e0000000, 0x0000000800000000)
  region size 4096K, 47 young (192512K), 6 survivors (24576K)
 Metaspace       used 148662K, committed 150016K, reserved 1179648K
  class space    used 20156K, committed 20800K, reserved 1048576K
}
Event: 592,894 GC heap after
{Heap after GC invocations=76 (full 0):
 garbage-first heap   total 532480K, used 279991K [0x00000006e0000000, 0x0000000800000000)
  region size 4096K, 4 young (16384K), 4 survivors (16384K)
 Metaspace       used 148662K, committed 150016K, reserved 1179648K
  class space    used 20156K, committed 20800K, reserved 1048576K
}
Event: 644,200 GC heap before
{Heap before GC invocations=76 (full 0):
 garbage-first heap   total 532480K, used 443831K [0x00000006e0000000, 0x0000000800000000)
  region size 4096K, 45 young (184320K), 4 survivors (16384K)
 Metaspace       used 148882K, committed 150208K, reserved 1179648K
  class space    used 20163K, committed 20800K, reserved 1048576K
}
Event: 644,206 GC heap after
{Heap after GC invocations=77 (full 0):
 garbage-first heap   total 532480K, used 275345K [0x00000006e0000000, 0x0000000800000000)
  region size 4096K, 3 young (12288K), 3 survivors (12288K)
 Metaspace       used 148882K, committed 150208K, reserved 1179648K
  class space    used 20163K, committed 20800K, reserved 1048576K
}

