# JRE version: OpenJDK Runtime Environment (17.0.9) (build 17.0.9+0-17.0.9b1087.7-11185874)
# Java VM: OpenJDK 64-Bit Server VM (17.0.9+0-17.0.9b1087.7-11185874, mixed mode, tiered, compressed oops, compressed class ptrs, g1 gc, linux-amd64)
GC Precious Log:
 CPUs: 16 total, 12 available
 Memory: 13817M
 Large Page Support: Disabled
 NUMA Support: Disabled
 Compressed Oops: Enabled (Zero based)
 Heap Region Size: 2M
 Heap Min Capacity: 8M
 Heap Initial Capacity: 216M
 Heap Max Capacity: 3456M
 Pre-touch: Disabled
 Parallel Workers: 10
 Concurrent Workers: 3
 Concurrent Refinement Workers: 10
 Periodic GC: Disabled
Heap:
 garbage-first heap   total 444416K, used 361462K [0x0000000728000000, 0x0000000800000000)
  region size 2048K, 97 young (198656K), 10 survivors (20480K)
 Metaspace       used 71788K, committed 72064K, reserved 1114112K
  class space    used 7930K, committed 8064K, reserved 1048576K
GC Heap History (20 events):
Event: 7,165 GC heap after
{Heap after GC invocations=17 (full 0):
 garbage-first heap   total 192512K, used 82836K [0x0000000728000000, 0x0000000800000000)
  region size 2048K, 4 young (8192K), 4 survivors (8192K)
 Metaspace       used 65806K, committed 66112K, reserved 1114112K
  class space    used 7539K, committed 7680K, reserved 1048576K
}
Event: 7,244 GC heap before
{Heap before GC invocations=17 (full 0):
 garbage-first heap   total 192512K, used 142228K [0x0000000728000000, 0x0000000800000000)
  region size 2048K, 33 young (67584K), 4 survivors (8192K)
 Metaspace       used 65841K, committed 66112K, reserved 1114112K
  class space    used 7539K, committed 7680K, reserved 1048576K
}
Event: 7,253 GC heap after
{Heap after GC invocations=18 (full 0):
 garbage-first heap   total 231424K, used 89228K [0x0000000728000000, 0x0000000800000000)
  region size 2048K, 3 young (6144K), 3 survivors (6144K)
 Metaspace       used 65841K, committed 66112K, reserved 1114112K
  class space    used 7539K, committed 7680K, reserved 1048576K
}
Event: 7,401 GC heap before
{Heap before GC invocations=18 (full 0):
 garbage-first heap   total 231424K, used 173196K [0x0000000728000000, 0x0000000800000000)
  region size 2048K, 44 young (90112K), 3 survivors (6144K)
 Metaspace       used 65872K, committed 66176K, reserved 1114112K
  class space    used 7539K, committed 7680K, reserved 1048576K
}
Event: 7,408 GC heap after
{Heap after GC invocations=19 (full 0):
 garbage-first heap   total 231424K, used 97931K [0x0000000728000000, 0x0000000800000000)
  region size 2048K, 6 young (12288K), 6 survivors (12288K)
 Metaspace       used 65872K, committed 66176K, reserved 1114112K
  class space    used 7539K, committed 7680K, reserved 1048576K
}
Event: 7,492 GC heap before
{Heap before GC invocations=19 (full 0):
 garbage-first heap   total 231424K, used 177803K [0x0000000728000000, 0x0000000800000000)
  region size 2048K, 45 young (92160K), 6 survivors (12288K)
 Metaspace       used 65876K, committed 66176K, reserved 1114112K
  class space    used 7539K, committed 7680K, reserved 1048576K
}
Event: 7,500 GC heap after
{Heap after GC invocations=20 (full 0):
 garbage-first heap   total 231424K, used 107671K [0x0000000728000000, 0x0000000800000000)
  region size 2048K, 5 young (10240K), 5 survivors (10240K)
 Metaspace       used 65876K, committed 66176K, reserved 1114112K
  class space    used 7539K, committed 7680K, reserved 1048576K
}
Event: 7,570 GC heap before
{Heap before GC invocations=20 (full 0):
 garbage-first heap   total 231424K, used 181399K [0x0000000728000000, 0x0000000800000000)
  region size 2048K, 41 young (83968K), 5 survivors (10240K)
 Metaspace       used 65876K, committed 66176K, reserved 1114112K
  class space    used 7540K, committed 7680K, reserved 1048576K
}
Event: 7,576 GC heap after
{Heap after GC invocations=21 (full 0):
 garbage-first heap   total 231424K, used 115612K [0x0000000728000000, 0x0000000800000000)
  region size 2048K, 4 young (8192K), 4 survivors (8192K)
 Metaspace       used 65876K, committed 66176K, reserved 1114112K
  class space    used 7540K, committed 7680K, reserved 1048576K
}
Event: 8,378 GC heap before
{Heap before GC invocations=21 (full 0):
 garbage-first heap   total 231424K, used 183196K [0x0000000728000000, 0x0000000800000000)
  region size 2048K, 37 young (75776K), 4 survivors (8192K)
 Metaspace       used 67568K, committed 67840K, reserved 1114112K
  class space    used 7676K, committed 7808K, reserved 1048576K
}
Event: 8,386 GC heap after
{Heap after GC invocations=22 (full 0):
 garbage-first heap   total 444416K, used 124844K [0x0000000728000000, 0x0000000800000000)
  region size 2048K, 5 young (10240K), 5 survivors (10240K)
 Metaspace       used 67568K, committed 67840K, reserved 1114112K
  class space    used 7676K, committed 7808K, reserved 1048576K
}
Event: 10,471 GC heap before
{Heap before GC invocations=23 (full 0):
 garbage-first heap   total 444416K, used 337836K [0x0000000728000000, 0x0000000800000000)
  region size 2048K, 108 young (221184K), 5 survivors (10240K)
 Metaspace       used 68507K, committed 68864K, reserved 1114112K
  class space    used 7720K, committed 7872K, reserved 1048576K
}
Event: 10,484 GC heap after
{Heap after GC invocations=24 (full 0):
 garbage-first heap   total 444416K, used 145315K [0x0000000728000000, 0x0000000800000000)
  region size 2048K, 14 young (28672K), 14 survivors (28672K)
 Metaspace       used 68507K, committed 68864K, reserved 1114112K
  class space    used 7720K, committed 7872K, reserved 1048576K
}
Event: 10,486 GC heap before
{Heap before GC invocations=24 (full 0):
 garbage-first heap   total 444416K, used 147363K [0x0000000728000000, 0x0000000800000000)
  region size 2048K, 15 young (30720K), 14 survivors (28672K)
 Metaspace       used 68507K, committed 68864K, reserved 1114112K
  class space    used 7720K, committed 7872K, reserved 1048576K
}
Event: 10,496 GC heap after
{Heap after GC invocations=25 (full 0):
 garbage-first heap   total 444416K, used 148372K [0x0000000728000000, 0x0000000800000000)
  region size 2048K, 2 young (4096K), 2 survivors (4096K)
 Metaspace       used 68507K, committed 68864K, reserved 1114112K
  class space    used 7720K, committed 7872K, reserved 1048576K
}
Event: 12,890 GC heap before
{Heap before GC invocations=25 (full 0):
 garbage-first heap   total 444416K, used 332692K [0x0000000728000000, 0x0000000800000000)
  region size 2048K, 92 young (188416K), 2 survivors (4096K)
 Metaspace       used 69463K, committed 69824K, reserved 1114112K
  class space    used 7774K, committed 7936K, reserved 1048576K
}
Event: 12,899 GC heap after
{Heap after GC invocations=26 (full 0):
 garbage-first heap   total 444416K, used 161251K [0x0000000728000000, 0x0000000800000000)
  region size 2048K, 9 young (18432K), 9 survivors (18432K)
 Metaspace       used 69463K, committed 69824K, reserved 1114112K
  class space    used 7774K, committed 7936K, reserved 1048576K
}
Event: 14,649 GC heap before
{Heap before GC invocations=26 (full 0):
 garbage-first heap   total 444416K, used 339427K [0x0000000728000000, 0x0000000800000000)
  region size 2048K, 96 young (196608K), 9 survivors (18432K)
 Metaspace       used 69653K, committed 70016K, reserved 1114112K
  class space    used 7780K, committed 7936K, reserved 1048576K
}
Event: 14,659 GC heap after
{Heap after GC invocations=27 (full 0):
 garbage-first heap   total 444416K, used 173046K [0x0000000728000000, 0x0000000800000000)
  region size 2048K, 6 young (12288K), 6 survivors (12288K)
 Metaspace       used 69653K, committed 70016K, reserved 1114112K
  class space    used 7780K, committed 7936K, reserved 1048576K
}
Event: 16,032 GC heap before
{Heap before GC invocations=27 (full 0):
 garbage-first heap   total 444416K, used 361462K [0x0000000728000000, 0x0000000800000000)
  region size 2048K, 93 young (190464K), 6 survivors (12288K)
 Metaspace       used 71788K, committed 72064K, reserved 1114112K
  class space    used 7930K, committed 8064K, reserved 1048576K
}

