# JRE version: OpenJDK Runtime Environment (17.0.9) (build 17.0.9+0-17.0.9b1087.7-11185874)
# Java VM: OpenJDK 64-Bit Server VM (17.0.9+0-17.0.9b1087.7-11185874, mixed mode, tiered, compressed oops, compressed class ptrs, g1 gc, linux-amd64)
GC Precious Log:
 CPUs: 16 total, 12 available
 Memory: 13817M
 Large Page Support: Disabled
 NUMA Support: Disabled
 Compressed Oops: Enabled (Zero based)
 Heap Region Size: 2M
 Heap Min Capacity: 8M
 Heap Initial Capacity: 216M
 Heap Max Capacity: 3456M
 Pre-touch: Disabled
 Parallel Workers: 10
 Concurrent Workers: 3
 Concurrent Refinement Workers: 10
 Periodic GC: Disabled
Heap:
 garbage-first heap   total 436224K, used 200302K [0x0000000728000000, 0x0000000800000000)
  region size 2048K, 46 young (94208K), 12 survivors (24576K)
 Metaspace       used 63064K, committed 63424K, reserved 1114112K
  class space    used 6914K, committed 7104K, reserved 1048576K
GC Heap History (20 events):
Event: 5,904 GC heap before
{Heap before GC invocations=25 (full 0):
 garbage-first heap   total 131072K, used 80190K [0x0000000728000000, 0x0000000800000000)
  region size 2048K, 3 young (6144K), 2 survivors (4096K)
 Metaspace       used 57759K, committed 58048K, reserved 1114112K
  class space    used 6594K, committed 6720K, reserved 1048576K
}
Event: 5,907 GC heap after
{Heap after GC invocations=26 (full 0):
 garbage-first heap   total 131072K, used 78101K [0x0000000728000000, 0x0000000800000000)
  region size 2048K, 1 young (2048K), 1 survivors (2048K)
 Metaspace       used 57759K, committed 58048K, reserved 1114112K
  class space    used 6594K, committed 6720K, reserved 1048576K
}
Event: 6,393 GC heap before
{Heap before GC invocations=26 (full 0):
 garbage-first heap   total 131072K, used 100629K [0x0000000728000000, 0x0000000800000000)
  region size 2048K, 13 young (26624K), 1 survivors (2048K)
 Metaspace       used 59252K, committed 59520K, reserved 1114112K
  class space    used 6689K, committed 6848K, reserved 1048576K
}
Event: 6,398 GC heap after
{Heap after GC invocations=27 (full 0):
 garbage-first heap   total 131072K, used 79908K [0x0000000728000000, 0x0000000800000000)
  region size 2048K, 2 young (4096K), 2 survivors (4096K)
 Metaspace       used 59252K, committed 59520K, reserved 1114112K
  class space    used 6689K, committed 6848K, reserved 1048576K
}
Event: 6,708 GC heap before
{Heap before GC invocations=28 (full 0):
 garbage-first heap   total 141312K, used 106532K [0x0000000728000000, 0x0000000800000000)
  region size 2048K, 14 young (28672K), 2 survivors (4096K)
 Metaspace       used 59711K, committed 59968K, reserved 1114112K
  class space    used 6696K, committed 6848K, reserved 1048576K
}
Event: 6,714 GC heap after
{Heap after GC invocations=29 (full 0):
 garbage-first heap   total 141312K, used 84477K [0x0000000728000000, 0x0000000800000000)
  region size 2048K, 2 young (4096K), 2 survivors (4096K)
 Metaspace       used 59711K, committed 59968K, reserved 1114112K
  class space    used 6696K, committed 6848K, reserved 1048576K
}
Event: 6,719 GC heap before
{Heap before GC invocations=29 (full 0):
 garbage-first heap   total 141312K, used 86525K [0x0000000728000000, 0x0000000800000000)
  region size 2048K, 3 young (6144K), 2 survivors (4096K)
 Metaspace       used 59711K, committed 59968K, reserved 1114112K
  class space    used 6696K, committed 6848K, reserved 1048576K
}
Event: 6,723 GC heap after
{Heap after GC invocations=30 (full 0):
 garbage-first heap   total 198656K, used 84252K [0x0000000728000000, 0x0000000800000000)
  region size 2048K, 1 young (2048K), 1 survivors (2048K)
 Metaspace       used 59711K, committed 59968K, reserved 1114112K
  class space    used 6696K, committed 6848K, reserved 1048576K
}
Event: 6,859 GC heap before
{Heap before GC invocations=30 (full 0):
 garbage-first heap   total 198656K, used 151836K [0x0000000728000000, 0x0000000800000000)
  region size 2048K, 34 young (69632K), 1 survivors (2048K)
 Metaspace       used 59732K, committed 60032K, reserved 1114112K
  class space    used 6696K, committed 6848K, reserved 1048576K
}
Event: 6,863 GC heap after
{Heap after GC invocations=31 (full 0):
 garbage-first heap   total 198656K, used 90673K [0x0000000728000000, 0x0000000800000000)
  region size 2048K, 4 young (8192K), 4 survivors (8192K)
 Metaspace       used 59732K, committed 60032K, reserved 1114112K
  class space    used 6696K, committed 6848K, reserved 1048576K
}
Event: 6,964 GC heap before
{Heap before GC invocations=31 (full 0):
 garbage-first heap   total 198656K, used 154161K [0x0000000728000000, 0x0000000800000000)
  region size 2048K, 35 young (71680K), 4 survivors (8192K)
 Metaspace       used 59737K, committed 60032K, reserved 1114112K
  class space    used 6696K, committed 6848K, reserved 1048576K
}
Event: 6,969 GC heap after
{Heap after GC invocations=32 (full 0):
 garbage-first heap   total 198656K, used 97039K [0x0000000728000000, 0x0000000800000000)
  region size 2048K, 4 young (8192K), 4 survivors (8192K)
 Metaspace       used 59737K, committed 60032K, reserved 1114112K
  class space    used 6696K, committed 6848K, reserved 1048576K
}
Event: 7,079 GC heap before
{Heap before GC invocations=32 (full 0):
 garbage-first heap   total 198656K, used 154383K [0x0000000728000000, 0x0000000800000000)
  region size 2048K, 32 young (65536K), 4 survivors (8192K)
 Metaspace       used 59798K, committed 60096K, reserved 1114112K
  class space    used 6696K, committed 6848K, reserved 1048576K
}
Event: 7,088 GC heap after
{Heap after GC invocations=33 (full 0):
 garbage-first heap   total 198656K, used 104934K [0x0000000728000000, 0x0000000800000000)
  region size 2048K, 4 young (8192K), 4 survivors (8192K)
 Metaspace       used 59798K, committed 60096K, reserved 1114112K
  class space    used 6696K, committed 6848K, reserved 1048576K
}
Event: 8,150 GC heap before
{Heap before GC invocations=34 (full 0):
 garbage-first heap   total 198656K, used 158182K [0x0000000728000000, 0x0000000800000000)
  region size 2048K, 30 young (61440K), 4 survivors (8192K)
 Metaspace       used 61486K, committed 61760K, reserved 1114112K
  class space    used 6815K, committed 6976K, reserved 1048576K
}
Event: 8,160 GC heap after
{Heap after GC invocations=35 (full 0):
 garbage-first heap   total 198656K, used 112240K [0x0000000728000000, 0x0000000800000000)
  region size 2048K, 4 young (8192K), 4 survivors (8192K)
 Metaspace       used 61486K, committed 61760K, reserved 1114112K
  class space    used 6815K, committed 6976K, reserved 1048576K
}
Event: 8,214 GC heap before
{Heap before GC invocations=35 (full 0):
 garbage-first heap   total 198656K, used 114288K [0x0000000728000000, 0x0000000800000000)
  region size 2048K, 5 young (10240K), 4 survivors (8192K)
 Metaspace       used 61646K, committed 61952K, reserved 1114112K
  class space    used 6837K, committed 7040K, reserved 1048576K
}
Event: 8,222 GC heap after
{Heap after GC invocations=36 (full 0):
 garbage-first heap   total 436224K, used 112921K [0x0000000728000000, 0x0000000800000000)
  region size 2048K, 1 young (2048K), 1 survivors (2048K)
 Metaspace       used 61646K, committed 61952K, reserved 1114112K
  class space    used 6837K, committed 7040K, reserved 1048576K
}
Event: 11,040 GC heap before
{Heap before GC invocations=36 (full 0):
 garbage-first heap   total 436224K, used 327961K [0x0000000728000000, 0x0000000800000000)
  region size 2048K, 106 young (217088K), 1 survivors (2048K)
 Metaspace       used 62702K, committed 62976K, reserved 1114112K
  class space    used 6900K, committed 7040K, reserved 1048576K
}
Event: 11,056 GC heap after
{Heap after GC invocations=37 (full 0):
 garbage-first heap   total 436224K, used 132718K [0x0000000728000000, 0x0000000800000000)
  region size 2048K, 12 young (24576K), 12 survivors (24576K)
 Metaspace       used 62702K, committed 62976K, reserved 1114112K
  class space    used 6900K, committed 7040K, reserved 1048576K
}

