# JRE version: OpenJDK Runtime Environment (17.0.9) (build 17.0.9+0-17.0.9b1087.7-11185874)
# Java VM: OpenJDK 64-Bit Server VM (17.0.9+0-17.0.9b1087.7-11185874, mixed mode, tiered, compressed oops, compressed class ptrs, g1 gc, linux-amd64)
GC Precious Log:
 CPUs: 16 total, 12 available
 Memory: 13817M
 Large Page Support: Disabled
 NUMA Support: Disabled
 Compressed Oops: Enabled (Zero based)
 Heap Region Size: 4M
 Heap Min Capacity: 8M
 Heap Initial Capacity: 216M
 Heap Max Capacity: 4608M
 Pre-touch: Disabled
 Parallel Workers: 10
 Concurrent Workers: 3
 Concurrent Refinement Workers: 10
 Periodic GC: Disabled
Heap:
 garbage-first heap   total 204800K, used 165581K [0x00000006e0000000, 0x0000000800000000)
  region size 4096K, 15 young (61440K), 2 survivors (8192K)
 Metaspace       used 110770K, committed 111616K, reserved 1179648K
  class space    used 15319K, committed 15744K, reserved 1048576K
GC Heap History (20 events):
Event: 5,503 GC heap after
{Heap after GC invocations=32 (full 0):
 garbage-first heap   total 167936K, used 80979K [0x00000006e0000000, 0x0000000800000000)
  region size 4096K, 2 young (8192K), 2 survivors (8192K)
 Metaspace       used 83049K, committed 83712K, reserved 1179648K
  class space    used 11245K, committed 11584K, reserved 1048576K
}
Event: 5,764 GC heap before
{Heap before GC invocations=32 (full 0):
 garbage-first heap   total 167936K, used 126035K [0x00000006e0000000, 0x0000000800000000)
  region size 4096K, 14 young (57344K), 2 survivors (8192K)
 Metaspace       used 84968K, committed 85568K, reserved 1179648K
  class space    used 11484K, committed 11776K, reserved 1048576K
}
Event: 5,769 GC heap after
{Heap after GC invocations=33 (full 0):
 garbage-first heap   total 167936K, used 85280K [0x00000006e0000000, 0x0000000800000000)
  region size 4096K, 2 young (8192K), 2 survivors (8192K)
 Metaspace       used 84968K, committed 85568K, reserved 1179648K
  class space    used 11484K, committed 11776K, reserved 1048576K
}
Event: 5,967 GC heap before
{Heap before GC invocations=33 (full 0):
 garbage-first heap   total 167936K, used 130336K [0x00000006e0000000, 0x0000000800000000)
  region size 4096K, 14 young (57344K), 2 survivors (8192K)
 Metaspace       used 86559K, committed 87232K, reserved 1179648K
  class space    used 11677K, committed 11968K, reserved 1048576K
}
Event: 5,972 GC heap after
{Heap after GC invocations=34 (full 0):
 garbage-first heap   total 167936K, used 89203K [0x00000006e0000000, 0x0000000800000000)
  region size 4096K, 2 young (8192K), 2 survivors (8192K)
 Metaspace       used 86559K, committed 87232K, reserved 1179648K
  class space    used 11677K, committed 11968K, reserved 1048576K
}
Event: 6,223 GC heap before
{Heap before GC invocations=35 (full 0):
 garbage-first heap   total 167936K, used 134259K [0x00000006e0000000, 0x0000000800000000)
  region size 4096K, 13 young (53248K), 2 survivors (8192K)
 Metaspace       used 89699K, committed 90432K, reserved 1179648K
  class space    used 12145K, committed 12480K, reserved 1048576K
}
Event: 6,227 GC heap after
{Heap after GC invocations=36 (full 0):
 garbage-first heap   total 167936K, used 91556K [0x00000006e0000000, 0x0000000800000000)
  region size 4096K, 2 young (8192K), 2 survivors (8192K)
 Metaspace       used 89699K, committed 90432K, reserved 1179648K
  class space    used 12145K, committed 12480K, reserved 1048576K
}
Event: 6,604 GC heap before
{Heap before GC invocations=36 (full 0):
 garbage-first heap   total 167936K, used 132516K [0x00000006e0000000, 0x0000000800000000)
  region size 4096K, 12 young (49152K), 2 survivors (8192K)
 Metaspace       used 92790K, committed 93440K, reserved 1179648K
  class space    used 12765K, committed 13056K, reserved 1048576K
}
Event: 6,609 GC heap after
{Heap after GC invocations=37 (full 0):
 garbage-first heap   total 167936K, used 92963K [0x00000006e0000000, 0x0000000800000000)
  region size 4096K, 1 young (4096K), 1 survivors (4096K)
 Metaspace       used 92790K, committed 93440K, reserved 1179648K
  class space    used 12765K, committed 13056K, reserved 1048576K
}
Event: 7,038 GC heap before
{Heap before GC invocations=38 (full 0):
 garbage-first heap   total 167936K, used 133923K [0x00000006e0000000, 0x0000000800000000)
  region size 4096K, 11 young (45056K), 1 survivors (4096K)
 Metaspace       used 95566K, committed 96256K, reserved 1179648K
  class space    used 13179K, committed 13504K, reserved 1048576K
}
Event: 7,043 GC heap after
{Heap after GC invocations=39 (full 0):
 garbage-first heap   total 167936K, used 94299K [0x00000006e0000000, 0x0000000800000000)
  region size 4096K, 2 young (8192K), 2 survivors (8192K)
 Metaspace       used 95566K, committed 96256K, reserved 1179648K
  class space    used 13179K, committed 13504K, reserved 1048576K
}
Event: 7,396 GC heap before
{Heap before GC invocations=39 (full 0):
 garbage-first heap   total 167936K, used 135259K [0x00000006e0000000, 0x0000000800000000)
  region size 4096K, 12 young (49152K), 2 survivors (8192K)
 Metaspace       used 97424K, committed 98176K, reserved 1179648K
  class space    used 13464K, committed 13824K, reserved 1048576K
}
Event: 7,401 GC heap after
{Heap after GC invocations=40 (full 0):
 garbage-first heap   total 204800K, used 97227K [0x00000006e0000000, 0x0000000800000000)
  region size 4096K, 2 young (8192K), 2 survivors (8192K)
 Metaspace       used 97424K, committed 98176K, reserved 1179648K
  class space    used 13464K, committed 13824K, reserved 1048576K
}
Event: 7,895 GC heap before
{Heap before GC invocations=41 (full 0):
 garbage-first heap   total 204800K, used 162763K [0x00000006e0000000, 0x0000000800000000)
  region size 4096K, 18 young (73728K), 2 survivors (8192K)
 Metaspace       used 100679K, committed 101440K, reserved 1179648K
  class space    used 13956K, committed 14272K, reserved 1048576K
}
Event: 7,900 GC heap after
{Heap after GC invocations=42 (full 0):
 garbage-first heap   total 204800K, used 101194K [0x00000006e0000000, 0x0000000800000000)
  region size 4096K, 3 young (12288K), 3 survivors (12288K)
 Metaspace       used 100679K, committed 101440K, reserved 1179648K
  class space    used 13956K, committed 14272K, reserved 1048576K
}
Event: 8,291 GC heap before
{Heap before GC invocations=42 (full 0):
 garbage-first heap   total 204800K, used 162634K [0x00000006e0000000, 0x0000000800000000)
  region size 4096K, 18 young (73728K), 3 survivors (12288K)
 Metaspace       used 105375K, committed 106240K, reserved 1179648K
  class space    used 14603K, committed 14976K, reserved 1048576K
}
Event: 8,296 GC heap after
{Heap after GC invocations=43 (full 0):
 garbage-first heap   total 204800K, used 105237K [0x00000006e0000000, 0x0000000800000000)
  region size 4096K, 3 young (12288K), 3 survivors (12288K)
 Metaspace       used 105375K, committed 106240K, reserved 1179648K
  class space    used 14603K, committed 14976K, reserved 1048576K
}
Event: 8,626 GC heap before
{Heap before GC invocations=44 (full 0):
 garbage-first heap   total 204800K, used 162581K [0x00000006e0000000, 0x0000000800000000)
  region size 4096K, 18 young (73728K), 3 survivors (12288K)
 Metaspace       used 109528K, committed 110400K, reserved 1179648K
  class space    used 15084K, committed 15488K, reserved 1048576K
}
Event: 8,632 GC heap after
{Heap after GC invocations=45 (full 0):
 garbage-first heap   total 204800K, used 112333K [0x00000006e0000000, 0x0000000800000000)
  region size 4096K, 3 young (12288K), 3 survivors (12288K)
 Metaspace       used 109528K, committed 110400K, reserved 1179648K
  class space    used 15084K, committed 15488K, reserved 1048576K
}
Event: 8,880 GC heap before
{Heap before GC invocations=45 (full 0):
 garbage-first heap   total 204800K, used 165581K [0x00000006e0000000, 0x0000000800000000)
  region size 4096K, 16 young (65536K), 3 survivors (12288K)
 Metaspace       used 110770K, committed 111616K, reserved 1179648K
  class space    used 15319K, committed 15744K, reserved 1048576K
}

