# JRE version: OpenJDK Runtime Environment (17.0.9) (build 17.0.9+0-17.0.9b1087.7-11185874)
# Java VM: OpenJDK 64-Bit Server VM (17.0.9+0-17.0.9b1087.7-11185874, mixed mode, tiered, compressed oops, compressed class ptrs, g1 gc, linux-amd64)
GC Precious Log:
 CPUs: 16 total, 12 available
 Memory: 13817M
 Large Page Support: Disabled
 NUMA Support: Disabled
 Compressed Oops: Enabled (Zero based)
 Heap Region Size: 4M
 Heap Min Capacity: 8M
 Heap Initial Capacity: 216M
 Heap Max Capacity: 4608M
 Pre-touch: Disabled
 Parallel Workers: 10
 Concurrent Workers: 3
 Concurrent Refinement Workers: 10
 Periodic GC: Disabled
Heap:
 garbage-first heap   total 1310720K, used 1010547K [0x00000006e0000000, 0x0000000800000000)
  region size 4096K, 165 young (675840K), 11 survivors (45056K)
 Metaspace       used 155054K, committed 156032K, reserved 1245184K
  class space    used 20413K, committed 20864K, reserved 1048576K
GC Heap History (20 events):
Event: 12,622 GC heap after
{Heap after GC invocations=57 (full 0):
 garbage-first heap   total 479232K, used 219663K [0x00000006e0000000, 0x0000000800000000)
  region size 4096K, 5 young (20480K), 5 survivors (20480K)
 Metaspace       used 138903K, committed 139776K, reserved 1179648K
  class space    used 18373K, committed 18816K, reserved 1048576K
}
Event: 13,334 GC heap before
{Heap before GC invocations=57 (full 0):
 garbage-first heap   total 479232K, used 375311K [0x00000006e0000000, 0x0000000800000000)
  region size 4096K, 43 young (176128K), 5 survivors (20480K)
 Metaspace       used 142352K, committed 143232K, reserved 1179648K
  class space    used 18735K, committed 19136K, reserved 1048576K
}
Event: 13,354 GC heap after
{Heap after GC invocations=58 (full 0):
 garbage-first heap   total 479232K, used 270873K [0x00000006e0000000, 0x0000000800000000)
  region size 4096K, 6 young (24576K), 6 survivors (24576K)
 Metaspace       used 142352K, committed 143232K, reserved 1179648K
  class space    used 18735K, committed 19136K, reserved 1048576K
}
Event: 13,782 GC heap before
{Heap before GC invocations=58 (full 0):
 garbage-first heap   total 479232K, used 352793K [0x00000006e0000000, 0x0000000800000000)
  region size 4096K, 26 young (106496K), 6 survivors (24576K)
 Metaspace       used 147509K, committed 148480K, reserved 1179648K
  class space    used 19482K, committed 19968K, reserved 1048576K
}
Event: 13,795 GC heap after
{Heap after GC invocations=59 (full 0):
 garbage-first heap   total 577536K, used 280748K [0x00000006e0000000, 0x0000000800000000)
  region size 4096K, 2 young (8192K), 2 survivors (8192K)
 Metaspace       used 147509K, committed 148480K, reserved 1179648K
  class space    used 19482K, committed 19968K, reserved 1048576K
}
Event: 14,450 GC heap before
{Heap before GC invocations=60 (full 0):
 garbage-first heap   total 577536K, used 436396K [0x00000006e0000000, 0x0000000800000000)
  region size 4096K, 40 young (163840K), 2 survivors (8192K)
 Metaspace       used 148211K, committed 149184K, reserved 1179648K
  class space    used 19590K, committed 20096K, reserved 1048576K
}
Event: 14,455 GC heap after
{Heap after GC invocations=61 (full 0):
 garbage-first heap   total 577536K, used 281322K [0x00000006e0000000, 0x0000000800000000)
  region size 4096K, 2 young (8192K), 2 survivors (8192K)
 Metaspace       used 148211K, committed 149184K, reserved 1179648K
  class space    used 19590K, committed 20096K, reserved 1048576K
}
Event: 14,502 GC heap before
{Heap before GC invocations=61 (full 0):
 garbage-first heap   total 577536K, used 301802K [0x00000006e0000000, 0x0000000800000000)
  region size 4096K, 7 young (28672K), 2 survivors (8192K)
 Metaspace       used 148249K, committed 149248K, reserved 1179648K
  class space    used 19591K, committed 20096K, reserved 1048576K
}
Event: 14,506 GC heap after
{Heap after GC invocations=62 (full 0):
 garbage-first heap   total 577536K, used 280249K [0x00000006e0000000, 0x0000000800000000)
  region size 4096K, 1 young (4096K), 1 survivors (4096K)
 Metaspace       used 148249K, committed 149248K, reserved 1179648K
  class space    used 19591K, committed 20096K, reserved 1048576K
}
Event: 14,959 GC heap before
{Heap before GC invocations=62 (full 0):
 garbage-first heap   total 577536K, used 444089K [0x00000006e0000000, 0x0000000800000000)
  region size 4096K, 41 young (167936K), 1 survivors (4096K)
 Metaspace       used 148466K, committed 149440K, reserved 1179648K
  class space    used 19597K, committed 20096K, reserved 1048576K
}
Event: 14,965 GC heap after
{Heap after GC invocations=63 (full 0):
 garbage-first heap   total 577536K, used 288088K [0x00000006e0000000, 0x0000000800000000)
  region size 4096K, 3 young (12288K), 3 survivors (12288K)
 Metaspace       used 148466K, committed 149440K, reserved 1179648K
  class space    used 19597K, committed 20096K, reserved 1048576K
}
Event: 15,491 GC heap before
{Heap before GC invocations=64 (full 0):
 garbage-first heap   total 577536K, used 451928K [0x00000006e0000000, 0x0000000800000000)
  region size 4096K, 43 young (176128K), 3 survivors (12288K)
 Metaspace       used 148710K, committed 149632K, reserved 1179648K
  class space    used 19615K, committed 20096K, reserved 1048576K
}
Event: 15,512 GC heap after
{Heap after GC invocations=65 (full 0):
 garbage-first heap   total 577536K, used 340394K [0x00000006e0000000, 0x0000000800000000)
  region size 4096K, 6 young (24576K), 6 survivors (24576K)
 Metaspace       used 148710K, committed 149632K, reserved 1179648K
  class space    used 19615K, committed 20096K, reserved 1048576K
}
Event: 15,524 GC heap before
{Heap before GC invocations=65 (full 0):
 garbage-first heap   total 577536K, used 344490K [0x00000006e0000000, 0x0000000800000000)
  region size 4096K, 7 young (28672K), 6 survivors (24576K)
 Metaspace       used 148710K, committed 149632K, reserved 1179648K
  class space    used 19615K, committed 20096K, reserved 1048576K
}
Event: 15,536 GC heap after
{Heap after GC invocations=66 (full 0):
 garbage-first heap   total 577536K, used 342712K [0x00000006e0000000, 0x0000000800000000)
  region size 4096K, 1 young (4096K), 1 survivors (4096K)
 Metaspace       used 148710K, committed 149632K, reserved 1179648K
  class space    used 19615K, committed 20096K, reserved 1048576K
}
Event: 15,745 GC heap before
{Heap before GC invocations=66 (full 0):
 garbage-first heap   total 577536K, used 445112K [0x00000006e0000000, 0x0000000800000000)
  region size 4096K, 26 young (106496K), 1 survivors (4096K)
 Metaspace       used 148751K, committed 149696K, reserved 1179648K
  class space    used 19615K, committed 20096K, reserved 1048576K
}
Event: 15,765 GC heap after
{Heap after GC invocations=67 (full 0):
 garbage-first heap   total 577536K, used 389654K [0x00000006e0000000, 0x0000000800000000)
  region size 4096K, 4 young (16384K), 4 survivors (16384K)
 Metaspace       used 148751K, committed 149696K, reserved 1179648K
  class space    used 19615K, committed 20096K, reserved 1048576K
}
Event: 15,866 GC heap before
{Heap before GC invocations=67 (full 0):
 garbage-first heap   total 577536K, used 446998K [0x00000006e0000000, 0x0000000800000000)
  region size 4096K, 18 young (73728K), 4 survivors (16384K)
 Metaspace       used 148766K, committed 149696K, reserved 1179648K
  class space    used 19615K, committed 20096K, reserved 1048576K
}
Event: 15,880 GC heap after
{Heap after GC invocations=68 (full 0):
 garbage-first heap   total 1331200K, used 404339K [0x00000006e0000000, 0x0000000800000000)
  region size 4096K, 3 young (12288K), 3 survivors (12288K)
 Metaspace       used 148766K, committed 149696K, reserved 1179648K
  class space    used 19615K, committed 20096K, reserved 1048576K
}
Event: 28,550 GC heap before
{Heap before GC invocations=69 (full 0):
 garbage-first heap   total 1310720K, used 1006451K [0x00000006e0000000, 0x0000000800000000)
  region size 4096K, 157 young (643072K), 3 survivors (12288K)
 Metaspace       used 155054K, committed 156032K, reserved 1245184K
  class space    used 20413K, committed 20864K, reserved 1048576K
}

