# JRE version: OpenJDK Runtime Environment (17.0.9) (build 17.0.9+0-17.0.9b1087.7-11185874)
# Java VM: OpenJDK 64-Bit Server VM (17.0.9+0-17.0.9b1087.7-11185874, mixed mode, tiered, compressed oops, compressed class ptrs, parallel gc, linux-amd64)
GC Precious Log:
 CPUs: 16 total, 12 available
 Memory: 13817M
 Large Page Support: Disabled
 NUMA Support: Disabled
 Compressed Oops: Enabled (Zero based)
 Alignments: Space 512K, Generation 512K, Heap 2M
 Heap Min Capacity: 8M
 Heap Initial Capacity: 216M
 Heap Max Capacity: 4608M
 Pre-touch: Disabled
 Parallel Workers: 10
Heap:
 PSYoungGen      total 372736K, used 32246K [0x00000007a0000000, 0x00000007cbc00000, 0x0000000800000000)
  eden space 340480K, 0% used [0x00000007a0000000,0x00000007a0000000,0x00000007b4c80000)
  from space 32256K, 99% used [0x00000007b4c80000,0x00000007b6bfd858,0x00000007b6c00000)
  to   space 86016K, 0% used [0x00000007c6800000,0x00000007c6800000,0x00000007cbc00000)
 ParOldGen       total 212480K, used 212287K [0x00000006e0000000, 0x00000006ecf80000, 0x00000007a0000000)
  object space 212480K, 99% used [0x00000006e0000000,0x00000006ecf4fef0,0x00000006ecf80000)
 Metaspace       used 80568K, committed 81408K, reserved 983040K
  class space    used 10846K, committed 11264K, reserved 851968K
GC Heap History (20 events):
Event: 1,889 GC heap after
{Heap after GC invocations=5 (full 2):
 PSYoungGen      total 119808K, used 0K [0x00000007a0000000, 0x00000007a7e00000, 0x0000000800000000)
  eden space 110592K, 0% used [0x00000007a0000000,0x00000007a0000000,0x00000007a6c00000)
  from space 9216K, 0% used [0x00000007a6c00000,0x00000007a6c00000,0x00000007a7500000)
  to   space 9216K, 0% used [0x00000007a7500000,0x00000007a7500000,0x00000007a7e00000)
 ParOldGen       total 147456K, used 21190K [0x00000006e0000000, 0x00000006e9000000, 0x00000007a0000000)
  object space 147456K, 14% used [0x00000006e0000000,0x00000006e14b1bf8,0x00000006e9000000)
 Metaspace       used 35530K, committed 35840K, reserved 917504K
  class space    used 4664K, committed 4800K, reserved 851968K
}
Event: 2,775 GC heap before
{Heap before GC invocations=6 (full 2):
 PSYoungGen      total 119808K, used 110592K [0x00000007a0000000, 0x00000007a7e00000, 0x0000000800000000)
  eden space 110592K, 100% used [0x00000007a0000000,0x00000007a6c00000,0x00000007a6c00000)
  from space 9216K, 0% used [0x00000007a6c00000,0x00000007a6c00000,0x00000007a7500000)
  to   space 9216K, 0% used [0x00000007a7500000,0x00000007a7500000,0x00000007a7e00000)
 ParOldGen       total 147456K, used 21190K [0x00000006e0000000, 0x00000006e9000000, 0x00000007a0000000)
  object space 147456K, 14% used [0x00000006e0000000,0x00000006e14b1bf8,0x00000006e9000000)
 Metaspace       used 49207K, committed 49600K, reserved 917504K
  class space    used 6534K, committed 6720K, reserved 851968K
}
Event: 2,780 GC heap after
{Heap after GC invocations=6 (full 2):
 PSYoungGen      total 119808K, used 9215K [0x00000007a0000000, 0x00000007a7e00000, 0x0000000800000000)
  eden space 110592K, 0% used [0x00000007a0000000,0x00000007a0000000,0x00000007a6c00000)
  from space 9216K, 99% used [0x00000007a7500000,0x00000007a7dffdd0,0x00000007a7e00000)
  to   space 9216K, 0% used [0x00000007a6c00000,0x00000007a6c00000,0x00000007a7500000)
 ParOldGen       total 147456K, used 27907K [0x00000006e0000000, 0x00000006e9000000, 0x00000007a0000000)
  object space 147456K, 18% used [0x00000006e0000000,0x00000006e1b40cc0,0x00000006e9000000)
 Metaspace       used 49207K, committed 49600K, reserved 917504K
  class space    used 6534K, committed 6720K, reserved 851968K
}
Event: 3,527 GC heap before
{Heap before GC invocations=7 (full 2):
 PSYoungGen      total 119808K, used 119807K [0x00000007a0000000, 0x00000007a7e00000, 0x0000000800000000)
  eden space 110592K, 100% used [0x00000007a0000000,0x00000007a6c00000,0x00000007a6c00000)
  from space 9216K, 99% used [0x00000007a7500000,0x00000007a7dffdd0,0x00000007a7e00000)
  to   space 9216K, 0% used [0x00000007a6c00000,0x00000007a6c00000,0x00000007a7500000)
 ParOldGen       total 147456K, used 27907K [0x00000006e0000000, 0x00000006e9000000, 0x00000007a0000000)
  object space 147456K, 18% used [0x00000006e0000000,0x00000006e1b40cc0,0x00000006e9000000)
 Metaspace       used 56656K, committed 57216K, reserved 917504K
  class space    used 7530K, committed 7808K, reserved 851968K
}
Event: 3,534 GC heap after
{Heap after GC invocations=7 (full 2):
 PSYoungGen      total 116224K, used 9215K [0x00000007a0000000, 0x00000007a9c80000, 0x0000000800000000)
  eden space 107008K, 0% used [0x00000007a0000000,0x00000007a0000000,0x00000007a6880000)
  from space 9216K, 99% used [0x00000007a6c00000,0x00000007a74fff20,0x00000007a7500000)
  to   space 26624K, 0% used [0x00000007a8280000,0x00000007a8280000,0x00000007a9c80000)
 ParOldGen       total 147456K, used 42859K [0x00000006e0000000, 0x00000006e9000000, 0x00000007a0000000)
  object space 147456K, 29% used [0x00000006e0000000,0x00000006e29dae90,0x00000006e9000000)
 Metaspace       used 56656K, committed 57216K, reserved 917504K
  class space    used 7530K, committed 7808K, reserved 851968K
}
Event: 3,762 GC heap before
{Heap before GC invocations=8 (full 2):
 PSYoungGen      total 116224K, used 46993K [0x00000007a0000000, 0x00000007a9c80000, 0x0000000800000000)
  eden space 107008K, 35% used [0x00000007a0000000,0x00000007a24e4878,0x00000007a6880000)
  from space 9216K, 99% used [0x00000007a6c00000,0x00000007a74fff20,0x00000007a7500000)
  to   space 26624K, 0% used [0x00000007a8280000,0x00000007a8280000,0x00000007a9c80000)
 ParOldGen       total 147456K, used 42859K [0x00000006e0000000, 0x00000006e9000000, 0x00000007a0000000)
  object space 147456K, 29% used [0x00000006e0000000,0x00000006e29dae90,0x00000006e9000000)
 Metaspace       used 59265K, committed 59776K, reserved 917504K
  class space    used 7914K, committed 8192K, reserved 851968K
}
Event: 3,767 GC heap after
{Heap after GC invocations=8 (full 2):
 PSYoungGen      total 131584K, used 16043K [0x00000007a0000000, 0x00000007a9a80000, 0x0000000800000000)
  eden space 107008K, 0% used [0x00000007a0000000,0x00000007a0000000,0x00000007a6880000)
  from space 24576K, 65% used [0x00000007a8280000,0x00000007a922adc0,0x00000007a9a80000)
  to   space 25600K, 0% used [0x00000007a6880000,0x00000007a6880000,0x00000007a8180000)
 ParOldGen       total 147456K, used 42867K [0x00000006e0000000, 0x00000006e9000000, 0x00000007a0000000)
  object space 147456K, 29% used [0x00000006e0000000,0x00000006e29dce90,0x00000006e9000000)
 Metaspace       used 59265K, committed 59776K, reserved 917504K
  class space    used 7914K, committed 8192K, reserved 851968K
}
Event: 3,767 GC heap before
{Heap before GC invocations=9 (full 3):
 PSYoungGen      total 131584K, used 16043K [0x00000007a0000000, 0x00000007a9a80000, 0x0000000800000000)
  eden space 107008K, 0% used [0x00000007a0000000,0x00000007a0000000,0x00000007a6880000)
  from space 24576K, 65% used [0x00000007a8280000,0x00000007a922adc0,0x00000007a9a80000)
  to   space 25600K, 0% used [0x00000007a6880000,0x00000007a6880000,0x00000007a8180000)
 ParOldGen       total 147456K, used 42867K [0x00000006e0000000, 0x00000006e9000000, 0x00000007a0000000)
  object space 147456K, 29% used [0x00000006e0000000,0x00000006e29dce90,0x00000006e9000000)
 Metaspace       used 59265K, committed 59776K, reserved 917504K
  class space    used 7914K, committed 8192K, reserved 851968K
}
Event: 3,797 GC heap after
{Heap after GC invocations=9 (full 3):
 PSYoungGen      total 131584K, used 0K [0x00000007a0000000, 0x00000007a9a80000, 0x0000000800000000)
  eden space 107008K, 0% used [0x00000007a0000000,0x00000007a0000000,0x00000007a6880000)
  from space 24576K, 0% used [0x00000007a8280000,0x00000007a8280000,0x00000007a9a80000)
  to   space 25600K, 0% used [0x00000007a6880000,0x00000007a6880000,0x00000007a8180000)
 ParOldGen       total 147456K, used 57488K [0x00000006e0000000, 0x00000006e9000000, 0x00000007a0000000)
  object space 147456K, 38% used [0x00000006e0000000,0x00000006e38242f8,0x00000006e9000000)
 Metaspace       used 59265K, committed 59776K, reserved 917504K
  class space    used 7914K, committed 8192K, reserved 851968K
}
Event: 4,285 GC heap before
{Heap before GC invocations=10 (full 3):
 PSYoungGen      total 131584K, used 107008K [0x00000007a0000000, 0x00000007a9a80000, 0x0000000800000000)
  eden space 107008K, 100% used [0x00000007a0000000,0x00000007a6880000,0x00000007a6880000)
  from space 24576K, 0% used [0x00000007a8280000,0x00000007a8280000,0x00000007a9a80000)
  to   space 25600K, 0% used [0x00000007a6880000,0x00000007a6880000,0x00000007a8180000)
 ParOldGen       total 147456K, used 57488K [0x00000006e0000000, 0x00000006e9000000, 0x00000007a0000000)
  object space 147456K, 38% used [0x00000006e0000000,0x00000006e38242f8,0x00000006e9000000)
 Metaspace       used 66212K, committed 66880K, reserved 917504K
  class space    used 9110K, committed 9472K, reserved 851968K
}
Event: 4,291 GC heap after
{Heap after GC invocations=10 (full 3):
 PSYoungGen      total 132608K, used 11233K [0x00000007a0000000, 0x00000007b0200000, 0x0000000800000000)
  eden space 107008K, 0% used [0x00000007a0000000,0x00000007a0000000,0x00000007a6880000)
  from space 25600K, 43% used [0x00000007a6880000,0x00000007a7378430,0x00000007a8180000)
  to   space 25088K, 0% used [0x00000007ae980000,0x00000007ae980000,0x00000007b0200000)
 ParOldGen       total 147456K, used 57496K [0x00000006e0000000, 0x00000006e9000000, 0x00000007a0000000)
  object space 147456K, 38% used [0x00000006e0000000,0x00000006e38262f8,0x00000006e9000000)
 Metaspace       used 66212K, committed 66880K, reserved 917504K
  class space    used 9110K, committed 9472K, reserved 851968K
}
Event: 4,538 GC heap before
{Heap before GC invocations=11 (full 3):
 PSYoungGen      total 132608K, used 118241K [0x00000007a0000000, 0x00000007b0200000, 0x0000000800000000)
  eden space 107008K, 100% used [0x00000007a0000000,0x00000007a6880000,0x00000007a6880000)
  from space 25600K, 43% used [0x00000007a6880000,0x00000007a7378430,0x00000007a8180000)
  to   space 25088K, 0% used [0x00000007ae980000,0x00000007ae980000,0x00000007b0200000)
 ParOldGen       total 147456K, used 57496K [0x00000006e0000000, 0x00000006e9000000, 0x00000007a0000000)
  object space 147456K, 38% used [0x00000006e0000000,0x00000006e38262f8,0x00000006e9000000)
 Metaspace       used 71028K, committed 71808K, reserved 917504K
  class space    used 9522K, committed 9920K, reserved 851968K
}
Event: 4,549 GC heap after
{Heap after GC invocations=11 (full 3):
 PSYoungGen      total 238080K, used 20153K [0x00000007a0000000, 0x00000007b0400000, 0x0000000800000000)
  eden space 212992K, 0% used [0x00000007a0000000,0x00000007a0000000,0x00000007ad000000)
  from space 25088K, 80% used [0x00000007ae980000,0x00000007afd2e5b0,0x00000007b0200000)
  to   space 26112K, 0% used [0x00000007ad000000,0x00000007ad000000,0x00000007ae980000)
 ParOldGen       total 147456K, used 57504K [0x00000006e0000000, 0x00000006e9000000, 0x00000007a0000000)
  object space 147456K, 38% used [0x00000006e0000000,0x00000006e38282f8,0x00000006e9000000)
 Metaspace       used 71028K, committed 71808K, reserved 917504K
  class space    used 9522K, committed 9920K, reserved 851968K
}
Event: 4,878 GC heap before
{Heap before GC invocations=12 (full 3):
 PSYoungGen      total 238080K, used 233145K [0x00000007a0000000, 0x00000007b0400000, 0x0000000800000000)
  eden space 212992K, 100% used [0x00000007a0000000,0x00000007ad000000,0x00000007ad000000)
  from space 25088K, 80% used [0x00000007ae980000,0x00000007afd2e5b0,0x00000007b0200000)
  to   space 26112K, 0% used [0x00000007ad000000,0x00000007ad000000,0x00000007ae980000)
 ParOldGen       total 147456K, used 57504K [0x00000006e0000000, 0x00000006e9000000, 0x00000007a0000000)
  object space 147456K, 38% used [0x00000006e0000000,0x00000006e38282f8,0x00000006e9000000)
 Metaspace       used 71635K, committed 72384K, reserved 917504K
  class space    used 9544K, committed 9920K, reserved 851968K
}
Event: 4,896 GC heap after
{Heap after GC invocations=12 (full 3):
 PSYoungGen      total 239104K, used 26089K [0x00000007a0000000, 0x00000007b8b00000, 0x0000000800000000)
  eden space 212992K, 0% used [0x00000007a0000000,0x00000007a0000000,0x00000007ad000000)
  from space 26112K, 99% used [0x00000007ad000000,0x00000007ae97a5a0,0x00000007ae980000)
  to   space 31744K, 0% used [0x00000007b6c00000,0x00000007b6c00000,0x00000007b8b00000)
 ParOldGen       total 147456K, used 62188K [0x00000006e0000000, 0x00000006e9000000, 0x00000007a0000000)
  object space 147456K, 42% used [0x00000006e0000000,0x00000006e3cbb368,0x00000006e9000000)
 Metaspace       used 71635K, committed 72384K, reserved 917504K
  class space    used 9544K, committed 9920K, reserved 851968K
}
Event: 5,170 GC heap before
{Heap before GC invocations=13 (full 3):
 PSYoungGen      total 239104K, used 239081K [0x00000007a0000000, 0x00000007b8b00000, 0x0000000800000000)
  eden space 212992K, 100% used [0x00000007a0000000,0x00000007ad000000,0x00000007ad000000)
  from space 26112K, 99% used [0x00000007ad000000,0x00000007ae97a5a0,0x00000007ae980000)
  to   space 31744K, 0% used [0x00000007b6c00000,0x00000007b6c00000,0x00000007b8b00000)
 ParOldGen       total 147456K, used 62188K [0x00000006e0000000, 0x00000006e9000000, 0x00000007a0000000)
  object space 147456K, 42% used [0x00000006e0000000,0x00000006e3cbb368,0x00000006e9000000)
 Metaspace       used 72200K, committed 72960K, reserved 917504K
  class space    used 9595K, committed 9984K, reserved 851968K
}
Event: 5,188 GC heap after
{Heap after GC invocations=13 (full 3):
 PSYoungGen      total 372224K, used 23072K [0x00000007a0000000, 0x00000007b8c00000, 0x0000000800000000)
  eden space 340480K, 0% used [0x00000007a0000000,0x00000007a0000000,0x00000007b4c80000)
  from space 31744K, 72% used [0x00000007b6c00000,0x00000007b8288020,0x00000007b8b00000)
  to   space 32256K, 0% used [0x00000007b4c80000,0x00000007b4c80000,0x00000007b6c00000)
 ParOldGen       total 147456K, used 78049K [0x00000006e0000000, 0x00000006e9000000, 0x00000007a0000000)
  object space 147456K, 52% used [0x00000006e0000000,0x00000006e4c387a0,0x00000006e9000000)
 Metaspace       used 72200K, committed 72960K, reserved 917504K
  class space    used 9595K, committed 9984K, reserved 851968K
}
Event: 5,704 GC heap before
{Heap before GC invocations=14 (full 3):
 PSYoungGen      total 372224K, used 363552K [0x00000007a0000000, 0x00000007b8c00000, 0x0000000800000000)
  eden space 340480K, 100% used [0x00000007a0000000,0x00000007b4c80000,0x00000007b4c80000)
  from space 31744K, 72% used [0x00000007b6c00000,0x00000007b8288020,0x00000007b8b00000)
  to   space 32256K, 0% used [0x00000007b4c80000,0x00000007b4c80000,0x00000007b6c00000)
 ParOldGen       total 147456K, used 78049K [0x00000006e0000000, 0x00000006e9000000, 0x00000007a0000000)
  object space 147456K, 52% used [0x00000006e0000000,0x00000006e4c387a0,0x00000006e9000000)
 Metaspace       used 80568K, committed 81408K, reserved 983040K
  class space    used 10846K, committed 11264K, reserved 851968K
}
Event: 5,745 GC heap after
{Heap after GC invocations=14 (full 3):
 PSYoungGen      total 372736K, used 32246K [0x00000007a0000000, 0x00000007cbc00000, 0x0000000800000000)
  eden space 340480K, 0% used [0x00000007a0000000,0x00000007a0000000,0x00000007b4c80000)
  from space 32256K, 99% used [0x00000007b4c80000,0x00000007b6bfd858,0x00000007b6c00000)
  to   space 86016K, 0% used [0x00000007c6800000,0x00000007c6800000,0x00000007cbc00000)
 ParOldGen       total 212480K, used 212287K [0x00000006e0000000, 0x00000006ecf80000, 0x00000007a0000000)
  object space 212480K, 99% used [0x00000006e0000000,0x00000006ecf4fef0,0x00000006ecf80000)
 Metaspace       used 80568K, committed 81408K, reserved 983040K
  class space    used 10846K, committed 11264K, reserved 851968K
}
Event: 5,745 GC heap before
{Heap before GC invocations=15 (full 4):
 PSYoungGen      total 372736K, used 32246K [0x00000007a0000000, 0x00000007cbc00000, 0x0000000800000000)
  eden space 340480K, 0% used [0x00000007a0000000,0x00000007a0000000,0x00000007b4c80000)
  from space 32256K, 99% used [0x00000007b4c80000,0x00000007b6bfd858,0x00000007b6c00000)
  to   space 86016K, 0% used [0x00000007c6800000,0x00000007c6800000,0x00000007cbc00000)
 ParOldGen       total 212480K, used 212287K [0x00000006e0000000, 0x00000006ecf80000, 0x00000007a0000000)
  object space 212480K, 99% used [0x00000006e0000000,0x00000006ecf4fef0,0x00000006ecf80000)
 Metaspace       used 80568K, committed 81408K, reserved 983040K
  class space    used 10846K, committed 11264K, reserved 851968K
}

