# JRE version: OpenJDK Runtime Environment (17.0.9) (build 17.0.9+0-17.0.9b1087.7-11185874)
# Java VM: OpenJDK 64-Bit Server VM (17.0.9+0-17.0.9b1087.7-11185874, mixed mode, tiered, compressed oops, compressed class ptrs, g1 gc, linux-amd64)
GC Precious Log:
 CPUs: 16 total, 12 available
 Memory: 13817M
 Large Page Support: Disabled
 NUMA Support: Disabled
 Compressed Oops: Enabled (Zero based)
 Heap Region Size: 4M
 Heap Min Capacity: 8M
 Heap Initial Capacity: 216M
 Heap Max Capacity: 4608M
 Pre-touch: Disabled
 Parallel Workers: 10
 Concurrent Workers: 3
 Concurrent Refinement Workers: 10
 Periodic GC: Disabled
Heap:
 garbage-first heap   total 81920K, used 30418K [0x00000006e0000000, 0x0000000800000000)
  region size 4096K, 6 young (24576K), 2 survivors (8192K)
 Metaspace       used 23611K, committed 23936K, reserved 1114112K
  class space    used 2932K, committed 3072K, reserved 1048576K
GC Heap History (6 events):
Event: 0,302 GC heap before
{Heap before GC invocations=0 (full 0):
 garbage-first heap   total 221184K, used 20480K [0x00000006e0000000, 0x0000000800000000)
  region size 4096K, 5 young (20480K), 0 survivors (0K)
 Metaspace       used 9794K, committed 9920K, reserved 1114112K
  class space    used 975K, committed 1024K, reserved 1048576K
}
Event: 0,304 GC heap after
{Heap after GC invocations=1 (full 0):
 garbage-first heap   total 221184K, used 9956K [0x00000006e0000000, 0x0000000800000000)
  region size 4096K, 1 young (4096K), 1 survivors (4096K)
 Metaspace       used 9794K, committed 9920K, reserved 1114112K
  class space    used 975K, committed 1024K, reserved 1048576K
}
Event: 0,429 GC heap before
{Heap before GC invocations=1 (full 0):
 garbage-first heap   total 221184K, used 30436K [0x00000006e0000000, 0x0000000800000000)
  region size 4096K, 6 young (24576K), 1 survivors (4096K)
 Metaspace       used 11425K, committed 11584K, reserved 1114112K
  class space    used 1205K, committed 1280K, reserved 1048576K
}
Event: 0,432 GC heap after
{Heap after GC invocations=2 (full 0):
 garbage-first heap   total 221184K, used 11113K [0x00000006e0000000, 0x0000000800000000)
  region size 4096K, 1 young (4096K), 1 survivors (4096K)
 Metaspace       used 11425K, committed 11584K, reserved 1114112K
  class space    used 1205K, committed 1280K, reserved 1048576K
}
Event: 0,889 GC heap before
{Heap before GC invocations=2 (full 0):
 garbage-first heap   total 221184K, used 56169K [0x00000006e0000000, 0x0000000800000000)
  region size 4096K, 13 young (53248K), 1 survivors (4096K)
 Metaspace       used 21339K, committed 21504K, reserved 1114112K
  class space    used 2543K, committed 2624K, reserved 1048576K
}
Event: 0,894 GC heap after
{Heap after GC invocations=3 (full 0):
 garbage-first heap   total 221184K, used 18130K [0x00000006e0000000, 0x0000000800000000)
  region size 4096K, 2 young (8192K), 2 survivors (8192K)
 Metaspace       used 21339K, committed 21504K, reserved 1114112K
  class space    used 2543K, committed 2624K, reserved 1048576K
}

