# JRE version: OpenJDK Runtime Environment (17.0.9) (build 17.0.9+0-17.0.9b1087.7-11185874)
# Java VM: OpenJDK 64-Bit Server VM (17.0.9+0-17.0.9b1087.7-11185874, mixed mode, tiered, compressed oops, compressed class ptrs, g1 gc, linux-amd64)
GC Precious Log:
 CPUs: 16 total, 12 available
 Memory: 13817M
 Large Page Support: Disabled
 NUMA Support: Disabled
 Compressed Oops: Enabled (Zero based)
 Heap Region Size: 4M
 Heap Min Capacity: 8M
 Heap Initial Capacity: 216M
 Heap Max Capacity: 4608M
 Pre-touch: Disabled
 Parallel Workers: 10
 Concurrent Workers: 3
 Concurrent Refinement Workers: 10
 Periodic GC: Disabled
Heap:
 garbage-first heap   total 409600K, used 251387K [0x00000006e0000000, 0x0000000800000000)
  region size 4096K, 13 young (53248K), 3 survivors (12288K)
 Metaspace       used 119893K, committed 120896K, reserved 1179648K
  class space    used 16286K, committed 16704K, reserved 1048576K
GC Heap History (20 events):
Event: 12,911 GC heap before
{Heap before GC invocations=52 (full 0):
 garbage-first heap   total 266240K, used 200212K [0x00000006e0000000, 0x0000000800000000)
  region size 4096K, 14 young (57344K), 2 survivors (8192K)
 Metaspace       used 108239K, committed 109184K, reserved 1179648K
  class space    used 14883K, committed 15296K, reserved 1048576K
}
Event: 12,918 GC heap after
{Heap after GC invocations=53 (full 0):
 garbage-first heap   total 266240K, used 167764K [0x00000006e0000000, 0x0000000800000000)
  region size 4096K, 2 young (8192K), 2 survivors (8192K)
 Metaspace       used 108239K, committed 109184K, reserved 1179648K
  class space    used 14883K, committed 15296K, reserved 1048576K
}
Event: 13,088 GC heap before
{Heap before GC invocations=54 (full 0):
 garbage-first heap   total 323584K, used 208724K [0x00000006e0000000, 0x0000000800000000)
  region size 4096K, 12 young (49152K), 2 survivors (8192K)
 Metaspace       used 108262K, committed 109184K, reserved 1179648K
  class space    used 14883K, committed 15296K, reserved 1048576K
}
Event: 13,094 GC heap after
{Heap after GC invocations=55 (full 0):
 garbage-first heap   total 323584K, used 176690K [0x00000006e0000000, 0x0000000800000000)
  region size 4096K, 2 young (8192K), 2 survivors (8192K)
 Metaspace       used 108262K, committed 109184K, reserved 1179648K
  class space    used 14883K, committed 15296K, reserved 1048576K
}
Event: 13,106 GC heap before
{Heap before GC invocations=55 (full 0):
 garbage-first heap   total 323584K, used 180786K [0x00000006e0000000, 0x0000000800000000)
  region size 4096K, 3 young (12288K), 2 survivors (8192K)
 Metaspace       used 108262K, committed 109184K, reserved 1179648K
  class space    used 14883K, committed 15296K, reserved 1048576K
}
Event: 13,111 GC heap after
{Heap after GC invocations=56 (full 0):
 garbage-first heap   total 409600K, used 176436K [0x00000006e0000000, 0x0000000800000000)
  region size 4096K, 1 young (4096K), 1 survivors (4096K)
 Metaspace       used 108262K, committed 109184K, reserved 1179648K
  class space    used 14883K, committed 15296K, reserved 1048576K
}
Event: 13,473 GC heap before
{Heap before GC invocations=56 (full 0):
 garbage-first heap   total 409600K, used 282932K [0x00000006e0000000, 0x0000000800000000)
  region size 4096K, 27 young (110592K), 1 survivors (4096K)
 Metaspace       used 108265K, committed 109184K, reserved 1179648K
  class space    used 14883K, committed 15296K, reserved 1048576K
}
Event: 13,475 GC heap after
{Heap after GC invocations=57 (full 0):
 garbage-first heap   total 409600K, used 178132K [0x00000006e0000000, 0x0000000800000000)
  region size 4096K, 2 young (8192K), 2 survivors (8192K)
 Metaspace       used 108265K, committed 109184K, reserved 1179648K
  class space    used 14883K, committed 15296K, reserved 1048576K
}
Event: 13,872 GC heap before
{Heap before GC invocations=57 (full 0):
 garbage-first heap   total 409600K, used 317396K [0x00000006e0000000, 0x0000000800000000)
  region size 4096K, 36 young (147456K), 2 survivors (8192K)
 Metaspace       used 108274K, committed 109184K, reserved 1179648K
  class space    used 14883K, committed 15296K, reserved 1048576K
}
Event: 13,875 GC heap after
{Heap after GC invocations=58 (full 0):
 garbage-first heap   total 409600K, used 180678K [0x00000006e0000000, 0x0000000800000000)
  region size 4096K, 2 young (8192K), 2 survivors (8192K)
 Metaspace       used 108274K, committed 109184K, reserved 1179648K
  class space    used 14883K, committed 15296K, reserved 1048576K
}
Event: 14,365 GC heap before
{Heap before GC invocations=58 (full 0):
 garbage-first heap   total 409600K, used 324038K [0x00000006e0000000, 0x0000000800000000)
  region size 4096K, 37 young (151552K), 2 survivors (8192K)
 Metaspace       used 108278K, committed 109184K, reserved 1179648K
  class space    used 14884K, committed 15296K, reserved 1048576K
}
Event: 14,368 GC heap after
{Heap after GC invocations=59 (full 0):
 garbage-first heap   total 409600K, used 183661K [0x00000006e0000000, 0x0000000800000000)
  region size 4096K, 3 young (12288K), 3 survivors (12288K)
 Metaspace       used 108278K, committed 109184K, reserved 1179648K
  class space    used 14884K, committed 15296K, reserved 1048576K
}
Event: 15,102 GC heap before
{Heap before GC invocations=59 (full 0):
 garbage-first heap   total 409600K, used 331117K [0x00000006e0000000, 0x0000000800000000)
  region size 4096K, 39 young (159744K), 3 survivors (12288K)
 Metaspace       used 108278K, committed 109184K, reserved 1179648K
  class space    used 14884K, committed 15296K, reserved 1048576K
}
Event: 15,106 GC heap after
{Heap after GC invocations=60 (full 0):
 garbage-first heap   total 409600K, used 186512K [0x00000006e0000000, 0x0000000800000000)
  region size 4096K, 4 young (16384K), 4 survivors (16384K)
 Metaspace       used 108278K, committed 109184K, reserved 1179648K
  class space    used 14884K, committed 15296K, reserved 1048576K
}
Event: 15,504 GC heap before
{Heap before GC invocations=60 (full 0):
 garbage-first heap   total 409600K, used 329872K [0x00000006e0000000, 0x0000000800000000)
  region size 4096K, 40 young (163840K), 4 survivors (16384K)
 Metaspace       used 108315K, committed 109184K, reserved 1179648K
  class space    used 14895K, committed 15296K, reserved 1048576K
}
Event: 15,510 GC heap after
{Heap after GC invocations=61 (full 0):
 garbage-first heap   total 409600K, used 196361K [0x00000006e0000000, 0x0000000800000000)
  region size 4096K, 5 young (20480K), 5 survivors (20480K)
 Metaspace       used 108315K, committed 109184K, reserved 1179648K
  class space    used 14895K, committed 15296K, reserved 1048576K
}
Event: 16,507 GC heap before
{Heap before GC invocations=61 (full 0):
 garbage-first heap   total 409600K, used 331529K [0x00000006e0000000, 0x0000000800000000)
  region size 4096K, 39 young (159744K), 5 survivors (20480K)
 Metaspace       used 119462K, committed 120448K, reserved 1179648K
  class space    used 16276K, committed 16704K, reserved 1048576K
}
Event: 16,517 GC heap after
{Heap after GC invocations=62 (full 0):
 garbage-first heap   total 409600K, used 204345K [0x00000006e0000000, 0x0000000800000000)
  region size 4096K, 4 young (16384K), 4 survivors (16384K)
 Metaspace       used 119462K, committed 120448K, reserved 1179648K
  class space    used 16276K, committed 16704K, reserved 1048576K
}
Event: 16,701 GC heap before
{Heap before GC invocations=62 (full 0):
 garbage-first heap   total 409600K, used 327225K [0x00000006e0000000, 0x0000000800000000)
  region size 4096K, 35 young (143360K), 4 survivors (16384K)
 Metaspace       used 119712K, committed 120704K, reserved 1179648K
  class space    used 16283K, committed 16704K, reserved 1048576K
}
Event: 16,709 GC heap after
{Heap after GC invocations=63 (full 0):
 garbage-first heap   total 409600K, used 214523K [0x00000006e0000000, 0x0000000800000000)
  region size 4096K, 3 young (12288K), 3 survivors (12288K)
 Metaspace       used 119712K, committed 120704K, reserved 1179648K
  class space    used 16283K, committed 16704K, reserved 1048576K
}

