# JRE version: OpenJDK Runtime Environment (17.0.9) (build 17.0.9+0-17.0.9b1087.7-11185874)
# Java VM: OpenJDK 64-Bit Server VM (17.0.9+0-17.0.9b1087.7-11185874, mixed mode, tiered, compressed oops, compressed class ptrs, parallel gc, linux-amd64)
GC Precious Log:
 CPUs: 16 total, 12 available
 Memory: 13817M
 Large Page Support: Disabled
 NUMA Support: Disabled
 Compressed Oops: Enabled (Zero based)
 Alignments: Space 512K, Generation 512K, Heap 2M
 Heap Min Capacity: 8M
 Heap Initial Capacity: 216M
 Heap Max Capacity: 4608M
 Pre-touch: Disabled
 Parallel Workers: 10
Heap:
 PSYoungGen      total 685568K, used 114163K [0x00000007a0000000, 0x00000007de200000, 0x0000000800000000)
  eden space 571392K, 0% used [0x00000007a0000000,0x00000007a0000000,0x00000007c2e00000)
  from space 114176K, 99% used [0x00000007cdf80000,0x00000007d4efcc08,0x00000007d4f00000)
  to   space 181760K, 0% used [0x00000007c2e00000,0x00000007c2e00000,0x00000007cdf80000)
 ParOldGen       total 359936K, used 359824K [0x00000006e0000000, 0x00000006f5f80000, 0x00000007a0000000)
  object space 359936K, 99% used [0x00000006e0000000,0x00000006f5f64390,0x00000006f5f80000)
 Metaspace       used 84850K, committed 85632K, reserved 983040K
  class space    used 11640K, committed 12032K, reserved 851968K
GC Heap History (20 events):
Event: 3,675 GC heap after
{Heap after GC invocations=8 (full 2):
 PSYoungGen      total 132096K, used 15911K [0x00000007a0000000, 0x00000007a9b80000, 0x0000000800000000)
  eden space 107008K, 0% used [0x00000007a0000000,0x00000007a0000000,0x00000007a6880000)
  from space 25088K, 63% used [0x00000007a8300000,0x00000007a9289f38,0x00000007a9b80000)
  to   space 26112K, 0% used [0x00000007a6880000,0x00000007a6880000,0x00000007a8200000)
 ParOldGen       total 147456K, used 43477K [0x00000006e0000000, 0x00000006e9000000, 0x00000007a0000000)
  object space 147456K, 29% used [0x00000006e0000000,0x00000006e2a75468,0x00000006e9000000)
 Metaspace       used 59240K, committed 59776K, reserved 917504K
  class space    used 7894K, committed 8192K, reserved 851968K
}
Event: 3,675 GC heap before
{Heap before GC invocations=9 (full 3):
 PSYoungGen      total 132096K, used 15911K [0x00000007a0000000, 0x00000007a9b80000, 0x0000000800000000)
  eden space 107008K, 0% used [0x00000007a0000000,0x00000007a0000000,0x00000007a6880000)
  from space 25088K, 63% used [0x00000007a8300000,0x00000007a9289f38,0x00000007a9b80000)
  to   space 26112K, 0% used [0x00000007a6880000,0x00000007a6880000,0x00000007a8200000)
 ParOldGen       total 147456K, used 43477K [0x00000006e0000000, 0x00000006e9000000, 0x00000007a0000000)
  object space 147456K, 29% used [0x00000006e0000000,0x00000006e2a75468,0x00000006e9000000)
 Metaspace       used 59240K, committed 59776K, reserved 917504K
  class space    used 7894K, committed 8192K, reserved 851968K
}
Event: 3,704 GC heap after
{Heap after GC invocations=9 (full 3):
 PSYoungGen      total 132096K, used 0K [0x00000007a0000000, 0x00000007a9b80000, 0x0000000800000000)
  eden space 107008K, 0% used [0x00000007a0000000,0x00000007a0000000,0x00000007a6880000)
  from space 25088K, 0% used [0x00000007a8300000,0x00000007a8300000,0x00000007a9b80000)
  to   space 26112K, 0% used [0x00000007a6880000,0x00000007a6880000,0x00000007a8200000)
 ParOldGen       total 147456K, used 58173K [0x00000006e0000000, 0x00000006e9000000, 0x00000007a0000000)
  object space 147456K, 39% used [0x00000006e0000000,0x00000006e38cf788,0x00000006e9000000)
 Metaspace       used 59240K, committed 59776K, reserved 917504K
  class space    used 7894K, committed 8192K, reserved 851968K
}
Event: 4,161 GC heap before
{Heap before GC invocations=10 (full 3):
 PSYoungGen      total 132096K, used 107008K [0x00000007a0000000, 0x00000007a9b80000, 0x0000000800000000)
  eden space 107008K, 100% used [0x00000007a0000000,0x00000007a6880000,0x00000007a6880000)
  from space 25088K, 0% used [0x00000007a8300000,0x00000007a8300000,0x00000007a9b80000)
  to   space 26112K, 0% used [0x00000007a6880000,0x00000007a6880000,0x00000007a8200000)
 ParOldGen       total 147456K, used 58173K [0x00000006e0000000, 0x00000006e9000000, 0x00000007a0000000)
  object space 147456K, 39% used [0x00000006e0000000,0x00000006e38cf788,0x00000006e9000000)
 Metaspace       used 66343K, committed 67072K, reserved 917504K
  class space    used 9113K, committed 9472K, reserved 851968K
}
Event: 4,166 GC heap after
{Heap after GC invocations=10 (full 3):
 PSYoungGen      total 133120K, used 11554K [0x00000007a0000000, 0x00000007b0200000, 0x0000000800000000)
  eden space 107008K, 0% used [0x00000007a0000000,0x00000007a0000000,0x00000007a6880000)
  from space 26112K, 44% used [0x00000007a6880000,0x00000007a73c8850,0x00000007a8200000)
  to   space 25088K, 0% used [0x00000007ae980000,0x00000007ae980000,0x00000007b0200000)
 ParOldGen       total 147456K, used 58181K [0x00000006e0000000, 0x00000006e9000000, 0x00000007a0000000)
  object space 147456K, 39% used [0x00000006e0000000,0x00000006e38d1788,0x00000006e9000000)
 Metaspace       used 66343K, committed 67072K, reserved 917504K
  class space    used 9113K, committed 9472K, reserved 851968K
}
Event: 4,388 GC heap before
{Heap before GC invocations=11 (full 3):
 PSYoungGen      total 133120K, used 118562K [0x00000007a0000000, 0x00000007b0200000, 0x0000000800000000)
  eden space 107008K, 100% used [0x00000007a0000000,0x00000007a6880000,0x00000007a6880000)
  from space 26112K, 44% used [0x00000007a6880000,0x00000007a73c8850,0x00000007a8200000)
  to   space 25088K, 0% used [0x00000007ae980000,0x00000007ae980000,0x00000007b0200000)
 ParOldGen       total 147456K, used 58181K [0x00000006e0000000, 0x00000006e9000000, 0x00000007a0000000)
  object space 147456K, 39% used [0x00000006e0000000,0x00000006e38d1788,0x00000006e9000000)
 Metaspace       used 71148K, committed 71872K, reserved 917504K
  class space    used 9531K, committed 9920K, reserved 851968K
}
Event: 4,396 GC heap after
{Heap after GC invocations=11 (full 3):
 PSYoungGen      total 238080K, used 19369K [0x00000007a0000000, 0x00000007b0400000, 0x0000000800000000)
  eden space 212992K, 0% used [0x00000007a0000000,0x00000007a0000000,0x00000007ad000000)
  from space 25088K, 77% used [0x00000007ae980000,0x00000007afc6a5d0,0x00000007b0200000)
  to   space 26112K, 0% used [0x00000007ad000000,0x00000007ad000000,0x00000007ae980000)
 ParOldGen       total 147456K, used 58189K [0x00000006e0000000, 0x00000006e9000000, 0x00000007a0000000)
  object space 147456K, 39% used [0x00000006e0000000,0x00000006e38d3788,0x00000006e9000000)
 Metaspace       used 71148K, committed 71872K, reserved 917504K
  class space    used 9531K, committed 9920K, reserved 851968K
}
Event: 4,671 GC heap before
{Heap before GC invocations=12 (full 3):
 PSYoungGen      total 238080K, used 232361K [0x00000007a0000000, 0x00000007b0400000, 0x0000000800000000)
  eden space 212992K, 100% used [0x00000007a0000000,0x00000007ad000000,0x00000007ad000000)
  from space 25088K, 77% used [0x00000007ae980000,0x00000007afc6a5d0,0x00000007b0200000)
  to   space 26112K, 0% used [0x00000007ad000000,0x00000007ad000000,0x00000007ae980000)
 ParOldGen       total 147456K, used 58189K [0x00000006e0000000, 0x00000006e9000000, 0x00000007a0000000)
  object space 147456K, 39% used [0x00000006e0000000,0x00000006e38d3788,0x00000006e9000000)
 Metaspace       used 71655K, committed 72384K, reserved 917504K
  class space    used 9532K, committed 9920K, reserved 851968K
}
Event: 4,687 GC heap after
{Heap after GC invocations=12 (full 3):
 PSYoungGen      total 239104K, used 26097K [0x00000007a0000000, 0x00000007b8a00000, 0x0000000800000000)
  eden space 212992K, 0% used [0x00000007a0000000,0x00000007a0000000,0x00000007ad000000)
  from space 26112K, 99% used [0x00000007ad000000,0x00000007ae97c580,0x00000007ae980000)
  to   space 31232K, 0% used [0x00000007b6b80000,0x00000007b6b80000,0x00000007b8a00000)
 ParOldGen       total 147456K, used 62753K [0x00000006e0000000, 0x00000006e9000000, 0x00000007a0000000)
  object space 147456K, 42% used [0x00000006e0000000,0x00000006e3d487a8,0x00000006e9000000)
 Metaspace       used 71655K, committed 72384K, reserved 917504K
  class space    used 9532K, committed 9920K, reserved 851968K
}
Event: 4,921 GC heap before
{Heap before GC invocations=13 (full 3):
 PSYoungGen      total 239104K, used 239089K [0x00000007a0000000, 0x00000007b8a00000, 0x0000000800000000)
  eden space 212992K, 100% used [0x00000007a0000000,0x00000007ad000000,0x00000007ad000000)
  from space 26112K, 99% used [0x00000007ad000000,0x00000007ae97c580,0x00000007ae980000)
  to   space 31232K, 0% used [0x00000007b6b80000,0x00000007b6b80000,0x00000007b8a00000)
 ParOldGen       total 147456K, used 62753K [0x00000006e0000000, 0x00000006e9000000, 0x00000007a0000000)
  object space 147456K, 42% used [0x00000006e0000000,0x00000006e3d487a8,0x00000006e9000000)
 Metaspace       used 72353K, committed 73088K, reserved 917504K
  class space    used 9604K, committed 9984K, reserved 851968K
}
Event: 4,939 GC heap after
{Heap after GC invocations=13 (full 3):
 PSYoungGen      total 371200K, used 23504K [0x00000007a0000000, 0x00000007b8c00000, 0x0000000800000000)
  eden space 339968K, 0% used [0x00000007a0000000,0x00000007a0000000,0x00000007b4c00000)
  from space 31232K, 75% used [0x00000007b6b80000,0x00000007b8274070,0x00000007b8a00000)
  to   space 32256K, 0% used [0x00000007b4c00000,0x00000007b4c00000,0x00000007b6b80000)
 ParOldGen       total 147456K, used 78473K [0x00000006e0000000, 0x00000006e9000000, 0x00000007a0000000)
  object space 147456K, 53% used [0x00000006e0000000,0x00000006e4ca26d0,0x00000006e9000000)
 Metaspace       used 72353K, committed 73088K, reserved 917504K
  class space    used 9604K, committed 9984K, reserved 851968K
}
Event: 5,380 GC heap before
{Heap before GC invocations=14 (full 3):
 PSYoungGen      total 371200K, used 363472K [0x00000007a0000000, 0x00000007b8c00000, 0x0000000800000000)
  eden space 339968K, 100% used [0x00000007a0000000,0x00000007b4c00000,0x00000007b4c00000)
  from space 31232K, 75% used [0x00000007b6b80000,0x00000007b8274070,0x00000007b8a00000)
  to   space 32256K, 0% used [0x00000007b4c00000,0x00000007b4c00000,0x00000007b6b80000)
 ParOldGen       total 147456K, used 78473K [0x00000006e0000000, 0x00000006e9000000, 0x00000007a0000000)
  object space 147456K, 53% used [0x00000006e0000000,0x00000006e4ca26d0,0x00000006e9000000)
 Metaspace       used 80469K, committed 81216K, reserved 983040K
  class space    used 10810K, committed 11200K, reserved 851968K
}
Event: 5,417 GC heap after
{Heap after GC invocations=14 (full 3):
 PSYoungGen      total 372224K, used 32252K [0x00000007a0000000, 0x00000007cb880000, 0x0000000800000000)
  eden space 339968K, 0% used [0x00000007a0000000,0x00000007a0000000,0x00000007b4c00000)
  from space 32256K, 99% used [0x00000007b4c00000,0x00000007b6b7f3d8,0x00000007b6b80000)
  to   space 84480K, 0% used [0x00000007c6600000,0x00000007c6600000,0x00000007cb880000)
 ParOldGen       total 208384K, used 208066K [0x00000006e0000000, 0x00000006ecb80000, 0x00000007a0000000)
  object space 208384K, 99% used [0x00000006e0000000,0x00000006ecb30928,0x00000006ecb80000)
 Metaspace       used 80469K, committed 81216K, reserved 983040K
  class space    used 10810K, committed 11200K, reserved 851968K
}
Event: 5,417 GC heap before
{Heap before GC invocations=15 (full 4):
 PSYoungGen      total 372224K, used 32252K [0x00000007a0000000, 0x00000007cb880000, 0x0000000800000000)
  eden space 339968K, 0% used [0x00000007a0000000,0x00000007a0000000,0x00000007b4c00000)
  from space 32256K, 99% used [0x00000007b4c00000,0x00000007b6b7f3d8,0x00000007b6b80000)
  to   space 84480K, 0% used [0x00000007c6600000,0x00000007c6600000,0x00000007cb880000)
 ParOldGen       total 208384K, used 208066K [0x00000006e0000000, 0x00000006ecb80000, 0x00000007a0000000)
  object space 208384K, 99% used [0x00000006e0000000,0x00000006ecb30928,0x00000006ecb80000)
 Metaspace       used 80469K, committed 81216K, reserved 983040K
  class space    used 10810K, committed 11200K, reserved 851968K
}
Event: 5,472 GC heap after
{Heap after GC invocations=15 (full 4):
 PSYoungGen      total 466944K, used 0K [0x00000007a0000000, 0x00000007c6980000, 0x0000000800000000)
  eden space 463360K, 0% used [0x00000007a0000000,0x00000007a0000000,0x00000007bc480000)
  from space 3584K, 0% used [0x00000007c6600000,0x00000007c6600000,0x00000007c6980000)
  to   space 84480K, 0% used [0x00000007bc480000,0x00000007bc480000,0x00000007c1700000)
 ParOldGen       total 327680K, used 187915K [0x00000006e0000000, 0x00000006f4000000, 0x00000007a0000000)
  object space 327680K, 57% used [0x00000006e0000000,0x00000006eb782c58,0x00000006f4000000)
 Metaspace       used 80467K, committed 81216K, reserved 983040K
  class space    used 10810K, committed 11200K, reserved 851968K
}
Event: 5,822 GC heap before
{Heap before GC invocations=16 (full 4):
 PSYoungGen      total 466944K, used 463360K [0x00000007a0000000, 0x00000007c6980000, 0x0000000800000000)
  eden space 463360K, 100% used [0x00000007a0000000,0x00000007bc480000,0x00000007bc480000)
  from space 3584K, 0% used [0x00000007c6600000,0x00000007c6600000,0x00000007c6980000)
  to   space 84480K, 0% used [0x00000007bc480000,0x00000007bc480000,0x00000007c1700000)
 ParOldGen       total 327680K, used 187915K [0x00000006e0000000, 0x00000006f4000000, 0x00000007a0000000)
  object space 327680K, 57% used [0x00000006e0000000,0x00000006eb782c58,0x00000006f4000000)
 Metaspace       used 81667K, committed 82496K, reserved 983040K
  class space    used 10994K, committed 11456K, reserved 851968K
}
Event: 5,853 GC heap after
{Heap after GC invocations=16 (full 4):
 PSYoungGen      total 547840K, used 84475K [0x00000007a0000000, 0x00000007d4f00000, 0x0000000800000000)
  eden space 463360K, 0% used [0x00000007a0000000,0x00000007a0000000,0x00000007bc480000)
  from space 84480K, 99% used [0x00000007bc480000,0x00000007c16fed20,0x00000007c1700000)
  to   space 114176K, 0% used [0x00000007cdf80000,0x00000007cdf80000,0x00000007d4f00000)
 ParOldGen       total 327680K, used 230657K [0x00000006e0000000, 0x00000006f4000000, 0x00000007a0000000)
  object space 327680K, 70% used [0x00000006e0000000,0x00000006ee1405e0,0x00000006f4000000)
 Metaspace       used 81667K, committed 82496K, reserved 983040K
  class space    used 10994K, committed 11456K, reserved 851968K
}
Event: 6,629 GC heap before
{Heap before GC invocations=17 (full 4):
 PSYoungGen      total 547840K, used 547835K [0x00000007a0000000, 0x00000007d4f00000, 0x0000000800000000)
  eden space 463360K, 100% used [0x00000007a0000000,0x00000007bc480000,0x00000007bc480000)
  from space 84480K, 99% used [0x00000007bc480000,0x00000007c16fed20,0x00000007c1700000)
  to   space 114176K, 0% used [0x00000007cdf80000,0x00000007cdf80000,0x00000007d4f00000)
 ParOldGen       total 327680K, used 230657K [0x00000006e0000000, 0x00000006f4000000, 0x00000007a0000000)
  object space 327680K, 70% used [0x00000006e0000000,0x00000006ee1405e0,0x00000006f4000000)
 Metaspace       used 84850K, committed 85632K, reserved 983040K
  class space    used 11640K, committed 12032K, reserved 851968K
}
Event: 6,728 GC heap after
{Heap after GC invocations=17 (full 4):
 PSYoungGen      total 685568K, used 114163K [0x00000007a0000000, 0x00000007de200000, 0x0000000800000000)
  eden space 571392K, 0% used [0x00000007a0000000,0x00000007a0000000,0x00000007c2e00000)
  from space 114176K, 99% used [0x00000007cdf80000,0x00000007d4efcc08,0x00000007d4f00000)
  to   space 181760K, 0% used [0x00000007c2e00000,0x00000007c2e00000,0x00000007cdf80000)
 ParOldGen       total 359936K, used 359824K [0x00000006e0000000, 0x00000006f5f80000, 0x00000007a0000000)
  object space 359936K, 99% used [0x00000006e0000000,0x00000006f5f64390,0x00000006f5f80000)
 Metaspace       used 84850K, committed 85632K, reserved 983040K
  class space    used 11640K, committed 12032K, reserved 851968K
}
Event: 6,728 GC heap before
{Heap before GC invocations=18 (full 5):
 PSYoungGen      total 685568K, used 114163K [0x00000007a0000000, 0x00000007de200000, 0x0000000800000000)
  eden space 571392K, 0% used [0x00000007a0000000,0x00000007a0000000,0x00000007c2e00000)
  from space 114176K, 99% used [0x00000007cdf80000,0x00000007d4efcc08,0x00000007d4f00000)
  to   space 181760K, 0% used [0x00000007c2e00000,0x00000007c2e00000,0x00000007cdf80000)
 ParOldGen       total 359936K, used 359824K [0x00000006e0000000, 0x00000006f5f80000, 0x00000007a0000000)
  object space 359936K, 99% used [0x00000006e0000000,0x00000006f5f64390,0x00000006f5f80000)
 Metaspace       used 84850K, committed 85632K, reserved 983040K
  class space    used 11640K, committed 12032K, reserved 851968K
}

