# JRE version: OpenJDK Runtime Environment (17.0.9) (build 17.0.9+0-17.0.9b1087.7-11185874)
# Java VM: OpenJDK 64-Bit Server VM (17.0.9+0-17.0.9b1087.7-11185874, mixed mode, tiered, compressed oops, compressed class ptrs, parallel gc, linux-amd64)
GC Precious Log:
 CPUs: 16 total, 12 available
 Memory: 13817M
 Large Page Support: Disabled
 NUMA Support: Disabled
 Compressed Oops: Enabled (Zero based)
 Alignments: Space 512K, Generation 512K, Heap 2M
 Heap Min Capacity: 8M
 Heap Initial Capacity: 216M
 Heap Max Capacity: 4608M
 Pre-touch: Disabled
 Parallel Workers: 10
Heap:
 PSYoungGen      total 289792K, used 5350K [0x00000007a0000000, 0x00000007b3b00000, 0x0000000800000000)
  eden space 258560K, 0% used [0x00000007a0000000,0x00000007a0000000,0x00000007afc80000)
  from space 31232K, 17% used [0x00000007b1b80000,0x00000007b20b99a0,0x00000007b3a00000)
  to   space 31744K, 0% used [0x00000007afc80000,0x00000007afc80000,0x00000007b1b80000)
 ParOldGen       total 147456K, used 105792K [0x00000006e0000000, 0x00000006e9000000, 0x00000007a0000000)
  object space 147456K, 71% used [0x00000006e0000000,0x00000006e67503e8,0x00000006e9000000)
 Metaspace       used 98810K, committed 99648K, reserved 983040K
  class space    used 13644K, committed 14080K, reserved 851968K
GC Heap History (20 events):
Event: 2,404 GC heap after
{Heap after GC invocations=6 (full 2):
 PSYoungGen      total 119808K, used 0K [0x00000007a0000000, 0x00000007a7e00000, 0x0000000800000000)
  eden space 110592K, 0% used [0x00000007a0000000,0x00000007a0000000,0x00000007a6c00000)
  from space 9216K, 0% used [0x00000007a7500000,0x00000007a7500000,0x00000007a7e00000)
  to   space 9216K, 0% used [0x00000007a6c00000,0x00000007a6c00000,0x00000007a7500000)
 ParOldGen       total 147456K, used 35577K [0x00000006e0000000, 0x00000006e9000000, 0x00000007a0000000)
  object space 147456K, 24% used [0x00000006e0000000,0x00000006e22be5d0,0x00000006e9000000)
 Metaspace       used 35469K, committed 35840K, reserved 917504K
  class space    used 4928K, committed 5120K, reserved 851968K
}
Event: 3,252 GC heap before
{Heap before GC invocations=7 (full 2):
 PSYoungGen      total 119808K, used 110592K [0x00000007a0000000, 0x00000007a7e00000, 0x0000000800000000)
  eden space 110592K, 100% used [0x00000007a0000000,0x00000007a6c00000,0x00000007a6c00000)
  from space 9216K, 0% used [0x00000007a7500000,0x00000007a7500000,0x00000007a7e00000)
  to   space 9216K, 0% used [0x00000007a6c00000,0x00000007a6c00000,0x00000007a7500000)
 ParOldGen       total 147456K, used 35577K [0x00000006e0000000, 0x00000006e9000000, 0x00000007a0000000)
  object space 147456K, 24% used [0x00000006e0000000,0x00000006e22be5d0,0x00000006e9000000)
 Metaspace       used 48302K, committed 48768K, reserved 917504K
  class space    used 6484K, committed 6720K, reserved 851968K
}
Event: 3,257 GC heap after
{Heap after GC invocations=7 (full 2):
 PSYoungGen      total 116224K, used 9211K [0x00000007a0000000, 0x00000007a8f80000, 0x0000000800000000)
  eden space 107008K, 0% used [0x00000007a0000000,0x00000007a0000000,0x00000007a6880000)
  from space 9216K, 99% used [0x00000007a6c00000,0x00000007a74fec80,0x00000007a7500000)
  to   space 19968K, 0% used [0x00000007a7c00000,0x00000007a7c00000,0x00000007a8f80000)
 ParOldGen       total 147456K, used 36081K [0x00000006e0000000, 0x00000006e9000000, 0x00000007a0000000)
  object space 147456K, 24% used [0x00000006e0000000,0x00000006e233c628,0x00000006e9000000)
 Metaspace       used 48302K, committed 48768K, reserved 917504K
  class space    used 6484K, committed 6720K, reserved 851968K
}
Event: 4,130 GC heap before
{Heap before GC invocations=8 (full 2):
 PSYoungGen      total 116224K, used 116219K [0x00000007a0000000, 0x00000007a8f80000, 0x0000000800000000)
  eden space 107008K, 100% used [0x00000007a0000000,0x00000007a6880000,0x00000007a6880000)
  from space 9216K, 99% used [0x00000007a6c00000,0x00000007a74fec80,0x00000007a7500000)
  to   space 19968K, 0% used [0x00000007a7c00000,0x00000007a7c00000,0x00000007a8f80000)
 ParOldGen       total 147456K, used 36081K [0x00000006e0000000, 0x00000006e9000000, 0x00000007a0000000)
  object space 147456K, 24% used [0x00000006e0000000,0x00000006e233c628,0x00000006e9000000)
 Metaspace       used 58423K, committed 59072K, reserved 917504K
  class space    used 8012K, committed 8320K, reserved 851968K
}
Event: 4,138 GC heap after
{Heap after GC invocations=8 (full 2):
 PSYoungGen      total 123904K, used 19948K [0x00000007a0000000, 0x00000007a9280000, 0x0000000800000000)
  eden space 103936K, 0% used [0x00000007a0000000,0x00000007a0000000,0x00000007a6580000)
  from space 19968K, 99% used [0x00000007a7c00000,0x00000007a8f7b338,0x00000007a8f80000)
  to   space 23040K, 0% used [0x00000007a6580000,0x00000007a6580000,0x00000007a7c00000)
 ParOldGen       total 147456K, used 36945K [0x00000006e0000000, 0x00000006e9000000, 0x00000007a0000000)
  object space 147456K, 25% used [0x00000006e0000000,0x00000006e2414628,0x00000006e9000000)
 Metaspace       used 58423K, committed 59072K, reserved 917504K
  class space    used 8012K, committed 8320K, reserved 851968K
}
Event: 4,229 GC heap before
{Heap before GC invocations=9 (full 2):
 PSYoungGen      total 123904K, used 31152K [0x00000007a0000000, 0x00000007a9280000, 0x0000000800000000)
  eden space 103936K, 10% used [0x00000007a0000000,0x00000007a0af0d68,0x00000007a6580000)
  from space 19968K, 99% used [0x00000007a7c00000,0x00000007a8f7b338,0x00000007a8f80000)
  to   space 23040K, 0% used [0x00000007a6580000,0x00000007a6580000,0x00000007a7c00000)
 ParOldGen       total 147456K, used 36945K [0x00000006e0000000, 0x00000006e9000000, 0x00000007a0000000)
  object space 147456K, 25% used [0x00000006e0000000,0x00000006e2414628,0x00000006e9000000)
 Metaspace       used 59146K, committed 59776K, reserved 917504K
  class space    used 8128K, committed 8448K, reserved 851968K
}
Event: 4,235 GC heap after
{Heap after GC invocations=9 (full 2):
 PSYoungGen      total 126976K, used 20266K [0x00000007a0000000, 0x00000007a9680000, 0x0000000800000000)
  eden space 103936K, 0% used [0x00000007a0000000,0x00000007a0000000,0x00000007a6580000)
  from space 23040K, 87% used [0x00000007a6580000,0x00000007a794a8f0,0x00000007a7c00000)
  to   space 25088K, 0% used [0x00000007a7e00000,0x00000007a7e00000,0x00000007a9680000)
 ParOldGen       total 147456K, used 36953K [0x00000006e0000000, 0x00000006e9000000, 0x00000007a0000000)
  object space 147456K, 25% used [0x00000006e0000000,0x00000006e2416628,0x00000006e9000000)
 Metaspace       used 59146K, committed 59776K, reserved 917504K
  class space    used 8128K, committed 8448K, reserved 851968K
}
Event: 4,235 GC heap before
{Heap before GC invocations=10 (full 3):
 PSYoungGen      total 126976K, used 20266K [0x00000007a0000000, 0x00000007a9680000, 0x0000000800000000)
  eden space 103936K, 0% used [0x00000007a0000000,0x00000007a0000000,0x00000007a6580000)
  from space 23040K, 87% used [0x00000007a6580000,0x00000007a794a8f0,0x00000007a7c00000)
  to   space 25088K, 0% used [0x00000007a7e00000,0x00000007a7e00000,0x00000007a9680000)
 ParOldGen       total 147456K, used 36953K [0x00000006e0000000, 0x00000006e9000000, 0x00000007a0000000)
  object space 147456K, 25% used [0x00000006e0000000,0x00000006e2416628,0x00000006e9000000)
 Metaspace       used 59146K, committed 59776K, reserved 917504K
  class space    used 8128K, committed 8448K, reserved 851968K
}
Event: 4,275 GC heap after
{Heap after GC invocations=10 (full 3):
 PSYoungGen      total 126976K, used 0K [0x00000007a0000000, 0x00000007a9680000, 0x0000000800000000)
  eden space 103936K, 0% used [0x00000007a0000000,0x00000007a0000000,0x00000007a6580000)
  from space 23040K, 0% used [0x00000007a6580000,0x00000007a6580000,0x00000007a7c00000)
  to   space 25088K, 0% used [0x00000007a7e00000,0x00000007a7e00000,0x00000007a9680000)
 ParOldGen       total 147456K, used 56168K [0x00000006e0000000, 0x00000006e9000000, 0x00000007a0000000)
  object space 147456K, 38% used [0x00000006e0000000,0x00000006e36da218,0x00000006e9000000)
 Metaspace       used 59146K, committed 59776K, reserved 917504K
  class space    used 8128K, committed 8448K, reserved 851968K
}
Event: 4,846 GC heap before
{Heap before GC invocations=11 (full 3):
 PSYoungGen      total 126976K, used 103936K [0x00000007a0000000, 0x00000007a9680000, 0x0000000800000000)
  eden space 103936K, 100% used [0x00000007a0000000,0x00000007a6580000,0x00000007a6580000)
  from space 23040K, 0% used [0x00000007a6580000,0x00000007a6580000,0x00000007a7c00000)
  to   space 25088K, 0% used [0x00000007a7e00000,0x00000007a7e00000,0x00000007a9680000)
 ParOldGen       total 147456K, used 56168K [0x00000006e0000000, 0x00000006e9000000, 0x00000007a0000000)
  object space 147456K, 38% used [0x00000006e0000000,0x00000006e36da218,0x00000006e9000000)
 Metaspace       used 63895K, committed 64576K, reserved 917504K
  class space    used 8757K, committed 9088K, reserved 851968K
}
Event: 4,852 GC heap after
{Heap after GC invocations=11 (full 3):
 PSYoungGen      total 125952K, used 24588K [0x00000007a0000000, 0x00000007b0200000, 0x0000000800000000)
  eden space 100864K, 0% used [0x00000007a0000000,0x00000007a0000000,0x00000007a6280000)
  from space 25088K, 98% used [0x00000007a7e00000,0x00000007a96033f8,0x00000007a9680000)
  to   space 28160K, 0% used [0x00000007a6280000,0x00000007a6280000,0x00000007a7e00000)
 ParOldGen       total 147456K, used 56176K [0x00000006e0000000, 0x00000006e9000000, 0x00000007a0000000)
  object space 147456K, 38% used [0x00000006e0000000,0x00000006e36dc218,0x00000006e9000000)
 Metaspace       used 63895K, committed 64576K, reserved 917504K
  class space    used 8757K, committed 9088K, reserved 851968K
}
Event: 5,415 GC heap before
{Heap before GC invocations=12 (full 3):
 PSYoungGen      total 125952K, used 125452K [0x00000007a0000000, 0x00000007b0200000, 0x0000000800000000)
  eden space 100864K, 100% used [0x00000007a0000000,0x00000007a6280000,0x00000007a6280000)
  from space 25088K, 98% used [0x00000007a7e00000,0x00000007a96033f8,0x00000007a9680000)
  to   space 28160K, 0% used [0x00000007a6280000,0x00000007a6280000,0x00000007a7e00000)
 ParOldGen       total 147456K, used 56176K [0x00000006e0000000, 0x00000006e9000000, 0x00000007a0000000)
  object space 147456K, 38% used [0x00000006e0000000,0x00000006e36dc218,0x00000006e9000000)
 Metaspace       used 73154K, committed 73856K, reserved 917504K
  class space    used 9905K, committed 10240K, reserved 851968K
}
Event: 5,423 GC heap after
{Heap after GC invocations=12 (full 3):
 PSYoungGen      total 129024K, used 28134K [0x00000007a0000000, 0x00000007add00000, 0x0000000800000000)
  eden space 100864K, 0% used [0x00000007a0000000,0x00000007a0000000,0x00000007a6280000)
  from space 28160K, 99% used [0x00000007a6280000,0x00000007a7df98e8,0x00000007a7e00000)
  to   space 32256K, 0% used [0x00000007abd80000,0x00000007abd80000,0x00000007add00000)
 ParOldGen       total 147456K, used 58162K [0x00000006e0000000, 0x00000006e9000000, 0x00000007a0000000)
  object space 147456K, 39% used [0x00000006e0000000,0x00000006e38ccbd8,0x00000006e9000000)
 Metaspace       used 73154K, committed 73856K, reserved 917504K
  class space    used 9905K, committed 10240K, reserved 851968K
}
Event: 6,056 GC heap before
{Heap before GC invocations=13 (full 3):
 PSYoungGen      total 129024K, used 128998K [0x00000007a0000000, 0x00000007add00000, 0x0000000800000000)
  eden space 100864K, 100% used [0x00000007a0000000,0x00000007a6280000,0x00000007a6280000)
  from space 28160K, 99% used [0x00000007a6280000,0x00000007a7df98e8,0x00000007a7e00000)
  to   space 32256K, 0% used [0x00000007abd80000,0x00000007abd80000,0x00000007add00000)
 ParOldGen       total 147456K, used 58162K [0x00000006e0000000, 0x00000006e9000000, 0x00000007a0000000)
  object space 147456K, 39% used [0x00000006e0000000,0x00000006e38ccbd8,0x00000006e9000000)
 Metaspace       used 81986K, committed 82752K, reserved 983040K
  class space    used 11106K, committed 11520K, reserved 851968K
}
Event: 6,065 GC heap after
{Heap after GC invocations=13 (full 3):
 PSYoungGen      total 193024K, used 12097K [0x00000007a0000000, 0x00000007adc00000, 0x0000000800000000)
  eden space 161792K, 0% used [0x00000007a0000000,0x00000007a0000000,0x00000007a9e00000)
  from space 31232K, 38% used [0x00000007abd80000,0x00000007ac9504f0,0x00000007adc00000)
  to   space 31744K, 0% used [0x00000007a9e00000,0x00000007a9e00000,0x00000007abd00000)
 ParOldGen       total 147456K, used 82087K [0x00000006e0000000, 0x00000006e9000000, 0x00000007a0000000)
  object space 147456K, 55% used [0x00000006e0000000,0x00000006e5029f80,0x00000006e9000000)
 Metaspace       used 81986K, committed 82752K, reserved 983040K
  class space    used 11106K, committed 11520K, reserved 851968K
}
Event: 6,954 GC heap before
{Heap before GC invocations=14 (full 3):
 PSYoungGen      total 193024K, used 173889K [0x00000007a0000000, 0x00000007adc00000, 0x0000000800000000)
  eden space 161792K, 100% used [0x00000007a0000000,0x00000007a9e00000,0x00000007a9e00000)
  from space 31232K, 38% used [0x00000007abd80000,0x00000007ac9504f0,0x00000007adc00000)
  to   space 31744K, 0% used [0x00000007a9e00000,0x00000007a9e00000,0x00000007abd00000)
 ParOldGen       total 147456K, used 82087K [0x00000006e0000000, 0x00000006e9000000, 0x00000007a0000000)
  object space 147456K, 55% used [0x00000006e0000000,0x00000006e5029f80,0x00000006e9000000)
 Metaspace       used 88470K, committed 89280K, reserved 983040K
  class space    used 11990K, committed 12352K, reserved 851968K
}
Event: 6,963 GC heap after
{Heap after GC invocations=14 (full 3):
 PSYoungGen      total 193536K, used 11817K [0x00000007a0000000, 0x00000007b3a00000, 0x0000000800000000)
  eden space 161792K, 0% used [0x00000007a0000000,0x00000007a0000000,0x00000007a9e00000)
  from space 31744K, 37% used [0x00000007a9e00000,0x00000007aa98a580,0x00000007abd00000)
  to   space 31232K, 0% used [0x00000007b1b80000,0x00000007b1b80000,0x00000007b3a00000)
 ParOldGen       total 147456K, used 93959K [0x00000006e0000000, 0x00000006e9000000, 0x00000007a0000000)
  object space 147456K, 63% used [0x00000006e0000000,0x00000006e5bc1ec0,0x00000006e9000000)
 Metaspace       used 88470K, committed 89280K, reserved 983040K
  class space    used 11990K, committed 12352K, reserved 851968K
}
Event: 7,862 GC heap before
{Heap before GC invocations=15 (full 3):
 PSYoungGen      total 193536K, used 160982K [0x00000007a0000000, 0x00000007b3a00000, 0x0000000800000000)
  eden space 161792K, 92% used [0x00000007a0000000,0x00000007a91ab4a8,0x00000007a9e00000)
  from space 31744K, 37% used [0x00000007a9e00000,0x00000007aa98a580,0x00000007abd00000)
  to   space 31232K, 0% used [0x00000007b1b80000,0x00000007b1b80000,0x00000007b3a00000)
 ParOldGen       total 147456K, used 93959K [0x00000006e0000000, 0x00000006e9000000, 0x00000007a0000000)
  object space 147456K, 63% used [0x00000006e0000000,0x00000006e5bc1ec0,0x00000006e9000000)
 Metaspace       used 98810K, committed 99648K, reserved 983040K
  class space    used 13644K, committed 14080K, reserved 851968K
}
Event: 7,868 GC heap after
{Heap after GC invocations=15 (full 3):
 PSYoungGen      total 289792K, used 5350K [0x00000007a0000000, 0x00000007b3b00000, 0x0000000800000000)
  eden space 258560K, 0% used [0x00000007a0000000,0x00000007a0000000,0x00000007afc80000)
  from space 31232K, 17% used [0x00000007b1b80000,0x00000007b20b99a0,0x00000007b3a00000)
  to   space 31744K, 0% used [0x00000007afc80000,0x00000007afc80000,0x00000007b1b80000)
 ParOldGen       total 147456K, used 105792K [0x00000006e0000000, 0x00000006e9000000, 0x00000007a0000000)
  object space 147456K, 71% used [0x00000006e0000000,0x00000006e67503e8,0x00000006e9000000)
 Metaspace       used 98810K, committed 99648K, reserved 983040K
  class space    used 13644K, committed 14080K, reserved 851968K
}
Event: 7,868 GC heap before
{Heap before GC invocations=16 (full 4):
 PSYoungGen      total 289792K, used 5350K [0x00000007a0000000, 0x00000007b3b00000, 0x0000000800000000)
  eden space 258560K, 0% used [0x00000007a0000000,0x00000007a0000000,0x00000007afc80000)
  from space 31232K, 17% used [0x00000007b1b80000,0x00000007b20b99a0,0x00000007b3a00000)
  to   space 31744K, 0% used [0x00000007afc80000,0x00000007afc80000,0x00000007b1b80000)
 ParOldGen       total 147456K, used 105792K [0x00000006e0000000, 0x00000006e9000000, 0x00000007a0000000)
  object space 147456K, 71% used [0x00000006e0000000,0x00000006e67503e8,0x00000006e9000000)
 Metaspace       used 98810K, committed 99648K, reserved 983040K
  class space    used 13644K, committed 14080K, reserved 851968K
}

