# JRE version: OpenJDK Runtime Environment (17.0.9) (build 17.0.9+0-17.0.9b1087.7-11185874)
# Java VM: OpenJDK 64-Bit Server VM (17.0.9+0-17.0.9b1087.7-11185874, mixed mode, tiered, compressed oops, compressed class ptrs, parallel gc, linux-amd64)
GC Precious Log:
 CPUs: 16 total, 12 available
 Memory: 13817M
 Large Page Support: Disabled
 NUMA Support: Disabled
 Compressed Oops: Enabled (Zero based)
 Alignments: Space 512K, Generation 512K, Heap 2M
 Heap Min Capacity: 8M
 Heap Initial Capacity: 216M
 Heap Max Capacity: 4608M
 Pre-touch: Disabled
 Parallel Workers: 10
Heap:
 PSYoungGen      total 198656K, used 36531K [0x00000007a0000000, 0x00000007b4580000, 0x0000000800000000)
  eden space 158208K, 15% used [0x00000007a0000000,0x00000007a18b47a0,0x00000007a9a80000)
  from space 40448K, 27% used [0x00000007a9a80000,0x00000007aa578690,0x00000007ac200000)
  to   space 39936K, 0% used [0x00000007b1e80000,0x00000007b1e80000,0x00000007b4580000)
 ParOldGen       total 147456K, used 98378K [0x00000006e0000000, 0x00000006e9000000, 0x00000007a0000000)
  object space 147456K, 66% used [0x00000006e0000000,0x00000006e6012b28,0x00000006e9000000)
 Metaspace       used 106000K, committed 106880K, reserved 983040K
  class space    used 14307K, committed 14720K, reserved 851968K
GC Heap History (20 events):
Event: 2,423 GC heap before
{Heap before GC invocations=6 (full 2):
 PSYoungGen      total 119808K, used 110592K [0x00000007a0000000, 0x00000007a7e00000, 0x0000000800000000)
  eden space 110592K, 100% used [0x00000007a0000000,0x00000007a6c00000,0x00000007a6c00000)
  from space 9216K, 0% used [0x00000007a6c00000,0x00000007a6c00000,0x00000007a7500000)
  to   space 9216K, 0% used [0x00000007a7500000,0x00000007a7500000,0x00000007a7e00000)
 ParOldGen       total 147456K, used 21204K [0x00000006e0000000, 0x00000006e9000000, 0x00000007a0000000)
  object space 147456K, 14% used [0x00000006e0000000,0x00000006e14b52e8,0x00000006e9000000)
 Metaspace       used 49440K, committed 49792K, reserved 917504K
  class space    used 6540K, committed 6720K, reserved 851968K
}
Event: 2,427 GC heap after
{Heap after GC invocations=6 (full 2):
 PSYoungGen      total 119808K, used 9212K [0x00000007a0000000, 0x00000007a7e00000, 0x0000000800000000)
  eden space 110592K, 0% used [0x00000007a0000000,0x00000007a0000000,0x00000007a6c00000)
  from space 9216K, 99% used [0x00000007a7500000,0x00000007a7dff298,0x00000007a7e00000)
  to   space 9216K, 0% used [0x00000007a6c00000,0x00000007a6c00000,0x00000007a7500000)
 ParOldGen       total 147456K, used 28922K [0x00000006e0000000, 0x00000006e9000000, 0x00000007a0000000)
  object space 147456K, 19% used [0x00000006e0000000,0x00000006e1c3e810,0x00000006e9000000)
 Metaspace       used 49440K, committed 49792K, reserved 917504K
  class space    used 6540K, committed 6720K, reserved 851968K
}
Event: 3,258 GC heap before
{Heap before GC invocations=7 (full 2):
 PSYoungGen      total 119808K, used 114406K [0x00000007a0000000, 0x00000007a7e00000, 0x0000000800000000)
  eden space 110592K, 95% used [0x00000007a0000000,0x00000007a66ba750,0x00000007a6c00000)
  from space 9216K, 99% used [0x00000007a7500000,0x00000007a7dff298,0x00000007a7e00000)
  to   space 9216K, 0% used [0x00000007a6c00000,0x00000007a6c00000,0x00000007a7500000)
 ParOldGen       total 147456K, used 28922K [0x00000006e0000000, 0x00000006e9000000, 0x00000007a0000000)
  object space 147456K, 19% used [0x00000006e0000000,0x00000006e1c3e810,0x00000006e9000000)
 Metaspace       used 59364K, committed 59776K, reserved 917504K
  class space    used 7851K, committed 8064K, reserved 851968K
}
Event: 3,265 GC heap after
{Heap after GC invocations=7 (full 2):
 PSYoungGen      total 119808K, used 9210K [0x00000007a0000000, 0x00000007a9f00000, 0x0000000800000000)
  eden space 110592K, 0% used [0x00000007a0000000,0x00000007a0000000,0x00000007a6c00000)
  from space 9216K, 99% used [0x00000007a6c00000,0x00000007a74feab8,0x00000007a7500000)
  to   space 26112K, 0% used [0x00000007a8580000,0x00000007a8580000,0x00000007a9f00000)
 ParOldGen       total 147456K, used 41943K [0x00000006e0000000, 0x00000006e9000000, 0x00000007a0000000)
  object space 147456K, 28% used [0x00000006e0000000,0x00000006e28f5c20,0x00000006e9000000)
 Metaspace       used 59364K, committed 59776K, reserved 917504K
  class space    used 7851K, committed 8064K, reserved 851968K
}
Event: 3,265 GC heap before
{Heap before GC invocations=8 (full 3):
 PSYoungGen      total 119808K, used 9210K [0x00000007a0000000, 0x00000007a9f00000, 0x0000000800000000)
  eden space 110592K, 0% used [0x00000007a0000000,0x00000007a0000000,0x00000007a6c00000)
  from space 9216K, 99% used [0x00000007a6c00000,0x00000007a74feab8,0x00000007a7500000)
  to   space 26112K, 0% used [0x00000007a8580000,0x00000007a8580000,0x00000007a9f00000)
 ParOldGen       total 147456K, used 41943K [0x00000006e0000000, 0x00000006e9000000, 0x00000007a0000000)
  object space 147456K, 28% used [0x00000006e0000000,0x00000006e28f5c20,0x00000006e9000000)
 Metaspace       used 59364K, committed 59776K, reserved 917504K
  class space    used 7851K, committed 8064K, reserved 851968K
}
Event: 3,292 GC heap after
{Heap after GC invocations=8 (full 3):
 PSYoungGen      total 119808K, used 0K [0x00000007a0000000, 0x00000007a9f00000, 0x0000000800000000)
  eden space 110592K, 0% used [0x00000007a0000000,0x00000007a0000000,0x00000007a6c00000)
  from space 9216K, 0% used [0x00000007a6c00000,0x00000007a6c00000,0x00000007a7500000)
  to   space 26112K, 0% used [0x00000007a8580000,0x00000007a8580000,0x00000007a9f00000)
 ParOldGen       total 147456K, used 49623K [0x00000006e0000000, 0x00000006e9000000, 0x00000007a0000000)
  object space 147456K, 33% used [0x00000006e0000000,0x00000006e3075dc0,0x00000006e9000000)
 Metaspace       used 59364K, committed 59776K, reserved 917504K
  class space    used 7851K, committed 8064K, reserved 851968K
}
Event: 7,494 GC heap before
{Heap before GC invocations=9 (full 3):
 PSYoungGen      total 119808K, used 110592K [0x00000007a0000000, 0x00000007a9f00000, 0x0000000800000000)
  eden space 110592K, 100% used [0x00000007a0000000,0x00000007a6c00000,0x00000007a6c00000)
  from space 9216K, 0% used [0x00000007a6c00000,0x00000007a6c00000,0x00000007a7500000)
  to   space 26112K, 0% used [0x00000007a8580000,0x00000007a8580000,0x00000007a9f00000)
 ParOldGen       total 147456K, used 49623K [0x00000006e0000000, 0x00000006e9000000, 0x00000007a0000000)
  object space 147456K, 33% used [0x00000006e0000000,0x00000006e3075dc0,0x00000006e9000000)
 Metaspace       used 70540K, committed 71104K, reserved 917504K
  class space    used 9144K, committed 9408K, reserved 851968K
}
Event: 7,500 GC heap after
{Heap after GC invocations=9 (full 3):
 PSYoungGen      total 132608K, used 20206K [0x00000007a0000000, 0x00000007a9e80000, 0x0000000800000000)
  eden space 107008K, 0% used [0x00000007a0000000,0x00000007a0000000,0x00000007a6880000)
  from space 25600K, 78% used [0x00000007a8580000,0x00000007a993ba30,0x00000007a9e80000)
  to   space 27648K, 0% used [0x00000007a6880000,0x00000007a6880000,0x00000007a8380000)
 ParOldGen       total 147456K, used 49631K [0x00000006e0000000, 0x00000006e9000000, 0x00000007a0000000)
  object space 147456K, 33% used [0x00000006e0000000,0x00000006e3077dc0,0x00000006e9000000)
 Metaspace       used 70540K, committed 71104K, reserved 917504K
  class space    used 9144K, committed 9408K, reserved 851968K
}
Event: 8,192 GC heap before
{Heap before GC invocations=10 (full 3):
 PSYoungGen      total 132608K, used 127214K [0x00000007a0000000, 0x00000007a9e80000, 0x0000000800000000)
  eden space 107008K, 100% used [0x00000007a0000000,0x00000007a6880000,0x00000007a6880000)
  from space 25600K, 78% used [0x00000007a8580000,0x00000007a993ba30,0x00000007a9e80000)
  to   space 27648K, 0% used [0x00000007a6880000,0x00000007a6880000,0x00000007a8380000)
 ParOldGen       total 147456K, used 49631K [0x00000006e0000000, 0x00000006e9000000, 0x00000007a0000000)
  object space 147456K, 33% used [0x00000006e0000000,0x00000006e3077dc0,0x00000006e9000000)
 Metaspace       used 78982K, committed 79680K, reserved 983040K
  class space    used 10503K, committed 10816K, reserved 851968K
}
Event: 8,200 GC heap after
{Heap after GC invocations=10 (full 3):
 PSYoungGen      total 131584K, used 27629K [0x00000007a0000000, 0x00000007aa980000, 0x0000000800000000)
  eden space 103936K, 0% used [0x00000007a0000000,0x00000007a0000000,0x00000007a6580000)
  from space 27648K, 99% used [0x00000007a6880000,0x00000007a837b558,0x00000007a8380000)
  to   space 34816K, 0% used [0x00000007a8780000,0x00000007a8780000,0x00000007aa980000)
 ParOldGen       total 147456K, used 54887K [0x00000006e0000000, 0x00000006e9000000, 0x00000007a0000000)
  object space 147456K, 37% used [0x00000006e0000000,0x00000006e3599df0,0x00000006e9000000)
 Metaspace       used 78982K, committed 79680K, reserved 983040K
  class space    used 10503K, committed 10816K, reserved 851968K
}
Event: 8,833 GC heap before
{Heap before GC invocations=11 (full 3):
 PSYoungGen      total 131584K, used 131565K [0x00000007a0000000, 0x00000007aa980000, 0x0000000800000000)
  eden space 103936K, 100% used [0x00000007a0000000,0x00000007a6580000,0x00000007a6580000)
  from space 27648K, 99% used [0x00000007a6880000,0x00000007a837b558,0x00000007a8380000)
  to   space 34816K, 0% used [0x00000007a8780000,0x00000007a8780000,0x00000007aa980000)
 ParOldGen       total 147456K, used 54887K [0x00000006e0000000, 0x00000006e9000000, 0x00000007a0000000)
  object space 147456K, 37% used [0x00000006e0000000,0x00000006e3599df0,0x00000006e9000000)
 Metaspace       used 86289K, committed 87104K, reserved 983040K
  class space    used 11469K, committed 11840K, reserved 851968K
}
Event: 8,842 GC heap after
{Heap after GC invocations=11 (full 3):
 PSYoungGen      total 133632K, used 34561K [0x00000007a0000000, 0x00000007ab080000, 0x0000000800000000)
  eden space 98816K, 0% used [0x00000007a0000000,0x00000007a0000000,0x00000007a6080000)
  from space 34816K, 99% used [0x00000007a8780000,0x00000007aa940558,0x00000007aa980000)
  to   space 39936K, 0% used [0x00000007a6080000,0x00000007a6080000,0x00000007a8780000)
 ParOldGen       total 147456K, used 54895K [0x00000006e0000000, 0x00000006e9000000, 0x00000007a0000000)
  object space 147456K, 37% used [0x00000006e0000000,0x00000006e359bdf0,0x00000006e9000000)
 Metaspace       used 86289K, committed 87104K, reserved 983040K
  class space    used 11469K, committed 11840K, reserved 851968K
}
Event: 9,287 GC heap before
{Heap before GC invocations=12 (full 3):
 PSYoungGen      total 133632K, used 133377K [0x00000007a0000000, 0x00000007ab080000, 0x0000000800000000)
  eden space 98816K, 100% used [0x00000007a0000000,0x00000007a6080000,0x00000007a6080000)
  from space 34816K, 99% used [0x00000007a8780000,0x00000007aa940558,0x00000007aa980000)
  to   space 39936K, 0% used [0x00000007a6080000,0x00000007a6080000,0x00000007a8780000)
 ParOldGen       total 147456K, used 54895K [0x00000006e0000000, 0x00000006e9000000, 0x00000007a0000000)
  object space 147456K, 37% used [0x00000006e0000000,0x00000006e359bdf0,0x00000006e9000000)
 Metaspace       used 92658K, committed 93504K, reserved 983040K
  class space    used 12343K, committed 12736K, reserved 851968K
}
Event: 9,297 GC heap after
{Heap after GC invocations=12 (full 3):
 PSYoungGen      total 138752K, used 27715K [0x00000007a0000000, 0x00000007aea80000, 0x0000000800000000)
  eden space 98816K, 0% used [0x00000007a0000000,0x00000007a0000000,0x00000007a6080000)
  from space 39936K, 69% used [0x00000007a6080000,0x00000007a7b90f58,0x00000007a8780000)
  to   space 40960K, 0% used [0x00000007ac280000,0x00000007ac280000,0x00000007aea80000)
 ParOldGen       total 147456K, used 72047K [0x00000006e0000000, 0x00000006e9000000, 0x00000007a0000000)
  object space 147456K, 48% used [0x00000006e0000000,0x00000006e465bf38,0x00000006e9000000)
 Metaspace       used 92658K, committed 93504K, reserved 983040K
  class space    used 12343K, committed 12736K, reserved 851968K
}
Event: 9,654 GC heap before
{Heap before GC invocations=13 (full 3):
 PSYoungGen      total 138752K, used 102020K [0x00000007a0000000, 0x00000007aea80000, 0x0000000800000000)
  eden space 98816K, 75% used [0x00000007a0000000,0x00000007a48903e8,0x00000007a6080000)
  from space 39936K, 69% used [0x00000007a6080000,0x00000007a7b90f58,0x00000007a8780000)
  to   space 40960K, 0% used [0x00000007ac280000,0x00000007ac280000,0x00000007aea80000)
 ParOldGen       total 147456K, used 72047K [0x00000006e0000000, 0x00000006e9000000, 0x00000007a0000000)
  object space 147456K, 48% used [0x00000006e0000000,0x00000006e465bf38,0x00000006e9000000)
 Metaspace       used 98905K, committed 99648K, reserved 983040K
  class space    used 13197K, committed 13568K, reserved 851968K
}
Event: 9,663 GC heap after
{Heap after GC invocations=13 (full 3):
 PSYoungGen      total 198144K, used 13606K [0x00000007a0000000, 0x00000007ae980000, 0x0000000800000000)
  eden space 158208K, 0% used [0x00000007a0000000,0x00000007a0000000,0x00000007a9a80000)
  from space 39936K, 34% used [0x00000007ac280000,0x00000007acfc9a88,0x00000007ae980000)
  to   space 40448K, 0% used [0x00000007a9a80000,0x00000007a9a80000,0x00000007ac200000)
 ParOldGen       total 147456K, used 89130K [0x00000006e0000000, 0x00000006e9000000, 0x00000007a0000000)
  object space 147456K, 60% used [0x00000006e0000000,0x00000006e570a858,0x00000006e9000000)
 Metaspace       used 98905K, committed 99648K, reserved 983040K
  class space    used 13197K, committed 13568K, reserved 851968K
}
Event: 9,663 GC heap before
{Heap before GC invocations=14 (full 4):
 PSYoungGen      total 198144K, used 13606K [0x00000007a0000000, 0x00000007ae980000, 0x0000000800000000)
  eden space 158208K, 0% used [0x00000007a0000000,0x00000007a0000000,0x00000007a9a80000)
  from space 39936K, 34% used [0x00000007ac280000,0x00000007acfc9a88,0x00000007ae980000)
  to   space 40448K, 0% used [0x00000007a9a80000,0x00000007a9a80000,0x00000007ac200000)
 ParOldGen       total 147456K, used 89130K [0x00000006e0000000, 0x00000006e9000000, 0x00000007a0000000)
  object space 147456K, 60% used [0x00000006e0000000,0x00000006e570a858,0x00000006e9000000)
 Metaspace       used 98905K, committed 99648K, reserved 983040K
  class space    used 13197K, committed 13568K, reserved 851968K
}
Event: 9,720 GC heap after
{Heap after GC invocations=14 (full 4):
 PSYoungGen      total 198144K, used 0K [0x00000007a0000000, 0x00000007ae980000, 0x0000000800000000)
  eden space 158208K, 0% used [0x00000007a0000000,0x00000007a0000000,0x00000007a9a80000)
  from space 39936K, 0% used [0x00000007ac280000,0x00000007ac280000,0x00000007ae980000)
  to   space 40448K, 0% used [0x00000007a9a80000,0x00000007a9a80000,0x00000007ac200000)
 ParOldGen       total 147456K, used 98370K [0x00000006e0000000, 0x00000006e9000000, 0x00000007a0000000)
  object space 147456K, 66% used [0x00000006e0000000,0x00000006e6010b28,0x00000006e9000000)
 Metaspace       used 98905K, committed 99648K, reserved 983040K
  class space    used 13197K, committed 13568K, reserved 851968K
}
Event: 10,394 GC heap before
{Heap before GC invocations=15 (full 4):
 PSYoungGen      total 198144K, used 158208K [0x00000007a0000000, 0x00000007ae980000, 0x0000000800000000)
  eden space 158208K, 100% used [0x00000007a0000000,0x00000007a9a80000,0x00000007a9a80000)
  from space 39936K, 0% used [0x00000007ac280000,0x00000007ac280000,0x00000007ae980000)
  to   space 40448K, 0% used [0x00000007a9a80000,0x00000007a9a80000,0x00000007ac200000)
 ParOldGen       total 147456K, used 98370K [0x00000006e0000000, 0x00000006e9000000, 0x00000007a0000000)
  object space 147456K, 66% used [0x00000006e0000000,0x00000006e6010b28,0x00000006e9000000)
 Metaspace       used 104351K, committed 105216K, reserved 983040K
  class space    used 13992K, committed 14400K, reserved 851968K
}
Event: 10,399 GC heap after
{Heap after GC invocations=15 (full 4):
 PSYoungGen      total 198656K, used 11233K [0x00000007a0000000, 0x00000007b4580000, 0x0000000800000000)
  eden space 158208K, 0% used [0x00000007a0000000,0x00000007a0000000,0x00000007a9a80000)
  from space 40448K, 27% used [0x00000007a9a80000,0x00000007aa578690,0x00000007ac200000)
  to   space 39936K, 0% used [0x00000007b1e80000,0x00000007b1e80000,0x00000007b4580000)
 ParOldGen       total 147456K, used 98378K [0x00000006e0000000, 0x00000006e9000000, 0x00000007a0000000)
  object space 147456K, 66% used [0x00000006e0000000,0x00000006e6012b28,0x00000006e9000000)
 Metaspace       used 104351K, committed 105216K, reserved 983040K
  class space    used 13992K, committed 14400K, reserved 851968K
}

