# JRE version: OpenJDK Runtime Environment (17.0.9) (build 17.0.9+0-17.0.9b1087.7-11185874)
# Java VM: OpenJDK 64-Bit Server VM (17.0.9+0-17.0.9b1087.7-11185874, mixed mode, tiered, compressed oops, compressed class ptrs, parallel gc, linux-amd64)
GC Precious Log:
 CPUs: 16 total, 12 available
 Memory: 13817M
 Large Page Support: Disabled
 NUMA Support: Disabled
 Compressed Oops: Enabled (Zero based)
 Alignments: Space 512K, Generation 512K, Heap 2M
 Heap Min Capacity: 8M
 Heap Initial Capacity: 216M
 Heap Max Capacity: 4608M
 Pre-touch: Disabled
 Parallel Workers: 10
Heap:
 PSYoungGen      total 76800K, used 64639K [0x00000007a0000000, 0x00000007a9400000, 0x0000000800000000)
  eden space 55296K, 100% used [0x00000007a0000000,0x00000007a3600000,0x00000007a3600000)
  from space 21504K, 43% used [0x00000007a3600000,0x00000007a3f1fe70,0x00000007a4b00000)
  to   space 20480K, 79% used [0x00000007a8000000,0x00000007a8fd66c0,0x00000007a9400000)
 ParOldGen       total 147456K, used 35623K [0x00000006e0000000, 0x00000006e9000000, 0x00000007a0000000)
  object space 147456K, 24% used [0x00000006e0000000,0x00000006e22c9ed0,0x00000006e9000000)
 Metaspace       used 53714K, committed 54272K, reserved 917504K
  class space    used 7241K, committed 7552K, reserved 851968K
GC Heap History (19 events):
Event: 0,620 GC heap before
{Heap before GC invocations=1 (full 0):
 PSYoungGen      total 64512K, used 55296K [0x00000007a0000000, 0x00000007a4800000, 0x0000000800000000)
  eden space 55296K, 100% used [0x00000007a0000000,0x00000007a3600000,0x00000007a3600000)
  from space 9216K, 0% used [0x00000007a3f00000,0x00000007a3f00000,0x00000007a4800000)
  to   space 9216K, 0% used [0x00000007a3600000,0x00000007a3600000,0x00000007a3f00000)
 ParOldGen       total 147456K, used 0K [0x00000006e0000000, 0x00000006e9000000, 0x00000007a0000000)
  object space 147456K, 0% used [0x00000006e0000000,0x00000006e0000000,0x00000006e9000000)
 Metaspace       used 11497K, committed 11648K, reserved 917504K
  class space    used 1208K, committed 1280K, reserved 851968K
}
Event: 0,625 GC heap after
{Heap after GC invocations=1 (full 0):
 PSYoungGen      total 64512K, used 9213K [0x00000007a0000000, 0x00000007a4800000, 0x0000000800000000)
  eden space 55296K, 0% used [0x00000007a0000000,0x00000007a0000000,0x00000007a3600000)
  from space 9216K, 99% used [0x00000007a3600000,0x00000007a3eff7b0,0x00000007a3f00000)
  to   space 9216K, 0% used [0x00000007a3f00000,0x00000007a3f00000,0x00000007a4800000)
 ParOldGen       total 147456K, used 4708K [0x00000006e0000000, 0x00000006e9000000, 0x00000007a0000000)
  object space 147456K, 3% used [0x00000006e0000000,0x00000006e0499190,0x00000006e9000000)
 Metaspace       used 11497K, committed 11648K, reserved 917504K
  class space    used 1208K, committed 1280K, reserved 851968K
}
Event: 1,058 GC heap before
{Heap before GC invocations=2 (full 0):
 PSYoungGen      total 64512K, used 45575K [0x00000007a0000000, 0x00000007a4800000, 0x0000000800000000)
  eden space 55296K, 65% used [0x00000007a0000000,0x00000007a23825f8,0x00000007a3600000)
  from space 9216K, 99% used [0x00000007a3600000,0x00000007a3eff7b0,0x00000007a3f00000)
  to   space 9216K, 0% used [0x00000007a3f00000,0x00000007a3f00000,0x00000007a4800000)
 ParOldGen       total 147456K, used 4708K [0x00000006e0000000, 0x00000006e9000000, 0x00000007a0000000)
  object space 147456K, 3% used [0x00000006e0000000,0x00000006e0499190,0x00000006e9000000)
 Metaspace       used 21297K, committed 21504K, reserved 917504K
  class space    used 2536K, committed 2624K, reserved 851968K
}
Event: 1,063 GC heap after
{Heap after GC invocations=2 (full 0):
 PSYoungGen      total 64512K, used 9210K [0x00000007a0000000, 0x00000007a4800000, 0x0000000800000000)
  eden space 55296K, 0% used [0x00000007a0000000,0x00000007a0000000,0x00000007a3600000)
  from space 9216K, 99% used [0x00000007a3f00000,0x00000007a47feb78,0x00000007a4800000)
  to   space 9216K, 0% used [0x00000007a3600000,0x00000007a3600000,0x00000007a3f00000)
 ParOldGen       total 147456K, used 8085K [0x00000006e0000000, 0x00000006e9000000, 0x00000007a0000000)
  object space 147456K, 5% used [0x00000006e0000000,0x00000006e07e5530,0x00000006e9000000)
 Metaspace       used 21297K, committed 21504K, reserved 917504K
  class space    used 2536K, committed 2624K, reserved 851968K
}
Event: 1,063 GC heap before
{Heap before GC invocations=3 (full 1):
 PSYoungGen      total 64512K, used 9210K [0x00000007a0000000, 0x00000007a4800000, 0x0000000800000000)
  eden space 55296K, 0% used [0x00000007a0000000,0x00000007a0000000,0x00000007a3600000)
  from space 9216K, 99% used [0x00000007a3f00000,0x00000007a47feb78,0x00000007a4800000)
  to   space 9216K, 0% used [0x00000007a3600000,0x00000007a3600000,0x00000007a3f00000)
 ParOldGen       total 147456K, used 8085K [0x00000006e0000000, 0x00000006e9000000, 0x00000007a0000000)
  object space 147456K, 5% used [0x00000006e0000000,0x00000006e07e5530,0x00000006e9000000)
 Metaspace       used 21297K, committed 21504K, reserved 917504K
  class space    used 2536K, committed 2624K, reserved 851968K
}
Event: 1,074 GC heap after
{Heap after GC invocations=3 (full 1):
 PSYoungGen      total 64512K, used 0K [0x00000007a0000000, 0x00000007a4800000, 0x0000000800000000)
  eden space 55296K, 0% used [0x00000007a0000000,0x00000007a0000000,0x00000007a3600000)
  from space 9216K, 0% used [0x00000007a3f00000,0x00000007a3f00000,0x00000007a4800000)
  to   space 9216K, 0% used [0x00000007a3600000,0x00000007a3600000,0x00000007a3f00000)
 ParOldGen       total 147456K, used 16945K [0x00000006e0000000, 0x00000006e9000000, 0x00000007a0000000)
  object space 147456K, 11% used [0x00000006e0000000,0x00000006e108c508,0x00000006e9000000)
 Metaspace       used 21297K, committed 21504K, reserved 917504K
  class space    used 2536K, committed 2624K, reserved 851968K
}
Event: 1,662 GC heap before
{Heap before GC invocations=4 (full 1):
 PSYoungGen      total 64512K, used 55296K [0x00000007a0000000, 0x00000007a4800000, 0x0000000800000000)
  eden space 55296K, 100% used [0x00000007a0000000,0x00000007a3600000,0x00000007a3600000)
  from space 9216K, 0% used [0x00000007a3f00000,0x00000007a3f00000,0x00000007a4800000)
  to   space 9216K, 0% used [0x00000007a3600000,0x00000007a3600000,0x00000007a3f00000)
 ParOldGen       total 147456K, used 16945K [0x00000006e0000000, 0x00000006e9000000, 0x00000007a0000000)
  object space 147456K, 11% used [0x00000006e0000000,0x00000006e108c508,0x00000006e9000000)
 Metaspace       used 29268K, committed 29568K, reserved 917504K
  class space    used 3906K, committed 4032K, reserved 851968K
}
Event: 1,664 GC heap after
{Heap after GC invocations=4 (full 1):
 PSYoungGen      total 64512K, used 3248K [0x00000007a0000000, 0x00000007a4800000, 0x0000000800000000)
  eden space 55296K, 0% used [0x00000007a0000000,0x00000007a0000000,0x00000007a3600000)
  from space 9216K, 35% used [0x00000007a3600000,0x00000007a392c150,0x00000007a3f00000)
  to   space 9216K, 0% used [0x00000007a3f00000,0x00000007a3f00000,0x00000007a4800000)
 ParOldGen       total 147456K, used 16953K [0x00000006e0000000, 0x00000006e9000000, 0x00000007a0000000)
  object space 147456K, 11% used [0x00000006e0000000,0x00000006e108e508,0x00000006e9000000)
 Metaspace       used 29268K, committed 29568K, reserved 917504K
  class space    used 3906K, committed 4032K, reserved 851968K
}
Event: 2,119 GC heap before
{Heap before GC invocations=5 (full 1):
 PSYoungGen      total 64512K, used 58544K [0x00000007a0000000, 0x00000007a4800000, 0x0000000800000000)
  eden space 55296K, 100% used [0x00000007a0000000,0x00000007a3600000,0x00000007a3600000)
  from space 9216K, 35% used [0x00000007a3600000,0x00000007a392c150,0x00000007a3f00000)
  to   space 9216K, 0% used [0x00000007a3f00000,0x00000007a3f00000,0x00000007a4800000)
 ParOldGen       total 147456K, used 16953K [0x00000006e0000000, 0x00000006e9000000, 0x00000007a0000000)
  object space 147456K, 11% used [0x00000006e0000000,0x00000006e108e508,0x00000006e9000000)
 Metaspace       used 34382K, committed 34752K, reserved 917504K
  class space    used 4750K, committed 4928K, reserved 851968K
}
Event: 2,124 GC heap after
{Heap after GC invocations=5 (full 1):
 PSYoungGen      total 64512K, used 9186K [0x00000007a0000000, 0x00000007a4800000, 0x0000000800000000)
  eden space 55296K, 0% used [0x00000007a0000000,0x00000007a0000000,0x00000007a3600000)
  from space 9216K, 99% used [0x00000007a3f00000,0x00000007a47f8b20,0x00000007a4800000)
  to   space 9216K, 0% used [0x00000007a3600000,0x00000007a3600000,0x00000007a3f00000)
 ParOldGen       total 147456K, used 26386K [0x00000006e0000000, 0x00000006e9000000, 0x00000007a0000000)
  object space 147456K, 17% used [0x00000006e0000000,0x00000006e19c4870,0x00000006e9000000)
 Metaspace       used 34382K, committed 34752K, reserved 917504K
  class space    used 4750K, committed 4928K, reserved 851968K
}
Event: 2,206 GC heap before
{Heap before GC invocations=6 (full 1):
 PSYoungGen      total 64512K, used 19375K [0x00000007a0000000, 0x00000007a4800000, 0x0000000800000000)
  eden space 55296K, 18% used [0x00000007a0000000,0x00000007a09f3148,0x00000007a3600000)
  from space 9216K, 99% used [0x00000007a3f00000,0x00000007a47f8b20,0x00000007a4800000)
  to   space 9216K, 0% used [0x00000007a3600000,0x00000007a3600000,0x00000007a3f00000)
 ParOldGen       total 147456K, used 26386K [0x00000006e0000000, 0x00000006e9000000, 0x00000007a0000000)
  object space 147456K, 17% used [0x00000006e0000000,0x00000006e19c4870,0x00000006e9000000)
 Metaspace       used 35502K, committed 35840K, reserved 917504K
  class space    used 4933K, committed 5120K, reserved 851968K
}
Event: 2,209 GC heap after
{Heap after GC invocations=6 (full 1):
 PSYoungGen      total 64512K, used 9208K [0x00000007a0000000, 0x00000007a6000000, 0x0000000800000000)
  eden space 55296K, 0% used [0x00000007a0000000,0x00000007a0000000,0x00000007a3600000)
  from space 9216K, 99% used [0x00000007a3600000,0x00000007a3efe298,0x00000007a3f00000)
  to   space 21504K, 0% used [0x00000007a4b00000,0x00000007a4b00000,0x00000007a6000000)
 ParOldGen       total 147456K, used 26810K [0x00000006e0000000, 0x00000006e9000000, 0x00000007a0000000)
  object space 147456K, 18% used [0x00000006e0000000,0x00000006e1a2e8d0,0x00000006e9000000)
 Metaspace       used 35502K, committed 35840K, reserved 917504K
  class space    used 4933K, committed 5120K, reserved 851968K
}
Event: 2,209 GC heap before
{Heap before GC invocations=7 (full 2):
 PSYoungGen      total 64512K, used 9208K [0x00000007a0000000, 0x00000007a6000000, 0x0000000800000000)
  eden space 55296K, 0% used [0x00000007a0000000,0x00000007a0000000,0x00000007a3600000)
  from space 9216K, 99% used [0x00000007a3600000,0x00000007a3efe298,0x00000007a3f00000)
  to   space 21504K, 0% used [0x00000007a4b00000,0x00000007a4b00000,0x00000007a6000000)
 ParOldGen       total 147456K, used 26810K [0x00000006e0000000, 0x00000006e9000000, 0x00000007a0000000)
  object space 147456K, 18% used [0x00000006e0000000,0x00000006e1a2e8d0,0x00000006e9000000)
 Metaspace       used 35502K, committed 35840K, reserved 917504K
  class space    used 4933K, committed 5120K, reserved 851968K
}
Event: 2,225 GC heap after
{Heap after GC invocations=7 (full 2):
 PSYoungGen      total 64512K, used 0K [0x00000007a0000000, 0x00000007a6000000, 0x0000000800000000)
  eden space 55296K, 0% used [0x00000007a0000000,0x00000007a0000000,0x00000007a3600000)
  from space 9216K, 0% used [0x00000007a3600000,0x00000007a3600000,0x00000007a3f00000)
  to   space 21504K, 0% used [0x00000007a4b00000,0x00000007a4b00000,0x00000007a6000000)
 ParOldGen       total 147456K, used 35599K [0x00000006e0000000, 0x00000006e9000000, 0x00000007a0000000)
  object space 147456K, 24% used [0x00000006e0000000,0x00000006e22c3ed0,0x00000006e9000000)
 Metaspace       used 35502K, committed 35840K, reserved 917504K
  class space    used 4933K, committed 5120K, reserved 851968K
}
Event: 2,658 GC heap before
{Heap before GC invocations=8 (full 2):
 PSYoungGen      total 64512K, used 55296K [0x00000007a0000000, 0x00000007a6000000, 0x0000000800000000)
  eden space 55296K, 100% used [0x00000007a0000000,0x00000007a3600000,0x00000007a3600000)
  from space 9216K, 0% used [0x00000007a3600000,0x00000007a3600000,0x00000007a3f00000)
  to   space 21504K, 0% used [0x00000007a4b00000,0x00000007a4b00000,0x00000007a6000000)
 ParOldGen       total 147456K, used 35599K [0x00000006e0000000, 0x00000006e9000000, 0x00000007a0000000)
  object space 147456K, 24% used [0x00000006e0000000,0x00000006e22c3ed0,0x00000006e9000000)
 Metaspace       used 43243K, committed 43712K, reserved 917504K
  class space    used 5836K, committed 6080K, reserved 851968K
}
Event: 2,661 GC heap after
{Heap after GC invocations=8 (full 2):
 PSYoungGen      total 76800K, used 4928K [0x00000007a0000000, 0x00000007a9600000, 0x0000000800000000)
  eden space 55296K, 0% used [0x00000007a0000000,0x00000007a0000000,0x00000007a3600000)
  from space 21504K, 22% used [0x00000007a4b00000,0x00000007a4fd0220,0x00000007a6000000)
  to   space 21504K, 0% used [0x00000007a3600000,0x00000007a3600000,0x00000007a4b00000)
 ParOldGen       total 147456K, used 35607K [0x00000006e0000000, 0x00000006e9000000, 0x00000007a0000000)
  object space 147456K, 24% used [0x00000006e0000000,0x00000006e22c5ed0,0x00000006e9000000)
 Metaspace       used 43243K, committed 43712K, reserved 917504K
  class space    used 5836K, committed 6080K, reserved 851968K
}
Event: 3,094 GC heap before
{Heap before GC invocations=9 (full 2):
 PSYoungGen      total 76800K, used 57664K [0x00000007a0000000, 0x00000007a9600000, 0x0000000800000000)
  eden space 55296K, 95% used [0x00000007a0000000,0x00000007a337fe80,0x00000007a3600000)
  from space 21504K, 22% used [0x00000007a4b00000,0x00000007a4fd0220,0x00000007a6000000)
  to   space 21504K, 0% used [0x00000007a3600000,0x00000007a3600000,0x00000007a4b00000)
 ParOldGen       total 147456K, used 35607K [0x00000006e0000000, 0x00000006e9000000, 0x00000007a0000000)
  object space 147456K, 24% used [0x00000006e0000000,0x00000006e22c5ed0,0x00000006e9000000)
 Metaspace       used 48310K, committed 48832K, reserved 917504K
  class space    used 6489K, committed 6720K, reserved 851968K
}
Event: 3,098 GC heap after
{Heap after GC invocations=9 (full 2):
 PSYoungGen      total 76800K, used 9343K [0x00000007a0000000, 0x00000007a9400000, 0x0000000800000000)
  eden space 55296K, 0% used [0x00000007a0000000,0x00000007a0000000,0x00000007a3600000)
  from space 21504K, 43% used [0x00000007a3600000,0x00000007a3f1fe70,0x00000007a4b00000)
  to   space 20480K, 0% used [0x00000007a8000000,0x00000007a8000000,0x00000007a9400000)
 ParOldGen       total 147456K, used 35615K [0x00000006e0000000, 0x00000006e9000000, 0x00000007a0000000)
  object space 147456K, 24% used [0x00000006e0000000,0x00000006e22c7ed0,0x00000006e9000000)
 Metaspace       used 48310K, committed 48832K, reserved 917504K
  class space    used 6489K, committed 6720K, reserved 851968K
}
Event: 3,564 GC heap before
{Heap before GC invocations=10 (full 2):
 PSYoungGen      total 76800K, used 64639K [0x00000007a0000000, 0x00000007a9400000, 0x0000000800000000)
  eden space 55296K, 100% used [0x00000007a0000000,0x00000007a3600000,0x00000007a3600000)
  from space 21504K, 43% used [0x00000007a3600000,0x00000007a3f1fe70,0x00000007a4b00000)
  to   space 20480K, 0% used [0x00000007a8000000,0x00000007a8000000,0x00000007a9400000)
 ParOldGen       total 147456K, used 35615K [0x00000006e0000000, 0x00000006e9000000, 0x00000007a0000000)
  object space 147456K, 24% used [0x00000006e0000000,0x00000006e22c7ed0,0x00000006e9000000)
 Metaspace       used 53714K, committed 54272K, reserved 917504K
  class space    used 7241K, committed 7552K, reserved 851968K
}

