# JRE version: OpenJDK Runtime Environment (17.0.9) (build 17.0.9+0-17.0.9b1087.7-11185874)
# Java VM: OpenJDK 64-Bit Server VM (17.0.9+0-17.0.9b1087.7-11185874, mixed mode, tiered, compressed oops, compressed class ptrs, g1 gc, linux-amd64)
GC Precious Log:
 CPUs: 16 total, 12 available
 Memory: 13817M
 Large Page Support: Disabled
 NUMA Support: Disabled
 Compressed Oops: Enabled (Zero based)
 Heap Region Size: 4M
 Heap Min Capacity: 8M
 Heap Initial Capacity: 216M
 Heap Max Capacity: 4608M
 Pre-touch: Disabled
 Parallel Workers: 10
 Concurrent Workers: 3
 Concurrent Refinement Workers: 10
 Periodic GC: Disabled
Heap:
 garbage-first heap   total 1327104K, used 1066449K [0x00000006e0000000, 0x0000000800000000)
  region size 4096K, 194 young (794624K), 25 survivors (102400K)
 Metaspace       used 197139K, committed 198656K, reserved 1245184K
  class space    used 26424K, committed 27136K, reserved 1048576K
GC Heap History (20 events):
Event: 55,138 GC heap before
{Heap before GC invocations=74 (full 0):
 garbage-first heap   total 675840K, used 565198K [0x00000006e0000000, 0x0000000800000000)
  region size 4096K, 63 young (258048K), 5 survivors (20480K)
 Metaspace       used 167604K, committed 168768K, reserved 1245184K
  class space    used 23080K, committed 23616K, reserved 1048576K
}
Event: 55,144 GC heap after
{Heap after GC invocations=75 (full 0):
 garbage-first heap   total 675840K, used 333205K [0x00000006e0000000, 0x0000000800000000)
  region size 4096K, 5 young (20480K), 5 survivors (20480K)
 Metaspace       used 167604K, committed 168768K, reserved 1245184K
  class space    used 23080K, committed 23616K, reserved 1048576K
}
Event: 55,458 GC heap before
{Heap before GC invocations=75 (full 0):
 garbage-first heap   total 675840K, used 566677K [0x00000006e0000000, 0x0000000800000000)
  region size 4096K, 63 young (258048K), 5 survivors (20480K)
 Metaspace       used 168405K, committed 169536K, reserved 1245184K
  class space    used 23142K, committed 23680K, reserved 1048576K
}
Event: 55,464 GC heap after
{Heap after GC invocations=76 (full 0):
 garbage-first heap   total 675840K, used 326237K [0x00000006e0000000, 0x0000000800000000)
  region size 4096K, 3 young (12288K), 3 survivors (12288K)
 Metaspace       used 168405K, committed 169536K, reserved 1245184K
  class space    used 23142K, committed 23680K, reserved 1048576K
}
Event: 55,891 GC heap before
{Heap before GC invocations=76 (full 0):
 garbage-first heap   total 675840K, used 571997K [0x00000006e0000000, 0x0000000800000000)
  region size 4096K, 64 young (262144K), 3 survivors (12288K)
 Metaspace       used 168874K, committed 169984K, reserved 1245184K
  class space    used 23151K, committed 23680K, reserved 1048576K
}
Event: 55,899 GC heap after
{Heap after GC invocations=77 (full 0):
 garbage-first heap   total 675840K, used 332497K [0x00000006e0000000, 0x0000000800000000)
  region size 4096K, 5 young (20480K), 5 survivors (20480K)
 Metaspace       used 168874K, committed 169984K, reserved 1245184K
  class space    used 23151K, committed 23680K, reserved 1048576K
}
Event: 56,443 GC heap before
{Heap before GC invocations=77 (full 0):
 garbage-first heap   total 675840K, used 467665K [0x00000006e0000000, 0x0000000800000000)
  region size 4096K, 31 young (126976K), 5 survivors (20480K)
 Metaspace       used 172106K, committed 173248K, reserved 1245184K
  class space    used 23575K, committed 24128K, reserved 1048576K
}
Event: 56,456 GC heap after
{Heap after GC invocations=78 (full 0):
 garbage-first heap   total 675840K, used 375196K [0x00000006e0000000, 0x0000000800000000)
  region size 4096K, 6 young (24576K), 6 survivors (24576K)
 Metaspace       used 172106K, committed 173248K, reserved 1245184K
  class space    used 23575K, committed 24128K, reserved 1048576K
}
Event: 183,503 GC heap before
{Heap before GC invocations=79 (full 0):
 garbage-first heap   total 704512K, used 657820K [0x00000006e0000000, 0x0000000800000000)
  region size 4096K, 49 young (200704K), 6 survivors (24576K)
 Metaspace       used 177619K, committed 178688K, reserved 1245184K
  class space    used 24126K, committed 24640K, reserved 1048576K
}
Event: 183,515 GC heap after
{Heap after GC invocations=80 (full 0):
 garbage-first heap   total 704512K, used 338678K [0x00000006e0000000, 0x0000000800000000)
  region size 4096K, 6 young (24576K), 6 survivors (24576K)
 Metaspace       used 177619K, committed 178688K, reserved 1245184K
  class space    used 24126K, committed 24640K, reserved 1048576K
}
Event: 183,560 GC heap before
{Heap before GC invocations=80 (full 0):
 garbage-first heap   total 704512K, used 342774K [0x00000006e0000000, 0x0000000800000000)
  region size 4096K, 8 young (32768K), 6 survivors (24576K)
 Metaspace       used 177710K, committed 178752K, reserved 1245184K
  class space    used 24133K, committed 24640K, reserved 1048576K
}
Event: 183,576 GC heap after
{Heap after GC invocations=81 (full 0):
 garbage-first heap   total 704512K, used 285623K [0x00000006e0000000, 0x0000000800000000)
  region size 4096K, 1 young (4096K), 1 survivors (4096K)
 Metaspace       used 177710K, committed 178752K, reserved 1245184K
  class space    used 24133K, committed 24640K, reserved 1048576K
}
Event: 183,836 GC heap before
{Heap before GC invocations=81 (full 0):
 garbage-first heap   total 704512K, used 314295K [0x00000006e0000000, 0x0000000800000000)
  region size 4096K, 8 young (32768K), 1 survivors (4096K)
 Metaspace       used 177852K, committed 179008K, reserved 1245184K
  class space    used 24141K, committed 24704K, reserved 1048576K
}
Event: 183,847 GC heap after
{Heap after GC invocations=82 (full 0):
 garbage-first heap   total 1327104K, used 283193K [0x00000006e0000000, 0x0000000800000000)
  region size 4096K, 1 young (4096K), 1 survivors (4096K)
 Metaspace       used 177852K, committed 179008K, reserved 1245184K
  class space    used 24141K, committed 24704K, reserved 1048576K
}
Event: 216,292 GC heap before
{Heap before GC invocations=82 (full 0):
 garbage-first heap   total 1327104K, used 1069625K [0x00000006e0000000, 0x0000000800000000)
  region size 4096K, 194 young (794624K), 1 survivors (4096K)
 Metaspace       used 179038K, committed 180224K, reserved 1245184K
  class space    used 24205K, committed 24768K, reserved 1048576K
}
Event: 216,320 GC heap after
{Heap after GC invocations=83 (full 0):
 garbage-first heap   total 1327104K, used 312465K [0x00000006e0000000, 0x0000000800000000)
  region size 4096K, 9 young (36864K), 9 survivors (36864K)
 Metaspace       used 179038K, committed 180224K, reserved 1245184K
  class space    used 24205K, committed 24768K, reserved 1048576K
}
Event: 616,440 GC heap before
{Heap before GC invocations=83 (full 0):
 garbage-first heap   total 1327104K, used 1066129K [0x00000006e0000000, 0x0000000800000000)
  region size 4096K, 194 young (794624K), 9 survivors (36864K)
 Metaspace       used 179944K, committed 181248K, reserved 1245184K
  class space    used 24262K, committed 24896K, reserved 1048576K
}
Event: 616,458 GC heap after
{Heap after GC invocations=84 (full 0):
 garbage-first heap   total 1327104K, used 318517K [0x00000006e0000000, 0x0000000800000000)
  region size 4096K, 10 young (40960K), 10 survivors (40960K)
 Metaspace       used 179944K, committed 181248K, reserved 1245184K
  class space    used 24262K, committed 24896K, reserved 1048576K
}
Event: 621,855 GC heap before
{Heap before GC invocations=84 (full 0):
 garbage-first heap   total 1327104K, used 1068085K [0x00000006e0000000, 0x0000000800000000)
  region size 4096K, 194 young (794624K), 10 survivors (40960K)
 Metaspace       used 195590K, committed 197056K, reserved 1245184K
  class space    used 26280K, committed 26944K, reserved 1048576K
}
Event: 621,883 GC heap after
{Heap after GC invocations=85 (full 0):
 garbage-first heap   total 1327104K, used 378321K [0x00000006e0000000, 0x0000000800000000)
  region size 4096K, 25 young (102400K), 25 survivors (102400K)
 Metaspace       used 195590K, committed 197056K, reserved 1245184K
  class space    used 26280K, committed 26944K, reserved 1048576K
}

