# JRE version: OpenJDK Runtime Environment (17.0.9) (build 17.0.9+0-17.0.9b1087.7-11185874)
# Java VM: OpenJDK 64-Bit Server VM (17.0.9+0-17.0.9b1087.7-11185874, mixed mode, tiered, compressed oops, compressed class ptrs, parallel gc, linux-amd64)
GC Precious Log:
 CPUs: 16 total, 12 available
 Memory: 13817M
 Large Page Support: Disabled
 NUMA Support: Disabled
 Compressed Oops: Enabled (Zero based)
 Alignments: Space 512K, Generation 512K, Heap 2M
 Heap Min Capacity: 8M
 Heap Initial Capacity: 216M
 Heap Max Capacity: 4608M
 Pre-touch: Disabled
 Parallel Workers: 10
Heap:
 PSYoungGen      total 574976K, used 565967K [0x00000007a0000000, 0x00000007c5280000, 0x0000000800000000)
  eden space 542720K, 100% used [0x00000007a0000000,0x00000007c1200000,0x00000007c1200000)
  from space 32256K, 72% used [0x00000007c3200000,0x00000007c48b3e20,0x00000007c5180000)
  to   space 32768K, 99% used [0x00000007c1200000,0x00000007c31fe670,0x00000007c3200000)
 ParOldGen       total 147456K, used 139721K [0x00000006e0000000, 0x00000006e9000000, 0x00000007a0000000)
  object space 147456K, 94% used [0x00000006e0000000,0x00000006e8874650,0x00000006e9000000)
 Metaspace       used 89858K, committed 90752K, reserved 983040K
  class space    used 12009K, committed 12480K, reserved 851968K
GC Heap History (20 events):
Event: 2,393 GC heap after
{Heap after GC invocations=6 (full 2):
 PSYoungGen      total 119808K, used 9207K [0x00000007a0000000, 0x00000007a7e00000, 0x0000000800000000)
  eden space 110592K, 0% used [0x00000007a0000000,0x00000007a0000000,0x00000007a6c00000)
  from space 9216K, 99% used [0x00000007a7500000,0x00000007a7dfdeb0,0x00000007a7e00000)
  to   space 9216K, 0% used [0x00000007a6c00000,0x00000007a6c00000,0x00000007a7500000)
 ParOldGen       total 147456K, used 28357K [0x00000006e0000000, 0x00000006e9000000, 0x00000007a0000000)
  object space 147456K, 19% used [0x00000006e0000000,0x00000006e1bb15d0,0x00000006e9000000)
 Metaspace       used 49016K, committed 49472K, reserved 917504K
  class space    used 6537K, committed 6720K, reserved 851968K
}
Event: 3,020 GC heap before
{Heap before GC invocations=7 (full 2):
 PSYoungGen      total 119808K, used 119799K [0x00000007a0000000, 0x00000007a7e00000, 0x0000000800000000)
  eden space 110592K, 100% used [0x00000007a0000000,0x00000007a6c00000,0x00000007a6c00000)
  from space 9216K, 99% used [0x00000007a7500000,0x00000007a7dfdeb0,0x00000007a7e00000)
  to   space 9216K, 0% used [0x00000007a6c00000,0x00000007a6c00000,0x00000007a7500000)
 ParOldGen       total 147456K, used 28357K [0x00000006e0000000, 0x00000006e9000000, 0x00000007a0000000)
  object space 147456K, 19% used [0x00000006e0000000,0x00000006e1bb15d0,0x00000006e9000000)
 Metaspace       used 56722K, committed 57280K, reserved 917504K
  class space    used 7540K, committed 7808K, reserved 851968K
}
Event: 3,027 GC heap after
{Heap after GC invocations=7 (full 2):
 PSYoungGen      total 116224K, used 9212K [0x00000007a0000000, 0x00000007a9d80000, 0x0000000800000000)
  eden space 107008K, 0% used [0x00000007a0000000,0x00000007a0000000,0x00000007a6880000)
  from space 9216K, 99% used [0x00000007a6c00000,0x00000007a74ff3f8,0x00000007a7500000)
  to   space 27136K, 0% used [0x00000007a8300000,0x00000007a8300000,0x00000007a9d80000)
 ParOldGen       total 147456K, used 43570K [0x00000006e0000000, 0x00000006e9000000, 0x00000007a0000000)
  object space 147456K, 29% used [0x00000006e0000000,0x00000006e2a8c880,0x00000006e9000000)
 Metaspace       used 56722K, committed 57280K, reserved 917504K
  class space    used 7540K, committed 7808K, reserved 851968K
}
Event: 3,228 GC heap before
{Heap before GC invocations=8 (full 2):
 PSYoungGen      total 116224K, used 44682K [0x00000007a0000000, 0x00000007a9d80000, 0x0000000800000000)
  eden space 107008K, 33% used [0x00000007a0000000,0x00000007a22a35b8,0x00000007a6880000)
  from space 9216K, 99% used [0x00000007a6c00000,0x00000007a74ff3f8,0x00000007a7500000)
  to   space 27136K, 0% used [0x00000007a8300000,0x00000007a8300000,0x00000007a9d80000)
 ParOldGen       total 147456K, used 43570K [0x00000006e0000000, 0x00000006e9000000, 0x00000007a0000000)
  object space 147456K, 29% used [0x00000006e0000000,0x00000006e2a8c880,0x00000006e9000000)
 Metaspace       used 59224K, committed 59776K, reserved 917504K
  class space    used 7901K, committed 8192K, reserved 851968K
}
Event: 3,234 GC heap after
{Heap after GC invocations=8 (full 2):
 PSYoungGen      total 132096K, used 16017K [0x00000007a0000000, 0x00000007a9b80000, 0x0000000800000000)
  eden space 107008K, 0% used [0x00000007a0000000,0x00000007a0000000,0x00000007a6880000)
  from space 25088K, 63% used [0x00000007a8300000,0x00000007a92a44c0,0x00000007a9b80000)
  to   space 26112K, 0% used [0x00000007a6880000,0x00000007a6880000,0x00000007a8200000)
 ParOldGen       total 147456K, used 43578K [0x00000006e0000000, 0x00000006e9000000, 0x00000007a0000000)
  object space 147456K, 29% used [0x00000006e0000000,0x00000006e2a8e880,0x00000006e9000000)
 Metaspace       used 59224K, committed 59776K, reserved 917504K
  class space    used 7901K, committed 8192K, reserved 851968K
}
Event: 3,234 GC heap before
{Heap before GC invocations=9 (full 3):
 PSYoungGen      total 132096K, used 16017K [0x00000007a0000000, 0x00000007a9b80000, 0x0000000800000000)
  eden space 107008K, 0% used [0x00000007a0000000,0x00000007a0000000,0x00000007a6880000)
  from space 25088K, 63% used [0x00000007a8300000,0x00000007a92a44c0,0x00000007a9b80000)
  to   space 26112K, 0% used [0x00000007a6880000,0x00000007a6880000,0x00000007a8200000)
 ParOldGen       total 147456K, used 43578K [0x00000006e0000000, 0x00000006e9000000, 0x00000007a0000000)
  object space 147456K, 29% used [0x00000006e0000000,0x00000006e2a8e880,0x00000006e9000000)
 Metaspace       used 59224K, committed 59776K, reserved 917504K
  class space    used 7901K, committed 8192K, reserved 851968K
}
Event: 3,262 GC heap after
{Heap after GC invocations=9 (full 3):
 PSYoungGen      total 132096K, used 0K [0x00000007a0000000, 0x00000007a9b80000, 0x0000000800000000)
  eden space 107008K, 0% used [0x00000007a0000000,0x00000007a0000000,0x00000007a6880000)
  from space 25088K, 0% used [0x00000007a8300000,0x00000007a8300000,0x00000007a9b80000)
  to   space 26112K, 0% used [0x00000007a6880000,0x00000007a6880000,0x00000007a8200000)
 ParOldGen       total 147456K, used 57689K [0x00000006e0000000, 0x00000006e9000000, 0x00000007a0000000)
  object space 147456K, 39% used [0x00000006e0000000,0x00000006e38567b0,0x00000006e9000000)
 Metaspace       used 59224K, committed 59776K, reserved 917504K
  class space    used 7901K, committed 8192K, reserved 851968K
}
Event: 3,695 GC heap before
{Heap before GC invocations=10 (full 3):
 PSYoungGen      total 132096K, used 107008K [0x00000007a0000000, 0x00000007a9b80000, 0x0000000800000000)
  eden space 107008K, 100% used [0x00000007a0000000,0x00000007a6880000,0x00000007a6880000)
  from space 25088K, 0% used [0x00000007a8300000,0x00000007a8300000,0x00000007a9b80000)
  to   space 26112K, 0% used [0x00000007a6880000,0x00000007a6880000,0x00000007a8200000)
 ParOldGen       total 147456K, used 57689K [0x00000006e0000000, 0x00000006e9000000, 0x00000007a0000000)
  object space 147456K, 39% used [0x00000006e0000000,0x00000006e38567b0,0x00000006e9000000)
 Metaspace       used 66437K, committed 67136K, reserved 917504K
  class space    used 9132K, committed 9472K, reserved 851968K
}
Event: 3,700 GC heap after
{Heap after GC invocations=10 (full 3):
 PSYoungGen      total 133120K, used 10991K [0x00000007a0000000, 0x00000007b0200000, 0x0000000800000000)
  eden space 107008K, 0% used [0x00000007a0000000,0x00000007a0000000,0x00000007a6880000)
  from space 26112K, 42% used [0x00000007a6880000,0x00000007a733bff8,0x00000007a8200000)
  to   space 25088K, 0% used [0x00000007ae980000,0x00000007ae980000,0x00000007b0200000)
 ParOldGen       total 147456K, used 57697K [0x00000006e0000000, 0x00000006e9000000, 0x00000007a0000000)
  object space 147456K, 39% used [0x00000006e0000000,0x00000006e38587b0,0x00000006e9000000)
 Metaspace       used 66437K, committed 67136K, reserved 917504K
  class space    used 9132K, committed 9472K, reserved 851968K
}
Event: 3,880 GC heap before
{Heap before GC invocations=11 (full 3):
 PSYoungGen      total 133120K, used 117999K [0x00000007a0000000, 0x00000007b0200000, 0x0000000800000000)
  eden space 107008K, 100% used [0x00000007a0000000,0x00000007a6880000,0x00000007a6880000)
  from space 26112K, 42% used [0x00000007a6880000,0x00000007a733bff8,0x00000007a8200000)
  to   space 25088K, 0% used [0x00000007ae980000,0x00000007ae980000,0x00000007b0200000)
 ParOldGen       total 147456K, used 57697K [0x00000006e0000000, 0x00000006e9000000, 0x00000007a0000000)
  object space 147456K, 39% used [0x00000006e0000000,0x00000006e38587b0,0x00000006e9000000)
 Metaspace       used 71054K, committed 71808K, reserved 917504K
  class space    used 9528K, committed 9920K, reserved 851968K
}
Event: 3,892 GC heap after
{Heap after GC invocations=11 (full 3):
 PSYoungGen      total 237056K, used 21705K [0x00000007a0000000, 0x00000007b0600000, 0x0000000800000000)
  eden space 211968K, 0% used [0x00000007a0000000,0x00000007a0000000,0x00000007acf00000)
  from space 25088K, 86% used [0x00000007ae980000,0x00000007afeb25b0,0x00000007b0200000)
  to   space 27136K, 0% used [0x00000007acf00000,0x00000007acf00000,0x00000007ae980000)
 ParOldGen       total 147456K, used 57705K [0x00000006e0000000, 0x00000006e9000000, 0x00000007a0000000)
  object space 147456K, 39% used [0x00000006e0000000,0x00000006e385a7b0,0x00000006e9000000)
 Metaspace       used 71054K, committed 71808K, reserved 917504K
  class space    used 9528K, committed 9920K, reserved 851968K
}
Event: 4,111 GC heap before
{Heap before GC invocations=12 (full 3):
 PSYoungGen      total 237056K, used 233673K [0x00000007a0000000, 0x00000007b0600000, 0x0000000800000000)
  eden space 211968K, 100% used [0x00000007a0000000,0x00000007acf00000,0x00000007acf00000)
  from space 25088K, 86% used [0x00000007ae980000,0x00000007afeb25b0,0x00000007b0200000)
  to   space 27136K, 0% used [0x00000007acf00000,0x00000007acf00000,0x00000007ae980000)
 ParOldGen       total 147456K, used 57705K [0x00000006e0000000, 0x00000006e9000000, 0x00000007a0000000)
  object space 147456K, 39% used [0x00000006e0000000,0x00000006e385a7b0,0x00000006e9000000)
 Metaspace       used 71598K, committed 72320K, reserved 917504K
  class space    used 9543K, committed 9920K, reserved 851968K
}
Event: 4,125 GC heap after
{Heap after GC invocations=12 (full 3):
 PSYoungGen      total 239104K, used 27121K [0x00000007a0000000, 0x00000007b8a80000, 0x0000000800000000)
  eden space 211968K, 0% used [0x00000007a0000000,0x00000007a0000000,0x00000007acf00000)
  from space 27136K, 99% used [0x00000007acf00000,0x00000007ae97c560,0x00000007ae980000)
  to   space 32256K, 0% used [0x00000007b6b00000,0x00000007b6b00000,0x00000007b8a80000)
 ParOldGen       total 147456K, used 61521K [0x00000006e0000000, 0x00000006e9000000, 0x00000007a0000000)
  object space 147456K, 41% used [0x00000006e0000000,0x00000006e3c147b0,0x00000006e9000000)
 Metaspace       used 71598K, committed 72320K, reserved 917504K
  class space    used 9543K, committed 9920K, reserved 851968K
}
Event: 4,349 GC heap before
{Heap before GC invocations=13 (full 3):
 PSYoungGen      total 239104K, used 239089K [0x00000007a0000000, 0x00000007b8a80000, 0x0000000800000000)
  eden space 211968K, 100% used [0x00000007a0000000,0x00000007acf00000,0x00000007acf00000)
  from space 27136K, 99% used [0x00000007acf00000,0x00000007ae97c560,0x00000007ae980000)
  to   space 32256K, 0% used [0x00000007b6b00000,0x00000007b6b00000,0x00000007b8a80000)
 ParOldGen       total 147456K, used 61521K [0x00000006e0000000, 0x00000006e9000000, 0x00000007a0000000)
  object space 147456K, 41% used [0x00000006e0000000,0x00000006e3c147b0,0x00000006e9000000)
 Metaspace       used 72067K, committed 72768K, reserved 917504K
  class space    used 9572K, committed 9920K, reserved 851968K
}
Event: 4,365 GC heap after
{Heap after GC invocations=13 (full 3):
 PSYoungGen      total 371712K, used 21168K [0x00000007a0000000, 0x00000007b8a80000, 0x0000000800000000)
  eden space 339456K, 0% used [0x00000007a0000000,0x00000007a0000000,0x00000007b4b80000)
  from space 32256K, 65% used [0x00000007b6b00000,0x00000007b7fac070,0x00000007b8a80000)
  to   space 32256K, 0% used [0x00000007b4b80000,0x00000007b4b80000,0x00000007b6b00000)
 ParOldGen       total 147456K, used 79013K [0x00000006e0000000, 0x00000006e9000000, 0x00000007a0000000)
  object space 147456K, 53% used [0x00000006e0000000,0x00000006e4d29720,0x00000006e9000000)
 Metaspace       used 72067K, committed 72768K, reserved 917504K
  class space    used 9572K, committed 9920K, reserved 851968K
}
Event: 4,909 GC heap before
{Heap before GC invocations=14 (full 3):
 PSYoungGen      total 371712K, used 360624K [0x00000007a0000000, 0x00000007b8a80000, 0x0000000800000000)
  eden space 339456K, 100% used [0x00000007a0000000,0x00000007b4b80000,0x00000007b4b80000)
  from space 32256K, 65% used [0x00000007b6b00000,0x00000007b7fac070,0x00000007b8a80000)
  to   space 32256K, 0% used [0x00000007b4b80000,0x00000007b4b80000,0x00000007b6b00000)
 ParOldGen       total 147456K, used 79013K [0x00000006e0000000, 0x00000006e9000000, 0x00000007a0000000)
  object space 147456K, 53% used [0x00000006e0000000,0x00000006e4d29720,0x00000006e9000000)
 Metaspace       used 76923K, committed 77696K, reserved 983040K
  class space    used 10283K, committed 10688K, reserved 851968K
}
Event: 4,930 GC heap after
{Heap after GC invocations=14 (full 3):
 PSYoungGen      total 371712K, used 20121K [0x00000007a0000000, 0x00000007c5180000, 0x0000000800000000)
  eden space 339456K, 0% used [0x00000007a0000000,0x00000007a0000000,0x00000007b4b80000)
  from space 32256K, 62% used [0x00000007b4b80000,0x00000007b5f265c8,0x00000007b6b00000)
  to   space 32256K, 0% used [0x00000007c3200000,0x00000007c3200000,0x00000007c5180000)
 ParOldGen       total 147456K, used 96852K [0x00000006e0000000, 0x00000006e9000000, 0x00000007a0000000)
  object space 147456K, 65% used [0x00000006e0000000,0x00000006e5e95340,0x00000006e9000000)
 Metaspace       used 76923K, committed 77696K, reserved 983040K
  class space    used 10283K, committed 10688K, reserved 851968K
}
Event: 7,774 GC heap before
{Heap before GC invocations=15 (full 3):
 PSYoungGen      total 371712K, used 359577K [0x00000007a0000000, 0x00000007c5180000, 0x0000000800000000)
  eden space 339456K, 100% used [0x00000007a0000000,0x00000007b4b80000,0x00000007b4b80000)
  from space 32256K, 62% used [0x00000007b4b80000,0x00000007b5f265c8,0x00000007b6b00000)
  to   space 32256K, 0% used [0x00000007c3200000,0x00000007c3200000,0x00000007c5180000)
 ParOldGen       total 147456K, used 96852K [0x00000006e0000000, 0x00000006e9000000, 0x00000007a0000000)
  object space 147456K, 65% used [0x00000006e0000000,0x00000006e5e95340,0x00000006e9000000)
 Metaspace       used 86921K, committed 87744K, reserved 983040K
  class space    used 11610K, committed 12032K, reserved 851968K
}
Event: 7,794 GC heap after
{Heap after GC invocations=15 (full 3):
 PSYoungGen      total 574976K, used 23247K [0x00000007a0000000, 0x00000007c5280000, 0x0000000800000000)
  eden space 542720K, 0% used [0x00000007a0000000,0x00000007a0000000,0x00000007c1200000)
  from space 32256K, 72% used [0x00000007c3200000,0x00000007c48b3e20,0x00000007c5180000)
  to   space 32768K, 0% used [0x00000007c1200000,0x00000007c1200000,0x00000007c3200000)
 ParOldGen       total 147456K, used 113743K [0x00000006e0000000, 0x00000006e9000000, 0x00000007a0000000)
  object space 147456K, 77% used [0x00000006e0000000,0x00000006e6f13f98,0x00000006e9000000)
 Metaspace       used 86921K, committed 87744K, reserved 983040K
  class space    used 11610K, committed 12032K, reserved 851968K
}
Event: 8,687 GC heap before
{Heap before GC invocations=16 (full 3):
 PSYoungGen      total 574976K, used 565967K [0x00000007a0000000, 0x00000007c5280000, 0x0000000800000000)
  eden space 542720K, 100% used [0x00000007a0000000,0x00000007c1200000,0x00000007c1200000)
  from space 32256K, 72% used [0x00000007c3200000,0x00000007c48b3e20,0x00000007c5180000)
  to   space 32768K, 0% used [0x00000007c1200000,0x00000007c1200000,0x00000007c3200000)
 ParOldGen       total 147456K, used 113743K [0x00000006e0000000, 0x00000006e9000000, 0x00000007a0000000)
  object space 147456K, 77% used [0x00000006e0000000,0x00000006e6f13f98,0x00000006e9000000)
 Metaspace       used 89858K, committed 90752K, reserved 983040K
  class space    used 12009K, committed 12480K, reserved 851968K
}

