# JRE version: OpenJDK Runtime Environment (17.0.9) (build 17.0.9+0-17.0.9b1087.7-11185874)
# Java VM: OpenJDK 64-Bit Server VM (17.0.9+0-17.0.9b1087.7-11185874, mixed mode, tiered, compressed oops, compressed class ptrs, g1 gc, linux-amd64)
GC Precious Log:
 CPUs: 16 total, 12 available
 Memory: 13817M
 Large Page Support: Disabled
 NUMA Support: Disabled
 Compressed Oops: Enabled (Zero based)
 Heap Region Size: 4M
 Heap Min Capacity: 8M
 Heap Initial Capacity: 216M
 Heap Max Capacity: 4608M
 Pre-touch: Disabled
 Parallel Workers: 10
 Concurrent Workers: 3
 Concurrent Refinement Workers: 10
 Periodic GC: Disabled
Heap:
 garbage-first heap   total 352256K, used 274036K [0x00000006e0000000, 0x0000000800000000)
  region size 4096K, 32 young (131072K), 3 survivors (12288K)
 Metaspace       used 113214K, committed 114112K, reserved 1179648K
  class space    used 15504K, committed 15936K, reserved 1048576K
GC Heap History (20 events):
Event: 8,499 GC heap after
{Heap after GC invocations=34 (full 0):
 garbage-first heap   total 221184K, used 101365K [0x00000006e0000000, 0x0000000800000000)
  region size 4096K, 3 young (12288K), 3 survivors (12288K)
 Metaspace       used 101858K, committed 102592K, reserved 1179648K
  class space    used 14061K, committed 14400K, reserved 1048576K
}
Event: 9,076 GC heap before
{Heap before GC invocations=34 (full 0):
 garbage-first heap   total 221184K, used 175093K [0x00000006e0000000, 0x0000000800000000)
  region size 4096K, 21 young (86016K), 3 survivors (12288K)
 Metaspace       used 107052K, committed 107904K, reserved 1179648K
  class space    used 14803K, committed 15168K, reserved 1048576K
}
Event: 9,082 GC heap after
{Heap after GC invocations=35 (full 0):
 garbage-first heap   total 221184K, used 106886K [0x00000006e0000000, 0x0000000800000000)
  region size 4096K, 3 young (12288K), 3 survivors (12288K)
 Metaspace       used 107052K, committed 107904K, reserved 1179648K
  class space    used 14803K, committed 15168K, reserved 1048576K
}
Event: 9,699 GC heap before
{Heap before GC invocations=35 (full 0):
 garbage-first heap   total 221184K, used 172422K [0x00000006e0000000, 0x0000000800000000)
  region size 4096K, 20 young (81920K), 3 survivors (12288K)
 Metaspace       used 110664K, committed 111552K, reserved 1179648K
  class space    used 15173K, committed 15616K, reserved 1048576K
}
Event: 9,710 GC heap after
{Heap after GC invocations=36 (full 0):
 garbage-first heap   total 221184K, used 115609K [0x00000006e0000000, 0x0000000800000000)
  region size 4096K, 3 young (12288K), 3 survivors (12288K)
 Metaspace       used 110664K, committed 111552K, reserved 1179648K
  class space    used 15173K, committed 15616K, reserved 1048576K
}
Event: 9,860 GC heap before
{Heap before GC invocations=36 (full 0):
 garbage-first heap   total 221184K, used 172953K [0x00000006e0000000, 0x0000000800000000)
  region size 4096K, 17 young (69632K), 3 survivors (12288K)
 Metaspace       used 111374K, committed 112256K, reserved 1179648K
  class space    used 15345K, committed 15744K, reserved 1048576K
}
Event: 9,868 GC heap after
{Heap after GC invocations=37 (full 0):
 garbage-first heap   total 221184K, used 123572K [0x00000006e0000000, 0x0000000800000000)
  region size 4096K, 2 young (8192K), 2 survivors (8192K)
 Metaspace       used 111374K, committed 112256K, reserved 1179648K
  class space    used 15345K, committed 15744K, reserved 1048576K
}
Event: 9,957 GC heap before
{Heap before GC invocations=37 (full 0):
 garbage-first heap   total 221184K, used 176820K [0x00000006e0000000, 0x0000000800000000)
  region size 4096K, 15 young (61440K), 2 survivors (8192K)
 Metaspace       used 111484K, committed 112384K, reserved 1179648K
  class space    used 15345K, committed 15744K, reserved 1048576K
}
Event: 9,961 GC heap after
{Heap after GC invocations=38 (full 0):
 garbage-first heap   total 266240K, used 125927K [0x00000006e0000000, 0x0000000800000000)
  region size 4096K, 2 young (8192K), 2 survivors (8192K)
 Metaspace       used 111484K, committed 112384K, reserved 1179648K
  class space    used 15345K, committed 15744K, reserved 1048576K
}
Event: 10,193 GC heap before
{Heap before GC invocations=38 (full 0):
 garbage-first heap   total 266240K, used 211943K [0x00000006e0000000, 0x0000000800000000)
  region size 4096K, 23 young (94208K), 2 survivors (8192K)
 Metaspace       used 112333K, committed 113216K, reserved 1179648K
  class space    used 15417K, committed 15872K, reserved 1048576K
}
Event: 10,199 GC heap after
{Heap after GC invocations=39 (full 0):
 garbage-first heap   total 266240K, used 132438K [0x00000006e0000000, 0x0000000800000000)
  region size 4096K, 3 young (12288K), 3 survivors (12288K)
 Metaspace       used 112333K, committed 113216K, reserved 1179648K
  class space    used 15417K, committed 15872K, reserved 1048576K
}
Event: 10,400 GC heap before
{Heap before GC invocations=39 (full 0):
 garbage-first heap   total 266240K, used 210262K [0x00000006e0000000, 0x0000000800000000)
  region size 4096K, 22 young (90112K), 3 survivors (12288K)
 Metaspace       used 112621K, committed 113536K, reserved 1179648K
  class space    used 15442K, committed 15872K, reserved 1048576K
}
Event: 10,407 GC heap after
{Heap after GC invocations=40 (full 0):
 garbage-first heap   total 266240K, used 138232K [0x00000006e0000000, 0x0000000800000000)
  region size 4096K, 3 young (12288K), 3 survivors (12288K)
 Metaspace       used 112621K, committed 113536K, reserved 1179648K
  class space    used 15442K, committed 15872K, reserved 1048576K
}
Event: 10,551 GC heap before
{Heap before GC invocations=40 (full 0):
 garbage-first heap   total 266240K, used 211960K [0x00000006e0000000, 0x0000000800000000)
  region size 4096K, 21 young (86016K), 3 survivors (12288K)
 Metaspace       used 112684K, committed 113600K, reserved 1179648K
  class space    used 15445K, committed 15872K, reserved 1048576K
}
Event: 10,557 GC heap after
{Heap after GC invocations=41 (full 0):
 garbage-first heap   total 266240K, used 143748K [0x00000006e0000000, 0x0000000800000000)
  region size 4096K, 3 young (12288K), 3 survivors (12288K)
 Metaspace       used 112684K, committed 113600K, reserved 1179648K
  class space    used 15445K, committed 15872K, reserved 1048576K
}
Event: 10,699 GC heap before
{Heap before GC invocations=41 (full 0):
 garbage-first heap   total 266240K, used 213380K [0x00000006e0000000, 0x0000000800000000)
  region size 4096K, 20 young (81920K), 3 survivors (12288K)
 Metaspace       used 112758K, committed 113664K, reserved 1179648K
  class space    used 15454K, committed 15872K, reserved 1048576K
}
Event: 10,705 GC heap after
{Heap after GC invocations=42 (full 0):
 garbage-first heap   total 352256K, used 147707K [0x00000006e0000000, 0x0000000800000000)
  region size 4096K, 2 young (8192K), 2 survivors (8192K)
 Metaspace       used 112758K, committed 113664K, reserved 1179648K
  class space    used 15454K, committed 15872K, reserved 1048576K
}
Event: 11,044 GC heap before
{Heap before GC invocations=42 (full 0):
 garbage-first heap   total 352256K, used 278779K [0x00000006e0000000, 0x0000000800000000)
  region size 4096K, 34 young (139264K), 2 survivors (8192K)
 Metaspace       used 113153K, committed 114112K, reserved 1179648K
  class space    used 15501K, committed 15936K, reserved 1048576K
}
Event: 11,051 GC heap after
{Heap after GC invocations=43 (full 0):
 garbage-first heap   total 352256K, used 155252K [0x00000006e0000000, 0x0000000800000000)
  region size 4096K, 4 young (16384K), 4 survivors (16384K)
 Metaspace       used 113153K, committed 114112K, reserved 1179648K
  class space    used 15501K, committed 15936K, reserved 1048576K
}
Event: 11,224 GC heap before
{Heap before GC invocations=43 (full 0):
 garbage-first heap   total 352256K, used 269940K [0x00000006e0000000, 0x0000000800000000)
  region size 4096K, 33 young (135168K), 4 survivors (16384K)
 Metaspace       used 113214K, committed 114112K, reserved 1179648K
  class space    used 15504K, committed 15936K, reserved 1048576K
}

