# JRE version: OpenJDK Runtime Environment (17.0.9) (build 17.0.9+0-17.0.9b1087.7-11185874)
# Java VM: OpenJDK 64-Bit Server VM (17.0.9+0-17.0.9b1087.7-11185874, mixed mode, tiered, compressed oops, compressed class ptrs, parallel gc, linux-amd64)
GC Precious Log:
 CPUs: 16 total, 12 available
 Memory: 13817M
 Large Page Support: Disabled
 NUMA Support: Disabled
 Compressed Oops: Enabled (Zero based)
 Alignments: Space 512K, Generation 512K, Heap 2M
 Heap Min Capacity: 8M
 Heap Initial Capacity: 216M
 Heap Max Capacity: 4608M
 Pre-touch: Disabled
 Parallel Workers: 10
Heap:
 PSYoungGen      total 505344K, used 505316K [0x00000007a0000000, 0x00000007c8000000, 0x0000000800000000)
  eden space 440832K, 100% used [0x00000007a0000000,0x00000007bae80000,0x00000007bae80000)
  from space 64512K, 99% used [0x00000007bae80000,0x00000007bed79180,0x00000007bed80000)
  to   space 77312K, 56% used [0x00000007c3480000,0x00000007c5f74b48,0x00000007c8000000)
 ParOldGen       total 274944K, used 242540K [0x00000006e0000000, 0x00000006f0c80000, 0x00000007a0000000)
  object space 274944K, 88% used [0x00000006e0000000,0x00000006eecdb258,0x00000006f0c80000)
 Metaspace       used 146857K, committed 148416K, reserved 983040K
  class space    used 19697K, committed 20480K, reserved 851968K
GC Heap History (20 events):
Event: 7,893 GC heap after
{Heap after GC invocations=15 (full 3):
 PSYoungGen      total 289792K, used 5270K [0x00000007a0000000, 0x00000007b3b00000, 0x0000000800000000)
  eden space 258560K, 0% used [0x00000007a0000000,0x00000007a0000000,0x00000007afc80000)
  from space 31232K, 16% used [0x00000007b1b80000,0x00000007b20a5990,0x00000007b3a00000)
  to   space 31744K, 0% used [0x00000007afc80000,0x00000007afc80000,0x00000007b1b80000)
 ParOldGen       total 147456K, used 105706K [0x00000006e0000000, 0x00000006e9000000, 0x00000007a0000000)
  object space 147456K, 71% used [0x00000006e0000000,0x00000006e673abd0,0x00000006e9000000)
 Metaspace       used 98786K, committed 99648K, reserved 983040K
  class space    used 13637K, committed 14080K, reserved 851968K
}
Event: 7,893 GC heap before
{Heap before GC invocations=16 (full 4):
 PSYoungGen      total 289792K, used 5270K [0x00000007a0000000, 0x00000007b3b00000, 0x0000000800000000)
  eden space 258560K, 0% used [0x00000007a0000000,0x00000007a0000000,0x00000007afc80000)
  from space 31232K, 16% used [0x00000007b1b80000,0x00000007b20a5990,0x00000007b3a00000)
  to   space 31744K, 0% used [0x00000007afc80000,0x00000007afc80000,0x00000007b1b80000)
 ParOldGen       total 147456K, used 105706K [0x00000006e0000000, 0x00000006e9000000, 0x00000007a0000000)
  object space 147456K, 71% used [0x00000006e0000000,0x00000006e673abd0,0x00000006e9000000)
 Metaspace       used 98786K, committed 99648K, reserved 983040K
  class space    used 13637K, committed 14080K, reserved 851968K
}
Event: 7,948 GC heap after
{Heap after GC invocations=16 (full 4):
 PSYoungGen      total 289792K, used 0K [0x00000007a0000000, 0x00000007b3b00000, 0x0000000800000000)
  eden space 258560K, 0% used [0x00000007a0000000,0x00000007a0000000,0x00000007afc80000)
  from space 31232K, 0% used [0x00000007b1b80000,0x00000007b1b80000,0x00000007b3a00000)
  to   space 31744K, 0% used [0x00000007afc80000,0x00000007afc80000,0x00000007b1b80000)
 ParOldGen       total 147456K, used 106017K [0x00000006e0000000, 0x00000006e9000000, 0x00000007a0000000)
  object space 147456K, 71% used [0x00000006e0000000,0x00000006e6788588,0x00000006e9000000)
 Metaspace       used 98786K, committed 99648K, reserved 983040K
  class space    used 13637K, committed 14080K, reserved 851968K
}
Event: 9,118 GC heap before
{Heap before GC invocations=17 (full 4):
 PSYoungGen      total 289792K, used 258560K [0x00000007a0000000, 0x00000007b3b00000, 0x0000000800000000)
  eden space 258560K, 100% used [0x00000007a0000000,0x00000007afc80000,0x00000007afc80000)
  from space 31232K, 0% used [0x00000007b1b80000,0x00000007b1b80000,0x00000007b3a00000)
  to   space 31744K, 0% used [0x00000007afc80000,0x00000007afc80000,0x00000007b1b80000)
 ParOldGen       total 147456K, used 106017K [0x00000006e0000000, 0x00000006e9000000, 0x00000007a0000000)
  object space 147456K, 71% used [0x00000006e0000000,0x00000006e6788588,0x00000006e9000000)
 Metaspace       used 108097K, committed 109056K, reserved 983040K
  class space    used 14859K, committed 15296K, reserved 851968K
}
Event: 9,132 GC heap after
{Heap after GC invocations=17 (full 4):
 PSYoungGen      total 290304K, used 31736K [0x00000007a0000000, 0x00000007be500000, 0x0000000800000000)
  eden space 258560K, 0% used [0x00000007a0000000,0x00000007a0000000,0x00000007afc80000)
  from space 31744K, 99% used [0x00000007afc80000,0x00000007b1b7e178,0x00000007b1b80000)
  to   space 41472K, 0% used [0x00000007bbc80000,0x00000007bbc80000,0x00000007be500000)
 ParOldGen       total 147456K, used 119497K [0x00000006e0000000, 0x00000006e9000000, 0x00000007a0000000)
  object space 147456K, 81% used [0x00000006e0000000,0x00000006e74b25b8,0x00000006e9000000)
 Metaspace       used 108097K, committed 109056K, reserved 983040K
  class space    used 14859K, committed 15296K, reserved 851968K
}
Event: 9,925 GC heap before
{Heap before GC invocations=18 (full 4):
 PSYoungGen      total 290304K, used 290296K [0x00000007a0000000, 0x00000007be500000, 0x0000000800000000)
  eden space 258560K, 100% used [0x00000007a0000000,0x00000007afc80000,0x00000007afc80000)
  from space 31744K, 99% used [0x00000007afc80000,0x00000007b1b7e178,0x00000007b1b80000)
  to   space 41472K, 0% used [0x00000007bbc80000,0x00000007bbc80000,0x00000007be500000)
 ParOldGen       total 147456K, used 119497K [0x00000006e0000000, 0x00000006e9000000, 0x00000007a0000000)
  object space 147456K, 81% used [0x00000006e0000000,0x00000006e74b25b8,0x00000006e9000000)
 Metaspace       used 108106K, committed 109056K, reserved 983040K
  class space    used 14859K, committed 15296K, reserved 851968K
}
Event: 9,936 GC heap after
{Heap after GC invocations=18 (full 4):
 PSYoungGen      total 454144K, used 6304K [0x00000007a0000000, 0x00000007be400000, 0x0000000800000000)
  eden space 413696K, 0% used [0x00000007a0000000,0x00000007a0000000,0x00000007b9400000)
  from space 40448K, 15% used [0x00000007bbc80000,0x00000007bc2a8020,0x00000007be400000)
  to   space 40960K, 0% used [0x00000007b9400000,0x00000007b9400000,0x00000007bbc00000)
 ParOldGen       total 149504K, used 149284K [0x00000006e0000000, 0x00000006e9200000, 0x00000007a0000000)
  object space 149504K, 99% used [0x00000006e0000000,0x00000006e91c9358,0x00000006e9200000)
 Metaspace       used 108106K, committed 109056K, reserved 983040K
  class space    used 14859K, committed 15296K, reserved 851968K
}
Event: 9,936 GC heap before
{Heap before GC invocations=19 (full 5):
 PSYoungGen      total 454144K, used 6304K [0x00000007a0000000, 0x00000007be400000, 0x0000000800000000)
  eden space 413696K, 0% used [0x00000007a0000000,0x00000007a0000000,0x00000007b9400000)
  from space 40448K, 15% used [0x00000007bbc80000,0x00000007bc2a8020,0x00000007be400000)
  to   space 40960K, 0% used [0x00000007b9400000,0x00000007b9400000,0x00000007bbc00000)
 ParOldGen       total 149504K, used 149284K [0x00000006e0000000, 0x00000006e9200000, 0x00000007a0000000)
  object space 149504K, 99% used [0x00000006e0000000,0x00000006e91c9358,0x00000006e9200000)
 Metaspace       used 108106K, committed 109056K, reserved 983040K
  class space    used 14859K, committed 15296K, reserved 851968K
}
Event: 10,016 GC heap after
{Heap after GC invocations=19 (full 5):
 PSYoungGen      total 454656K, used 3588K [0x00000007a0000000, 0x00000007c1d00000, 0x0000000800000000)
  eden space 414208K, 0% used [0x00000007a0000000,0x00000007a0000000,0x00000007b9480000)
  from space 40448K, 8% used [0x00000007bbc80000,0x00000007bc001138,0x00000007be400000)
  to   space 40960K, 0% used [0x00000007b9480000,0x00000007b9480000,0x00000007bbc80000)
 ParOldGen       total 274944K, used 149304K [0x00000006e0000000, 0x00000006f0c80000, 0x00000007a0000000)
  object space 274944K, 54% used [0x00000006e0000000,0x00000006e91ce188,0x00000006f0c80000)
 Metaspace       used 108106K, committed 109056K, reserved 983040K
  class space    used 14859K, committed 15296K, reserved 851968K
}
Event: 11,854 GC heap before
{Heap before GC invocations=20 (full 5):
 PSYoungGen      total 454656K, used 417796K [0x00000007a0000000, 0x00000007c1d00000, 0x0000000800000000)
  eden space 414208K, 100% used [0x00000007a0000000,0x00000007b9480000,0x00000007b9480000)
  from space 40448K, 8% used [0x00000007bbc80000,0x00000007bc001138,0x00000007be400000)
  to   space 40960K, 0% used [0x00000007b9480000,0x00000007b9480000,0x00000007bbc80000)
 ParOldGen       total 274944K, used 149304K [0x00000006e0000000, 0x00000006f0c80000, 0x00000007a0000000)
  object space 274944K, 54% used [0x00000006e0000000,0x00000006e91ce188,0x00000006f0c80000)
 Metaspace       used 108145K, committed 109120K, reserved 983040K
  class space    used 14866K, committed 15296K, reserved 851968K
}
Event: 11,862 GC heap after
{Heap after GC invocations=20 (full 5):
 PSYoungGen      total 455168K, used 9440K [0x00000007a0000000, 0x00000007c1480000, 0x0000000800000000)
  eden space 414208K, 0% used [0x00000007a0000000,0x00000007a0000000,0x00000007b9480000)
  from space 40960K, 23% used [0x00000007b9480000,0x00000007b9db8040,0x00000007bbc80000)
  to   space 39936K, 0% used [0x00000007bed80000,0x00000007bed80000,0x00000007c1480000)
 ParOldGen       total 274944K, used 152432K [0x00000006e0000000, 0x00000006f0c80000, 0x00000007a0000000)
  object space 274944K, 55% used [0x00000006e0000000,0x00000006e94dc188,0x00000006f0c80000)
 Metaspace       used 108145K, committed 109120K, reserved 983040K
  class space    used 14866K, committed 15296K, reserved 851968K
}
Event: 13,547 GC heap before
{Heap before GC invocations=21 (full 5):
 PSYoungGen      total 455168K, used 423648K [0x00000007a0000000, 0x00000007c1480000, 0x0000000800000000)
  eden space 414208K, 100% used [0x00000007a0000000,0x00000007b9480000,0x00000007b9480000)
  from space 40960K, 23% used [0x00000007b9480000,0x00000007b9db8040,0x00000007bbc80000)
  to   space 39936K, 0% used [0x00000007bed80000,0x00000007bed80000,0x00000007c1480000)
 ParOldGen       total 274944K, used 152432K [0x00000006e0000000, 0x00000006f0c80000, 0x00000007a0000000)
  object space 274944K, 55% used [0x00000006e0000000,0x00000006e94dc188,0x00000006f0c80000)
 Metaspace       used 119785K, committed 120768K, reserved 983040K
  class space    used 16282K, committed 16704K, reserved 851968K
}
Event: 13,562 GC heap after
{Heap after GC invocations=21 (full 5):
 PSYoungGen      total 500736K, used 34627K [0x00000007a0000000, 0x00000007c1c00000, 0x0000000800000000)
  eden space 460800K, 0% used [0x00000007a0000000,0x00000007a0000000,0x00000007bc200000)
  from space 39936K, 86% used [0x00000007bed80000,0x00000007c0f50ff0,0x00000007c1480000)
  to   space 44544K, 0% used [0x00000007bc200000,0x00000007bc200000,0x00000007bed80000)
 ParOldGen       total 274944K, used 152504K [0x00000006e0000000, 0x00000006f0c80000, 0x00000007a0000000)
  object space 274944K, 55% used [0x00000006e0000000,0x00000006e94ee198,0x00000006f0c80000)
 Metaspace       used 119785K, committed 120768K, reserved 983040K
  class space    used 16282K, committed 16704K, reserved 851968K
}
Event: 338,269 GC heap before
{Heap before GC invocations=22 (full 5):
 PSYoungGen      total 500736K, used 495427K [0x00000007a0000000, 0x00000007c1c00000, 0x0000000800000000)
  eden space 460800K, 100% used [0x00000007a0000000,0x00000007bc200000,0x00000007bc200000)
  from space 39936K, 86% used [0x00000007bed80000,0x00000007c0f50ff0,0x00000007c1480000)
  to   space 44544K, 0% used [0x00000007bc200000,0x00000007bc200000,0x00000007bed80000)
 ParOldGen       total 274944K, used 152504K [0x00000006e0000000, 0x00000006f0c80000, 0x00000007a0000000)
  object space 274944K, 55% used [0x00000006e0000000,0x00000006e94ee198,0x00000006f0c80000)
 Metaspace       used 136759K, committed 137984K, reserved 983040K
  class space    used 18242K, committed 18816K, reserved 851968K
}
Event: 338,293 GC heap after
{Heap after GC invocations=22 (full 5):
 PSYoungGen      total 486400K, used 44516K [0x00000007a0000000, 0x00000007c2080000, 0x0000000800000000)
  eden space 441856K, 0% used [0x00000007a0000000,0x00000007a0000000,0x00000007baf80000)
  from space 44544K, 99% used [0x00000007bc200000,0x00000007bed791a0,0x00000007bed80000)
  to   space 52224K, 0% used [0x00000007bed80000,0x00000007bed80000,0x00000007c2080000)
 ParOldGen       total 274944K, used 169410K [0x00000006e0000000, 0x00000006f0c80000, 0x00000007a0000000)
  object space 274944K, 61% used [0x00000006e0000000,0x00000006ea570888,0x00000006f0c80000)
 Metaspace       used 136759K, committed 137984K, reserved 983040K
  class space    used 18242K, committed 18816K, reserved 851968K
}
Event: 339,822 GC heap before
{Heap before GC invocations=23 (full 5):
 PSYoungGen      total 486400K, used 486372K [0x00000007a0000000, 0x00000007c2080000, 0x0000000800000000)
  eden space 441856K, 100% used [0x00000007a0000000,0x00000007baf80000,0x00000007baf80000)
  from space 44544K, 99% used [0x00000007bc200000,0x00000007bed791a0,0x00000007bed80000)
  to   space 52224K, 0% used [0x00000007bed80000,0x00000007bed80000,0x00000007c2080000)
 ParOldGen       total 274944K, used 169410K [0x00000006e0000000, 0x00000006f0c80000, 0x00000007a0000000)
  object space 274944K, 61% used [0x00000006e0000000,0x00000006ea570888,0x00000006f0c80000)
 Metaspace       used 142343K, committed 143808K, reserved 983040K
  class space    used 19040K, committed 19776K, reserved 851968K
}
Event: 339,858 GC heap after
{Heap after GC invocations=23 (full 5):
 PSYoungGen      total 493056K, used 50657K [0x00000007a0000000, 0x00000007c5500000, 0x0000000800000000)
  eden space 440832K, 0% used [0x00000007a0000000,0x00000007a0000000,0x00000007bae80000)
  from space 52224K, 96% used [0x00000007bed80000,0x00000007c1ef8458,0x00000007c2080000)
  to   space 64512K, 0% used [0x00000007bae80000,0x00000007bae80000,0x00000007bed80000)
 ParOldGen       total 274944K, used 196476K [0x00000006e0000000, 0x00000006f0c80000, 0x00000007a0000000)
  object space 274944K, 71% used [0x00000006e0000000,0x00000006ebfdf388,0x00000006f0c80000)
 Metaspace       used 142343K, committed 143808K, reserved 983040K
  class space    used 19040K, committed 19776K, reserved 851968K
}
Event: 340,392 GC heap before
{Heap before GC invocations=24 (full 5):
 PSYoungGen      total 493056K, used 491489K [0x00000007a0000000, 0x00000007c5500000, 0x0000000800000000)
  eden space 440832K, 100% used [0x00000007a0000000,0x00000007bae80000,0x00000007bae80000)
  from space 52224K, 96% used [0x00000007bed80000,0x00000007c1ef8458,0x00000007c2080000)
  to   space 64512K, 0% used [0x00000007bae80000,0x00000007bae80000,0x00000007bed80000)
 ParOldGen       total 274944K, used 196476K [0x00000006e0000000, 0x00000006f0c80000, 0x00000007a0000000)
  object space 274944K, 71% used [0x00000006e0000000,0x00000006ebfdf388,0x00000006f0c80000)
 Metaspace       used 142686K, committed 144064K, reserved 983040K
  class space    used 19075K, committed 19776K, reserved 851968K
}
Event: 340,417 GC heap after
{Heap after GC invocations=24 (full 5):
 PSYoungGen      total 505344K, used 64484K [0x00000007a0000000, 0x00000007c8000000, 0x0000000800000000)
  eden space 440832K, 0% used [0x00000007a0000000,0x00000007a0000000,0x00000007bae80000)
  from space 64512K, 99% used [0x00000007bae80000,0x00000007bed79180,0x00000007bed80000)
  to   space 77312K, 0% used [0x00000007c3480000,0x00000007c3480000,0x00000007c8000000)
 ParOldGen       total 274944K, used 201801K [0x00000006e0000000, 0x00000006f0c80000, 0x00000007a0000000)
  object space 274944K, 73% used [0x00000006e0000000,0x00000006ec512718,0x00000006f0c80000)
 Metaspace       used 142686K, committed 144064K, reserved 983040K
  class space    used 19075K, committed 19776K, reserved 851968K
}
Event: 382,442 GC heap before
{Heap before GC invocations=25 (full 5):
 PSYoungGen      total 505344K, used 505316K [0x00000007a0000000, 0x00000007c8000000, 0x0000000800000000)
  eden space 440832K, 100% used [0x00000007a0000000,0x00000007bae80000,0x00000007bae80000)
  from space 64512K, 99% used [0x00000007bae80000,0x00000007bed79180,0x00000007bed80000)
  to   space 77312K, 0% used [0x00000007c3480000,0x00000007c3480000,0x00000007c8000000)
 ParOldGen       total 274944K, used 201801K [0x00000006e0000000, 0x00000006f0c80000, 0x00000007a0000000)
  object space 274944K, 73% used [0x00000006e0000000,0x00000006ec512718,0x00000006f0c80000)
 Metaspace       used 146857K, committed 148416K, reserved 983040K
  class space    used 19697K, committed 20480K, reserved 851968K
}

