# JRE version: OpenJDK Runtime Environment (17.0.9) (build 17.0.9+0-17.0.9b1087.7-11185874)
# Java VM: OpenJDK 64-Bit Server VM (17.0.9+0-17.0.9b1087.7-11185874, mixed mode, tiered, compressed oops, compressed class ptrs, parallel gc, linux-amd64)
GC Precious Log:
 CPUs: 16 total, 12 available
 Memory: 13817M
 Large Page Support: Disabled
 NUMA Support: Disabled
 Compressed Oops: Enabled (Zero based)
 Alignments: Space 512K, Generation 512K, Heap 2M
 Heap Min Capacity: 8M
 Heap Initial Capacity: 216M
 Heap Max Capacity: 4608M
 Pre-touch: Disabled
 Parallel Workers: 10
Heap:
 PSYoungGen      total 617984K, used 152033K [0x00000007a0000000, 0x00000007e3780000, 0x0000000800000000)
  eden space 465920K, 0% used [0x00000007a0000000,0x00000007a0000000,0x00000007bc700000)
  from space 152064K, 99% used [0x00000007bc700000,0x00000007c5b785a0,0x00000007c5b80000)
  to   space 250368K, 0% used [0x00000007d4300000,0x00000007d4300000,0x00000007e3780000)
 ParOldGen       total 542720K, used 542325K [0x00000006e0000000, 0x0000000701200000, 0x00000007a0000000)
  object space 542720K, 99% used [0x00000006e0000000,0x000000070119d7a0,0x0000000701200000)
 Metaspace       used 101756K, committed 102656K, reserved 983040K
  class space    used 13628K, committed 14080K, reserved 851968K
GC Heap History (20 events):
Event: 3,731 GC heap after
{Heap after GC invocations=11 (full 3):
 PSYoungGen      total 237056K, used 21465K [0x00000007a0000000, 0x00000007b0600000, 0x0000000800000000)
  eden space 211968K, 0% used [0x00000007a0000000,0x00000007a0000000,0x00000007acf00000)
  from space 25088K, 85% used [0x00000007ae980000,0x00000007afe765e0,0x00000007b0200000)
  to   space 27136K, 0% used [0x00000007acf00000,0x00000007acf00000,0x00000007ae980000)
 ParOldGen       total 147456K, used 58175K [0x00000006e0000000, 0x00000006e9000000, 0x00000007a0000000)
  object space 147456K, 39% used [0x00000006e0000000,0x00000006e38cff48,0x00000006e9000000)
 Metaspace       used 71330K, committed 72064K, reserved 917504K
  class space    used 9553K, committed 9920K, reserved 851968K
}
Event: 3,981 GC heap before
{Heap before GC invocations=12 (full 3):
 PSYoungGen      total 237056K, used 233433K [0x00000007a0000000, 0x00000007b0600000, 0x0000000800000000)
  eden space 211968K, 100% used [0x00000007a0000000,0x00000007acf00000,0x00000007acf00000)
  from space 25088K, 85% used [0x00000007ae980000,0x00000007afe765e0,0x00000007b0200000)
  to   space 27136K, 0% used [0x00000007acf00000,0x00000007acf00000,0x00000007ae980000)
 ParOldGen       total 147456K, used 58175K [0x00000006e0000000, 0x00000006e9000000, 0x00000007a0000000)
  object space 147456K, 39% used [0x00000006e0000000,0x00000006e38cff48,0x00000006e9000000)
 Metaspace       used 71810K, committed 72512K, reserved 917504K
  class space    used 9554K, committed 9920K, reserved 851968K
}
Event: 3,995 GC heap after
{Heap after GC invocations=12 (full 3):
 PSYoungGen      total 239104K, used 27129K [0x00000007a0000000, 0x00000007b8a80000, 0x0000000800000000)
  eden space 211968K, 0% used [0x00000007a0000000,0x00000007a0000000,0x00000007acf00000)
  from space 27136K, 99% used [0x00000007acf00000,0x00000007ae97e5e0,0x00000007ae980000)
  to   space 32256K, 0% used [0x00000007b6b00000,0x00000007b6b00000,0x00000007b8a80000)
 ParOldGen       total 147456K, used 61567K [0x00000006e0000000, 0x00000006e9000000, 0x00000007a0000000)
  object space 147456K, 41% used [0x00000006e0000000,0x00000006e3c1ff68,0x00000006e9000000)
 Metaspace       used 71810K, committed 72512K, reserved 917504K
  class space    used 9554K, committed 9920K, reserved 851968K
}
Event: 4,262 GC heap before
{Heap before GC invocations=13 (full 3):
 PSYoungGen      total 239104K, used 239097K [0x00000007a0000000, 0x00000007b8a80000, 0x0000000800000000)
  eden space 211968K, 100% used [0x00000007a0000000,0x00000007acf00000,0x00000007acf00000)
  from space 27136K, 99% used [0x00000007acf00000,0x00000007ae97e5e0,0x00000007ae980000)
  to   space 32256K, 0% used [0x00000007b6b00000,0x00000007b6b00000,0x00000007b8a80000)
 ParOldGen       total 147456K, used 61567K [0x00000006e0000000, 0x00000006e9000000, 0x00000007a0000000)
  object space 147456K, 41% used [0x00000006e0000000,0x00000006e3c1ff68,0x00000006e9000000)
 Metaspace       used 75973K, committed 76736K, reserved 983040K
  class space    used 10119K, committed 10496K, reserved 851968K
}
Event: 4,280 GC heap after
{Heap after GC invocations=13 (full 3):
 PSYoungGen      total 368640K, used 29083K [0x00000007a0000000, 0x00000007b9080000, 0x0000000800000000)
  eden space 336384K, 0% used [0x00000007a0000000,0x00000007a0000000,0x00000007b4880000)
  from space 32256K, 90% used [0x00000007b6b00000,0x00000007b8766e88,0x00000007b8a80000)
  to   space 35328K, 0% used [0x00000007b4880000,0x00000007b4880000,0x00000007b6b00000)
 ParOldGen       total 147456K, used 78566K [0x00000006e0000000, 0x00000006e9000000, 0x00000007a0000000)
  object space 147456K, 53% used [0x00000006e0000000,0x00000006e4cb9ba0,0x00000006e9000000)
 Metaspace       used 75973K, committed 76736K, reserved 983040K
  class space    used 10119K, committed 10496K, reserved 851968K
}
Event: 4,711 GC heap before
{Heap before GC invocations=14 (full 3):
 PSYoungGen      total 368640K, used 365467K [0x00000007a0000000, 0x00000007b9080000, 0x0000000800000000)
  eden space 336384K, 100% used [0x00000007a0000000,0x00000007b4880000,0x00000007b4880000)
  from space 32256K, 90% used [0x00000007b6b00000,0x00000007b8766e88,0x00000007b8a80000)
  to   space 35328K, 0% used [0x00000007b4880000,0x00000007b4880000,0x00000007b6b00000)
 ParOldGen       total 147456K, used 78566K [0x00000006e0000000, 0x00000006e9000000, 0x00000007a0000000)
  object space 147456K, 53% used [0x00000006e0000000,0x00000006e4cb9ba0,0x00000006e9000000)
 Metaspace       used 82425K, committed 83264K, reserved 983040K
  class space    used 10943K, committed 11392K, reserved 851968K
}
Event: 4,745 GC heap after
{Heap after GC invocations=14 (full 3):
 PSYoungGen      total 371712K, used 35324K [0x00000007a0000000, 0x00000007c9300000, 0x0000000800000000)
  eden space 336384K, 0% used [0x00000007a0000000,0x00000007a0000000,0x00000007b4880000)
  from space 35328K, 99% used [0x00000007b4880000,0x00000007b6aff008,0x00000007b6b00000)
  to   space 68096K, 0% used [0x00000007c5080000,0x00000007c5080000,0x00000007c9300000)
 ParOldGen       total 155648K, used 155265K [0x00000006e0000000, 0x00000006e9800000, 0x00000007a0000000)
  object space 155648K, 99% used [0x00000006e0000000,0x00000006e97a0580,0x00000006e9800000)
 Metaspace       used 82425K, committed 83264K, reserved 983040K
  class space    used 10943K, committed 11392K, reserved 851968K
}
Event: 4,745 GC heap before
{Heap before GC invocations=15 (full 4):
 PSYoungGen      total 371712K, used 35324K [0x00000007a0000000, 0x00000007c9300000, 0x0000000800000000)
  eden space 336384K, 0% used [0x00000007a0000000,0x00000007a0000000,0x00000007b4880000)
  from space 35328K, 99% used [0x00000007b4880000,0x00000007b6aff008,0x00000007b6b00000)
  to   space 68096K, 0% used [0x00000007c5080000,0x00000007c5080000,0x00000007c9300000)
 ParOldGen       total 155648K, used 155265K [0x00000006e0000000, 0x00000006e9800000, 0x00000007a0000000)
  object space 155648K, 99% used [0x00000006e0000000,0x00000006e97a0580,0x00000006e9800000)
 Metaspace       used 82425K, committed 83264K, reserved 983040K
  class space    used 10943K, committed 11392K, reserved 851968K
}
Event: 4,835 GC heap after
{Heap after GC invocations=15 (full 4):
 PSYoungGen      total 371712K, used 30074K [0x00000007a0000000, 0x00000007c5100000, 0x0000000800000000)
  eden space 336384K, 0% used [0x00000007a0000000,0x00000007a0000000,0x00000007b4880000)
  from space 35328K, 85% used [0x00000007b4880000,0x00000007b65de880,0x00000007b6b00000)
  to   space 68096K, 0% used [0x00000007c0e80000,0x00000007c0e80000,0x00000007c5100000)
 ParOldGen       total 283136K, used 155210K [0x00000006e0000000, 0x00000006f1480000, 0x00000007a0000000)
  object space 283136K, 54% used [0x00000006e0000000,0x00000006e9792ad8,0x00000006f1480000)
 Metaspace       used 82414K, committed 83264K, reserved 983040K
  class space    used 10940K, committed 11392K, reserved 851968K
}
Event: 5,145 GC heap before
{Heap before GC invocations=16 (full 4):
 PSYoungGen      total 371712K, used 366458K [0x00000007a0000000, 0x00000007c5100000, 0x0000000800000000)
  eden space 336384K, 100% used [0x00000007a0000000,0x00000007b4880000,0x00000007b4880000)
  from space 35328K, 85% used [0x00000007b4880000,0x00000007b65de880,0x00000007b6b00000)
  to   space 68096K, 0% used [0x00000007c0e80000,0x00000007c0e80000,0x00000007c5100000)
 ParOldGen       total 283136K, used 155210K [0x00000006e0000000, 0x00000006f1480000, 0x00000007a0000000)
  object space 283136K, 54% used [0x00000006e0000000,0x00000006e9792ad8,0x00000006f1480000)
 Metaspace       used 90321K, committed 91200K, reserved 983040K
  class space    used 12096K, committed 12544K, reserved 851968K
}
Event: 5,187 GC heap after
{Heap after GC invocations=16 (full 4):
 PSYoungGen      total 502784K, used 68089K [0x00000007a0000000, 0x00000007c7d00000, 0x0000000800000000)
  eden space 434688K, 0% used [0x00000007a0000000,0x00000007a0000000,0x00000007ba880000)
  from space 68096K, 99% used [0x00000007c0e80000,0x00000007c50fe570,0x00000007c5100000)
  to   space 104448K, 0% used [0x00000007ba880000,0x00000007ba880000,0x00000007c0e80000)
 ParOldGen       total 283136K, used 223105K [0x00000006e0000000, 0x00000006f1480000, 0x00000007a0000000)
  object space 283136K, 78% used [0x00000006e0000000,0x00000006ed9e0648,0x00000006f1480000)
 Metaspace       used 90321K, committed 91200K, reserved 983040K
  class space    used 12096K, committed 12544K, reserved 851968K
}
Event: 5,187 GC heap before
{Heap before GC invocations=17 (full 5):
 PSYoungGen      total 502784K, used 68089K [0x00000007a0000000, 0x00000007c7d00000, 0x0000000800000000)
  eden space 434688K, 0% used [0x00000007a0000000,0x00000007a0000000,0x00000007ba880000)
  from space 68096K, 99% used [0x00000007c0e80000,0x00000007c50fe570,0x00000007c5100000)
  to   space 104448K, 0% used [0x00000007ba880000,0x00000007ba880000,0x00000007c0e80000)
 ParOldGen       total 283136K, used 223105K [0x00000006e0000000, 0x00000006f1480000, 0x00000007a0000000)
  object space 283136K, 78% used [0x00000006e0000000,0x00000006ed9e0648,0x00000006f1480000)
 Metaspace       used 90321K, committed 91200K, reserved 983040K
  class space    used 12096K, committed 12544K, reserved 851968K
}
Event: 5,290 GC heap after
{Heap after GC invocations=17 (full 5):
 PSYoungGen      total 502784K, used 2069K [0x00000007a0000000, 0x00000007cc080000, 0x0000000800000000)
  eden space 434688K, 0% used [0x00000007a0000000,0x00000007a0000000,0x00000007ba880000)
  from space 68096K, 3% used [0x00000007c0e80000,0x00000007c10856d8,0x00000007c5100000)
  to   space 104448K, 0% used [0x00000007ba880000,0x00000007ba880000,0x00000007c0e80000)
 ParOldGen       total 488448K, used 282937K [0x00000006e0000000, 0x00000006fdd00000, 0x00000007a0000000)
  object space 488448K, 57% used [0x00000006e0000000,0x00000006f144e530,0x00000006fdd00000)
 Metaspace       used 90321K, committed 91200K, reserved 983040K
  class space    used 12096K, committed 12544K, reserved 851968K
}
Event: 6,067 GC heap before
{Heap before GC invocations=18 (full 5):
 PSYoungGen      total 502784K, used 436757K [0x00000007a0000000, 0x00000007cc080000, 0x0000000800000000)
  eden space 434688K, 100% used [0x00000007a0000000,0x00000007ba880000,0x00000007ba880000)
  from space 68096K, 3% used [0x00000007c0e80000,0x00000007c10856d8,0x00000007c5100000)
  to   space 104448K, 0% used [0x00000007ba880000,0x00000007ba880000,0x00000007c0e80000)
 ParOldGen       total 488448K, used 282937K [0x00000006e0000000, 0x00000006fdd00000, 0x00000007a0000000)
  object space 488448K, 57% used [0x00000006e0000000,0x00000006f144e530,0x00000006fdd00000)
 Metaspace       used 95182K, committed 96064K, reserved 983040K
  class space    used 12537K, committed 12992K, reserved 851968K
}
Event: 6,103 GC heap after
{Heap after GC invocations=18 (full 5):
 PSYoungGen      total 539136K, used 71757K [0x00000007a0000000, 0x00000007cc700000, 0x0000000800000000)
  eden space 434688K, 0% used [0x00000007a0000000,0x00000007a0000000,0x00000007ba880000)
  from space 104448K, 68% used [0x00000007ba880000,0x00000007bee93730,0x00000007c0e80000)
  to   space 110080K, 0% used [0x00000007c5b80000,0x00000007c5b80000,0x00000007cc700000)
 ParOldGen       total 488448K, used 285023K [0x00000006e0000000, 0x00000006fdd00000, 0x00000007a0000000)
  object space 488448K, 58% used [0x00000006e0000000,0x00000006f1657d10,0x00000006fdd00000)
 Metaspace       used 95182K, committed 96064K, reserved 983040K
  class space    used 12537K, committed 12992K, reserved 851968K
}
Event: 6,684 GC heap before
{Heap before GC invocations=19 (full 5):
 PSYoungGen      total 539136K, used 506445K [0x00000007a0000000, 0x00000007cc700000, 0x0000000800000000)
  eden space 434688K, 100% used [0x00000007a0000000,0x00000007ba880000,0x00000007ba880000)
  from space 104448K, 68% used [0x00000007ba880000,0x00000007bee93730,0x00000007c0e80000)
  to   space 110080K, 0% used [0x00000007c5b80000,0x00000007c5b80000,0x00000007cc700000)
 ParOldGen       total 488448K, used 285023K [0x00000006e0000000, 0x00000006fdd00000, 0x00000007a0000000)
  object space 488448K, 58% used [0x00000006e0000000,0x00000006f1657d10,0x00000006fdd00000)
 Metaspace       used 101691K, committed 102592K, reserved 983040K
  class space    used 13628K, committed 14080K, reserved 851968K
}
Event: 6,803 GC heap after
{Heap after GC invocations=19 (full 5):
 PSYoungGen      total 576000K, used 110053K [0x00000007a0000000, 0x00000007d3100000, 0x0000000800000000)
  eden space 465920K, 0% used [0x00000007a0000000,0x00000007a0000000,0x00000007bc700000)
  from space 110080K, 99% used [0x00000007c5b80000,0x00000007cc6f95c0,0x00000007cc700000)
  to   space 152064K, 0% used [0x00000007bc700000,0x00000007bc700000,0x00000007c5b80000)
 ParOldGen       total 488448K, used 348667K [0x00000006e0000000, 0x00000006fdd00000, 0x00000007a0000000)
  object space 488448K, 71% used [0x00000006e0000000,0x00000006f547ef40,0x00000006fdd00000)
 Metaspace       used 101691K, committed 102592K, reserved 983040K
  class space    used 13628K, committed 14080K, reserved 851968K
}
Event: 7,221 GC heap before
{Heap before GC invocations=20 (full 5):
 PSYoungGen      total 576000K, used 575973K [0x00000007a0000000, 0x00000007d3100000, 0x0000000800000000)
  eden space 465920K, 100% used [0x00000007a0000000,0x00000007bc700000,0x00000007bc700000)
  from space 110080K, 99% used [0x00000007c5b80000,0x00000007cc6f95c0,0x00000007cc700000)
  to   space 152064K, 0% used [0x00000007bc700000,0x00000007bc700000,0x00000007c5b80000)
 ParOldGen       total 488448K, used 348667K [0x00000006e0000000, 0x00000006fdd00000, 0x00000007a0000000)
  object space 488448K, 71% used [0x00000006e0000000,0x00000006f547ef40,0x00000006fdd00000)
 Metaspace       used 101756K, committed 102656K, reserved 983040K
  class space    used 13628K, committed 14080K, reserved 851968K
}
Event: 7,396 GC heap after
{Heap after GC invocations=20 (full 5):
 PSYoungGen      total 617984K, used 152033K [0x00000007a0000000, 0x00000007e3780000, 0x0000000800000000)
  eden space 465920K, 0% used [0x00000007a0000000,0x00000007a0000000,0x00000007bc700000)
  from space 152064K, 99% used [0x00000007bc700000,0x00000007c5b785a0,0x00000007c5b80000)
  to   space 250368K, 0% used [0x00000007d4300000,0x00000007d4300000,0x00000007e3780000)
 ParOldGen       total 542720K, used 542325K [0x00000006e0000000, 0x0000000701200000, 0x00000007a0000000)
  object space 542720K, 99% used [0x00000006e0000000,0x000000070119d7a0,0x0000000701200000)
 Metaspace       used 101756K, committed 102656K, reserved 983040K
  class space    used 13628K, committed 14080K, reserved 851968K
}
Event: 7,396 GC heap before
{Heap before GC invocations=21 (full 6):
 PSYoungGen      total 617984K, used 152033K [0x00000007a0000000, 0x00000007e3780000, 0x0000000800000000)
  eden space 465920K, 0% used [0x00000007a0000000,0x00000007a0000000,0x00000007bc700000)
  from space 152064K, 99% used [0x00000007bc700000,0x00000007c5b785a0,0x00000007c5b80000)
  to   space 250368K, 0% used [0x00000007d4300000,0x00000007d4300000,0x00000007e3780000)
 ParOldGen       total 542720K, used 542325K [0x00000006e0000000, 0x0000000701200000, 0x00000007a0000000)
  object space 542720K, 99% used [0x00000006e0000000,0x000000070119d7a0,0x0000000701200000)
 Metaspace       used 101756K, committed 102656K, reserved 983040K
  class space    used 13628K, committed 14080K, reserved 851968K
}

