# JRE version: OpenJDK Runtime Environment (17.0.9) (build 17.0.9+0-17.0.9b1087.7-11185874)
# Java VM: OpenJDK 64-Bit Server VM (17.0.9+0-17.0.9b1087.7-11185874, mixed mode, tiered, compressed oops, compressed class ptrs, parallel gc, linux-amd64)
GC Precious Log:
 CPUs: 16 total, 12 available
 Memory: 13817M
 Large Page Support: Disabled
 NUMA Support: Disabled
 Compressed Oops: Enabled (Zero based)
 Alignments: Space 512K, Generation 512K, Heap 2M
 Heap Min Capacity: 8M
 Heap Initial Capacity: 216M
 Heap Max Capacity: 4608M
 Pre-touch: Disabled
 Parallel Workers: 10
Heap:
 PSYoungGen      total 119808K, used 87920K [0x00000007a0000000, 0x00000007a7e00000, 0x0000000800000000)
  eden space 110592K, 79% used [0x00000007a0000000,0x00000007a55dc350,0x00000007a6c00000)
  from space 9216K, 0% used [0x00000007a6c00000,0x00000007a6c00000,0x00000007a7500000)
  to   space 9216K, 0% used [0x00000007a7500000,0x00000007a7500000,0x00000007a7e00000)
 ParOldGen       total 147456K, used 21190K [0x00000006e0000000, 0x00000006e9000000, 0x00000007a0000000)
  object space 147456K, 14% used [0x00000006e0000000,0x00000006e14b1bf8,0x00000006e9000000)
 Metaspace       used 43870K, committed 44288K, reserved 917504K
  class space    used 5945K, committed 6144K, reserved 851968K
GC Heap History (10 events):
Event: 0,438 GC heap before
{Heap before GC invocations=1 (full 0):
 PSYoungGen      total 64512K, used 55296K [0x00000007a0000000, 0x00000007a4800000, 0x0000000800000000)
  eden space 55296K, 100% used [0x00000007a0000000,0x00000007a3600000,0x00000007a3600000)
  from space 9216K, 0% used [0x00000007a3f00000,0x00000007a3f00000,0x00000007a4800000)
  to   space 9216K, 0% used [0x00000007a3600000,0x00000007a3600000,0x00000007a3f00000)
 ParOldGen       total 147456K, used 0K [0x00000006e0000000, 0x00000006e9000000, 0x00000007a0000000)
  object space 147456K, 0% used [0x00000006e0000000,0x00000006e0000000,0x00000006e9000000)
 Metaspace       used 11505K, committed 11648K, reserved 917504K
  class space    used 1208K, committed 1280K, reserved 851968K
}
Event: 0,443 GC heap after
{Heap after GC invocations=1 (full 0):
 PSYoungGen      total 64512K, used 9206K [0x00000007a0000000, 0x00000007a7e00000, 0x0000000800000000)
  eden space 55296K, 0% used [0x00000007a0000000,0x00000007a0000000,0x00000007a3600000)
  from space 9216K, 99% used [0x00000007a3600000,0x00000007a3efd890,0x00000007a3f00000)
  to   space 9216K, 0% used [0x00000007a7500000,0x00000007a7500000,0x00000007a7e00000)
 ParOldGen       total 147456K, used 4709K [0x00000006e0000000, 0x00000006e9000000, 0x00000007a0000000)
  object space 147456K, 3% used [0x00000006e0000000,0x00000006e0499648,0x00000006e9000000)
 Metaspace       used 11505K, committed 11648K, reserved 917504K
  class space    used 1208K, committed 1280K, reserved 851968K
}
Event: 0,838 GC heap before
{Heap before GC invocations=2 (full 0):
 PSYoungGen      total 64512K, used 47272K [0x00000007a0000000, 0x00000007a7e00000, 0x0000000800000000)
  eden space 55296K, 68% used [0x00000007a0000000,0x00000007a252c8e0,0x00000007a3600000)
  from space 9216K, 99% used [0x00000007a3600000,0x00000007a3efd890,0x00000007a3f00000)
  to   space 9216K, 0% used [0x00000007a7500000,0x00000007a7500000,0x00000007a7e00000)
 ParOldGen       total 147456K, used 4709K [0x00000006e0000000, 0x00000006e9000000, 0x00000007a0000000)
  object space 147456K, 3% used [0x00000006e0000000,0x00000006e0499648,0x00000006e9000000)
 Metaspace       used 21326K, committed 21504K, reserved 917504K
  class space    used 2540K, committed 2624K, reserved 851968K
}
Event: 0,842 GC heap after
{Heap after GC invocations=2 (full 0):
 PSYoungGen      total 119808K, used 9212K [0x00000007a0000000, 0x00000007a7e00000, 0x0000000800000000)
  eden space 110592K, 0% used [0x00000007a0000000,0x00000007a0000000,0x00000007a6c00000)
  from space 9216K, 99% used [0x00000007a7500000,0x00000007a7dff118,0x00000007a7e00000)
  to   space 9216K, 0% used [0x00000007a6c00000,0x00000007a6c00000,0x00000007a7500000)
 ParOldGen       total 147456K, used 8088K [0x00000006e0000000, 0x00000006e9000000, 0x00000007a0000000)
  object space 147456K, 5% used [0x00000006e0000000,0x00000006e07e6138,0x00000006e9000000)
 Metaspace       used 21326K, committed 21504K, reserved 917504K
  class space    used 2540K, committed 2624K, reserved 851968K
}
Event: 0,842 GC heap before
{Heap before GC invocations=3 (full 1):
 PSYoungGen      total 119808K, used 9212K [0x00000007a0000000, 0x00000007a7e00000, 0x0000000800000000)
  eden space 110592K, 0% used [0x00000007a0000000,0x00000007a0000000,0x00000007a6c00000)
  from space 9216K, 99% used [0x00000007a7500000,0x00000007a7dff118,0x00000007a7e00000)
  to   space 9216K, 0% used [0x00000007a6c00000,0x00000007a6c00000,0x00000007a7500000)
 ParOldGen       total 147456K, used 8088K [0x00000006e0000000, 0x00000006e9000000, 0x00000007a0000000)
  object space 147456K, 5% used [0x00000006e0000000,0x00000006e07e6138,0x00000006e9000000)
 Metaspace       used 21326K, committed 21504K, reserved 917504K
  class space    used 2540K, committed 2624K, reserved 851968K
}
Event: 0,852 GC heap after
{Heap after GC invocations=3 (full 1):
 PSYoungGen      total 119808K, used 0K [0x00000007a0000000, 0x00000007a7e00000, 0x0000000800000000)
  eden space 110592K, 0% used [0x00000007a0000000,0x00000007a0000000,0x00000007a6c00000)
  from space 9216K, 0% used [0x00000007a7500000,0x00000007a7500000,0x00000007a7e00000)
  to   space 9216K, 0% used [0x00000007a6c00000,0x00000007a6c00000,0x00000007a7500000)
 ParOldGen       total 147456K, used 16909K [0x00000006e0000000, 0x00000006e9000000, 0x00000007a0000000)
  object space 147456K, 11% used [0x00000006e0000000,0x00000006e1083708,0x00000006e9000000)
 Metaspace       used 21326K, committed 21504K, reserved 917504K
  class space    used 2540K, committed 2624K, reserved 851968K
}
Event: 1,650 GC heap before
{Heap before GC invocations=4 (full 1):
 PSYoungGen      total 119808K, used 95643K [0x00000007a0000000, 0x00000007a7e00000, 0x0000000800000000)
  eden space 110592K, 86% used [0x00000007a0000000,0x00000007a5d66c38,0x00000007a6c00000)
  from space 9216K, 0% used [0x00000007a7500000,0x00000007a7500000,0x00000007a7e00000)
  to   space 9216K, 0% used [0x00000007a6c00000,0x00000007a6c00000,0x00000007a7500000)
 ParOldGen       total 147456K, used 16909K [0x00000006e0000000, 0x00000006e9000000, 0x00000007a0000000)
  object space 147456K, 11% used [0x00000006e0000000,0x00000006e1083708,0x00000006e9000000)
 Metaspace       used 35525K, committed 35840K, reserved 917504K
  class space    used 4668K, committed 4864K, reserved 851968K
}
Event: 1,652 GC heap after
{Heap after GC invocations=4 (full 1):
 PSYoungGen      total 119808K, used 4768K [0x00000007a0000000, 0x00000007a7e00000, 0x0000000800000000)
  eden space 110592K, 0% used [0x00000007a0000000,0x00000007a0000000,0x00000007a6c00000)
  from space 9216K, 51% used [0x00000007a6c00000,0x00000007a70a8160,0x00000007a7500000)
  to   space 9216K, 0% used [0x00000007a7500000,0x00000007a7500000,0x00000007a7e00000)
 ParOldGen       total 147456K, used 16917K [0x00000006e0000000, 0x00000006e9000000, 0x00000007a0000000)
  object space 147456K, 11% used [0x00000006e0000000,0x00000006e1085708,0x00000006e9000000)
 Metaspace       used 35525K, committed 35840K, reserved 917504K
  class space    used 4668K, committed 4864K, reserved 851968K
}
Event: 1,652 GC heap before
{Heap before GC invocations=5 (full 2):
 PSYoungGen      total 119808K, used 4768K [0x00000007a0000000, 0x00000007a7e00000, 0x0000000800000000)
  eden space 110592K, 0% used [0x00000007a0000000,0x00000007a0000000,0x00000007a6c00000)
  from space 9216K, 51% used [0x00000007a6c00000,0x00000007a70a8160,0x00000007a7500000)
  to   space 9216K, 0% used [0x00000007a7500000,0x00000007a7500000,0x00000007a7e00000)
 ParOldGen       total 147456K, used 16917K [0x00000006e0000000, 0x00000006e9000000, 0x00000007a0000000)
  object space 147456K, 11% used [0x00000006e0000000,0x00000006e1085708,0x00000006e9000000)
 Metaspace       used 35525K, committed 35840K, reserved 917504K
  class space    used 4668K, committed 4864K, reserved 851968K
}
Event: 1,668 GC heap after
{Heap after GC invocations=5 (full 2):
 PSYoungGen      total 119808K, used 0K [0x00000007a0000000, 0x00000007a7e00000, 0x0000000800000000)
  eden space 110592K, 0% used [0x00000007a0000000,0x00000007a0000000,0x00000007a6c00000)
  from space 9216K, 0% used [0x00000007a6c00000,0x00000007a6c00000,0x00000007a7500000)
  to   space 9216K, 0% used [0x00000007a7500000,0x00000007a7500000,0x00000007a7e00000)
 ParOldGen       total 147456K, used 21190K [0x00000006e0000000, 0x00000006e9000000, 0x00000007a0000000)
  object space 147456K, 14% used [0x00000006e0000000,0x00000006e14b1bf8,0x00000006e9000000)
 Metaspace       used 35525K, committed 35840K, reserved 917504K
  class space    used 4668K, committed 4864K, reserved 851968K
}

