# JRE version: OpenJDK Runtime Environment (17.0.9) (build 17.0.9+0-17.0.9b1087.7-11185874)
# Java VM: OpenJDK 64-Bit Server VM (17.0.9+0-17.0.9b1087.7-11185874, mixed mode, tiered, compressed oops, compressed class ptrs, g1 gc, linux-amd64)
GC Precious Log:
 CPUs: 16 total, 12 available
 Memory: 13817M
 Large Page Support: Disabled
 NUMA Support: Disabled
 Compressed Oops: Enabled (Zero based)
 Heap Region Size: 2M
 Heap Min Capacity: 8M
 Heap Initial Capacity: 216M
 Heap Max Capacity: 3456M
 Pre-touch: Disabled
 Parallel Workers: 10
 Concurrent Workers: 3
 Concurrent Refinement Workers: 10
 Periodic GC: Disabled
Heap:
 garbage-first heap   total 108544K, used 65678K [0x0000000728000000, 0x0000000800000000)
  region size 2048K, 11 young (22528K), 3 survivors (6144K)
 Metaspace       used 49146K, committed 49408K, reserved 1114112K
  class space    used 5742K, committed 5888K, reserved 1048576K
GC Heap History (20 events):
Event: 0,807 GC heap before
{Heap before GC invocations=3 (full 0):
 garbage-first heap   total 40960K, used 28862K [0x0000000728000000, 0x0000000800000000)
  region size 2048K, 13 young (26624K), 3 survivors (6144K)
 Metaspace       used 24350K, committed 24576K, reserved 1114112K
  class space    used 2946K, committed 3008K, reserved 1048576K
}
Event: 0,814 GC heap after
{Heap after GC invocations=4 (full 0):
 garbage-first heap   total 43008K, used 12815K [0x0000000728000000, 0x0000000800000000)
  region size 2048K, 5 young (10240K), 5 survivors (10240K)
 Metaspace       used 24350K, committed 24576K, reserved 1114112K
  class space    used 2946K, committed 3008K, reserved 1048576K
}
Event: 0,853 GC heap before
{Heap before GC invocations=4 (full 0):
 garbage-first heap   total 43008K, used 25103K [0x0000000728000000, 0x0000000800000000)
  region size 2048K, 11 young (22528K), 5 survivors (10240K)
 Metaspace       used 24523K, committed 24768K, reserved 1114112K
  class space    used 2946K, committed 3008K, reserved 1048576K
}
Event: 0,863 GC heap after
{Heap after GC invocations=5 (full 0):
 garbage-first heap   total 43008K, used 16001K [0x0000000728000000, 0x0000000800000000)
  region size 2048K, 2 young (4096K), 2 survivors (4096K)
 Metaspace       used 24523K, committed 24768K, reserved 1114112K
  class space    used 2946K, committed 3008K, reserved 1048576K
}
Event: 0,926 GC heap before
{Heap before GC invocations=5 (full 0):
 garbage-first heap   total 43008K, used 30337K [0x0000000728000000, 0x0000000800000000)
  region size 2048K, 8 young (16384K), 2 survivors (4096K)
 Metaspace       used 25024K, committed 25280K, reserved 1114112K
  class space    used 3010K, committed 3136K, reserved 1048576K
}
Event: 0,930 GC heap after
{Heap after GC invocations=6 (full 0):
 garbage-first heap   total 43008K, used 21423K [0x0000000728000000, 0x0000000800000000)
  region size 2048K, 1 young (2048K), 1 survivors (2048K)
 Metaspace       used 25024K, committed 25280K, reserved 1114112K
  class space    used 3010K, committed 3136K, reserved 1048576K
}
Event: 0,996 GC heap before
{Heap before GC invocations=6 (full 0):
 garbage-first heap   total 43008K, used 27567K [0x0000000728000000, 0x0000000800000000)
  region size 2048K, 4 young (8192K), 1 survivors (2048K)
 Metaspace       used 26542K, committed 26816K, reserved 1114112K
  class space    used 3389K, committed 3520K, reserved 1048576K
}
Event: 0,999 GC heap after
{Heap after GC invocations=7 (full 0):
 garbage-first heap   total 133120K, used 23025K [0x0000000728000000, 0x0000000800000000)
  region size 2048K, 1 young (2048K), 1 survivors (2048K)
 Metaspace       used 26542K, committed 26816K, reserved 1114112K
  class space    used 3389K, committed 3520K, reserved 1048576K
}
Event: 1,357 GC heap before
{Heap before GC invocations=8 (full 0):
 garbage-first heap   total 90112K, used 70129K [0x0000000728000000, 0x0000000800000000)
  region size 2048K, 24 young (49152K), 1 survivors (2048K)
 Metaspace       used 34633K, committed 34816K, reserved 1114112K
  class space    used 4230K, committed 4288K, reserved 1048576K
}
Event: 1,364 GC heap after
{Heap after GC invocations=9 (full 0):
 garbage-first heap   total 90112K, used 26859K [0x0000000728000000, 0x0000000800000000)
  region size 2048K, 4 young (8192K), 4 survivors (8192K)
 Metaspace       used 34633K, committed 34816K, reserved 1114112K
  class space    used 4230K, committed 4288K, reserved 1048576K
}
Event: 1,724 GC heap before
{Heap before GC invocations=9 (full 0):
 garbage-first heap   total 90112K, used 57579K [0x0000000728000000, 0x0000000800000000)
  region size 2048K, 19 young (38912K), 4 survivors (8192K)
 Metaspace       used 39550K, committed 39744K, reserved 1114112K
  class space    used 4697K, committed 4800K, reserved 1048576K
}
Event: 1,734 GC heap after
{Heap after GC invocations=10 (full 0):
 garbage-first heap   total 90112K, used 32356K [0x0000000728000000, 0x0000000800000000)
  region size 2048K, 3 young (6144K), 3 survivors (6144K)
 Metaspace       used 39550K, committed 39744K, reserved 1114112K
  class space    used 4697K, committed 4800K, reserved 1048576K
}
Event: 1,990 GC heap before
{Heap before GC invocations=10 (full 0):
 garbage-first heap   total 90112K, used 58980K [0x0000000728000000, 0x0000000800000000)
  region size 2048K, 16 young (32768K), 3 survivors (6144K)
 Metaspace       used 42426K, committed 42624K, reserved 1114112K
  class space    used 5054K, committed 5120K, reserved 1048576K
}
Event: 1,999 GC heap after
{Heap after GC invocations=11 (full 0):
 garbage-first heap   total 90112K, used 37257K [0x0000000728000000, 0x0000000800000000)
  region size 2048K, 2 young (4096K), 2 survivors (4096K)
 Metaspace       used 42426K, committed 42624K, reserved 1114112K
  class space    used 5054K, committed 5120K, reserved 1048576K
}
Event: 2,110 GC heap before
{Heap before GC invocations=11 (full 0):
 garbage-first heap   total 90112K, used 59785K [0x0000000728000000, 0x0000000800000000)
  region size 2048K, 14 young (28672K), 2 survivors (4096K)
 Metaspace       used 43965K, committed 44224K, reserved 1114112K
  class space    used 5228K, committed 5376K, reserved 1048576K
}
Event: 2,115 GC heap after
{Heap after GC invocations=12 (full 0):
 garbage-first heap   total 108544K, used 39223K [0x0000000728000000, 0x0000000800000000)
  region size 2048K, 1 young (2048K), 1 survivors (2048K)
 Metaspace       used 43965K, committed 44224K, reserved 1114112K
  class space    used 5228K, committed 5376K, reserved 1048576K
}
Event: 2,174 GC heap before
{Heap before GC invocations=12 (full 0):
 garbage-first heap   total 108544K, used 45367K [0x0000000728000000, 0x0000000800000000)
  region size 2048K, 4 young (8192K), 1 survivors (2048K)
 Metaspace       used 44697K, committed 44928K, reserved 1114112K
  class space    used 5318K, committed 5440K, reserved 1048576K
}
Event: 2,178 GC heap after
{Heap after GC invocations=13 (full 0):
 garbage-first heap   total 108544K, used 42178K [0x0000000728000000, 0x0000000800000000)
  region size 2048K, 2 young (4096K), 2 survivors (4096K)
 Metaspace       used 44697K, committed 44928K, reserved 1114112K
  class space    used 5318K, committed 5440K, reserved 1048576K
}
Event: 2,604 GC heap before
{Heap before GC invocations=14 (full 0):
 garbage-first heap   total 108544K, used 74946K [0x0000000728000000, 0x0000000800000000)
  region size 2048K, 18 young (36864K), 2 survivors (4096K)
 Metaspace       used 46573K, committed 46848K, reserved 1114112K
  class space    used 5444K, committed 5568K, reserved 1048576K
}
Event: 2,615 GC heap after
{Heap after GC invocations=15 (full 0):
 garbage-first heap   total 108544K, used 49294K [0x0000000728000000, 0x0000000800000000)
  region size 2048K, 3 young (6144K), 3 survivors (6144K)
 Metaspace       used 46573K, committed 46848K, reserved 1114112K
  class space    used 5444K, committed 5568K, reserved 1048576K
}

