# JRE version: OpenJDK Runtime Environment (17.0.9) (build 17.0.9+0-17.0.9b1087.7-11185874)
# Java VM: OpenJDK 64-Bit Server VM (17.0.9+0-17.0.9b1087.7-11185874, mixed mode, tiered, compressed oops, compressed class ptrs, g1 gc, linux-amd64)
GC Precious Log:
 CPUs: 16 total, 12 available
 Memory: 13817M
 Large Page Support: Disabled
 NUMA Support: Disabled
 Compressed Oops: Enabled (Zero based)
 Heap Region Size: 2M
 Heap Min Capacity: 8M
 Heap Initial Capacity: 216M
 Heap Max Capacity: 3456M
 Pre-touch: Disabled
 Parallel Workers: 10
 Concurrent Workers: 3
 Concurrent Refinement Workers: 10
 Periodic GC: Disabled
Heap:
 garbage-first heap   total 43008K, used 24746K [0x0000000728000000, 0x0000000800000000)
  region size 2048K, 8 young (16384K), 2 survivors (4096K)
 Metaspace       used 24505K, committed 24704K, reserved 1114112K
  class space    used 2948K, committed 3008K, reserved 1048576K
GC Heap History (7 events):
Event: 0,275 GC heap before
{Heap before GC invocations=0 (full 0):
 garbage-first heap   total 221184K, used 26624K [0x0000000728000000, 0x0000000800000000)
  region size 2048K, 11 young (22528K), 0 survivors (0K)
 Metaspace       used 11910K, committed 12032K, reserved 1114112K
  class space    used 1033K, committed 1088K, reserved 1048576K
}
Event: 0,277 GC heap after
{Heap after GC invocations=1 (full 0):
 garbage-first heap   total 221184K, used 6592K [0x0000000728000000, 0x0000000800000000)
  region size 2048K, 2 young (4096K), 2 survivors (4096K)
 Metaspace       used 11910K, committed 12032K, reserved 1114112K
  class space    used 1033K, committed 1088K, reserved 1048576K
}
Event: 0,572 GC heap before
{Heap before GC invocations=1 (full 0):
 garbage-first heap   total 221184K, used 37312K [0x0000000728000000, 0x0000000800000000)
  region size 2048K, 18 young (36864K), 2 survivors (4096K)
 Metaspace       used 21399K, committed 21504K, reserved 1114112K
  class space    used 2314K, committed 2368K, reserved 1048576K
}
Event: 0,575 GC heap after
{Heap after GC invocations=2 (full 0):
 garbage-first heap   total 221184K, used 8325K [0x0000000728000000, 0x0000000800000000)
  region size 2048K, 3 young (6144K), 3 survivors (6144K)
 Metaspace       used 21399K, committed 21504K, reserved 1114112K
  class space    used 2314K, committed 2368K, reserved 1048576K
}
Event: 0,744 GC heap before
{Heap before GC invocations=3 (full 0):
 garbage-first heap   total 40960K, used 28805K [0x0000000728000000, 0x0000000800000000)
  region size 2048K, 13 young (26624K), 3 survivors (6144K)
 Metaspace       used 24368K, committed 24576K, reserved 1114112K
  class space    used 2948K, committed 3008K, reserved 1048576K
}
Event: 0,750 GC heap after
{Heap after GC invocations=4 (full 0):
 garbage-first heap   total 43008K, used 12458K [0x0000000728000000, 0x0000000800000000)
  region size 2048K, 5 young (10240K), 5 survivors (10240K)
 Metaspace       used 24368K, committed 24576K, reserved 1114112K
  class space    used 2948K, committed 3008K, reserved 1048576K
}
Event: 0,786 GC heap before
{Heap before GC invocations=4 (full 0):
 garbage-first heap   total 43008K, used 24746K [0x0000000728000000, 0x0000000800000000)
  region size 2048K, 11 young (22528K), 5 survivors (10240K)
 Metaspace       used 24505K, committed 24704K, reserved 1114112K
  class space    used 2948K, committed 3008K, reserved 1048576K
}

