# JRE version: OpenJDK Runtime Environment (17.0.9) (build 17.0.9+0-17.0.9b1087.7-11185874)
# Java VM: OpenJDK 64-Bit Server VM (17.0.9+0-17.0.9b1087.7-11185874, mixed mode, tiered, compressed oops, compressed class ptrs, parallel gc, linux-amd64)
GC Precious Log:
 CPUs: 16 total, 12 available
 Memory: 13817M
 Large Page Support: Disabled
 NUMA Support: Disabled
 Compressed Oops: Enabled (Zero based)
 Alignments: Space 512K, Generation 512K, Heap 2M
 Heap Min Capacity: 8M
 Heap Initial Capacity: 216M
 Heap Max Capacity: 4608M
 Pre-touch: Disabled
 Parallel Workers: 10
Heap:
 PSYoungGen      total 76800K, used 60336K [0x00000007a0000000, 0x00000007a9600000, 0x0000000800000000)
  eden space 55296K, 100% used [0x00000007a0000000,0x00000007a3600000,0x00000007a3600000)
  from space 21504K, 23% used [0x00000007a4b00000,0x00000007a4fec230,0x00000007a6000000)
  to   space 21504K, 59% used [0x00000007a3600000,0x00000007a42710b8,0x00000007a4b00000)
 ParOldGen       total 147456K, used 35685K [0x00000006e0000000, 0x00000006e9000000, 0x00000007a0000000)
  object space 147456K, 24% used [0x00000006e0000000,0x00000006e22d9538,0x00000006e9000000)
 Metaspace       used 48434K, committed 48960K, reserved 917504K
  class space    used 6498K, committed 6720K, reserved 851968K
GC Heap History (17 events):
Event: 0,536 GC heap before
{Heap before GC invocations=1 (full 0):
 PSYoungGen      total 64512K, used 55296K [0x00000007a0000000, 0x00000007a4800000, 0x0000000800000000)
  eden space 55296K, 100% used [0x00000007a0000000,0x00000007a3600000,0x00000007a3600000)
  from space 9216K, 0% used [0x00000007a3f00000,0x00000007a3f00000,0x00000007a4800000)
  to   space 9216K, 0% used [0x00000007a3600000,0x00000007a3600000,0x00000007a3f00000)
 ParOldGen       total 147456K, used 0K [0x00000006e0000000, 0x00000006e9000000, 0x00000007a0000000)
  object space 147456K, 0% used [0x00000006e0000000,0x00000006e0000000,0x00000006e9000000)
 Metaspace       used 11493K, committed 11648K, reserved 917504K
  class space    used 1208K, committed 1280K, reserved 851968K
}
Event: 0,540 GC heap after
{Heap after GC invocations=1 (full 0):
 PSYoungGen      total 64512K, used 9198K [0x00000007a0000000, 0x00000007a4800000, 0x0000000800000000)
  eden space 55296K, 0% used [0x00000007a0000000,0x00000007a0000000,0x00000007a3600000)
  from space 9216K, 99% used [0x00000007a3600000,0x00000007a3efb830,0x00000007a3f00000)
  to   space 9216K, 0% used [0x00000007a3f00000,0x00000007a3f00000,0x00000007a4800000)
 ParOldGen       total 147456K, used 4712K [0x00000006e0000000, 0x00000006e9000000, 0x00000007a0000000)
  object space 147456K, 3% used [0x00000006e0000000,0x00000006e049a020,0x00000006e9000000)
 Metaspace       used 11493K, committed 11648K, reserved 917504K
  class space    used 1208K, committed 1280K, reserved 851968K
}
Event: 0,927 GC heap before
{Heap before GC invocations=2 (full 0):
 PSYoungGen      total 64512K, used 46101K [0x00000007a0000000, 0x00000007a4800000, 0x0000000800000000)
  eden space 55296K, 66% used [0x00000007a0000000,0x00000007a2409f00,0x00000007a3600000)
  from space 9216K, 99% used [0x00000007a3600000,0x00000007a3efb830,0x00000007a3f00000)
  to   space 9216K, 0% used [0x00000007a3f00000,0x00000007a3f00000,0x00000007a4800000)
 ParOldGen       total 147456K, used 4712K [0x00000006e0000000, 0x00000006e9000000, 0x00000007a0000000)
  object space 147456K, 3% used [0x00000006e0000000,0x00000006e049a020,0x00000006e9000000)
 Metaspace       used 21330K, committed 21504K, reserved 917504K
  class space    used 2537K, committed 2624K, reserved 851968K
}
Event: 0,932 GC heap after
{Heap after GC invocations=2 (full 0):
 PSYoungGen      total 64512K, used 9209K [0x00000007a0000000, 0x00000007a4800000, 0x0000000800000000)
  eden space 55296K, 0% used [0x00000007a0000000,0x00000007a0000000,0x00000007a3600000)
  from space 9216K, 99% used [0x00000007a3f00000,0x00000007a47fe700,0x00000007a4800000)
  to   space 9216K, 0% used [0x00000007a3600000,0x00000007a3600000,0x00000007a3f00000)
 ParOldGen       total 147456K, used 8140K [0x00000006e0000000, 0x00000006e9000000, 0x00000007a0000000)
  object space 147456K, 5% used [0x00000006e0000000,0x00000006e07f3348,0x00000006e9000000)
 Metaspace       used 21330K, committed 21504K, reserved 917504K
  class space    used 2537K, committed 2624K, reserved 851968K
}
Event: 0,932 GC heap before
{Heap before GC invocations=3 (full 1):
 PSYoungGen      total 64512K, used 9209K [0x00000007a0000000, 0x00000007a4800000, 0x0000000800000000)
  eden space 55296K, 0% used [0x00000007a0000000,0x00000007a0000000,0x00000007a3600000)
  from space 9216K, 99% used [0x00000007a3f00000,0x00000007a47fe700,0x00000007a4800000)
  to   space 9216K, 0% used [0x00000007a3600000,0x00000007a3600000,0x00000007a3f00000)
 ParOldGen       total 147456K, used 8140K [0x00000006e0000000, 0x00000006e9000000, 0x00000007a0000000)
  object space 147456K, 5% used [0x00000006e0000000,0x00000006e07f3348,0x00000006e9000000)
 Metaspace       used 21330K, committed 21504K, reserved 917504K
  class space    used 2537K, committed 2624K, reserved 851968K
}
Event: 0,941 GC heap after
{Heap after GC invocations=3 (full 1):
 PSYoungGen      total 64512K, used 0K [0x00000007a0000000, 0x00000007a4800000, 0x0000000800000000)
  eden space 55296K, 0% used [0x00000007a0000000,0x00000007a0000000,0x00000007a3600000)
  from space 9216K, 0% used [0x00000007a3f00000,0x00000007a3f00000,0x00000007a4800000)
  to   space 9216K, 0% used [0x00000007a3600000,0x00000007a3600000,0x00000007a3f00000)
 ParOldGen       total 147456K, used 16955K [0x00000006e0000000, 0x00000006e9000000, 0x00000007a0000000)
  object space 147456K, 11% used [0x00000006e0000000,0x00000006e108ec38,0x00000006e9000000)
 Metaspace       used 21330K, committed 21504K, reserved 917504K
  class space    used 2537K, committed 2624K, reserved 851968K
}
Event: 1,446 GC heap before
{Heap before GC invocations=4 (full 1):
 PSYoungGen      total 64512K, used 55296K [0x00000007a0000000, 0x00000007a4800000, 0x0000000800000000)
  eden space 55296K, 100% used [0x00000007a0000000,0x00000007a3600000,0x00000007a3600000)
  from space 9216K, 0% used [0x00000007a3f00000,0x00000007a3f00000,0x00000007a4800000)
  to   space 9216K, 0% used [0x00000007a3600000,0x00000007a3600000,0x00000007a3f00000)
 ParOldGen       total 147456K, used 16955K [0x00000006e0000000, 0x00000006e9000000, 0x00000007a0000000)
  object space 147456K, 11% used [0x00000006e0000000,0x00000006e108ec38,0x00000006e9000000)
 Metaspace       used 29268K, committed 29568K, reserved 917504K
  class space    used 3909K, committed 4032K, reserved 851968K
}
Event: 1,448 GC heap after
{Heap after GC invocations=4 (full 1):
 PSYoungGen      total 64512K, used 3248K [0x00000007a0000000, 0x00000007a4800000, 0x0000000800000000)
  eden space 55296K, 0% used [0x00000007a0000000,0x00000007a0000000,0x00000007a3600000)
  from space 9216K, 35% used [0x00000007a3600000,0x00000007a392c160,0x00000007a3f00000)
  to   space 9216K, 0% used [0x00000007a3f00000,0x00000007a3f00000,0x00000007a4800000)
 ParOldGen       total 147456K, used 16963K [0x00000006e0000000, 0x00000006e9000000, 0x00000007a0000000)
  object space 147456K, 11% used [0x00000006e0000000,0x00000006e1090c38,0x00000006e9000000)
 Metaspace       used 29268K, committed 29568K, reserved 917504K
  class space    used 3909K, committed 4032K, reserved 851968K
}
Event: 1,817 GC heap before
{Heap before GC invocations=5 (full 1):
 PSYoungGen      total 64512K, used 58544K [0x00000007a0000000, 0x00000007a4800000, 0x0000000800000000)
  eden space 55296K, 100% used [0x00000007a0000000,0x00000007a3600000,0x00000007a3600000)
  from space 9216K, 35% used [0x00000007a3600000,0x00000007a392c160,0x00000007a3f00000)
  to   space 9216K, 0% used [0x00000007a3f00000,0x00000007a3f00000,0x00000007a4800000)
 ParOldGen       total 147456K, used 16963K [0x00000006e0000000, 0x00000006e9000000, 0x00000007a0000000)
  object space 147456K, 11% used [0x00000006e0000000,0x00000006e1090c38,0x00000006e9000000)
 Metaspace       used 34212K, committed 34496K, reserved 917504K
  class space    used 4728K, committed 4864K, reserved 851968K
}
Event: 1,821 GC heap after
{Heap after GC invocations=5 (full 1):
 PSYoungGen      total 64512K, used 9201K [0x00000007a0000000, 0x00000007a4800000, 0x0000000800000000)
  eden space 55296K, 0% used [0x00000007a0000000,0x00000007a0000000,0x00000007a3600000)
  from space 9216K, 99% used [0x00000007a3f00000,0x00000007a47fc760,0x00000007a4800000)
  to   space 9216K, 0% used [0x00000007a3600000,0x00000007a3600000,0x00000007a3f00000)
 ParOldGen       total 147456K, used 26503K [0x00000006e0000000, 0x00000006e9000000, 0x00000007a0000000)
  object space 147456K, 17% used [0x00000006e0000000,0x00000006e19e1eb0,0x00000006e9000000)
 Metaspace       used 34212K, committed 34496K, reserved 917504K
  class space    used 4728K, committed 4864K, reserved 851968K
}
Event: 1,897 GC heap before
{Heap before GC invocations=6 (full 1):
 PSYoungGen      total 64512K, used 20845K [0x00000007a0000000, 0x00000007a4800000, 0x0000000800000000)
  eden space 55296K, 21% used [0x00000007a0000000,0x00000007a0b5ed88,0x00000007a3600000)
  from space 9216K, 99% used [0x00000007a3f00000,0x00000007a47fc760,0x00000007a4800000)
  to   space 9216K, 0% used [0x00000007a3600000,0x00000007a3600000,0x00000007a3f00000)
 ParOldGen       total 147456K, used 26503K [0x00000006e0000000, 0x00000006e9000000, 0x00000007a0000000)
  object space 147456K, 17% used [0x00000006e0000000,0x00000006e19e1eb0,0x00000006e9000000)
 Metaspace       used 35486K, committed 35840K, reserved 917504K
  class space    used 4935K, committed 5120K, reserved 851968K
}
Event: 1,899 GC heap after
{Heap after GC invocations=6 (full 1):
 PSYoungGen      total 64512K, used 9185K [0x00000007a0000000, 0x00000007a6000000, 0x0000000800000000)
  eden space 55296K, 0% used [0x00000007a0000000,0x00000007a0000000,0x00000007a3600000)
  from space 9216K, 99% used [0x00000007a3600000,0x00000007a3ef8770,0x00000007a3f00000)
  to   space 21504K, 0% used [0x00000007a4b00000,0x00000007a4b00000,0x00000007a6000000)
 ParOldGen       total 147456K, used 27103K [0x00000006e0000000, 0x00000006e9000000, 0x00000007a0000000)
  object space 147456K, 18% used [0x00000006e0000000,0x00000006e1a77eb0,0x00000006e9000000)
 Metaspace       used 35486K, committed 35840K, reserved 917504K
  class space    used 4935K, committed 5120K, reserved 851968K
}
Event: 1,899 GC heap before
{Heap before GC invocations=7 (full 2):
 PSYoungGen      total 64512K, used 9185K [0x00000007a0000000, 0x00000007a6000000, 0x0000000800000000)
  eden space 55296K, 0% used [0x00000007a0000000,0x00000007a0000000,0x00000007a3600000)
  from space 9216K, 99% used [0x00000007a3600000,0x00000007a3ef8770,0x00000007a3f00000)
  to   space 21504K, 0% used [0x00000007a4b00000,0x00000007a4b00000,0x00000007a6000000)
 ParOldGen       total 147456K, used 27103K [0x00000006e0000000, 0x00000006e9000000, 0x00000007a0000000)
  object space 147456K, 18% used [0x00000006e0000000,0x00000006e1a77eb0,0x00000006e9000000)
 Metaspace       used 35486K, committed 35840K, reserved 917504K
  class space    used 4935K, committed 5120K, reserved 851968K
}
Event: 1,915 GC heap after
{Heap after GC invocations=7 (full 2):
 PSYoungGen      total 64512K, used 0K [0x00000007a0000000, 0x00000007a6000000, 0x0000000800000000)
  eden space 55296K, 0% used [0x00000007a0000000,0x00000007a0000000,0x00000007a3600000)
  from space 9216K, 0% used [0x00000007a3600000,0x00000007a3600000,0x00000007a3f00000)
  to   space 21504K, 0% used [0x00000007a4b00000,0x00000007a4b00000,0x00000007a6000000)
 ParOldGen       total 147456K, used 35669K [0x00000006e0000000, 0x00000006e9000000, 0x00000007a0000000)
  object space 147456K, 24% used [0x00000006e0000000,0x00000006e22d5538,0x00000006e9000000)
 Metaspace       used 35486K, committed 35840K, reserved 917504K
  class space    used 4935K, committed 5120K, reserved 851968K
}
Event: 2,265 GC heap before
{Heap before GC invocations=8 (full 2):
 PSYoungGen      total 64512K, used 55296K [0x00000007a0000000, 0x00000007a6000000, 0x0000000800000000)
  eden space 55296K, 100% used [0x00000007a0000000,0x00000007a3600000,0x00000007a3600000)
  from space 9216K, 0% used [0x00000007a3600000,0x00000007a3600000,0x00000007a3f00000)
  to   space 21504K, 0% used [0x00000007a4b00000,0x00000007a4b00000,0x00000007a6000000)
 ParOldGen       total 147456K, used 35669K [0x00000006e0000000, 0x00000006e9000000, 0x00000007a0000000)
  object space 147456K, 24% used [0x00000006e0000000,0x00000006e22d5538,0x00000006e9000000)
 Metaspace       used 43307K, committed 43776K, reserved 917504K
  class space    used 5845K, committed 6080K, reserved 851968K
}
Event: 2,267 GC heap after
{Heap after GC invocations=8 (full 2):
 PSYoungGen      total 76800K, used 5040K [0x00000007a0000000, 0x00000007a9600000, 0x0000000800000000)
  eden space 55296K, 0% used [0x00000007a0000000,0x00000007a0000000,0x00000007a3600000)
  from space 21504K, 23% used [0x00000007a4b00000,0x00000007a4fec230,0x00000007a6000000)
  to   space 21504K, 0% used [0x00000007a3600000,0x00000007a3600000,0x00000007a4b00000)
 ParOldGen       total 147456K, used 35677K [0x00000006e0000000, 0x00000006e9000000, 0x00000007a0000000)
  object space 147456K, 24% used [0x00000006e0000000,0x00000006e22d7538,0x00000006e9000000)
 Metaspace       used 43307K, committed 43776K, reserved 917504K
  class space    used 5845K, committed 6080K, reserved 851968K
}
Event: 2,638 GC heap before
{Heap before GC invocations=9 (full 2):
 PSYoungGen      total 76800K, used 60336K [0x00000007a0000000, 0x00000007a9600000, 0x0000000800000000)
  eden space 55296K, 100% used [0x00000007a0000000,0x00000007a3600000,0x00000007a3600000)
  from space 21504K, 23% used [0x00000007a4b00000,0x00000007a4fec230,0x00000007a6000000)
  to   space 21504K, 0% used [0x00000007a3600000,0x00000007a3600000,0x00000007a4b00000)
 ParOldGen       total 147456K, used 35677K [0x00000006e0000000, 0x00000006e9000000, 0x00000007a0000000)
  object space 147456K, 24% used [0x00000006e0000000,0x00000006e22d7538,0x00000006e9000000)
 Metaspace       used 48434K, committed 48960K, reserved 917504K
  class space    used 6498K, committed 6720K, reserved 851968K
}

