# JRE version: OpenJDK Runtime Environment (17.0.9) (build 17.0.9+0-17.0.9b1087.7-11185874)
# Java VM: OpenJDK 64-Bit Server VM (17.0.9+0-17.0.9b1087.7-11185874, mixed mode, tiered, compressed oops, compressed class ptrs, g1 gc, linux-amd64)
GC Precious Log:
 CPUs: 16 total, 12 available
 Memory: 13817M
 Large Page Support: Disabled
 NUMA Support: Disabled
 Compressed Oops: Enabled (Zero based)
 Heap Region Size: 4M
 Heap Min Capacity: 8M
 Heap Initial Capacity: 216M
 Heap Max Capacity: 4608M
 Pre-touch: Disabled
 Parallel Workers: 10
 Concurrent Workers: 3
 Concurrent Refinement Workers: 10
 Periodic GC: Disabled
Heap:
 garbage-first heap   total 847872K, used 421909K [0x00000006e0000000, 0x0000000800000000)
  region size 4096K, 29 young (118784K), 6 survivors (24576K)
 Metaspace       used 145549K, committed 147008K, reserved 1179648K
  class space    used 19150K, committed 19840K, reserved 1048576K
GC Heap History (20 events):
Event: 316,669 GC heap before
{Heap before GC invocations=63 (full 0):
 garbage-first heap   total 655360K, used 532405K [0x00000006e0000000, 0x0000000800000000)
  region size 4096K, 82 young (335872K), 6 survivors (24576K)
 Metaspace       used 140379K, committed 141632K, reserved 1179648K
  class space    used 18694K, committed 19328K, reserved 1048576K
}
Event: 316,688 GC heap after
{Heap after GC invocations=64 (full 0):
 garbage-first heap   total 655360K, used 246034K [0x00000006e0000000, 0x0000000800000000)
  region size 4096K, 6 young (24576K), 6 survivors (24576K)
 Metaspace       used 140379K, committed 141632K, reserved 1179648K
  class space    used 18694K, committed 19328K, reserved 1048576K
}
Event: 317,317 GC heap before
{Heap before GC invocations=64 (full 0):
 garbage-first heap   total 655360K, used 524562K [0x00000006e0000000, 0x0000000800000000)
  region size 4096K, 75 young (307200K), 6 survivors (24576K)
 Metaspace       used 141828K, committed 143040K, reserved 1179648K
  class space    used 18879K, committed 19456K, reserved 1048576K
}
Event: 317,337 GC heap after
{Heap after GC invocations=65 (full 0):
 garbage-first heap   total 655360K, used 270246K [0x00000006e0000000, 0x0000000800000000)
  region size 4096K, 10 young (40960K), 10 survivors (40960K)
 Metaspace       used 141828K, committed 143040K, reserved 1179648K
  class space    used 18879K, committed 19456K, reserved 1048576K
}
Event: 317,824 GC heap before
{Heap before GC invocations=65 (full 0):
 garbage-first heap   total 655360K, used 528294K [0x00000006e0000000, 0x0000000800000000)
  region size 4096K, 74 young (303104K), 10 survivors (40960K)
 Metaspace       used 142107K, committed 143296K, reserved 1179648K
  class space    used 18908K, committed 19520K, reserved 1048576K
}
Event: 317,845 GC heap after
{Heap after GC invocations=66 (full 0):
 garbage-first heap   total 655360K, used 285436K [0x00000006e0000000, 0x0000000800000000)
  region size 4096K, 5 young (20480K), 5 survivors (20480K)
 Metaspace       used 142107K, committed 143296K, reserved 1179648K
  class space    used 18908K, committed 19520K, reserved 1048576K
}
Event: 318,137 GC heap before
{Heap before GC invocations=66 (full 0):
 garbage-first heap   total 655360K, used 531196K [0x00000006e0000000, 0x0000000800000000)
  region size 4096K, 66 young (270336K), 5 survivors (20480K)
 Metaspace       used 142125K, committed 143360K, reserved 1179648K
  class space    used 18909K, committed 19520K, reserved 1048576K
}
Event: 318,148 GC heap after
{Heap after GC invocations=67 (full 0):
 garbage-first heap   total 655360K, used 290345K [0x00000006e0000000, 0x0000000800000000)
  region size 4096K, 6 young (24576K), 6 survivors (24576K)
 Metaspace       used 142125K, committed 143360K, reserved 1179648K
  class space    used 18909K, committed 19520K, reserved 1048576K
}
Event: 318,498 GC heap before
{Heap before GC invocations=67 (full 0):
 garbage-first heap   total 655360K, used 536105K [0x00000006e0000000, 0x0000000800000000)
  region size 4096K, 67 young (274432K), 6 survivors (24576K)
 Metaspace       used 142399K, committed 143552K, reserved 1179648K
  class space    used 18932K, committed 19520K, reserved 1048576K
}
Event: 318,511 GC heap after
{Heap after GC invocations=68 (full 0):
 garbage-first heap   total 847872K, used 300731K [0x00000006e0000000, 0x0000000800000000)
  region size 4096K, 6 young (24576K), 6 survivors (24576K)
 Metaspace       used 142399K, committed 143552K, reserved 1179648K
  class space    used 18932K, committed 19520K, reserved 1048576K
}
Event: 365,086 GC heap before
{Heap before GC invocations=68 (full 0):
 garbage-first heap   total 847872K, used 689851K [0x00000006e0000000, 0x0000000800000000)
  region size 4096K, 102 young (417792K), 6 survivors (24576K)
 Metaspace       used 143380K, committed 144576K, reserved 1179648K
  class space    used 19005K, committed 19584K, reserved 1048576K
}
Event: 365,105 GC heap after
{Heap after GC invocations=69 (full 0):
 garbage-first heap   total 847872K, used 321710K [0x00000006e0000000, 0x0000000800000000)
  region size 4096K, 11 young (45056K), 11 survivors (45056K)
 Metaspace       used 143380K, committed 144576K, reserved 1179648K
  class space    used 19005K, committed 19584K, reserved 1048576K
}
Event: 473,547 GC heap before
{Heap before GC invocations=69 (full 0):
 garbage-first heap   total 847872K, used 690350K [0x00000006e0000000, 0x0000000800000000)
  region size 4096K, 102 young (417792K), 11 survivors (45056K)
 Metaspace       used 144080K, committed 145408K, reserved 1179648K
  class space    used 19052K, committed 19712K, reserved 1048576K
}
Event: 473,566 GC heap after
{Heap after GC invocations=70 (full 0):
 garbage-first heap   total 847872K, used 326979K [0x00000006e0000000, 0x0000000800000000)
  region size 4096K, 8 young (32768K), 8 survivors (32768K)
 Metaspace       used 144080K, committed 145408K, reserved 1179648K
  class space    used 19052K, committed 19712K, reserved 1048576K
}
Event: 525,054 GC heap before
{Heap before GC invocations=70 (full 0):
 garbage-first heap   total 847872K, used 699715K [0x00000006e0000000, 0x0000000800000000)
  region size 4096K, 99 young (405504K), 8 survivors (32768K)
 Metaspace       used 144658K, committed 146048K, reserved 1179648K
  class space    used 19104K, committed 19776K, reserved 1048576K
}
Event: 525,070 GC heap after
{Heap after GC invocations=71 (full 0):
 garbage-first heap   total 847872K, used 329628K [0x00000006e0000000, 0x0000000800000000)
  region size 4096K, 6 young (24576K), 6 survivors (24576K)
 Metaspace       used 144658K, committed 146048K, reserved 1179648K
  class space    used 19104K, committed 19776K, reserved 1048576K
}
Event: 598,559 GC heap before
{Heap before GC invocations=71 (full 0):
 garbage-first heap   total 847872K, used 694172K [0x00000006e0000000, 0x0000000800000000)
  region size 4096K, 95 young (389120K), 6 survivors (24576K)
 Metaspace       used 145195K, committed 146688K, reserved 1179648K
  class space    used 19140K, committed 19840K, reserved 1048576K
}
Event: 598,569 GC heap after
{Heap after GC invocations=72 (full 0):
 garbage-first heap   total 847872K, used 330285K [0x00000006e0000000, 0x0000000800000000)
  region size 4096K, 6 young (24576K), 6 survivors (24576K)
 Metaspace       used 145195K, committed 146688K, reserved 1179648K
  class space    used 19140K, committed 19840K, reserved 1048576K
}
Event: 637,035 GC heap before
{Heap before GC invocations=72 (full 0):
 garbage-first heap   total 847872K, used 694829K [0x00000006e0000000, 0x0000000800000000)
  region size 4096K, 95 young (389120K), 6 survivors (24576K)
 Metaspace       used 145521K, committed 147008K, reserved 1179648K
  class space    used 19150K, committed 19840K, reserved 1048576K
}
Event: 637,048 GC heap after
{Heap after GC invocations=73 (full 0):
 garbage-first heap   total 847872K, used 331797K [0x00000006e0000000, 0x0000000800000000)
  region size 4096K, 6 young (24576K), 6 survivors (24576K)
 Metaspace       used 145521K, committed 147008K, reserved 1179648K
  class space    used 19150K, committed 19840K, reserved 1048576K
}

