# JRE version: OpenJDK Runtime Environment (17.0.9) (build 17.0.9+0-17.0.9b1087.7-11185874)
# Java VM: OpenJDK 64-Bit Server VM (17.0.9+0-17.0.9b1087.7-11185874, mixed mode, tiered, compressed oops, compressed class ptrs, g1 gc, linux-amd64)
GC Precious Log:
 CPUs: 16 total, 12 available
 Memory: 13817M
 Large Page Support: Disabled
 NUMA Support: Disabled
 Compressed Oops: Enabled (Zero based)
 Heap Region Size: 4M
 Heap Min Capacity: 8M
 Heap Initial Capacity: 216M
 Heap Max Capacity: 4608M
 Pre-touch: Disabled
 Parallel Workers: 10
 Concurrent Workers: 3
 Concurrent Refinement Workers: 10
 Periodic GC: Disabled
Heap:
 garbage-first heap   total 98304K, used 24433K [0x00000006e0000000, 0x0000000800000000)
  region size 4096K, 2 young (8192K), 1 survivors (4096K)
 Metaspace       used 35985K, committed 36288K, reserved 1114112K
  class space    used 4965K, committed 5120K, reserved 1048576K
GC Heap History (14 events):
Event: 0,274 GC heap before
{Heap before GC invocations=0 (full 0):
 garbage-first heap   total 221184K, used 20480K [0x00000006e0000000, 0x0000000800000000)
  region size 4096K, 5 young (20480K), 0 survivors (0K)
 Metaspace       used 9796K, committed 9920K, reserved 1114112K
  class space    used 975K, committed 1024K, reserved 1048576K
}
Event: 0,278 GC heap after
{Heap after GC invocations=1 (full 0):
 garbage-first heap   total 221184K, used 10001K [0x00000006e0000000, 0x0000000800000000)
  region size 4096K, 1 young (4096K), 1 survivors (4096K)
 Metaspace       used 9796K, committed 9920K, reserved 1114112K
  class space    used 975K, committed 1024K, reserved 1048576K
}
Event: 0,383 GC heap before
{Heap before GC invocations=1 (full 0):
 garbage-first heap   total 221184K, used 26385K [0x00000006e0000000, 0x0000000800000000)
  region size 4096K, 5 young (20480K), 1 survivors (4096K)
 Metaspace       used 11414K, committed 11584K, reserved 1114112K
  class space    used 1206K, committed 1280K, reserved 1048576K
}
Event: 0,385 GC heap after
{Heap after GC invocations=2 (full 0):
 garbage-first heap   total 221184K, used 11343K [0x00000006e0000000, 0x0000000800000000)
  region size 4096K, 1 young (4096K), 1 survivors (4096K)
 Metaspace       used 11414K, committed 11584K, reserved 1114112K
  class space    used 1206K, committed 1280K, reserved 1048576K
}
Event: 0,816 GC heap before
{Heap before GC invocations=2 (full 0):
 garbage-first heap   total 221184K, used 60495K [0x00000006e0000000, 0x0000000800000000)
  region size 4096K, 14 young (57344K), 1 survivors (4096K)
 Metaspace       used 21333K, committed 21504K, reserved 1114112K
  class space    used 2543K, committed 2624K, reserved 1048576K
}
Event: 0,819 GC heap after
{Heap after GC invocations=3 (full 0):
 garbage-first heap   total 221184K, used 18515K [0x00000006e0000000, 0x0000000800000000)
  region size 4096K, 2 young (8192K), 2 survivors (8192K)
 Metaspace       used 21333K, committed 21504K, reserved 1114112K
  class space    used 2543K, committed 2624K, reserved 1048576K
}
Event: 1,141 GC heap before
{Heap before GC invocations=4 (full 0):
 garbage-first heap   total 81920K, used 55379K [0x00000006e0000000, 0x0000000800000000)
  region size 4096K, 12 young (49152K), 2 survivors (8192K)
 Metaspace       used 27021K, committed 27328K, reserved 1114112K
  class space    used 3560K, committed 3712K, reserved 1048576K
}
Event: 1,144 GC heap after
{Heap after GC invocations=5 (full 0):
 garbage-first heap   total 81920K, used 21029K [0x00000006e0000000, 0x0000000800000000)
  region size 4096K, 1 young (4096K), 1 survivors (4096K)
 Metaspace       used 27021K, committed 27328K, reserved 1114112K
  class space    used 3560K, committed 3712K, reserved 1048576K
}
Event: 1,182 GC heap before
{Heap before GC invocations=5 (full 0):
 garbage-first heap   total 81920K, used 25125K [0x00000006e0000000, 0x0000000800000000)
  region size 4096K, 2 young (8192K), 1 survivors (4096K)
 Metaspace       used 27469K, committed 27776K, reserved 1114112K
  class space    used 3633K, committed 3776K, reserved 1048576K
}
Event: 1,184 GC heap after
{Heap after GC invocations=6 (full 0):
 garbage-first heap   total 81920K, used 21595K [0x00000006e0000000, 0x0000000800000000)
  region size 4096K, 1 young (4096K), 1 survivors (4096K)
 Metaspace       used 27469K, committed 27776K, reserved 1114112K
  class space    used 3633K, committed 3776K, reserved 1048576K
}
Event: 1,408 GC heap before
{Heap before GC invocations=6 (full 0):
 garbage-first heap   total 81920K, used 50267K [0x00000006e0000000, 0x0000000800000000)
  region size 4096K, 8 young (32768K), 1 survivors (4096K)
 Metaspace       used 31355K, committed 31680K, reserved 1114112K
  class space    used 4269K, committed 4416K, reserved 1048576K
}
Event: 1,409 GC heap after
{Heap after GC invocations=7 (full 0):
 garbage-first heap   total 98304K, used 22879K [0x00000006e0000000, 0x0000000800000000)
  region size 4096K, 1 young (4096K), 1 survivors (4096K)
 Metaspace       used 31355K, committed 31680K, reserved 1114112K
  class space    used 4269K, committed 4416K, reserved 1048576K
}
Event: 1,633 GC heap before
{Heap before GC invocations=7 (full 0):
 garbage-first heap   total 98304K, used 51551K [0x00000006e0000000, 0x0000000800000000)
  region size 4096K, 9 young (36864K), 1 survivors (4096K)
 Metaspace       used 35733K, committed 35968K, reserved 1114112K
  class space    used 4929K, committed 5056K, reserved 1048576K
}
Event: 1,635 GC heap after
{Heap after GC invocations=8 (full 0):
 garbage-first heap   total 98304K, used 24433K [0x00000006e0000000, 0x0000000800000000)
  region size 4096K, 1 young (4096K), 1 survivors (4096K)
 Metaspace       used 35733K, committed 35968K, reserved 1114112K
  class space    used 4929K, committed 5056K, reserved 1048576K
}

