# JRE version: OpenJDK Runtime Environment (17.0.9) (build 17.0.9+0-17.0.9b1087.7-11185874)
# Java VM: OpenJDK 64-Bit Server VM (17.0.9+0-17.0.9b1087.7-11185874, mixed mode, tiered, compressed oops, compressed class ptrs, g1 gc, linux-amd64)
GC Precious Log:
 CPUs: 16 total, 12 available
 Memory: 13817M
 Large Page Support: Disabled
 NUMA Support: Disabled
 Compressed Oops: Enabled (Zero based)
 Heap Region Size: 2M
 Heap Min Capacity: 8M
 Heap Initial Capacity: 216M
 Heap Max Capacity: 3456M
 Pre-touch: Disabled
 Parallel Workers: 10
 Concurrent Workers: 3
 Concurrent Refinement Workers: 10
 Periodic GC: Disabled
Heap:
 garbage-first heap   total 34816K, used 21883K [0x0000000728000000, 0x0000000800000000)
  region size 2048K, 5 young (10240K), 1 survivors (2048K)
 Metaspace       used 24164K, committed 24384K, reserved 1114112K
  class space    used 2915K, committed 3008K, reserved 1048576K
GC Heap History (7 events):
Event: 0,752 GC heap before
{Heap before GC invocations=0 (full 0):
 garbage-first heap   total 221184K, used 26624K [0x0000000728000000, 0x0000000800000000)
  region size 2048K, 11 young (22528K), 0 survivors (0K)
 Metaspace       used 13106K, committed 13184K, reserved 1114112K
  class space    used 1242K, committed 1280K, reserved 1048576K
}
Event: 0,758 GC heap after
{Heap after GC invocations=1 (full 0):
 garbage-first heap   total 221184K, used 6912K [0x0000000728000000, 0x0000000800000000)
  region size 2048K, 2 young (4096K), 2 survivors (4096K)
 Metaspace       used 13106K, committed 13184K, reserved 1114112K
  class space    used 1242K, committed 1280K, reserved 1048576K
}
Event: 1,138 GC heap before
{Heap before GC invocations=1 (full 0):
 garbage-first heap   total 221184K, used 33536K [0x0000000728000000, 0x0000000800000000)
  region size 2048K, 16 young (32768K), 2 survivors (4096K)
 Metaspace       used 21391K, committed 21504K, reserved 1114112K
  class space    used 2305K, committed 2368K, reserved 1048576K
}
Event: 1,142 GC heap after
{Heap after GC invocations=2 (full 0):
 garbage-first heap   total 221184K, used 8187K [0x0000000728000000, 0x0000000800000000)
  region size 2048K, 2 young (4096K), 2 survivors (4096K)
 Metaspace       used 21391K, committed 21504K, reserved 1114112K
  class space    used 2305K, committed 2368K, reserved 1048576K
}
Event: 1,360 GC heap before
{Heap before GC invocations=3 (full 0):
 garbage-first heap   total 34816K, used 24571K [0x0000000728000000, 0x0000000800000000)
  region size 2048K, 10 young (20480K), 2 survivors (4096K)
 Metaspace       used 24133K, committed 24384K, reserved 1114112K
  class space    used 2915K, committed 3008K, reserved 1048576K
}
Event: 1,369 GC heap after
{Heap after GC invocations=4 (full 0):
 garbage-first heap   total 34816K, used 13691K [0x0000000728000000, 0x0000000800000000)
  region size 2048K, 4 young (8192K), 4 survivors (8192K)
 Metaspace       used 24133K, committed 24384K, reserved 1114112K
  class space    used 2915K, committed 3008K, reserved 1048576K
}
Event: 1,414 GC heap before
{Heap before GC invocations=4 (full 0):
 garbage-first heap   total 34816K, used 21883K [0x0000000728000000, 0x0000000800000000)
  region size 2048K, 8 young (16384K), 4 survivors (8192K)
 Metaspace       used 24164K, committed 24384K, reserved 1114112K
  class space    used 2915K, committed 3008K, reserved 1048576K
}

