# JRE version: OpenJDK Runtime Environment (17.0.9) (build 17.0.9+0-17.0.9b1087.7-11185874)
# Java VM: OpenJDK 64-Bit Server VM (17.0.9+0-17.0.9b1087.7-11185874, mixed mode, tiered, compressed oops, compressed class ptrs, g1 gc, linux-amd64)
GC Precious Log:
 CPUs: 16 total, 12 available
 Memory: 13817M
 Large Page Support: Disabled
 NUMA Support: Disabled
 Compressed Oops: Enabled (Zero based)
 Heap Region Size: 2M
 Heap Min Capacity: 8M
 Heap Initial Capacity: 216M
 Heap Max Capacity: 3456M
 Pre-touch: Disabled
 Parallel Workers: 10
 Concurrent Workers: 3
 Concurrent Refinement Workers: 10
 Periodic GC: Disabled
Heap:
 garbage-first heap   total 464896K, used 223903K [0x0000000728000000, 0x0000000800000000)
  region size 2048K, 29 young (59392K), 12 survivors (24576K)
 Metaspace       used 71787K, committed 72064K, reserved 1114112K
  class space    used 7928K, committed 8064K, reserved 1048576K
GC Heap History (20 events):
Event: 6,364 GC heap before
{Heap before GC invocations=19 (full 0):
 garbage-first heap   total 186368K, used 139315K [0x0000000728000000, 0x0000000800000000)
  region size 2048K, 28 young (57344K), 3 survivors (6144K)
 Metaspace       used 65819K, committed 66112K, reserved 1114112K
  class space    used 7536K, committed 7680K, reserved 1048576K
}
Event: 6,370 GC heap after
{Heap after GC invocations=20 (full 0):
 garbage-first heap   total 251904K, used 97256K [0x0000000728000000, 0x0000000800000000)
  region size 2048K, 4 young (8192K), 4 survivors (8192K)
 Metaspace       used 65819K, committed 66112K, reserved 1114112K
  class space    used 7536K, committed 7680K, reserved 1048576K
}
Event: 6,539 GC heap before
{Heap before GC invocations=21 (full 0):
 garbage-first heap   total 251904K, used 189416K [0x0000000728000000, 0x0000000800000000)
  region size 2048K, 49 young (100352K), 4 survivors (8192K)
 Metaspace       used 65821K, committed 66112K, reserved 1114112K
  class space    used 7537K, committed 7680K, reserved 1048576K
}
Event: 6,546 GC heap after
{Heap after GC invocations=22 (full 0):
 garbage-first heap   total 251904K, used 106574K [0x0000000728000000, 0x0000000800000000)
  region size 2048K, 7 young (14336K), 7 survivors (14336K)
 Metaspace       used 65821K, committed 66112K, reserved 1114112K
  class space    used 7537K, committed 7680K, reserved 1048576K
}
Event: 6,550 GC heap before
{Heap before GC invocations=22 (full 0):
 garbage-first heap   total 251904K, used 108622K [0x0000000728000000, 0x0000000800000000)
  region size 2048K, 8 young (16384K), 7 survivors (14336K)
 Metaspace       used 65821K, committed 66112K, reserved 1114112K
  class space    used 7537K, committed 7680K, reserved 1048576K
}
Event: 6,555 GC heap after
{Heap after GC invocations=23 (full 0):
 garbage-first heap   total 251904K, used 107711K [0x0000000728000000, 0x0000000800000000)
  region size 2048K, 1 young (2048K), 1 survivors (2048K)
 Metaspace       used 65821K, committed 66112K, reserved 1114112K
  class space    used 7537K, committed 7680K, reserved 1048576K
}
Event: 6,636 GC heap before
{Heap before GC invocations=23 (full 0):
 garbage-first heap   total 251904K, used 193727K [0x0000000728000000, 0x0000000800000000)
  region size 2048K, 43 young (88064K), 1 survivors (2048K)
 Metaspace       used 65821K, committed 66112K, reserved 1114112K
  class space    used 7537K, committed 7680K, reserved 1048576K
}
Event: 6,640 GC heap after
{Heap after GC invocations=24 (full 0):
 garbage-first heap   total 251904K, used 114428K [0x0000000728000000, 0x0000000800000000)
  region size 2048K, 4 young (8192K), 4 survivors (8192K)
 Metaspace       used 65821K, committed 66112K, reserved 1114112K
  class space    used 7537K, committed 7680K, reserved 1048576K
}
Event: 7,474 GC heap before
{Heap before GC invocations=24 (full 0):
 garbage-first heap   total 251904K, used 198396K [0x0000000728000000, 0x0000000800000000)
  region size 2048K, 45 young (92160K), 4 survivors (8192K)
 Metaspace       used 67565K, committed 67840K, reserved 1114112K
  class space    used 7673K, committed 7808K, reserved 1048576K
}
Event: 7,485 GC heap after
{Heap after GC invocations=25 (full 0):
 garbage-first heap   total 251904K, used 125368K [0x0000000728000000, 0x0000000800000000)
  region size 2048K, 6 young (12288K), 6 survivors (12288K)
 Metaspace       used 67565K, committed 67840K, reserved 1114112K
  class space    used 7673K, committed 7808K, reserved 1048576K
}
Event: 8,430 GC heap before
{Heap before GC invocations=25 (full 0):
 garbage-first heap   total 251904K, used 199096K [0x0000000728000000, 0x0000000800000000)
  region size 2048K, 42 young (86016K), 6 survivors (12288K)
 Metaspace       used 68266K, committed 68608K, reserved 1114112K
  class space    used 7714K, committed 7872K, reserved 1048576K
}
Event: 8,441 GC heap after
{Heap after GC invocations=26 (full 0):
 garbage-first heap   total 591872K, used 132441K [0x0000000728000000, 0x0000000800000000)
  region size 2048K, 5 young (10240K), 5 survivors (10240K)
 Metaspace       used 68266K, committed 68608K, reserved 1114112K
  class space    used 7714K, committed 7872K, reserved 1048576K
}
Event: 10,897 GC heap before
{Heap before GC invocations=27 (full 0):
 garbage-first heap   total 464896K, used 402777K [0x0000000728000000, 0x0000000800000000)
  region size 2048K, 136 young (278528K), 5 survivors (10240K)
 Metaspace       used 69280K, committed 69632K, reserved 1114112K
  class space    used 7763K, committed 7936K, reserved 1048576K
}
Event: 10,909 GC heap after
{Heap after GC invocations=28 (full 0):
 garbage-first heap   total 464896K, used 158129K [0x0000000728000000, 0x0000000800000000)
  region size 2048K, 17 young (34816K), 17 survivors (34816K)
 Metaspace       used 69280K, committed 69632K, reserved 1114112K
  class space    used 7763K, committed 7936K, reserved 1048576K
}
Event: 10,935 GC heap before
{Heap before GC invocations=28 (full 0):
 garbage-first heap   total 464896K, used 160177K [0x0000000728000000, 0x0000000800000000)
  region size 2048K, 18 young (36864K), 17 survivors (34816K)
 Metaspace       used 69284K, committed 69632K, reserved 1114112K
  class space    used 7763K, committed 7936K, reserved 1048576K
}
Event: 10,946 GC heap after
{Heap after GC invocations=29 (full 0):
 garbage-first heap   total 464896K, used 161910K [0x0000000728000000, 0x0000000800000000)
  region size 2048K, 3 young (6144K), 3 survivors (6144K)
 Metaspace       used 69284K, committed 69632K, reserved 1114112K
  class space    used 7763K, committed 7936K, reserved 1048576K
}
Event: 12,998 GC heap before
{Heap before GC invocations=29 (full 0):
 garbage-first heap   total 464896K, used 346230K [0x0000000728000000, 0x0000000800000000)
  region size 2048K, 93 young (190464K), 3 survivors (6144K)
 Metaspace       used 69601K, committed 69952K, reserved 1114112K
  class space    used 7777K, committed 7936K, reserved 1048576K
}
Event: 13,005 GC heap after
{Heap after GC invocations=30 (full 0):
 garbage-first heap   total 464896K, used 170375K [0x0000000728000000, 0x0000000800000000)
  region size 2048K, 7 young (14336K), 7 survivors (14336K)
 Metaspace       used 69601K, committed 69952K, reserved 1114112K
  class space    used 7777K, committed 7936K, reserved 1048576K
}
Event: 14,569 GC heap before
{Heap before GC invocations=30 (full 0):
 garbage-first heap   total 464896K, used 366983K [0x0000000728000000, 0x0000000800000000)
  region size 2048K, 98 young (200704K), 7 survivors (14336K)
 Metaspace       used 71102K, committed 71424K, reserved 1114112K
  class space    used 7901K, committed 8064K, reserved 1048576K
}
Event: 14,579 GC heap after
{Heap after GC invocations=31 (full 0):
 garbage-first heap   total 464896K, used 191135K [0x0000000728000000, 0x0000000800000000)
  region size 2048K, 12 young (24576K), 12 survivors (24576K)
 Metaspace       used 71102K, committed 71424K, reserved 1114112K
  class space    used 7901K, committed 8064K, reserved 1048576K
}

