# JRE version: OpenJDK Runtime Environment (17.0.9) (build 17.0.9+0-17.0.9b1087.7-11185874)
# Java VM: OpenJDK 64-Bit Server VM (17.0.9+0-17.0.9b1087.7-11185874, mixed mode, tiered, compressed oops, compressed class ptrs, parallel gc, linux-amd64)
GC Precious Log:
 CPUs: 16 total, 12 available
 Memory: 13817M
 Large Page Support: Disabled
 NUMA Support: Disabled
 Compressed Oops: Enabled (Zero based)
 Alignments: Space 512K, Generation 512K, Heap 2M
 Heap Min Capacity: 8M
 Heap Initial Capacity: 216M
 Heap Max Capacity: 4608M
 Pre-touch: Disabled
 Parallel Workers: 10
Heap:
 PSYoungGen      total 574976K, used 460806K [0x00000007a0000000, 0x00000007c5000000, 0x0000000800000000)
  eden space 544768K, 82% used [0x00000007a0000000,0x00000007bb5e0f48,0x00000007c1400000)
  from space 30208K, 41% used [0x00000007c3280000,0x00000007c3ea0ae8,0x00000007c5000000)
  to   space 30720K, 0% used [0x00000007c1400000,0x00000007c1400000,0x00000007c3200000)
 ParOldGen       total 147456K, used 113925K [0x00000006e0000000, 0x00000006e9000000, 0x00000007a0000000)
  object space 147456K, 77% used [0x00000006e0000000,0x00000006e6f41700,0x00000006e9000000)
 Metaspace       used 87927K, committed 88704K, reserved 983040K
  class space    used 11759K, committed 12160K, reserved 851968K
GC Heap History (20 events):
Event: 2,566 GC heap before
{Heap before GC invocations=6 (full 2):
 PSYoungGen      total 119808K, used 110481K [0x00000007a0000000, 0x00000007a7e00000, 0x0000000800000000)
  eden space 110592K, 99% used [0x00000007a0000000,0x00000007a6be4540,0x00000007a6c00000)
  from space 9216K, 0% used [0x00000007a6c00000,0x00000007a6c00000,0x00000007a7500000)
  to   space 9216K, 0% used [0x00000007a7500000,0x00000007a7500000,0x00000007a7e00000)
 ParOldGen       total 147456K, used 21199K [0x00000006e0000000, 0x00000006e9000000, 0x00000007a0000000)
  object space 147456K, 14% used [0x00000006e0000000,0x00000006e14b3c30,0x00000006e9000000)
 Metaspace       used 48952K, committed 49344K, reserved 917504K
  class space    used 6528K, committed 6720K, reserved 851968K
}
Event: 2,571 GC heap after
{Heap after GC invocations=6 (full 2):
 PSYoungGen      total 119808K, used 9200K [0x00000007a0000000, 0x00000007a7e00000, 0x0000000800000000)
  eden space 110592K, 0% used [0x00000007a0000000,0x00000007a0000000,0x00000007a6c00000)
  from space 9216K, 99% used [0x00000007a7500000,0x00000007a7dfc2d0,0x00000007a7e00000)
  to   space 9216K, 0% used [0x00000007a6c00000,0x00000007a6c00000,0x00000007a7500000)
 ParOldGen       total 147456K, used 28615K [0x00000006e0000000, 0x00000006e9000000, 0x00000007a0000000)
  object space 147456K, 19% used [0x00000006e0000000,0x00000006e1bf1f08,0x00000006e9000000)
 Metaspace       used 48952K, committed 49344K, reserved 917504K
  class space    used 6528K, committed 6720K, reserved 851968K
}
Event: 3,337 GC heap before
{Heap before GC invocations=7 (full 2):
 PSYoungGen      total 119808K, used 119792K [0x00000007a0000000, 0x00000007a7e00000, 0x0000000800000000)
  eden space 110592K, 100% used [0x00000007a0000000,0x00000007a6c00000,0x00000007a6c00000)
  from space 9216K, 99% used [0x00000007a7500000,0x00000007a7dfc2d0,0x00000007a7e00000)
  to   space 9216K, 0% used [0x00000007a6c00000,0x00000007a6c00000,0x00000007a7500000)
 ParOldGen       total 147456K, used 28615K [0x00000006e0000000, 0x00000006e9000000, 0x00000007a0000000)
  object space 147456K, 19% used [0x00000006e0000000,0x00000006e1bf1f08,0x00000006e9000000)
 Metaspace       used 56721K, committed 57280K, reserved 917504K
  class space    used 7538K, committed 7808K, reserved 851968K
}
Event: 3,346 GC heap after
{Heap after GC invocations=7 (full 2):
 PSYoungGen      total 116224K, used 9203K [0x00000007a0000000, 0x00000007a9d80000, 0x0000000800000000)
  eden space 107008K, 0% used [0x00000007a0000000,0x00000007a0000000,0x00000007a6880000)
  from space 9216K, 99% used [0x00000007a6c00000,0x00000007a74fcf40,0x00000007a7500000)
  to   space 27136K, 0% used [0x00000007a8300000,0x00000007a8300000,0x00000007a9d80000)
 ParOldGen       total 147456K, used 43725K [0x00000006e0000000, 0x00000006e9000000, 0x00000007a0000000)
  object space 147456K, 29% used [0x00000006e0000000,0x00000006e2ab37d0,0x00000006e9000000)
 Metaspace       used 56721K, committed 57280K, reserved 917504K
  class space    used 7538K, committed 7808K, reserved 851968K
}
Event: 3,625 GC heap before
{Heap before GC invocations=8 (full 2):
 PSYoungGen      total 116224K, used 46418K [0x00000007a0000000, 0x00000007a9d80000, 0x0000000800000000)
  eden space 107008K, 34% used [0x00000007a0000000,0x00000007a2457978,0x00000007a6880000)
  from space 9216K, 99% used [0x00000007a6c00000,0x00000007a74fcf40,0x00000007a7500000)
  to   space 27136K, 0% used [0x00000007a8300000,0x00000007a8300000,0x00000007a9d80000)
 ParOldGen       total 147456K, used 43725K [0x00000006e0000000, 0x00000006e9000000, 0x00000007a0000000)
  object space 147456K, 29% used [0x00000006e0000000,0x00000006e2ab37d0,0x00000006e9000000)
 Metaspace       used 59248K, committed 59776K, reserved 917504K
  class space    used 7906K, committed 8192K, reserved 851968K
}
Event: 3,630 GC heap after
{Heap after GC invocations=8 (full 2):
 PSYoungGen      total 132096K, used 16025K [0x00000007a0000000, 0x00000007a9b80000, 0x0000000800000000)
  eden space 107008K, 0% used [0x00000007a0000000,0x00000007a0000000,0x00000007a6880000)
  from space 25088K, 63% used [0x00000007a8300000,0x00000007a92a66e0,0x00000007a9b80000)
  to   space 26112K, 0% used [0x00000007a6880000,0x00000007a6880000,0x00000007a8200000)
 ParOldGen       total 147456K, used 43733K [0x00000006e0000000, 0x00000006e9000000, 0x00000007a0000000)
  object space 147456K, 29% used [0x00000006e0000000,0x00000006e2ab57d0,0x00000006e9000000)
 Metaspace       used 59248K, committed 59776K, reserved 917504K
  class space    used 7906K, committed 8192K, reserved 851968K
}
Event: 3,630 GC heap before
{Heap before GC invocations=9 (full 3):
 PSYoungGen      total 132096K, used 16025K [0x00000007a0000000, 0x00000007a9b80000, 0x0000000800000000)
  eden space 107008K, 0% used [0x00000007a0000000,0x00000007a0000000,0x00000007a6880000)
  from space 25088K, 63% used [0x00000007a8300000,0x00000007a92a66e0,0x00000007a9b80000)
  to   space 26112K, 0% used [0x00000007a6880000,0x00000007a6880000,0x00000007a8200000)
 ParOldGen       total 147456K, used 43733K [0x00000006e0000000, 0x00000006e9000000, 0x00000007a0000000)
  object space 147456K, 29% used [0x00000006e0000000,0x00000006e2ab57d0,0x00000006e9000000)
 Metaspace       used 59248K, committed 59776K, reserved 917504K
  class space    used 7906K, committed 8192K, reserved 851968K
}
Event: 3,659 GC heap after
{Heap after GC invocations=9 (full 3):
 PSYoungGen      total 132096K, used 0K [0x00000007a0000000, 0x00000007a9b80000, 0x0000000800000000)
  eden space 107008K, 0% used [0x00000007a0000000,0x00000007a0000000,0x00000007a6880000)
  from space 25088K, 0% used [0x00000007a8300000,0x00000007a8300000,0x00000007a9b80000)
  to   space 26112K, 0% used [0x00000007a6880000,0x00000007a6880000,0x00000007a8200000)
 ParOldGen       total 147456K, used 57733K [0x00000006e0000000, 0x00000006e9000000, 0x00000007a0000000)
  object space 147456K, 39% used [0x00000006e0000000,0x00000006e3861530,0x00000006e9000000)
 Metaspace       used 59248K, committed 59776K, reserved 917504K
  class space    used 7906K, committed 8192K, reserved 851968K
}
Event: 4,187 GC heap before
{Heap before GC invocations=10 (full 3):
 PSYoungGen      total 132096K, used 107008K [0x00000007a0000000, 0x00000007a9b80000, 0x0000000800000000)
  eden space 107008K, 100% used [0x00000007a0000000,0x00000007a6880000,0x00000007a6880000)
  from space 25088K, 0% used [0x00000007a8300000,0x00000007a8300000,0x00000007a9b80000)
  to   space 26112K, 0% used [0x00000007a6880000,0x00000007a6880000,0x00000007a8200000)
 ParOldGen       total 147456K, used 57733K [0x00000006e0000000, 0x00000006e9000000, 0x00000007a0000000)
  object space 147456K, 39% used [0x00000006e0000000,0x00000006e3861530,0x00000006e9000000)
 Metaspace       used 66396K, committed 67136K, reserved 917504K
  class space    used 9110K, committed 9472K, reserved 851968K
}
Event: 4,192 GC heap after
{Heap after GC invocations=10 (full 3):
 PSYoungGen      total 133120K, used 12452K [0x00000007a0000000, 0x00000007b0200000, 0x0000000800000000)
  eden space 107008K, 0% used [0x00000007a0000000,0x00000007a0000000,0x00000007a6880000)
  from space 26112K, 47% used [0x00000007a6880000,0x00000007a74a92d8,0x00000007a8200000)
  to   space 25088K, 0% used [0x00000007ae980000,0x00000007ae980000,0x00000007b0200000)
 ParOldGen       total 147456K, used 57741K [0x00000006e0000000, 0x00000006e9000000, 0x00000007a0000000)
  object space 147456K, 39% used [0x00000006e0000000,0x00000006e3863530,0x00000006e9000000)
 Metaspace       used 66396K, committed 67136K, reserved 917504K
  class space    used 9110K, committed 9472K, reserved 851968K
}
Event: 4,475 GC heap before
{Heap before GC invocations=11 (full 3):
 PSYoungGen      total 133120K, used 119460K [0x00000007a0000000, 0x00000007b0200000, 0x0000000800000000)
  eden space 107008K, 100% used [0x00000007a0000000,0x00000007a6880000,0x00000007a6880000)
  from space 26112K, 47% used [0x00000007a6880000,0x00000007a74a92d8,0x00000007a8200000)
  to   space 25088K, 0% used [0x00000007ae980000,0x00000007ae980000,0x00000007b0200000)
 ParOldGen       total 147456K, used 57741K [0x00000006e0000000, 0x00000006e9000000, 0x00000007a0000000)
  object space 147456K, 39% used [0x00000006e0000000,0x00000006e3863530,0x00000006e9000000)
 Metaspace       used 71203K, committed 72000K, reserved 917504K
  class space    used 9524K, committed 9920K, reserved 851968K
}
Event: 4,484 GC heap after
{Heap after GC invocations=11 (full 3):
 PSYoungGen      total 238080K, used 19481K [0x00000007a0000000, 0x00000007b0400000, 0x0000000800000000)
  eden space 212992K, 0% used [0x00000007a0000000,0x00000007a0000000,0x00000007ad000000)
  from space 25088K, 77% used [0x00000007ae980000,0x00000007afc865d0,0x00000007b0200000)
  to   space 26112K, 0% used [0x00000007ad000000,0x00000007ad000000,0x00000007ae980000)
 ParOldGen       total 147456K, used 57749K [0x00000006e0000000, 0x00000006e9000000, 0x00000007a0000000)
  object space 147456K, 39% used [0x00000006e0000000,0x00000006e3865530,0x00000006e9000000)
 Metaspace       used 71203K, committed 72000K, reserved 917504K
  class space    used 9524K, committed 9920K, reserved 851968K
}
Event: 4,821 GC heap before
{Heap before GC invocations=12 (full 3):
 PSYoungGen      total 238080K, used 232473K [0x00000007a0000000, 0x00000007b0400000, 0x0000000800000000)
  eden space 212992K, 100% used [0x00000007a0000000,0x00000007ad000000,0x00000007ad000000)
  from space 25088K, 77% used [0x00000007ae980000,0x00000007afc865d0,0x00000007b0200000)
  to   space 26112K, 0% used [0x00000007ad000000,0x00000007ad000000,0x00000007ae980000)
 ParOldGen       total 147456K, used 57749K [0x00000006e0000000, 0x00000006e9000000, 0x00000007a0000000)
  object space 147456K, 39% used [0x00000006e0000000,0x00000006e3865530,0x00000006e9000000)
 Metaspace       used 71657K, committed 72384K, reserved 917504K
  class space    used 9525K, committed 9920K, reserved 851968K
}
Event: 4,837 GC heap after
{Heap after GC invocations=12 (full 3):
 PSYoungGen      total 239104K, used 26089K [0x00000007a0000000, 0x00000007b8a00000, 0x0000000800000000)
  eden space 212992K, 0% used [0x00000007a0000000,0x00000007a0000000,0x00000007ad000000)
  from space 26112K, 99% used [0x00000007ad000000,0x00000007ae97a5e0,0x00000007ae980000)
  to   space 31232K, 0% used [0x00000007b6b80000,0x00000007b6b80000,0x00000007b8a00000)
 ParOldGen       total 147456K, used 62157K [0x00000006e0000000, 0x00000006e9000000, 0x00000007a0000000)
  object space 147456K, 42% used [0x00000006e0000000,0x00000006e3cb3530,0x00000006e9000000)
 Metaspace       used 71657K, committed 72384K, reserved 917504K
  class space    used 9525K, committed 9920K, reserved 851968K
}
Event: 5,118 GC heap before
{Heap before GC invocations=13 (full 3):
 PSYoungGen      total 239104K, used 239081K [0x00000007a0000000, 0x00000007b8a00000, 0x0000000800000000)
  eden space 212992K, 100% used [0x00000007a0000000,0x00000007ad000000,0x00000007ad000000)
  from space 26112K, 99% used [0x00000007ad000000,0x00000007ae97a5e0,0x00000007ae980000)
  to   space 31232K, 0% used [0x00000007b6b80000,0x00000007b6b80000,0x00000007b8a00000)
 ParOldGen       total 147456K, used 62157K [0x00000006e0000000, 0x00000006e9000000, 0x00000007a0000000)
  object space 147456K, 42% used [0x00000006e0000000,0x00000006e3cb3530,0x00000006e9000000)
 Metaspace       used 72036K, committed 72704K, reserved 917504K
  class space    used 9554K, committed 9920K, reserved 851968K
}
Event: 5,144 GC heap after
{Heap after GC invocations=13 (full 3):
 PSYoungGen      total 371712K, used 21824K [0x00000007a0000000, 0x00000007b8b00000, 0x0000000800000000)
  eden space 340480K, 0% used [0x00000007a0000000,0x00000007a0000000,0x00000007b4c80000)
  from space 31232K, 69% used [0x00000007b6b80000,0x00000007b80d0060,0x00000007b8a00000)
  to   space 31744K, 0% used [0x00000007b4c80000,0x00000007b4c80000,0x00000007b6b80000)
 ParOldGen       total 147456K, used 78429K [0x00000006e0000000, 0x00000006e9000000, 0x00000007a0000000)
  object space 147456K, 53% used [0x00000006e0000000,0x00000006e4c974a0,0x00000006e9000000)
 Metaspace       used 72036K, committed 72704K, reserved 917504K
  class space    used 9554K, committed 9920K, reserved 851968K
}
Event: 5,955 GC heap before
{Heap before GC invocations=14 (full 3):
 PSYoungGen      total 371712K, used 362304K [0x00000007a0000000, 0x00000007b8b00000, 0x0000000800000000)
  eden space 340480K, 100% used [0x00000007a0000000,0x00000007b4c80000,0x00000007b4c80000)
  from space 31232K, 69% used [0x00000007b6b80000,0x00000007b80d0060,0x00000007b8a00000)
  to   space 31744K, 0% used [0x00000007b4c80000,0x00000007b4c80000,0x00000007b6b80000)
 ParOldGen       total 147456K, used 78429K [0x00000006e0000000, 0x00000006e9000000, 0x00000007a0000000)
  object space 147456K, 53% used [0x00000006e0000000,0x00000006e4c974a0,0x00000006e9000000)
 Metaspace       used 76872K, committed 77696K, reserved 983040K
  class space    used 10266K, committed 10688K, reserved 851968K
}
Event: 5,975 GC heap after
{Heap after GC invocations=14 (full 3):
 PSYoungGen      total 372224K, used 19961K [0x00000007a0000000, 0x00000007c5100000, 0x0000000800000000)
  eden space 340480K, 0% used [0x00000007a0000000,0x00000007a0000000,0x00000007b4c80000)
  from space 31744K, 62% used [0x00000007b4c80000,0x00000007b5ffe5e8,0x00000007b6b80000)
  to   space 31232K, 0% used [0x00000007c3280000,0x00000007c3280000,0x00000007c5100000)
 ParOldGen       total 147456K, used 96892K [0x00000006e0000000, 0x00000006e9000000, 0x00000007a0000000)
  object space 147456K, 65% used [0x00000006e0000000,0x00000006e5e9f160,0x00000006e9000000)
 Metaspace       used 76872K, committed 77696K, reserved 983040K
  class space    used 10266K, committed 10688K, reserved 851968K
}
Event: 77,892 GC heap before
{Heap before GC invocations=15 (full 3):
 PSYoungGen      total 372224K, used 360441K [0x00000007a0000000, 0x00000007c5100000, 0x0000000800000000)
  eden space 340480K, 100% used [0x00000007a0000000,0x00000007b4c80000,0x00000007b4c80000)
  from space 31744K, 62% used [0x00000007b4c80000,0x00000007b5ffe5e8,0x00000007b6b80000)
  to   space 31232K, 0% used [0x00000007c3280000,0x00000007c3280000,0x00000007c5100000)
 ParOldGen       total 147456K, used 96892K [0x00000006e0000000, 0x00000006e9000000, 0x00000007a0000000)
  object space 147456K, 65% used [0x00000006e0000000,0x00000006e5e9f160,0x00000006e9000000)
 Metaspace       used 86555K, committed 87424K, reserved 983040K
  class space    used 11580K, committed 12032K, reserved 851968K
}
Event: 77,906 GC heap after
{Heap after GC invocations=15 (full 3):
 PSYoungGen      total 574976K, used 12418K [0x00000007a0000000, 0x00000007c5000000, 0x0000000800000000)
  eden space 544768K, 0% used [0x00000007a0000000,0x00000007a0000000,0x00000007c1400000)
  from space 30208K, 41% used [0x00000007c3280000,0x00000007c3ea0ae8,0x00000007c5000000)
  to   space 30720K, 0% used [0x00000007c1400000,0x00000007c1400000,0x00000007c3200000)
 ParOldGen       total 147456K, used 113925K [0x00000006e0000000, 0x00000006e9000000, 0x00000007a0000000)
  object space 147456K, 77% used [0x00000006e0000000,0x00000006e6f41700,0x00000006e9000000)
 Metaspace       used 86555K, committed 87424K, reserved 983040K
  class space    used 11580K, committed 12032K, reserved 851968K
}

