# JRE version: OpenJDK Runtime Environment (17.0.9) (build 17.0.9+0-17.0.9b1087.7-11185874)
# Java VM: OpenJDK 64-Bit Server VM (17.0.9+0-17.0.9b1087.7-11185874, mixed mode, tiered, compressed oops, compressed class ptrs, g1 gc, linux-amd64)
GC Precious Log:
 CPUs: 16 total, 12 available
 Memory: 13817M
 Large Page Support: Disabled
 NUMA Support: Disabled
 Compressed Oops: Enabled (Zero based)
 Heap Region Size: 2M
 Heap Min Capacity: 8M
 Heap Initial Capacity: 216M
 Heap Max Capacity: 3456M
 Pre-touch: Disabled
 Parallel Workers: 10
 Concurrent Workers: 3
 Concurrent Refinement Workers: 10
 Periodic GC: Disabled
Heap:
 garbage-first heap   total 131072K, used 87547K [0x0000000728000000, 0x0000000800000000)
  region size 2048K, 28 young (57344K), 4 survivors (8192K)
 Metaspace       used 46573K, committed 46848K, reserved 1114112K
  class space    used 5446K, committed 5568K, reserved 1048576K
GC Heap History (20 events):
Event: 0,299 GC heap after
{Heap after GC invocations=1 (full 0):
 garbage-first heap   total 221184K, used 6656K [0x0000000728000000, 0x0000000800000000)
  region size 2048K, 2 young (4096K), 2 survivors (4096K)
 Metaspace       used 11916K, committed 12032K, reserved 1114112K
  class space    used 1035K, committed 1088K, reserved 1048576K
}
Event: 0,596 GC heap before
{Heap before GC invocations=1 (full 0):
 garbage-first heap   total 221184K, used 35328K [0x0000000728000000, 0x0000000800000000)
  region size 2048K, 18 young (36864K), 2 survivors (4096K)
 Metaspace       used 21402K, committed 21504K, reserved 1114112K
  class space    used 2314K, committed 2368K, reserved 1048576K
}
Event: 0,598 GC heap after
{Heap after GC invocations=2 (full 0):
 garbage-first heap   total 221184K, used 8192K [0x0000000728000000, 0x0000000800000000)
  region size 2048K, 2 young (4096K), 2 survivors (4096K)
 Metaspace       used 21402K, committed 21504K, reserved 1114112K
  class space    used 2314K, committed 2368K, reserved 1048576K
}
Event: 0,745 GC heap before
{Heap before GC invocations=3 (full 0):
 garbage-first heap   total 34816K, used 26624K [0x0000000728000000, 0x0000000800000000)
  region size 2048K, 11 young (22528K), 2 survivors (4096K)
 Metaspace       used 24359K, committed 24576K, reserved 1114112K
  class space    used 2948K, committed 3008K, reserved 1048576K
}
Event: 0,750 GC heap after
{Heap after GC invocations=4 (full 0):
 garbage-first heap   total 36864K, used 11861K [0x0000000728000000, 0x0000000800000000)
  region size 2048K, 4 young (8192K), 4 survivors (8192K)
 Metaspace       used 24359K, committed 24576K, reserved 1114112K
  class space    used 2948K, committed 3008K, reserved 1048576K
}
Event: 0,782 GC heap before
{Heap before GC invocations=4 (full 0):
 garbage-first heap   total 36864K, used 24149K [0x0000000728000000, 0x0000000800000000)
  region size 2048K, 10 young (20480K), 4 survivors (8192K)
 Metaspace       used 24513K, committed 24704K, reserved 1114112K
  class space    used 2948K, committed 3008K, reserved 1048576K
}
Event: 0,790 GC heap after
{Heap after GC invocations=5 (full 0):
 garbage-first heap   total 36864K, used 15704K [0x0000000728000000, 0x0000000800000000)
  region size 2048K, 2 young (4096K), 2 survivors (4096K)
 Metaspace       used 24513K, committed 24704K, reserved 1114112K
  class space    used 2948K, committed 3008K, reserved 1048576K
}
Event: 0,810 GC heap before
{Heap before GC invocations=5 (full 0):
 garbage-first heap   total 36864K, used 25944K [0x0000000728000000, 0x0000000800000000)
  region size 2048K, 7 young (14336K), 2 survivors (4096K)
 Metaspace       used 24525K, committed 24768K, reserved 1114112K
  class space    used 2948K, committed 3008K, reserved 1048576K
}
Event: 0,814 GC heap after
{Heap after GC invocations=6 (full 0):
 garbage-first heap   total 36864K, used 20154K [0x0000000728000000, 0x0000000800000000)
  region size 2048K, 1 young (2048K), 1 survivors (2048K)
 Metaspace       used 24525K, committed 24768K, reserved 1114112K
  class space    used 2948K, committed 3008K, reserved 1048576K
}
Event: 0,879 GC heap before
{Heap before GC invocations=6 (full 0):
 garbage-first heap   total 36864K, used 26298K [0x0000000728000000, 0x0000000800000000)
  region size 2048K, 4 young (8192K), 1 survivors (2048K)
 Metaspace       used 25176K, committed 25408K, reserved 1114112K
  class space    used 3019K, committed 3136K, reserved 1048576K
}
Event: 0,881 GC heap after
{Heap after GC invocations=7 (full 0):
 garbage-first heap   total 36864K, used 22528K [0x0000000728000000, 0x0000000800000000)
  region size 2048K, 1 young (2048K), 1 survivors (2048K)
 Metaspace       used 25176K, committed 25408K, reserved 1114112K
  class space    used 3019K, committed 3136K, reserved 1048576K
}
Event: 0,921 GC heap before
{Heap before GC invocations=8 (full 0):
 garbage-first heap   total 40960K, used 26624K [0x0000000728000000, 0x0000000800000000)
  region size 2048K, 3 young (6144K), 1 survivors (2048K)
 Metaspace       used 26482K, committed 26688K, reserved 1114112K
  class space    used 3383K, committed 3520K, reserved 1048576K
}
Event: 0,922 GC heap after
{Heap after GC invocations=9 (full 0):
 garbage-first heap   total 40960K, used 22908K [0x0000000728000000, 0x0000000800000000)
  region size 2048K, 1 young (2048K), 1 survivors (2048K)
 Metaspace       used 26482K, committed 26688K, reserved 1114112K
  class space    used 3383K, committed 3520K, reserved 1048576K
}
Event: 0,940 GC heap before
{Heap before GC invocations=9 (full 0):
 garbage-first heap   total 40960K, used 24956K [0x0000000728000000, 0x0000000800000000)
  region size 2048K, 2 young (4096K), 1 survivors (2048K)
 Metaspace       used 27112K, committed 27328K, reserved 1114112K
  class space    used 3460K, committed 3584K, reserved 1048576K
}
Event: 0,942 GC heap after
{Heap after GC invocations=10 (full 0):
 garbage-first heap   total 131072K, used 22634K [0x0000000728000000, 0x0000000800000000)
  region size 2048K, 1 young (2048K), 1 survivors (2048K)
 Metaspace       used 27112K, committed 27328K, reserved 1114112K
  class space    used 3460K, committed 3584K, reserved 1048576K
}
Event: 1,349 GC heap before
{Heap before GC invocations=10 (full 0):
 garbage-first heap   total 131072K, used 84074K [0x0000000728000000, 0x0000000800000000)
  region size 2048K, 30 young (61440K), 1 survivors (2048K)
 Metaspace       used 37571K, committed 37760K, reserved 1114112K
  class space    used 4529K, committed 4608K, reserved 1048576K
}
Event: 1,354 GC heap after
{Heap after GC invocations=11 (full 0):
 garbage-first heap   total 131072K, used 27515K [0x0000000728000000, 0x0000000800000000)
  region size 2048K, 4 young (8192K), 4 survivors (8192K)
 Metaspace       used 37571K, committed 37760K, reserved 1114112K
  class space    used 4529K, committed 4608K, reserved 1048576K
}
Event: 1,825 GC heap before
{Heap before GC invocations=11 (full 0):
 garbage-first heap   total 131072K, used 78715K [0x0000000728000000, 0x0000000800000000)
  region size 2048K, 30 young (61440K), 4 survivors (8192K)
 Metaspace       used 42546K, committed 42688K, reserved 1114112K
  class space    used 5056K, committed 5120K, reserved 1048576K
}
Event: 1,834 GC heap after
{Heap after GC invocations=12 (full 0):
 garbage-first heap   total 131072K, used 36347K [0x0000000728000000, 0x0000000800000000)
  region size 2048K, 4 young (8192K), 4 survivors (8192K)
 Metaspace       used 42546K, committed 42688K, reserved 1114112K
  class space    used 5056K, committed 5120K, reserved 1048576K
}
Event: 2,371 GC heap before
{Heap before GC invocations=13 (full 0):
 garbage-first heap   total 131072K, used 85499K [0x0000000728000000, 0x0000000800000000)
  region size 2048K, 28 young (57344K), 4 survivors (8192K)
 Metaspace       used 46573K, committed 46848K, reserved 1114112K
  class space    used 5446K, committed 5568K, reserved 1048576K
}

