# JRE version: OpenJDK Runtime Environment (17.0.9) (build 17.0.9+0-17.0.9b1087.7-11185874)
# Java VM: OpenJDK 64-Bit Server VM (17.0.9+0-17.0.9b1087.7-11185874, mixed mode, tiered, compressed oops, compressed class ptrs, g1 gc, linux-amd64)
GC Precious Log:
 CPUs: 16 total, 12 available
 Memory: 13817M
 Large Page Support: Disabled
 NUMA Support: Disabled
 Compressed Oops: Enabled (Zero based)
 Heap Region Size: 4M
 Heap Min Capacity: 8M
 Heap Initial Capacity: 216M
 Heap Max Capacity: 4608M
 Pre-touch: Disabled
 Parallel Workers: 10
 Concurrent Workers: 3
 Concurrent Refinement Workers: 10
 Periodic GC: Disabled
Heap:
 garbage-first heap   total 360448K, used 273804K [0x00000006e0000000, 0x0000000800000000)
  region size 4096K, 20 young (81920K), 5 survivors (20480K)
 Metaspace       used 115930K, committed 116928K, reserved 1179648K
  class space    used 15855K, committed 16320K, reserved 1048576K
GC Heap History (20 events):
Event: 7,829 GC heap before
{Heap before GC invocations=41 (full 0):
 garbage-first heap   total 212992K, used 151511K [0x00000006e0000000, 0x0000000800000000)
  region size 4096K, 12 young (49152K), 2 survivors (8192K)
 Metaspace       used 110819K, committed 111680K, reserved 1179648K
  class space    used 15335K, committed 15744K, reserved 1048576K
}
Event: 7,836 GC heap after
{Heap after GC invocations=42 (full 0):
 garbage-first heap   total 212992K, used 117527K [0x00000006e0000000, 0x0000000800000000)
  region size 4096K, 2 young (8192K), 2 survivors (8192K)
 Metaspace       used 110819K, committed 111680K, reserved 1179648K
  class space    used 15335K, committed 15744K, reserved 1048576K
}
Event: 7,901 GC heap before
{Heap before GC invocations=42 (full 0):
 garbage-first heap   total 212992K, used 166679K [0x00000006e0000000, 0x0000000800000000)
  region size 4096K, 14 young (57344K), 2 survivors (8192K)
 Metaspace       used 110929K, committed 111808K, reserved 1179648K
  class space    used 15336K, committed 15744K, reserved 1048576K
}
Event: 7,906 GC heap after
{Heap after GC invocations=43 (full 0):
 garbage-first heap   total 294912K, used 121743K [0x00000006e0000000, 0x0000000800000000)
  region size 4096K, 2 young (8192K), 2 survivors (8192K)
 Metaspace       used 110929K, committed 111808K, reserved 1179648K
  class space    used 15336K, committed 15744K, reserved 1048576K
}
Event: 8,155 GC heap before
{Heap before GC invocations=44 (full 0):
 garbage-first heap   total 294912K, used 220047K [0x00000006e0000000, 0x0000000800000000)
  region size 4096K, 26 young (106496K), 2 survivors (8192K)
 Metaspace       used 111746K, committed 112640K, reserved 1179648K
  class space    used 15409K, committed 15872K, reserved 1048576K
}
Event: 8,159 GC heap after
{Heap after GC invocations=45 (full 0):
 garbage-first heap   total 294912K, used 126612K [0x00000006e0000000, 0x0000000800000000)
  region size 4096K, 3 young (12288K), 3 survivors (12288K)
 Metaspace       used 111746K, committed 112640K, reserved 1179648K
  class space    used 15409K, committed 15872K, reserved 1048576K
}
Event: 8,348 GC heap before
{Heap before GC invocations=45 (full 0):
 garbage-first heap   total 294912K, used 224916K [0x00000006e0000000, 0x0000000800000000)
  region size 4096K, 28 young (114688K), 3 survivors (12288K)
 Metaspace       used 112088K, committed 112960K, reserved 1179648K
  class space    used 15436K, committed 15872K, reserved 1048576K
}
Event: 8,354 GC heap after
{Heap after GC invocations=46 (full 0):
 garbage-first heap   total 294912K, used 131553K [0x00000006e0000000, 0x0000000800000000)
  region size 4096K, 4 young (16384K), 4 survivors (16384K)
 Metaspace       used 112088K, committed 112960K, reserved 1179648K
  class space    used 15436K, committed 15872K, reserved 1048576K
}
Event: 8,710 GC heap before
{Heap before GC invocations=46 (full 0):
 garbage-first heap   total 294912K, used 225761K [0x00000006e0000000, 0x0000000800000000)
  region size 4096K, 28 young (114688K), 4 survivors (16384K)
 Metaspace       used 113918K, committed 114816K, reserved 1179648K
  class space    used 15603K, committed 16000K, reserved 1048576K
}
Event: 8,717 GC heap after
{Heap after GC invocations=47 (full 0):
 garbage-first heap   total 294912K, used 136976K [0x00000006e0000000, 0x0000000800000000)
  region size 4096K, 4 young (16384K), 4 survivors (16384K)
 Metaspace       used 113918K, committed 114816K, reserved 1179648K
  class space    used 15603K, committed 16000K, reserved 1048576K
}
Event: 8,969 GC heap before
{Heap before GC invocations=47 (full 0):
 garbage-first heap   total 294912K, used 227088K [0x00000006e0000000, 0x0000000800000000)
  region size 4096K, 27 young (110592K), 4 survivors (16384K)
 Metaspace       used 114904K, committed 115776K, reserved 1179648K
  class space    used 15755K, committed 16192K, reserved 1048576K
}
Event: 8,976 GC heap after
{Heap after GC invocations=48 (full 0):
 garbage-first heap   total 294912K, used 142193K [0x00000006e0000000, 0x0000000800000000)
  region size 4096K, 4 young (16384K), 4 survivors (16384K)
 Metaspace       used 114904K, committed 115776K, reserved 1179648K
  class space    used 15755K, committed 16192K, reserved 1048576K
}
Event: 9,137 GC heap before
{Heap before GC invocations=48 (full 0):
 garbage-first heap   total 294912K, used 228209K [0x00000006e0000000, 0x0000000800000000)
  region size 4096K, 26 young (106496K), 4 survivors (16384K)
 Metaspace       used 115084K, committed 116032K, reserved 1179648K
  class space    used 15771K, committed 16256K, reserved 1048576K
}
Event: 9,143 GC heap after
{Heap after GC invocations=49 (full 0):
 garbage-first heap   total 360448K, used 146275K [0x00000006e0000000, 0x0000000800000000)
  region size 4096K, 2 young (8192K), 2 survivors (8192K)
 Metaspace       used 115084K, committed 116032K, reserved 1179648K
  class space    used 15771K, committed 16256K, reserved 1048576K
}
Event: 9,387 GC heap before
{Heap before GC invocations=49 (full 0):
 garbage-first heap   total 360448K, used 289635K [0x00000006e0000000, 0x0000000800000000)
  region size 4096K, 38 young (155648K), 2 survivors (8192K)
 Metaspace       used 115512K, committed 116416K, reserved 1179648K
  class space    used 15816K, committed 16256K, reserved 1048576K
}
Event: 9,393 GC heap after
{Heap after GC invocations=50 (full 0):
 garbage-first heap   total 360448K, used 150849K [0x00000006e0000000, 0x0000000800000000)
  region size 4096K, 3 young (12288K), 3 survivors (12288K)
 Metaspace       used 115512K, committed 116416K, reserved 1179648K
  class space    used 15816K, committed 16256K, reserved 1048576K
}
Event: 9,431 GC heap before
{Heap before GC invocations=50 (full 0):
 garbage-first heap   total 360448K, used 183617K [0x00000006e0000000, 0x0000000800000000)
  region size 4096K, 12 young (49152K), 3 survivors (12288K)
 Metaspace       used 115705K, committed 116608K, reserved 1179648K
  class space    used 15836K, committed 16256K, reserved 1048576K
}
Event: 9,436 GC heap after
{Heap after GC invocations=51 (full 0):
 garbage-first heap   total 360448K, used 163355K [0x00000006e0000000, 0x0000000800000000)
  region size 4096K, 4 young (16384K), 4 survivors (16384K)
 Metaspace       used 115705K, committed 116608K, reserved 1179648K
  class space    used 15836K, committed 16256K, reserved 1048576K
}
Event: 9,514 GC heap before
{Heap before GC invocations=51 (full 0):
 garbage-first heap   total 360448K, used 224795K [0x00000006e0000000, 0x0000000800000000)
  region size 4096K, 14 young (57344K), 4 survivors (16384K)
 Metaspace       used 115913K, committed 116864K, reserved 1179648K
  class space    used 15855K, committed 16320K, reserved 1048576K
}
Event: 9,521 GC heap after
{Heap after GC invocations=52 (full 0):
 garbage-first heap   total 360448K, used 200076K [0x00000006e0000000, 0x0000000800000000)
  region size 4096K, 5 young (20480K), 5 survivors (20480K)
 Metaspace       used 115913K, committed 116864K, reserved 1179648K
  class space    used 15855K, committed 16320K, reserved 1048576K
}

