# JRE version: OpenJDK Runtime Environment (17.0.9) (build 17.0.9+0-17.0.9b1087.7-11185874)
# Java VM: OpenJDK 64-Bit Server VM (17.0.9+0-17.0.9b1087.7-11185874, mixed mode, tiered, compressed oops, compressed class ptrs, parallel gc, linux-amd64)
GC Precious Log:
 CPUs: 16 total, 12 available
 Memory: 13817M
 Large Page Support: Disabled
 NUMA Support: Disabled
 Compressed Oops: Enabled (Zero based)
 Alignments: Space 512K, Generation 512K, Heap 2M
 Heap Min Capacity: 8M
 Heap Initial Capacity: 216M
 Heap Max Capacity: 4608M
 Pre-touch: Disabled
 Parallel Workers: 10
Heap:
 PSYoungGen      total 119808K, used 45394K [0x00000007a0000000, 0x00000007a7e00000, 0x0000000800000000)
  eden space 110592K, 41% used [0x00000007a0000000,0x00000007a2c548e8,0x00000007a6c00000)
  from space 9216K, 0% used [0x00000007a7500000,0x00000007a7500000,0x00000007a7e00000)
  to   space 9216K, 0% used [0x00000007a6c00000,0x00000007a6c00000,0x00000007a7500000)
 ParOldGen       total 147456K, used 16912K [0x00000006e0000000, 0x00000006e9000000, 0x00000007a0000000)
  object space 147456K, 11% used [0x00000006e0000000,0x00000006e1084318,0x00000006e9000000)
 Metaspace       used 27466K, committed 27776K, reserved 917504K
  class space    used 3633K, committed 3776K, reserved 851968K
GC Heap History (6 events):
Event: 0,402 GC heap before
{Heap before GC invocations=1 (full 0):
 PSYoungGen      total 64512K, used 55296K [0x00000007a0000000, 0x00000007a4800000, 0x0000000800000000)
  eden space 55296K, 100% used [0x00000007a0000000,0x00000007a3600000,0x00000007a3600000)
  from space 9216K, 0% used [0x00000007a3f00000,0x00000007a3f00000,0x00000007a4800000)
  to   space 9216K, 0% used [0x00000007a3600000,0x00000007a3600000,0x00000007a3f00000)
 ParOldGen       total 147456K, used 0K [0x00000006e0000000, 0x00000006e9000000, 0x00000007a0000000)
  object space 147456K, 0% used [0x00000006e0000000,0x00000006e0000000,0x00000006e9000000)
 Metaspace       used 11489K, committed 11648K, reserved 917504K
  class space    used 1207K, committed 1280K, reserved 851968K
}
Event: 0,407 GC heap after
{Heap after GC invocations=1 (full 0):
 PSYoungGen      total 64512K, used 9207K [0x00000007a0000000, 0x00000007a7e00000, 0x0000000800000000)
  eden space 55296K, 0% used [0x00000007a0000000,0x00000007a0000000,0x00000007a3600000)
  from space 9216K, 99% used [0x00000007a3600000,0x00000007a3efde80,0x00000007a3f00000)
  to   space 9216K, 0% used [0x00000007a7500000,0x00000007a7500000,0x00000007a7e00000)
 ParOldGen       total 147456K, used 4597K [0x00000006e0000000, 0x00000006e9000000, 0x00000007a0000000)
  object space 147456K, 3% used [0x00000006e0000000,0x00000006e047d4b8,0x00000006e9000000)
 Metaspace       used 11489K, committed 11648K, reserved 917504K
  class space    used 1207K, committed 1280K, reserved 851968K
}
Event: 0,743 GC heap before
{Heap before GC invocations=2 (full 0):
 PSYoungGen      total 64512K, used 48406K [0x00000007a0000000, 0x00000007a7e00000, 0x0000000800000000)
  eden space 55296K, 70% used [0x00000007a0000000,0x00000007a2647ca0,0x00000007a3600000)
  from space 9216K, 99% used [0x00000007a3600000,0x00000007a3efde80,0x00000007a3f00000)
  to   space 9216K, 0% used [0x00000007a7500000,0x00000007a7500000,0x00000007a7e00000)
 ParOldGen       total 147456K, used 4597K [0x00000006e0000000, 0x00000006e9000000, 0x00000007a0000000)
  object space 147456K, 3% used [0x00000006e0000000,0x00000006e047d4b8,0x00000006e9000000)
 Metaspace       used 21320K, committed 21504K, reserved 917504K
  class space    used 2543K, committed 2624K, reserved 851968K
}
Event: 0,747 GC heap after
{Heap after GC invocations=2 (full 0):
 PSYoungGen      total 119808K, used 9212K [0x00000007a0000000, 0x00000007a7e00000, 0x0000000800000000)
  eden space 110592K, 0% used [0x00000007a0000000,0x00000007a0000000,0x00000007a6c00000)
  from space 9216K, 99% used [0x00000007a7500000,0x00000007a7dff3a0,0x00000007a7e00000)
  to   space 9216K, 0% used [0x00000007a6c00000,0x00000007a6c00000,0x00000007a7500000)
 ParOldGen       total 147456K, used 7996K [0x00000006e0000000, 0x00000006e9000000, 0x00000007a0000000)
  object space 147456K, 5% used [0x00000006e0000000,0x00000006e07cf3b8,0x00000006e9000000)
 Metaspace       used 21320K, committed 21504K, reserved 917504K
  class space    used 2543K, committed 2624K, reserved 851968K
}
Event: 0,747 GC heap before
{Heap before GC invocations=3 (full 1):
 PSYoungGen      total 119808K, used 9212K [0x00000007a0000000, 0x00000007a7e00000, 0x0000000800000000)
  eden space 110592K, 0% used [0x00000007a0000000,0x00000007a0000000,0x00000007a6c00000)
  from space 9216K, 99% used [0x00000007a7500000,0x00000007a7dff3a0,0x00000007a7e00000)
  to   space 9216K, 0% used [0x00000007a6c00000,0x00000007a6c00000,0x00000007a7500000)
 ParOldGen       total 147456K, used 7996K [0x00000006e0000000, 0x00000006e9000000, 0x00000007a0000000)
  object space 147456K, 5% used [0x00000006e0000000,0x00000006e07cf3b8,0x00000006e9000000)
 Metaspace       used 21320K, committed 21504K, reserved 917504K
  class space    used 2543K, committed 2624K, reserved 851968K
}
Event: 0,755 GC heap after
{Heap after GC invocations=3 (full 1):
 PSYoungGen      total 119808K, used 0K [0x00000007a0000000, 0x00000007a7e00000, 0x0000000800000000)
  eden space 110592K, 0% used [0x00000007a0000000,0x00000007a0000000,0x00000007a6c00000)
  from space 9216K, 0% used [0x00000007a7500000,0x00000007a7500000,0x00000007a7e00000)
  to   space 9216K, 0% used [0x00000007a6c00000,0x00000007a6c00000,0x00000007a7500000)
 ParOldGen       total 147456K, used 16912K [0x00000006e0000000, 0x00000006e9000000, 0x00000007a0000000)
  object space 147456K, 11% used [0x00000006e0000000,0x00000006e1084318,0x00000006e9000000)
 Metaspace       used 21320K, committed 21504K, reserved 917504K
  class space    used 2543K, committed 2624K, reserved 851968K
}

