# JRE version: OpenJDK Runtime Environment (17.0.9) (build 17.0.9+0-17.0.9b1087.7-11185874)
# Java VM: OpenJDK 64-Bit Server VM (17.0.9+0-17.0.9b1087.7-11185874, mixed mode, tiered, compressed oops, compressed class ptrs, parallel gc, linux-amd64)
GC Precious Log:
 CPUs: 16 total, 12 available
 Memory: 13817M
 Large Page Support: Disabled
 NUMA Support: Disabled
 Compressed Oops: Enabled (Zero based)
 Alignments: Space 512K, Generation 512K, Heap 2M
 Heap Min Capacity: 8M
 Heap Initial Capacity: 216M
 Heap Max Capacity: 4608M
 Pre-touch: Disabled
 Parallel Workers: 10
Heap:
 PSYoungGen      total 747520K, used 747518K [0x00000007a0000000, 0x00000007dec00000, 0x0000000800000000)
  eden space 609280K, 100% used [0x00000007a0000000,0x00000007c5300000,0x00000007c5300000)
  from space 138240K, 99% used [0x00000007c5300000,0x00000007cd9ff968,0x00000007cda00000)
  to   space 164352K, 61% used [0x00000007d4b80000,0x00000007daeb5338,0x00000007dec00000)
 ParOldGen       total 1720320K, used 1543875K [0x00000006e0000000, 0x0000000749000000, 0x00000007a0000000)
  object space 1720320K, 89% used [0x00000006e0000000,0x000000073e3b0e80,0x0000000749000000)
 Metaspace       used 112030K, committed 112960K, reserved 983040K
  class space    used 15256K, committed 15744K, reserved 851968K
GC Heap History (20 events):
Event: 5,627 GC heap after
{Heap after GC invocations=18 (full 3):
 PSYoungGen      total 299520K, used 24046K [0x00000007a0000000, 0x00000007beb80000, 0x0000000800000000)
  eden space 275456K, 0% used [0x00000007a0000000,0x00000007a0000000,0x00000007b0d00000)
  from space 24064K, 99% used [0x00000007b0d00000,0x00000007b247b910,0x00000007b2480000)
  to   space 31232K, 0% used [0x00000007bcd00000,0x00000007bcd00000,0x00000007beb80000)
 ParOldGen       total 147456K, used 97307K [0x00000006e0000000, 0x00000006e9000000, 0x00000007a0000000)
  object space 147456K, 65% used [0x00000006e0000000,0x00000006e5f06cc8,0x00000006e9000000)
 Metaspace       used 80720K, committed 81600K, reserved 983040K
  class space    used 10740K, committed 11200K, reserved 851968K
}
Event: 5,913 GC heap before
{Heap before GC invocations=19 (full 3):
 PSYoungGen      total 299520K, used 299502K [0x00000007a0000000, 0x00000007beb80000, 0x0000000800000000)
  eden space 275456K, 100% used [0x00000007a0000000,0x00000007b0d00000,0x00000007b0d00000)
  from space 24064K, 99% used [0x00000007b0d00000,0x00000007b247b910,0x00000007b2480000)
  to   space 31232K, 0% used [0x00000007bcd00000,0x00000007bcd00000,0x00000007beb80000)
 ParOldGen       total 147456K, used 97314K [0x00000006e0000000, 0x00000006e9000000, 0x00000007a0000000)
  object space 147456K, 65% used [0x00000006e0000000,0x00000006e5f08b48,0x00000006e9000000)
 Metaspace       used 84223K, committed 85056K, reserved 983040K
  class space    used 11232K, committed 11648K, reserved 851968K
}
Event: 5,939 GC heap after
{Heap after GC invocations=19 (full 3):
 PSYoungGen      total 453120K, used 31212K [0x00000007a0000000, 0x00000007c1080000, 0x0000000800000000)
  eden space 421888K, 0% used [0x00000007a0000000,0x00000007a0000000,0x00000007b9c00000)
  from space 31232K, 99% used [0x00000007bcd00000,0x00000007beb7b368,0x00000007beb80000)
  to   space 50176K, 0% used [0x00000007b9c00000,0x00000007b9c00000,0x00000007bcd00000)
 ParOldGen       total 147456K, used 136590K [0x00000006e0000000, 0x00000006e9000000, 0x00000007a0000000)
  object space 147456K, 92% used [0x00000006e0000000,0x00000006e8563818,0x00000006e9000000)
 Metaspace       used 84223K, committed 85056K, reserved 983040K
  class space    used 11232K, committed 11648K, reserved 851968K
}
Event: 5,939 GC heap before
{Heap before GC invocations=20 (full 4):
 PSYoungGen      total 453120K, used 31212K [0x00000007a0000000, 0x00000007c1080000, 0x0000000800000000)
  eden space 421888K, 0% used [0x00000007a0000000,0x00000007a0000000,0x00000007b9c00000)
  from space 31232K, 99% used [0x00000007bcd00000,0x00000007beb7b368,0x00000007beb80000)
  to   space 50176K, 0% used [0x00000007b9c00000,0x00000007b9c00000,0x00000007bcd00000)
 ParOldGen       total 147456K, used 136590K [0x00000006e0000000, 0x00000006e9000000, 0x00000007a0000000)
  object space 147456K, 92% used [0x00000006e0000000,0x00000006e8563818,0x00000006e9000000)
 Metaspace       used 84223K, committed 85056K, reserved 983040K
  class space    used 11232K, committed 11648K, reserved 851968K
}
Event: 6,045 GC heap after
{Heap after GC invocations=20 (full 4):
 PSYoungGen      total 453120K, used 12446K [0x00000007a0000000, 0x00000007c5700000, 0x0000000800000000)
  eden space 421888K, 0% used [0x00000007a0000000,0x00000007a0000000,0x00000007b9c00000)
  from space 31232K, 39% used [0x00000007bcd00000,0x00000007bd927958,0x00000007beb80000)
  to   space 50176K, 0% used [0x00000007b9c00000,0x00000007b9c00000,0x00000007bcd00000)
 ParOldGen       total 253952K, used 147130K [0x00000006e0000000, 0x00000006ef800000, 0x00000007a0000000)
  object space 253952K, 57% used [0x00000006e0000000,0x00000006e8faeba0,0x00000006ef800000)
 Metaspace       used 84213K, committed 85056K, reserved 983040K
  class space    used 11229K, committed 11648K, reserved 851968K
}
Event: 6,471 GC heap before
{Heap before GC invocations=21 (full 4):
 PSYoungGen      total 453120K, used 434334K [0x00000007a0000000, 0x00000007c5700000, 0x0000000800000000)
  eden space 421888K, 100% used [0x00000007a0000000,0x00000007b9c00000,0x00000007b9c00000)
  from space 31232K, 39% used [0x00000007bcd00000,0x00000007bd927958,0x00000007beb80000)
  to   space 50176K, 0% used [0x00000007b9c00000,0x00000007b9c00000,0x00000007bcd00000)
 ParOldGen       total 253952K, used 147130K [0x00000006e0000000, 0x00000006ef800000, 0x00000007a0000000)
  object space 253952K, 57% used [0x00000006e0000000,0x00000006e8faeba0,0x00000006ef800000)
 Metaspace       used 90709K, committed 91584K, reserved 983040K
  class space    used 12044K, committed 12480K, reserved 851968K
}
Event: 6,507 GC heap after
{Heap after GC invocations=21 (full 4):
 PSYoungGen      total 472064K, used 50166K [0x00000007a0000000, 0x00000007c9a80000, 0x0000000800000000)
  eden space 421888K, 0% used [0x00000007a0000000,0x00000007a0000000,0x00000007b9c00000)
  from space 50176K, 99% used [0x00000007b9c00000,0x00000007bccfda98,0x00000007bcd00000)
  to   space 83456K, 0% used [0x00000007c4900000,0x00000007c4900000,0x00000007c9a80000)
 ParOldGen       total 253952K, used 215671K [0x00000006e0000000, 0x00000006ef800000, 0x00000007a0000000)
  object space 253952K, 84% used [0x00000006e0000000,0x00000006ed29dd28,0x00000006ef800000)
 Metaspace       used 90709K, committed 91584K, reserved 983040K
  class space    used 12044K, committed 12480K, reserved 851968K
}
Event: 6,507 GC heap before
{Heap before GC invocations=22 (full 5):
 PSYoungGen      total 472064K, used 50166K [0x00000007a0000000, 0x00000007c9a80000, 0x0000000800000000)
  eden space 421888K, 0% used [0x00000007a0000000,0x00000007a0000000,0x00000007b9c00000)
  from space 50176K, 99% used [0x00000007b9c00000,0x00000007bccfda98,0x00000007bcd00000)
  to   space 83456K, 0% used [0x00000007c4900000,0x00000007c4900000,0x00000007c9a80000)
 ParOldGen       total 253952K, used 215671K [0x00000006e0000000, 0x00000006ef800000, 0x00000007a0000000)
  object space 253952K, 84% used [0x00000006e0000000,0x00000006ed29dd28,0x00000006ef800000)
 Metaspace       used 90709K, committed 91584K, reserved 983040K
  class space    used 12044K, committed 12480K, reserved 851968K
}
Event: 6,593 GC heap after
{Heap after GC invocations=22 (full 5):
 PSYoungGen      total 530432K, used 0K [0x00000007a0000000, 0x00000007c7900000, 0x0000000800000000)
  eden space 481280K, 0% used [0x00000007a0000000,0x00000007a0000000,0x00000007bd600000)
  from space 49152K, 0% used [0x00000007c4900000,0x00000007c4900000,0x00000007c7900000)
  to   space 83456K, 0% used [0x00000007bd600000,0x00000007bd600000,0x00000007c2780000)
 ParOldGen       total 424448K, used 244493K [0x00000006e0000000, 0x00000006f9e80000, 0x00000007a0000000)
  object space 424448K, 57% used [0x00000006e0000000,0x00000006eeec3428,0x00000006f9e80000)
 Metaspace       used 90709K, committed 91584K, reserved 983040K
  class space    used 12044K, committed 12480K, reserved 851968K
}
Event: 7,016 GC heap before
{Heap before GC invocations=23 (full 5):
 PSYoungGen      total 530432K, used 481280K [0x00000007a0000000, 0x00000007c7900000, 0x0000000800000000)
  eden space 481280K, 100% used [0x00000007a0000000,0x00000007bd600000,0x00000007bd600000)
  from space 49152K, 0% used [0x00000007c4900000,0x00000007c4900000,0x00000007c7900000)
  to   space 83456K, 0% used [0x00000007bd600000,0x00000007bd600000,0x00000007c2780000)
 ParOldGen       total 424448K, used 244496K [0x00000006e0000000, 0x00000006f9e80000, 0x00000007a0000000)
  object space 424448K, 57% used [0x00000006e0000000,0x00000006eeec4320,0x00000006f9e80000)
 Metaspace       used 98665K, committed 99584K, reserved 983040K
  class space    used 13171K, committed 13632K, reserved 851968K
}
Event: 7,051 GC heap after
{Heap after GC invocations=23 (full 5):
 PSYoungGen      total 564736K, used 83433K [0x00000007a0000000, 0x00000007cfb00000, 0x0000000800000000)
  eden space 481280K, 0% used [0x00000007a0000000,0x00000007a0000000,0x00000007bd600000)
  from space 83456K, 99% used [0x00000007bd600000,0x00000007c277a660,0x00000007c2780000)
  to   space 115200K, 0% used [0x00000007c8a80000,0x00000007c8a80000,0x00000007cfb00000)
 ParOldGen       total 424448K, used 291670K [0x00000006e0000000, 0x00000006f9e80000, 0x00000007a0000000)
  object space 424448K, 68% used [0x00000006e0000000,0x00000006f1cd5b80,0x00000006f9e80000)
 Metaspace       used 98665K, committed 99584K, reserved 983040K
  class space    used 13171K, committed 13632K, reserved 851968K
}
Event: 7,466 GC heap before
{Heap before GC invocations=24 (full 5):
 PSYoungGen      total 564736K, used 564713K [0x00000007a0000000, 0x00000007cfb00000, 0x0000000800000000)
  eden space 481280K, 100% used [0x00000007a0000000,0x00000007bd600000,0x00000007bd600000)
  from space 83456K, 99% used [0x00000007bd600000,0x00000007c277a660,0x00000007c2780000)
  to   space 115200K, 0% used [0x00000007c8a80000,0x00000007c8a80000,0x00000007cfb00000)
 ParOldGen       total 424448K, used 291670K [0x00000006e0000000, 0x00000006f9e80000, 0x00000007a0000000)
  object space 424448K, 68% used [0x00000006e0000000,0x00000006f1cd5b80,0x00000006f9e80000)
 Metaspace       used 101816K, committed 102720K, reserved 983040K
  class space    used 13667K, committed 14144K, reserved 851968K
}
Event: 7,524 GC heap after
{Heap after GC invocations=24 (full 5):
 PSYoungGen      total 649728K, used 105771K [0x00000007a0000000, 0x00000007d2700000, 0x0000000800000000)
  eden space 534528K, 0% used [0x00000007a0000000,0x00000007a0000000,0x00000007c0a00000)
  from space 115200K, 91% used [0x00000007c8a80000,0x00000007cf1cac58,0x00000007cfb00000)
  to   space 131584K, 0% used [0x00000007c0a00000,0x00000007c0a00000,0x00000007c8a80000)
 ParOldGen       total 424448K, used 364899K [0x00000006e0000000, 0x00000006f9e80000, 0x00000007a0000000)
  object space 424448K, 85% used [0x00000006e0000000,0x00000006f6458e48,0x00000006f9e80000)
 Metaspace       used 101816K, committed 102720K, reserved 983040K
  class space    used 13667K, committed 14144K, reserved 851968K
}
Event: 7,524 GC heap before
{Heap before GC invocations=25 (full 6):
 PSYoungGen      total 649728K, used 105771K [0x00000007a0000000, 0x00000007d2700000, 0x0000000800000000)
  eden space 534528K, 0% used [0x00000007a0000000,0x00000007a0000000,0x00000007c0a00000)
  from space 115200K, 91% used [0x00000007c8a80000,0x00000007cf1cac58,0x00000007cfb00000)
  to   space 131584K, 0% used [0x00000007c0a00000,0x00000007c0a00000,0x00000007c8a80000)
 ParOldGen       total 424448K, used 364899K [0x00000006e0000000, 0x00000006f9e80000, 0x00000007a0000000)
  object space 424448K, 85% used [0x00000006e0000000,0x00000006f6458e48,0x00000006f9e80000)
 Metaspace       used 101816K, committed 102720K, reserved 983040K
  class space    used 13667K, committed 14144K, reserved 851968K
}
Event: 7,701 GC heap after
{Heap after GC invocations=25 (full 6):
 PSYoungGen      total 666112K, used 0K [0x00000007a0000000, 0x00000007d5a80000, 0x0000000800000000)
  eden space 534528K, 0% used [0x00000007a0000000,0x00000007a0000000,0x00000007c0a00000)
  from space 131584K, 0% used [0x00000007c0a00000,0x00000007c0a00000,0x00000007c8a80000)
  to   space 131584K, 0% used [0x00000007cda00000,0x00000007cda00000,0x00000007d5a80000)
 ParOldGen       total 671232K, used 415139K [0x00000006e0000000, 0x0000000708f80000, 0x00000007a0000000)
  object space 671232K, 61% used [0x00000006e0000000,0x00000006f9568de0,0x0000000708f80000)
 Metaspace       used 101808K, committed 102720K, reserved 983040K
  class space    used 13665K, committed 14144K, reserved 851968K
}
Event: 8,080 GC heap before
{Heap before GC invocations=26 (full 6):
 PSYoungGen      total 666112K, used 534528K [0x00000007a0000000, 0x00000007d5a80000, 0x0000000800000000)
  eden space 534528K, 100% used [0x00000007a0000000,0x00000007c0a00000,0x00000007c0a00000)
  from space 131584K, 0% used [0x00000007c0a00000,0x00000007c0a00000,0x00000007c8a80000)
  to   space 131584K, 0% used [0x00000007cda00000,0x00000007cda00000,0x00000007d5a80000)
 ParOldGen       total 671232K, used 415139K [0x00000006e0000000, 0x0000000708f80000, 0x00000007a0000000)
  object space 671232K, 61% used [0x00000006e0000000,0x00000006f9568de0,0x0000000708f80000)
 Metaspace       used 106424K, committed 107392K, reserved 983040K
  class space    used 14404K, committed 14912K, reserved 851968K
}
Event: 8,120 GC heap after
{Heap after GC invocations=26 (full 6):
 PSYoungGen      total 740864K, used 87197K [0x00000007a0000000, 0x00000007d6680000, 0x0000000800000000)
  eden space 609280K, 0% used [0x00000007a0000000,0x00000007a0000000,0x00000007c5300000)
  from space 131584K, 66% used [0x00000007cda00000,0x00000007d2f27590,0x00000007d5a80000)
  to   space 138240K, 0% used [0x00000007c5300000,0x00000007c5300000,0x00000007cda00000)
 ParOldGen       total 671232K, used 415147K [0x00000006e0000000, 0x0000000708f80000, 0x00000007a0000000)
  object space 671232K, 61% used [0x00000006e0000000,0x00000006f956ade0,0x0000000708f80000)
 Metaspace       used 106424K, committed 107392K, reserved 983040K
  class space    used 14404K, committed 14912K, reserved 851968K
}
Event: 8,960 GC heap before
{Heap before GC invocations=27 (full 6):
 PSYoungGen      total 740864K, used 696477K [0x00000007a0000000, 0x00000007d6680000, 0x0000000800000000)
  eden space 609280K, 100% used [0x00000007a0000000,0x00000007c5300000,0x00000007c5300000)
  from space 131584K, 66% used [0x00000007cda00000,0x00000007d2f27590,0x00000007d5a80000)
  to   space 138240K, 0% used [0x00000007c5300000,0x00000007c5300000,0x00000007cda00000)
 ParOldGen       total 671232K, used 415147K [0x00000006e0000000, 0x0000000708f80000, 0x00000007a0000000)
  object space 671232K, 61% used [0x00000006e0000000,0x00000006f956ade0,0x0000000708f80000)
 Metaspace       used 111058K, committed 112000K, reserved 983040K
  class space    used 15182K, committed 15680K, reserved 851968K
}
Event: 9,018 GC heap after
{Heap after GC invocations=27 (full 6):
 PSYoungGen      total 747520K, used 138238K [0x00000007a0000000, 0x00000007dec00000, 0x0000000800000000)
  eden space 609280K, 0% used [0x00000007a0000000,0x00000007a0000000,0x00000007c5300000)
  from space 138240K, 99% used [0x00000007c5300000,0x00000007cd9ff968,0x00000007cda00000)
  to   space 164352K, 0% used [0x00000007d4b80000,0x00000007d4b80000,0x00000007dec00000)
 ParOldGen       total 671232K, used 422443K [0x00000006e0000000, 0x0000000708f80000, 0x00000007a0000000)
  object space 671232K, 62% used [0x00000006e0000000,0x00000006f9c8ade0,0x0000000708f80000)
 Metaspace       used 111058K, committed 112000K, reserved 983040K
  class space    used 15182K, committed 15680K, reserved 851968K
}
Event: 9,701 GC heap before
{Heap before GC invocations=28 (full 6):
 PSYoungGen      total 747520K, used 747518K [0x00000007a0000000, 0x00000007dec00000, 0x0000000800000000)
  eden space 609280K, 100% used [0x00000007a0000000,0x00000007c5300000,0x00000007c5300000)
  from space 138240K, 99% used [0x00000007c5300000,0x00000007cd9ff968,0x00000007cda00000)
  to   space 164352K, 0% used [0x00000007d4b80000,0x00000007d4b80000,0x00000007dec00000)
 ParOldGen       total 671232K, used 422443K [0x00000006e0000000, 0x0000000708f80000, 0x00000007a0000000)
  object space 671232K, 62% used [0x00000006e0000000,0x00000006f9c8ade0,0x0000000708f80000)
 Metaspace       used 112030K, committed 112960K, reserved 983040K
  class space    used 15256K, committed 15744K, reserved 851968K
}

