# JRE version: OpenJDK Runtime Environment (17.0.9) (build 17.0.9+0-17.0.9b1087.7-11185874)
# Java VM: OpenJDK 64-Bit Server VM (17.0.9+0-17.0.9b1087.7-11185874, mixed mode, tiered, compressed oops, compressed class ptrs, parallel gc, linux-amd64)
GC Precious Log:
 CPUs: 16 total, 12 available
 Memory: 13817M
 Large Page Support: Disabled
 NUMA Support: Disabled
 Compressed Oops: Enabled (Zero based)
 Alignments: Space 512K, Generation 512K, Heap 2M
 Heap Min Capacity: 8M
 Heap Initial Capacity: 216M
 Heap Max Capacity: 4608M
 Pre-touch: Disabled
 Parallel Workers: 10
Heap:
 PSYoungGen      total 704000K, used 703959K [0x00000007a0000000, 0x00000007d5600000, 0x0000000800000000)
  eden space 680448K, 100% used [0x00000007a0000000,0x00000007c9880000,0x00000007c9880000)
  from space 23552K, 99% used [0x00000007d3f00000,0x00000007d55f5c58,0x00000007d5600000)
  to   space 58368K, 90% used [0x00000007ce400000,0x00000007d17521c8,0x00000007d1d00000)
 ParOldGen       total 265216K, used 180699K [0x00000006e0000000, 0x00000006f0300000, 0x00000007a0000000)
  object space 265216K, 68% used [0x00000006e0000000,0x00000006eb076d60,0x00000006f0300000)
 Metaspace       used 120644K, committed 121664K, reserved 983040K
  class space    used 16568K, committed 17088K, reserved 851968K
GC Heap History (20 events):
Event: 3,793 GC heap after
{Heap after GC invocations=9 (full 3):
 PSYoungGen      total 132096K, used 0K [0x00000007a0000000, 0x00000007a9b80000, 0x0000000800000000)
  eden space 107008K, 0% used [0x00000007a0000000,0x00000007a0000000,0x00000007a6880000)
  from space 25088K, 0% used [0x00000007a8300000,0x00000007a8300000,0x00000007a9b80000)
  to   space 26112K, 0% used [0x00000007a6880000,0x00000007a6880000,0x00000007a8200000)
 ParOldGen       total 147456K, used 57910K [0x00000006e0000000, 0x00000006e9000000, 0x00000007a0000000)
  object space 147456K, 39% used [0x00000006e0000000,0x00000006e388da58,0x00000006e9000000)
 Metaspace       used 59229K, committed 59776K, reserved 917504K
  class space    used 7902K, committed 8192K, reserved 851968K
}
Event: 4,297 GC heap before
{Heap before GC invocations=10 (full 3):
 PSYoungGen      total 132096K, used 107008K [0x00000007a0000000, 0x00000007a9b80000, 0x0000000800000000)
  eden space 107008K, 100% used [0x00000007a0000000,0x00000007a6880000,0x00000007a6880000)
  from space 25088K, 0% used [0x00000007a8300000,0x00000007a8300000,0x00000007a9b80000)
  to   space 26112K, 0% used [0x00000007a6880000,0x00000007a6880000,0x00000007a8200000)
 ParOldGen       total 147456K, used 57910K [0x00000006e0000000, 0x00000006e9000000, 0x00000007a0000000)
  object space 147456K, 39% used [0x00000006e0000000,0x00000006e388da58,0x00000006e9000000)
 Metaspace       used 66425K, committed 67136K, reserved 917504K
  class space    used 9114K, committed 9472K, reserved 851968K
}
Event: 4,304 GC heap after
{Heap after GC invocations=10 (full 3):
 PSYoungGen      total 133120K, used 11649K [0x00000007a0000000, 0x00000007b0200000, 0x0000000800000000)
  eden space 107008K, 0% used [0x00000007a0000000,0x00000007a0000000,0x00000007a6880000)
  from space 26112K, 44% used [0x00000007a6880000,0x00000007a73e0430,0x00000007a8200000)
  to   space 25088K, 0% used [0x00000007ae980000,0x00000007ae980000,0x00000007b0200000)
 ParOldGen       total 147456K, used 57918K [0x00000006e0000000, 0x00000006e9000000, 0x00000007a0000000)
  object space 147456K, 39% used [0x00000006e0000000,0x00000006e388fa58,0x00000006e9000000)
 Metaspace       used 66425K, committed 67136K, reserved 917504K
  class space    used 9114K, committed 9472K, reserved 851968K
}
Event: 4,554 GC heap before
{Heap before GC invocations=11 (full 3):
 PSYoungGen      total 133120K, used 118657K [0x00000007a0000000, 0x00000007b0200000, 0x0000000800000000)
  eden space 107008K, 100% used [0x00000007a0000000,0x00000007a6880000,0x00000007a6880000)
  from space 26112K, 44% used [0x00000007a6880000,0x00000007a73e0430,0x00000007a8200000)
  to   space 25088K, 0% used [0x00000007ae980000,0x00000007ae980000,0x00000007b0200000)
 ParOldGen       total 147456K, used 57918K [0x00000006e0000000, 0x00000006e9000000, 0x00000007a0000000)
  object space 147456K, 39% used [0x00000006e0000000,0x00000006e388fa58,0x00000006e9000000)
 Metaspace       used 70984K, committed 71744K, reserved 917504K
  class space    used 9498K, committed 9856K, reserved 851968K
}
Event: 4,563 GC heap after
{Heap after GC invocations=11 (full 3):
 PSYoungGen      total 237056K, used 22121K [0x00000007a0000000, 0x00000007b0600000, 0x0000000800000000)
  eden space 211968K, 0% used [0x00000007a0000000,0x00000007a0000000,0x00000007acf00000)
  from space 25088K, 88% used [0x00000007ae980000,0x00000007aff1a5c0,0x00000007b0200000)
  to   space 27136K, 0% used [0x00000007acf00000,0x00000007acf00000,0x00000007ae980000)
 ParOldGen       total 147456K, used 57926K [0x00000006e0000000, 0x00000006e9000000, 0x00000007a0000000)
  object space 147456K, 39% used [0x00000006e0000000,0x00000006e3891a58,0x00000006e9000000)
 Metaspace       used 70984K, committed 71744K, reserved 917504K
  class space    used 9498K, committed 9856K, reserved 851968K
}
Event: 4,860 GC heap before
{Heap before GC invocations=12 (full 3):
 PSYoungGen      total 237056K, used 234089K [0x00000007a0000000, 0x00000007b0600000, 0x0000000800000000)
  eden space 211968K, 100% used [0x00000007a0000000,0x00000007acf00000,0x00000007acf00000)
  from space 25088K, 88% used [0x00000007ae980000,0x00000007aff1a5c0,0x00000007b0200000)
  to   space 27136K, 0% used [0x00000007acf00000,0x00000007acf00000,0x00000007ae980000)
 ParOldGen       total 147456K, used 57926K [0x00000006e0000000, 0x00000006e9000000, 0x00000007a0000000)
  object space 147456K, 39% used [0x00000006e0000000,0x00000006e3891a58,0x00000006e9000000)
 Metaspace       used 71544K, committed 72256K, reserved 917504K
  class space    used 9512K, committed 9856K, reserved 851968K
}
Event: 4,876 GC heap after
{Heap after GC invocations=12 (full 3):
 PSYoungGen      total 239104K, used 27129K [0x00000007a0000000, 0x00000007b8b80000, 0x0000000800000000)
  eden space 211968K, 0% used [0x00000007a0000000,0x00000007a0000000,0x00000007acf00000)
  from space 27136K, 99% used [0x00000007acf00000,0x00000007ae97e5b0,0x00000007ae980000)
  to   space 32768K, 0% used [0x00000007b6b80000,0x00000007b6b80000,0x00000007b8b80000)
 ParOldGen       total 147456K, used 63170K [0x00000006e0000000, 0x00000006e9000000, 0x00000007a0000000)
  object space 147456K, 42% used [0x00000006e0000000,0x00000006e3db0aa8,0x00000006e9000000)
 Metaspace       used 71544K, committed 72256K, reserved 917504K
  class space    used 9512K, committed 9856K, reserved 851968K
}
Event: 5,120 GC heap before
{Heap before GC invocations=13 (full 3):
 PSYoungGen      total 239104K, used 239097K [0x00000007a0000000, 0x00000007b8b80000, 0x0000000800000000)
  eden space 211968K, 100% used [0x00000007a0000000,0x00000007acf00000,0x00000007acf00000)
  from space 27136K, 99% used [0x00000007acf00000,0x00000007ae97e5b0,0x00000007ae980000)
  to   space 32768K, 0% used [0x00000007b6b80000,0x00000007b6b80000,0x00000007b8b80000)
 ParOldGen       total 147456K, used 63170K [0x00000006e0000000, 0x00000006e9000000, 0x00000007a0000000)
  object space 147456K, 42% used [0x00000006e0000000,0x00000006e3db0aa8,0x00000006e9000000)
 Metaspace       used 72014K, committed 72704K, reserved 917504K
  class space    used 9543K, committed 9920K, reserved 851968K
}
Event: 5,137 GC heap after
{Heap after GC invocations=13 (full 3):
 PSYoungGen      total 371712K, used 21456K [0x00000007a0000000, 0x00000007b8c80000, 0x0000000800000000)
  eden space 338944K, 0% used [0x00000007a0000000,0x00000007a0000000,0x00000007b4b00000)
  from space 32768K, 65% used [0x00000007b6b80000,0x00000007b8074070,0x00000007b8b80000)
  to   space 33280K, 0% used [0x00000007b4b00000,0x00000007b4b00000,0x00000007b6b80000)
 ParOldGen       total 147456K, used 80413K [0x00000006e0000000, 0x00000006e9000000, 0x00000007a0000000)
  object space 147456K, 54% used [0x00000006e0000000,0x00000006e4e87570,0x00000006e9000000)
 Metaspace       used 72014K, committed 72704K, reserved 917504K
  class space    used 9543K, committed 9920K, reserved 851968K
}
Event: 5,835 GC heap before
{Heap before GC invocations=14 (full 3):
 PSYoungGen      total 371712K, used 360400K [0x00000007a0000000, 0x00000007b8c80000, 0x0000000800000000)
  eden space 338944K, 100% used [0x00000007a0000000,0x00000007b4b00000,0x00000007b4b00000)
  from space 32768K, 65% used [0x00000007b6b80000,0x00000007b8074070,0x00000007b8b80000)
  to   space 33280K, 0% used [0x00000007b4b00000,0x00000007b4b00000,0x00000007b6b80000)
 ParOldGen       total 147456K, used 80413K [0x00000006e0000000, 0x00000006e9000000, 0x00000007a0000000)
  object space 147456K, 54% used [0x00000006e0000000,0x00000006e4e87570,0x00000006e9000000)
 Metaspace       used 76792K, committed 77568K, reserved 983040K
  class space    used 10247K, committed 10624K, reserved 851968K
}
Event: 5,857 GC heap after
{Heap after GC invocations=14 (full 3):
 PSYoungGen      total 372224K, used 19465K [0x00000007a0000000, 0x00000007c5100000, 0x0000000800000000)
  eden space 338944K, 0% used [0x00000007a0000000,0x00000007a0000000,0x00000007b4b00000)
  from space 33280K, 58% used [0x00000007b4b00000,0x00000007b5e025d8,0x00000007b6b80000)
  to   space 32256K, 0% used [0x00000007c3180000,0x00000007c3180000,0x00000007c5100000)
 ParOldGen       total 147456K, used 99268K [0x00000006e0000000, 0x00000006e9000000, 0x00000007a0000000)
  object space 147456K, 67% used [0x00000006e0000000,0x00000006e60f11a0,0x00000006e9000000)
 Metaspace       used 76792K, committed 77568K, reserved 983040K
  class space    used 10247K, committed 10624K, reserved 851968K
}
Event: 9,244 GC heap before
{Heap before GC invocations=15 (full 3):
 PSYoungGen      total 372224K, used 358409K [0x00000007a0000000, 0x00000007c5100000, 0x0000000800000000)
  eden space 338944K, 100% used [0x00000007a0000000,0x00000007b4b00000,0x00000007b4b00000)
  from space 33280K, 58% used [0x00000007b4b00000,0x00000007b5e025d8,0x00000007b6b80000)
  to   space 32256K, 0% used [0x00000007c3180000,0x00000007c3180000,0x00000007c5100000)
 ParOldGen       total 147456K, used 99268K [0x00000006e0000000, 0x00000006e9000000, 0x00000007a0000000)
  object space 147456K, 67% used [0x00000006e0000000,0x00000006e60f11a0,0x00000006e9000000)
 Metaspace       used 87091K, committed 88000K, reserved 983040K
  class space    used 11628K, committed 12096K, reserved 851968K
}
Event: 9,269 GC heap after
{Heap after GC invocations=15 (full 3):
 PSYoungGen      total 563712K, used 32240K [0x00000007a0000000, 0x00000007c6700000, 0x0000000800000000)
  eden space 531456K, 0% used [0x00000007a0000000,0x00000007a0000000,0x00000007c0700000)
  from space 32256K, 99% used [0x00000007c3180000,0x00000007c50fc148,0x00000007c5100000)
  to   space 43520K, 0% used [0x00000007c0700000,0x00000007c0700000,0x00000007c3180000)
 ParOldGen       total 147456K, used 119787K [0x00000006e0000000, 0x00000006e9000000, 0x00000007a0000000)
  object space 147456K, 81% used [0x00000006e0000000,0x00000006e74fac68,0x00000006e9000000)
 Metaspace       used 87091K, committed 88000K, reserved 983040K
  class space    used 11628K, committed 12096K, reserved 851968K
}
Event: 10,326 GC heap before
{Heap before GC invocations=16 (full 3):
 PSYoungGen      total 563712K, used 563696K [0x00000007a0000000, 0x00000007c6700000, 0x0000000800000000)
  eden space 531456K, 100% used [0x00000007a0000000,0x00000007c0700000,0x00000007c0700000)
  from space 32256K, 99% used [0x00000007c3180000,0x00000007c50fc148,0x00000007c5100000)
  to   space 43520K, 0% used [0x00000007c0700000,0x00000007c0700000,0x00000007c3180000)
 ParOldGen       total 147456K, used 119787K [0x00000006e0000000, 0x00000006e9000000, 0x00000007a0000000)
  object space 147456K, 81% used [0x00000006e0000000,0x00000006e74fac68,0x00000006e9000000)
 Metaspace       used 91027K, committed 91904K, reserved 983040K
  class space    used 12152K, committed 12608K, reserved 851968K
}
Event: 10,368 GC heap after
{Heap after GC invocations=16 (full 3):
 PSYoungGen      total 574976K, used 43508K [0x00000007a0000000, 0x00000007db680000, 0x0000000800000000)
  eden space 531456K, 0% used [0x00000007a0000000,0x00000007a0000000,0x00000007c0700000)
  from space 43520K, 99% used [0x00000007c0700000,0x00000007c317d340,0x00000007c3180000)
  to   space 61440K, 0% used [0x00000007d7a80000,0x00000007d7a80000,0x00000007db680000)
 ParOldGen       total 151552K, used 151394K [0x00000006e0000000, 0x00000006e9400000, 0x00000007a0000000)
  object space 151552K, 99% used [0x00000006e0000000,0x00000006e93d8800,0x00000006e9400000)
 Metaspace       used 91027K, committed 91904K, reserved 983040K
  class space    used 12152K, committed 12608K, reserved 851968K
}
Event: 10,368 GC heap before
{Heap before GC invocations=17 (full 4):
 PSYoungGen      total 574976K, used 43508K [0x00000007a0000000, 0x00000007db680000, 0x0000000800000000)
  eden space 531456K, 0% used [0x00000007a0000000,0x00000007a0000000,0x00000007c0700000)
  from space 43520K, 99% used [0x00000007c0700000,0x00000007c317d340,0x00000007c3180000)
  to   space 61440K, 0% used [0x00000007d7a80000,0x00000007d7a80000,0x00000007db680000)
 ParOldGen       total 151552K, used 151394K [0x00000006e0000000, 0x00000006e9400000, 0x00000007a0000000)
  object space 151552K, 99% used [0x00000006e0000000,0x00000006e93d8800,0x00000006e9400000)
 Metaspace       used 91027K, committed 91904K, reserved 983040K
  class space    used 12152K, committed 12608K, reserved 851968K
}
Event: 10,545 GC heap after
{Heap after GC invocations=17 (full 4):
 PSYoungGen      total 574976K, used 33701K [0x00000007a0000000, 0x00000007d7b00000, 0x0000000800000000)
  eden space 531456K, 0% used [0x00000007a0000000,0x00000007a0000000,0x00000007c0700000)
  from space 43520K, 77% used [0x00000007c0700000,0x00000007c27e9660,0x00000007c3180000)
  to   space 61440K, 0% used [0x00000007d3f00000,0x00000007d3f00000,0x00000007d7b00000)
 ParOldGen       total 265216K, used 151156K [0x00000006e0000000, 0x00000006f0300000, 0x00000007a0000000)
  object space 265216K, 56% used [0x00000006e0000000,0x00000006e939d080,0x00000006f0300000)
 Metaspace       used 91006K, committed 91904K, reserved 983040K
  class space    used 12148K, committed 12608K, reserved 851968K
}
Event: 38,752 GC heap before
{Heap before GC invocations=18 (full 4):
 PSYoungGen      total 574976K, used 565157K [0x00000007a0000000, 0x00000007d7b00000, 0x0000000800000000)
  eden space 531456K, 100% used [0x00000007a0000000,0x00000007c0700000,0x00000007c0700000)
  from space 43520K, 77% used [0x00000007c0700000,0x00000007c27e9660,0x00000007c3180000)
  to   space 61440K, 0% used [0x00000007d3f00000,0x00000007d3f00000,0x00000007d7b00000)
 ParOldGen       total 265216K, used 151156K [0x00000006e0000000, 0x00000006f0300000, 0x00000007a0000000)
  object space 265216K, 56% used [0x00000006e0000000,0x00000006e939d080,0x00000006f0300000)
 Metaspace       used 119377K, committed 120384K, reserved 983040K
  class space    used 16521K, committed 17024K, reserved 851968K
}
Event: 38,785 GC heap after
{Heap after GC invocations=18 (full 4):
 PSYoungGen      total 704000K, used 23511K [0x00000007a0000000, 0x00000007d5600000, 0x0000000800000000)
  eden space 680448K, 0% used [0x00000007a0000000,0x00000007a0000000,0x00000007c9880000)
  from space 23552K, 99% used [0x00000007d3f00000,0x00000007d55f5c58,0x00000007d5600000)
  to   space 58368K, 0% used [0x00000007ce400000,0x00000007ce400000,0x00000007d1d00000)
 ParOldGen       total 265216K, used 180691K [0x00000006e0000000, 0x00000006f0300000, 0x00000007a0000000)
  object space 265216K, 68% used [0x00000006e0000000,0x00000006eb074d60,0x00000006f0300000)
 Metaspace       used 119377K, committed 120384K, reserved 983040K
  class space    used 16521K, committed 17024K, reserved 851968K
}
Event: 3396,261 GC heap before
{Heap before GC invocations=19 (full 4):
 PSYoungGen      total 704000K, used 703959K [0x00000007a0000000, 0x00000007d5600000, 0x0000000800000000)
  eden space 680448K, 100% used [0x00000007a0000000,0x00000007c9880000,0x00000007c9880000)
  from space 23552K, 99% used [0x00000007d3f00000,0x00000007d55f5c58,0x00000007d5600000)
  to   space 58368K, 0% used [0x00000007ce400000,0x00000007ce400000,0x00000007d1d00000)
 ParOldGen       total 265216K, used 180691K [0x00000006e0000000, 0x00000006f0300000, 0x00000007a0000000)
  object space 265216K, 68% used [0x00000006e0000000,0x00000006eb074d60,0x00000006f0300000)
 Metaspace       used 120644K, committed 121664K, reserved 983040K
  class space    used 16568K, committed 17088K, reserved 851968K
}

