# JRE version: OpenJDK Runtime Environment (17.0.9) (build 17.0.9+0-17.0.9b1087.7-11185874)
# Java VM: OpenJDK 64-Bit Server VM (17.0.9+0-17.0.9b1087.7-11185874, mixed mode, tiered, compressed oops, compressed class ptrs, parallel gc, linux-amd64)
GC Precious Log:
 CPUs: 16 total, 12 available
 Memory: 13817M
 Large Page Support: Disabled
 NUMA Support: Disabled
 Compressed Oops: Enabled (Zero based)
 Alignments: Space 512K, Generation 512K, Heap 2M
 Heap Min Capacity: 8M
 Heap Initial Capacity: 216M
 Heap Max Capacity: 4608M
 Pre-touch: Disabled
 Parallel Workers: 10
Heap:
 PSYoungGen      total 64512K, used 907K [0x00000007a0000000, 0x00000007a4800000, 0x0000000800000000)
  eden space 55296K, 1% used [0x00000007a0000000,0x00000007a00e2c10,0x00000007a3600000)
  from space 9216K, 0% used [0x00000007a3f00000,0x00000007a3f00000,0x00000007a4800000)
  to   space 9216K, 0% used [0x00000007a3600000,0x00000007a3600000,0x00000007a3f00000)
 ParOldGen       total 147456K, used 21163K [0x00000006e0000000, 0x00000006e9000000, 0x00000007a0000000)
  object space 147456K, 14% used [0x00000006e0000000,0x00000006e14aaf60,0x00000006e9000000)
 Metaspace       used 35554K, committed 35904K, reserved 917504K
  class space    used 4672K, committed 4864K, reserved 851968K
GC Heap History (12 events):
Event: 0,604 GC heap before
{Heap before GC invocations=1 (full 0):
 PSYoungGen      total 64512K, used 55296K [0x00000007a0000000, 0x00000007a4800000, 0x0000000800000000)
  eden space 55296K, 100% used [0x00000007a0000000,0x00000007a3600000,0x00000007a3600000)
  from space 9216K, 0% used [0x00000007a3f00000,0x00000007a3f00000,0x00000007a4800000)
  to   space 9216K, 0% used [0x00000007a3600000,0x00000007a3600000,0x00000007a3f00000)
 ParOldGen       total 147456K, used 0K [0x00000006e0000000, 0x00000006e9000000, 0x00000007a0000000)
  object space 147456K, 0% used [0x00000006e0000000,0x00000006e0000000,0x00000006e9000000)
 Metaspace       used 11509K, committed 11648K, reserved 917504K
  class space    used 1209K, committed 1280K, reserved 851968K
}
Event: 0,609 GC heap after
{Heap after GC invocations=1 (full 0):
 PSYoungGen      total 64512K, used 9191K [0x00000007a0000000, 0x00000007a4800000, 0x0000000800000000)
  eden space 55296K, 0% used [0x00000007a0000000,0x00000007a0000000,0x00000007a3600000)
  from space 9216K, 99% used [0x00000007a3600000,0x00000007a3ef9e58,0x00000007a3f00000)
  to   space 9216K, 0% used [0x00000007a3f00000,0x00000007a3f00000,0x00000007a4800000)
 ParOldGen       total 147456K, used 4699K [0x00000006e0000000, 0x00000006e9000000, 0x00000007a0000000)
  object space 147456K, 3% used [0x00000006e0000000,0x00000006e0496f70,0x00000006e9000000)
 Metaspace       used 11509K, committed 11648K, reserved 917504K
  class space    used 1209K, committed 1280K, reserved 851968K
}
Event: 1,036 GC heap before
{Heap before GC invocations=2 (full 0):
 PSYoungGen      total 64512K, used 47338K [0x00000007a0000000, 0x00000007a4800000, 0x0000000800000000)
  eden space 55296K, 68% used [0x00000007a0000000,0x00000007a2540af8,0x00000007a3600000)
  from space 9216K, 99% used [0x00000007a3600000,0x00000007a3ef9e58,0x00000007a3f00000)
  to   space 9216K, 0% used [0x00000007a3f00000,0x00000007a3f00000,0x00000007a4800000)
 ParOldGen       total 147456K, used 4699K [0x00000006e0000000, 0x00000006e9000000, 0x00000007a0000000)
  object space 147456K, 3% used [0x00000006e0000000,0x00000006e0496f70,0x00000006e9000000)
 Metaspace       used 21314K, committed 21504K, reserved 917504K
  class space    used 2542K, committed 2624K, reserved 851968K
}
Event: 1,040 GC heap after
{Heap after GC invocations=2 (full 0):
 PSYoungGen      total 64512K, used 9214K [0x00000007a0000000, 0x00000007a4800000, 0x0000000800000000)
  eden space 55296K, 0% used [0x00000007a0000000,0x00000007a0000000,0x00000007a3600000)
  from space 9216K, 99% used [0x00000007a3f00000,0x00000007a47ffba8,0x00000007a4800000)
  to   space 9216K, 0% used [0x00000007a3600000,0x00000007a3600000,0x00000007a3f00000)
 ParOldGen       total 147456K, used 8069K [0x00000006e0000000, 0x00000006e9000000, 0x00000007a0000000)
  object space 147456K, 5% used [0x00000006e0000000,0x00000006e07e1740,0x00000006e9000000)
 Metaspace       used 21314K, committed 21504K, reserved 917504K
  class space    used 2542K, committed 2624K, reserved 851968K
}
Event: 1,040 GC heap before
{Heap before GC invocations=3 (full 1):
 PSYoungGen      total 64512K, used 9214K [0x00000007a0000000, 0x00000007a4800000, 0x0000000800000000)
  eden space 55296K, 0% used [0x00000007a0000000,0x00000007a0000000,0x00000007a3600000)
  from space 9216K, 99% used [0x00000007a3f00000,0x00000007a47ffba8,0x00000007a4800000)
  to   space 9216K, 0% used [0x00000007a3600000,0x00000007a3600000,0x00000007a3f00000)
 ParOldGen       total 147456K, used 8069K [0x00000006e0000000, 0x00000006e9000000, 0x00000007a0000000)
  object space 147456K, 5% used [0x00000006e0000000,0x00000006e07e1740,0x00000006e9000000)
 Metaspace       used 21314K, committed 21504K, reserved 917504K
  class space    used 2542K, committed 2624K, reserved 851968K
}
Event: 1,049 GC heap after
{Heap after GC invocations=3 (full 1):
 PSYoungGen      total 64512K, used 0K [0x00000007a0000000, 0x00000007a4800000, 0x0000000800000000)
  eden space 55296K, 0% used [0x00000007a0000000,0x00000007a0000000,0x00000007a3600000)
  from space 9216K, 0% used [0x00000007a3f00000,0x00000007a3f00000,0x00000007a4800000)
  to   space 9216K, 0% used [0x00000007a3600000,0x00000007a3600000,0x00000007a3f00000)
 ParOldGen       total 147456K, used 16908K [0x00000006e0000000, 0x00000006e9000000, 0x00000007a0000000)
  object space 147456K, 11% used [0x00000006e0000000,0x00000006e10833b8,0x00000006e9000000)
 Metaspace       used 21314K, committed 21504K, reserved 917504K
  class space    used 2542K, committed 2624K, reserved 851968K
}
Event: 1,536 GC heap before
{Heap before GC invocations=4 (full 1):
 PSYoungGen      total 64512K, used 55296K [0x00000007a0000000, 0x00000007a4800000, 0x0000000800000000)
  eden space 55296K, 100% used [0x00000007a0000000,0x00000007a3600000,0x00000007a3600000)
  from space 9216K, 0% used [0x00000007a3f00000,0x00000007a3f00000,0x00000007a4800000)
  to   space 9216K, 0% used [0x00000007a3600000,0x00000007a3600000,0x00000007a3f00000)
 ParOldGen       total 147456K, used 16908K [0x00000006e0000000, 0x00000006e9000000, 0x00000007a0000000)
  object space 147456K, 11% used [0x00000006e0000000,0x00000006e10833b8,0x00000006e9000000)
 Metaspace       used 29329K, committed 29632K, reserved 917504K
  class space    used 3920K, committed 4032K, reserved 851968K
}
Event: 1,537 GC heap after
{Heap after GC invocations=4 (full 1):
 PSYoungGen      total 64512K, used 3136K [0x00000007a0000000, 0x00000007a4800000, 0x0000000800000000)
  eden space 55296K, 0% used [0x00000007a0000000,0x00000007a0000000,0x00000007a3600000)
  from space 9216K, 34% used [0x00000007a3600000,0x00000007a3910030,0x00000007a3f00000)
  to   space 9216K, 0% used [0x00000007a3f00000,0x00000007a3f00000,0x00000007a4800000)
 ParOldGen       total 147456K, used 16916K [0x00000006e0000000, 0x00000006e9000000, 0x00000007a0000000)
  object space 147456K, 11% used [0x00000006e0000000,0x00000006e10853b8,0x00000006e9000000)
 Metaspace       used 29329K, committed 29632K, reserved 917504K
  class space    used 3920K, committed 4032K, reserved 851968K
}
Event: 1,895 GC heap before
{Heap before GC invocations=5 (full 1):
 PSYoungGen      total 64512K, used 41309K [0x00000007a0000000, 0x00000007a4800000, 0x0000000800000000)
  eden space 55296K, 69% used [0x00000007a0000000,0x00000007a25476b0,0x00000007a3600000)
  from space 9216K, 34% used [0x00000007a3600000,0x00000007a3910030,0x00000007a3f00000)
  to   space 9216K, 0% used [0x00000007a3f00000,0x00000007a3f00000,0x00000007a4800000)
 ParOldGen       total 147456K, used 16916K [0x00000006e0000000, 0x00000006e9000000, 0x00000007a0000000)
  object space 147456K, 11% used [0x00000006e0000000,0x00000006e10853b8,0x00000006e9000000)
 Metaspace       used 35519K, committed 35840K, reserved 917504K
  class space    used 4669K, committed 4864K, reserved 851968K
}
Event: 1,897 GC heap after
{Heap after GC invocations=5 (full 1):
 PSYoungGen      total 64512K, used 4752K [0x00000007a0000000, 0x00000007a4800000, 0x0000000800000000)
  eden space 55296K, 0% used [0x00000007a0000000,0x00000007a0000000,0x00000007a3600000)
  from space 9216K, 51% used [0x00000007a3f00000,0x00000007a43a4040,0x00000007a4800000)
  to   space 9216K, 0% used [0x00000007a3600000,0x00000007a3600000,0x00000007a3f00000)
 ParOldGen       total 147456K, used 16924K [0x00000006e0000000, 0x00000006e9000000, 0x00000007a0000000)
  object space 147456K, 11% used [0x00000006e0000000,0x00000006e10873b8,0x00000006e9000000)
 Metaspace       used 35519K, committed 35840K, reserved 917504K
  class space    used 4669K, committed 4864K, reserved 851968K
}
Event: 1,897 GC heap before
{Heap before GC invocations=6 (full 2):
 PSYoungGen      total 64512K, used 4752K [0x00000007a0000000, 0x00000007a4800000, 0x0000000800000000)
  eden space 55296K, 0% used [0x00000007a0000000,0x00000007a0000000,0x00000007a3600000)
  from space 9216K, 51% used [0x00000007a3f00000,0x00000007a43a4040,0x00000007a4800000)
  to   space 9216K, 0% used [0x00000007a3600000,0x00000007a3600000,0x00000007a3f00000)
 ParOldGen       total 147456K, used 16924K [0x00000006e0000000, 0x00000006e9000000, 0x00000007a0000000)
  object space 147456K, 11% used [0x00000006e0000000,0x00000006e10873b8,0x00000006e9000000)
 Metaspace       used 35519K, committed 35840K, reserved 917504K
  class space    used 4669K, committed 4864K, reserved 851968K
}
Event: 1,913 GC heap after
{Heap after GC invocations=6 (full 2):
 PSYoungGen      total 64512K, used 0K [0x00000007a0000000, 0x00000007a4800000, 0x0000000800000000)
  eden space 55296K, 0% used [0x00000007a0000000,0x00000007a0000000,0x00000007a3600000)
  from space 9216K, 0% used [0x00000007a3f00000,0x00000007a3f00000,0x00000007a4800000)
  to   space 9216K, 0% used [0x00000007a3600000,0x00000007a3600000,0x00000007a3f00000)
 ParOldGen       total 147456K, used 21163K [0x00000006e0000000, 0x00000006e9000000, 0x00000007a0000000)
  object space 147456K, 14% used [0x00000006e0000000,0x00000006e14aaf60,0x00000006e9000000)
 Metaspace       used 35519K, committed 35840K, reserved 917504K
  class space    used 4669K, committed 4864K, reserved 851968K
}

