# JRE version: OpenJDK Runtime Environment (17.0.9) (build 17.0.9+0-17.0.9b1087.7-11185874)
# Java VM: OpenJDK 64-Bit Server VM (17.0.9+0-17.0.9b1087.7-11185874, mixed mode, tiered, compressed oops, compressed class ptrs, g1 gc, linux-amd64)
GC Precious Log:
 CPUs: 16 total, 12 available
 Memory: 13817M
 Large Page Support: Disabled
 NUMA Support: Disabled
 Compressed Oops: Enabled (Zero based)
 Heap Region Size: 4M
 Heap Min Capacity: 8M
 Heap Initial Capacity: 216M
 Heap Max Capacity: 4608M
 Pre-touch: Disabled
 Parallel Workers: 10
 Concurrent Workers: 3
 Concurrent Refinement Workers: 10
 Periodic GC: Disabled
Heap:
 garbage-first heap   total 131072K, used 65156K [0x00000006e0000000, 0x0000000800000000)
  region size 4096K, 3 young (12288K), 1 survivors (4096K)
 Metaspace       used 59019K, committed 59584K, reserved 1114112K
  class space    used 8131K, committed 8384K, reserved 1048576K
GC Heap History (20 events):
Event: 1,537 GC heap before
{Heap before GC invocations=6 (full 0):
 garbage-first heap   total 81920K, used 49774K [0x00000006e0000000, 0x0000000800000000)
  region size 4096K, 8 young (32768K), 1 survivors (4096K)
 Metaspace       used 31385K, committed 31680K, reserved 1114112K
  class space    used 4271K, committed 4416K, reserved 1048576K
}
Event: 1,538 GC heap after
{Heap after GC invocations=7 (full 0):
 garbage-first heap   total 81920K, used 22249K [0x00000006e0000000, 0x0000000800000000)
  region size 4096K, 1 young (4096K), 1 survivors (4096K)
 Metaspace       used 31385K, committed 31680K, reserved 1114112K
  class space    used 4271K, committed 4416K, reserved 1048576K
}
Event: 1,770 GC heap before
{Heap before GC invocations=7 (full 0):
 garbage-first heap   total 81920K, used 50921K [0x00000006e0000000, 0x0000000800000000)
  region size 4096K, 8 young (32768K), 1 survivors (4096K)
 Metaspace       used 35604K, committed 35904K, reserved 1114112K
  class space    used 4899K, committed 5056K, reserved 1048576K
}
Event: 1,772 GC heap after
{Heap after GC invocations=8 (full 0):
 garbage-first heap   total 81920K, used 23657K [0x00000006e0000000, 0x0000000800000000)
  region size 4096K, 1 young (4096K), 1 survivors (4096K)
 Metaspace       used 35604K, committed 35904K, reserved 1114112K
  class space    used 4899K, committed 5056K, reserved 1048576K
}
Event: 1,779 GC heap before
{Heap before GC invocations=8 (full 0):
 garbage-first heap   total 81920K, used 23657K [0x00000006e0000000, 0x0000000800000000)
  region size 4096K, 2 young (8192K), 1 survivors (4096K)
 Metaspace       used 35725K, committed 35968K, reserved 1114112K
  class space    used 4926K, committed 5056K, reserved 1048576K
}
Event: 1,781 GC heap after
{Heap after GC invocations=9 (full 0):
 garbage-first heap   total 81920K, used 23788K [0x00000006e0000000, 0x0000000800000000)
  region size 4096K, 1 young (4096K), 1 survivors (4096K)
 Metaspace       used 35725K, committed 35968K, reserved 1114112K
  class space    used 4926K, committed 5056K, reserved 1048576K
}
Event: 2,045 GC heap before
{Heap before GC invocations=10 (full 0):
 garbage-first heap   total 81920K, used 52460K [0x00000006e0000000, 0x0000000800000000)
  region size 4096K, 9 young (36864K), 1 survivors (4096K)
 Metaspace       used 40680K, committed 40960K, reserved 1114112K
  class space    used 5432K, committed 5568K, reserved 1048576K
}
Event: 2,049 GC heap after
{Heap after GC invocations=11 (full 0):
 garbage-first heap   total 102400K, used 27907K [0x00000006e0000000, 0x0000000800000000)
  region size 4096K, 2 young (8192K), 2 survivors (8192K)
 Metaspace       used 40680K, committed 40960K, reserved 1114112K
  class space    used 5432K, committed 5568K, reserved 1048576K
}
Event: 2,395 GC heap before
{Heap before GC invocations=11 (full 0):
 garbage-first heap   total 102400K, used 64771K [0x00000006e0000000, 0x0000000800000000)
  region size 4096K, 12 young (49152K), 2 survivors (8192K)
 Metaspace       used 45424K, committed 45824K, reserved 1114112K
  class space    used 6123K, committed 6336K, reserved 1048576K
}
Event: 2,400 GC heap after
{Heap after GC invocations=12 (full 0):
 garbage-first heap   total 102400K, used 29947K [0x00000006e0000000, 0x0000000800000000)
  region size 4096K, 1 young (4096K), 1 survivors (4096K)
 Metaspace       used 45424K, committed 45824K, reserved 1114112K
  class space    used 6123K, committed 6336K, reserved 1048576K
}
Event: 2,774 GC heap before
{Heap before GC invocations=12 (full 0):
 garbage-first heap   total 102400K, used 70907K [0x00000006e0000000, 0x0000000800000000)
  region size 4096K, 11 young (45056K), 1 survivors (4096K)
 Metaspace       used 50172K, committed 50560K, reserved 1114112K
  class space    used 6846K, committed 7040K, reserved 1048576K
}
Event: 2,777 GC heap after
{Heap after GC invocations=13 (full 0):
 garbage-first heap   total 102400K, used 32139K [0x00000006e0000000, 0x0000000800000000)
  region size 4096K, 2 young (8192K), 2 survivors (8192K)
 Metaspace       used 50172K, committed 50560K, reserved 1114112K
  class space    used 6846K, committed 7040K, reserved 1048576K
}
Event: 3,130 GC heap before
{Heap before GC invocations=13 (full 0):
 garbage-first heap   total 102400K, used 73099K [0x00000006e0000000, 0x0000000800000000)
  region size 4096K, 12 young (49152K), 2 survivors (8192K)
 Metaspace       used 54373K, committed 54848K, reserved 1114112K
  class space    used 7532K, committed 7744K, reserved 1048576K
}
Event: 3,133 GC heap after
{Heap after GC invocations=14 (full 0):
 garbage-first heap   total 102400K, used 34075K [0x00000006e0000000, 0x0000000800000000)
  region size 4096K, 2 young (8192K), 2 survivors (8192K)
 Metaspace       used 54373K, committed 54848K, reserved 1114112K
  class space    used 7532K, committed 7744K, reserved 1048576K
}
Event: 3,417 GC heap before
{Heap before GC invocations=14 (full 0):
 garbage-first heap   total 102400K, used 66843K [0x00000006e0000000, 0x0000000800000000)
  region size 4096K, 11 young (45056K), 2 survivors (8192K)
 Metaspace       used 56182K, committed 56640K, reserved 1114112K
  class space    used 7763K, committed 8000K, reserved 1048576K
}
Event: 3,422 GC heap after
{Heap after GC invocations=15 (full 0):
 garbage-first heap   total 102400K, used 40210K [0x00000006e0000000, 0x0000000800000000)
  region size 4096K, 2 young (8192K), 2 survivors (8192K)
 Metaspace       used 56182K, committed 56640K, reserved 1114112K
  class space    used 7763K, committed 8000K, reserved 1048576K
}
Event: 3,585 GC heap before
{Heap before GC invocations=15 (full 0):
 garbage-first heap   total 102400K, used 77074K [0x00000006e0000000, 0x0000000800000000)
  region size 4096K, 11 young (45056K), 2 survivors (8192K)
 Metaspace       used 57552K, committed 58112K, reserved 1114112K
  class space    used 7950K, committed 8192K, reserved 1048576K
}
Event: 3,591 GC heap after
{Heap after GC invocations=16 (full 0):
 garbage-first heap   total 106496K, used 59164K [0x00000006e0000000, 0x0000000800000000)
  region size 4096K, 2 young (8192K), 2 survivors (8192K)
 Metaspace       used 57552K, committed 58112K, reserved 1114112K
  class space    used 7950K, committed 8192K, reserved 1048576K
}
Event: 3,659 GC heap before
{Heap before GC invocations=16 (full 0):
 garbage-first heap   total 106496K, used 75548K [0x00000006e0000000, 0x0000000800000000)
  region size 4096K, 6 young (24576K), 2 survivors (8192K)
 Metaspace       used 58657K, committed 59200K, reserved 1114112K
  class space    used 8083K, committed 8320K, reserved 1048576K
}
Event: 3,662 GC heap after
{Heap after GC invocations=17 (full 0):
 garbage-first heap   total 131072K, used 61060K [0x00000006e0000000, 0x0000000800000000)
  region size 4096K, 1 young (4096K), 1 survivors (4096K)
 Metaspace       used 58657K, committed 59200K, reserved 1114112K
  class space    used 8083K, committed 8320K, reserved 1048576K
}

