# JRE version: OpenJDK Runtime Environment (17.0.9) (build 17.0.9+0-17.0.9b1087.7-11185874)
# Java VM: OpenJDK 64-Bit Server VM (17.0.9+0-17.0.9b1087.7-11185874, mixed mode, tiered, compressed oops, compressed class ptrs, parallel gc, linux-amd64)
GC Precious Log:
 CPUs: 16 total, 12 available
 Memory: 13817M
 Large Page Support: Disabled
 NUMA Support: Disabled
 Compressed Oops: Enabled (Zero based)
 Alignments: Space 512K, Generation 512K, Heap 2M
 Heap Min Capacity: 8M
 Heap Initial Capacity: 216M
 Heap Max Capacity: 4608M
 Pre-touch: Disabled
 Parallel Workers: 10
Heap:
 PSYoungGen      total 1391616K, used 15187K [0x00000007a0000000, 0x0000000800000000, 0x0000000800000000)
  eden space 1222656K, 0% used [0x00000007a0000000,0x00000007a0000000,0x00000007eaa00000)
  from space 168960K, 8% used [0x00000007eaa00000,0x00000007eb8d4f08,0x00000007f4f00000)
  to   space 166912K, 0% used [0x00000007f5d00000,0x00000007f5d00000,0x0000000800000000)
 ParOldGen       total 1420288K, used 1377990K [0x00000006e0000000, 0x0000000736b00000, 0x00000007a0000000)
  object space 1420288K, 97% used [0x00000006e0000000,0x00000007341b1b78,0x0000000736b00000)
 Metaspace       used 168325K, committed 169728K, reserved 1048576K
  class space    used 22569K, committed 23232K, reserved 851968K
GC Heap History (20 events):
Event: 109,729 GC heap after
{Heap after GC invocations=148 (full 13):
 PSYoungGen      total 1361408K, used 22289K [0x00000007a0000000, 0x00000007ffa80000, 0x0000000800000000)
  eden space 1174016K, 0% used [0x00000007a0000000,0x00000007a0000000,0x00000007e7a80000)
  from space 187392K, 11% used [0x00000007f3300000,0x00000007f48c47a0,0x00000007fea00000)
  to   space 188928K, 0% used [0x00000007e7a80000,0x00000007e7a80000,0x00000007f3300000)
 ParOldGen       total 1420288K, used 1170238K [0x00000006e0000000, 0x0000000736b00000, 0x00000007a0000000)
  object space 1420288K, 82% used [0x00000006e0000000,0x00000007276cfae8,0x0000000736b00000)
 Metaspace       used 168208K, committed 169600K, reserved 1048576K
  class space    used 22568K, committed 23232K, reserved 851968K
}
Event: 110,038 GC heap before
{Heap before GC invocations=149 (full 13):
 PSYoungGen      total 1361408K, used 1196305K [0x00000007a0000000, 0x00000007ffa80000, 0x0000000800000000)
  eden space 1174016K, 100% used [0x00000007a0000000,0x00000007e7a80000,0x00000007e7a80000)
  from space 187392K, 11% used [0x00000007f3300000,0x00000007f48c47a0,0x00000007fea00000)
  to   space 188928K, 0% used [0x00000007e7a80000,0x00000007e7a80000,0x00000007f3300000)
 ParOldGen       total 1420288K, used 1170238K [0x00000006e0000000, 0x0000000736b00000, 0x00000007a0000000)
  object space 1420288K, 82% used [0x00000006e0000000,0x00000007276cfae8,0x0000000736b00000)
 Metaspace       used 168310K, committed 169664K, reserved 1048576K
  class space    used 22569K, committed 23232K, reserved 851968K
}
Event: 110,062 GC heap after
{Heap after GC invocations=149 (full 13):
 PSYoungGen      total 1362944K, used 33267K [0x00000007a0000000, 0x00000007ffc80000, 0x0000000800000000)
  eden space 1174016K, 0% used [0x00000007a0000000,0x00000007a0000000,0x00000007e7a80000)
  from space 188928K, 17% used [0x00000007e7a80000,0x00000007e9afce58,0x00000007f3300000)
  to   space 186368K, 0% used [0x00000007f4680000,0x00000007f4680000,0x00000007ffc80000)
 ParOldGen       total 1420288K, used 1189516K [0x00000006e0000000, 0x0000000736b00000, 0x00000007a0000000)
  object space 1420288K, 83% used [0x00000006e0000000,0x00000007289a3170,0x0000000736b00000)
 Metaspace       used 168310K, committed 169664K, reserved 1048576K
  class space    used 22569K, committed 23232K, reserved 851968K
}
Event: 110,375 GC heap before
{Heap before GC invocations=150 (full 13):
 PSYoungGen      total 1362944K, used 1207283K [0x00000007a0000000, 0x00000007ffc80000, 0x0000000800000000)
  eden space 1174016K, 100% used [0x00000007a0000000,0x00000007e7a80000,0x00000007e7a80000)
  from space 188928K, 17% used [0x00000007e7a80000,0x00000007e9afce58,0x00000007f3300000)
  to   space 186368K, 0% used [0x00000007f4680000,0x00000007f4680000,0x00000007ffc80000)
 ParOldGen       total 1420288K, used 1189516K [0x00000006e0000000, 0x0000000736b00000, 0x00000007a0000000)
  object space 1420288K, 83% used [0x00000006e0000000,0x00000007289a3170,0x0000000736b00000)
 Metaspace       used 168313K, committed 169728K, reserved 1048576K
  class space    used 22569K, committed 23232K, reserved 851968K
}
Event: 110,393 GC heap after
{Heap after GC invocations=150 (full 13):
 PSYoungGen      total 1382912K, used 14290K [0x00000007a0000000, 0x00000007ffd80000, 0x0000000800000000)
  eden space 1196544K, 0% used [0x00000007a0000000,0x00000007a0000000,0x00000007e9080000)
  from space 186368K, 7% used [0x00000007f4680000,0x00000007f5474ba8,0x00000007ffc80000)
  to   space 186368K, 0% used [0x00000007e9080000,0x00000007e9080000,0x00000007f4680000)
 ParOldGen       total 1420288K, used 1217541K [0x00000006e0000000, 0x0000000736b00000, 0x00000007a0000000)
  object space 1420288K, 85% used [0x00000006e0000000,0x000000072a501720,0x0000000736b00000)
 Metaspace       used 168313K, committed 169728K, reserved 1048576K
  class space    used 22569K, committed 23232K, reserved 851968K
}
Event: 110,729 GC heap before
{Heap before GC invocations=151 (full 13):
 PSYoungGen      total 1382912K, used 1210834K [0x00000007a0000000, 0x00000007ffd80000, 0x0000000800000000)
  eden space 1196544K, 100% used [0x00000007a0000000,0x00000007e9080000,0x00000007e9080000)
  from space 186368K, 7% used [0x00000007f4680000,0x00000007f5474ba8,0x00000007ffc80000)
  to   space 186368K, 0% used [0x00000007e9080000,0x00000007e9080000,0x00000007f4680000)
 ParOldGen       total 1420288K, used 1217541K [0x00000006e0000000, 0x0000000736b00000, 0x00000007a0000000)
  object space 1420288K, 85% used [0x00000006e0000000,0x000000072a501720,0x0000000736b00000)
 Metaspace       used 168314K, committed 169728K, reserved 1048576K
  class space    used 22569K, committed 23232K, reserved 851968K
}
Event: 110,744 GC heap after
{Heap after GC invocations=151 (full 13):
 PSYoungGen      total 1382912K, used 22272K [0x00000007a0000000, 0x00000007ff900000, 0x0000000800000000)
  eden space 1196544K, 0% used [0x00000007a0000000,0x00000007a0000000,0x00000007e9080000)
  from space 186368K, 11% used [0x00000007e9080000,0x00000007ea640288,0x00000007f4680000)
  to   space 182784K, 0% used [0x00000007f4680000,0x00000007f4680000,0x00000007ff900000)
 ParOldGen       total 1420288K, used 1226668K [0x00000006e0000000, 0x0000000736b00000, 0x00000007a0000000)
  object space 1420288K, 86% used [0x00000006e0000000,0x000000072adeb2c0,0x0000000736b00000)
 Metaspace       used 168314K, committed 169728K, reserved 1048576K
  class space    used 22569K, committed 23232K, reserved 851968K
}
Event: 111,097 GC heap before
{Heap before GC invocations=152 (full 13):
 PSYoungGen      total 1382912K, used 1218816K [0x00000007a0000000, 0x00000007ff900000, 0x0000000800000000)
  eden space 1196544K, 100% used [0x00000007a0000000,0x00000007e9080000,0x00000007e9080000)
  from space 186368K, 11% used [0x00000007e9080000,0x00000007ea640288,0x00000007f4680000)
  to   space 182784K, 0% used [0x00000007f4680000,0x00000007f4680000,0x00000007ff900000)
 ParOldGen       total 1420288K, used 1226668K [0x00000006e0000000, 0x0000000736b00000, 0x00000007a0000000)
  object space 1420288K, 86% used [0x00000006e0000000,0x000000072adeb2c0,0x0000000736b00000)
 Metaspace       used 168315K, committed 169728K, reserved 1048576K
  class space    used 22569K, committed 23232K, reserved 851968K
}
Event: 111,116 GC heap after
{Heap after GC invocations=152 (full 13):
 PSYoungGen      total 1382912K, used 19008K [0x00000007a0000000, 0x00000007ff580000, 0x0000000800000000)
  eden space 1203712K, 0% used [0x00000007a0000000,0x00000007a0000000,0x00000007e9780000)
  from space 179200K, 10% used [0x00000007f4680000,0x00000007f5910240,0x00000007ff580000)
  to   space 179200K, 0% used [0x00000007e9780000,0x00000007e9780000,0x00000007f4680000)
 ParOldGen       total 1420288K, used 1235432K [0x00000006e0000000, 0x0000000736b00000, 0x00000007a0000000)
  object space 1420288K, 86% used [0x00000006e0000000,0x000000072b67a308,0x0000000736b00000)
 Metaspace       used 168315K, committed 169728K, reserved 1048576K
  class space    used 22569K, committed 23232K, reserved 851968K
}
Event: 111,477 GC heap before
{Heap before GC invocations=153 (full 13):
 PSYoungGen      total 1382912K, used 1222720K [0x00000007a0000000, 0x00000007ff580000, 0x0000000800000000)
  eden space 1203712K, 100% used [0x00000007a0000000,0x00000007e9780000,0x00000007e9780000)
  from space 179200K, 10% used [0x00000007f4680000,0x00000007f5910240,0x00000007ff580000)
  to   space 179200K, 0% used [0x00000007e9780000,0x00000007e9780000,0x00000007f4680000)
 ParOldGen       total 1420288K, used 1235432K [0x00000006e0000000, 0x0000000736b00000, 0x00000007a0000000)
  object space 1420288K, 86% used [0x00000006e0000000,0x000000072b67a308,0x0000000736b00000)
 Metaspace       used 168320K, committed 169728K, reserved 1048576K
  class space    used 22569K, committed 23232K, reserved 851968K
}
Event: 111,499 GC heap after
{Heap after GC invocations=153 (full 13):
 PSYoungGen      total 1382912K, used 49492K [0x00000007a0000000, 0x00000007fed00000, 0x0000000800000000)
  eden space 1203712K, 0% used [0x00000007a0000000,0x00000007a0000000,0x00000007e9780000)
  from space 179200K, 27% used [0x00000007e9780000,0x00000007ec7d5350,0x00000007f4680000)
  to   space 169472K, 0% used [0x00000007f4780000,0x00000007f4780000,0x00000007fed00000)
 ParOldGen       total 1420288K, used 1241195K [0x00000006e0000000, 0x0000000736b00000, 0x00000007a0000000)
  object space 1420288K, 87% used [0x00000006e0000000,0x000000072bc1ae28,0x0000000736b00000)
 Metaspace       used 168320K, committed 169728K, reserved 1048576K
  class space    used 22569K, committed 23232K, reserved 851968K
}
Event: 111,820 GC heap before
{Heap before GC invocations=154 (full 13):
 PSYoungGen      total 1382912K, used 1253204K [0x00000007a0000000, 0x00000007fed00000, 0x0000000800000000)
  eden space 1203712K, 100% used [0x00000007a0000000,0x00000007e9780000,0x00000007e9780000)
  from space 179200K, 27% used [0x00000007e9780000,0x00000007ec7d5350,0x00000007f4680000)
  to   space 169472K, 0% used [0x00000007f4780000,0x00000007f4780000,0x00000007fed00000)
 ParOldGen       total 1420288K, used 1241195K [0x00000006e0000000, 0x0000000736b00000, 0x00000007a0000000)
  object space 1420288K, 87% used [0x00000006e0000000,0x000000072bc1ae28,0x0000000736b00000)
 Metaspace       used 168322K, committed 169728K, reserved 1048576K
  class space    used 22569K, committed 23232K, reserved 851968K
}
Event: 111,860 GC heap after
{Heap after GC invocations=154 (full 13):
 PSYoungGen      total 1377280K, used 107314K [0x00000007a0000000, 0x0000000800000000, 0x0000000800000000)
  eden space 1207808K, 0% used [0x00000007a0000000,0x00000007a0000000,0x00000007e9b80000)
  from space 169472K, 63% used [0x00000007f4780000,0x00000007fb04c920,0x00000007fed00000)
  to   space 176128K, 0% used [0x00000007e9b80000,0x00000007e9b80000,0x00000007f4780000)
 ParOldGen       total 1420288K, used 1241195K [0x00000006e0000000, 0x0000000736b00000, 0x00000007a0000000)
  object space 1420288K, 87% used [0x00000006e0000000,0x000000072bc1ae28,0x0000000736b00000)
 Metaspace       used 168322K, committed 169728K, reserved 1048576K
  class space    used 22569K, committed 23232K, reserved 851968K
}
Event: 112,190 GC heap before
{Heap before GC invocations=155 (full 13):
 PSYoungGen      total 1377280K, used 1315122K [0x00000007a0000000, 0x0000000800000000, 0x0000000800000000)
  eden space 1207808K, 100% used [0x00000007a0000000,0x00000007e9b80000,0x00000007e9b80000)
  from space 169472K, 63% used [0x00000007f4780000,0x00000007fb04c920,0x00000007fed00000)
  to   space 176128K, 0% used [0x00000007e9b80000,0x00000007e9b80000,0x00000007f4780000)
 ParOldGen       total 1420288K, used 1241195K [0x00000006e0000000, 0x0000000736b00000, 0x00000007a0000000)
  object space 1420288K, 87% used [0x00000006e0000000,0x000000072bc1ae28,0x0000000736b00000)
 Metaspace       used 168323K, committed 169728K, reserved 1048576K
  class space    used 22569K, committed 23232K, reserved 851968K
}
Event: 112,231 GC heap after
{Heap after GC invocations=155 (full 13):
 PSYoungGen      total 1383936K, used 89694K [0x00000007a0000000, 0x0000000800000000, 0x0000000800000000)
  eden space 1207808K, 0% used [0x00000007a0000000,0x00000007a0000000,0x00000007e9b80000)
  from space 176128K, 50% used [0x00000007e9b80000,0x00000007ef317888,0x00000007f4780000)
  to   space 174080K, 0% used [0x00000007f5600000,0x00000007f5600000,0x0000000800000000)
 ParOldGen       total 1420288K, used 1272075K [0x00000006e0000000, 0x0000000736b00000, 0x00000007a0000000)
  object space 1420288K, 89% used [0x00000006e0000000,0x000000072da42d48,0x0000000736b00000)
 Metaspace       used 168323K, committed 169728K, reserved 1048576K
  class space    used 22569K, committed 23232K, reserved 851968K
}
Event: 112,522 GC heap before
{Heap before GC invocations=156 (full 13):
 PSYoungGen      total 1383936K, used 1297502K [0x00000007a0000000, 0x0000000800000000, 0x0000000800000000)
  eden space 1207808K, 100% used [0x00000007a0000000,0x00000007e9b80000,0x00000007e9b80000)
  from space 176128K, 50% used [0x00000007e9b80000,0x00000007ef317888,0x00000007f4780000)
  to   space 174080K, 0% used [0x00000007f5600000,0x00000007f5600000,0x0000000800000000)
 ParOldGen       total 1420288K, used 1272075K [0x00000006e0000000, 0x0000000736b00000, 0x00000007a0000000)
  object space 1420288K, 89% used [0x00000006e0000000,0x000000072da42d48,0x0000000736b00000)
 Metaspace       used 168324K, committed 169728K, reserved 1048576K
  class space    used 22569K, committed 23232K, reserved 851968K
}
Event: 112,562 GC heap after
{Heap after GC invocations=156 (full 13):
 PSYoungGen      total 1384448K, used 34453K [0x00000007a0000000, 0x00000007ff400000, 0x0000000800000000)
  eden space 1222656K, 0% used [0x00000007a0000000,0x00000007a0000000,0x00000007eaa00000)
  from space 161792K, 21% used [0x00000007f5600000,0x00000007f77a54e8,0x00000007ff400000)
  to   space 168960K, 0% used [0x00000007eaa00000,0x00000007eaa00000,0x00000007f4f00000)
 ParOldGen       total 1420288K, used 1346815K [0x00000006e0000000, 0x0000000736b00000, 0x00000007a0000000)
  object space 1420288K, 94% used [0x00000006e0000000,0x000000073233fcf8,0x0000000736b00000)
 Metaspace       used 168324K, committed 169728K, reserved 1048576K
  class space    used 22569K, committed 23232K, reserved 851968K
}
Event: 112,850 GC heap before
{Heap before GC invocations=157 (full 13):
 PSYoungGen      total 1384448K, used 1257109K [0x00000007a0000000, 0x00000007ff400000, 0x0000000800000000)
  eden space 1222656K, 100% used [0x00000007a0000000,0x00000007eaa00000,0x00000007eaa00000)
  from space 161792K, 21% used [0x00000007f5600000,0x00000007f77a54e8,0x00000007ff400000)
  to   space 168960K, 0% used [0x00000007eaa00000,0x00000007eaa00000,0x00000007f4f00000)
 ParOldGen       total 1420288K, used 1346815K [0x00000006e0000000, 0x0000000736b00000, 0x00000007a0000000)
  object space 1420288K, 94% used [0x00000006e0000000,0x000000073233fcf8,0x0000000736b00000)
 Metaspace       used 168325K, committed 169728K, reserved 1048576K
  class space    used 22569K, committed 23232K, reserved 851968K
}
Event: 112,868 GC heap after
{Heap after GC invocations=157 (full 13):
 PSYoungGen      total 1391616K, used 15187K [0x00000007a0000000, 0x0000000800000000, 0x0000000800000000)
  eden space 1222656K, 0% used [0x00000007a0000000,0x00000007a0000000,0x00000007eaa00000)
  from space 168960K, 8% used [0x00000007eaa00000,0x00000007eb8d4f08,0x00000007f4f00000)
  to   space 166912K, 0% used [0x00000007f5d00000,0x00000007f5d00000,0x0000000800000000)
 ParOldGen       total 1420288K, used 1377990K [0x00000006e0000000, 0x0000000736b00000, 0x00000007a0000000)
  object space 1420288K, 97% used [0x00000006e0000000,0x00000007341b1b78,0x0000000736b00000)
 Metaspace       used 168325K, committed 169728K, reserved 1048576K
  class space    used 22569K, committed 23232K, reserved 851968K
}
Event: 112,868 GC heap before
{Heap before GC invocations=158 (full 14):
 PSYoungGen      total 1391616K, used 15187K [0x00000007a0000000, 0x0000000800000000, 0x0000000800000000)
  eden space 1222656K, 0% used [0x00000007a0000000,0x00000007a0000000,0x00000007eaa00000)
  from space 168960K, 8% used [0x00000007eaa00000,0x00000007eb8d4f08,0x00000007f4f00000)
  to   space 166912K, 0% used [0x00000007f5d00000,0x00000007f5d00000,0x0000000800000000)
 ParOldGen       total 1420288K, used 1377990K [0x00000006e0000000, 0x0000000736b00000, 0x00000007a0000000)
  object space 1420288K, 97% used [0x00000006e0000000,0x00000007341b1b78,0x0000000736b00000)
 Metaspace       used 168325K, committed 169728K, reserved 1048576K
  class space    used 22569K, committed 23232K, reserved 851968K
}

