# JRE version: OpenJDK Runtime Environment (17.0.9) (build 17.0.9+0-17.0.9b1087.7-11185874)
# Java VM: OpenJDK 64-Bit Server VM (17.0.9+0-17.0.9b1087.7-11185874, mixed mode, tiered, compressed oops, compressed class ptrs, parallel gc, linux-amd64)
GC Precious Log:
 CPUs: 16 total, 12 available
 Memory: 13817M
 Large Page Support: Disabled
 NUMA Support: Disabled
 Compressed Oops: Enabled (Zero based)
 Alignments: Space 512K, Generation 512K, Heap 2M
 Heap Min Capacity: 8M
 Heap Initial Capacity: 216M
 Heap Max Capacity: 4608M
 Pre-touch: Disabled
 Parallel Workers: 10
Heap:
 PSYoungGen      total 101888K, used 3614K [0x00000007a0000000, 0x00000007aa980000, 0x0000000800000000)
  eden space 97792K, 0% used [0x00000007a0000000,0x00000007a0000000,0x00000007a5f80000)
  from space 4096K, 88% used [0x00000007a7d00000,0x00000007a8087840,0x00000007a8100000)
  to   space 25088K, 0% used [0x00000007a9100000,0x00000007a9100000,0x00000007aa980000)
 ParOldGen       total 147456K, used 107868K [0x00000006e0000000, 0x00000006e9000000, 0x00000007a0000000)
  object space 147456K, 73% used [0x00000006e0000000,0x00000006e69573e0,0x00000006e9000000)
 Metaspace       used 98835K, committed 99648K, reserved 983040K
  class space    used 13641K, committed 14016K, reserved 851968K
GC Heap History (20 events):
Event: 2,887 GC heap after
{Heap after GC invocations=9 (full 2):
 PSYoungGen      total 76800K, used 12508K [0x00000007a0000000, 0x00000007a9500000, 0x0000000800000000)
  eden space 55296K, 0% used [0x00000007a0000000,0x00000007a0000000,0x00000007a3600000)
  from space 21504K, 58% used [0x00000007a3600000,0x00000007a4237240,0x00000007a4b00000)
  to   space 20992K, 0% used [0x00000007a8080000,0x00000007a8080000,0x00000007a9500000)
 ParOldGen       total 147456K, used 35597K [0x00000006e0000000, 0x00000006e9000000, 0x00000007a0000000)
  object space 147456K, 24% used [0x00000006e0000000,0x00000006e22c3640,0x00000006e9000000)
 Metaspace       used 48328K, committed 48768K, reserved 917504K
  class space    used 6488K, committed 6720K, reserved 851968K
}
Event: 3,342 GC heap before
{Heap before GC invocations=10 (full 2):
 PSYoungGen      total 76800K, used 67804K [0x00000007a0000000, 0x00000007a9500000, 0x0000000800000000)
  eden space 55296K, 100% used [0x00000007a0000000,0x00000007a3600000,0x00000007a3600000)
  from space 21504K, 58% used [0x00000007a3600000,0x00000007a4237240,0x00000007a4b00000)
  to   space 20992K, 0% used [0x00000007a8080000,0x00000007a8080000,0x00000007a9500000)
 ParOldGen       total 147456K, used 35597K [0x00000006e0000000, 0x00000006e9000000, 0x00000007a0000000)
  object space 147456K, 24% used [0x00000006e0000000,0x00000006e22c3640,0x00000006e9000000)
 Metaspace       used 54463K, committed 55040K, reserved 917504K
  class space    used 7346K, committed 7616K, reserved 851968K
}
Event: 3,349 GC heap after
{Heap after GC invocations=10 (full 2):
 PSYoungGen      total 130560K, used 16259K [0x00000007a0000000, 0x00000007a9700000, 0x0000000800000000)
  eden space 109568K, 0% used [0x00000007a0000000,0x00000007a0000000,0x00000007a6b00000)
  from space 20992K, 77% used [0x00000007a8080000,0x00000007a9060f50,0x00000007a9500000)
  to   space 22016K, 0% used [0x00000007a6b00000,0x00000007a6b00000,0x00000007a8080000)
 ParOldGen       total 147456K, used 35605K [0x00000006e0000000, 0x00000006e9000000, 0x00000007a0000000)
  object space 147456K, 24% used [0x00000006e0000000,0x00000006e22c5640,0x00000006e9000000)
 Metaspace       used 54463K, committed 55040K, reserved 917504K
  class space    used 7346K, committed 7616K, reserved 851968K
}
Event: 3,898 GC heap before
{Heap before GC invocations=11 (full 2):
 PSYoungGen      total 130560K, used 74396K [0x00000007a0000000, 0x00000007a9700000, 0x0000000800000000)
  eden space 109568K, 53% used [0x00000007a0000000,0x00000007a38c6160,0x00000007a6b00000)
  from space 20992K, 77% used [0x00000007a8080000,0x00000007a9060f50,0x00000007a9500000)
  to   space 22016K, 0% used [0x00000007a6b00000,0x00000007a6b00000,0x00000007a8080000)
 ParOldGen       total 147456K, used 35605K [0x00000006e0000000, 0x00000006e9000000, 0x00000007a0000000)
  object space 147456K, 24% used [0x00000006e0000000,0x00000006e22c5640,0x00000006e9000000)
 Metaspace       used 59173K, committed 59776K, reserved 917504K
  class space    used 8132K, committed 8448K, reserved 851968K
}
Event: 3,906 GC heap after
{Heap after GC invocations=11 (full 2):
 PSYoungGen      total 131584K, used 16794K [0x00000007a0000000, 0x00000007a9900000, 0x0000000800000000)
  eden space 109568K, 0% used [0x00000007a0000000,0x00000007a0000000,0x00000007a6b00000)
  from space 22016K, 76% used [0x00000007a6b00000,0x00000007a7b668d0,0x00000007a8080000)
  to   space 23040K, 0% used [0x00000007a8280000,0x00000007a8280000,0x00000007a9900000)
 ParOldGen       total 147456K, used 39963K [0x00000006e0000000, 0x00000006e9000000, 0x00000007a0000000)
  object space 147456K, 27% used [0x00000006e0000000,0x00000006e2706de8,0x00000006e9000000)
 Metaspace       used 59173K, committed 59776K, reserved 917504K
  class space    used 8132K, committed 8448K, reserved 851968K
}
Event: 3,906 GC heap before
{Heap before GC invocations=12 (full 3):
 PSYoungGen      total 131584K, used 16794K [0x00000007a0000000, 0x00000007a9900000, 0x0000000800000000)
  eden space 109568K, 0% used [0x00000007a0000000,0x00000007a0000000,0x00000007a6b00000)
  from space 22016K, 76% used [0x00000007a6b00000,0x00000007a7b668d0,0x00000007a8080000)
  to   space 23040K, 0% used [0x00000007a8280000,0x00000007a8280000,0x00000007a9900000)
 ParOldGen       total 147456K, used 39963K [0x00000006e0000000, 0x00000006e9000000, 0x00000007a0000000)
  object space 147456K, 27% used [0x00000006e0000000,0x00000006e2706de8,0x00000006e9000000)
 Metaspace       used 59173K, committed 59776K, reserved 917504K
  class space    used 8132K, committed 8448K, reserved 851968K
}
Event: 3,944 GC heap after
{Heap after GC invocations=12 (full 3):
 PSYoungGen      total 131584K, used 0K [0x00000007a0000000, 0x00000007a9900000, 0x0000000800000000)
  eden space 109568K, 0% used [0x00000007a0000000,0x00000007a0000000,0x00000007a6b00000)
  from space 22016K, 0% used [0x00000007a6b00000,0x00000007a6b00000,0x00000007a8080000)
  to   space 23040K, 0% used [0x00000007a8280000,0x00000007a8280000,0x00000007a9900000)
 ParOldGen       total 147456K, used 56213K [0x00000006e0000000, 0x00000006e9000000, 0x00000007a0000000)
  object space 147456K, 38% used [0x00000006e0000000,0x00000006e36e5438,0x00000006e9000000)
 Metaspace       used 59173K, committed 59776K, reserved 917504K
  class space    used 8132K, committed 8448K, reserved 851968K
}
Event: 4,677 GC heap before
{Heap before GC invocations=13 (full 3):
 PSYoungGen      total 131584K, used 109568K [0x00000007a0000000, 0x00000007a9900000, 0x0000000800000000)
  eden space 109568K, 100% used [0x00000007a0000000,0x00000007a6b00000,0x00000007a6b00000)
  from space 22016K, 0% used [0x00000007a6b00000,0x00000007a6b00000,0x00000007a8080000)
  to   space 23040K, 0% used [0x00000007a8280000,0x00000007a8280000,0x00000007a9900000)
 ParOldGen       total 147456K, used 56213K [0x00000006e0000000, 0x00000006e9000000, 0x00000007a0000000)
  object space 147456K, 38% used [0x00000006e0000000,0x00000006e36e5438,0x00000006e9000000)
 Metaspace       used 64400K, committed 65088K, reserved 917504K
  class space    used 8827K, committed 9152K, reserved 851968K
}
Event: 4,683 GC heap after
{Heap after GC invocations=13 (full 3):
 PSYoungGen      total 130048K, used 23025K [0x00000007a0000000, 0x00000007adf80000, 0x0000000800000000)
  eden space 107008K, 0% used [0x00000007a0000000,0x00000007a0000000,0x00000007a6880000)
  from space 23040K, 99% used [0x00000007a8280000,0x00000007a98fc4b8,0x00000007a9900000)
  to   space 26624K, 0% used [0x00000007a6880000,0x00000007a6880000,0x00000007a8280000)
 ParOldGen       total 147456K, used 58156K [0x00000006e0000000, 0x00000006e9000000, 0x00000007a0000000)
  object space 147456K, 39% used [0x00000006e0000000,0x00000006e38cb160,0x00000006e9000000)
 Metaspace       used 64400K, committed 65088K, reserved 917504K
  class space    used 8827K, committed 9152K, reserved 851968K
}
Event: 5,313 GC heap before
{Heap before GC invocations=14 (full 3):
 PSYoungGen      total 130048K, used 130033K [0x00000007a0000000, 0x00000007adf80000, 0x0000000800000000)
  eden space 107008K, 100% used [0x00000007a0000000,0x00000007a6880000,0x00000007a6880000)
  from space 23040K, 99% used [0x00000007a8280000,0x00000007a98fc4b8,0x00000007a9900000)
  to   space 26624K, 0% used [0x00000007a6880000,0x00000007a6880000,0x00000007a8280000)
 ParOldGen       total 147456K, used 58156K [0x00000006e0000000, 0x00000006e9000000, 0x00000007a0000000)
  object space 147456K, 39% used [0x00000006e0000000,0x00000006e38cb160,0x00000006e9000000)
 Metaspace       used 73986K, committed 74688K, reserved 917504K
  class space    used 9996K, committed 10304K, reserved 851968K
}
Event: 5,320 GC heap after
{Heap after GC invocations=14 (full 3):
 PSYoungGen      total 133632K, used 6160K [0x00000007a0000000, 0x00000007adb80000, 0x0000000800000000)
  eden space 107008K, 0% used [0x00000007a0000000,0x00000007a0000000,0x00000007a6880000)
  from space 26624K, 23% used [0x00000007a6880000,0x00000007a6e840f8,0x00000007a8280000)
  to   space 26624K, 0% used [0x00000007ac180000,0x00000007ac180000,0x00000007adb80000)
 ParOldGen       total 147456K, used 81111K [0x00000006e0000000, 0x00000006e9000000, 0x00000007a0000000)
  object space 147456K, 55% used [0x00000006e0000000,0x00000006e4f35e58,0x00000006e9000000)
 Metaspace       used 73986K, committed 74688K, reserved 917504K
  class space    used 9996K, committed 10304K, reserved 851968K
}
Event: 6,025 GC heap before
{Heap before GC invocations=15 (full 3):
 PSYoungGen      total 133632K, used 113168K [0x00000007a0000000, 0x00000007adb80000, 0x0000000800000000)
  eden space 107008K, 100% used [0x00000007a0000000,0x00000007a6880000,0x00000007a6880000)
  from space 26624K, 23% used [0x00000007a6880000,0x00000007a6e840f8,0x00000007a8280000)
  to   space 26624K, 0% used [0x00000007ac180000,0x00000007ac180000,0x00000007adb80000)
 ParOldGen       total 147456K, used 81111K [0x00000006e0000000, 0x00000006e9000000, 0x00000007a0000000)
  object space 147456K, 55% used [0x00000006e0000000,0x00000006e4f35e58,0x00000006e9000000)
 Metaspace       used 83851K, committed 84608K, reserved 983040K
  class space    used 11355K, committed 11712K, reserved 851968K
}
Event: 6,029 GC heap after
{Heap after GC invocations=15 (full 3):
 PSYoungGen      total 113152K, used 8786K [0x00000007a0000000, 0x00000007aca80000, 0x0000000800000000)
  eden space 103936K, 0% used [0x00000007a0000000,0x00000007a0000000,0x00000007a6580000)
  from space 9216K, 95% used [0x00000007ac180000,0x00000007aca14838,0x00000007aca80000)
  to   space 26112K, 0% used [0x00000007a9780000,0x00000007a9780000,0x00000007ab100000)
 ParOldGen       total 147456K, used 87163K [0x00000006e0000000, 0x00000006e9000000, 0x00000007a0000000)
  object space 147456K, 59% used [0x00000006e0000000,0x00000006e551ee60,0x00000006e9000000)
 Metaspace       used 83851K, committed 84608K, reserved 983040K
  class space    used 11355K, committed 11712K, reserved 851968K
}
Event: 6,602 GC heap before
{Heap before GC invocations=16 (full 3):
 PSYoungGen      total 113152K, used 112722K [0x00000007a0000000, 0x00000007aca80000, 0x0000000800000000)
  eden space 103936K, 100% used [0x00000007a0000000,0x00000007a6580000,0x00000007a6580000)
  from space 9216K, 95% used [0x00000007ac180000,0x00000007aca14838,0x00000007aca80000)
  to   space 26112K, 0% used [0x00000007a9780000,0x00000007a9780000,0x00000007ab100000)
 ParOldGen       total 147456K, used 87163K [0x00000006e0000000, 0x00000006e9000000, 0x00000007a0000000)
  object space 147456K, 59% used [0x00000006e0000000,0x00000006e551ee60,0x00000006e9000000)
 Metaspace       used 87928K, committed 88704K, reserved 983040K
  class space    used 11935K, committed 12288K, reserved 851968K
}
Event: 6,608 GC heap after
{Heap after GC invocations=16 (full 3):
 PSYoungGen      total 108544K, used 7209K [0x00000007a0000000, 0x00000007ac200000, 0x0000000800000000)
  eden space 100864K, 0% used [0x00000007a0000000,0x00000007a0000000,0x00000007a6280000)
  from space 7680K, 93% used [0x00000007a9780000,0x00000007a9e8a580,0x00000007a9f00000)
  to   space 25600K, 0% used [0x00000007aa900000,0x00000007aa900000,0x00000007ac200000)
 ParOldGen       total 147456K, used 95779K [0x00000006e0000000, 0x00000006e9000000, 0x00000007a0000000)
  object space 147456K, 64% used [0x00000006e0000000,0x00000006e5d88d98,0x00000006e9000000)
 Metaspace       used 87928K, committed 88704K, reserved 983040K
  class space    used 11935K, committed 12288K, reserved 851968K
}
Event: 7,249 GC heap before
{Heap before GC invocations=17 (full 3):
 PSYoungGen      total 108544K, used 108073K [0x00000007a0000000, 0x00000007ac200000, 0x0000000800000000)
  eden space 100864K, 100% used [0x00000007a0000000,0x00000007a6280000,0x00000007a6280000)
  from space 7680K, 93% used [0x00000007a9780000,0x00000007a9e8a580,0x00000007a9f00000)
  to   space 25600K, 0% used [0x00000007aa900000,0x00000007aa900000,0x00000007ac200000)
 ParOldGen       total 147456K, used 95779K [0x00000006e0000000, 0x00000006e9000000, 0x00000007a0000000)
  object space 147456K, 64% used [0x00000006e0000000,0x00000006e5d88d98,0x00000006e9000000)
 Metaspace       used 92820K, committed 93632K, reserved 983040K
  class space    used 12621K, committed 12992K, reserved 851968K
}
Event: 7,253 GC heap after
{Heap after GC invocations=17 (full 3):
 PSYoungGen      total 102912K, used 5016K [0x00000007a0000000, 0x00000007aae00000, 0x0000000800000000)
  eden space 97792K, 0% used [0x00000007a0000000,0x00000007a0000000,0x00000007a5f80000)
  from space 5120K, 97% used [0x00000007aa900000,0x00000007aade6150,0x00000007aae00000)
  to   space 25088K, 0% used [0x00000007a7d00000,0x00000007a7d00000,0x00000007a9580000)
 ParOldGen       total 147456K, used 102910K [0x00000006e0000000, 0x00000006e9000000, 0x00000007a0000000)
  object space 147456K, 69% used [0x00000006e0000000,0x00000006e647fba8,0x00000006e9000000)
 Metaspace       used 92820K, committed 93632K, reserved 983040K
  class space    used 12621K, committed 12992K, reserved 851968K
}
Event: 7,829 GC heap before
{Heap before GC invocations=18 (full 3):
 PSYoungGen      total 102912K, used 91332K [0x00000007a0000000, 0x00000007aae00000, 0x0000000800000000)
  eden space 97792K, 88% used [0x00000007a0000000,0x00000007a544af00,0x00000007a5f80000)
  from space 5120K, 97% used [0x00000007aa900000,0x00000007aade6150,0x00000007aae00000)
  to   space 25088K, 0% used [0x00000007a7d00000,0x00000007a7d00000,0x00000007a9580000)
 ParOldGen       total 147456K, used 102910K [0x00000006e0000000, 0x00000006e9000000, 0x00000007a0000000)
  object space 147456K, 69% used [0x00000006e0000000,0x00000006e647fba8,0x00000006e9000000)
 Metaspace       used 98835K, committed 99648K, reserved 983040K
  class space    used 13641K, committed 14016K, reserved 851968K
}
Event: 7,833 GC heap after
{Heap after GC invocations=18 (full 3):
 PSYoungGen      total 101888K, used 3614K [0x00000007a0000000, 0x00000007aa980000, 0x0000000800000000)
  eden space 97792K, 0% used [0x00000007a0000000,0x00000007a0000000,0x00000007a5f80000)
  from space 4096K, 88% used [0x00000007a7d00000,0x00000007a8087840,0x00000007a8100000)
  to   space 25088K, 0% used [0x00000007a9100000,0x00000007a9100000,0x00000007aa980000)
 ParOldGen       total 147456K, used 107868K [0x00000006e0000000, 0x00000006e9000000, 0x00000007a0000000)
  object space 147456K, 73% used [0x00000006e0000000,0x00000006e69573e0,0x00000006e9000000)
 Metaspace       used 98835K, committed 99648K, reserved 983040K
  class space    used 13641K, committed 14016K, reserved 851968K
}
Event: 7,833 GC heap before
{Heap before GC invocations=19 (full 4):
 PSYoungGen      total 101888K, used 3614K [0x00000007a0000000, 0x00000007aa980000, 0x0000000800000000)
  eden space 97792K, 0% used [0x00000007a0000000,0x00000007a0000000,0x00000007a5f80000)
  from space 4096K, 88% used [0x00000007a7d00000,0x00000007a8087840,0x00000007a8100000)
  to   space 25088K, 0% used [0x00000007a9100000,0x00000007a9100000,0x00000007aa980000)
 ParOldGen       total 147456K, used 107868K [0x00000006e0000000, 0x00000006e9000000, 0x00000007a0000000)
  object space 147456K, 73% used [0x00000006e0000000,0x00000006e69573e0,0x00000006e9000000)
 Metaspace       used 98835K, committed 99648K, reserved 983040K
  class space    used 13641K, committed 14016K, reserved 851968K
}

