# JRE version: OpenJDK Runtime Environment (17.0.9) (build 17.0.9+0-17.0.9b1087.7-11185874)
# Java VM: OpenJDK 64-Bit Server VM (17.0.9+0-17.0.9b1087.7-11185874, mixed mode, tiered, compressed oops, compressed class ptrs, parallel gc, linux-amd64)
GC Precious Log:
 CPUs: 16 total, 12 available
 Memory: 13817M
 Large Page Support: Disabled
 NUMA Support: Disabled
 Compressed Oops: Enabled (Zero based)
 Alignments: Space 512K, Generation 512K, Heap 2M
 Heap Min Capacity: 8M
 Heap Initial Capacity: 216M
 Heap Max Capacity: 4608M
 Pre-touch: Disabled
 Parallel Workers: 10
Heap:
 PSYoungGen      total 491520K, used 241356K [0x00000007a0000000, 0x00000007d1080000, 0x0000000800000000)
  eden space 393216K, 45% used [0x00000007a0000000,0x00000007aaee5110,0x00000007b8000000)
  from space 98304K, 63% used [0x00000007b8000000,0x00000007bbcce060,0x00000007be000000)
  to   space 175104K, 0% used [0x00000007c6580000,0x00000007c6580000,0x00000007d1080000)
 ParOldGen       total 738816K, used 445815K [0x00000006e0000000, 0x000000070d180000, 0x00000007a0000000)
  object space 738816K, 60% used [0x00000006e0000000,0x00000006fb35dee8,0x000000070d180000)
 Metaspace       used 92416K, committed 93248K, reserved 983040K
  class space    used 12629K, committed 13056K, reserved 851968K
GC Heap History (20 events):
Event: 4,235 GC heap before
{Heap before GC invocations=15 (full 3):
 PSYoungGen      total 135168K, used 118057K [0x00000007a0000000, 0x00000007adc00000, 0x0000000800000000)
  eden space 107520K, 100% used [0x00000007a0000000,0x00000007a6900000,0x00000007a6900000)
  from space 27648K, 38% used [0x00000007a6900000,0x00000007a734a5a0,0x00000007a8400000)
  to   space 26624K, 0% used [0x00000007ac200000,0x00000007ac200000,0x00000007adc00000)
 ParOldGen       total 147456K, used 66627K [0x00000006e0000000, 0x00000006e9000000, 0x00000007a0000000)
  object space 147456K, 45% used [0x00000006e0000000,0x00000006e4110c88,0x00000006e9000000)
 Metaspace       used 72481K, committed 73216K, reserved 917504K
  class space    used 9670K, committed 10048K, reserved 851968K
}
Event: 4,243 GC heap after
{Heap after GC invocations=15 (full 3):
 PSYoungGen      total 196608K, used 11200K [0x00000007a0000000, 0x00000007ada00000, 0x0000000800000000)
  eden space 172032K, 0% used [0x00000007a0000000,0x00000007a0000000,0x00000007aa800000)
  from space 24576K, 45% used [0x00000007ac200000,0x00000007accf0000,0x00000007ada00000)
  to   space 25600K, 0% used [0x00000007aa800000,0x00000007aa800000,0x00000007ac100000)
 ParOldGen       total 147456K, used 73242K [0x00000006e0000000, 0x00000006e9000000, 0x00000007a0000000)
  object space 147456K, 49% used [0x00000006e0000000,0x00000006e4786948,0x00000006e9000000)
 Metaspace       used 72481K, committed 73216K, reserved 917504K
  class space    used 9670K, committed 10048K, reserved 851968K
}
Event: 4,440 GC heap before
{Heap before GC invocations=16 (full 3):
 PSYoungGen      total 196608K, used 183232K [0x00000007a0000000, 0x00000007ada00000, 0x0000000800000000)
  eden space 172032K, 100% used [0x00000007a0000000,0x00000007aa800000,0x00000007aa800000)
  from space 24576K, 45% used [0x00000007ac200000,0x00000007accf0000,0x00000007ada00000)
  to   space 25600K, 0% used [0x00000007aa800000,0x00000007aa800000,0x00000007ac100000)
 ParOldGen       total 147456K, used 73242K [0x00000006e0000000, 0x00000006e9000000, 0x00000007a0000000)
  object space 147456K, 49% used [0x00000006e0000000,0x00000006e4786948,0x00000006e9000000)
 Metaspace       used 72788K, committed 73536K, reserved 917504K
  class space    used 9671K, committed 10048K, reserved 851968K
}
Event: 4,450 GC heap after
{Heap after GC invocations=16 (full 3):
 PSYoungGen      total 197632K, used 13504K [0x00000007a0000000, 0x00000007b3d00000, 0x0000000800000000)
  eden space 172032K, 0% used [0x00000007a0000000,0x00000007a0000000,0x00000007aa800000)
  from space 25600K, 52% used [0x00000007aa800000,0x00000007ab530040,0x00000007ac100000)
  to   space 24576K, 0% used [0x00000007b2500000,0x00000007b2500000,0x00000007b3d00000)
 ParOldGen       total 147456K, used 78307K [0x00000006e0000000, 0x00000006e9000000, 0x00000007a0000000)
  object space 147456K, 53% used [0x00000006e0000000,0x00000006e4c78d08,0x00000006e9000000)
 Metaspace       used 72788K, committed 73536K, reserved 917504K
  class space    used 9671K, committed 10048K, reserved 851968K
}
Event: 4,627 GC heap before
{Heap before GC invocations=17 (full 3):
 PSYoungGen      total 197632K, used 185536K [0x00000007a0000000, 0x00000007b3d00000, 0x0000000800000000)
  eden space 172032K, 100% used [0x00000007a0000000,0x00000007aa800000,0x00000007aa800000)
  from space 25600K, 52% used [0x00000007aa800000,0x00000007ab530040,0x00000007ac100000)
  to   space 24576K, 0% used [0x00000007b2500000,0x00000007b2500000,0x00000007b3d00000)
 ParOldGen       total 147456K, used 78307K [0x00000006e0000000, 0x00000006e9000000, 0x00000007a0000000)
  object space 147456K, 53% used [0x00000006e0000000,0x00000006e4c78d08,0x00000006e9000000)
 Metaspace       used 73579K, committed 74368K, reserved 917504K
  class space    used 9773K, committed 10176K, reserved 851968K
}
Event: 4,642 GC heap after
{Heap after GC invocations=17 (full 3):
 PSYoungGen      total 300032K, used 15712K [0x00000007a0000000, 0x00000007b3d00000, 0x0000000800000000)
  eden space 275456K, 0% used [0x00000007a0000000,0x00000007a0000000,0x00000007b0d00000)
  from space 24576K, 63% used [0x00000007b2500000,0x00000007b3458020,0x00000007b3d00000)
  to   space 24576K, 0% used [0x00000007b0d00000,0x00000007b0d00000,0x00000007b2500000)
 ParOldGen       total 147456K, used 85323K [0x00000006e0000000, 0x00000006e9000000, 0x00000007a0000000)
  object space 147456K, 57% used [0x00000006e0000000,0x00000006e5352d88,0x00000006e9000000)
 Metaspace       used 73579K, committed 74368K, reserved 917504K
  class space    used 9773K, committed 10176K, reserved 851968K
}
Event: 4,993 GC heap before
{Heap before GC invocations=18 (full 3):
 PSYoungGen      total 300032K, used 291032K [0x00000007a0000000, 0x00000007b3d00000, 0x0000000800000000)
  eden space 275456K, 99% used [0x00000007a0000000,0x00000007b0cde198,0x00000007b0d00000)
  from space 24576K, 63% used [0x00000007b2500000,0x00000007b3458020,0x00000007b3d00000)
  to   space 24576K, 0% used [0x00000007b0d00000,0x00000007b0d00000,0x00000007b2500000)
 ParOldGen       total 147456K, used 85323K [0x00000006e0000000, 0x00000006e9000000, 0x00000007a0000000)
  object space 147456K, 57% used [0x00000006e0000000,0x00000006e5352d88,0x00000006e9000000)
 Metaspace       used 75479K, committed 76160K, reserved 983040K
  class space    used 9976K, committed 10304K, reserved 851968K
}
Event: 5,021 GC heap after
{Heap after GC invocations=18 (full 3):
 PSYoungGen      total 300032K, used 24551K [0x00000007a0000000, 0x00000007c0580000, 0x0000000800000000)
  eden space 275456K, 0% used [0x00000007a0000000,0x00000007a0000000,0x00000007b0d00000)
  from space 24576K, 99% used [0x00000007b0d00000,0x00000007b24f9ef0,0x00000007b2500000)
  to   space 44544K, 0% used [0x00000007bda00000,0x00000007bda00000,0x00000007c0580000)
 ParOldGen       total 147456K, used 130811K [0x00000006e0000000, 0x00000006e9000000, 0x00000007a0000000)
  object space 147456K, 88% used [0x00000006e0000000,0x00000006e7fbede0,0x00000006e9000000)
 Metaspace       used 75479K, committed 76160K, reserved 983040K
  class space    used 9976K, committed 10304K, reserved 851968K
}
Event: 5,021 GC heap before
{Heap before GC invocations=19 (full 4):
 PSYoungGen      total 300032K, used 24551K [0x00000007a0000000, 0x00000007c0580000, 0x0000000800000000)
  eden space 275456K, 0% used [0x00000007a0000000,0x00000007a0000000,0x00000007b0d00000)
  from space 24576K, 99% used [0x00000007b0d00000,0x00000007b24f9ef0,0x00000007b2500000)
  to   space 44544K, 0% used [0x00000007bda00000,0x00000007bda00000,0x00000007c0580000)
 ParOldGen       total 147456K, used 130811K [0x00000006e0000000, 0x00000006e9000000, 0x00000007a0000000)
  object space 147456K, 88% used [0x00000006e0000000,0x00000006e7fbede0,0x00000006e9000000)
 Metaspace       used 75479K, committed 76160K, reserved 983040K
  class space    used 9976K, committed 10304K, reserved 851968K
}
Event: 5,118 GC heap after
{Heap after GC invocations=19 (full 4):
 PSYoungGen      total 300032K, used 2302K [0x00000007a0000000, 0x00000007bda80000, 0x0000000800000000)
  eden space 275456K, 0% used [0x00000007a0000000,0x00000007a0000000,0x00000007b0d00000)
  from space 24576K, 9% used [0x00000007b0d00000,0x00000007b0f3f900,0x00000007b2500000)
  to   space 44544K, 0% used [0x00000007baf00000,0x00000007baf00000,0x00000007bda80000)
 ParOldGen       total 258560K, used 147265K [0x00000006e0000000, 0x00000006efc80000, 0x00000007a0000000)
  object space 258560K, 56% used [0x00000006e0000000,0x00000006e8fd04e0,0x00000006efc80000)
 Metaspace       used 75468K, committed 76160K, reserved 983040K
  class space    used 9973K, committed 10304K, reserved 851968K
}
Event: 5,393 GC heap before
{Heap before GC invocations=20 (full 4):
 PSYoungGen      total 300032K, used 277691K [0x00000007a0000000, 0x00000007bda80000, 0x0000000800000000)
  eden space 275456K, 99% used [0x00000007a0000000,0x00000007b0cef6b8,0x00000007b0d00000)
  from space 24576K, 9% used [0x00000007b0d00000,0x00000007b0f3f900,0x00000007b2500000)
  to   space 44544K, 0% used [0x00000007baf00000,0x00000007baf00000,0x00000007bda80000)
 ParOldGen       total 258560K, used 147265K [0x00000006e0000000, 0x00000006efc80000, 0x00000007a0000000)
  object space 258560K, 56% used [0x00000006e0000000,0x00000006e8fd04e0,0x00000006efc80000)
 Metaspace       used 83295K, committed 84096K, reserved 983040K
  class space    used 11098K, committed 11520K, reserved 851968K
}
Event: 5,425 GC heap after
{Heap after GC invocations=20 (full 4):
 PSYoungGen      total 404992K, used 44540K [0x00000007a0000000, 0x00000007bfe00000, 0x0000000800000000)
  eden space 360448K, 0% used [0x00000007a0000000,0x00000007a0000000,0x00000007b6000000)
  from space 44544K, 99% used [0x00000007baf00000,0x00000007bda7f190,0x00000007bda80000)
  to   space 80896K, 0% used [0x00000007b6000000,0x00000007b6000000,0x00000007baf00000)
 ParOldGen       total 258560K, used 227130K [0x00000006e0000000, 0x00000006efc80000, 0x00000007a0000000)
  object space 258560K, 87% used [0x00000006e0000000,0x00000006eddce8d8,0x00000006efc80000)
 Metaspace       used 83295K, committed 84096K, reserved 983040K
  class space    used 11098K, committed 11520K, reserved 851968K
}
Event: 5,425 GC heap before
{Heap before GC invocations=21 (full 5):
 PSYoungGen      total 404992K, used 44540K [0x00000007a0000000, 0x00000007bfe00000, 0x0000000800000000)
  eden space 360448K, 0% used [0x00000007a0000000,0x00000007a0000000,0x00000007b6000000)
  from space 44544K, 99% used [0x00000007baf00000,0x00000007bda7f190,0x00000007bda80000)
  to   space 80896K, 0% used [0x00000007b6000000,0x00000007b6000000,0x00000007baf00000)
 ParOldGen       total 258560K, used 227130K [0x00000006e0000000, 0x00000006efc80000, 0x00000007a0000000)
  object space 258560K, 87% used [0x00000006e0000000,0x00000006eddce8d8,0x00000006efc80000)
 Metaspace       used 83295K, committed 84096K, reserved 983040K
  class space    used 11098K, committed 11520K, reserved 851968K
}
Event: 5,484 GC heap after
{Heap after GC invocations=21 (full 5):
 PSYoungGen      total 441344K, used 0K [0x00000007a0000000, 0x00000007c2f00000, 0x0000000800000000)
  eden space 360448K, 0% used [0x00000007a0000000,0x00000007a0000000,0x00000007b6000000)
  from space 80896K, 0% used [0x00000007b6000000,0x00000007b6000000,0x00000007baf00000)
  to   space 80896K, 0% used [0x00000007be000000,0x00000007be000000,0x00000007c2f00000)
 ParOldGen       total 445952K, used 254635K [0x00000006e0000000, 0x00000006fb380000, 0x00000007a0000000)
  object space 445952K, 57% used [0x00000006e0000000,0x00000006ef8aaeb8,0x00000006fb380000)
 Metaspace       used 83295K, committed 84096K, reserved 983040K
  class space    used 11098K, committed 11520K, reserved 851968K
}
Event: 6,122 GC heap before
{Heap before GC invocations=22 (full 5):
 PSYoungGen      total 441344K, used 360448K [0x00000007a0000000, 0x00000007c2f00000, 0x0000000800000000)
  eden space 360448K, 100% used [0x00000007a0000000,0x00000007b6000000,0x00000007b6000000)
  from space 80896K, 0% used [0x00000007b6000000,0x00000007b6000000,0x00000007baf00000)
  to   space 80896K, 0% used [0x00000007be000000,0x00000007be000000,0x00000007c2f00000)
 ParOldGen       total 445952K, used 254635K [0x00000006e0000000, 0x00000006fb380000, 0x00000007a0000000)
  object space 445952K, 57% used [0x00000006e0000000,0x00000006ef8aaeb8,0x00000006fb380000)
 Metaspace       used 88579K, committed 89408K, reserved 983040K
  class space    used 11905K, committed 12288K, reserved 851968K
}
Event: 6,165 GC heap after
{Heap after GC invocations=22 (full 5):
 PSYoungGen      total 474112K, used 80874K [0x00000007a0000000, 0x00000007c5180000, 0x0000000800000000)
  eden space 393216K, 0% used [0x00000007a0000000,0x00000007a0000000,0x00000007b8000000)
  from space 80896K, 99% used [0x00000007be000000,0x00000007c2efaad8,0x00000007c2f00000)
  to   space 98304K, 0% used [0x00000007b8000000,0x00000007b8000000,0x00000007be000000)
 ParOldGen       total 445952K, used 263323K [0x00000006e0000000, 0x00000006fb380000, 0x00000007a0000000)
  object space 445952K, 59% used [0x00000006e0000000,0x00000006f0126eb8,0x00000006fb380000)
 Metaspace       used 88579K, committed 89408K, reserved 983040K
  class space    used 11905K, committed 12288K, reserved 851968K
}
Event: 6,811 GC heap before
{Heap before GC invocations=23 (full 5):
 PSYoungGen      total 474112K, used 474090K [0x00000007a0000000, 0x00000007c5180000, 0x0000000800000000)
  eden space 393216K, 100% used [0x00000007a0000000,0x00000007b8000000,0x00000007b8000000)
  from space 80896K, 99% used [0x00000007be000000,0x00000007c2efaad8,0x00000007c2f00000)
  to   space 98304K, 0% used [0x00000007b8000000,0x00000007b8000000,0x00000007be000000)
 ParOldGen       total 445952K, used 263323K [0x00000006e0000000, 0x00000006fb380000, 0x00000007a0000000)
  object space 445952K, 59% used [0x00000006e0000000,0x00000006f0126eb8,0x00000006fb380000)
 Metaspace       used 92146K, committed 92928K, reserved 983040K
  class space    used 12596K, committed 12992K, reserved 851968K
}
Event: 6,939 GC heap after
{Heap after GC invocations=23 (full 5):
 PSYoungGen      total 491520K, used 98296K [0x00000007a0000000, 0x00000007d1a00000, 0x0000000800000000)
  eden space 393216K, 0% used [0x00000007a0000000,0x00000007a0000000,0x00000007b8000000)
  from space 98304K, 99% used [0x00000007b8000000,0x00000007bdffe270,0x00000007be000000)
  to   space 175104K, 0% used [0x00000007c6f00000,0x00000007c6f00000,0x00000007d1a00000)
 ParOldGen       total 445952K, used 425793K [0x00000006e0000000, 0x00000006fb380000, 0x00000007a0000000)
  object space 445952K, 95% used [0x00000006e0000000,0x00000006f9fd06b8,0x00000006fb380000)
 Metaspace       used 92146K, committed 92928K, reserved 983040K
  class space    used 12596K, committed 12992K, reserved 851968K
}
Event: 6,939 GC heap before
{Heap before GC invocations=24 (full 6):
 PSYoungGen      total 491520K, used 98296K [0x00000007a0000000, 0x00000007d1a00000, 0x0000000800000000)
  eden space 393216K, 0% used [0x00000007a0000000,0x00000007a0000000,0x00000007b8000000)
  from space 98304K, 99% used [0x00000007b8000000,0x00000007bdffe270,0x00000007be000000)
  to   space 175104K, 0% used [0x00000007c6f00000,0x00000007c6f00000,0x00000007d1a00000)
 ParOldGen       total 445952K, used 425793K [0x00000006e0000000, 0x00000006fb380000, 0x00000007a0000000)
  object space 445952K, 95% used [0x00000006e0000000,0x00000006f9fd06b8,0x00000006fb380000)
 Metaspace       used 92146K, committed 92928K, reserved 983040K
  class space    used 12596K, committed 12992K, reserved 851968K
}
Event: 7,313 GC heap after
{Heap after GC invocations=24 (full 6):
 PSYoungGen      total 491520K, used 62264K [0x00000007a0000000, 0x00000007d1080000, 0x0000000800000000)
  eden space 393216K, 0% used [0x00000007a0000000,0x00000007a0000000,0x00000007b8000000)
  from space 98304K, 63% used [0x00000007b8000000,0x00000007bbcce060,0x00000007be000000)
  to   space 175104K, 0% used [0x00000007c6580000,0x00000007c6580000,0x00000007d1080000)
 ParOldGen       total 738816K, used 445815K [0x00000006e0000000, 0x000000070d180000, 0x00000007a0000000)
  object space 738816K, 60% used [0x00000006e0000000,0x00000006fb35dee8,0x000000070d180000)
 Metaspace       used 92146K, committed 92928K, reserved 983040K
  class space    used 12596K, committed 12992K, reserved 851968K
}

