# JRE version: OpenJDK Runtime Environment (17.0.9) (build 17.0.9+0-17.0.9b1087.7-11185874)
# Java VM: OpenJDK 64-Bit Server VM (17.0.9+0-17.0.9b1087.7-11185874, mixed mode, tiered, compressed oops, compressed class ptrs, g1 gc, linux-amd64)
GC Precious Log:
 CPUs: 16 total, 12 available
 Memory: 13817M
 Large Page Support: Disabled
 NUMA Support: Disabled
 Compressed Oops: Enabled (Zero based)
 Heap Region Size: 2M
 Heap Min Capacity: 8M
 Heap Initial Capacity: 216M
 Heap Max Capacity: 3456M
 Pre-touch: Disabled
 Parallel Workers: 10
 Concurrent Workers: 3
 Concurrent Refinement Workers: 10
 Periodic GC: Disabled
Heap:
 garbage-first heap   total 143360K, used 83112K [0x0000000728000000, 0x0000000800000000)
  region size 2048K, 10 young (20480K), 2 survivors (4096K)
 Metaspace       used 55321K, committed 55552K, reserved 1114112K
  class space    used 6318K, committed 6464K, reserved 1048576K
GC Heap History (20 events):
Event: 1,536 GC heap before
{Heap before GC invocations=8 (full 0):
 garbage-first heap   total 90112K, used 70315K [0x0000000728000000, 0x0000000800000000)
  region size 2048K, 24 young (49152K), 1 survivors (2048K)
 Metaspace       used 34179K, committed 34368K, reserved 1114112K
  class space    used 4200K, committed 4288K, reserved 1048576K
}
Event: 1,543 GC heap after
{Heap after GC invocations=9 (full 0):
 garbage-first heap   total 90112K, used 27090K [0x0000000728000000, 0x0000000800000000)
  region size 2048K, 4 young (8192K), 4 survivors (8192K)
 Metaspace       used 34179K, committed 34368K, reserved 1114112K
  class space    used 4200K, committed 4288K, reserved 1048576K
}
Event: 1,918 GC heap before
{Heap before GC invocations=9 (full 0):
 garbage-first heap   total 90112K, used 57810K [0x0000000728000000, 0x0000000800000000)
  region size 2048K, 19 young (38912K), 4 survivors (8192K)
 Metaspace       used 39539K, committed 39744K, reserved 1114112K
  class space    used 4697K, committed 4800K, reserved 1048576K
}
Event: 1,927 GC heap after
{Heap after GC invocations=10 (full 0):
 garbage-first heap   total 90112K, used 32132K [0x0000000728000000, 0x0000000800000000)
  region size 2048K, 3 young (6144K), 3 survivors (6144K)
 Metaspace       used 39539K, committed 39744K, reserved 1114112K
  class space    used 4697K, committed 4800K, reserved 1048576K
}
Event: 2,194 GC heap before
{Heap before GC invocations=10 (full 0):
 garbage-first heap   total 90112K, used 58756K [0x0000000728000000, 0x0000000800000000)
  region size 2048K, 17 young (34816K), 3 survivors (6144K)
 Metaspace       used 42477K, committed 42688K, reserved 1114112K
  class space    used 5055K, committed 5120K, reserved 1048576K
}
Event: 2,203 GC heap after
{Heap after GC invocations=11 (full 0):
 garbage-first heap   total 90112K, used 38059K [0x0000000728000000, 0x0000000800000000)
  region size 2048K, 3 young (6144K), 3 survivors (6144K)
 Metaspace       used 42477K, committed 42688K, reserved 1114112K
  class space    used 5055K, committed 5120K, reserved 1048576K
}
Event: 2,316 GC heap before
{Heap before GC invocations=11 (full 0):
 garbage-first heap   total 90112K, used 62635K [0x0000000728000000, 0x0000000800000000)
  region size 2048K, 15 young (30720K), 3 survivors (6144K)
 Metaspace       used 43927K, committed 44160K, reserved 1114112K
  class space    used 5228K, committed 5376K, reserved 1048576K
}
Event: 2,321 GC heap after
{Heap after GC invocations=12 (full 0):
 garbage-first heap   total 108544K, used 39179K [0x0000000728000000, 0x0000000800000000)
  region size 2048K, 1 young (2048K), 1 survivors (2048K)
 Metaspace       used 43927K, committed 44160K, reserved 1114112K
  class space    used 5228K, committed 5376K, reserved 1048576K
}
Event: 2,336 GC heap before
{Heap before GC invocations=12 (full 0):
 garbage-first heap   total 108544K, used 41227K [0x0000000728000000, 0x0000000800000000)
  region size 2048K, 2 young (4096K), 1 survivors (2048K)
 Metaspace       used 44244K, committed 44416K, reserved 1114112K
  class space    used 5263K, committed 5376K, reserved 1048576K
}
Event: 2,338 GC heap after
{Heap after GC invocations=13 (full 0):
 garbage-first heap   total 108544K, used 41281K [0x0000000728000000, 0x0000000800000000)
  region size 2048K, 1 young (2048K), 1 survivors (2048K)
 Metaspace       used 44244K, committed 44416K, reserved 1114112K
  class space    used 5263K, committed 5376K, reserved 1048576K
}
Event: 2,822 GC heap before
{Heap before GC invocations=14 (full 0):
 garbage-first heap   total 108544K, used 78145K [0x0000000728000000, 0x0000000800000000)
  region size 2048K, 19 young (38912K), 1 survivors (2048K)
 Metaspace       used 46623K, committed 46912K, reserved 1114112K
  class space    used 5445K, committed 5568K, reserved 1048576K
}
Event: 2,832 GC heap after
{Heap after GC invocations=15 (full 0):
 garbage-first heap   total 108544K, used 49929K [0x0000000728000000, 0x0000000800000000)
  region size 2048K, 3 young (6144K), 3 survivors (6144K)
 Metaspace       used 46623K, committed 46912K, reserved 1114112K
  class space    used 5445K, committed 5568K, reserved 1048576K
}
Event: 3,097 GC heap before
{Heap before GC invocations=15 (full 0):
 garbage-first heap   total 108544K, used 80649K [0x0000000728000000, 0x0000000800000000)
  region size 2048K, 17 young (34816K), 3 survivors (6144K)
 Metaspace       used 49968K, committed 50240K, reserved 1114112K
  class space    used 5828K, committed 5952K, reserved 1048576K
}
Event: 3,108 GC heap after
{Heap after GC invocations=16 (full 0):
 garbage-first heap   total 108544K, used 55635K [0x0000000728000000, 0x0000000800000000)
  region size 2048K, 2 young (4096K), 2 survivors (4096K)
 Metaspace       used 49968K, committed 50240K, reserved 1114112K
  class space    used 5828K, committed 5952K, reserved 1048576K
}
Event: 3,558 GC heap before
{Heap before GC invocations=16 (full 0):
 garbage-first heap   total 108544K, used 78163K [0x0000000728000000, 0x0000000800000000)
  region size 2048K, 14 young (28672K), 2 survivors (4096K)
 Metaspace       used 52752K, committed 53056K, reserved 1114112K
  class space    used 6148K, committed 6272K, reserved 1048576K
}
Event: 3,568 GC heap after
{Heap after GC invocations=17 (full 0):
 garbage-first heap   total 108544K, used 59666K [0x0000000728000000, 0x0000000800000000)
  region size 2048K, 2 young (4096K), 2 survivors (4096K)
 Metaspace       used 52752K, committed 53056K, reserved 1114112K
  class space    used 6148K, committed 6272K, reserved 1048576K
}
Event: 3,969 GC heap before
{Heap before GC invocations=18 (full 0):
 garbage-first heap   total 108544K, used 82194K [0x0000000728000000, 0x0000000800000000)
  region size 2048K, 13 young (26624K), 2 survivors (4096K)
 Metaspace       used 54064K, committed 54336K, reserved 1114112K
  class space    used 6247K, committed 6400K, reserved 1048576K
}
Event: 3,980 GC heap after
{Heap after GC invocations=19 (full 0):
 garbage-first heap   total 108544K, used 64571K [0x0000000728000000, 0x0000000800000000)
  region size 2048K, 2 young (4096K), 2 survivors (4096K)
 Metaspace       used 54064K, committed 54336K, reserved 1114112K
  class space    used 6247K, committed 6400K, reserved 1048576K
}
Event: 4,199 GC heap before
{Heap before GC invocations=19 (full 0):
 garbage-first heap   total 108544K, used 83003K [0x0000000728000000, 0x0000000800000000)
  region size 2048K, 11 young (22528K), 2 survivors (4096K)
 Metaspace       used 55049K, committed 55296K, reserved 1114112K
  class space    used 6312K, committed 6464K, reserved 1048576K
}
Event: 4,209 GC heap after
{Heap after GC invocations=20 (full 0):
 garbage-first heap   total 143360K, used 68776K [0x0000000728000000, 0x0000000800000000)
  region size 2048K, 2 young (4096K), 2 survivors (4096K)
 Metaspace       used 55049K, committed 55296K, reserved 1114112K
  class space    used 6312K, committed 6464K, reserved 1048576K
}

