# JRE version: OpenJDK Runtime Environment (17.0.9) (build 17.0.9+0-17.0.9b1087.7-11185874)
# Java VM: OpenJDK 64-Bit Server VM (17.0.9+0-17.0.9b1087.7-11185874, mixed mode, tiered, compressed oops, compressed class ptrs, g1 gc, linux-amd64)
GC Precious Log:
 CPUs: 16 total, 12 available
 Memory: 13817M
 Large Page Support: Disabled
 NUMA Support: Disabled
 Compressed Oops: Enabled (Zero based)
 Heap Region Size: 4M
 Heap Min Capacity: 8M
 Heap Initial Capacity: 216M
 Heap Max Capacity: 4608M
 Pre-touch: Disabled
 Parallel Workers: 10
 Concurrent Workers: 3
 Concurrent Refinement Workers: 10
 Periodic GC: Disabled
Heap:
 garbage-first heap   total 98304K, used 67489K [0x00000006e0000000, 0x0000000800000000)
  region size 4096K, 11 young (45056K), 2 survivors (8192K)
 Metaspace       used 51378K, committed 51840K, reserved 1114112K
  class space    used 7066K, committed 7296K, reserved 1048576K
GC Heap History (19 events):
Event: 0,349 GC heap before
{Heap before GC invocations=0 (full 0):
 garbage-first heap   total 221184K, used 24576K [0x00000006e0000000, 0x0000000800000000)
  region size 4096K, 5 young (20480K), 0 survivors (0K)
 Metaspace       used 9808K, committed 9920K, reserved 1114112K
  class space    used 977K, committed 1024K, reserved 1048576K
}
Event: 0,352 GC heap after
{Heap after GC invocations=1 (full 0):
 garbage-first heap   total 221184K, used 9949K [0x00000006e0000000, 0x0000000800000000)
  region size 4096K, 1 young (4096K), 1 survivors (4096K)
 Metaspace       used 9808K, committed 9920K, reserved 1114112K
  class space    used 977K, committed 1024K, reserved 1048576K
}
Event: 0,471 GC heap before
{Heap before GC invocations=1 (full 0):
 garbage-first heap   total 221184K, used 30429K [0x00000006e0000000, 0x0000000800000000)
  region size 4096K, 6 young (24576K), 1 survivors (4096K)
 Metaspace       used 11407K, committed 11584K, reserved 1114112K
  class space    used 1206K, committed 1280K, reserved 1048576K
}
Event: 0,474 GC heap after
{Heap after GC invocations=2 (full 0):
 garbage-first heap   total 221184K, used 10940K [0x00000006e0000000, 0x0000000800000000)
  region size 4096K, 1 young (4096K), 1 survivors (4096K)
 Metaspace       used 11407K, committed 11584K, reserved 1114112K
  class space    used 1206K, committed 1280K, reserved 1048576K
}
Event: 0,954 GC heap before
{Heap before GC invocations=2 (full 0):
 garbage-first heap   total 221184K, used 55996K [0x00000006e0000000, 0x0000000800000000)
  region size 4096K, 13 young (53248K), 1 survivors (4096K)
 Metaspace       used 21322K, committed 21504K, reserved 1114112K
  class space    used 2541K, committed 2624K, reserved 1048576K
}
Event: 0,957 GC heap after
{Heap after GC invocations=3 (full 0):
 garbage-first heap   total 221184K, used 18023K [0x00000006e0000000, 0x0000000800000000)
  region size 4096K, 2 young (8192K), 2 survivors (8192K)
 Metaspace       used 21322K, committed 21504K, reserved 1114112K
  class space    used 2541K, committed 2624K, reserved 1048576K
}
Event: 1,343 GC heap before
{Heap before GC invocations=4 (full 0):
 garbage-first heap   total 81920K, used 54887K [0x00000006e0000000, 0x0000000800000000)
  region size 4096K, 12 young (49152K), 2 survivors (8192K)
 Metaspace       used 27145K, committed 27392K, reserved 1114112K
  class space    used 3574K, committed 3712K, reserved 1048576K
}
Event: 1,347 GC heap after
{Heap after GC invocations=5 (full 0):
 garbage-first heap   total 81920K, used 20602K [0x00000006e0000000, 0x0000000800000000)
  region size 4096K, 1 young (4096K), 1 survivors (4096K)
 Metaspace       used 27145K, committed 27392K, reserved 1114112K
  class space    used 3574K, committed 3712K, reserved 1048576K
}
Event: 1,382 GC heap before
{Heap before GC invocations=5 (full 0):
 garbage-first heap   total 81920K, used 24698K [0x00000006e0000000, 0x0000000800000000)
  region size 4096K, 2 young (8192K), 1 survivors (4096K)
 Metaspace       used 27607K, committed 27904K, reserved 1114112K
  class space    used 3654K, committed 3776K, reserved 1048576K
}
Event: 1,385 GC heap after
{Heap after GC invocations=6 (full 0):
 garbage-first heap   total 81920K, used 20825K [0x00000006e0000000, 0x0000000800000000)
  region size 4096K, 1 young (4096K), 1 survivors (4096K)
 Metaspace       used 27607K, committed 27904K, reserved 1114112K
  class space    used 3654K, committed 3776K, reserved 1048576K
}
Event: 1,692 GC heap before
{Heap before GC invocations=6 (full 0):
 garbage-first heap   total 81920K, used 53593K [0x00000006e0000000, 0x0000000800000000)
  region size 4096K, 9 young (36864K), 1 survivors (4096K)
 Metaspace       used 32074K, committed 32448K, reserved 1114112K
  class space    used 4381K, committed 4544K, reserved 1048576K
}
Event: 1,694 GC heap after
{Heap after GC invocations=7 (full 0):
 garbage-first heap   total 106496K, used 22256K [0x00000006e0000000, 0x0000000800000000)
  region size 4096K, 1 young (4096K), 1 survivors (4096K)
 Metaspace       used 32074K, committed 32448K, reserved 1114112K
  class space    used 4381K, committed 4544K, reserved 1048576K
}
Event: 1,929 GC heap before
{Heap before GC invocations=7 (full 0):
 garbage-first heap   total 106496K, used 46832K [0x00000006e0000000, 0x0000000800000000)
  region size 4096K, 8 young (32768K), 1 survivors (4096K)
 Metaspace       used 35730K, committed 35968K, reserved 1114112K
  class space    used 4930K, committed 5056K, reserved 1048576K
}
Event: 1,932 GC heap after
{Heap after GC invocations=8 (full 0):
 garbage-first heap   total 106496K, used 23412K [0x00000006e0000000, 0x0000000800000000)
  region size 4096K, 1 young (4096K), 1 survivors (4096K)
 Metaspace       used 35730K, committed 35968K, reserved 1114112K
  class space    used 4930K, committed 5056K, reserved 1048576K
}
Event: 2,281 GC heap before
{Heap before GC invocations=9 (full 0):
 garbage-first heap   total 98304K, used 68468K [0x00000006e0000000, 0x0000000800000000)
  region size 4096K, 13 young (53248K), 1 survivors (4096K)
 Metaspace       used 41838K, committed 42304K, reserved 1114112K
  class space    used 5610K, committed 5824K, reserved 1048576K
}
Event: 2,284 GC heap after
{Heap after GC invocations=10 (full 0):
 garbage-first heap   total 98304K, used 28072K [0x00000006e0000000, 0x0000000800000000)
  region size 4096K, 2 young (8192K), 2 survivors (8192K)
 Metaspace       used 41838K, committed 42304K, reserved 1114112K
  class space    used 5610K, committed 5824K, reserved 1048576K
}
Event: 2,648 GC heap before
{Heap before GC invocations=10 (full 0):
 garbage-first heap   total 98304K, used 64936K [0x00000006e0000000, 0x0000000800000000)
  region size 4096K, 12 young (49152K), 2 survivors (8192K)
 Metaspace       used 47291K, committed 47680K, reserved 1114112K
  class space    used 6430K, committed 6592K, reserved 1048576K
}
Event: 2,652 GC heap after
{Heap after GC invocations=11 (full 0):
 garbage-first heap   total 98304K, used 30625K [0x00000006e0000000, 0x0000000800000000)
  region size 4096K, 1 young (4096K), 1 survivors (4096K)
 Metaspace       used 47291K, committed 47680K, reserved 1114112K
  class space    used 6430K, committed 6592K, reserved 1048576K
}
Event: 2,963 GC heap before
{Heap before GC invocations=11 (full 0):
 garbage-first heap   total 98304K, used 67489K [0x00000006e0000000, 0x0000000800000000)
  region size 4096K, 10 young (40960K), 1 survivors (4096K)
 Metaspace       used 51378K, committed 51840K, reserved 1114112K
  class space    used 7066K, committed 7296K, reserved 1048576K
}

