# JRE version: OpenJDK Runtime Environment (17.0.9) (build 17.0.9+0-17.0.9b1087.7-11185874)
# Java VM: OpenJDK 64-Bit Server VM (17.0.9+0-17.0.9b1087.7-11185874, mixed mode, tiered, compressed oops, compressed class ptrs, g1 gc, linux-amd64)
GC Precious Log:
 CPUs: 16 total, 12 available
 Memory: 13817M
 Large Page Support: Disabled
 NUMA Support: Disabled
 Compressed Oops: Enabled (Zero based)
 Heap Region Size: 4M
 Heap Min Capacity: 8M
 Heap Initial Capacity: 216M
 Heap Max Capacity: 4608M
 Pre-touch: Disabled
 Parallel Workers: 10
 Concurrent Workers: 3
 Concurrent Refinement Workers: 10
 Periodic GC: Disabled
Heap:
 garbage-first heap   total 729088K, used 548116K [0x00000006e0000000, 0x0000000800000000)
  region size 4096K, 69 young (282624K), 3 survivors (12288K)
 Metaspace       used 225215K, committed 227968K, reserved 1310720K
  class space    used 29995K, committed 31360K, reserved 1048576K
GC Heap History (20 events):
Event: 7907,482 GC heap after
{Heap after GC invocations=102 (full 1):
 garbage-first heap   total 1708032K, used 308871K [0x00000006e0000000, 0x0000000800000000)
  region size 4096K, 7 young (28672K), 7 survivors (28672K)
 Metaspace       used 210248K, committed 212864K, reserved 1245184K
  class space    used 28069K, committed 29312K, reserved 1048576K
}
Event: 8658,952 GC heap before
{Heap before GC invocations=102 (full 1):
 garbage-first heap   total 1708032K, used 1300103K [0x00000006e0000000, 0x0000000800000000)
  region size 4096K, 250 young (1024000K), 7 survivors (28672K)
 Metaspace       used 210294K, committed 212928K, reserved 1245184K
  class space    used 28070K, committed 29312K, reserved 1048576K
}
Event: 8658,969 GC heap after
{Heap after GC invocations=103 (full 1):
 garbage-first heap   total 1708032K, used 311219K [0x00000006e0000000, 0x0000000800000000)
  region size 4096K, 7 young (28672K), 7 survivors (28672K)
 Metaspace       used 210294K, committed 212928K, reserved 1245184K
  class space    used 28070K, committed 29312K, reserved 1048576K
}
Event: 8676,956 GC heap before
{Heap before GC invocations=103 (full 1):
 garbage-first heap   total 1708032K, used 1302451K [0x00000006e0000000, 0x0000000800000000)
  region size 4096K, 250 young (1024000K), 7 survivors (28672K)
 Metaspace       used 225975K, committed 228672K, reserved 1310720K
  class space    used 30082K, committed 31360K, reserved 1048576K
}
Event: 8676,995 GC heap after
{Heap after GC invocations=104 (full 1):
 garbage-first heap   total 1708032K, used 342936K [0x00000006e0000000, 0x0000000800000000)
  region size 4096K, 15 young (61440K), 15 survivors (61440K)
 Metaspace       used 225975K, committed 228672K, reserved 1310720K
  class space    used 30082K, committed 31360K, reserved 1048576K
}
Event: 8677,489 GC heap before
{Heap before GC invocations=104 (full 1):
 garbage-first heap   total 1708032K, used 1301400K [0x00000006e0000000, 0x0000000800000000)
  region size 4096K, 250 young (1024000K), 15 survivors (61440K)
 Metaspace       used 226008K, committed 228736K, reserved 1310720K
  class space    used 30082K, committed 31360K, reserved 1048576K
}
Event: 8677,515 GC heap after
{Heap after GC invocations=105 (full 1):
 garbage-first heap   total 1708032K, used 354587K [0x00000006e0000000, 0x0000000800000000)
  region size 4096K, 18 young (73728K), 18 survivors (73728K)
 Metaspace       used 226008K, committed 228736K, reserved 1310720K
  class space    used 30082K, committed 31360K, reserved 1048576K
}
Event: 8678,213 GC heap before
{Heap before GC invocations=105 (full 1):
 garbage-first heap   total 1708032K, used 1300763K [0x00000006e0000000, 0x0000000800000000)
  region size 4096K, 250 young (1024000K), 18 survivors (73728K)
 Metaspace       used 226034K, committed 228736K, reserved 1310720K
  class space    used 30082K, committed 31360K, reserved 1048576K
}
Event: 8678,267 GC heap after
{Heap after GC invocations=106 (full 1):
 garbage-first heap   total 1708032K, used 330755K [0x00000006e0000000, 0x0000000800000000)
  region size 4096K, 11 young (45056K), 11 survivors (45056K)
 Metaspace       used 226034K, committed 228736K, reserved 1310720K
  class space    used 30082K, committed 31360K, reserved 1048576K
}
Event: 8692,689 GC heap before
{Heap before GC invocations=106 (full 1):
 garbage-first heap   total 1708032K, used 642051K [0x00000006e0000000, 0x0000000800000000)
  region size 4096K, 51 young (208896K), 11 survivors (45056K)
 Metaspace       used 226097K, committed 228800K, reserved 1310720K
  class space    used 30082K, committed 31360K, reserved 1048576K
}
Event: 8700,494 GC heap after
{Heap after GC invocations=107 (full 2):
 garbage-first heap   total 712704K, used 187000K [0x00000006e0000000, 0x0000000800000000)
  region size 4096K, 0 young (0K), 0 survivors (0K)
 Metaspace       used 224642K, committed 227904K, reserved 1310720K
  class space    used 29970K, committed 31360K, reserved 1048576K
}
Event: 8702,233 GC heap before
{Heap before GC invocations=107 (full 2):
 garbage-first heap   total 712704K, used 490104K [0x00000006e0000000, 0x0000000800000000)
  region size 4096K, 75 young (307200K), 0 survivors (0K)
 Metaspace       used 224767K, committed 227904K, reserved 1310720K
  class space    used 29970K, committed 31360K, reserved 1048576K
}
Event: 8702,248 GC heap after
{Heap after GC invocations=108 (full 2):
 garbage-first heap   total 712704K, used 214897K [0x00000006e0000000, 0x0000000800000000)
  region size 4096K, 7 young (28672K), 7 survivors (28672K)
 Metaspace       used 224767K, committed 227904K, reserved 1310720K
  class space    used 29970K, committed 31360K, reserved 1048576K
}
Event: 8742,568 GC heap before
{Heap before GC invocations=109 (full 2):
 garbage-first heap   total 712704K, used 649073K [0x00000006e0000000, 0x0000000800000000)
  region size 4096K, 77 young (315392K), 7 survivors (28672K)
 Metaspace       used 224798K, committed 227904K, reserved 1310720K
  class space    used 29970K, committed 31360K, reserved 1048576K
}
Event: 8742,615 GC heap after
{Heap after GC invocations=110 (full 2):
 garbage-first heap   total 729088K, used 229651K [0x00000006e0000000, 0x0000000800000000)
  region size 4096K, 11 young (45056K), 11 survivors (45056K)
 Metaspace       used 224798K, committed 227904K, reserved 1310720K
  class space    used 29970K, committed 31360K, reserved 1048576K
}
Event: 8742,620 GC heap before
{Heap before GC invocations=110 (full 2):
 garbage-first heap   total 729088K, used 233747K [0x00000006e0000000, 0x0000000800000000)
  region size 4096K, 12 young (49152K), 11 survivors (45056K)
 Metaspace       used 224798K, committed 227904K, reserved 1310720K
  class space    used 29970K, committed 31360K, reserved 1048576K
}
Event: 8742,639 GC heap after
{Heap after GC invocations=111 (full 2):
 garbage-first heap   total 729088K, used 230970K [0x00000006e0000000, 0x0000000800000000)
  region size 4096K, 1 young (4096K), 1 survivors (4096K)
 Metaspace       used 224798K, committed 227904K, reserved 1310720K
  class space    used 29970K, committed 31360K, reserved 1048576K
}
Event: 8776,651 GC heap before
{Heap before GC invocations=111 (full 2):
 garbage-first heap   total 729088K, used 566842K [0x00000006e0000000, 0x0000000800000000)
  region size 4096K, 84 young (344064K), 1 survivors (4096K)
 Metaspace       used 224896K, committed 227904K, reserved 1310720K
  class space    used 29971K, committed 31360K, reserved 1048576K
}
Event: 8776,672 GC heap after
{Heap after GC invocations=112 (full 2):
 garbage-first heap   total 729088K, used 277780K [0x00000006e0000000, 0x0000000800000000)
  region size 4096K, 11 young (45056K), 11 survivors (45056K)
 Metaspace       used 224896K, committed 227904K, reserved 1310720K
  class space    used 29971K, committed 31360K, reserved 1048576K
}
Event: 8780,272 GC heap before
{Heap before GC invocations=112 (full 2):
 garbage-first heap   total 729088K, used 544020K [0x00000006e0000000, 0x0000000800000000)
  region size 4096K, 77 young (315392K), 11 survivors (45056K)
 Metaspace       used 225215K, committed 227968K, reserved 1310720K
  class space    used 29995K, committed 31360K, reserved 1048576K
}

