# JRE version: OpenJDK Runtime Environment (17.0.9) (build 17.0.9+0-17.0.9b1087.7-11185874)
# Java VM: OpenJDK 64-Bit Server VM (17.0.9+0-17.0.9b1087.7-11185874, mixed mode, tiered, compressed oops, compressed class ptrs, g1 gc, linux-amd64)
GC Precious Log:
 CPUs: 16 total, 12 available
 Memory: 13817M
 Large Page Support: Disabled
 NUMA Support: Disabled
 Compressed Oops: Enabled (Zero based)
 Heap Region Size: 4M
 Heap Min Capacity: 8M
 Heap Initial Capacity: 216M
 Heap Max Capacity: 4608M
 Pre-touch: Disabled
 Parallel Workers: 10
 Concurrent Workers: 3
 Concurrent Refinement Workers: 10
 Periodic GC: Disabled
Heap:
 garbage-first heap   total 143360K, used 79066K [0x00000006e0000000, 0x0000000800000000)
  region size 4096K, 4 young (16384K), 2 survivors (8192K)
 Metaspace       used 75051K, committed 75648K, reserved 1179648K
  class space    used 10188K, committed 10496K, reserved 1048576K
GC Heap History (20 events):
Event: 2,999 GC heap before
{Heap before GC invocations=12 (full 0):
 garbage-first heap   total 106496K, used 73232K [0x00000006e0000000, 0x0000000800000000)
  region size 4096K, 12 young (49152K), 2 survivors (8192K)
 Metaspace       used 54240K, committed 54720K, reserved 1114112K
  class space    used 7518K, committed 7744K, reserved 1048576K
}
Event: 3,002 GC heap after
{Heap after GC invocations=13 (full 0):
 garbage-first heap   total 106496K, used 35113K [0x00000006e0000000, 0x0000000800000000)
  region size 4096K, 2 young (8192K), 2 survivors (8192K)
 Metaspace       used 54240K, committed 54720K, reserved 1114112K
  class space    used 7518K, committed 7744K, reserved 1048576K
}
Event: 3,319 GC heap before
{Heap before GC invocations=13 (full 0):
 garbage-first heap   total 106496K, used 76073K [0x00000006e0000000, 0x0000000800000000)
  region size 4096K, 12 young (49152K), 2 survivors (8192K)
 Metaspace       used 56164K, committed 56704K, reserved 1114112K
  class space    used 7770K, committed 8000K, reserved 1048576K
}
Event: 3,324 GC heap after
{Heap after GC invocations=14 (full 0):
 garbage-first heap   total 106496K, used 41836K [0x00000006e0000000, 0x0000000800000000)
  region size 4096K, 2 young (8192K), 2 survivors (8192K)
 Metaspace       used 56164K, committed 56704K, reserved 1114112K
  class space    used 7770K, committed 8000K, reserved 1048576K
}
Event: 3,472 GC heap before
{Heap before GC invocations=14 (full 0):
 garbage-first heap   total 106496K, used 74604K [0x00000006e0000000, 0x0000000800000000)
  region size 4096K, 10 young (40960K), 2 survivors (8192K)
 Metaspace       used 57202K, committed 57792K, reserved 1114112K
  class space    used 7915K, committed 8192K, reserved 1048576K
}
Event: 3,478 GC heap after
{Heap after GC invocations=15 (full 0):
 garbage-first heap   total 106496K, used 60135K [0x00000006e0000000, 0x0000000800000000)
  region size 4096K, 2 young (8192K), 2 survivors (8192K)
 Metaspace       used 57202K, committed 57792K, reserved 1114112K
  class space    used 7915K, committed 8192K, reserved 1048576K
}
Event: 3,533 GC heap before
{Heap before GC invocations=15 (full 0):
 garbage-first heap   total 106496K, used 72423K [0x00000006e0000000, 0x0000000800000000)
  region size 4096K, 6 young (24576K), 2 survivors (8192K)
 Metaspace       used 58302K, committed 58816K, reserved 1114112K
  class space    used 8042K, committed 8256K, reserved 1048576K
}
Event: 3,535 GC heap after
{Heap after GC invocations=16 (full 0):
 garbage-first heap   total 106496K, used 62613K [0x00000006e0000000, 0x0000000800000000)
  region size 4096K, 1 young (4096K), 1 survivors (4096K)
 Metaspace       used 58302K, committed 58816K, reserved 1114112K
  class space    used 8042K, committed 8256K, reserved 1048576K
}
Event: 3,613 GC heap before
{Heap before GC invocations=17 (full 0):
 garbage-first heap   total 118784K, used 70805K [0x00000006e0000000, 0x0000000800000000)
  region size 4096K, 4 young (16384K), 1 survivors (4096K)
 Metaspace       used 59233K, committed 59840K, reserved 1114112K
  class space    used 8188K, committed 8448K, reserved 1048576K
}
Event: 3,614 GC heap after
{Heap after GC invocations=18 (full 0):
 garbage-first heap   total 118784K, used 62687K [0x00000006e0000000, 0x0000000800000000)
  region size 4096K, 1 young (4096K), 1 survivors (4096K)
 Metaspace       used 59233K, committed 59840K, reserved 1114112K
  class space    used 8188K, committed 8448K, reserved 1048576K
}
Event: 3,635 GC heap before
{Heap before GC invocations=18 (full 0):
 garbage-first heap   total 118784K, used 66783K [0x00000006e0000000, 0x0000000800000000)
  region size 4096K, 2 young (8192K), 1 survivors (4096K)
 Metaspace       used 59611K, committed 60224K, reserved 1114112K
  class space    used 8237K, committed 8512K, reserved 1048576K
}
Event: 3,638 GC heap after
{Heap after GC invocations=19 (full 0):
 garbage-first heap   total 143360K, used 61671K [0x00000006e0000000, 0x0000000800000000)
  region size 4096K, 1 young (4096K), 1 survivors (4096K)
 Metaspace       used 59611K, committed 60224K, reserved 1114112K
  class space    used 8237K, committed 8512K, reserved 1048576K
}
Event: 3,867 GC heap before
{Heap before GC invocations=19 (full 0):
 garbage-first heap   total 143360K, used 102631K [0x00000006e0000000, 0x0000000800000000)
  region size 4096K, 11 young (45056K), 1 survivors (4096K)
 Metaspace       used 63947K, committed 64576K, reserved 1114112K
  class space    used 8695K, committed 8960K, reserved 1048576K
}
Event: 3,868 GC heap after
{Heap after GC invocations=20 (full 0):
 garbage-first heap   total 143360K, used 62528K [0x00000006e0000000, 0x0000000800000000)
  region size 4096K, 1 young (4096K), 1 survivors (4096K)
 Metaspace       used 63947K, committed 64576K, reserved 1114112K
  class space    used 8695K, committed 8960K, reserved 1048576K
}
Event: 4,187 GC heap before
{Heap before GC invocations=20 (full 0):
 garbage-first heap   total 143360K, used 107584K [0x00000006e0000000, 0x0000000800000000)
  region size 4096K, 12 young (49152K), 1 survivors (4096K)
 Metaspace       used 68662K, committed 69312K, reserved 1114112K
  class space    used 9321K, committed 9600K, reserved 1048576K
}
Event: 4,190 GC heap after
{Heap after GC invocations=21 (full 0):
 garbage-first heap   total 143360K, used 68349K [0x00000006e0000000, 0x0000000800000000)
  region size 4096K, 2 young (8192K), 2 survivors (8192K)
 Metaspace       used 68662K, committed 69312K, reserved 1114112K
  class space    used 9321K, committed 9600K, reserved 1048576K
}
Event: 4,394 GC heap before
{Heap before GC invocations=21 (full 0):
 garbage-first heap   total 143360K, used 105213K [0x00000006e0000000, 0x0000000800000000)
  region size 4096K, 12 young (49152K), 2 survivors (8192K)
 Metaspace       used 70977K, committed 71616K, reserved 1114112K
  class space    used 9641K, committed 9920K, reserved 1048576K
}
Event: 4,397 GC heap after
{Heap after GC invocations=22 (full 0):
 garbage-first heap   total 143360K, used 69211K [0x00000006e0000000, 0x0000000800000000)
  region size 4096K, 1 young (4096K), 1 survivors (4096K)
 Metaspace       used 70977K, committed 71616K, reserved 1114112K
  class space    used 9641K, committed 9920K, reserved 1048576K
}
Event: 4,640 GC heap before
{Heap before GC invocations=22 (full 0):
 garbage-first heap   total 143360K, used 106075K [0x00000006e0000000, 0x0000000800000000)
  region size 4096K, 10 young (40960K), 1 survivors (4096K)
 Metaspace       used 74654K, committed 75264K, reserved 1179648K
  class space    used 10136K, committed 10432K, reserved 1048576K
}
Event: 4,643 GC heap after
{Heap after GC invocations=23 (full 0):
 garbage-first heap   total 143360K, used 70874K [0x00000006e0000000, 0x0000000800000000)
  region size 4096K, 2 young (8192K), 2 survivors (8192K)
 Metaspace       used 74654K, committed 75264K, reserved 1179648K
  class space    used 10136K, committed 10432K, reserved 1048576K
}

