# JRE version: OpenJDK Runtime Environment (17.0.9) (build 17.0.9+0-17.0.9b1087.7-11185874)
# Java VM: OpenJDK 64-Bit Server VM (17.0.9+0-17.0.9b1087.7-11185874, mixed mode, tiered, compressed oops, compressed class ptrs, g1 gc, linux-amd64)
GC Precious Log:
 CPUs: 16 total, 12 available
 Memory: 13817M
 Large Page Support: Disabled
 NUMA Support: Disabled
 Compressed Oops: Enabled (Zero based)
 Heap Region Size: 4M
 Heap Min Capacity: 8M
 Heap Initial Capacity: 216M
 Heap Max Capacity: 4608M
 Pre-touch: Disabled
 Parallel Workers: 10
 Concurrent Workers: 3
 Concurrent Refinement Workers: 10
 Periodic GC: Disabled
Heap:
 garbage-first heap   total 200704K, used 158782K [0x00000006e0000000, 0x0000000800000000)
  region size 4096K, 19 young (77824K), 2 survivors (8192K)
 Metaspace       used 91662K, committed 92352K, reserved 1179648K
  class space    used 12533K, committed 12864K, reserved 1048576K
GC Heap History (20 events):
Event: 4,277 GC heap after
{Heap after GC invocations=22 (full 0):
 garbage-first heap   total 143360K, used 62039K [0x00000006e0000000, 0x0000000800000000)
  region size 4096K, 1 young (4096K), 1 survivors (4096K)
 Metaspace       used 66511K, committed 67072K, reserved 1114112K
  class space    used 9062K, committed 9344K, reserved 1048576K
}
Event: 4,569 GC heap before
{Heap before GC invocations=22 (full 0):
 garbage-first heap   total 143360K, used 111191K [0x00000006e0000000, 0x0000000800000000)
  region size 4096K, 13 young (53248K), 1 survivors (4096K)
 Metaspace       used 70107K, committed 70720K, reserved 1114112K
  class space    used 9521K, committed 9856K, reserved 1048576K
}
Event: 4,572 GC heap after
{Heap after GC invocations=23 (full 0):
 garbage-first heap   total 143360K, used 66591K [0x00000006e0000000, 0x0000000800000000)
  region size 4096K, 2 young (8192K), 2 survivors (8192K)
 Metaspace       used 70107K, committed 70720K, reserved 1114112K
  class space    used 9521K, committed 9856K, reserved 1048576K
}
Event: 4,806 GC heap before
{Heap before GC invocations=23 (full 0):
 garbage-first heap   total 143360K, used 103455K [0x00000006e0000000, 0x0000000800000000)
  region size 4096K, 12 young (49152K), 2 survivors (8192K)
 Metaspace       used 72863K, committed 73472K, reserved 1114112K
  class space    used 9899K, committed 10176K, reserved 1048576K
}
Event: 4,810 GC heap after
{Heap after GC invocations=24 (full 0):
 garbage-first heap   total 143360K, used 69184K [0x00000006e0000000, 0x0000000800000000)
  region size 4096K, 1 young (4096K), 1 survivors (4096K)
 Metaspace       used 72863K, committed 73472K, reserved 1114112K
  class space    used 9899K, committed 10176K, reserved 1048576K
}
Event: 4,896 GC heap before
{Heap before GC invocations=24 (full 0):
 garbage-first heap   total 143360K, used 77376K [0x00000006e0000000, 0x0000000800000000)
  region size 4096K, 4 young (16384K), 1 survivors (4096K)
 Metaspace       used 74623K, committed 75264K, reserved 1114112K
  class space    used 10123K, committed 10432K, reserved 1048576K
}
Event: 4,898 GC heap after
{Heap after GC invocations=25 (full 0):
 garbage-first heap   total 143360K, used 69672K [0x00000006e0000000, 0x0000000800000000)
  region size 4096K, 1 young (4096K), 1 survivors (4096K)
 Metaspace       used 74623K, committed 75264K, reserved 1114112K
  class space    used 10123K, committed 10432K, reserved 1048576K
}
Event: 5,153 GC heap before
{Heap before GC invocations=26 (full 0):
 garbage-first heap   total 143360K, used 114728K [0x00000006e0000000, 0x0000000800000000)
  region size 4096K, 11 young (45056K), 1 survivors (4096K)
 Metaspace       used 78695K, committed 79360K, reserved 1179648K
  class space    used 10701K, committed 11008K, reserved 1048576K
}
Event: 5,155 GC heap after
{Heap after GC invocations=27 (full 0):
 garbage-first heap   total 143360K, used 75813K [0x00000006e0000000, 0x0000000800000000)
  region size 4096K, 2 young (8192K), 2 survivors (8192K)
 Metaspace       used 78695K, committed 79360K, reserved 1179648K
  class space    used 10701K, committed 11008K, reserved 1048576K
}
Event: 5,365 GC heap before
{Heap before GC invocations=27 (full 0):
 garbage-first heap   total 143360K, used 108581K [0x00000006e0000000, 0x0000000800000000)
  region size 4096K, 10 young (40960K), 2 survivors (8192K)
 Metaspace       used 81002K, committed 81600K, reserved 1179648K
  class space    used 11036K, committed 11328K, reserved 1048576K
}
Event: 5,369 GC heap after
{Heap after GC invocations=28 (full 0):
 garbage-first heap   total 143360K, used 77611K [0x00000006e0000000, 0x0000000800000000)
  region size 4096K, 2 young (8192K), 2 survivors (8192K)
 Metaspace       used 81002K, committed 81600K, reserved 1179648K
  class space    used 11036K, committed 11328K, reserved 1048576K
}
Event: 5,578 GC heap before
{Heap before GC invocations=29 (full 0):
 garbage-first heap   total 143360K, used 106283K [0x00000006e0000000, 0x0000000800000000)
  region size 4096K, 10 young (40960K), 2 survivors (8192K)
 Metaspace       used 83003K, committed 83712K, reserved 1179648K
  class space    used 11239K, committed 11584K, reserved 1048576K
}
Event: 5,581 GC heap after
{Heap after GC invocations=30 (full 0):
 garbage-first heap   total 143360K, used 79893K [0x00000006e0000000, 0x0000000800000000)
  region size 4096K, 2 young (8192K), 2 survivors (8192K)
 Metaspace       used 83003K, committed 83712K, reserved 1179648K
  class space    used 11239K, committed 11584K, reserved 1048576K
}
Event: 5,695 GC heap before
{Heap before GC invocations=30 (full 0):
 garbage-first heap   total 143360K, used 112661K [0x00000006e0000000, 0x0000000800000000)
  region size 4096K, 10 young (40960K), 2 survivors (8192K)
 Metaspace       used 83215K, committed 83904K, reserved 1179648K
  class space    used 11269K, committed 11584K, reserved 1048576K
}
Event: 5,700 GC heap after
{Heap after GC invocations=31 (full 0):
 garbage-first heap   total 143360K, used 82755K [0x00000006e0000000, 0x0000000800000000)
  region size 4096K, 2 young (8192K), 2 survivors (8192K)
 Metaspace       used 83215K, committed 83904K, reserved 1179648K
  class space    used 11269K, committed 11584K, reserved 1048576K
}
Event: 5,928 GC heap before
{Heap before GC invocations=32 (full 0):
 garbage-first heap   total 159744K, used 115523K [0x00000006e0000000, 0x0000000800000000)
  region size 4096K, 10 young (40960K), 2 survivors (8192K)
 Metaspace       used 85073K, committed 85696K, reserved 1179648K
  class space    used 11497K, committed 11776K, reserved 1048576K
}
Event: 5,933 GC heap after
{Heap after GC invocations=33 (full 0):
 garbage-first heap   total 159744K, used 87824K [0x00000006e0000000, 0x0000000800000000)
  region size 4096K, 2 young (8192K), 2 survivors (8192K)
 Metaspace       used 85073K, committed 85696K, reserved 1179648K
  class space    used 11497K, committed 11776K, reserved 1048576K
}
Event: 6,108 GC heap before
{Heap before GC invocations=33 (full 0):
 garbage-first heap   total 159744K, used 124688K [0x00000006e0000000, 0x0000000800000000)
  region size 4096K, 11 young (45056K), 2 survivors (8192K)
 Metaspace       used 86539K, committed 87168K, reserved 1179648K
  class space    used 11677K, committed 11968K, reserved 1048576K
}
Event: 6,112 GC heap after
{Heap after GC invocations=34 (full 0):
 garbage-first heap   total 200704K, used 89150K [0x00000006e0000000, 0x0000000800000000)
  region size 4096K, 1 young (4096K), 1 survivors (4096K)
 Metaspace       used 86539K, committed 87168K, reserved 1179648K
  class space    used 11677K, committed 11968K, reserved 1048576K
}
Event: 6,485 GC heap before
{Heap before GC invocations=35 (full 0):
 garbage-first heap   total 200704K, used 158782K [0x00000006e0000000, 0x0000000800000000)
  region size 4096K, 18 young (73728K), 1 survivors (4096K)
 Metaspace       used 91662K, committed 92352K, reserved 1179648K
  class space    used 12533K, committed 12864K, reserved 1048576K
}

