# JRE version: OpenJDK Runtime Environment (17.0.9) (build 17.0.9+0-17.0.9b1087.7-11185874)
# Java VM: OpenJDK 64-Bit Server VM (17.0.9+0-17.0.9b1087.7-11185874, mixed mode, tiered, compressed oops, compressed class ptrs, parallel gc, linux-amd64)
GC Precious Log:
 CPUs: 16 total, 12 available
 Memory: 13817M
 Large Page Support: Disabled
 NUMA Support: Disabled
 Compressed Oops: Enabled (Zero based)
 Alignments: Space 512K, Generation 512K, Heap 2M
 Heap Min Capacity: 8M
 Heap Initial Capacity: 216M
 Heap Max Capacity: 4608M
 Pre-touch: Disabled
 Parallel Workers: 10
Heap:
 PSYoungGen      total 131584K, used 107008K [0x00000007a0000000, 0x00000007a9a80000, 0x0000000800000000)
  eden space 107008K, 100% used [0x00000007a0000000,0x00000007a6880000,0x00000007a6880000)
  from space 24576K, 0% used [0x00000007a8280000,0x00000007a8280000,0x00000007a9a80000)
  to   space 25600K, 46% used [0x00000007a6880000,0x00000007a7410830,0x00000007a8180000)
 ParOldGen       total 1262080K, used 1172035K [0x00000006e0000000, 0x000000072d080000, 0x00000007a0000000)
  object space 1262080K, 92% used [0x00000006e0000000,0x0000000727890f78,0x000000072d080000)
 Metaspace       used 66217K, committed 66944K, reserved 917504K
  class space    used 9108K, committed 9472K, reserved 851968K
GC Heap History (19 events):
Event: 0,433 GC heap before
{Heap before GC invocations=1 (full 0):
 PSYoungGen      total 64512K, used 55296K [0x00000007a0000000, 0x00000007a4800000, 0x0000000800000000)
  eden space 55296K, 100% used [0x00000007a0000000,0x00000007a3600000,0x00000007a3600000)
  from space 9216K, 0% used [0x00000007a3f00000,0x00000007a3f00000,0x00000007a4800000)
  to   space 9216K, 0% used [0x00000007a3600000,0x00000007a3600000,0x00000007a3f00000)
 ParOldGen       total 147456K, used 0K [0x00000006e0000000, 0x00000006e9000000, 0x00000007a0000000)
  object space 147456K, 0% used [0x00000006e0000000,0x00000006e0000000,0x00000006e9000000)
 Metaspace       used 11490K, committed 11648K, reserved 917504K
  class space    used 1208K, committed 1280K, reserved 851968K
}
Event: 0,438 GC heap after
{Heap after GC invocations=1 (full 0):
 PSYoungGen      total 64512K, used 9214K [0x00000007a0000000, 0x00000007a7e00000, 0x0000000800000000)
  eden space 55296K, 0% used [0x00000007a0000000,0x00000007a0000000,0x00000007a3600000)
  from space 9216K, 99% used [0x00000007a3600000,0x00000007a3effa40,0x00000007a3f00000)
  to   space 9216K, 0% used [0x00000007a7500000,0x00000007a7500000,0x00000007a7e00000)
 ParOldGen       total 147456K, used 4696K [0x00000006e0000000, 0x00000006e9000000, 0x00000007a0000000)
  object space 147456K, 3% used [0x00000006e0000000,0x00000006e04963b0,0x00000006e9000000)
 Metaspace       used 11490K, committed 11648K, reserved 917504K
  class space    used 1208K, committed 1280K, reserved 851968K
}
Event: 0,810 GC heap before
{Heap before GC invocations=2 (full 0):
 PSYoungGen      total 64512K, used 47385K [0x00000007a0000000, 0x00000007a7e00000, 0x0000000800000000)
  eden space 55296K, 69% used [0x00000007a0000000,0x00000007a2546ac0,0x00000007a3600000)
  from space 9216K, 99% used [0x00000007a3600000,0x00000007a3effa40,0x00000007a3f00000)
  to   space 9216K, 0% used [0x00000007a7500000,0x00000007a7500000,0x00000007a7e00000)
 ParOldGen       total 147456K, used 4696K [0x00000006e0000000, 0x00000006e9000000, 0x00000007a0000000)
  object space 147456K, 3% used [0x00000006e0000000,0x00000006e04963b0,0x00000006e9000000)
 Metaspace       used 21306K, committed 21504K, reserved 917504K
  class space    used 2542K, committed 2624K, reserved 851968K
}
Event: 0,814 GC heap after
{Heap after GC invocations=2 (full 0):
 PSYoungGen      total 119808K, used 9188K [0x00000007a0000000, 0x00000007a7e00000, 0x0000000800000000)
  eden space 110592K, 0% used [0x00000007a0000000,0x00000007a0000000,0x00000007a6c00000)
  from space 9216K, 99% used [0x00000007a7500000,0x00000007a7df9278,0x00000007a7e00000)
  to   space 9216K, 0% used [0x00000007a6c00000,0x00000007a6c00000,0x00000007a7500000)
 ParOldGen       total 147456K, used 8060K [0x00000006e0000000, 0x00000006e9000000, 0x00000007a0000000)
  object space 147456K, 5% used [0x00000006e0000000,0x00000006e07df120,0x00000006e9000000)
 Metaspace       used 21306K, committed 21504K, reserved 917504K
  class space    used 2542K, committed 2624K, reserved 851968K
}
Event: 0,814 GC heap before
{Heap before GC invocations=3 (full 1):
 PSYoungGen      total 119808K, used 9188K [0x00000007a0000000, 0x00000007a7e00000, 0x0000000800000000)
  eden space 110592K, 0% used [0x00000007a0000000,0x00000007a0000000,0x00000007a6c00000)
  from space 9216K, 99% used [0x00000007a7500000,0x00000007a7df9278,0x00000007a7e00000)
  to   space 9216K, 0% used [0x00000007a6c00000,0x00000007a6c00000,0x00000007a7500000)
 ParOldGen       total 147456K, used 8060K [0x00000006e0000000, 0x00000006e9000000, 0x00000007a0000000)
  object space 147456K, 5% used [0x00000006e0000000,0x00000006e07df120,0x00000006e9000000)
 Metaspace       used 21306K, committed 21504K, reserved 917504K
  class space    used 2542K, committed 2624K, reserved 851968K
}
Event: 0,823 GC heap after
{Heap after GC invocations=3 (full 1):
 PSYoungGen      total 119808K, used 0K [0x00000007a0000000, 0x00000007a7e00000, 0x0000000800000000)
  eden space 110592K, 0% used [0x00000007a0000000,0x00000007a0000000,0x00000007a6c00000)
  from space 9216K, 0% used [0x00000007a7500000,0x00000007a7500000,0x00000007a7e00000)
  to   space 9216K, 0% used [0x00000007a6c00000,0x00000007a6c00000,0x00000007a7500000)
 ParOldGen       total 147456K, used 16885K [0x00000006e0000000, 0x00000006e9000000, 0x00000007a0000000)
  object space 147456K, 11% used [0x00000006e0000000,0x00000006e107d7e8,0x00000006e9000000)
 Metaspace       used 21306K, committed 21504K, reserved 917504K
  class space    used 2542K, committed 2624K, reserved 851968K
}
Event: 1,649 GC heap before
{Heap before GC invocations=4 (full 1):
 PSYoungGen      total 119808K, used 96550K [0x00000007a0000000, 0x00000007a7e00000, 0x0000000800000000)
  eden space 110592K, 87% used [0x00000007a0000000,0x00000007a5e49a48,0x00000007a6c00000)
  from space 9216K, 0% used [0x00000007a7500000,0x00000007a7500000,0x00000007a7e00000)
  to   space 9216K, 0% used [0x00000007a6c00000,0x00000007a6c00000,0x00000007a7500000)
 ParOldGen       total 147456K, used 16885K [0x00000006e0000000, 0x00000006e9000000, 0x00000007a0000000)
  object space 147456K, 11% used [0x00000006e0000000,0x00000006e107d7e8,0x00000006e9000000)
 Metaspace       used 35519K, committed 35840K, reserved 917504K
  class space    used 4666K, committed 4800K, reserved 851968K
}
Event: 1,652 GC heap after
{Heap after GC invocations=4 (full 1):
 PSYoungGen      total 119808K, used 4739K [0x00000007a0000000, 0x00000007a7e00000, 0x0000000800000000)
  eden space 110592K, 0% used [0x00000007a0000000,0x00000007a0000000,0x00000007a6c00000)
  from space 9216K, 51% used [0x00000007a6c00000,0x00000007a70a0c20,0x00000007a7500000)
  to   space 9216K, 0% used [0x00000007a7500000,0x00000007a7500000,0x00000007a7e00000)
 ParOldGen       total 147456K, used 16893K [0x00000006e0000000, 0x00000006e9000000, 0x00000007a0000000)
  object space 147456K, 11% used [0x00000006e0000000,0x00000006e107f7e8,0x00000006e9000000)
 Metaspace       used 35519K, committed 35840K, reserved 917504K
  class space    used 4666K, committed 4800K, reserved 851968K
}
Event: 1,652 GC heap before
{Heap before GC invocations=5 (full 2):
 PSYoungGen      total 119808K, used 4739K [0x00000007a0000000, 0x00000007a7e00000, 0x0000000800000000)
  eden space 110592K, 0% used [0x00000007a0000000,0x00000007a0000000,0x00000007a6c00000)
  from space 9216K, 51% used [0x00000007a6c00000,0x00000007a70a0c20,0x00000007a7500000)
  to   space 9216K, 0% used [0x00000007a7500000,0x00000007a7500000,0x00000007a7e00000)
 ParOldGen       total 147456K, used 16893K [0x00000006e0000000, 0x00000006e9000000, 0x00000007a0000000)
  object space 147456K, 11% used [0x00000006e0000000,0x00000006e107f7e8,0x00000006e9000000)
 Metaspace       used 35519K, committed 35840K, reserved 917504K
  class space    used 4666K, committed 4800K, reserved 851968K
}
Event: 1,668 GC heap after
{Heap after GC invocations=5 (full 2):
 PSYoungGen      total 119808K, used 0K [0x00000007a0000000, 0x00000007a7e00000, 0x0000000800000000)
  eden space 110592K, 0% used [0x00000007a0000000,0x00000007a0000000,0x00000007a6c00000)
  from space 9216K, 0% used [0x00000007a6c00000,0x00000007a6c00000,0x00000007a7500000)
  to   space 9216K, 0% used [0x00000007a7500000,0x00000007a7500000,0x00000007a7e00000)
 ParOldGen       total 147456K, used 21190K [0x00000006e0000000, 0x00000006e9000000, 0x00000007a0000000)
  object space 147456K, 14% used [0x00000006e0000000,0x00000006e14b1828,0x00000006e9000000)
 Metaspace       used 35519K, committed 35840K, reserved 917504K
  class space    used 4666K, committed 4800K, reserved 851968K
}
Event: 2,512 GC heap before
{Heap before GC invocations=6 (full 2):
 PSYoungGen      total 119808K, used 110592K [0x00000007a0000000, 0x00000007a7e00000, 0x0000000800000000)
  eden space 110592K, 100% used [0x00000007a0000000,0x00000007a6c00000,0x00000007a6c00000)
  from space 9216K, 0% used [0x00000007a6c00000,0x00000007a6c00000,0x00000007a7500000)
  to   space 9216K, 0% used [0x00000007a7500000,0x00000007a7500000,0x00000007a7e00000)
 ParOldGen       total 147456K, used 21190K [0x00000006e0000000, 0x00000006e9000000, 0x00000007a0000000)
  object space 147456K, 14% used [0x00000006e0000000,0x00000006e14b1828,0x00000006e9000000)
 Metaspace       used 49444K, committed 49856K, reserved 917504K
  class space    used 6558K, committed 6784K, reserved 851968K
}
Event: 2,517 GC heap after
{Heap after GC invocations=6 (full 2):
 PSYoungGen      total 119808K, used 9215K [0x00000007a0000000, 0x00000007a7e00000, 0x0000000800000000)
  eden space 110592K, 0% used [0x00000007a0000000,0x00000007a0000000,0x00000007a6c00000)
  from space 9216K, 99% used [0x00000007a7500000,0x00000007a7dffcc0,0x00000007a7e00000)
  to   space 9216K, 0% used [0x00000007a6c00000,0x00000007a6c00000,0x00000007a7500000)
 ParOldGen       total 147456K, used 27765K [0x00000006e0000000, 0x00000006e9000000, 0x00000007a0000000)
  object space 147456K, 18% used [0x00000006e0000000,0x00000006e1b1d6a8,0x00000006e9000000)
 Metaspace       used 49444K, committed 49856K, reserved 917504K
  class space    used 6558K, committed 6784K, reserved 851968K
}
Event: 3,137 GC heap before
{Heap before GC invocations=7 (full 2):
 PSYoungGen      total 119808K, used 119379K [0x00000007a0000000, 0x00000007a7e00000, 0x0000000800000000)
  eden space 110592K, 99% used [0x00000007a0000000,0x00000007a6b952a8,0x00000007a6c00000)
  from space 9216K, 99% used [0x00000007a7500000,0x00000007a7dffcc0,0x00000007a7e00000)
  to   space 9216K, 0% used [0x00000007a6c00000,0x00000007a6c00000,0x00000007a7500000)
 ParOldGen       total 147456K, used 27765K [0x00000006e0000000, 0x00000006e9000000, 0x00000007a0000000)
  object space 147456K, 18% used [0x00000006e0000000,0x00000006e1b1d6a8,0x00000006e9000000)
 Metaspace       used 57052K, committed 57600K, reserved 917504K
  class space    used 7599K, committed 7872K, reserved 851968K
}
Event: 3,143 GC heap after
{Heap after GC invocations=7 (full 2):
 PSYoungGen      total 116224K, used 9213K [0x00000007a0000000, 0x00000007a9c80000, 0x0000000800000000)
  eden space 107008K, 0% used [0x00000007a0000000,0x00000007a0000000,0x00000007a6880000)
  from space 9216K, 99% used [0x00000007a6c00000,0x00000007a74ff7d8,0x00000007a7500000)
  to   space 26624K, 0% used [0x00000007a8280000,0x00000007a8280000,0x00000007a9c80000)
 ParOldGen       total 147456K, used 42855K [0x00000006e0000000, 0x00000006e9000000, 0x00000007a0000000)
  object space 147456K, 29% used [0x00000006e0000000,0x00000006e29d9e38,0x00000006e9000000)
 Metaspace       used 57052K, committed 57600K, reserved 917504K
  class space    used 7599K, committed 7872K, reserved 851968K
}
Event: 3,356 GC heap before
{Heap before GC invocations=8 (full 2):
 PSYoungGen      total 116224K, used 43384K [0x00000007a0000000, 0x00000007a9c80000, 0x0000000800000000)
  eden space 107008K, 31% used [0x00000007a0000000,0x00000007a215ea48,0x00000007a6880000)
  from space 9216K, 99% used [0x00000007a6c00000,0x00000007a74ff7d8,0x00000007a7500000)
  to   space 26624K, 0% used [0x00000007a8280000,0x00000007a8280000,0x00000007a9c80000)
 ParOldGen       total 147456K, used 42855K [0x00000006e0000000, 0x00000006e9000000, 0x00000007a0000000)
  object space 147456K, 29% used [0x00000006e0000000,0x00000006e29d9e38,0x00000006e9000000)
 Metaspace       used 59255K, committed 59776K, reserved 917504K
  class space    used 7909K, committed 8192K, reserved 851968K
}
Event: 3,361 GC heap after
{Heap after GC invocations=8 (full 2):
 PSYoungGen      total 131584K, used 16033K [0x00000007a0000000, 0x00000007a9a80000, 0x0000000800000000)
  eden space 107008K, 0% used [0x00000007a0000000,0x00000007a0000000,0x00000007a6880000)
  from space 24576K, 65% used [0x00000007a8280000,0x00000007a9228638,0x00000007a9a80000)
  to   space 25600K, 0% used [0x00000007a6880000,0x00000007a6880000,0x00000007a8180000)
 ParOldGen       total 147456K, used 42863K [0x00000006e0000000, 0x00000006e9000000, 0x00000007a0000000)
  object space 147456K, 29% used [0x00000006e0000000,0x00000006e29dbe38,0x00000006e9000000)
 Metaspace       used 59255K, committed 59776K, reserved 917504K
  class space    used 7909K, committed 8192K, reserved 851968K
}
Event: 3,361 GC heap before
{Heap before GC invocations=9 (full 3):
 PSYoungGen      total 131584K, used 16033K [0x00000007a0000000, 0x00000007a9a80000, 0x0000000800000000)
  eden space 107008K, 0% used [0x00000007a0000000,0x00000007a0000000,0x00000007a6880000)
  from space 24576K, 65% used [0x00000007a8280000,0x00000007a9228638,0x00000007a9a80000)
  to   space 25600K, 0% used [0x00000007a6880000,0x00000007a6880000,0x00000007a8180000)
 ParOldGen       total 147456K, used 42863K [0x00000006e0000000, 0x00000006e9000000, 0x00000007a0000000)
  object space 147456K, 29% used [0x00000006e0000000,0x00000006e29dbe38,0x00000006e9000000)
 Metaspace       used 59255K, committed 59776K, reserved 917504K
  class space    used 7909K, committed 8192K, reserved 851968K
}
Event: 3,389 GC heap after
{Heap after GC invocations=9 (full 3):
 PSYoungGen      total 131584K, used 0K [0x00000007a0000000, 0x00000007a9a80000, 0x0000000800000000)
  eden space 107008K, 0% used [0x00000007a0000000,0x00000007a0000000,0x00000007a6880000)
  from space 24576K, 0% used [0x00000007a8280000,0x00000007a8280000,0x00000007a9a80000)
  to   space 25600K, 0% used [0x00000007a6880000,0x00000007a6880000,0x00000007a8180000)
 ParOldGen       total 147456K, used 57915K [0x00000006e0000000, 0x00000006e9000000, 0x00000007a0000000)
  object space 147456K, 39% used [0x00000006e0000000,0x00000006e388ef28,0x00000006e9000000)
 Metaspace       used 59255K, committed 59776K, reserved 917504K
  class space    used 7909K, committed 8192K, reserved 851968K
}
Event: 3,832 GC heap before
{Heap before GC invocations=10 (full 3):
 PSYoungGen      total 131584K, used 107008K [0x00000007a0000000, 0x00000007a9a80000, 0x0000000800000000)
  eden space 107008K, 100% used [0x00000007a0000000,0x00000007a6880000,0x00000007a6880000)
  from space 24576K, 0% used [0x00000007a8280000,0x00000007a8280000,0x00000007a9a80000)
  to   space 25600K, 0% used [0x00000007a6880000,0x00000007a6880000,0x00000007a8180000)
 ParOldGen       total 147456K, used 57915K [0x00000006e0000000, 0x00000006e9000000, 0x00000007a0000000)
  object space 147456K, 39% used [0x00000006e0000000,0x00000006e388ef28,0x00000006e9000000)
 Metaspace       used 66217K, committed 66944K, reserved 917504K
  class space    used 9108K, committed 9472K, reserved 851968K
}

