# JRE version: OpenJDK Runtime Environment (17.0.9) (build 17.0.9+0-17.0.9b1087.7-11185874)
# Java VM: OpenJDK 64-Bit Server VM (17.0.9+0-17.0.9b1087.7-11185874, mixed mode, tiered, compressed oops, compressed class ptrs, g1 gc, linux-amd64)
GC Precious Log:
 CPUs: 16 total, 12 available
 Memory: 13817M
 Large Page Support: Disabled
 NUMA Support: Disabled
 Compressed Oops: Enabled (Zero based)
 Heap Region Size: 4M
 Heap Min Capacity: 8M
 Heap Initial Capacity: 216M
 Heap Max Capacity: 4608M
 Pre-touch: Disabled
 Parallel Workers: 10
 Concurrent Workers: 3
 Concurrent Refinement Workers: 10
 Periodic GC: Disabled
Heap:
 garbage-first heap   total 294912K, used 175324K [0x00000006e0000000, 0x0000000800000000)
  region size 4096K, 11 young (45056K), 2 survivors (8192K)
 Metaspace       used 112549K, committed 113408K, reserved 1179648K
  class space    used 15467K, committed 15936K, reserved 1048576K
GC Heap History (20 events):
Event: 6,495 GC heap before
{Heap before GC invocations=27 (full 0):
 garbage-first heap   total 188416K, used 142417K [0x00000006e0000000, 0x0000000800000000)
  region size 4096K, 16 young (65536K), 2 survivors (8192K)
 Metaspace       used 92628K, committed 93312K, reserved 1179648K
  class space    used 12736K, committed 13056K, reserved 1048576K
}
Event: 6,498 GC heap after
{Heap after GC invocations=28 (full 0):
 garbage-first heap   total 229376K, used 90584K [0x00000006e0000000, 0x0000000800000000)
  region size 4096K, 2 young (8192K), 2 survivors (8192K)
 Metaspace       used 92628K, committed 93312K, reserved 1179648K
  class space    used 12736K, committed 13056K, reserved 1048576K
}
Event: 7,040 GC heap before
{Heap before GC invocations=29 (full 0):
 garbage-first heap   total 229376K, used 180696K [0x00000006e0000000, 0x0000000800000000)
  region size 4096K, 24 young (98304K), 2 survivors (8192K)
 Metaspace       used 97478K, committed 98240K, reserved 1179648K
  class space    used 13482K, committed 13824K, reserved 1048576K
}
Event: 7,046 GC heap after
{Heap after GC invocations=30 (full 0):
 garbage-first heap   total 229376K, used 95243K [0x00000006e0000000, 0x0000000800000000)
  region size 4096K, 3 young (12288K), 3 survivors (12288K)
 Metaspace       used 97478K, committed 98240K, reserved 1179648K
  class space    used 13482K, committed 13824K, reserved 1048576K
}
Event: 7,604 GC heap before
{Heap before GC invocations=30 (full 0):
 garbage-first heap   total 229376K, used 181259K [0x00000006e0000000, 0x0000000800000000)
  region size 4096K, 24 young (98304K), 3 survivors (12288K)
 Metaspace       used 102649K, committed 103424K, reserved 1179648K
  class space    used 14284K, committed 14656K, reserved 1048576K
}
Event: 7,611 GC heap after
{Heap after GC invocations=31 (full 0):
 garbage-first heap   total 229376K, used 100773K [0x00000006e0000000, 0x0000000800000000)
  region size 4096K, 3 young (12288K), 3 survivors (12288K)
 Metaspace       used 102649K, committed 103424K, reserved 1179648K
  class space    used 14284K, committed 14656K, reserved 1048576K
}
Event: 8,112 GC heap before
{Heap before GC invocations=31 (full 0):
 garbage-first heap   total 229376K, used 178597K [0x00000006e0000000, 0x0000000800000000)
  region size 4096K, 23 young (94208K), 3 survivors (12288K)
 Metaspace       used 108524K, committed 109312K, reserved 1179648K
  class space    used 14904K, committed 15296K, reserved 1048576K
}
Event: 8,120 GC heap after
{Heap after GC invocations=32 (full 0):
 garbage-first heap   total 229376K, used 107920K [0x00000006e0000000, 0x0000000800000000)
  region size 4096K, 3 young (12288K), 3 survivors (12288K)
 Metaspace       used 108524K, committed 109312K, reserved 1179648K
  class space    used 14904K, committed 15296K, reserved 1048576K
}
Event: 8,469 GC heap before
{Heap before GC invocations=32 (full 0):
 garbage-first heap   total 229376K, used 181648K [0x00000006e0000000, 0x0000000800000000)
  region size 4096K, 21 young (86016K), 3 survivors (12288K)
 Metaspace       used 110849K, committed 111744K, reserved 1179648K
  class space    used 15326K, committed 15744K, reserved 1048576K
}
Event: 8,477 GC heap after
{Heap after GC invocations=33 (full 0):
 garbage-first heap   total 229376K, used 120174K [0x00000006e0000000, 0x0000000800000000)
  region size 4096K, 3 young (12288K), 3 survivors (12288K)
 Metaspace       used 110849K, committed 111744K, reserved 1179648K
  class space    used 15326K, committed 15744K, reserved 1048576K
}
Event: 8,563 GC heap before
{Heap before GC invocations=33 (full 0):
 garbage-first heap   total 229376K, used 181614K [0x00000006e0000000, 0x0000000800000000)
  region size 4096K, 18 young (73728K), 3 survivors (12288K)
 Metaspace       used 110962K, committed 111808K, reserved 1179648K
  class space    used 15327K, committed 15744K, reserved 1048576K
}
Event: 8,569 GC heap after
{Heap after GC invocations=34 (full 0):
 garbage-first heap   total 278528K, used 122245K [0x00000006e0000000, 0x0000000800000000)
  region size 4096K, 2 young (8192K), 2 survivors (8192K)
 Metaspace       used 110962K, committed 111808K, reserved 1179648K
  class space    used 15327K, committed 15744K, reserved 1048576K
}
Event: 8,882 GC heap before
{Heap before GC invocations=35 (full 0):
 garbage-first heap   total 278528K, used 216453K [0x00000006e0000000, 0x0000000800000000)
  region size 4096K, 26 young (106496K), 2 survivors (8192K)
 Metaspace       used 111977K, committed 112832K, reserved 1179648K
  class space    used 15427K, committed 15872K, reserved 1048576K
}
Event: 8,889 GC heap after
{Heap after GC invocations=36 (full 0):
 garbage-first heap   total 278528K, used 127718K [0x00000006e0000000, 0x0000000800000000)
  region size 4096K, 3 young (12288K), 3 survivors (12288K)
 Metaspace       used 111977K, committed 112832K, reserved 1179648K
  class space    used 15427K, committed 15872K, reserved 1048576K
}
Event: 9,063 GC heap before
{Heap before GC invocations=36 (full 0):
 garbage-first heap   total 278528K, used 217830K [0x00000006e0000000, 0x0000000800000000)
  region size 4096K, 26 young (106496K), 3 survivors (12288K)
 Metaspace       used 112162K, committed 113024K, reserved 1179648K
  class space    used 15430K, committed 15872K, reserved 1048576K
}
Event: 9,070 GC heap after
{Heap after GC invocations=37 (full 0):
 garbage-first heap   total 278528K, used 132969K [0x00000006e0000000, 0x0000000800000000)
  region size 4096K, 4 young (16384K), 4 survivors (16384K)
 Metaspace       used 112162K, committed 113024K, reserved 1179648K
  class space    used 15430K, committed 15872K, reserved 1048576K
}
Event: 9,197 GC heap before
{Heap before GC invocations=37 (full 0):
 garbage-first heap   total 278528K, used 214889K [0x00000006e0000000, 0x0000000800000000)
  region size 4096K, 25 young (102400K), 4 survivors (16384K)
 Metaspace       used 112284K, committed 113152K, reserved 1179648K
  class space    used 15439K, committed 15872K, reserved 1048576K
}
Event: 9,205 GC heap after
{Heap after GC invocations=38 (full 0):
 garbage-first heap   total 278528K, used 137624K [0x00000006e0000000, 0x0000000800000000)
  region size 4096K, 3 young (12288K), 3 survivors (12288K)
 Metaspace       used 112284K, committed 113152K, reserved 1179648K
  class space    used 15439K, committed 15872K, reserved 1048576K
}
Event: 9,391 GC heap before
{Heap before GC invocations=38 (full 0):
 garbage-first heap   total 278528K, used 219544K [0x00000006e0000000, 0x0000000800000000)
  region size 4096K, 24 young (98304K), 3 survivors (12288K)
 Metaspace       used 112469K, committed 113344K, reserved 1179648K
  class space    used 15468K, committed 15872K, reserved 1048576K
}
Event: 9,397 GC heap after
{Heap after GC invocations=39 (full 0):
 garbage-first heap   total 278528K, used 142556K [0x00000006e0000000, 0x0000000800000000)
  region size 4096K, 2 young (8192K), 2 survivors (8192K)
 Metaspace       used 112469K, committed 113344K, reserved 1179648K
  class space    used 15468K, committed 15872K, reserved 1048576K
}

