# JRE version: OpenJDK Runtime Environment (17.0.9) (build 17.0.9+0-17.0.9b1087.7-11185874)
# Java VM: OpenJDK 64-Bit Server VM (17.0.9+0-17.0.9b1087.7-11185874, mixed mode, tiered, compressed oops, compressed class ptrs, g1 gc, linux-amd64)
GC Precious Log:
 CPUs: 16 total, 12 available
 Memory: 13817M
 Large Page Support: Disabled
 NUMA Support: Disabled
 Compressed Oops: Enabled (Zero based)
 Heap Region Size: 4M
 Heap Min Capacity: 8M
 Heap Initial Capacity: 216M
 Heap Max Capacity: 4608M
 Pre-touch: Disabled
 Parallel Workers: 10
 Concurrent Workers: 3
 Concurrent Refinement Workers: 10
 Periodic GC: Disabled
Heap:
 garbage-first heap   total 409600K, used 317304K [0x00000006e0000000, 0x0000000800000000)
  region size 4096K, 44 young (180224K), 5 survivors (20480K)
 Metaspace       used 116063K, committed 116928K, reserved 1179648K
  class space    used 15903K, committed 16320K, reserved 1048576K
GC Heap History (20 events):
Event: 9,017 GC heap after
{Heap after GC invocations=42 (full 0):
 garbage-first heap   total 208896K, used 104555K [0x00000006e0000000, 0x0000000800000000)
  region size 4096K, 2 young (8192K), 2 survivors (8192K)
 Metaspace       used 104090K, committed 104960K, reserved 1179648K
  class space    used 14428K, committed 14848K, reserved 1048576K
}
Event: 9,561 GC heap before
{Heap before GC invocations=42 (full 0):
 garbage-first heap   total 208896K, used 165995K [0x00000006e0000000, 0x0000000800000000)
  region size 4096K, 18 young (73728K), 2 survivors (8192K)
 Metaspace       used 108848K, committed 109760K, reserved 1179648K
  class space    used 14911K, committed 15360K, reserved 1048576K
}
Event: 9,569 GC heap after
{Heap after GC invocations=43 (full 0):
 garbage-first heap   total 208896K, used 112160K [0x00000006e0000000, 0x0000000800000000)
  region size 4096K, 3 young (12288K), 3 survivors (12288K)
 Metaspace       used 108848K, committed 109760K, reserved 1179648K
  class space    used 14911K, committed 15360K, reserved 1048576K
}
Event: 10,138 GC heap before
{Heap before GC invocations=44 (full 0):
 garbage-first heap   total 208896K, used 165408K [0x00000006e0000000, 0x0000000800000000)
  region size 4096K, 16 young (65536K), 3 survivors (12288K)
 Metaspace       used 110847K, committed 111744K, reserved 1179648K
  class space    used 15217K, committed 15680K, reserved 1048576K
}
Event: 10,147 GC heap after
{Heap after GC invocations=45 (full 0):
 garbage-first heap   total 208896K, used 118653K [0x00000006e0000000, 0x0000000800000000)
  region size 4096K, 2 young (8192K), 2 survivors (8192K)
 Metaspace       used 110847K, committed 111744K, reserved 1179648K
  class space    used 15217K, committed 15680K, reserved 1048576K
}
Event: 10,242 GC heap before
{Heap before GC invocations=45 (full 0):
 garbage-first heap   total 208896K, used 163709K [0x00000006e0000000, 0x0000000800000000)
  region size 4096K, 13 young (53248K), 2 survivors (8192K)
 Metaspace       used 111411K, committed 112320K, reserved 1179648K
  class space    used 15366K, committed 15808K, reserved 1048576K
}
Event: 10,249 GC heap after
{Heap after GC invocations=46 (full 0):
 garbage-first heap   total 208896K, used 126264K [0x00000006e0000000, 0x0000000800000000)
  region size 4096K, 2 young (8192K), 2 survivors (8192K)
 Metaspace       used 111411K, committed 112320K, reserved 1179648K
  class space    used 15366K, committed 15808K, reserved 1048576K
}
Event: 10,354 GC heap before
{Heap before GC invocations=47 (full 0):
 garbage-first heap   total 253952K, used 167224K [0x00000006e0000000, 0x0000000800000000)
  region size 4096K, 12 young (49152K), 2 survivors (8192K)
 Metaspace       used 111503K, committed 112384K, reserved 1179648K
  class space    used 15367K, committed 15808K, reserved 1048576K
}
Event: 10,358 GC heap after
{Heap after GC invocations=48 (full 0):
 garbage-first heap   total 253952K, used 128778K [0x00000006e0000000, 0x0000000800000000)
  region size 4096K, 2 young (8192K), 2 survivors (8192K)
 Metaspace       used 111503K, committed 112384K, reserved 1179648K
  class space    used 15367K, committed 15808K, reserved 1048576K
}
Event: 10,523 GC heap before
{Heap before GC invocations=48 (full 0):
 garbage-first heap   total 253952K, used 194314K [0x00000006e0000000, 0x0000000800000000)
  region size 4096K, 19 young (77824K), 2 survivors (8192K)
 Metaspace       used 111624K, committed 112512K, reserved 1179648K
  class space    used 15367K, committed 15808K, reserved 1048576K
}
Event: 10,526 GC heap after
{Heap after GC invocations=49 (full 0):
 garbage-first heap   total 253952K, used 132239K [0x00000006e0000000, 0x0000000800000000)
  region size 4096K, 3 young (12288K), 3 survivors (12288K)
 Metaspace       used 111624K, committed 112512K, reserved 1179648K
  class space    used 15367K, committed 15808K, reserved 1048576K
}
Event: 10,798 GC heap before
{Heap before GC invocations=50 (full 0):
 garbage-first heap   total 266240K, used 193679K [0x00000006e0000000, 0x0000000800000000)
  region size 4096K, 19 young (77824K), 3 survivors (12288K)
 Metaspace       used 112547K, committed 113472K, reserved 1179648K
  class space    used 15470K, committed 15872K, reserved 1048576K
}
Event: 10,804 GC heap after
{Heap after GC invocations=51 (full 0):
 garbage-first heap   total 266240K, used 137777K [0x00000006e0000000, 0x0000000800000000)
  region size 4096K, 3 young (12288K), 3 survivors (12288K)
 Metaspace       used 112547K, committed 113472K, reserved 1179648K
  class space    used 15470K, committed 15872K, reserved 1048576K
}
Event: 10,839 GC heap before
{Heap before GC invocations=51 (full 0):
 garbage-first heap   total 266240K, used 137777K [0x00000006e0000000, 0x0000000800000000)
  region size 4096K, 4 young (16384K), 3 survivors (12288K)
 Metaspace       used 112557K, committed 113472K, reserved 1179648K
  class space    used 15471K, committed 15872K, reserved 1048576K
}
Event: 10,845 GC heap after
{Heap after GC invocations=52 (full 0):
 garbage-first heap   total 409600K, used 136451K [0x00000006e0000000, 0x0000000800000000)
  region size 4096K, 1 young (4096K), 1 survivors (4096K)
 Metaspace       used 112557K, committed 113472K, reserved 1179648K
  class space    used 15471K, committed 15872K, reserved 1048576K
}
Event: 11,202 GC heap before
{Heap before GC invocations=52 (full 0):
 garbage-first heap   total 409600K, used 320771K [0x00000006e0000000, 0x0000000800000000)
  region size 4096K, 47 young (192512K), 1 survivors (4096K)
 Metaspace       used 112796K, committed 113664K, reserved 1179648K
  class space    used 15482K, committed 15872K, reserved 1048576K
}
Event: 11,210 GC heap after
{Heap after GC invocations=53 (full 0):
 garbage-first heap   total 409600K, used 150916K [0x00000006e0000000, 0x0000000800000000)
  region size 4096K, 4 young (16384K), 4 survivors (16384K)
 Metaspace       used 112796K, committed 113664K, reserved 1179648K
  class space    used 15482K, committed 15872K, reserved 1048576K
}
Event: 11,656 GC heap before
{Heap before GC invocations=53 (full 0):
 garbage-first heap   total 409600K, used 314756K [0x00000006e0000000, 0x0000000800000000)
  region size 4096K, 45 young (184320K), 4 survivors (16384K)
 Metaspace       used 113504K, committed 114368K, reserved 1179648K
  class space    used 15594K, committed 16000K, reserved 1048576K
}
Event: 11,663 GC heap after
{Heap after GC invocations=54 (full 0):
 garbage-first heap   total 409600K, used 157560K [0x00000006e0000000, 0x0000000800000000)
  region size 4096K, 4 young (16384K), 4 survivors (16384K)
 Metaspace       used 113504K, committed 114368K, reserved 1179648K
  class space    used 15594K, committed 16000K, reserved 1048576K
}
Event: 12,218 GC heap before
{Heap before GC invocations=54 (full 0):
 garbage-first heap   total 409600K, used 313208K [0x00000006e0000000, 0x0000000800000000)
  region size 4096K, 43 young (176128K), 4 survivors (16384K)
 Metaspace       used 116063K, committed 116928K, reserved 1179648K
  class space    used 15903K, committed 16320K, reserved 1048576K
}

