# JRE version: OpenJDK Runtime Environment (17.0.9) (build 17.0.9+0-17.0.9b1087.7-11185874)
# Java VM: OpenJDK 64-Bit Server VM (17.0.9+0-17.0.9b1087.7-11185874, mixed mode, tiered, compressed oops, compressed class ptrs, g1 gc, linux-amd64)
GC Precious Log:
 CPUs: 16 total, 12 available
 Memory: 13817M
 Large Page Support: Disabled
 NUMA Support: Disabled
 Compressed Oops: Enabled (Zero based)
 Heap Region Size: 4M
 Heap Min Capacity: 8M
 Heap Initial Capacity: 216M
 Heap Max Capacity: 4608M
 Pre-touch: Disabled
 Parallel Workers: 10
 Concurrent Workers: 3
 Concurrent Refinement Workers: 10
 Periodic GC: Disabled
Heap:
 garbage-first heap   total 688128K, used 369931K [0x00000006e0000000, 0x0000000800000000)
  region size 4096K, 26 young (106496K), 3 survivors (12288K)
 Metaspace       used 137465K, committed 138496K, reserved 1179648K
  class space    used 19639K, committed 20096K, reserved 1048576K
GC Heap History (20 events):
Event: 11,129 GC heap before
{Heap before GC invocations=45 (full 0):
 garbage-first heap   total 356352K, used 278262K [0x00000006e0000000, 0x0000000800000000)
  region size 4096K, 32 young (131072K), 3 survivors (12288K)
 Metaspace       used 114556K, committed 115456K, reserved 1179648K
  class space    used 15725K, committed 16128K, reserved 1048576K
}
Event: 11,138 GC heap after
{Heap after GC invocations=46 (full 0):
 garbage-first heap   total 503808K, used 175517K [0x00000006e0000000, 0x0000000800000000)
  region size 4096K, 4 young (16384K), 4 survivors (16384K)
 Metaspace       used 114556K, committed 115456K, reserved 1179648K
  class space    used 15725K, committed 16128K, reserved 1048576K
}
Event: 11,442 GC heap before
{Heap before GC invocations=46 (full 0):
 garbage-first heap   total 503808K, used 392605K [0x00000006e0000000, 0x0000000800000000)
  region size 4096K, 58 young (237568K), 4 survivors (16384K)
 Metaspace       used 115830K, committed 116672K, reserved 1179648K
  class space    used 15866K, committed 16256K, reserved 1048576K
}
Event: 11,453 GC heap after
{Heap after GC invocations=47 (full 0):
 garbage-first heap   total 503808K, used 189801K [0x00000006e0000000, 0x0000000800000000)
  region size 4096K, 8 young (32768K), 8 survivors (32768K)
 Metaspace       used 115830K, committed 116672K, reserved 1179648K
  class space    used 15866K, committed 16256K, reserved 1048576K
}
Event: 11,645 GC heap before
{Heap before GC invocations=47 (full 0):
 garbage-first heap   total 503808K, used 386409K [0x00000006e0000000, 0x0000000800000000)
  region size 4096K, 57 young (233472K), 8 survivors (32768K)
 Metaspace       used 115956K, committed 116800K, reserved 1179648K
  class space    used 15867K, committed 16256K, reserved 1048576K
}
Event: 11,659 GC heap after
{Heap after GC invocations=48 (full 0):
 garbage-first heap   total 503808K, used 203267K [0x00000006e0000000, 0x0000000800000000)
  region size 4096K, 5 young (20480K), 5 survivors (20480K)
 Metaspace       used 115956K, committed 116800K, reserved 1179648K
  class space    used 15867K, committed 16256K, reserved 1048576K
}
Event: 11,942 GC heap before
{Heap before GC invocations=48 (full 0):
 garbage-first heap   total 503808K, used 391683K [0x00000006e0000000, 0x0000000800000000)
  region size 4096K, 52 young (212992K), 5 survivors (20480K)
 Metaspace       used 116041K, committed 116864K, reserved 1179648K
  class space    used 15867K, committed 16256K, reserved 1048576K
}
Event: 11,955 GC heap after
{Heap after GC invocations=49 (full 0):
 garbage-first heap   total 503808K, used 221346K [0x00000006e0000000, 0x0000000800000000)
  region size 4096K, 6 young (24576K), 6 survivors (24576K)
 Metaspace       used 116041K, committed 116864K, reserved 1179648K
  class space    used 15867K, committed 16256K, reserved 1048576K
}
Event: 12,239 GC heap before
{Heap before GC invocations=49 (full 0):
 garbage-first heap   total 503808K, used 393378K [0x00000006e0000000, 0x0000000800000000)
  region size 4096K, 49 young (200704K), 6 survivors (24576K)
 Metaspace       used 116654K, committed 117568K, reserved 1179648K
  class space    used 15949K, committed 16384K, reserved 1048576K
}
Event: 12,253 GC heap after
{Heap after GC invocations=50 (full 0):
 garbage-first heap   total 688128K, used 236670K [0x00000006e0000000, 0x0000000800000000)
  region size 4096K, 4 young (16384K), 4 survivors (16384K)
 Metaspace       used 116654K, committed 117568K, reserved 1179648K
  class space    used 15949K, committed 16384K, reserved 1048576K
}
Event: 12,689 GC heap before
{Heap before GC invocations=50 (full 0):
 garbage-first heap   total 688128K, used 539774K [0x00000006e0000000, 0x0000000800000000)
  region size 4096K, 78 young (319488K), 4 survivors (16384K)
 Metaspace       used 117166K, committed 118144K, reserved 1179648K
  class space    used 15988K, committed 16448K, reserved 1048576K
}
Event: 12,693 GC heap after
{Heap after GC invocations=51 (full 0):
 garbage-first heap   total 688128K, used 228475K [0x00000006e0000000, 0x0000000800000000)
  region size 4096K, 2 young (8192K), 2 survivors (8192K)
 Metaspace       used 117166K, committed 118144K, reserved 1179648K
  class space    used 15988K, committed 16448K, reserved 1048576K
}
Event: 13,338 GC heap before
{Heap before GC invocations=51 (full 0):
 garbage-first heap   total 688128K, used 392315K [0x00000006e0000000, 0x0000000800000000)
  region size 4096K, 44 young (180224K), 2 survivors (8192K)
 Metaspace       used 121457K, committed 122368K, reserved 1179648K
  class space    used 16696K, committed 17152K, reserved 1048576K
}
Event: 13,345 GC heap after
{Heap after GC invocations=52 (full 0):
 garbage-first heap   total 688128K, used 240131K [0x00000006e0000000, 0x0000000800000000)
  region size 4096K, 5 young (20480K), 5 survivors (20480K)
 Metaspace       used 121457K, committed 122368K, reserved 1179648K
  class space    used 16696K, committed 17152K, reserved 1048576K
}
Event: 14,156 GC heap before
{Heap before GC invocations=53 (full 0):
 garbage-first heap   total 688128K, used 563715K [0x00000006e0000000, 0x0000000800000000)
  region size 4096K, 85 young (348160K), 5 survivors (20480K)
 Metaspace       used 134951K, committed 135936K, reserved 1179648K
  class space    used 19322K, committed 19776K, reserved 1048576K
}
Event: 14,181 GC heap after
{Heap after GC invocations=54 (full 0):
 garbage-first heap   total 688128K, used 272052K [0x00000006e0000000, 0x0000000800000000)
  region size 4096K, 11 young (45056K), 11 survivors (45056K)
 Metaspace       used 134951K, committed 135936K, reserved 1179648K
  class space    used 19322K, committed 19776K, reserved 1048576K
}
Event: 14,189 GC heap before
{Heap before GC invocations=54 (full 0):
 garbage-first heap   total 688128K, used 276148K [0x00000006e0000000, 0x0000000800000000)
  region size 4096K, 12 young (49152K), 11 survivors (45056K)
 Metaspace       used 135023K, committed 136000K, reserved 1179648K
  class space    used 19330K, committed 19776K, reserved 1048576K
}
Event: 14,210 GC heap after
{Heap after GC invocations=55 (full 0):
 garbage-first heap   total 688128K, used 275434K [0x00000006e0000000, 0x0000000800000000)
  region size 4096K, 2 young (8192K), 2 survivors (8192K)
 Metaspace       used 135023K, committed 136000K, reserved 1179648K
  class space    used 19330K, committed 19776K, reserved 1048576K
}
Event: 14,708 GC heap before
{Heap before GC invocations=55 (full 0):
 garbage-first heap   total 688128K, used 549866K [0x00000006e0000000, 0x0000000800000000)
  region size 4096K, 70 young (286720K), 2 survivors (8192K)
 Metaspace       used 137355K, committed 138304K, reserved 1179648K
  class space    used 19636K, committed 20096K, reserved 1048576K
}
Event: 14,715 GC heap after
{Heap after GC invocations=56 (full 0):
 garbage-first heap   total 688128K, used 279819K [0x00000006e0000000, 0x0000000800000000)
  region size 4096K, 3 young (12288K), 3 survivors (12288K)
 Metaspace       used 137355K, committed 138304K, reserved 1179648K
  class space    used 19636K, committed 20096K, reserved 1048576K
}

