# JRE version: OpenJDK Runtime Environment (17.0.9) (build 17.0.9+0-17.0.9b1087.7-11185874)
# Java VM: OpenJDK 64-Bit Server VM (17.0.9+0-17.0.9b1087.7-11185874, mixed mode, tiered, compressed oops, compressed class ptrs, parallel gc, linux-amd64)
GC Precious Log:
 CPUs: 16 total, 12 available
 Memory: 13817M
 Large Page Support: Disabled
 NUMA Support: Disabled
 Compressed Oops: Enabled (Zero based)
 Alignments: Space 512K, Generation 512K, Heap 2M
 Heap Min Capacity: 8M
 Heap Initial Capacity: 216M
 Heap Max Capacity: 4608M
 Pre-touch: Disabled
 Parallel Workers: 10
Heap:
 PSYoungGen      total 454144K, used 6368K [0x00000007a0000000, 0x00000007be400000, 0x0000000800000000)
  eden space 413696K, 0% used [0x00000007a0000000,0x00000007a0000000,0x00000007b9400000)
  from space 40448K, 15% used [0x00000007bbc80000,0x00000007bc2b8020,0x00000007be400000)
  to   space 40960K, 0% used [0x00000007b9400000,0x00000007b9400000,0x00000007bbc00000)
 ParOldGen       total 149504K, used 149302K [0x00000006e0000000, 0x00000006e9200000, 0x00000007a0000000)
  object space 149504K, 99% used [0x00000006e0000000,0x00000006e91cda88,0x00000006e9200000)
 Metaspace       used 108092K, committed 109056K, reserved 983040K
  class space    used 14858K, committed 15296K, reserved 851968K
GC Heap History (20 events):
Event: 3,529 GC heap after
{Heap after GC invocations=9 (full 2):
 PSYoungGen      total 126976K, used 20837K [0x00000007a0000000, 0x00000007a9680000, 0x0000000800000000)
  eden space 103936K, 0% used [0x00000007a0000000,0x00000007a0000000,0x00000007a6580000)
  from space 23040K, 90% used [0x00000007a6580000,0x00000007a79d9700,0x00000007a7c00000)
  to   space 25088K, 0% used [0x00000007a7e00000,0x00000007a7e00000,0x00000007a9680000)
 ParOldGen       total 147456K, used 36507K [0x00000006e0000000, 0x00000006e9000000, 0x00000007a0000000)
  object space 147456K, 24% used [0x00000006e0000000,0x00000006e23a6fa0,0x00000006e9000000)
 Metaspace       used 59161K, committed 59776K, reserved 917504K
  class space    used 8128K, committed 8448K, reserved 851968K
}
Event: 3,529 GC heap before
{Heap before GC invocations=10 (full 3):
 PSYoungGen      total 126976K, used 20837K [0x00000007a0000000, 0x00000007a9680000, 0x0000000800000000)
  eden space 103936K, 0% used [0x00000007a0000000,0x00000007a0000000,0x00000007a6580000)
  from space 23040K, 90% used [0x00000007a6580000,0x00000007a79d9700,0x00000007a7c00000)
  to   space 25088K, 0% used [0x00000007a7e00000,0x00000007a7e00000,0x00000007a9680000)
 ParOldGen       total 147456K, used 36507K [0x00000006e0000000, 0x00000006e9000000, 0x00000007a0000000)
  object space 147456K, 24% used [0x00000006e0000000,0x00000006e23a6fa0,0x00000006e9000000)
 Metaspace       used 59161K, committed 59776K, reserved 917504K
  class space    used 8128K, committed 8448K, reserved 851968K
}
Event: 3,563 GC heap after
{Heap after GC invocations=10 (full 3):
 PSYoungGen      total 126976K, used 0K [0x00000007a0000000, 0x00000007a9680000, 0x0000000800000000)
  eden space 103936K, 0% used [0x00000007a0000000,0x00000007a0000000,0x00000007a6580000)
  from space 23040K, 0% used [0x00000007a6580000,0x00000007a6580000,0x00000007a7c00000)
  to   space 25088K, 0% used [0x00000007a7e00000,0x00000007a7e00000,0x00000007a9680000)
 ParOldGen       total 147456K, used 56280K [0x00000006e0000000, 0x00000006e9000000, 0x00000007a0000000)
  object space 147456K, 38% used [0x00000006e0000000,0x00000006e36f6040,0x00000006e9000000)
 Metaspace       used 59161K, committed 59776K, reserved 917504K
  class space    used 8128K, committed 8448K, reserved 851968K
}
Event: 4,393 GC heap before
{Heap before GC invocations=11 (full 3):
 PSYoungGen      total 126976K, used 103936K [0x00000007a0000000, 0x00000007a9680000, 0x0000000800000000)
  eden space 103936K, 100% used [0x00000007a0000000,0x00000007a6580000,0x00000007a6580000)
  from space 23040K, 0% used [0x00000007a6580000,0x00000007a6580000,0x00000007a7c00000)
  to   space 25088K, 0% used [0x00000007a7e00000,0x00000007a7e00000,0x00000007a9680000)
 ParOldGen       total 147456K, used 56280K [0x00000006e0000000, 0x00000006e9000000, 0x00000007a0000000)
  object space 147456K, 38% used [0x00000006e0000000,0x00000006e36f6040,0x00000006e9000000)
 Metaspace       used 63916K, committed 64576K, reserved 917504K
  class space    used 8754K, committed 9088K, reserved 851968K
}
Event: 4,398 GC heap after
{Heap after GC invocations=11 (full 3):
 PSYoungGen      total 125952K, used 24492K [0x00000007a0000000, 0x00000007b0200000, 0x0000000800000000)
  eden space 100864K, 0% used [0x00000007a0000000,0x00000007a0000000,0x00000007a6280000)
  from space 25088K, 97% used [0x00000007a7e00000,0x00000007a95eb080,0x00000007a9680000)
  to   space 28160K, 0% used [0x00000007a6280000,0x00000007a6280000,0x00000007a7e00000)
 ParOldGen       total 147456K, used 56288K [0x00000006e0000000, 0x00000006e9000000, 0x00000007a0000000)
  object space 147456K, 38% used [0x00000006e0000000,0x00000006e36f8040,0x00000006e9000000)
 Metaspace       used 63916K, committed 64576K, reserved 917504K
  class space    used 8754K, committed 9088K, reserved 851968K
}
Event: 4,996 GC heap before
{Heap before GC invocations=12 (full 3):
 PSYoungGen      total 125952K, used 125356K [0x00000007a0000000, 0x00000007b0200000, 0x0000000800000000)
  eden space 100864K, 100% used [0x00000007a0000000,0x00000007a6280000,0x00000007a6280000)
  from space 25088K, 97% used [0x00000007a7e00000,0x00000007a95eb080,0x00000007a9680000)
  to   space 28160K, 0% used [0x00000007a6280000,0x00000007a6280000,0x00000007a7e00000)
 ParOldGen       total 147456K, used 56288K [0x00000006e0000000, 0x00000006e9000000, 0x00000007a0000000)
  object space 147456K, 38% used [0x00000006e0000000,0x00000006e36f8040,0x00000006e9000000)
 Metaspace       used 73054K, committed 73664K, reserved 917504K
  class space    used 9876K, committed 10176K, reserved 851968K
}
Event: 5,004 GC heap after
{Heap after GC invocations=12 (full 3):
 PSYoungGen      total 129024K, used 28147K [0x00000007a0000000, 0x00000007add00000, 0x0000000800000000)
  eden space 100864K, 0% used [0x00000007a0000000,0x00000007a0000000,0x00000007a6280000)
  from space 28160K, 99% used [0x00000007a6280000,0x00000007a7dfcee0,0x00000007a7e00000)
  to   space 32256K, 0% used [0x00000007abd80000,0x00000007abd80000,0x00000007add00000)
 ParOldGen       total 147456K, used 58184K [0x00000006e0000000, 0x00000006e9000000, 0x00000007a0000000)
  object space 147456K, 39% used [0x00000006e0000000,0x00000006e38d2050,0x00000006e9000000)
 Metaspace       used 73054K, committed 73664K, reserved 917504K
  class space    used 9876K, committed 10176K, reserved 851968K
}
Event: 5,633 GC heap before
{Heap before GC invocations=13 (full 3):
 PSYoungGen      total 129024K, used 129011K [0x00000007a0000000, 0x00000007add00000, 0x0000000800000000)
  eden space 100864K, 100% used [0x00000007a0000000,0x00000007a6280000,0x00000007a6280000)
  from space 28160K, 99% used [0x00000007a6280000,0x00000007a7dfcee0,0x00000007a7e00000)
  to   space 32256K, 0% used [0x00000007abd80000,0x00000007abd80000,0x00000007add00000)
 ParOldGen       total 147456K, used 58184K [0x00000006e0000000, 0x00000006e9000000, 0x00000007a0000000)
  object space 147456K, 39% used [0x00000006e0000000,0x00000006e38d2050,0x00000006e9000000)
 Metaspace       used 81831K, committed 82560K, reserved 983040K
  class space    used 11088K, committed 11456K, reserved 851968K
}
Event: 5,642 GC heap after
{Heap after GC invocations=13 (full 3):
 PSYoungGen      total 193024K, used 11775K [0x00000007a0000000, 0x00000007adc00000, 0x0000000800000000)
  eden space 161792K, 0% used [0x00000007a0000000,0x00000007a0000000,0x00000007a9e00000)
  from space 31232K, 37% used [0x00000007abd80000,0x00000007ac8fffc8,0x00000007adc00000)
  to   space 31744K, 0% used [0x00000007a9e00000,0x00000007a9e00000,0x00000007abd00000)
 ParOldGen       total 147456K, used 82439K [0x00000006e0000000, 0x00000006e9000000, 0x00000007a0000000)
  object space 147456K, 55% used [0x00000006e0000000,0x00000006e5081d38,0x00000006e9000000)
 Metaspace       used 81831K, committed 82560K, reserved 983040K
  class space    used 11088K, committed 11456K, reserved 851968K
}
Event: 6,503 GC heap before
{Heap before GC invocations=14 (full 3):
 PSYoungGen      total 193024K, used 173567K [0x00000007a0000000, 0x00000007adc00000, 0x0000000800000000)
  eden space 161792K, 100% used [0x00000007a0000000,0x00000007a9e00000,0x00000007a9e00000)
  from space 31232K, 37% used [0x00000007abd80000,0x00000007ac8fffc8,0x00000007adc00000)
  to   space 31744K, 0% used [0x00000007a9e00000,0x00000007a9e00000,0x00000007abd00000)
 ParOldGen       total 147456K, used 82439K [0x00000006e0000000, 0x00000006e9000000, 0x00000007a0000000)
  object space 147456K, 55% used [0x00000006e0000000,0x00000006e5081d38,0x00000006e9000000)
 Metaspace       used 88400K, committed 89152K, reserved 983040K
  class space    used 11982K, committed 12352K, reserved 851968K
}
Event: 6,513 GC heap after
{Heap after GC invocations=14 (full 3):
 PSYoungGen      total 193536K, used 11817K [0x00000007a0000000, 0x00000007b3a00000, 0x0000000800000000)
  eden space 161792K, 0% used [0x00000007a0000000,0x00000007a0000000,0x00000007a9e00000)
  from space 31744K, 37% used [0x00000007a9e00000,0x00000007aa98a580,0x00000007abd00000)
  to   space 31232K, 0% used [0x00000007b1b80000,0x00000007b1b80000,0x00000007b3a00000)
 ParOldGen       total 147456K, used 93931K [0x00000006e0000000, 0x00000006e9000000, 0x00000007a0000000)
  object space 147456K, 63% used [0x00000006e0000000,0x00000006e5bbaf70,0x00000006e9000000)
 Metaspace       used 88400K, committed 89152K, reserved 983040K
  class space    used 11982K, committed 12352K, reserved 851968K
}
Event: 7,386 GC heap before
{Heap before GC invocations=15 (full 3):
 PSYoungGen      total 193536K, used 161704K [0x00000007a0000000, 0x00000007b3a00000, 0x0000000800000000)
  eden space 161792K, 92% used [0x00000007a0000000,0x00000007a925fe70,0x00000007a9e00000)
  from space 31744K, 37% used [0x00000007a9e00000,0x00000007aa98a580,0x00000007abd00000)
  to   space 31232K, 0% used [0x00000007b1b80000,0x00000007b1b80000,0x00000007b3a00000)
 ParOldGen       total 147456K, used 93931K [0x00000006e0000000, 0x00000006e9000000, 0x00000007a0000000)
  object space 147456K, 63% used [0x00000006e0000000,0x00000006e5bbaf70,0x00000006e9000000)
 Metaspace       used 98800K, committed 99648K, reserved 983040K
  class space    used 13633K, committed 14080K, reserved 851968K
}
Event: 7,392 GC heap after
{Heap after GC invocations=15 (full 3):
 PSYoungGen      total 289792K, used 5318K [0x00000007a0000000, 0x00000007b3b00000, 0x0000000800000000)
  eden space 258560K, 0% used [0x00000007a0000000,0x00000007a0000000,0x00000007afc80000)
  from space 31232K, 17% used [0x00000007b1b80000,0x00000007b20b19a0,0x00000007b3a00000)
  to   space 31744K, 0% used [0x00000007afc80000,0x00000007afc80000,0x00000007b1b80000)
 ParOldGen       total 147456K, used 105611K [0x00000006e0000000, 0x00000006e9000000, 0x00000007a0000000)
  object space 147456K, 71% used [0x00000006e0000000,0x00000006e6722df0,0x00000006e9000000)
 Metaspace       used 98800K, committed 99648K, reserved 983040K
  class space    used 13633K, committed 14080K, reserved 851968K
}
Event: 7,392 GC heap before
{Heap before GC invocations=16 (full 4):
 PSYoungGen      total 289792K, used 5318K [0x00000007a0000000, 0x00000007b3b00000, 0x0000000800000000)
  eden space 258560K, 0% used [0x00000007a0000000,0x00000007a0000000,0x00000007afc80000)
  from space 31232K, 17% used [0x00000007b1b80000,0x00000007b20b19a0,0x00000007b3a00000)
  to   space 31744K, 0% used [0x00000007afc80000,0x00000007afc80000,0x00000007b1b80000)
 ParOldGen       total 147456K, used 105611K [0x00000006e0000000, 0x00000006e9000000, 0x00000007a0000000)
  object space 147456K, 71% used [0x00000006e0000000,0x00000006e6722df0,0x00000006e9000000)
 Metaspace       used 98800K, committed 99648K, reserved 983040K
  class space    used 13633K, committed 14080K, reserved 851968K
}
Event: 7,441 GC heap after
{Heap after GC invocations=16 (full 4):
 PSYoungGen      total 289792K, used 0K [0x00000007a0000000, 0x00000007b3b00000, 0x0000000800000000)
  eden space 258560K, 0% used [0x00000007a0000000,0x00000007a0000000,0x00000007afc80000)
  from space 31232K, 0% used [0x00000007b1b80000,0x00000007b1b80000,0x00000007b3a00000)
  to   space 31744K, 0% used [0x00000007afc80000,0x00000007afc80000,0x00000007b1b80000)
 ParOldGen       total 147456K, used 105987K [0x00000006e0000000, 0x00000006e9000000, 0x00000007a0000000)
  object space 147456K, 71% used [0x00000006e0000000,0x00000006e6780e98,0x00000006e9000000)
 Metaspace       used 98800K, committed 99648K, reserved 983040K
  class space    used 13633K, committed 14080K, reserved 851968K
}
Event: 8,535 GC heap before
{Heap before GC invocations=17 (full 4):
 PSYoungGen      total 289792K, used 258560K [0x00000007a0000000, 0x00000007b3b00000, 0x0000000800000000)
  eden space 258560K, 100% used [0x00000007a0000000,0x00000007afc80000,0x00000007afc80000)
  from space 31232K, 0% used [0x00000007b1b80000,0x00000007b1b80000,0x00000007b3a00000)
  to   space 31744K, 0% used [0x00000007afc80000,0x00000007afc80000,0x00000007b1b80000)
 ParOldGen       total 147456K, used 105987K [0x00000006e0000000, 0x00000006e9000000, 0x00000007a0000000)
  object space 147456K, 71% used [0x00000006e0000000,0x00000006e6780e98,0x00000006e9000000)
 Metaspace       used 108085K, committed 109056K, reserved 983040K
  class space    used 14858K, committed 15296K, reserved 851968K
}
Event: 8,550 GC heap after
{Heap after GC invocations=17 (full 4):
 PSYoungGen      total 290304K, used 31716K [0x00000007a0000000, 0x00000007be500000, 0x0000000800000000)
  eden space 258560K, 0% used [0x00000007a0000000,0x00000007a0000000,0x00000007afc80000)
  from space 31744K, 99% used [0x00000007afc80000,0x00000007b1b79198,0x00000007b1b80000)
  to   space 41472K, 0% used [0x00000007bbc80000,0x00000007bbc80000,0x00000007be500000)
 ParOldGen       total 147456K, used 119491K [0x00000006e0000000, 0x00000006e9000000, 0x00000007a0000000)
  object space 147456K, 81% used [0x00000006e0000000,0x00000006e74b0eb8,0x00000006e9000000)
 Metaspace       used 108085K, committed 109056K, reserved 983040K
  class space    used 14858K, committed 15296K, reserved 851968K
}
Event: 9,287 GC heap before
{Heap before GC invocations=18 (full 4):
 PSYoungGen      total 290304K, used 290276K [0x00000007a0000000, 0x00000007be500000, 0x0000000800000000)
  eden space 258560K, 100% used [0x00000007a0000000,0x00000007afc80000,0x00000007afc80000)
  from space 31744K, 99% used [0x00000007afc80000,0x00000007b1b79198,0x00000007b1b80000)
  to   space 41472K, 0% used [0x00000007bbc80000,0x00000007bbc80000,0x00000007be500000)
 ParOldGen       total 147456K, used 119491K [0x00000006e0000000, 0x00000006e9000000, 0x00000007a0000000)
  object space 147456K, 81% used [0x00000006e0000000,0x00000006e74b0eb8,0x00000006e9000000)
 Metaspace       used 108092K, committed 109056K, reserved 983040K
  class space    used 14858K, committed 15296K, reserved 851968K
}
Event: 9,297 GC heap after
{Heap after GC invocations=18 (full 4):
 PSYoungGen      total 454144K, used 6368K [0x00000007a0000000, 0x00000007be400000, 0x0000000800000000)
  eden space 413696K, 0% used [0x00000007a0000000,0x00000007a0000000,0x00000007b9400000)
  from space 40448K, 15% used [0x00000007bbc80000,0x00000007bc2b8020,0x00000007be400000)
  to   space 40960K, 0% used [0x00000007b9400000,0x00000007b9400000,0x00000007bbc00000)
 ParOldGen       total 149504K, used 149302K [0x00000006e0000000, 0x00000006e9200000, 0x00000007a0000000)
  object space 149504K, 99% used [0x00000006e0000000,0x00000006e91cda88,0x00000006e9200000)
 Metaspace       used 108092K, committed 109056K, reserved 983040K
  class space    used 14858K, committed 15296K, reserved 851968K
}
Event: 9,297 GC heap before
{Heap before GC invocations=19 (full 5):
 PSYoungGen      total 454144K, used 6368K [0x00000007a0000000, 0x00000007be400000, 0x0000000800000000)
  eden space 413696K, 0% used [0x00000007a0000000,0x00000007a0000000,0x00000007b9400000)
  from space 40448K, 15% used [0x00000007bbc80000,0x00000007bc2b8020,0x00000007be400000)
  to   space 40960K, 0% used [0x00000007b9400000,0x00000007b9400000,0x00000007bbc00000)
 ParOldGen       total 149504K, used 149302K [0x00000006e0000000, 0x00000006e9200000, 0x00000007a0000000)
  object space 149504K, 99% used [0x00000006e0000000,0x00000006e91cda88,0x00000006e9200000)
 Metaspace       used 108092K, committed 109056K, reserved 983040K
  class space    used 14858K, committed 15296K, reserved 851968K
}

