# JRE version: OpenJDK Runtime Environment (17.0.9) (build 17.0.9+0-17.0.9b1087.7-11185874)
# Java VM: OpenJDK 64-Bit Server VM (17.0.9+0-17.0.9b1087.7-11185874, mixed mode, tiered, compressed oops, compressed class ptrs, g1 gc, linux-amd64)
GC Precious Log:
 CPUs: 16 total, 12 available
 Memory: 13817M
 Large Page Support: Disabled
 NUMA Support: Disabled
 Compressed Oops: Enabled (Zero based)
 Heap Region Size: 4M
 Heap Min Capacity: 8M
 Heap Initial Capacity: 216M
 Heap Max Capacity: 4608M
 Pre-touch: Disabled
 Parallel Workers: 10
 Concurrent Workers: 3
 Concurrent Refinement Workers: 10
 Periodic GC: Disabled
Heap:
 garbage-first heap   total 81920K, used 20531K [0x00000006e0000000, 0x0000000800000000)
  region size 4096K, 2 young (8192K), 1 survivors (4096K)
 Metaspace       used 27839K, committed 28160K, reserved 1114112K
  class space    used 3691K, committed 3840K, reserved 1048576K
GC Heap History (10 events):
Event: 0,371 GC heap before
{Heap before GC invocations=0 (full 0):
 garbage-first heap   total 221184K, used 20480K [0x00000006e0000000, 0x0000000800000000)
  region size 4096K, 5 young (20480K), 0 survivors (0K)
 Metaspace       used 9804K, committed 9920K, reserved 1114112K
  class space    used 976K, committed 1024K, reserved 1048576K
}
Event: 0,374 GC heap after
{Heap after GC invocations=1 (full 0):
 garbage-first heap   total 221184K, used 10052K [0x00000006e0000000, 0x0000000800000000)
  region size 4096K, 1 young (4096K), 1 survivors (4096K)
 Metaspace       used 9804K, committed 9920K, reserved 1114112K
  class space    used 976K, committed 1024K, reserved 1048576K
}
Event: 0,506 GC heap before
{Heap before GC invocations=1 (full 0):
 garbage-first heap   total 221184K, used 26436K [0x00000006e0000000, 0x0000000800000000)
  region size 4096K, 5 young (20480K), 1 survivors (4096K)
 Metaspace       used 11403K, committed 11584K, reserved 1114112K
  class space    used 1205K, committed 1280K, reserved 1048576K
}
Event: 0,509 GC heap after
{Heap after GC invocations=2 (full 0):
 garbage-first heap   total 221184K, used 10910K [0x00000006e0000000, 0x0000000800000000)
  region size 4096K, 1 young (4096K), 1 survivors (4096K)
 Metaspace       used 11403K, committed 11584K, reserved 1114112K
  class space    used 1205K, committed 1280K, reserved 1048576K
}
Event: 0,994 GC heap before
{Heap before GC invocations=2 (full 0):
 garbage-first heap   total 221184K, used 60062K [0x00000006e0000000, 0x0000000800000000)
  region size 4096K, 14 young (57344K), 1 survivors (4096K)
 Metaspace       used 21338K, committed 21504K, reserved 1114112K
  class space    used 2542K, committed 2624K, reserved 1048576K
}
Event: 0,997 GC heap after
{Heap after GC invocations=3 (full 0):
 garbage-first heap   total 221184K, used 18096K [0x00000006e0000000, 0x0000000800000000)
  region size 4096K, 2 young (8192K), 2 survivors (8192K)
 Metaspace       used 21338K, committed 21504K, reserved 1114112K
  class space    used 2542K, committed 2624K, reserved 1048576K
}
Event: 1,327 GC heap before
{Heap before GC invocations=4 (full 0):
 garbage-first heap   total 81920K, used 54960K [0x00000006e0000000, 0x0000000800000000)
  region size 4096K, 12 young (49152K), 2 survivors (8192K)
 Metaspace       used 27113K, committed 27392K, reserved 1114112K
  class space    used 3567K, committed 3712K, reserved 1048576K
}
Event: 1,330 GC heap after
{Heap after GC invocations=5 (full 0):
 garbage-first heap   total 81920K, used 20500K [0x00000006e0000000, 0x0000000800000000)
  region size 4096K, 1 young (4096K), 1 survivors (4096K)
 Metaspace       used 27113K, committed 27392K, reserved 1114112K
  class space    used 3567K, committed 3712K, reserved 1048576K
}
Event: 1,361 GC heap before
{Heap before GC invocations=5 (full 0):
 garbage-first heap   total 81920K, used 24596K [0x00000006e0000000, 0x0000000800000000)
  region size 4096K, 2 young (8192K), 1 survivors (4096K)
 Metaspace       used 27537K, committed 27840K, reserved 1114112K
  class space    used 3643K, committed 3776K, reserved 1048576K
}
Event: 1,364 GC heap after
{Heap after GC invocations=6 (full 0):
 garbage-first heap   total 81920K, used 20531K [0x00000006e0000000, 0x0000000800000000)
  region size 4096K, 1 young (4096K), 1 survivors (4096K)
 Metaspace       used 27537K, committed 27840K, reserved 1114112K
  class space    used 3643K, committed 3776K, reserved 1048576K
}

