# JRE version: OpenJDK Runtime Environment (17.0.9) (build 17.0.9+0-17.0.9b1087.7-11185874)
# Java VM: OpenJDK 64-Bit Server VM (17.0.9+0-17.0.9b1087.7-11185874, mixed mode, tiered, compressed oops, compressed class ptrs, parallel gc, linux-amd64)
GC Precious Log:
 CPUs: 16 total, 12 available
 Memory: 13817M
 Large Page Support: Disabled
 NUMA Support: Disabled
 Compressed Oops: Enabled (Zero based)
 Alignments: Space 512K, Generation 512K, Heap 2M
 Heap Min Capacity: 8M
 Heap Initial Capacity: 216M
 Heap Max Capacity: 4608M
 Pre-touch: Disabled
 Parallel Workers: 10
Heap:
 PSYoungGen      total 301568K, used 275456K [0x00000007a0000000, 0x00000007b4000000, 0x0000000800000000)
  eden space 275456K, 100% used [0x00000007a0000000,0x00000007b0d00000,0x00000007b0d00000)
  from space 26112K, 0% used [0x00000007b2680000,0x00000007b2680000,0x00000007b4000000)
  to   space 26112K, 99% used [0x00000007b0d00000,0x00000007b267f068,0x00000007b2680000)
 ParOldGen       total 147456K, used 127729K [0x00000006e0000000, 0x00000006e9000000, 0x00000007a0000000)
  object space 147456K, 86% used [0x00000006e0000000,0x00000006e7cbc448,0x00000006e9000000)
 Metaspace       used 108799K, committed 109760K, reserved 983040K
  class space    used 14943K, committed 15424K, reserved 851968K
GC Heap History (20 events):
Event: 2,488 GC heap after
{Heap after GC invocations=9 (full 2):
 PSYoungGen      total 76800K, used 11911K [0x00000007a0000000, 0x00000007a9400000, 0x0000000800000000)
  eden space 55296K, 0% used [0x00000007a0000000,0x00000007a0000000,0x00000007a3600000)
  from space 21504K, 55% used [0x00000007a3600000,0x00000007a41a1cc8,0x00000007a4b00000)
  to   space 20480K, 0% used [0x00000007a8000000,0x00000007a8000000,0x00000007a9400000)
 ParOldGen       total 147456K, used 35599K [0x00000006e0000000, 0x00000006e9000000, 0x00000007a0000000)
  object space 147456K, 24% used [0x00000006e0000000,0x00000006e22c3fd0,0x00000006e9000000)
 Metaspace       used 48917K, committed 49408K, reserved 917504K
  class space    used 6566K, committed 6784K, reserved 851968K
}
Event: 2,916 GC heap before
{Heap before GC invocations=10 (full 2):
 PSYoungGen      total 76800K, used 67207K [0x00000007a0000000, 0x00000007a9400000, 0x0000000800000000)
  eden space 55296K, 100% used [0x00000007a0000000,0x00000007a3600000,0x00000007a3600000)
  from space 21504K, 55% used [0x00000007a3600000,0x00000007a41a1cc8,0x00000007a4b00000)
  to   space 20480K, 0% used [0x00000007a8000000,0x00000007a8000000,0x00000007a9400000)
 ParOldGen       total 147456K, used 35599K [0x00000006e0000000, 0x00000006e9000000, 0x00000007a0000000)
  object space 147456K, 24% used [0x00000006e0000000,0x00000006e22c3fd0,0x00000006e9000000)
 Metaspace       used 54158K, committed 54784K, reserved 917504K
  class space    used 7279K, committed 7552K, reserved 851968K
}
Event: 2,923 GC heap after
{Heap after GC invocations=10 (full 2):
 PSYoungGen      total 128512K, used 18761K [0x00000007a0000000, 0x00000007a9900000, 0x0000000800000000)
  eden space 108032K, 0% used [0x00000007a0000000,0x00000007a0000000,0x00000007a6980000)
  from space 20480K, 91% used [0x00000007a8000000,0x00000007a92526d0,0x00000007a9400000)
  to   space 23040K, 0% used [0x00000007a6980000,0x00000007a6980000,0x00000007a8000000)
 ParOldGen       total 147456K, used 35607K [0x00000006e0000000, 0x00000006e9000000, 0x00000007a0000000)
  object space 147456K, 24% used [0x00000006e0000000,0x00000006e22c5fd0,0x00000006e9000000)
 Metaspace       used 54158K, committed 54784K, reserved 917504K
  class space    used 7279K, committed 7552K, reserved 851968K
}
Event: 3,356 GC heap before
{Heap before GC invocations=11 (full 2):
 PSYoungGen      total 128512K, used 74199K [0x00000007a0000000, 0x00000007a9900000, 0x0000000800000000)
  eden space 108032K, 51% used [0x00000007a0000000,0x00000007a36237f8,0x00000007a6980000)
  from space 20480K, 91% used [0x00000007a8000000,0x00000007a92526d0,0x00000007a9400000)
  to   space 23040K, 0% used [0x00000007a6980000,0x00000007a6980000,0x00000007a8000000)
 ParOldGen       total 147456K, used 35607K [0x00000006e0000000, 0x00000006e9000000, 0x00000007a0000000)
  object space 147456K, 24% used [0x00000006e0000000,0x00000006e22c5fd0,0x00000006e9000000)
 Metaspace       used 59189K, committed 59776K, reserved 917504K
  class space    used 8119K, committed 8384K, reserved 851968K
}
Event: 3,363 GC heap after
{Heap after GC invocations=11 (full 2):
 PSYoungGen      total 131072K, used 19482K [0x00000007a0000000, 0x00000007a9d00000, 0x0000000800000000)
  eden space 108032K, 0% used [0x00000007a0000000,0x00000007a0000000,0x00000007a6980000)
  from space 23040K, 84% used [0x00000007a6980000,0x00000007a7c868d0,0x00000007a8000000)
  to   space 25088K, 0% used [0x00000007a8480000,0x00000007a8480000,0x00000007a9d00000)
 ParOldGen       total 147456K, used 40024K [0x00000006e0000000, 0x00000006e9000000, 0x00000007a0000000)
  object space 147456K, 27% used [0x00000006e0000000,0x00000006e27161d8,0x00000006e9000000)
 Metaspace       used 59189K, committed 59776K, reserved 917504K
  class space    used 8119K, committed 8384K, reserved 851968K
}
Event: 3,363 GC heap before
{Heap before GC invocations=12 (full 3):
 PSYoungGen      total 131072K, used 19482K [0x00000007a0000000, 0x00000007a9d00000, 0x0000000800000000)
  eden space 108032K, 0% used [0x00000007a0000000,0x00000007a0000000,0x00000007a6980000)
  from space 23040K, 84% used [0x00000007a6980000,0x00000007a7c868d0,0x00000007a8000000)
  to   space 25088K, 0% used [0x00000007a8480000,0x00000007a8480000,0x00000007a9d00000)
 ParOldGen       total 147456K, used 40024K [0x00000006e0000000, 0x00000006e9000000, 0x00000007a0000000)
  object space 147456K, 27% used [0x00000006e0000000,0x00000006e27161d8,0x00000006e9000000)
 Metaspace       used 59189K, committed 59776K, reserved 917504K
  class space    used 8119K, committed 8384K, reserved 851968K
}
Event: 3,400 GC heap after
{Heap after GC invocations=12 (full 3):
 PSYoungGen      total 131072K, used 0K [0x00000007a0000000, 0x00000007a9d00000, 0x0000000800000000)
  eden space 108032K, 0% used [0x00000007a0000000,0x00000007a0000000,0x00000007a6980000)
  from space 23040K, 0% used [0x00000007a6980000,0x00000007a6980000,0x00000007a8000000)
  to   space 25088K, 0% used [0x00000007a8480000,0x00000007a8480000,0x00000007a9d00000)
 ParOldGen       total 147456K, used 58420K [0x00000006e0000000, 0x00000006e9000000, 0x00000007a0000000)
  object space 147456K, 39% used [0x00000006e0000000,0x00000006e390d2e0,0x00000006e9000000)
 Metaspace       used 59189K, committed 59776K, reserved 917504K
  class space    used 8119K, committed 8384K, reserved 851968K
}
Event: 3,961 GC heap before
{Heap before GC invocations=13 (full 3):
 PSYoungGen      total 131072K, used 108032K [0x00000007a0000000, 0x00000007a9d00000, 0x0000000800000000)
  eden space 108032K, 100% used [0x00000007a0000000,0x00000007a6980000,0x00000007a6980000)
  from space 23040K, 0% used [0x00000007a6980000,0x00000007a6980000,0x00000007a8000000)
  to   space 25088K, 0% used [0x00000007a8480000,0x00000007a8480000,0x00000007a9d00000)
 ParOldGen       total 147456K, used 58420K [0x00000006e0000000, 0x00000006e9000000, 0x00000007a0000000)
  object space 147456K, 39% used [0x00000006e0000000,0x00000006e390d2e0,0x00000006e9000000)
 Metaspace       used 64235K, committed 64896K, reserved 917504K
  class space    used 8794K, committed 9088K, reserved 851968K
}
Event: 3,966 GC heap after
{Heap after GC invocations=13 (full 3):
 PSYoungGen      total 132608K, used 24899K [0x00000007a0000000, 0x00000007ae000000, 0x0000000800000000)
  eden space 107520K, 0% used [0x00000007a0000000,0x00000007a0000000,0x00000007a6900000)
  from space 25088K, 99% used [0x00000007a8480000,0x00000007a9cd0cb8,0x00000007a9d00000)
  to   space 28160K, 0% used [0x00000007a6900000,0x00000007a6900000,0x00000007a8480000)
 ParOldGen       total 147456K, used 58428K [0x00000006e0000000, 0x00000006e9000000, 0x00000007a0000000)
  object space 147456K, 39% used [0x00000006e0000000,0x00000006e390f2e0,0x00000006e9000000)
 Metaspace       used 64235K, committed 64896K, reserved 917504K
  class space    used 8794K, committed 9088K, reserved 851968K
}
Event: 4,504 GC heap before
{Heap before GC invocations=14 (full 3):
 PSYoungGen      total 132608K, used 132419K [0x00000007a0000000, 0x00000007ae000000, 0x0000000800000000)
  eden space 107520K, 100% used [0x00000007a0000000,0x00000007a6900000,0x00000007a6900000)
  from space 25088K, 99% used [0x00000007a8480000,0x00000007a9cd0cb8,0x00000007a9d00000)
  to   space 28160K, 0% used [0x00000007a6900000,0x00000007a6900000,0x00000007a8480000)
 ParOldGen       total 147456K, used 58428K [0x00000006e0000000, 0x00000006e9000000, 0x00000007a0000000)
  object space 147456K, 39% used [0x00000006e0000000,0x00000006e390f2e0,0x00000006e9000000)
 Metaspace       used 73900K, committed 74624K, reserved 917504K
  class space    used 10012K, committed 10368K, reserved 851968K
}
Event: 4,512 GC heap after
{Heap after GC invocations=14 (full 3):
 PSYoungGen      total 135680K, used 6058K [0x00000007a0000000, 0x00000007adf00000, 0x0000000800000000)
  eden space 107520K, 0% used [0x00000007a0000000,0x00000007a0000000,0x00000007a6900000)
  from space 28160K, 21% used [0x00000007a6900000,0x00000007a6eea8a8,0x00000007a8480000)
  to   space 28160K, 0% used [0x00000007ac380000,0x00000007ac380000,0x00000007adf00000)
 ParOldGen       total 147456K, used 83061K [0x00000006e0000000, 0x00000006e9000000, 0x00000007a0000000)
  object space 147456K, 56% used [0x00000006e0000000,0x00000006e511d4f0,0x00000006e9000000)
 Metaspace       used 73900K, committed 74624K, reserved 917504K
  class space    used 10012K, committed 10368K, reserved 851968K
}
Event: 5,090 GC heap before
{Heap before GC invocations=15 (full 3):
 PSYoungGen      total 135680K, used 113578K [0x00000007a0000000, 0x00000007adf00000, 0x0000000800000000)
  eden space 107520K, 100% used [0x00000007a0000000,0x00000007a6900000,0x00000007a6900000)
  from space 28160K, 21% used [0x00000007a6900000,0x00000007a6eea8a8,0x00000007a8480000)
  to   space 28160K, 0% used [0x00000007ac380000,0x00000007ac380000,0x00000007adf00000)
 ParOldGen       total 147456K, used 83061K [0x00000006e0000000, 0x00000006e9000000, 0x00000007a0000000)
  object space 147456K, 56% used [0x00000006e0000000,0x00000006e511d4f0,0x00000006e9000000)
 Metaspace       used 83727K, committed 84544K, reserved 983040K
  class space    used 11333K, committed 11712K, reserved 851968K
}
Event: 5,094 GC heap after
{Heap after GC invocations=15 (full 3):
 PSYoungGen      total 199168K, used 8381K [0x00000007a0000000, 0x00000007ade00000, 0x0000000800000000)
  eden space 172032K, 0% used [0x00000007a0000000,0x00000007a0000000,0x00000007aa800000)
  from space 27136K, 30% used [0x00000007ac380000,0x00000007acbaf5d0,0x00000007ade00000)
  to   space 27648K, 0% used [0x00000007aa800000,0x00000007aa800000,0x00000007ac300000)
 ParOldGen       total 147456K, used 88977K [0x00000006e0000000, 0x00000006e9000000, 0x00000007a0000000)
  object space 147456K, 60% used [0x00000006e0000000,0x00000006e56e44b8,0x00000006e9000000)
 Metaspace       used 83727K, committed 84544K, reserved 983040K
  class space    used 11333K, committed 11712K, reserved 851968K
}
Event: 5,869 GC heap before
{Heap before GC invocations=16 (full 3):
 PSYoungGen      total 199168K, used 180413K [0x00000007a0000000, 0x00000007ade00000, 0x0000000800000000)
  eden space 172032K, 100% used [0x00000007a0000000,0x00000007aa800000,0x00000007aa800000)
  from space 27136K, 30% used [0x00000007ac380000,0x00000007acbaf5d0,0x00000007ade00000)
  to   space 27648K, 0% used [0x00000007aa800000,0x00000007aa800000,0x00000007ac300000)
 ParOldGen       total 147456K, used 88977K [0x00000006e0000000, 0x00000006e9000000, 0x00000007a0000000)
  object space 147456K, 60% used [0x00000006e0000000,0x00000006e56e44b8,0x00000006e9000000)
 Metaspace       used 90592K, committed 91392K, reserved 983040K
  class space    used 12283K, committed 12672K, reserved 851968K
}
Event: 5,876 GC heap after
{Heap after GC invocations=16 (full 3):
 PSYoungGen      total 199680K, used 11753K [0x00000007a0000000, 0x00000007b4000000, 0x0000000800000000)
  eden space 172032K, 0% used [0x00000007a0000000,0x00000007a0000000,0x00000007aa800000)
  from space 27648K, 42% used [0x00000007aa800000,0x00000007ab37a590,0x00000007ac300000)
  to   space 26112K, 0% used [0x00000007b2680000,0x00000007b2680000,0x00000007b4000000)
 ParOldGen       total 147456K, used 97202K [0x00000006e0000000, 0x00000006e9000000, 0x00000007a0000000)
  object space 147456K, 65% used [0x00000006e0000000,0x00000006e5eecb58,0x00000006e9000000)
 Metaspace       used 90592K, committed 91392K, reserved 983040K
  class space    used 12283K, committed 12672K, reserved 851968K
}
Event: 6,469 GC heap before
{Heap before GC invocations=17 (full 3):
 PSYoungGen      total 199680K, used 132032K [0x00000007a0000000, 0x00000007b4000000, 0x0000000800000000)
  eden space 172032K, 69% used [0x00000007a0000000,0x00000007a7575b68,0x00000007aa800000)
  from space 27648K, 42% used [0x00000007aa800000,0x00000007ab37a590,0x00000007ac300000)
  to   space 26112K, 0% used [0x00000007b2680000,0x00000007b2680000,0x00000007b4000000)
 ParOldGen       total 147456K, used 97202K [0x00000006e0000000, 0x00000006e9000000, 0x00000007a0000000)
  object space 147456K, 65% used [0x00000006e0000000,0x00000006e5eecb58,0x00000006e9000000)
 Metaspace       used 98766K, committed 99648K, reserved 983040K
  class space    used 13627K, committed 14016K, reserved 851968K
}
Event: 6,475 GC heap after
{Heap after GC invocations=17 (full 3):
 PSYoungGen      total 301568K, used 4206K [0x00000007a0000000, 0x00000007b4000000, 0x0000000800000000)
  eden space 275456K, 0% used [0x00000007a0000000,0x00000007a0000000,0x00000007b0d00000)
  from space 26112K, 16% used [0x00000007b2680000,0x00000007b2a9b8f8,0x00000007b4000000)
  to   space 26112K, 0% used [0x00000007b0d00000,0x00000007b0d00000,0x00000007b2680000)
 ParOldGen       total 147456K, used 108862K [0x00000006e0000000, 0x00000006e9000000, 0x00000007a0000000)
  object space 147456K, 73% used [0x00000006e0000000,0x00000006e6a4f958,0x00000006e9000000)
 Metaspace       used 98766K, committed 99648K, reserved 983040K
  class space    used 13627K, committed 14016K, reserved 851968K
}
Event: 6,475 GC heap before
{Heap before GC invocations=18 (full 4):
 PSYoungGen      total 301568K, used 4206K [0x00000007a0000000, 0x00000007b4000000, 0x0000000800000000)
  eden space 275456K, 0% used [0x00000007a0000000,0x00000007a0000000,0x00000007b0d00000)
  from space 26112K, 16% used [0x00000007b2680000,0x00000007b2a9b8f8,0x00000007b4000000)
  to   space 26112K, 0% used [0x00000007b0d00000,0x00000007b0d00000,0x00000007b2680000)
 ParOldGen       total 147456K, used 108862K [0x00000006e0000000, 0x00000006e9000000, 0x00000007a0000000)
  object space 147456K, 73% used [0x00000006e0000000,0x00000006e6a4f958,0x00000006e9000000)
 Metaspace       used 98766K, committed 99648K, reserved 983040K
  class space    used 13627K, committed 14016K, reserved 851968K
}
Event: 6,530 GC heap after
{Heap after GC invocations=18 (full 4):
 PSYoungGen      total 301568K, used 0K [0x00000007a0000000, 0x00000007b4000000, 0x0000000800000000)
  eden space 275456K, 0% used [0x00000007a0000000,0x00000007a0000000,0x00000007b0d00000)
  from space 26112K, 0% used [0x00000007b2680000,0x00000007b2680000,0x00000007b4000000)
  to   space 26112K, 0% used [0x00000007b0d00000,0x00000007b0d00000,0x00000007b2680000)
 ParOldGen       total 147456K, used 108046K [0x00000006e0000000, 0x00000006e9000000, 0x00000007a0000000)
  object space 147456K, 73% used [0x00000006e0000000,0x00000006e6983808,0x00000006e9000000)
 Metaspace       used 98766K, committed 99648K, reserved 983040K
  class space    used 13627K, committed 14016K, reserved 851968K
}
Event: 7,602 GC heap before
{Heap before GC invocations=19 (full 4):
 PSYoungGen      total 301568K, used 275456K [0x00000007a0000000, 0x00000007b4000000, 0x0000000800000000)
  eden space 275456K, 100% used [0x00000007a0000000,0x00000007b0d00000,0x00000007b0d00000)
  from space 26112K, 0% used [0x00000007b2680000,0x00000007b2680000,0x00000007b4000000)
  to   space 26112K, 0% used [0x00000007b0d00000,0x00000007b0d00000,0x00000007b2680000)
 ParOldGen       total 147456K, used 108046K [0x00000006e0000000, 0x00000006e9000000, 0x00000007a0000000)
  object space 147456K, 73% used [0x00000006e0000000,0x00000006e6983808,0x00000006e9000000)
 Metaspace       used 108799K, committed 109760K, reserved 983040K
  class space    used 14943K, committed 15424K, reserved 851968K
}

