# JRE version: OpenJDK Runtime Environment (17.0.9) (build 17.0.9+0-17.0.9b1087.7-11185874)
# Java VM: OpenJDK 64-Bit Server VM (17.0.9+0-17.0.9b1087.7-11185874, mixed mode, tiered, compressed oops, compressed class ptrs, g1 gc, linux-amd64)
GC Precious Log:
 CPUs: 16 total, 12 available
 Memory: 13817M
 Large Page Support: Disabled
 NUMA Support: Disabled
 Compressed Oops: Enabled (Zero based)
 Heap Region Size: 2M
 Heap Min Capacity: 8M
 Heap Initial Capacity: 216M
 Heap Max Capacity: 3456M
 Pre-touch: Disabled
 Parallel Workers: 10
 Concurrent Workers: 3
 Concurrent Refinement Workers: 10
 Periodic GC: Disabled
Heap:
 garbage-first heap   total 731136K, used 232957K [0x0000000728000000, 0x0000000800000000)
  region size 2048K, 26 young (53248K), 25 survivors (51200K)
 Metaspace       used 89405K, committed 89728K, reserved 1179648K
  class space    used 9195K, committed 9344K, reserved 1048576K
GC Heap History (20 events):
Event: 6,967 GC heap before
{Heap before GC invocations=20 (full 0):
 garbage-first heap   total 335872K, used 239258K [0x0000000728000000, 0x0000000800000000)
  region size 2048K, 75 young (153600K), 4 survivors (8192K)
 Metaspace       used 61359K, committed 61696K, reserved 1114112K
  class space    used 6799K, committed 6976K, reserved 1048576K
}
Event: 6,981 GC heap after
{Heap after GC invocations=21 (full 0):
 garbage-first heap   total 335872K, used 110115K [0x0000000728000000, 0x0000000800000000)
  region size 2048K, 10 young (20480K), 10 survivors (20480K)
 Metaspace       used 61359K, committed 61696K, reserved 1114112K
  class space    used 6799K, committed 6976K, reserved 1048576K
}
Event: 7,563 GC heap before
{Heap before GC invocations=21 (full 0):
 garbage-first heap   total 335872K, used 245283K [0x0000000728000000, 0x0000000800000000)
  region size 2048K, 76 young (155648K), 10 survivors (20480K)
 Metaspace       used 62018K, committed 62336K, reserved 1114112K
  class space    used 6861K, committed 7040K, reserved 1048576K
}
Event: 7,579 GC heap after
{Heap after GC invocations=22 (full 0):
 garbage-first heap   total 335872K, used 124809K [0x0000000728000000, 0x0000000800000000)
  region size 2048K, 7 young (14336K), 7 survivors (14336K)
 Metaspace       used 62018K, committed 62336K, reserved 1114112K
  class space    used 6861K, committed 7040K, reserved 1048576K
}
Event: 9,373 GC heap before
{Heap before GC invocations=22 (full 0):
 garbage-first heap   total 335872K, used 253833K [0x0000000728000000, 0x0000000800000000)
  region size 2048K, 70 young (143360K), 7 survivors (14336K)
 Metaspace       used 62968K, committed 63296K, reserved 1114112K
  class space    used 6909K, committed 7040K, reserved 1048576K
}
Event: 9,385 GC heap after
{Heap after GC invocations=23 (full 0):
 garbage-first heap   total 335872K, used 138809K [0x0000000728000000, 0x0000000800000000)
  region size 2048K, 8 young (16384K), 8 survivors (16384K)
 Metaspace       used 62968K, committed 63296K, reserved 1114112K
  class space    used 6909K, committed 7040K, reserved 1048576K
}
Event: 11,249 GC heap before
{Heap before GC invocations=23 (full 0):
 garbage-first heap   total 335872K, used 261689K [0x0000000728000000, 0x0000000800000000)
  region size 2048K, 67 young (137216K), 8 survivors (16384K)
 Metaspace       used 63628K, committed 64000K, reserved 1114112K
  class space    used 6947K, committed 7104K, reserved 1048576K
}
Event: 11,263 GC heap after
{Heap after GC invocations=24 (full 0):
 garbage-first heap   total 335872K, used 151474K [0x0000000728000000, 0x0000000800000000)
  region size 2048K, 6 young (12288K), 6 survivors (12288K)
 Metaspace       used 63628K, committed 64000K, reserved 1114112K
  class space    used 6947K, committed 7104K, reserved 1048576K
}
Event: 12,708 GC heap before
{Heap before GC invocations=24 (full 0):
 garbage-first heap   total 335872K, used 266162K [0x0000000728000000, 0x0000000800000000)
  region size 2048K, 62 young (126976K), 6 survivors (12288K)
 Metaspace       used 63884K, committed 64192K, reserved 1114112K
  class space    used 6957K, committed 7104K, reserved 1048576K
}
Event: 12,718 GC heap after
{Heap after GC invocations=25 (full 0):
 garbage-first heap   total 335872K, used 160759K [0x0000000728000000, 0x0000000800000000)
  region size 2048K, 5 young (10240K), 5 survivors (10240K)
 Metaspace       used 63884K, committed 64192K, reserved 1114112K
  class space    used 6957K, committed 7104K, reserved 1048576K
}
Event: 13,847 GC heap before
{Heap before GC invocations=25 (full 0):
 garbage-first heap   total 335872K, used 261111K [0x0000000728000000, 0x0000000800000000)
  region size 2048K, 55 young (112640K), 5 survivors (10240K)
 Metaspace       used 63971K, committed 64320K, reserved 1114112K
  class space    used 6958K, committed 7104K, reserved 1048576K
}
Event: 13,854 GC heap after
{Heap after GC invocations=26 (full 0):
 garbage-first heap   total 335872K, used 164965K [0x0000000728000000, 0x0000000800000000)
  region size 2048K, 8 young (16384K), 8 survivors (16384K)
 Metaspace       used 63971K, committed 64320K, reserved 1114112K
  class space    used 6958K, committed 7104K, reserved 1048576K
}
Event: 14,132 GC heap before
{Heap before GC invocations=27 (full 0):
 garbage-first heap   total 335872K, used 283749K [0x0000000728000000, 0x0000000800000000)
  region size 2048K, 60 young (122880K), 8 survivors (16384K)
 Metaspace       used 64003K, committed 64320K, reserved 1114112K
  class space    used 6960K, committed 7104K, reserved 1048576K
}
Event: 14,143 GC heap after
{Heap after GC invocations=28 (full 0):
 garbage-first heap   total 335872K, used 186825K [0x0000000728000000, 0x0000000800000000)
  region size 2048K, 8 young (16384K), 8 survivors (16384K)
 Metaspace       used 64003K, committed 64320K, reserved 1114112K
  class space    used 6960K, committed 7104K, reserved 1048576K
}
Event: 14,146 GC heap before
{Heap before GC invocations=28 (full 0):
 garbage-first heap   total 335872K, used 188873K [0x0000000728000000, 0x0000000800000000)
  region size 2048K, 9 young (18432K), 8 survivors (16384K)
 Metaspace       used 64003K, committed 64320K, reserved 1114112K
  class space    used 6960K, committed 7104K, reserved 1048576K
}
Event: 14,152 GC heap after
{Heap after GC invocations=29 (full 0):
 garbage-first heap   total 335872K, used 188904K [0x0000000728000000, 0x0000000800000000)
  region size 2048K, 2 young (4096K), 2 survivors (4096K)
 Metaspace       used 64003K, committed 64320K, reserved 1114112K
  class space    used 6960K, committed 7104K, reserved 1048576K
}
Event: 14,785 GC heap before
{Heap before GC invocations=29 (full 0):
 garbage-first heap   total 335872K, used 276968K [0x0000000728000000, 0x0000000800000000)
  region size 2048K, 45 young (92160K), 2 survivors (4096K)
 Metaspace       used 65435K, committed 65728K, reserved 1114112K
  class space    used 7089K, committed 7232K, reserved 1048576K
}
Event: 14,793 GC heap after
{Heap after GC invocations=30 (full 0):
 garbage-first heap   total 878592K, used 192244K [0x0000000728000000, 0x0000000800000000)
  region size 2048K, 4 young (8192K), 4 survivors (8192K)
 Metaspace       used 65435K, committed 65728K, reserved 1114112K
  class space    used 7089K, committed 7232K, reserved 1048576K
}
Event: 19,993 GC heap before
{Heap before GC invocations=31 (full 0):
 garbage-first heap   total 731136K, used 620276K [0x0000000728000000, 0x0000000800000000)
  region size 2048K, 214 young (438272K), 4 survivors (8192K)
 Metaspace       used 89405K, committed 89728K, reserved 1179648K
  class space    used 9195K, committed 9344K, reserved 1048576K
}
Event: 20,022 GC heap after
{Heap after GC invocations=32 (full 0):
 garbage-first heap   total 731136K, used 232957K [0x0000000728000000, 0x0000000800000000)
  region size 2048K, 25 young (51200K), 25 survivors (51200K)
 Metaspace       used 89405K, committed 89728K, reserved 1179648K
  class space    used 9195K, committed 9344K, reserved 1048576K
}

