# JRE version: OpenJDK Runtime Environment (17.0.9) (build 17.0.9+0-17.0.9b1087.7-11185874)
# Java VM: OpenJDK 64-Bit Server VM (17.0.9+0-17.0.9b1087.7-11185874, mixed mode, tiered, compressed oops, compressed class ptrs, g1 gc, linux-amd64)
GC Precious Log:
 CPUs: 16 total, 12 available
 Memory: 13817M
 Large Page Support: Disabled
 NUMA Support: Disabled
 Compressed Oops: Enabled (Zero based)
 Heap Region Size: 4M
 Heap Min Capacity: 8M
 Heap Initial Capacity: 216M
 Heap Max Capacity: 4608M
 Pre-touch: Disabled
 Parallel Workers: 10
 Concurrent Workers: 3
 Concurrent Refinement Workers: 10
 Periodic GC: Disabled
Heap:
 garbage-first heap   total 712704K, used 417781K [0x00000006e0000000, 0x0000000800000000)
  region size 4096K, 6 young (24576K), 4 survivors (16384K)
 Metaspace       used 123897K, committed 125120K, reserved 1179648K
  class space    used 16586K, committed 17152K, reserved 1048576K
GC Heap History (20 events):
Event: 12,281 GC heap before
{Heap before GC invocations=48 (full 0):
 garbage-first heap   total 319488K, used 251356K [0x00000006e0000000, 0x0000000800000000)
  region size 4096K, 27 young (110592K), 3 survivors (12288K)
 Metaspace       used 113170K, committed 114048K, reserved 1179648K
  class space    used 15525K, committed 15936K, reserved 1048576K
}
Event: 12,288 GC heap after
{Heap after GC invocations=49 (full 0):
 garbage-first heap   total 417792K, used 161827K [0x00000006e0000000, 0x0000000800000000)
  region size 4096K, 3 young (12288K), 3 survivors (12288K)
 Metaspace       used 113170K, committed 114048K, reserved 1179648K
  class space    used 15525K, committed 15936K, reserved 1048576K
}
Event: 12,757 GC heap before
{Heap before GC invocations=49 (full 0):
 garbage-first heap   total 417792K, used 325667K [0x00000006e0000000, 0x0000000800000000)
  region size 4096K, 44 young (180224K), 3 survivors (12288K)
 Metaspace       used 113360K, committed 114176K, reserved 1179648K
  class space    used 15549K, committed 15936K, reserved 1048576K
}
Event: 12,765 GC heap after
{Heap after GC invocations=50 (full 0):
 garbage-first heap   total 417792K, used 170278K [0x00000006e0000000, 0x0000000800000000)
  region size 4096K, 5 young (20480K), 5 survivors (20480K)
 Metaspace       used 113360K, committed 114176K, reserved 1179648K
  class space    used 15549K, committed 15936K, reserved 1048576K
}
Event: 12,977 GC heap before
{Heap before GC invocations=50 (full 0):
 garbage-first heap   total 417792K, used 321830K [0x00000006e0000000, 0x0000000800000000)
  region size 4096K, 43 young (176128K), 5 survivors (20480K)
 Metaspace       used 113469K, committed 114304K, reserved 1179648K
  class space    used 15549K, committed 15936K, reserved 1048576K
}
Event: 12,988 GC heap after
{Heap after GC invocations=51 (full 0):
 garbage-first heap   total 417792K, used 175907K [0x00000006e0000000, 0x0000000800000000)
  region size 4096K, 3 young (12288K), 3 survivors (12288K)
 Metaspace       used 113469K, committed 114304K, reserved 1179648K
  class space    used 15549K, committed 15936K, reserved 1048576K
}
Event: 13,232 GC heap before
{Heap before GC invocations=51 (full 0):
 garbage-first heap   total 417792K, used 327459K [0x00000006e0000000, 0x0000000800000000)
  region size 4096K, 41 young (167936K), 3 survivors (12288K)
 Metaspace       used 113501K, committed 114368K, reserved 1179648K
  class space    used 15549K, committed 15936K, reserved 1048576K
}
Event: 13,240 GC heap after
{Heap after GC invocations=52 (full 0):
 garbage-first heap   total 417792K, used 181241K [0x00000006e0000000, 0x0000000800000000)
  region size 4096K, 4 young (16384K), 4 survivors (16384K)
 Metaspace       used 113501K, committed 114368K, reserved 1179648K
  class space    used 15549K, committed 15936K, reserved 1048576K
}
Event: 25,987 GC heap before
{Heap before GC invocations=52 (full 0):
 garbage-first heap   total 417792K, used 332793K [0x00000006e0000000, 0x0000000800000000)
  region size 4096K, 42 young (172032K), 4 survivors (16384K)
 Metaspace       used 118859K, committed 119872K, reserved 1179648K
  class space    used 16079K, committed 16576K, reserved 1048576K
}
Event: 25,996 GC heap after
{Heap after GC invocations=53 (full 0):
 garbage-first heap   total 544768K, used 186220K [0x00000006e0000000, 0x0000000800000000)
  region size 4096K, 4 young (16384K), 4 survivors (16384K)
 Metaspace       used 118859K, committed 119872K, reserved 1179648K
  class space    used 16079K, committed 16576K, reserved 1048576K
}
Event: 27,256 GC heap before
{Heap before GC invocations=53 (full 0):
 garbage-first heap   total 544768K, used 444268K [0x00000006e0000000, 0x0000000800000000)
  region size 4096K, 67 young (274432K), 4 survivors (16384K)
 Metaspace       used 119817K, committed 120832K, reserved 1179648K
  class space    used 16126K, committed 16640K, reserved 1048576K
}
Event: 27,273 GC heap after
{Heap after GC invocations=54 (full 0):
 garbage-first heap   total 544768K, used 206502K [0x00000006e0000000, 0x0000000800000000)
  region size 4096K, 9 young (36864K), 9 survivors (36864K)
 Metaspace       used 119817K, committed 120832K, reserved 1179648K
  class space    used 16126K, committed 16640K, reserved 1048576K
}
Event: 42,769 GC heap before
{Heap before GC invocations=54 (full 0):
 garbage-first heap   total 544768K, used 419494K [0x00000006e0000000, 0x0000000800000000)
  region size 4096K, 62 young (253952K), 9 survivors (36864K)
 Metaspace       used 120469K, committed 121600K, reserved 1179648K
  class space    used 16160K, committed 16704K, reserved 1048576K
}
Event: 42,798 GC heap after
{Heap after GC invocations=55 (full 0):
 garbage-first heap   total 544768K, used 222959K [0x00000006e0000000, 0x0000000800000000)
  region size 4096K, 5 young (20480K), 5 survivors (20480K)
 Metaspace       used 120469K, committed 121600K, reserved 1179648K
  class space    used 16160K, committed 16704K, reserved 1048576K
}
Event: 69,463 GC heap before
{Heap before GC invocations=55 (full 0):
 garbage-first heap   total 544768K, used 427759K [0x00000006e0000000, 0x0000000800000000)
  region size 4096K, 56 young (229376K), 5 survivors (20480K)
 Metaspace       used 120742K, committed 121792K, reserved 1179648K
  class space    used 16173K, committed 16704K, reserved 1048576K
}
Event: 69,476 GC heap after
{Heap after GC invocations=56 (full 0):
 garbage-first heap   total 544768K, used 232702K [0x00000006e0000000, 0x0000000800000000)
  region size 4096K, 3 young (12288K), 3 survivors (12288K)
 Metaspace       used 120742K, committed 121792K, reserved 1179648K
  class space    used 16173K, committed 16704K, reserved 1048576K
}
Event: 70,294 GC heap before
{Heap before GC invocations=56 (full 0):
 garbage-first heap   total 544768K, used 433406K [0x00000006e0000000, 0x0000000800000000)
  region size 4096K, 53 young (217088K), 3 survivors (12288K)
 Metaspace       used 121358K, committed 122624K, reserved 1179648K
  class space    used 16248K, committed 16832K, reserved 1048576K
}
Event: 70,307 GC heap after
{Heap after GC invocations=57 (full 0):
 garbage-first heap   total 544768K, used 249401K [0x00000006e0000000, 0x0000000800000000)
  region size 4096K, 7 young (28672K), 7 survivors (28672K)
 Metaspace       used 121358K, committed 122624K, reserved 1179648K
  class space    used 16248K, committed 16832K, reserved 1048576K
}
Event: 70,841 GC heap before
{Heap before GC invocations=57 (full 0):
 garbage-first heap   total 544768K, used 396857K [0x00000006e0000000, 0x0000000800000000)
  region size 4096K, 35 young (143360K), 7 survivors (28672K)
 Metaspace       used 123750K, committed 124928K, reserved 1179648K
  class space    used 16580K, committed 17152K, reserved 1048576K
}
Event: 70,854 GC heap after
{Heap after GC invocations=58 (full 0):
 garbage-first heap   total 544768K, used 303093K [0x00000006e0000000, 0x0000000800000000)
  region size 4096K, 4 young (16384K), 4 survivors (16384K)
 Metaspace       used 123750K, committed 124928K, reserved 1179648K
  class space    used 16580K, committed 17152K, reserved 1048576K
}

