# JRE version: OpenJDK Runtime Environment (17.0.9) (build 17.0.9+0-17.0.9b1087.7-11185874)
# Java VM: OpenJDK 64-Bit Server VM (17.0.9+0-17.0.9b1087.7-11185874, mixed mode, tiered, compressed oops, compressed class ptrs, g1 gc, linux-amd64)
GC Precious Log:
 CPUs: 16 total, 12 available
 Memory: 13817M
 Large Page Support: Disabled
 NUMA Support: Disabled
 Compressed Oops: Enabled (Zero based)
 Heap Region Size: 4M
 Heap Min Capacity: 8M
 Heap Initial Capacity: 216M
 Heap Max Capacity: 4608M
 Pre-touch: Disabled
 Parallel Workers: 10
 Concurrent Workers: 3
 Concurrent Refinement Workers: 10
 Periodic GC: Disabled
Heap:
 garbage-first heap   total 237568K, used 190712K [0x00000006e0000000, 0x0000000800000000)
  region size 4096K, 22 young (90112K), 3 survivors (12288K)
 Metaspace       used 116295K, committed 117184K, reserved 1179648K
  class space    used 15731K, committed 16192K, reserved 1048576K
GC Heap History (20 events):
Event: 4,637 GC heap after
{Heap after GC invocations=21 (full 0):
 garbage-first heap   total 118784K, used 67467K [0x00000006e0000000, 0x0000000800000000)
  region size 4096K, 1 young (4096K), 1 survivors (4096K)
 Metaspace       used 68555K, committed 69184K, reserved 1114112K
  class space    used 9312K, committed 9600K, reserved 1048576K
}
Event: 4,775 GC heap before
{Heap before GC invocations=21 (full 0):
 garbage-first heap   total 118784K, used 92043K [0x00000006e0000000, 0x0000000800000000)
  region size 4096K, 7 young (28672K), 1 survivors (4096K)
 Metaspace       used 69982K, committed 70528K, reserved 1114112K
  class space    used 9505K, committed 9792K, reserved 1048576K
}
Event: 4,778 GC heap after
{Heap after GC invocations=22 (full 0):
 garbage-first heap   total 237568K, used 67700K [0x00000006e0000000, 0x0000000800000000)
  region size 4096K, 1 young (4096K), 1 survivors (4096K)
 Metaspace       used 69982K, committed 70528K, reserved 1114112K
  class space    used 9505K, committed 9792K, reserved 1048576K
}
Event: 5,601 GC heap before
{Heap before GC invocations=23 (full 0):
 garbage-first heap   total 237568K, used 186484K [0x00000006e0000000, 0x0000000800000000)
  region size 4096K, 29 young (118784K), 1 survivors (4096K)
 Metaspace       used 80494K, committed 81152K, reserved 1179648K
  class space    used 10961K, committed 11264K, reserved 1048576K
}
Event: 5,606 GC heap after
{Heap after GC invocations=24 (full 0):
 garbage-first heap   total 237568K, used 77766K [0x00000006e0000000, 0x0000000800000000)
  region size 4096K, 3 young (12288K), 3 survivors (12288K)
 Metaspace       used 80494K, committed 81152K, reserved 1179648K
  class space    used 10961K, committed 11264K, reserved 1048576K
}
Event: 5,629 GC heap before
{Heap before GC invocations=24 (full 0):
 garbage-first heap   total 237568K, used 81862K [0x00000006e0000000, 0x0000000800000000)
  region size 4096K, 4 young (16384K), 3 survivors (12288K)
 Metaspace       used 80760K, committed 81408K, reserved 1179648K
  class space    used 10998K, committed 11328K, reserved 1048576K
}
Event: 5,632 GC heap after
{Heap after GC invocations=25 (full 0):
 garbage-first heap   total 237568K, used 77203K [0x00000006e0000000, 0x0000000800000000)
  region size 4096K, 1 young (4096K), 1 survivors (4096K)
 Metaspace       used 80760K, committed 81408K, reserved 1179648K
  class space    used 10998K, committed 11328K, reserved 1048576K
}
Event: 6,214 GC heap before
{Heap before GC invocations=25 (full 0):
 garbage-first heap   total 237568K, used 175507K [0x00000006e0000000, 0x0000000800000000)
  region size 4096K, 26 young (106496K), 1 survivors (4096K)
 Metaspace       used 84993K, committed 85696K, reserved 1179648K
  class space    used 11480K, committed 11776K, reserved 1048576K
}
Event: 6,219 GC heap after
{Heap after GC invocations=26 (full 0):
 garbage-first heap   total 237568K, used 86057K [0x00000006e0000000, 0x0000000800000000)
  region size 4096K, 3 young (12288K), 3 survivors (12288K)
 Metaspace       used 84993K, committed 85696K, reserved 1179648K
  class space    used 11480K, committed 11776K, reserved 1048576K
}
Event: 6,721 GC heap before
{Heap before GC invocations=26 (full 0):
 garbage-first heap   total 237568K, used 176169K [0x00000006e0000000, 0x0000000800000000)
  region size 4096K, 26 young (106496K), 3 survivors (12288K)
 Metaspace       used 90755K, committed 91392K, reserved 1179648K
  class space    used 12355K, committed 12672K, reserved 1048576K
}
Event: 6,726 GC heap after
{Heap after GC invocations=27 (full 0):
 garbage-first heap   total 237568K, used 89522K [0x00000006e0000000, 0x0000000800000000)
  region size 4096K, 2 young (8192K), 2 survivors (8192K)
 Metaspace       used 90755K, committed 91392K, reserved 1179648K
  class space    used 12355K, committed 12672K, reserved 1048576K
}
Event: 7,327 GC heap before
{Heap before GC invocations=27 (full 0):
 garbage-first heap   total 237568K, used 183730K [0x00000006e0000000, 0x0000000800000000)
  region size 4096K, 25 young (102400K), 2 survivors (8192K)
 Metaspace       used 97163K, committed 97856K, reserved 1179648K
  class space    used 13411K, committed 13760K, reserved 1048576K
}
Event: 7,331 GC heap after
{Heap after GC invocations=28 (full 0):
 garbage-first heap   total 237568K, used 93041K [0x00000006e0000000, 0x0000000800000000)
  region size 4096K, 3 young (12288K), 3 survivors (12288K)
 Metaspace       used 97163K, committed 97856K, reserved 1179648K
  class space    used 13411K, committed 13760K, reserved 1048576K
}
Event: 8,078 GC heap before
{Heap before GC invocations=28 (full 0):
 garbage-first heap   total 237568K, used 183153K [0x00000006e0000000, 0x0000000800000000)
  region size 4096K, 26 young (106496K), 3 survivors (12288K)
 Metaspace       used 102254K, committed 102976K, reserved 1179648K
  class space    used 14061K, committed 14400K, reserved 1048576K
}
Event: 8,085 GC heap after
{Heap after GC invocations=29 (full 0):
 garbage-first heap   total 237568K, used 101071K [0x00000006e0000000, 0x0000000800000000)
  region size 4096K, 3 young (12288K), 3 survivors (12288K)
 Metaspace       used 102254K, committed 102976K, reserved 1179648K
  class space    used 14061K, committed 14400K, reserved 1048576K
}
Event: 11,090 GC heap before
{Heap before GC invocations=29 (full 0):
 garbage-first heap   total 237568K, used 187087K [0x00000006e0000000, 0x0000000800000000)
  region size 4096K, 25 young (102400K), 3 survivors (12288K)
 Metaspace       used 107757K, committed 108544K, reserved 1179648K
  class space    used 14557K, committed 14976K, reserved 1048576K
}
Event: 11,099 GC heap after
{Heap after GC invocations=30 (full 0):
 garbage-first heap   total 237568K, used 107135K [0x00000006e0000000, 0x0000000800000000)
  region size 4096K, 4 young (16384K), 4 survivors (16384K)
 Metaspace       used 107757K, committed 108544K, reserved 1179648K
  class space    used 14557K, committed 14976K, reserved 1048576K
}
Event: 11,689 GC heap before
{Heap before GC invocations=30 (full 0):
 garbage-first heap   total 237568K, used 189055K [0x00000006e0000000, 0x0000000800000000)
  region size 4096K, 24 young (98304K), 4 survivors (16384K)
 Metaspace       used 113768K, committed 114624K, reserved 1179648K
  class space    used 15400K, committed 15808K, reserved 1048576K
}
Event: 11,697 GC heap after
{Heap after GC invocations=31 (full 0):
 garbage-first heap   total 237568K, used 112888K [0x00000006e0000000, 0x0000000800000000)
  region size 4096K, 3 young (12288K), 3 survivors (12288K)
 Metaspace       used 113768K, committed 114624K, reserved 1179648K
  class space    used 15400K, committed 15808K, reserved 1048576K
}
Event: 42,515 GC heap before
{Heap before GC invocations=31 (full 0):
 garbage-first heap   total 237568K, used 190712K [0x00000006e0000000, 0x0000000800000000)
  region size 4096K, 22 young (90112K), 3 survivors (12288K)
 Metaspace       used 116295K, committed 117184K, reserved 1179648K
  class space    used 15731K, committed 16192K, reserved 1048576K
}

