# JRE version: OpenJDK Runtime Environment (17.0.9) (build 17.0.9+0-17.0.9b1087.7-11185874)
# Java VM: OpenJDK 64-Bit Server VM (17.0.9+0-17.0.9b1087.7-11185874, mixed mode, tiered, compressed oops, compressed class ptrs, parallel gc, linux-amd64)
GC Precious Log:
 CPUs: 16 total, 12 available
 Memory: 13817M
 Large Page Support: Disabled
 NUMA Support: Disabled
 Compressed Oops: Enabled (Zero based)
 Alignments: Space 512K, Generation 512K, Heap 2M
 Heap Min Capacity: 8M
 Heap Initial Capacity: 216M
 Heap Max Capacity: 4608M
 Pre-touch: Disabled
 Parallel Workers: 10
Heap:
 PSYoungGen      total 475648K, used 60407K [0x00000007a0000000, 0x00000007ceb00000, 0x0000000800000000)
  eden space 415232K, 0% used [0x00000007a0000000,0x00000007a0000000,0x00000007b9580000)
  from space 60416K, 99% used [0x00000007c1280000,0x00000007c4d7ddb8,0x00000007c4d80000)
  to   space 128000K, 0% used [0x00000007b9580000,0x00000007b9580000,0x00000007c1280000)
 ParOldGen       total 344576K, used 344402K [0x00000006e0000000, 0x00000006f5080000, 0x00000007a0000000)
  object space 344576K, 99% used [0x00000006e0000000,0x00000006f5054980,0x00000006f5080000)
 Metaspace       used 145319K, committed 146688K, reserved 983040K
  class space    used 19465K, committed 20160K, reserved 851968K
GC Heap History (20 events):
Event: 6,522 GC heap after
{Heap after GC invocations=14 (full 3):
 PSYoungGen      total 359936K, used 3854K [0x00000007a0000000, 0x00000007b8300000, 0x0000000800000000)
  eden space 328704K, 0% used [0x00000007a0000000,0x00000007a0000000,0x00000007b4100000)
  from space 31232K, 12% used [0x00000007b4100000,0x00000007b44c3850,0x00000007b5f80000)
  to   space 32256K, 0% used [0x00000007b6380000,0x00000007b6380000,0x00000007b8300000)
 ParOldGen       total 147456K, used 106217K [0x00000006e0000000, 0x00000006e9000000, 0x00000007a0000000)
  object space 147456K, 72% used [0x00000006e0000000,0x00000006e67ba448,0x00000006e9000000)
 Metaspace       used 98815K, committed 99648K, reserved 983040K
  class space    used 13636K, committed 14080K, reserved 851968K
}
Event: 6,522 GC heap before
{Heap before GC invocations=15 (full 4):
 PSYoungGen      total 359936K, used 3854K [0x00000007a0000000, 0x00000007b8300000, 0x0000000800000000)
  eden space 328704K, 0% used [0x00000007a0000000,0x00000007a0000000,0x00000007b4100000)
  from space 31232K, 12% used [0x00000007b4100000,0x00000007b44c3850,0x00000007b5f80000)
  to   space 32256K, 0% used [0x00000007b6380000,0x00000007b6380000,0x00000007b8300000)
 ParOldGen       total 147456K, used 106217K [0x00000006e0000000, 0x00000006e9000000, 0x00000007a0000000)
  object space 147456K, 72% used [0x00000006e0000000,0x00000006e67ba448,0x00000006e9000000)
 Metaspace       used 98815K, committed 99648K, reserved 983040K
  class space    used 13636K, committed 14080K, reserved 851968K
}
Event: 6,571 GC heap after
{Heap after GC invocations=15 (full 4):
 PSYoungGen      total 359936K, used 0K [0x00000007a0000000, 0x00000007b8300000, 0x0000000800000000)
  eden space 328704K, 0% used [0x00000007a0000000,0x00000007a0000000,0x00000007b4100000)
  from space 31232K, 0% used [0x00000007b4100000,0x00000007b4100000,0x00000007b5f80000)
  to   space 32256K, 0% used [0x00000007b6380000,0x00000007b6380000,0x00000007b8300000)
 ParOldGen       total 147456K, used 105428K [0x00000006e0000000, 0x00000006e9000000, 0x00000007a0000000)
  object space 147456K, 71% used [0x00000006e0000000,0x00000006e66f50d0,0x00000006e9000000)
 Metaspace       used 98815K, committed 99648K, reserved 983040K
  class space    used 13636K, committed 14080K, reserved 851968K
}
Event: 7,644 GC heap before
{Heap before GC invocations=16 (full 4):
 PSYoungGen      total 359936K, used 328704K [0x00000007a0000000, 0x00000007b8300000, 0x0000000800000000)
  eden space 328704K, 100% used [0x00000007a0000000,0x00000007b4100000,0x00000007b4100000)
  from space 31232K, 0% used [0x00000007b4100000,0x00000007b4100000,0x00000007b5f80000)
  to   space 32256K, 0% used [0x00000007b6380000,0x00000007b6380000,0x00000007b8300000)
 ParOldGen       total 147456K, used 105428K [0x00000006e0000000, 0x00000006e9000000, 0x00000007a0000000)
  object space 147456K, 71% used [0x00000006e0000000,0x00000006e66f50d0,0x00000006e9000000)
 Metaspace       used 108158K, committed 109056K, reserved 983040K
  class space    used 14855K, committed 15296K, reserved 851968K
}
Event: 7,661 GC heap after
{Heap after GC invocations=16 (full 4):
 PSYoungGen      total 354304K, used 32228K [0x00000007a0000000, 0x00000007c5400000, 0x0000000800000000)
  eden space 322048K, 0% used [0x00000007a0000000,0x00000007a0000000,0x00000007b3a80000)
  from space 32256K, 99% used [0x00000007b6380000,0x00000007b82f9188,0x00000007b8300000)
  to   space 41984K, 0% used [0x00000007b3a80000,0x00000007b3a80000,0x00000007b6380000)
 ParOldGen       total 147456K, used 119876K [0x00000006e0000000, 0x00000006e9000000, 0x00000007a0000000)
  object space 147456K, 81% used [0x00000006e0000000,0x00000006e7511100,0x00000006e9000000)
 Metaspace       used 108158K, committed 109056K, reserved 983040K
  class space    used 14855K, committed 15296K, reserved 851968K
}
Event: 8,171 GC heap before
{Heap before GC invocations=17 (full 4):
 PSYoungGen      total 354304K, used 354276K [0x00000007a0000000, 0x00000007c5400000, 0x0000000800000000)
  eden space 322048K, 100% used [0x00000007a0000000,0x00000007b3a80000,0x00000007b3a80000)
  from space 32256K, 99% used [0x00000007b6380000,0x00000007b82f9188,0x00000007b8300000)
  to   space 41984K, 0% used [0x00000007b3a80000,0x00000007b3a80000,0x00000007b6380000)
 ParOldGen       total 147456K, used 119876K [0x00000006e0000000, 0x00000006e9000000, 0x00000007a0000000)
  object space 147456K, 81% used [0x00000006e0000000,0x00000006e7511100,0x00000006e9000000)
 Metaspace       used 108165K, committed 109120K, reserved 983040K
  class space    used 14855K, committed 15296K, reserved 851968K
}
Event: 8,182 GC heap after
{Heap after GC invocations=17 (full 4):
 PSYoungGen      total 364032K, used 7712K [0x00000007a0000000, 0x00000007c4880000, 0x0000000800000000)
  eden space 322048K, 0% used [0x00000007a0000000,0x00000007a0000000,0x00000007b3a80000)
  from space 41984K, 18% used [0x00000007b3a80000,0x00000007b4208040,0x00000007b6380000)
  to   space 41472K, 0% used [0x00000007c2000000,0x00000007c2000000,0x00000007c4880000)
 ParOldGen       total 150016K, used 149777K [0x00000006e0000000, 0x00000006e9280000, 0x00000007a0000000)
  object space 150016K, 99% used [0x00000006e0000000,0x00000006e92447a8,0x00000006e9280000)
 Metaspace       used 108165K, committed 109120K, reserved 983040K
  class space    used 14855K, committed 15296K, reserved 851968K
}
Event: 8,182 GC heap before
{Heap before GC invocations=18 (full 5):
 PSYoungGen      total 364032K, used 7712K [0x00000007a0000000, 0x00000007c4880000, 0x0000000800000000)
  eden space 322048K, 0% used [0x00000007a0000000,0x00000007a0000000,0x00000007b3a80000)
  from space 41984K, 18% used [0x00000007b3a80000,0x00000007b4208040,0x00000007b6380000)
  to   space 41472K, 0% used [0x00000007c2000000,0x00000007c2000000,0x00000007c4880000)
 ParOldGen       total 150016K, used 149777K [0x00000006e0000000, 0x00000006e9280000, 0x00000007a0000000)
  object space 150016K, 99% used [0x00000006e0000000,0x00000006e92447a8,0x00000006e9280000)
 Metaspace       used 108165K, committed 109120K, reserved 983040K
  class space    used 14855K, committed 15296K, reserved 851968K
}
Event: 8,256 GC heap after
{Heap after GC invocations=18 (full 5):
 PSYoungGen      total 364032K, used 4481K [0x00000007a0000000, 0x00000007c2080000, 0x0000000800000000)
  eden space 322048K, 0% used [0x00000007a0000000,0x00000007a0000000,0x00000007b3a80000)
  from space 41984K, 10% used [0x00000007b3a80000,0x00000007b3ee0718,0x00000007b6380000)
  to   space 41472K, 0% used [0x00000007bf800000,0x00000007bf800000,0x00000007c2080000)
 ParOldGen       total 274944K, used 149791K [0x00000006e0000000, 0x00000006f0c80000, 0x00000007a0000000)
  object space 274944K, 54% used [0x00000006e0000000,0x00000006e9247d40,0x00000006f0c80000)
 Metaspace       used 108165K, committed 109120K, reserved 983040K
  class space    used 14855K, committed 15296K, reserved 851968K
}
Event: 8,797 GC heap before
{Heap before GC invocations=19 (full 5):
 PSYoungGen      total 364032K, used 326529K [0x00000007a0000000, 0x00000007c2080000, 0x0000000800000000)
  eden space 322048K, 100% used [0x00000007a0000000,0x00000007b3a80000,0x00000007b3a80000)
  from space 41984K, 10% used [0x00000007b3a80000,0x00000007b3ee0718,0x00000007b6380000)
  to   space 41472K, 0% used [0x00000007bf800000,0x00000007bf800000,0x00000007c2080000)
 ParOldGen       total 274944K, used 149791K [0x00000006e0000000, 0x00000006f0c80000, 0x00000007a0000000)
  object space 274944K, 54% used [0x00000006e0000000,0x00000006e9247d40,0x00000006f0c80000)
 Metaspace       used 108165K, committed 109120K, reserved 983040K
  class space    used 14855K, committed 15296K, reserved 851968K
}
Event: 8,805 GC heap after
{Heap after GC invocations=19 (full 5):
 PSYoungGen      total 383488K, used 7744K [0x00000007a0000000, 0x00000007c0000000, 0x0000000800000000)
  eden space 375296K, 0% used [0x00000007a0000000,0x00000007a0000000,0x00000007b6e80000)
  from space 8192K, 94% used [0x00000007bf800000,0x00000007bff90000,0x00000007c0000000)
  to   space 40960K, 0% used [0x00000007bb000000,0x00000007bb000000,0x00000007bd800000)
 ParOldGen       total 274944K, used 153623K [0x00000006e0000000, 0x00000006f0c80000, 0x00000007a0000000)
  object space 274944K, 55% used [0x00000006e0000000,0x00000006e9605d80,0x00000006f0c80000)
 Metaspace       used 108165K, committed 109120K, reserved 983040K
  class space    used 14855K, committed 15296K, reserved 851968K
}
Event: 9,858 GC heap before
{Heap before GC invocations=20 (full 5):
 PSYoungGen      total 383488K, used 383040K [0x00000007a0000000, 0x00000007c0000000, 0x0000000800000000)
  eden space 375296K, 100% used [0x00000007a0000000,0x00000007b6e80000,0x00000007b6e80000)
  from space 8192K, 94% used [0x00000007bf800000,0x00000007bff90000,0x00000007c0000000)
  to   space 40960K, 0% used [0x00000007bb000000,0x00000007bb000000,0x00000007bd800000)
 ParOldGen       total 274944K, used 153623K [0x00000006e0000000, 0x00000006f0c80000, 0x00000007a0000000)
  object space 274944K, 55% used [0x00000006e0000000,0x00000006e9605d80,0x00000006f0c80000)
 Metaspace       used 119647K, committed 120576K, reserved 983040K
  class space    used 16272K, committed 16704K, reserved 851968K
}
Event: 9,871 GC heap after
{Heap after GC invocations=20 (full 5):
 PSYoungGen      total 463872K, used 29347K [0x00000007a0000000, 0x00000007bfc00000, 0x0000000800000000)
  eden space 434176K, 0% used [0x00000007a0000000,0x00000007a0000000,0x00000007ba800000)
  from space 29696K, 98% used [0x00000007bb000000,0x00000007bcca8d90,0x00000007bcd00000)
  to   space 43008K, 0% used [0x00000007bd200000,0x00000007bd200000,0x00000007bfc00000)
 ParOldGen       total 274944K, used 153695K [0x00000006e0000000, 0x00000006f0c80000, 0x00000007a0000000)
  object space 274944K, 55% used [0x00000006e0000000,0x00000006e9617d90,0x00000006f0c80000)
 Metaspace       used 119647K, committed 120576K, reserved 983040K
  class space    used 16272K, committed 16704K, reserved 851968K
}
Event: 34,574 GC heap before
{Heap before GC invocations=21 (full 5):
 PSYoungGen      total 463872K, used 463523K [0x00000007a0000000, 0x00000007bfc00000, 0x0000000800000000)
  eden space 434176K, 100% used [0x00000007a0000000,0x00000007ba800000,0x00000007ba800000)
  from space 29696K, 98% used [0x00000007bb000000,0x00000007bcca8d90,0x00000007bcd00000)
  to   space 43008K, 0% used [0x00000007bd200000,0x00000007bd200000,0x00000007bfc00000)
 ParOldGen       total 274944K, used 153695K [0x00000006e0000000, 0x00000006f0c80000, 0x00000007a0000000)
  object space 274944K, 55% used [0x00000006e0000000,0x00000006e9617d90,0x00000006f0c80000)
 Metaspace       used 136273K, committed 137536K, reserved 983040K
  class space    used 18233K, committed 18880K, reserved 851968K
}
Event: 34,596 GC heap after
{Heap after GC invocations=21 (full 5):
 PSYoungGen      total 466432K, used 42978K [0x00000007a0000000, 0x00000007c4700000, 0x0000000800000000)
  eden space 423424K, 0% used [0x00000007a0000000,0x00000007a0000000,0x00000007b9d80000)
  from space 43008K, 99% used [0x00000007bd200000,0x00000007bfbf8be0,0x00000007bfc00000)
  to   space 53760K, 0% used [0x00000007b9d80000,0x00000007b9d80000,0x00000007bd200000)
 ParOldGen       total 274944K, used 164359K [0x00000006e0000000, 0x00000006f0c80000, 0x00000007a0000000)
  object space 274944K, 59% used [0x00000006e0000000,0x00000006ea081f10,0x00000006f0c80000)
 Metaspace       used 136273K, committed 137536K, reserved 983040K
  class space    used 18233K, committed 18880K, reserved 851968K
}
Event: 35,162 GC heap before
{Heap before GC invocations=22 (full 5):
 PSYoungGen      total 466432K, used 466402K [0x00000007a0000000, 0x00000007c4700000, 0x0000000800000000)
  eden space 423424K, 100% used [0x00000007a0000000,0x00000007b9d80000,0x00000007b9d80000)
  from space 43008K, 99% used [0x00000007bd200000,0x00000007bfbf8be0,0x00000007bfc00000)
  to   space 53760K, 0% used [0x00000007b9d80000,0x00000007b9d80000,0x00000007bd200000)
 ParOldGen       total 274944K, used 164359K [0x00000006e0000000, 0x00000006f0c80000, 0x00000007a0000000)
  object space 274944K, 59% used [0x00000006e0000000,0x00000006ea081f10,0x00000006f0c80000)
 Metaspace       used 139926K, committed 141312K, reserved 983040K
  class space    used 18750K, committed 19456K, reserved 851968K
}
Event: 35,197 GC heap after
{Heap after GC invocations=22 (full 5):
 PSYoungGen      total 477184K, used 48350K [0x00000007a0000000, 0x00000007c4d80000, 0x0000000800000000)
  eden space 423424K, 0% used [0x00000007a0000000,0x00000007a0000000,0x00000007b9d80000)
  from space 53760K, 89% used [0x00000007b9d80000,0x00000007bccb7b10,0x00000007bd200000)
  to   space 60416K, 0% used [0x00000007c1280000,0x00000007c1280000,0x00000007c4d80000)
 ParOldGen       total 274944K, used 187783K [0x00000006e0000000, 0x00000006f0c80000, 0x00000007a0000000)
  object space 274944K, 68% used [0x00000006e0000000,0x00000006eb761cf0,0x00000006f0c80000)
 Metaspace       used 139926K, committed 141312K, reserved 983040K
  class space    used 18750K, committed 19456K, reserved 851968K
}
Event: 35,664 GC heap before
{Heap before GC invocations=23 (full 5):
 PSYoungGen      total 477184K, used 471774K [0x00000007a0000000, 0x00000007c4d80000, 0x0000000800000000)
  eden space 423424K, 100% used [0x00000007a0000000,0x00000007b9d80000,0x00000007b9d80000)
  from space 53760K, 89% used [0x00000007b9d80000,0x00000007bccb7b10,0x00000007bd200000)
  to   space 60416K, 0% used [0x00000007c1280000,0x00000007c1280000,0x00000007c4d80000)
 ParOldGen       total 274944K, used 187783K [0x00000006e0000000, 0x00000006f0c80000, 0x00000007a0000000)
  object space 274944K, 68% used [0x00000006e0000000,0x00000006eb761cf0,0x00000006f0c80000)
 Metaspace       used 145319K, committed 146688K, reserved 983040K
  class space    used 19465K, committed 20160K, reserved 851968K
}
Event: 35,720 GC heap after
{Heap after GC invocations=23 (full 5):
 PSYoungGen      total 475648K, used 60407K [0x00000007a0000000, 0x00000007ceb00000, 0x0000000800000000)
  eden space 415232K, 0% used [0x00000007a0000000,0x00000007a0000000,0x00000007b9580000)
  from space 60416K, 99% used [0x00000007c1280000,0x00000007c4d7ddb8,0x00000007c4d80000)
  to   space 128000K, 0% used [0x00000007b9580000,0x00000007b9580000,0x00000007c1280000)
 ParOldGen       total 344576K, used 344402K [0x00000006e0000000, 0x00000006f5080000, 0x00000007a0000000)
  object space 344576K, 99% used [0x00000006e0000000,0x00000006f5054980,0x00000006f5080000)
 Metaspace       used 145319K, committed 146688K, reserved 983040K
  class space    used 19465K, committed 20160K, reserved 851968K
}
Event: 35,720 GC heap before
{Heap before GC invocations=24 (full 6):
 PSYoungGen      total 475648K, used 60407K [0x00000007a0000000, 0x00000007ceb00000, 0x0000000800000000)
  eden space 415232K, 0% used [0x00000007a0000000,0x00000007a0000000,0x00000007b9580000)
  from space 60416K, 99% used [0x00000007c1280000,0x00000007c4d7ddb8,0x00000007c4d80000)
  to   space 128000K, 0% used [0x00000007b9580000,0x00000007b9580000,0x00000007c1280000)
 ParOldGen       total 344576K, used 344402K [0x00000006e0000000, 0x00000006f5080000, 0x00000007a0000000)
  object space 344576K, 99% used [0x00000006e0000000,0x00000006f5054980,0x00000006f5080000)
 Metaspace       used 145319K, committed 146688K, reserved 983040K
  class space    used 19465K, committed 20160K, reserved 851968K
}

