# JRE version: OpenJDK Runtime Environment (17.0.9) (build 17.0.9+0-17.0.9b1087.7-11185874)
# Java VM: OpenJDK 64-Bit Server VM (17.0.9+0-17.0.9b1087.7-11185874, mixed mode, tiered, compressed oops, compressed class ptrs, parallel gc, linux-amd64)
GC Precious Log:
 CPUs: 16 total, 12 available
 Memory: 13817M
 Large Page Support: Disabled
 NUMA Support: Disabled
 Compressed Oops: Enabled (Zero based)
 Alignments: Space 512K, Generation 512K, Heap 2M
 Heap Min Capacity: 8M
 Heap Initial Capacity: 216M
 Heap Max Capacity: 4608M
 Pre-touch: Disabled
 Parallel Workers: 10
Heap:
 PSYoungGen      total 194048K, used 69402K [0x00000007a0000000, 0x00000007b3b00000, 0x0000000800000000)
  eden space 161792K, 35% used [0x00000007a0000000,0x00000007a3854668,0x00000007a9e00000)
  from space 32256K, 36% used [0x00000007a9e00000,0x00000007aa972580,0x00000007abd80000)
  to   space 31744K, 0% used [0x00000007b1c00000,0x00000007b1c00000,0x00000007b3b00000)
 ParOldGen       total 147456K, used 94283K [0x00000006e0000000, 0x00000006e9000000, 0x00000007a0000000)
  object space 147456K, 63% used [0x00000006e0000000,0x00000006e5c12c28,0x00000006e9000000)
 Metaspace       used 92217K, committed 93056K, reserved 983040K
  class space    used 12503K, committed 12928K, reserved 851968K
GC Heap History (20 events):
Event: 2,170 GC heap before
{Heap before GC invocations=5 (full 1):
 PSYoungGen      total 119808K, used 25983K [0x00000007a0000000, 0x00000007a7e00000, 0x0000000800000000)
  eden space 110592K, 15% used [0x00000007a0000000,0x00000007a10652f0,0x00000007a6c00000)
  from space 9216K, 99% used [0x00000007a6c00000,0x00000007a74faa20,0x00000007a7500000)
  to   space 9216K, 0% used [0x00000007a7500000,0x00000007a7500000,0x00000007a7e00000)
 ParOldGen       total 147456K, used 26141K [0x00000006e0000000, 0x00000006e9000000, 0x00000007a0000000)
  object space 147456K, 17% used [0x00000006e0000000,0x00000006e1987588,0x00000006e9000000)
 Metaspace       used 35475K, committed 35840K, reserved 917504K
  class space    used 4930K, committed 5120K, reserved 851968K
}
Event: 2,173 GC heap after
{Heap after GC invocations=5 (full 1):
 PSYoungGen      total 119808K, used 9197K [0x00000007a0000000, 0x00000007a7e00000, 0x0000000800000000)
  eden space 110592K, 0% used [0x00000007a0000000,0x00000007a0000000,0x00000007a6c00000)
  from space 9216K, 99% used [0x00000007a7500000,0x00000007a7dfb500,0x00000007a7e00000)
  to   space 9216K, 0% used [0x00000007a6c00000,0x00000007a6c00000,0x00000007a7500000)
 ParOldGen       total 147456K, used 26769K [0x00000006e0000000, 0x00000006e9000000, 0x00000007a0000000)
  object space 147456K, 18% used [0x00000006e0000000,0x00000006e1a24780,0x00000006e9000000)
 Metaspace       used 35475K, committed 35840K, reserved 917504K
  class space    used 4930K, committed 5120K, reserved 851968K
}
Event: 2,173 GC heap before
{Heap before GC invocations=6 (full 2):
 PSYoungGen      total 119808K, used 9197K [0x00000007a0000000, 0x00000007a7e00000, 0x0000000800000000)
  eden space 110592K, 0% used [0x00000007a0000000,0x00000007a0000000,0x00000007a6c00000)
  from space 9216K, 99% used [0x00000007a7500000,0x00000007a7dfb500,0x00000007a7e00000)
  to   space 9216K, 0% used [0x00000007a6c00000,0x00000007a6c00000,0x00000007a7500000)
 ParOldGen       total 147456K, used 26769K [0x00000006e0000000, 0x00000006e9000000, 0x00000007a0000000)
  object space 147456K, 18% used [0x00000006e0000000,0x00000006e1a24780,0x00000006e9000000)
 Metaspace       used 35475K, committed 35840K, reserved 917504K
  class space    used 4930K, committed 5120K, reserved 851968K
}
Event: 2,191 GC heap after
{Heap after GC invocations=6 (full 2):
 PSYoungGen      total 119808K, used 0K [0x00000007a0000000, 0x00000007a7e00000, 0x0000000800000000)
  eden space 110592K, 0% used [0x00000007a0000000,0x00000007a0000000,0x00000007a6c00000)
  from space 9216K, 0% used [0x00000007a7500000,0x00000007a7500000,0x00000007a7e00000)
  to   space 9216K, 0% used [0x00000007a6c00000,0x00000007a6c00000,0x00000007a7500000)
 ParOldGen       total 147456K, used 35597K [0x00000006e0000000, 0x00000006e9000000, 0x00000007a0000000)
  object space 147456K, 24% used [0x00000006e0000000,0x00000006e22c36b0,0x00000006e9000000)
 Metaspace       used 35475K, committed 35840K, reserved 917504K
  class space    used 4930K, committed 5120K, reserved 851968K
}
Event: 3,096 GC heap before
{Heap before GC invocations=7 (full 2):
 PSYoungGen      total 119808K, used 108897K [0x00000007a0000000, 0x00000007a7e00000, 0x0000000800000000)
  eden space 110592K, 98% used [0x00000007a0000000,0x00000007a6a58588,0x00000007a6c00000)
  from space 9216K, 0% used [0x00000007a7500000,0x00000007a7500000,0x00000007a7e00000)
  to   space 9216K, 0% used [0x00000007a6c00000,0x00000007a6c00000,0x00000007a7500000)
 ParOldGen       total 147456K, used 35597K [0x00000006e0000000, 0x00000006e9000000, 0x00000007a0000000)
  object space 147456K, 24% used [0x00000006e0000000,0x00000006e22c36b0,0x00000006e9000000)
 Metaspace       used 48285K, committed 48768K, reserved 917504K
  class space    used 6483K, committed 6720K, reserved 851968K
}
Event: 3,101 GC heap after
{Heap after GC invocations=7 (full 2):
 PSYoungGen      total 116224K, used 9215K [0x00000007a0000000, 0x00000007a8f80000, 0x0000000800000000)
  eden space 107008K, 0% used [0x00000007a0000000,0x00000007a0000000,0x00000007a6880000)
  from space 9216K, 99% used [0x00000007a6c00000,0x00000007a74ffe70,0x00000007a7500000)
  to   space 19968K, 0% used [0x00000007a7c00000,0x00000007a7c00000,0x00000007a8f80000)
 ParOldGen       total 147456K, used 36101K [0x00000006e0000000, 0x00000006e9000000, 0x00000007a0000000)
  object space 147456K, 24% used [0x00000006e0000000,0x00000006e2341708,0x00000006e9000000)
 Metaspace       used 48285K, committed 48768K, reserved 917504K
  class space    used 6483K, committed 6720K, reserved 851968K
}
Event: 4,135 GC heap before
{Heap before GC invocations=8 (full 2):
 PSYoungGen      total 116224K, used 116223K [0x00000007a0000000, 0x00000007a8f80000, 0x0000000800000000)
  eden space 107008K, 100% used [0x00000007a0000000,0x00000007a6880000,0x00000007a6880000)
  from space 9216K, 99% used [0x00000007a6c00000,0x00000007a74ffe70,0x00000007a7500000)
  to   space 19968K, 0% used [0x00000007a7c00000,0x00000007a7c00000,0x00000007a8f80000)
 ParOldGen       total 147456K, used 36101K [0x00000006e0000000, 0x00000006e9000000, 0x00000007a0000000)
  object space 147456K, 24% used [0x00000006e0000000,0x00000006e2341708,0x00000006e9000000)
 Metaspace       used 58294K, committed 58944K, reserved 917504K
  class space    used 8001K, committed 8320K, reserved 851968K
}
Event: 4,146 GC heap after
{Heap after GC invocations=8 (full 2):
 PSYoungGen      total 123904K, used 19903K [0x00000007a0000000, 0x00000007a9180000, 0x0000000800000000)
  eden space 103936K, 0% used [0x00000007a0000000,0x00000007a0000000,0x00000007a6580000)
  from space 19968K, 99% used [0x00000007a7c00000,0x00000007a8f6ffa0,0x00000007a8f80000)
  to   space 22528K, 0% used [0x00000007a6580000,0x00000007a6580000,0x00000007a7b80000)
 ParOldGen       total 147456K, used 36109K [0x00000006e0000000, 0x00000006e9000000, 0x00000007a0000000)
  object space 147456K, 24% used [0x00000006e0000000,0x00000006e2343708,0x00000006e9000000)
 Metaspace       used 58294K, committed 58944K, reserved 917504K
  class space    used 8001K, committed 8320K, reserved 851968K
}
Event: 4,290 GC heap before
{Heap before GC invocations=9 (full 2):
 PSYoungGen      total 123904K, used 33895K [0x00000007a0000000, 0x00000007a9180000, 0x0000000800000000)
  eden space 103936K, 13% used [0x00000007a0000000,0x00000007a0da9dc0,0x00000007a6580000)
  from space 19968K, 99% used [0x00000007a7c00000,0x00000007a8f6ffa0,0x00000007a8f80000)
  to   space 22528K, 0% used [0x00000007a6580000,0x00000007a6580000,0x00000007a7b80000)
 ParOldGen       total 147456K, used 36109K [0x00000006e0000000, 0x00000006e9000000, 0x00000007a0000000)
  object space 147456K, 24% used [0x00000006e0000000,0x00000006e2343708,0x00000006e9000000)
 Metaspace       used 59193K, committed 59776K, reserved 917504K
  class space    used 8135K, committed 8448K, reserved 851968K
}
Event: 4,297 GC heap after
{Heap after GC invocations=9 (full 2):
 PSYoungGen      total 126464K, used 21020K [0x00000007a0000000, 0x00000007a9680000, 0x0000000800000000)
  eden space 103936K, 0% used [0x00000007a0000000,0x00000007a0000000,0x00000007a6580000)
  from space 22528K, 93% used [0x00000007a6580000,0x00000007a7a07318,0x00000007a7b80000)
  to   space 25088K, 0% used [0x00000007a7e00000,0x00000007a7e00000,0x00000007a9680000)
 ParOldGen       total 147456K, used 36117K [0x00000006e0000000, 0x00000006e9000000, 0x00000007a0000000)
  object space 147456K, 24% used [0x00000006e0000000,0x00000006e2345708,0x00000006e9000000)
 Metaspace       used 59193K, committed 59776K, reserved 917504K
  class space    used 8135K, committed 8448K, reserved 851968K
}
Event: 4,297 GC heap before
{Heap before GC invocations=10 (full 3):
 PSYoungGen      total 126464K, used 21020K [0x00000007a0000000, 0x00000007a9680000, 0x0000000800000000)
  eden space 103936K, 0% used [0x00000007a0000000,0x00000007a0000000,0x00000007a6580000)
  from space 22528K, 93% used [0x00000007a6580000,0x00000007a7a07318,0x00000007a7b80000)
  to   space 25088K, 0% used [0x00000007a7e00000,0x00000007a7e00000,0x00000007a9680000)
 ParOldGen       total 147456K, used 36117K [0x00000006e0000000, 0x00000006e9000000, 0x00000007a0000000)
  object space 147456K, 24% used [0x00000006e0000000,0x00000006e2345708,0x00000006e9000000)
 Metaspace       used 59193K, committed 59776K, reserved 917504K
  class space    used 8135K, committed 8448K, reserved 851968K
}
Event: 4,343 GC heap after
{Heap after GC invocations=10 (full 3):
 PSYoungGen      total 126464K, used 0K [0x00000007a0000000, 0x00000007a9680000, 0x0000000800000000)
  eden space 103936K, 0% used [0x00000007a0000000,0x00000007a0000000,0x00000007a6580000)
  from space 22528K, 0% used [0x00000007a6580000,0x00000007a6580000,0x00000007a7b80000)
  to   space 25088K, 0% used [0x00000007a7e00000,0x00000007a7e00000,0x00000007a9680000)
 ParOldGen       total 147456K, used 56093K [0x00000006e0000000, 0x00000006e9000000, 0x00000007a0000000)
  object space 147456K, 38% used [0x00000006e0000000,0x00000006e36c7710,0x00000006e9000000)
 Metaspace       used 59193K, committed 59776K, reserved 917504K
  class space    used 8135K, committed 8448K, reserved 851968K
}
Event: 5,571 GC heap before
{Heap before GC invocations=11 (full 3):
 PSYoungGen      total 126464K, used 103936K [0x00000007a0000000, 0x00000007a9680000, 0x0000000800000000)
  eden space 103936K, 100% used [0x00000007a0000000,0x00000007a6580000,0x00000007a6580000)
  from space 22528K, 0% used [0x00000007a6580000,0x00000007a6580000,0x00000007a7b80000)
  to   space 25088K, 0% used [0x00000007a7e00000,0x00000007a7e00000,0x00000007a9680000)
 ParOldGen       total 147456K, used 56093K [0x00000006e0000000, 0x00000006e9000000, 0x00000007a0000000)
  object space 147456K, 38% used [0x00000006e0000000,0x00000006e36c7710,0x00000006e9000000)
 Metaspace       used 63913K, committed 64576K, reserved 917504K
  class space    used 8757K, committed 9088K, reserved 851968K
}
Event: 5,578 GC heap after
{Heap after GC invocations=11 (full 3):
 PSYoungGen      total 125952K, used 25044K [0x00000007a0000000, 0x00000007b0200000, 0x0000000800000000)
  eden space 100864K, 0% used [0x00000007a0000000,0x00000007a0000000,0x00000007a6280000)
  from space 25088K, 99% used [0x00000007a7e00000,0x00000007a96751e0,0x00000007a9680000)
  to   space 28160K, 0% used [0x00000007a6280000,0x00000007a6280000,0x00000007a7e00000)
 ParOldGen       total 147456K, used 56101K [0x00000006e0000000, 0x00000006e9000000, 0x00000007a0000000)
  object space 147456K, 38% used [0x00000006e0000000,0x00000006e36c9710,0x00000006e9000000)
 Metaspace       used 63913K, committed 64576K, reserved 917504K
  class space    used 8757K, committed 9088K, reserved 851968K
}
Event: 6,562 GC heap before
{Heap before GC invocations=12 (full 3):
 PSYoungGen      total 125952K, used 125908K [0x00000007a0000000, 0x00000007b0200000, 0x0000000800000000)
  eden space 100864K, 100% used [0x00000007a0000000,0x00000007a6280000,0x00000007a6280000)
  from space 25088K, 99% used [0x00000007a7e00000,0x00000007a96751e0,0x00000007a9680000)
  to   space 28160K, 0% used [0x00000007a6280000,0x00000007a6280000,0x00000007a7e00000)
 ParOldGen       total 147456K, used 56101K [0x00000006e0000000, 0x00000006e9000000, 0x00000007a0000000)
  object space 147456K, 38% used [0x00000006e0000000,0x00000006e36c9710,0x00000006e9000000)
 Metaspace       used 73155K, committed 73856K, reserved 917504K
  class space    used 9906K, committed 10240K, reserved 851968K
}
Event: 6,569 GC heap after
{Heap after GC invocations=12 (full 3):
 PSYoungGen      total 129024K, used 28143K [0x00000007a0000000, 0x00000007ade00000, 0x0000000800000000)
  eden space 100864K, 0% used [0x00000007a0000000,0x00000007a0000000,0x00000007a6280000)
  from space 28160K, 99% used [0x00000007a6280000,0x00000007a7dfbcb8,0x00000007a7e00000)
  to   space 32768K, 0% used [0x00000007abe00000,0x00000007abe00000,0x00000007ade00000)
 ParOldGen       total 147456K, used 58492K [0x00000006e0000000, 0x00000006e9000000, 0x00000007a0000000)
  object space 147456K, 39% used [0x00000006e0000000,0x00000006e391f0c0,0x00000006e9000000)
 Metaspace       used 73155K, committed 73856K, reserved 917504K
  class space    used 9906K, committed 10240K, reserved 851968K
}
Event: 7,772 GC heap before
{Heap before GC invocations=13 (full 3):
 PSYoungGen      total 129024K, used 129007K [0x00000007a0000000, 0x00000007ade00000, 0x0000000800000000)
  eden space 100864K, 100% used [0x00000007a0000000,0x00000007a6280000,0x00000007a6280000)
  from space 28160K, 99% used [0x00000007a6280000,0x00000007a7dfbcb8,0x00000007a7e00000)
  to   space 32768K, 0% used [0x00000007abe00000,0x00000007abe00000,0x00000007ade00000)
 ParOldGen       total 147456K, used 58492K [0x00000006e0000000, 0x00000006e9000000, 0x00000007a0000000)
  object space 147456K, 39% used [0x00000006e0000000,0x00000006e391f0c0,0x00000006e9000000)
 Metaspace       used 82119K, committed 82880K, reserved 983040K
  class space    used 11121K, committed 11520K, reserved 851968K
}
Event: 7,786 GC heap after
{Heap after GC invocations=13 (full 3):
 PSYoungGen      total 193536K, used 11721K [0x00000007a0000000, 0x00000007add00000, 0x0000000800000000)
  eden space 161792K, 0% used [0x00000007a0000000,0x00000007a0000000,0x00000007a9e00000)
  from space 31744K, 36% used [0x00000007abe00000,0x00000007ac9724a8,0x00000007add00000)
  to   space 32256K, 0% used [0x00000007a9e00000,0x00000007a9e00000,0x00000007abd80000)
 ParOldGen       total 147456K, used 82785K [0x00000006e0000000, 0x00000006e9000000, 0x00000007a0000000)
  object space 147456K, 56% used [0x00000006e0000000,0x00000006e50d8508,0x00000006e9000000)
 Metaspace       used 82119K, committed 82880K, reserved 983040K
  class space    used 11121K, committed 11520K, reserved 851968K
}
Event: 8,651 GC heap before
{Heap before GC invocations=14 (full 3):
 PSYoungGen      total 193536K, used 173513K [0x00000007a0000000, 0x00000007add00000, 0x0000000800000000)
  eden space 161792K, 100% used [0x00000007a0000000,0x00000007a9e00000,0x00000007a9e00000)
  from space 31744K, 36% used [0x00000007abe00000,0x00000007ac9724a8,0x00000007add00000)
  to   space 32256K, 0% used [0x00000007a9e00000,0x00000007a9e00000,0x00000007abd80000)
 ParOldGen       total 147456K, used 82785K [0x00000006e0000000, 0x00000006e9000000, 0x00000007a0000000)
  object space 147456K, 56% used [0x00000006e0000000,0x00000006e50d8508,0x00000006e9000000)
 Metaspace       used 88529K, committed 89408K, reserved 983040K
  class space    used 11996K, committed 12416K, reserved 851968K
}
Event: 8,659 GC heap after
{Heap after GC invocations=14 (full 3):
 PSYoungGen      total 194048K, used 11721K [0x00000007a0000000, 0x00000007b3b00000, 0x0000000800000000)
  eden space 161792K, 0% used [0x00000007a0000000,0x00000007a0000000,0x00000007a9e00000)
  from space 32256K, 36% used [0x00000007a9e00000,0x00000007aa972580,0x00000007abd80000)
  to   space 31744K, 0% used [0x00000007b1c00000,0x00000007b1c00000,0x00000007b3b00000)
 ParOldGen       total 147456K, used 94283K [0x00000006e0000000, 0x00000006e9000000, 0x00000007a0000000)
  object space 147456K, 63% used [0x00000006e0000000,0x00000006e5c12c28,0x00000006e9000000)
 Metaspace       used 88529K, committed 89408K, reserved 983040K
  class space    used 11996K, committed 12416K, reserved 851968K
}

