# JRE version: OpenJDK Runtime Environment (17.0.9) (build 17.0.9+0-17.0.9b1087.7-11185874)
# Java VM: OpenJDK 64-Bit Server VM (17.0.9+0-17.0.9b1087.7-11185874, mixed mode, tiered, compressed oops, compressed class ptrs, parallel gc, linux-amd64)
GC Precious Log:
 CPUs: 16 total, 12 available
 Memory: 13817M
 Large Page Support: Disabled
 NUMA Support: Disabled
 Compressed Oops: Enabled (Zero based)
 Alignments: Space 512K, Generation 512K, Heap 2M
 Heap Min Capacity: 8M
 Heap Initial Capacity: 216M
 Heap Max Capacity: 4608M
 Pre-touch: Disabled
 Parallel Workers: 10
Heap:
 PSYoungGen      total 116224K, used 44242K [0x00000007a0000000, 0x00000007a9d80000, 0x0000000800000000)
  eden space 107008K, 32% used [0x00000007a0000000,0x00000007a2235ab0,0x00000007a6880000)
  from space 9216K, 99% used [0x00000007a6c00000,0x00000007a74ff078,0x00000007a7500000)
  to   space 27136K, 58% used [0x00000007a8300000,0x00000007a927f358,0x00000007a9d80000)
 ParOldGen       total 410112K, used 305741K [0x00000006e0000000, 0x00000006f9080000, 0x00000007a0000000)
  object space 410112K, 74% used [0x00000006e0000000,0x00000006f2a937d8,0x00000006f9080000)
 Metaspace       used 59225K, committed 59776K, reserved 917504K
  class space    used 7898K, committed 8128K, reserved 851968K
GC Heap History (15 events):
Event: 0,406 GC heap before
{Heap before GC invocations=1 (full 0):
 PSYoungGen      total 64512K, used 55296K [0x00000007a0000000, 0x00000007a4800000, 0x0000000800000000)
  eden space 55296K, 100% used [0x00000007a0000000,0x00000007a3600000,0x00000007a3600000)
  from space 9216K, 0% used [0x00000007a3f00000,0x00000007a3f00000,0x00000007a4800000)
  to   space 9216K, 0% used [0x00000007a3600000,0x00000007a3600000,0x00000007a3f00000)
 ParOldGen       total 147456K, used 0K [0x00000006e0000000, 0x00000006e9000000, 0x00000007a0000000)
  object space 147456K, 0% used [0x00000006e0000000,0x00000006e0000000,0x00000006e9000000)
 Metaspace       used 11498K, committed 11648K, reserved 917504K
  class space    used 1207K, committed 1280K, reserved 851968K
}
Event: 0,411 GC heap after
{Heap after GC invocations=1 (full 0):
 PSYoungGen      total 64512K, used 9211K [0x00000007a0000000, 0x00000007a7e00000, 0x0000000800000000)
  eden space 55296K, 0% used [0x00000007a0000000,0x00000007a0000000,0x00000007a3600000)
  from space 9216K, 99% used [0x00000007a3600000,0x00000007a3efecd0,0x00000007a3f00000)
  to   space 9216K, 0% used [0x00000007a7500000,0x00000007a7500000,0x00000007a7e00000)
 ParOldGen       total 147456K, used 4689K [0x00000006e0000000, 0x00000006e9000000, 0x00000007a0000000)
  object space 147456K, 3% used [0x00000006e0000000,0x00000006e04945c0,0x00000006e9000000)
 Metaspace       used 11498K, committed 11648K, reserved 917504K
  class space    used 1207K, committed 1280K, reserved 851968K
}
Event: 0,747 GC heap before
{Heap before GC invocations=2 (full 0):
 PSYoungGen      total 64512K, used 47290K [0x00000007a0000000, 0x00000007a7e00000, 0x0000000800000000)
  eden space 55296K, 68% used [0x00000007a0000000,0x00000007a252fe28,0x00000007a3600000)
  from space 9216K, 99% used [0x00000007a3600000,0x00000007a3efecd0,0x00000007a3f00000)
  to   space 9216K, 0% used [0x00000007a7500000,0x00000007a7500000,0x00000007a7e00000)
 ParOldGen       total 147456K, used 4689K [0x00000006e0000000, 0x00000006e9000000, 0x00000007a0000000)
  object space 147456K, 3% used [0x00000006e0000000,0x00000006e04945c0,0x00000006e9000000)
 Metaspace       used 21319K, committed 21504K, reserved 917504K
  class space    used 2538K, committed 2624K, reserved 851968K
}
Event: 0,752 GC heap after
{Heap after GC invocations=2 (full 0):
 PSYoungGen      total 119808K, used 9197K [0x00000007a0000000, 0x00000007a7e00000, 0x0000000800000000)
  eden space 110592K, 0% used [0x00000007a0000000,0x00000007a0000000,0x00000007a6c00000)
  from space 9216K, 99% used [0x00000007a7500000,0x00000007a7dfb7b0,0x00000007a7e00000)
  to   space 9216K, 0% used [0x00000007a6c00000,0x00000007a6c00000,0x00000007a7500000)
 ParOldGen       total 147456K, used 7970K [0x00000006e0000000, 0x00000006e9000000, 0x00000007a0000000)
  object space 147456K, 5% used [0x00000006e0000000,0x00000006e07c8a98,0x00000006e9000000)
 Metaspace       used 21319K, committed 21504K, reserved 917504K
  class space    used 2538K, committed 2624K, reserved 851968K
}
Event: 0,752 GC heap before
{Heap before GC invocations=3 (full 1):
 PSYoungGen      total 119808K, used 9197K [0x00000007a0000000, 0x00000007a7e00000, 0x0000000800000000)
  eden space 110592K, 0% used [0x00000007a0000000,0x00000007a0000000,0x00000007a6c00000)
  from space 9216K, 99% used [0x00000007a7500000,0x00000007a7dfb7b0,0x00000007a7e00000)
  to   space 9216K, 0% used [0x00000007a6c00000,0x00000007a6c00000,0x00000007a7500000)
 ParOldGen       total 147456K, used 7970K [0x00000006e0000000, 0x00000006e9000000, 0x00000007a0000000)
  object space 147456K, 5% used [0x00000006e0000000,0x00000006e07c8a98,0x00000006e9000000)
 Metaspace       used 21319K, committed 21504K, reserved 917504K
  class space    used 2538K, committed 2624K, reserved 851968K
}
Event: 0,760 GC heap after
{Heap after GC invocations=3 (full 1):
 PSYoungGen      total 119808K, used 0K [0x00000007a0000000, 0x00000007a7e00000, 0x0000000800000000)
  eden space 110592K, 0% used [0x00000007a0000000,0x00000007a0000000,0x00000007a6c00000)
  from space 9216K, 0% used [0x00000007a7500000,0x00000007a7500000,0x00000007a7e00000)
  to   space 9216K, 0% used [0x00000007a6c00000,0x00000007a6c00000,0x00000007a7500000)
 ParOldGen       total 147456K, used 16887K [0x00000006e0000000, 0x00000006e9000000, 0x00000007a0000000)
  object space 147456K, 11% used [0x00000006e0000000,0x00000006e107de80,0x00000006e9000000)
 Metaspace       used 21319K, committed 21504K, reserved 917504K
  class space    used 2538K, committed 2624K, reserved 851968K
}
Event: 1,455 GC heap before
{Heap before GC invocations=4 (full 1):
 PSYoungGen      total 119808K, used 96007K [0x00000007a0000000, 0x00000007a7e00000, 0x0000000800000000)
  eden space 110592K, 86% used [0x00000007a0000000,0x00000007a5dc1e28,0x00000007a6c00000)
  from space 9216K, 0% used [0x00000007a7500000,0x00000007a7500000,0x00000007a7e00000)
  to   space 9216K, 0% used [0x00000007a6c00000,0x00000007a6c00000,0x00000007a7500000)
 ParOldGen       total 147456K, used 16887K [0x00000006e0000000, 0x00000006e9000000, 0x00000007a0000000)
  object space 147456K, 11% used [0x00000006e0000000,0x00000006e107de80,0x00000006e9000000)
 Metaspace       used 35528K, committed 35840K, reserved 917504K
  class space    used 4662K, committed 4800K, reserved 851968K
}
Event: 1,458 GC heap after
{Heap after GC invocations=4 (full 1):
 PSYoungGen      total 119808K, used 4785K [0x00000007a0000000, 0x00000007a7e00000, 0x0000000800000000)
  eden space 110592K, 0% used [0x00000007a0000000,0x00000007a0000000,0x00000007a6c00000)
  from space 9216K, 51% used [0x00000007a6c00000,0x00000007a70ac590,0x00000007a7500000)
  to   space 9216K, 0% used [0x00000007a7500000,0x00000007a7500000,0x00000007a7e00000)
 ParOldGen       total 147456K, used 16895K [0x00000006e0000000, 0x00000006e9000000, 0x00000007a0000000)
  object space 147456K, 11% used [0x00000006e0000000,0x00000006e107fe80,0x00000006e9000000)
 Metaspace       used 35528K, committed 35840K, reserved 917504K
  class space    used 4662K, committed 4800K, reserved 851968K
}
Event: 1,458 GC heap before
{Heap before GC invocations=5 (full 2):
 PSYoungGen      total 119808K, used 4785K [0x00000007a0000000, 0x00000007a7e00000, 0x0000000800000000)
  eden space 110592K, 0% used [0x00000007a0000000,0x00000007a0000000,0x00000007a6c00000)
  from space 9216K, 51% used [0x00000007a6c00000,0x00000007a70ac590,0x00000007a7500000)
  to   space 9216K, 0% used [0x00000007a7500000,0x00000007a7500000,0x00000007a7e00000)
 ParOldGen       total 147456K, used 16895K [0x00000006e0000000, 0x00000006e9000000, 0x00000007a0000000)
  object space 147456K, 11% used [0x00000006e0000000,0x00000006e107fe80,0x00000006e9000000)
 Metaspace       used 35528K, committed 35840K, reserved 917504K
  class space    used 4662K, committed 4800K, reserved 851968K
}
Event: 1,471 GC heap after
{Heap after GC invocations=5 (full 2):
 PSYoungGen      total 119808K, used 0K [0x00000007a0000000, 0x00000007a7e00000, 0x0000000800000000)
  eden space 110592K, 0% used [0x00000007a0000000,0x00000007a0000000,0x00000007a6c00000)
  from space 9216K, 0% used [0x00000007a6c00000,0x00000007a6c00000,0x00000007a7500000)
  to   space 9216K, 0% used [0x00000007a7500000,0x00000007a7500000,0x00000007a7e00000)
 ParOldGen       total 147456K, used 21189K [0x00000006e0000000, 0x00000006e9000000, 0x00000007a0000000)
  object space 147456K, 14% used [0x00000006e0000000,0x00000006e14b14f8,0x00000006e9000000)
 Metaspace       used 35528K, committed 35840K, reserved 917504K
  class space    used 4662K, committed 4800K, reserved 851968K
}
Event: 2,202 GC heap before
{Heap before GC invocations=6 (full 2):
 PSYoungGen      total 119808K, used 110403K [0x00000007a0000000, 0x00000007a7e00000, 0x0000000800000000)
  eden space 110592K, 99% used [0x00000007a0000000,0x00000007a6bd0f98,0x00000007a6c00000)
  from space 9216K, 0% used [0x00000007a6c00000,0x00000007a6c00000,0x00000007a7500000)
  to   space 9216K, 0% used [0x00000007a7500000,0x00000007a7500000,0x00000007a7e00000)
 ParOldGen       total 147456K, used 21189K [0x00000006e0000000, 0x00000006e9000000, 0x00000007a0000000)
  object space 147456K, 14% used [0x00000006e0000000,0x00000006e14b14f8,0x00000006e9000000)
 Metaspace       used 48951K, committed 49408K, reserved 917504K
  class space    used 6527K, committed 6720K, reserved 851968K
}
Event: 2,207 GC heap after
{Heap after GC invocations=6 (full 2):
 PSYoungGen      total 119808K, used 9199K [0x00000007a0000000, 0x00000007a7e00000, 0x0000000800000000)
  eden space 110592K, 0% used [0x00000007a0000000,0x00000007a0000000,0x00000007a6c00000)
  from space 9216K, 99% used [0x00000007a7500000,0x00000007a7dfbff8,0x00000007a7e00000)
  to   space 9216K, 0% used [0x00000007a6c00000,0x00000007a6c00000,0x00000007a7500000)
 ParOldGen       total 147456K, used 28628K [0x00000006e0000000, 0x00000006e9000000, 0x00000007a0000000)
  object space 147456K, 19% used [0x00000006e0000000,0x00000006e1bf5208,0x00000006e9000000)
 Metaspace       used 48951K, committed 49408K, reserved 917504K
  class space    used 6527K, committed 6720K, reserved 851968K
}
Event: 2,814 GC heap before
{Heap before GC invocations=7 (full 2):
 PSYoungGen      total 119808K, used 119791K [0x00000007a0000000, 0x00000007a7e00000, 0x0000000800000000)
  eden space 110592K, 100% used [0x00000007a0000000,0x00000007a6c00000,0x00000007a6c00000)
  from space 9216K, 99% used [0x00000007a7500000,0x00000007a7dfbff8,0x00000007a7e00000)
  to   space 9216K, 0% used [0x00000007a6c00000,0x00000007a6c00000,0x00000007a7500000)
 ParOldGen       total 147456K, used 28628K [0x00000006e0000000, 0x00000006e9000000, 0x00000007a0000000)
  object space 147456K, 19% used [0x00000006e0000000,0x00000006e1bf5208,0x00000006e9000000)
 Metaspace       used 56818K, committed 57280K, reserved 917504K
  class space    used 7551K, committed 7808K, reserved 851968K
}
Event: 2,821 GC heap after
{Heap after GC invocations=7 (full 2):
 PSYoungGen      total 116224K, used 9212K [0x00000007a0000000, 0x00000007a9d80000, 0x0000000800000000)
  eden space 107008K, 0% used [0x00000007a0000000,0x00000007a0000000,0x00000007a6880000)
  from space 9216K, 99% used [0x00000007a6c00000,0x00000007a74ff078,0x00000007a7500000)
  to   space 27136K, 0% used [0x00000007a8300000,0x00000007a8300000,0x00000007a9d80000)
 ParOldGen       total 147456K, used 43589K [0x00000006e0000000, 0x00000006e9000000, 0x00000007a0000000)
  object space 147456K, 29% used [0x00000006e0000000,0x00000006e2a91798,0x00000006e9000000)
 Metaspace       used 56818K, committed 57280K, reserved 917504K
  class space    used 7551K, committed 7808K, reserved 851968K
}
Event: 2,990 GC heap before
{Heap before GC invocations=8 (full 2):
 PSYoungGen      total 116224K, used 44242K [0x00000007a0000000, 0x00000007a9d80000, 0x0000000800000000)
  eden space 107008K, 32% used [0x00000007a0000000,0x00000007a2235ab0,0x00000007a6880000)
  from space 9216K, 99% used [0x00000007a6c00000,0x00000007a74ff078,0x00000007a7500000)
  to   space 27136K, 0% used [0x00000007a8300000,0x00000007a8300000,0x00000007a9d80000)
 ParOldGen       total 147456K, used 43589K [0x00000006e0000000, 0x00000006e9000000, 0x00000007a0000000)
  object space 147456K, 29% used [0x00000006e0000000,0x00000006e2a91798,0x00000006e9000000)
 Metaspace       used 59225K, committed 59776K, reserved 917504K
  class space    used 7898K, committed 8128K, reserved 851968K
}

