# JRE version: OpenJDK Runtime Environment (17.0.9) (build 17.0.9+0-17.0.9b1087.7-11185874)
# Java VM: OpenJDK 64-Bit Server VM (17.0.9+0-17.0.9b1087.7-11185874, mixed mode, tiered, compressed oops, compressed class ptrs, g1 gc, linux-amd64)
GC Precious Log:
 CPUs: 16 total, 12 available
 Memory: 13817M
 Large Page Support: Disabled
 NUMA Support: Disabled
 Compressed Oops: Enabled (Zero based)
 Heap Region Size: 4M
 Heap Min Capacity: 8M
 Heap Initial Capacity: 216M
 Heap Max Capacity: 4608M
 Pre-touch: Disabled
 Parallel Workers: 10
 Concurrent Workers: 3
 Concurrent Refinement Workers: 10
 Periodic GC: Disabled
Heap:
 garbage-first heap   total 102400K, used 72456K [0x00000006e0000000, 0x0000000800000000)
  region size 4096K, 13 young (53248K), 2 survivors (8192K)
 Metaspace       used 46258K, committed 46656K, reserved 1114112K
  class space    used 6260K, committed 6464K, reserved 1048576K
GC Heap History (17 events):
Event: 0,309 GC heap before
{Heap before GC invocations=0 (full 0):
 garbage-first heap   total 221184K, used 20480K [0x00000006e0000000, 0x0000000800000000)
  region size 4096K, 5 young (20480K), 0 survivors (0K)
 Metaspace       used 9806K, committed 9920K, reserved 1114112K
  class space    used 977K, committed 1024K, reserved 1048576K
}
Event: 0,311 GC heap after
{Heap after GC invocations=1 (full 0):
 garbage-first heap   total 221184K, used 9983K [0x00000006e0000000, 0x0000000800000000)
  region size 4096K, 1 young (4096K), 1 survivors (4096K)
 Metaspace       used 9806K, committed 9920K, reserved 1114112K
  class space    used 977K, committed 1024K, reserved 1048576K
}
Event: 0,421 GC heap before
{Heap before GC invocations=1 (full 0):
 garbage-first heap   total 221184K, used 30463K [0x00000006e0000000, 0x0000000800000000)
  region size 4096K, 6 young (24576K), 1 survivors (4096K)
 Metaspace       used 11422K, committed 11584K, reserved 1114112K
  class space    used 1206K, committed 1280K, reserved 1048576K
}
Event: 0,424 GC heap after
{Heap after GC invocations=2 (full 0):
 garbage-first heap   total 221184K, used 11230K [0x00000006e0000000, 0x0000000800000000)
  region size 4096K, 1 young (4096K), 1 survivors (4096K)
 Metaspace       used 11422K, committed 11584K, reserved 1114112K
  class space    used 1206K, committed 1280K, reserved 1048576K
}
Event: 0,827 GC heap before
{Heap before GC invocations=2 (full 0):
 garbage-first heap   total 221184K, used 56286K [0x00000006e0000000, 0x0000000800000000)
  region size 4096K, 13 young (53248K), 1 survivors (4096K)
 Metaspace       used 21326K, committed 21504K, reserved 1114112K
  class space    used 2542K, committed 2624K, reserved 1048576K
}
Event: 0,830 GC heap after
{Heap after GC invocations=3 (full 0):
 garbage-first heap   total 221184K, used 18264K [0x00000006e0000000, 0x0000000800000000)
  region size 4096K, 2 young (8192K), 2 survivors (8192K)
 Metaspace       used 21326K, committed 21504K, reserved 1114112K
  class space    used 2542K, committed 2624K, reserved 1048576K
}
Event: 1,188 GC heap before
{Heap before GC invocations=4 (full 0):
 garbage-first heap   total 81920K, used 55128K [0x00000006e0000000, 0x0000000800000000)
  region size 4096K, 12 young (49152K), 2 survivors (8192K)
 Metaspace       used 27211K, committed 27456K, reserved 1114112K
  class space    used 3586K, committed 3712K, reserved 1048576K
}
Event: 1,192 GC heap after
{Heap after GC invocations=5 (full 0):
 garbage-first heap   total 81920K, used 20521K [0x00000006e0000000, 0x0000000800000000)
  region size 4096K, 1 young (4096K), 1 survivors (4096K)
 Metaspace       used 27211K, committed 27456K, reserved 1114112K
  class space    used 3586K, committed 3712K, reserved 1048576K
}
Event: 1,224 GC heap before
{Heap before GC invocations=5 (full 0):
 garbage-first heap   total 81920K, used 24617K [0x00000006e0000000, 0x0000000800000000)
  region size 4096K, 2 young (8192K), 1 survivors (4096K)
 Metaspace       used 27670K, committed 27968K, reserved 1114112K
  class space    used 3668K, committed 3840K, reserved 1048576K
}
Event: 1,227 GC heap after
{Heap after GC invocations=6 (full 0):
 garbage-first heap   total 81920K, used 20970K [0x00000006e0000000, 0x0000000800000000)
  region size 4096K, 1 young (4096K), 1 survivors (4096K)
 Metaspace       used 27670K, committed 27968K, reserved 1114112K
  class space    used 3668K, committed 3840K, reserved 1048576K
}
Event: 1,465 GC heap before
{Heap before GC invocations=6 (full 0):
 garbage-first heap   total 81920K, used 53738K [0x00000006e0000000, 0x0000000800000000)
  region size 4096K, 9 young (36864K), 1 survivors (4096K)
 Metaspace       used 32141K, committed 32448K, reserved 1114112K
  class space    used 4393K, committed 4544K, reserved 1048576K
}
Event: 1,466 GC heap after
{Heap after GC invocations=7 (full 0):
 garbage-first heap   total 81920K, used 22325K [0x00000006e0000000, 0x0000000800000000)
  region size 4096K, 1 young (4096K), 1 survivors (4096K)
 Metaspace       used 32141K, committed 32448K, reserved 1114112K
  class space    used 4393K, committed 4544K, reserved 1048576K
}
Event: 1,641 GC heap before
{Heap before GC invocations=7 (full 0):
 garbage-first heap   total 81920K, used 42805K [0x00000006e0000000, 0x0000000800000000)
  region size 4096K, 7 young (28672K), 1 survivors (4096K)
 Metaspace       used 35731K, committed 35968K, reserved 1114112K
  class space    used 4929K, committed 5056K, reserved 1048576K
}
Event: 1,642 GC heap after
{Heap after GC invocations=8 (full 0):
 garbage-first heap   total 81920K, used 23588K [0x00000006e0000000, 0x0000000800000000)
  region size 4096K, 1 young (4096K), 1 survivors (4096K)
 Metaspace       used 35731K, committed 35968K, reserved 1114112K
  class space    used 4929K, committed 5056K, reserved 1048576K
}
Event: 1,892 GC heap before
{Heap before GC invocations=9 (full 0):
 garbage-first heap   total 81920K, used 60452K [0x00000006e0000000, 0x0000000800000000)
  region size 4096K, 10 young (40960K), 1 survivors (4096K)
 Metaspace       used 40867K, committed 41152K, reserved 1114112K
  class space    used 5462K, committed 5568K, reserved 1048576K
}
Event: 1,895 GC heap after
{Heap after GC invocations=10 (full 0):
 garbage-first heap   total 102400K, used 27400K [0x00000006e0000000, 0x0000000800000000)
  region size 4096K, 2 young (8192K), 2 survivors (8192K)
 Metaspace       used 40867K, committed 41152K, reserved 1114112K
  class space    used 5462K, committed 5568K, reserved 1048576K
}
Event: 2,244 GC heap before
{Heap before GC invocations=10 (full 0):
 garbage-first heap   total 102400K, used 68360K [0x00000006e0000000, 0x0000000800000000)
  region size 4096K, 13 young (53248K), 2 survivors (8192K)
 Metaspace       used 46258K, committed 46656K, reserved 1114112K
  class space    used 6260K, committed 6464K, reserved 1048576K
}

