# JRE version: OpenJDK Runtime Environment (17.0.9) (build 17.0.9+0-17.0.9b1087.7-11185874)
# Java VM: OpenJDK 64-Bit Server VM (17.0.9+0-17.0.9b1087.7-11185874, mixed mode, tiered, compressed oops, compressed class ptrs, parallel gc, linux-amd64)
GC Precious Log:
 CPUs: 16 total, 12 available
 Memory: 13817M
 Large Page Support: Disabled
 NUMA Support: Disabled
 Compressed Oops: Enabled (Zero based)
 Alignments: Space 512K, Generation 512K, Heap 2M
 Heap Min Capacity: 8M
 Heap Initial Capacity: 216M
 Heap Max Capacity: 4608M
 Pre-touch: Disabled
 Parallel Workers: 10
Heap:
 PSYoungGen      total 543232K, used 156199K [0x00000007a0000000, 0x00000007c7a00000, 0x0000000800000000)
  eden space 457728K, 30% used [0x00000007a0000000,0x00000007a870e058,0x00000007bbf00000)
  from space 85504K, 20% used [0x00000007c2680000,0x00000007c37fbf90,0x00000007c7a00000)
  to   space 95744K, 0% used [0x00000007bbf00000,0x00000007bbf00000,0x00000007c1c80000)
 ParOldGen       total 440320K, used 309409K [0x00000006e0000000, 0x00000006fae00000, 0x00000007a0000000)
  object space 440320K, 70% used [0x00000006e0000000,0x00000006f2e28660,0x00000006fae00000)
 Metaspace       used 200630K, committed 202368K, reserved 1048576K
  class space    used 26998K, committed 27840K, reserved 851968K
GC Heap History (20 events):
Event: 2480,124 GC heap before
{Heap before GC invocations=29 (full 5):
 PSYoungGen      total 304128K, used 284926K [0x00000007a0000000, 0x00000007b6e00000, 0x0000000800000000)
  eden space 255488K, 100% used [0x00000007a0000000,0x00000007af980000,0x00000007af980000)
  from space 48640K, 60% used [0x00000007af980000,0x00000007b163faf0,0x00000007b2900000)
  to   space 49664K, 0% used [0x00000007b3d80000,0x00000007b3d80000,0x00000007b6e00000)
 ParOldGen       total 271872K, used 184755K [0x00000006e0000000, 0x00000006f0980000, 0x00000007a0000000)
  object space 271872K, 67% used [0x00000006e0000000,0x00000006eb46cfd0,0x00000006f0980000)
 Metaspace       used 139391K, committed 140736K, reserved 983040K
  class space    used 18625K, committed 19328K, reserved 851968K
}
Event: 2480,151 GC heap after
{Heap after GC invocations=29 (full 5):
 PSYoungGen      total 318464K, used 45966K [0x00000007a0000000, 0x00000007b8700000, 0x0000000800000000)
  eden space 268800K, 0% used [0x00000007a0000000,0x00000007a0000000,0x00000007b0680000)
  from space 49664K, 92% used [0x00000007b3d80000,0x00000007b6a63b38,0x00000007b6e00000)
  to   space 56320K, 0% used [0x00000007b0680000,0x00000007b0680000,0x00000007b3d80000)
 ParOldGen       total 271872K, used 184763K [0x00000006e0000000, 0x00000006f0980000, 0x00000007a0000000)
  object space 271872K, 67% used [0x00000006e0000000,0x00000006eb46efd0,0x00000006f0980000)
 Metaspace       used 139391K, committed 140736K, reserved 983040K
  class space    used 18625K, committed 19328K, reserved 851968K
}
Event: 2480,492 GC heap before
{Heap before GC invocations=30 (full 5):
 PSYoungGen      total 318464K, used 314766K [0x00000007a0000000, 0x00000007b8700000, 0x0000000800000000)
  eden space 268800K, 100% used [0x00000007a0000000,0x00000007b0680000,0x00000007b0680000)
  from space 49664K, 92% used [0x00000007b3d80000,0x00000007b6a63b38,0x00000007b6e00000)
  to   space 56320K, 0% used [0x00000007b0680000,0x00000007b0680000,0x00000007b3d80000)
 ParOldGen       total 271872K, used 184763K [0x00000006e0000000, 0x00000006f0980000, 0x00000007a0000000)
  object space 271872K, 67% used [0x00000006e0000000,0x00000006eb46efd0,0x00000006f0980000)
 Metaspace       used 139693K, committed 141056K, reserved 983040K
  class space    used 18648K, committed 19328K, reserved 851968K
}
Event: 2480,535 GC heap after
{Heap after GC invocations=30 (full 5):
 PSYoungGen      total 325120K, used 56288K [0x00000007a0000000, 0x00000007bb180000, 0x0000000800000000)
  eden space 268800K, 0% used [0x00000007a0000000,0x00000007a0000000,0x00000007b0680000)
  from space 56320K, 99% used [0x00000007b0680000,0x00000007b3d781d8,0x00000007b3d80000)
  to   space 67584K, 0% used [0x00000007b6f80000,0x00000007b6f80000,0x00000007bb180000)
 ParOldGen       total 271872K, used 190366K [0x00000006e0000000, 0x00000006f0980000, 0x00000007a0000000)
  object space 271872K, 70% used [0x00000006e0000000,0x00000006eb9e7aa0,0x00000006f0980000)
 Metaspace       used 139693K, committed 141056K, reserved 983040K
  class space    used 18648K, committed 19328K, reserved 851968K
}
Event: 2480,984 GC heap before
{Heap before GC invocations=31 (full 5):
 PSYoungGen      total 325120K, used 325088K [0x00000007a0000000, 0x00000007bb180000, 0x0000000800000000)
  eden space 268800K, 100% used [0x00000007a0000000,0x00000007b0680000,0x00000007b0680000)
  from space 56320K, 99% used [0x00000007b0680000,0x00000007b3d781d8,0x00000007b3d80000)
  to   space 67584K, 0% used [0x00000007b6f80000,0x00000007b6f80000,0x00000007bb180000)
 ParOldGen       total 271872K, used 190366K [0x00000006e0000000, 0x00000006f0980000, 0x00000007a0000000)
  object space 271872K, 70% used [0x00000006e0000000,0x00000006eb9e7aa0,0x00000006f0980000)
 Metaspace       used 140090K, committed 141440K, reserved 983040K
  class space    used 18716K, committed 19392K, reserved 851968K
}
Event: 2481,016 GC heap after
{Heap after GC invocations=31 (full 5):
 PSYoungGen      total 374272K, used 43084K [0x00000007a0000000, 0x00000007bb800000, 0x0000000800000000)
  eden space 306688K, 0% used [0x00000007a0000000,0x00000007a0000000,0x00000007b2b80000)
  from space 67584K, 63% used [0x00000007b6f80000,0x00000007b9993370,0x00000007bb180000)
  to   space 69632K, 0% used [0x00000007b2b80000,0x00000007b2b80000,0x00000007b6f80000)
 ParOldGen       total 271872K, used 213258K [0x00000006e0000000, 0x00000006f0980000, 0x00000007a0000000)
  object space 271872K, 78% used [0x00000006e0000000,0x00000006ed042870,0x00000006f0980000)
 Metaspace       used 140090K, committed 141440K, reserved 983040K
  class space    used 18716K, committed 19392K, reserved 851968K
}
Event: 2490,878 GC heap before
{Heap before GC invocations=32 (full 5):
 PSYoungGen      total 374272K, used 349772K [0x00000007a0000000, 0x00000007bb800000, 0x0000000800000000)
  eden space 306688K, 100% used [0x00000007a0000000,0x00000007b2b80000,0x00000007b2b80000)
  from space 67584K, 63% used [0x00000007b6f80000,0x00000007b9993370,0x00000007bb180000)
  to   space 69632K, 0% used [0x00000007b2b80000,0x00000007b2b80000,0x00000007b6f80000)
 ParOldGen       total 271872K, used 213258K [0x00000006e0000000, 0x00000006f0980000, 0x00000007a0000000)
  object space 271872K, 78% used [0x00000006e0000000,0x00000006ed042870,0x00000006f0980000)
 Metaspace       used 143691K, committed 145152K, reserved 983040K
  class space    used 19237K, committed 19968K, reserved 851968K
}
Event: 2490,905 GC heap after
{Heap after GC invocations=32 (full 5):
 PSYoungGen      total 376320K, used 50756K [0x00000007a0000000, 0x00000007be480000, 0x0000000800000000)
  eden space 306688K, 0% used [0x00000007a0000000,0x00000007a0000000,0x00000007b2b80000)
  from space 69632K, 72% used [0x00000007b2b80000,0x00000007b5d11368,0x00000007b6f80000)
  to   space 73728K, 0% used [0x00000007b9c80000,0x00000007b9c80000,0x00000007be480000)
 ParOldGen       total 271872K, used 228808K [0x00000006e0000000, 0x00000006f0980000, 0x00000007a0000000)
  object space 271872K, 84% used [0x00000006e0000000,0x00000006edf720a0,0x00000006f0980000)
 Metaspace       used 143691K, committed 145152K, reserved 983040K
  class space    used 19237K, committed 19968K, reserved 851968K
}
Event: 2491,695 GC heap before
{Heap before GC invocations=33 (full 5):
 PSYoungGen      total 376320K, used 357444K [0x00000007a0000000, 0x00000007be480000, 0x0000000800000000)
  eden space 306688K, 100% used [0x00000007a0000000,0x00000007b2b80000,0x00000007b2b80000)
  from space 69632K, 72% used [0x00000007b2b80000,0x00000007b5d11368,0x00000007b6f80000)
  to   space 73728K, 0% used [0x00000007b9c80000,0x00000007b9c80000,0x00000007be480000)
 ParOldGen       total 271872K, used 228808K [0x00000006e0000000, 0x00000006f0980000, 0x00000007a0000000)
  object space 271872K, 84% used [0x00000006e0000000,0x00000006edf720a0,0x00000006f0980000)
 Metaspace       used 152343K, committed 153728K, reserved 1048576K
  class space    used 20365K, committed 21056K, reserved 851968K
}
Event: 2491,722 GC heap after
{Heap after GC invocations=33 (full 5):
 PSYoungGen      total 413184K, used 66411K [0x00000007a0000000, 0x00000007bf600000, 0x0000000800000000)
  eden space 339456K, 0% used [0x00000007a0000000,0x00000007a0000000,0x00000007b4b80000)
  from space 73728K, 90% used [0x00000007b9c80000,0x00000007bdd5ae68,0x00000007be480000)
  to   space 82944K, 0% used [0x00000007b4b80000,0x00000007b4b80000,0x00000007b9c80000)
 ParOldGen       total 271872K, used 228816K [0x00000006e0000000, 0x00000006f0980000, 0x00000007a0000000)
  object space 271872K, 84% used [0x00000006e0000000,0x00000006edf740a0,0x00000006f0980000)
 Metaspace       used 152343K, committed 153728K, reserved 1048576K
  class space    used 20365K, committed 21056K, reserved 851968K
}
Event: 2492,774 GC heap before
{Heap before GC invocations=34 (full 5):
 PSYoungGen      total 413184K, used 405867K [0x00000007a0000000, 0x00000007bf600000, 0x0000000800000000)
  eden space 339456K, 100% used [0x00000007a0000000,0x00000007b4b80000,0x00000007b4b80000)
  from space 73728K, 90% used [0x00000007b9c80000,0x00000007bdd5ae68,0x00000007be480000)
  to   space 82944K, 0% used [0x00000007b4b80000,0x00000007b4b80000,0x00000007b9c80000)
 ParOldGen       total 271872K, used 228816K [0x00000006e0000000, 0x00000006f0980000, 0x00000007a0000000)
  object space 271872K, 84% used [0x00000006e0000000,0x00000006edf740a0,0x00000006f0980000)
 Metaspace       used 161151K, committed 162560K, reserved 1048576K
  class space    used 21374K, committed 22080K, reserved 851968K
}
Event: 2492,813 GC heap after
{Heap after GC invocations=34 (full 5):
 PSYoungGen      total 422400K, used 82935K [0x00000007a0000000, 0x00000007c4700000, 0x0000000800000000)
  eden space 339456K, 0% used [0x00000007a0000000,0x00000007a0000000,0x00000007b4b80000)
  from space 82944K, 99% used [0x00000007b4b80000,0x00000007b9c7de08,0x00000007b9c80000)
  to   space 105984K, 0% used [0x00000007bdf80000,0x00000007bdf80000,0x00000007c4700000)
 ParOldGen       total 271872K, used 255062K [0x00000006e0000000, 0x00000006f0980000, 0x00000007a0000000)
  object space 271872K, 93% used [0x00000006e0000000,0x00000006ef915b98,0x00000006f0980000)
 Metaspace       used 161151K, committed 162560K, reserved 1048576K
  class space    used 21374K, committed 22080K, reserved 851968K
}
Event: 2492,813 GC heap before
{Heap before GC invocations=35 (full 6):
 PSYoungGen      total 422400K, used 82935K [0x00000007a0000000, 0x00000007c4700000, 0x0000000800000000)
  eden space 339456K, 0% used [0x00000007a0000000,0x00000007a0000000,0x00000007b4b80000)
  from space 82944K, 99% used [0x00000007b4b80000,0x00000007b9c7de08,0x00000007b9c80000)
  to   space 105984K, 0% used [0x00000007bdf80000,0x00000007bdf80000,0x00000007c4700000)
 ParOldGen       total 271872K, used 255062K [0x00000006e0000000, 0x00000006f0980000, 0x00000007a0000000)
  object space 271872K, 93% used [0x00000006e0000000,0x00000006ef915b98,0x00000006f0980000)
 Metaspace       used 161151K, committed 162560K, reserved 1048576K
  class space    used 21374K, committed 22080K, reserved 851968K
}
Event: 2493,041 GC heap after
{Heap after GC invocations=35 (full 6):
 PSYoungGen      total 422400K, used 30042K [0x00000007a0000000, 0x00000007c5800000, 0x0000000800000000)
  eden space 339456K, 0% used [0x00000007a0000000,0x00000007a0000000,0x00000007b4b80000)
  from space 82944K, 36% used [0x00000007b4b80000,0x00000007b68d6910,0x00000007b9c80000)
  to   space 105984K, 0% used [0x00000007bf080000,0x00000007bf080000,0x00000007c5800000)
 ParOldGen       total 440320K, used 271431K [0x00000006e0000000, 0x00000006fae00000, 0x00000007a0000000)
  object space 440320K, 61% used [0x00000006e0000000,0x00000006f0911ee8,0x00000006fae00000)
 Metaspace       used 160877K, committed 162496K, reserved 1048576K
  class space    used 21353K, committed 22080K, reserved 851968K
}
Event: 2494,577 GC heap before
{Heap before GC invocations=36 (full 6):
 PSYoungGen      total 422400K, used 369498K [0x00000007a0000000, 0x00000007c5800000, 0x0000000800000000)
  eden space 339456K, 100% used [0x00000007a0000000,0x00000007b4b80000,0x00000007b4b80000)
  from space 82944K, 36% used [0x00000007b4b80000,0x00000007b68d6910,0x00000007b9c80000)
  to   space 105984K, 0% used [0x00000007bf080000,0x00000007bf080000,0x00000007c5800000)
 ParOldGen       total 440320K, used 271431K [0x00000006e0000000, 0x00000006fae00000, 0x00000007a0000000)
  object space 440320K, 61% used [0x00000006e0000000,0x00000006f0911ee8,0x00000006fae00000)
 Metaspace       used 170562K, committed 171968K, reserved 1048576K
  class space    used 22678K, committed 23424K, reserved 851968K
}
Event: 2494,610 GC heap after
{Heap after GC invocations=36 (full 6):
 PSYoungGen      total 494080K, used 48525K [0x00000007a0000000, 0x00000007c4d00000, 0x0000000800000000)
  eden space 399360K, 0% used [0x00000007a0000000,0x00000007a0000000,0x00000007b8600000)
  from space 94720K, 51% used [0x00000007bf080000,0x00000007c1fe34f0,0x00000007c4d00000)
  to   space 101888K, 0% used [0x00000007b8600000,0x00000007b8600000,0x00000007be980000)
 ParOldGen       total 440320K, used 272039K [0x00000006e0000000, 0x00000006fae00000, 0x00000007a0000000)
  object space 440320K, 61% used [0x00000006e0000000,0x00000006f09a9f28,0x00000006fae00000)
 Metaspace       used 170562K, committed 171968K, reserved 1048576K
  class space    used 22678K, committed 23424K, reserved 851968K
}
Event: 2495,603 GC heap before
{Heap before GC invocations=37 (full 6):
 PSYoungGen      total 494080K, used 447885K [0x00000007a0000000, 0x00000007c4d00000, 0x0000000800000000)
  eden space 399360K, 100% used [0x00000007a0000000,0x00000007b8600000,0x00000007b8600000)
  from space 94720K, 51% used [0x00000007bf080000,0x00000007c1fe34f0,0x00000007c4d00000)
  to   space 101888K, 0% used [0x00000007b8600000,0x00000007b8600000,0x00000007be980000)
 ParOldGen       total 440320K, used 272039K [0x00000006e0000000, 0x00000006fae00000, 0x00000007a0000000)
  object space 440320K, 61% used [0x00000006e0000000,0x00000006f09a9f28,0x00000006fae00000)
 Metaspace       used 176869K, committed 178304K, reserved 1048576K
  class space    used 23589K, committed 24320K, reserved 851968K
}
Event: 2495,621 GC heap after
{Heap after GC invocations=37 (full 6):
 PSYoungGen      total 501248K, used 45083K [0x00000007a0000000, 0x00000007c8580000, 0x0000000800000000)
  eden space 399360K, 0% used [0x00000007a0000000,0x00000007a0000000,0x00000007b8600000)
  from space 101888K, 44% used [0x00000007b8600000,0x00000007bb206d48,0x00000007be980000)
  to   space 97280K, 0% used [0x00000007c2680000,0x00000007c2680000,0x00000007c8580000)
 ParOldGen       total 440320K, used 278893K [0x00000006e0000000, 0x00000006fae00000, 0x00000007a0000000)
  object space 440320K, 63% used [0x00000006e0000000,0x00000006f105b7d8,0x00000006fae00000)
 Metaspace       used 176869K, committed 178304K, reserved 1048576K
  class space    used 23589K, committed 24320K, reserved 851968K
}
Event: 3745,692 GC heap before
{Heap before GC invocations=38 (full 6):
 PSYoungGen      total 501248K, used 444443K [0x00000007a0000000, 0x00000007c8580000, 0x0000000800000000)
  eden space 399360K, 100% used [0x00000007a0000000,0x00000007b8600000,0x00000007b8600000)
  from space 101888K, 44% used [0x00000007b8600000,0x00000007bb206d48,0x00000007be980000)
  to   space 97280K, 0% used [0x00000007c2680000,0x00000007c2680000,0x00000007c8580000)
 ParOldGen       total 440320K, used 278893K [0x00000006e0000000, 0x00000006fae00000, 0x00000007a0000000)
  object space 440320K, 63% used [0x00000006e0000000,0x00000006f105b7d8,0x00000006fae00000)
 Metaspace       used 193626K, committed 195264K, reserved 1048576K
  class space    used 26259K, committed 27072K, reserved 851968K
}
Event: 3745,711 GC heap after
{Heap after GC invocations=38 (full 6):
 PSYoungGen      total 543232K, used 17903K [0x00000007a0000000, 0x00000007c7a00000, 0x0000000800000000)
  eden space 457728K, 0% used [0x00000007a0000000,0x00000007a0000000,0x00000007bbf00000)
  from space 85504K, 20% used [0x00000007c2680000,0x00000007c37fbf90,0x00000007c7a00000)
  to   space 95744K, 0% used [0x00000007bbf00000,0x00000007bbf00000,0x00000007c1c80000)
 ParOldGen       total 440320K, used 309409K [0x00000006e0000000, 0x00000006fae00000, 0x00000007a0000000)
  object space 440320K, 70% used [0x00000006e0000000,0x00000006f2e28660,0x00000006fae00000)
 Metaspace       used 193626K, committed 195264K, reserved 1048576K
  class space    used 26259K, committed 27072K, reserved 851968K
}

