# JRE version: OpenJDK Runtime Environment (17.0.9) (build 17.0.9+0-17.0.9b1087.7-11185874)
# Java VM: OpenJDK 64-Bit Server VM (17.0.9+0-17.0.9b1087.7-11185874, mixed mode, tiered, compressed oops, compressed class ptrs, g1 gc, linux-amd64)
GC Precious Log:
 CPUs: 16 total, 12 available
 Memory: 13817M
 Large Page Support: Disabled
 NUMA Support: Disabled
 Compressed Oops: Enabled (Zero based)
 Heap Region Size: 2M
 Heap Min Capacity: 8M
 Heap Initial Capacity: 216M
 Heap Max Capacity: 3456M
 Pre-touch: Disabled
 Parallel Workers: 10
 Concurrent Workers: 3
 Concurrent Refinement Workers: 10
 Periodic GC: Disabled
Heap:
 garbage-first heap   total 43008K, used 26301K [0x0000000728000000, 0x0000000800000000)
  region size 2048K, 7 young (14336K), 2 survivors (4096K)
 Metaspace       used 24504K, committed 24704K, reserved 1114112K
  class space    used 2948K, committed 3008K, reserved 1048576K
GC Heap History (8 events):
Event: 0,286 GC heap before
{Heap before GC invocations=0 (full 0):
 garbage-first heap   total 221184K, used 26624K [0x0000000728000000, 0x0000000800000000)
  region size 2048K, 11 young (22528K), 0 survivors (0K)
 Metaspace       used 11907K, committed 12032K, reserved 1114112K
  class space    used 1033K, committed 1088K, reserved 1048576K
}
Event: 0,288 GC heap after
{Heap after GC invocations=1 (full 0):
 garbage-first heap   total 221184K, used 6592K [0x0000000728000000, 0x0000000800000000)
  region size 2048K, 2 young (4096K), 2 survivors (4096K)
 Metaspace       used 11907K, committed 12032K, reserved 1114112K
  class space    used 1033K, committed 1088K, reserved 1048576K
}
Event: 0,581 GC heap before
{Heap before GC invocations=1 (full 0):
 garbage-first heap   total 221184K, used 37312K [0x0000000728000000, 0x0000000800000000)
  region size 2048K, 18 young (36864K), 2 survivors (4096K)
 Metaspace       used 21394K, committed 21504K, reserved 1114112K
  class space    used 2314K, committed 2368K, reserved 1048576K
}
Event: 0,584 GC heap after
{Heap after GC invocations=2 (full 0):
 garbage-first heap   total 221184K, used 8393K [0x0000000728000000, 0x0000000800000000)
  region size 2048K, 3 young (6144K), 3 survivors (6144K)
 Metaspace       used 21394K, committed 21504K, reserved 1114112K
  class space    used 2314K, committed 2368K, reserved 1048576K
}
Event: 0,731 GC heap before
{Heap before GC invocations=3 (full 0):
 garbage-first heap   total 40960K, used 28873K [0x0000000728000000, 0x0000000800000000)
  region size 2048K, 13 young (26624K), 3 survivors (6144K)
 Metaspace       used 24348K, committed 24576K, reserved 1114112K
  class space    used 2948K, committed 3008K, reserved 1048576K
}
Event: 0,736 GC heap after
{Heap after GC invocations=4 (full 0):
 garbage-first heap   total 43008K, used 12792K [0x0000000728000000, 0x0000000800000000)
  region size 2048K, 5 young (10240K), 5 survivors (10240K)
 Metaspace       used 24348K, committed 24576K, reserved 1114112K
  class space    used 2948K, committed 3008K, reserved 1048576K
}
Event: 0,768 GC heap before
{Heap before GC invocations=4 (full 0):
 garbage-first heap   total 43008K, used 25080K [0x0000000728000000, 0x0000000800000000)
  region size 2048K, 11 young (22528K), 5 survivors (10240K)
 Metaspace       used 24499K, committed 24704K, reserved 1114112K
  class space    used 2948K, committed 3008K, reserved 1048576K
}
Event: 0,776 GC heap after
{Heap after GC invocations=5 (full 0):
 garbage-first heap   total 43008K, used 16061K [0x0000000728000000, 0x0000000800000000)
  region size 2048K, 2 young (4096K), 2 survivors (4096K)
 Metaspace       used 24499K, committed 24704K, reserved 1114112K
  class space    used 2948K, committed 3008K, reserved 1048576K
}

