# JRE version: OpenJDK Runtime Environment (17.0.9) (build 17.0.9+0-17.0.9b1087.7-11185874)
# Java VM: OpenJDK 64-Bit Server VM (17.0.9+0-17.0.9b1087.7-11185874, mixed mode, tiered, compressed oops, compressed class ptrs, parallel gc, linux-amd64)
GC Precious Log:
 CPUs: 16 total, 12 available
 Memory: 13817M
 Large Page Support: Disabled
 NUMA Support: Disabled
 Compressed Oops: Enabled (Zero based)
 Alignments: Space 512K, Generation 512K, Heap 2M
 Heap Min Capacity: 8M
 Heap Initial Capacity: 216M
 Heap Max Capacity: 4608M
 Pre-touch: Disabled
 Parallel Workers: 10
Heap:
 PSYoungGen      total 1153536K, used 1134931K [0x00000007a0000000, 0x0000000800000000, 0x0000000800000000)
  eden space 917504K, 97% used [0x00000007a0000000,0x00000007d6dd7d78,0x00000007d8000000)
  from space 236032K, 99% used [0x00000007d8000000,0x00000007e667cfe8,0x00000007e6680000)
  to   space 339968K, 0% used [0x00000007eb400000,0x00000007eb400000,0x0000000800000000)
 ParOldGen       total 1275392K, used 907279K [0x00000006e0000000, 0x000000072dd80000, 0x00000007a0000000)
  object space 1275392K, 71% used [0x00000006e0000000,0x0000000717603d58,0x000000072dd80000)
 Metaspace       used 117697K, committed 118656K, reserved 983040K
  class space    used 15682K, committed 16128K, reserved 851968K
GC Heap History (20 events):
Event: 12,118 GC heap before
{Heap before GC invocations=34 (full 7):
 PSYoungGen      total 1171968K, used 912896K [0x00000007a0000000, 0x00000007ff600000, 0x0000000800000000)
  eden space 912896K, 100% used [0x00000007a0000000,0x00000007d7b80000,0x00000007d7b80000)
  from space 259072K, 0% used [0x00000007d7b80000,0x00000007d7b80000,0x00000007e7880000)
  to   space 259072K, 0% used [0x00000007ef900000,0x00000007ef900000,0x00000007ff600000)
 ParOldGen       total 1275392K, used 907207K [0x00000006e0000000, 0x000000072dd80000, 0x00000007a0000000)
  object space 1275392K, 71% used [0x00000006e0000000,0x00000007175f1d58,0x000000072dd80000)
 Metaspace       used 111221K, committed 112128K, reserved 983040K
  class space    used 14897K, committed 15360K, reserved 851968K
}
Event: 12,155 GC heap after
{Heap after GC invocations=34 (full 7):
 PSYoungGen      total 1253376K, used 82604K [0x00000007a0000000, 0x00000007fd280000, 0x0000000800000000)
  eden space 1030656K, 0% used [0x00000007a0000000,0x00000007a0000000,0x00000007dee80000)
  from space 222720K, 37% used [0x00000007ef900000,0x00000007f49ab0a0,0x00000007fd280000)
  to   space 247808K, 0% used [0x00000007dee80000,0x00000007dee80000,0x00000007ee080000)
 ParOldGen       total 1275392K, used 907215K [0x00000006e0000000, 0x000000072dd80000, 0x00000007a0000000)
  object space 1275392K, 71% used [0x00000006e0000000,0x00000007175f3d58,0x000000072dd80000)
 Metaspace       used 111221K, committed 112128K, reserved 983040K
  class space    used 14897K, committed 15360K, reserved 851968K
}
Event: 12,816 GC heap before
{Heap before GC invocations=35 (full 7):
 PSYoungGen      total 1253376K, used 1113260K [0x00000007a0000000, 0x00000007fd280000, 0x0000000800000000)
  eden space 1030656K, 100% used [0x00000007a0000000,0x00000007dee80000,0x00000007dee80000)
  from space 222720K, 37% used [0x00000007ef900000,0x00000007f49ab0a0,0x00000007fd280000)
  to   space 247808K, 0% used [0x00000007dee80000,0x00000007dee80000,0x00000007ee080000)
 ParOldGen       total 1275392K, used 907215K [0x00000006e0000000, 0x000000072dd80000, 0x00000007a0000000)
  object space 1275392K, 71% used [0x00000006e0000000,0x00000007175f3d58,0x000000072dd80000)
 Metaspace       used 111418K, committed 112320K, reserved 983040K
  class space    used 14903K, committed 15360K, reserved 851968K
}
Event: 12,863 GC heap after
{Heap after GC invocations=35 (full 7):
 PSYoungGen      total 1278464K, used 133653K [0x00000007a0000000, 0x0000000800000000, 0x0000000800000000)
  eden space 1030656K, 0% used [0x00000007a0000000,0x00000007a0000000,0x00000007dee80000)
  from space 247808K, 53% used [0x00000007dee80000,0x00000007e71055e0,0x00000007ee080000)
  to   space 244736K, 0% used [0x00000007f1100000,0x00000007f1100000,0x0000000800000000)
 ParOldGen       total 1275392K, used 907223K [0x00000006e0000000, 0x000000072dd80000, 0x00000007a0000000)
  object space 1275392K, 71% used [0x00000006e0000000,0x00000007175f5d58,0x000000072dd80000)
 Metaspace       used 111418K, committed 112320K, reserved 983040K
  class space    used 14903K, committed 15360K, reserved 851968K
}
Event: 13,714 GC heap before
{Heap before GC invocations=36 (full 7):
 PSYoungGen      total 1278464K, used 1164309K [0x00000007a0000000, 0x0000000800000000, 0x0000000800000000)
  eden space 1030656K, 100% used [0x00000007a0000000,0x00000007dee80000,0x00000007dee80000)
  from space 247808K, 53% used [0x00000007dee80000,0x00000007e71055e0,0x00000007ee080000)
  to   space 244736K, 0% used [0x00000007f1100000,0x00000007f1100000,0x0000000800000000)
 ParOldGen       total 1275392K, used 907223K [0x00000006e0000000, 0x000000072dd80000, 0x00000007a0000000)
  object space 1275392K, 71% used [0x00000006e0000000,0x00000007175f5d58,0x000000072dd80000)
 Metaspace       used 113555K, committed 114496K, reserved 983040K
  class space    used 15216K, committed 15680K, reserved 851968K
}
Event: 13,761 GC heap after
{Heap after GC invocations=36 (full 7):
 PSYoungGen      total 1320960K, used 142532K [0x00000007a0000000, 0x00000007ffc00000, 0x0000000800000000)
  eden space 1080320K, 0% used [0x00000007a0000000,0x00000007a0000000,0x00000007e1f00000)
  from space 240640K, 59% used [0x00000007f1100000,0x00000007f9c31060,0x00000007ffc00000)
  to   space 244224K, 0% used [0x00000007e1f00000,0x00000007e1f00000,0x00000007f0d80000)
 ParOldGen       total 1275392K, used 907231K [0x00000006e0000000, 0x000000072dd80000, 0x00000007a0000000)
  object space 1275392K, 71% used [0x00000006e0000000,0x00000007175f7d58,0x000000072dd80000)
 Metaspace       used 113555K, committed 114496K, reserved 983040K
  class space    used 15216K, committed 15680K, reserved 851968K
}
Event: 14,497 GC heap before
{Heap before GC invocations=37 (full 7):
 PSYoungGen      total 1320960K, used 1222852K [0x00000007a0000000, 0x00000007ffc00000, 0x0000000800000000)
  eden space 1080320K, 100% used [0x00000007a0000000,0x00000007e1f00000,0x00000007e1f00000)
  from space 240640K, 59% used [0x00000007f1100000,0x00000007f9c31060,0x00000007ffc00000)
  to   space 244224K, 0% used [0x00000007e1f00000,0x00000007e1f00000,0x00000007f0d80000)
 ParOldGen       total 1275392K, used 907231K [0x00000006e0000000, 0x000000072dd80000, 0x00000007a0000000)
  object space 1275392K, 71% used [0x00000006e0000000,0x00000007175f7d58,0x000000072dd80000)
 Metaspace       used 113927K, committed 114880K, reserved 983040K
  class space    used 15254K, committed 15744K, reserved 851968K
}
Event: 14,544 GC heap after
{Heap after GC invocations=37 (full 7):
 PSYoungGen      total 1324544K, used 144888K [0x00000007a0000000, 0x0000000800000000, 0x0000000800000000)
  eden space 1080320K, 0% used [0x00000007a0000000,0x00000007a0000000,0x00000007e1f00000)
  from space 244224K, 59% used [0x00000007e1f00000,0x00000007eac7e0d8,0x00000007f0d80000)
  to   space 243712K, 0% used [0x00000007f1200000,0x00000007f1200000,0x0000000800000000)
 ParOldGen       total 1275392K, used 907239K [0x00000006e0000000, 0x000000072dd80000, 0x00000007a0000000)
  object space 1275392K, 71% used [0x00000006e0000000,0x00000007175f9d58,0x000000072dd80000)
 Metaspace       used 113927K, committed 114880K, reserved 983040K
  class space    used 15254K, committed 15744K, reserved 851968K
}
Event: 15,224 GC heap before
{Heap before GC invocations=38 (full 7):
 PSYoungGen      total 1324544K, used 1225208K [0x00000007a0000000, 0x0000000800000000, 0x0000000800000000)
  eden space 1080320K, 100% used [0x00000007a0000000,0x00000007e1f00000,0x00000007e1f00000)
  from space 244224K, 59% used [0x00000007e1f00000,0x00000007eac7e0d8,0x00000007f0d80000)
  to   space 243712K, 0% used [0x00000007f1200000,0x00000007f1200000,0x0000000800000000)
 ParOldGen       total 1275392K, used 907239K [0x00000006e0000000, 0x000000072dd80000, 0x00000007a0000000)
  object space 1275392K, 71% used [0x00000006e0000000,0x00000007175f9d58,0x000000072dd80000)
 Metaspace       used 115981K, committed 116864K, reserved 983040K
  class space    used 15521K, committed 16000K, reserved 851968K
}
Event: 15,288 GC heap after
{Heap after GC invocations=38 (full 7):
 PSYoungGen      total 1295360K, used 194632K [0x00000007a0000000, 0x0000000800000000, 0x0000000800000000)
  eden space 1051648K, 0% used [0x00000007a0000000,0x00000007a0000000,0x00000007e0300000)
  from space 243712K, 79% used [0x00000007f1200000,0x00000007fd012120,0x0000000800000000)
  to   space 260608K, 0% used [0x00000007e0300000,0x00000007e0300000,0x00000007f0180000)
 ParOldGen       total 1275392K, used 907247K [0x00000006e0000000, 0x000000072dd80000, 0x00000007a0000000)
  object space 1275392K, 71% used [0x00000006e0000000,0x00000007175fbd58,0x000000072dd80000)
 Metaspace       used 115981K, committed 116864K, reserved 983040K
  class space    used 15521K, committed 16000K, reserved 851968K
}
Event: 15,985 GC heap before
{Heap before GC invocations=39 (full 7):
 PSYoungGen      total 1295360K, used 1246280K [0x00000007a0000000, 0x0000000800000000, 0x0000000800000000)
  eden space 1051648K, 100% used [0x00000007a0000000,0x00000007e0300000,0x00000007e0300000)
  from space 243712K, 79% used [0x00000007f1200000,0x00000007fd012120,0x0000000800000000)
  to   space 260608K, 0% used [0x00000007e0300000,0x00000007e0300000,0x00000007f0180000)
 ParOldGen       total 1275392K, used 907247K [0x00000006e0000000, 0x000000072dd80000, 0x00000007a0000000)
  object space 1275392K, 71% used [0x00000006e0000000,0x00000007175fbd58,0x000000072dd80000)
 Metaspace       used 116311K, committed 117248K, reserved 983040K
  class space    used 15524K, committed 16000K, reserved 851968K
}
Event: 16,045 GC heap after
{Heap after GC invocations=39 (full 7):
 PSYoungGen      total 1250304K, used 198182K [0x00000007a0000000, 0x0000000800000000, 0x0000000800000000)
  eden space 1051648K, 0% used [0x00000007a0000000,0x00000007a0000000,0x00000007e0300000)
  from space 198656K, 99% used [0x00000007e0300000,0x00000007ec4898c0,0x00000007ec500000)
  to   space 275456K, 0% used [0x00000007ef300000,0x00000007ef300000,0x0000000800000000)
 ParOldGen       total 1275392K, used 907255K [0x00000006e0000000, 0x000000072dd80000, 0x00000007a0000000)
  object space 1275392K, 71% used [0x00000006e0000000,0x00000007175fdd58,0x000000072dd80000)
 Metaspace       used 116311K, committed 117248K, reserved 983040K
  class space    used 15524K, committed 16000K, reserved 851968K
}
Event: 16,726 GC heap before
{Heap before GC invocations=40 (full 7):
 PSYoungGen      total 1250304K, used 1249830K [0x00000007a0000000, 0x0000000800000000, 0x0000000800000000)
  eden space 1051648K, 100% used [0x00000007a0000000,0x00000007e0300000,0x00000007e0300000)
  from space 198656K, 99% used [0x00000007e0300000,0x00000007ec4898c0,0x00000007ec500000)
  to   space 275456K, 0% used [0x00000007ef300000,0x00000007ef300000,0x0000000800000000)
 ParOldGen       total 1275392K, used 907255K [0x00000006e0000000, 0x000000072dd80000, 0x00000007a0000000)
  object space 1275392K, 71% used [0x00000006e0000000,0x00000007175fdd58,0x000000072dd80000)
 Metaspace       used 116845K, committed 117760K, reserved 983040K
  class space    used 15588K, committed 16064K, reserved 851968K
}
Event: 16,795 GC heap after
{Heap after GC invocations=40 (full 7):
 PSYoungGen      total 1266688K, used 209681K [0x00000007a0000000, 0x0000000800000000, 0x0000000800000000)
  eden space 991232K, 0% used [0x00000007a0000000,0x00000007a0000000,0x00000007dc800000)
  from space 275456K, 76% used [0x00000007ef300000,0x00000007fbfc4578,0x0000000800000000)
  to   space 290816K, 0% used [0x00000007dc800000,0x00000007dc800000,0x00000007ee400000)
 ParOldGen       total 1275392K, used 907263K [0x00000006e0000000, 0x000000072dd80000, 0x00000007a0000000)
  object space 1275392K, 71% used [0x00000006e0000000,0x00000007175ffd58,0x000000072dd80000)
 Metaspace       used 116845K, committed 117760K, reserved 983040K
  class space    used 15588K, committed 16064K, reserved 851968K
}
Event: 17,415 GC heap before
{Heap before GC invocations=41 (full 7):
 PSYoungGen      total 1266688K, used 1200913K [0x00000007a0000000, 0x0000000800000000, 0x0000000800000000)
  eden space 991232K, 100% used [0x00000007a0000000,0x00000007dc800000,0x00000007dc800000)
  from space 275456K, 76% used [0x00000007ef300000,0x00000007fbfc4578,0x0000000800000000)
  to   space 290816K, 0% used [0x00000007dc800000,0x00000007dc800000,0x00000007ee400000)
 ParOldGen       total 1275392K, used 907263K [0x00000006e0000000, 0x000000072dd80000, 0x00000007a0000000)
  object space 1275392K, 71% used [0x00000006e0000000,0x00000007175ffd58,0x000000072dd80000)
 Metaspace       used 117594K, committed 118464K, reserved 983040K
  class space    used 15676K, committed 16128K, reserved 851968K
}
Event: 17,487 GC heap after
{Heap after GC invocations=41 (full 7):
 PSYoungGen      total 1226752K, used 235132K [0x00000007a0000000, 0x0000000800000000, 0x0000000800000000)
  eden space 991232K, 0% used [0x00000007a0000000,0x00000007a0000000,0x00000007dc800000)
  from space 235520K, 99% used [0x00000007dc800000,0x00000007ead9f108,0x00000007eae00000)
  to   space 311296K, 0% used [0x00000007ed000000,0x00000007ed000000,0x0000000800000000)
 ParOldGen       total 1275392K, used 907271K [0x00000006e0000000, 0x000000072dd80000, 0x00000007a0000000)
  object space 1275392K, 71% used [0x00000006e0000000,0x0000000717601d58,0x000000072dd80000)
 Metaspace       used 117594K, committed 118464K, reserved 983040K
  class space    used 15676K, committed 16128K, reserved 851968K
}
Event: 18,107 GC heap before
{Heap before GC invocations=42 (full 7):
 PSYoungGen      total 1226752K, used 1226364K [0x00000007a0000000, 0x0000000800000000, 0x0000000800000000)
  eden space 991232K, 100% used [0x00000007a0000000,0x00000007dc800000,0x00000007dc800000)
  from space 235520K, 99% used [0x00000007dc800000,0x00000007ead9f108,0x00000007eae00000)
  to   space 311296K, 0% used [0x00000007ed000000,0x00000007ed000000,0x0000000800000000)
 ParOldGen       total 1275392K, used 907271K [0x00000006e0000000, 0x000000072dd80000, 0x00000007a0000000)
  object space 1275392K, 71% used [0x00000006e0000000,0x0000000717601d58,0x000000072dd80000)
 Metaspace       used 117627K, committed 118528K, reserved 983040K
  class space    used 15676K, committed 16128K, reserved 851968K
}
Event: 18,174 GC heap after
{Heap after GC invocations=42 (full 7):
 PSYoungGen      total 1228800K, used 234546K [0x00000007a0000000, 0x0000000800000000, 0x0000000800000000)
  eden space 917504K, 0% used [0x00000007a0000000,0x00000007a0000000,0x00000007d8000000)
  from space 311296K, 75% used [0x00000007ed000000,0x00000007fb50c9a0,0x0000000800000000)
  to   space 327680K, 0% used [0x00000007d8000000,0x00000007d8000000,0x00000007ec000000)
 ParOldGen       total 1275392K, used 907279K [0x00000006e0000000, 0x000000072dd80000, 0x00000007a0000000)
  object space 1275392K, 71% used [0x00000006e0000000,0x0000000717603d58,0x000000072dd80000)
 Metaspace       used 117627K, committed 118528K, reserved 983040K
  class space    used 15676K, committed 16128K, reserved 851968K
}
Event: 18,685 GC heap before
{Heap before GC invocations=43 (full 7):
 PSYoungGen      total 1228800K, used 1152050K [0x00000007a0000000, 0x0000000800000000, 0x0000000800000000)
  eden space 917504K, 100% used [0x00000007a0000000,0x00000007d8000000,0x00000007d8000000)
  from space 311296K, 75% used [0x00000007ed000000,0x00000007fb50c9a0,0x0000000800000000)
  to   space 327680K, 0% used [0x00000007d8000000,0x00000007d8000000,0x00000007ec000000)
 ParOldGen       total 1275392K, used 907279K [0x00000006e0000000, 0x000000072dd80000, 0x00000007a0000000)
  object space 1275392K, 71% used [0x00000006e0000000,0x0000000717603d58,0x000000072dd80000)
 Metaspace       used 117648K, committed 118528K, reserved 983040K
  class space    used 15677K, committed 16128K, reserved 851968K
}
Event: 18,756 GC heap after
{Heap after GC invocations=43 (full 7):
 PSYoungGen      total 1153536K, used 236019K [0x00000007a0000000, 0x0000000800000000, 0x0000000800000000)
  eden space 917504K, 0% used [0x00000007a0000000,0x00000007a0000000,0x00000007d8000000)
  from space 236032K, 99% used [0x00000007d8000000,0x00000007e667cfe8,0x00000007e6680000)
  to   space 339968K, 0% used [0x00000007eb400000,0x00000007eb400000,0x0000000800000000)
 ParOldGen       total 1275392K, used 907279K [0x00000006e0000000, 0x000000072dd80000, 0x00000007a0000000)
  object space 1275392K, 71% used [0x00000006e0000000,0x0000000717603d58,0x000000072dd80000)
 Metaspace       used 117648K, committed 118528K, reserved 983040K
  class space    used 15677K, committed 16128K, reserved 851968K
}

