# JRE version: OpenJDK Runtime Environment (17.0.9) (build 17.0.9+0-17.0.9b1087.7-11185874)
# Java VM: OpenJDK 64-Bit Server VM (17.0.9+0-17.0.9b1087.7-11185874, mixed mode, tiered, compressed oops, compressed class ptrs, g1 gc, linux-amd64)
GC Precious Log:
 CPUs: 16 total, 12 available
 Memory: 13817M
 Large Page Support: Disabled
 NUMA Support: Disabled
 Compressed Oops: Enabled (Zero based)
 Heap Region Size: 4M
 Heap Min Capacity: 8M
 Heap Initial Capacity: 216M
 Heap Max Capacity: 4608M
 Pre-touch: Disabled
 Parallel Workers: 10
 Concurrent Workers: 3
 Concurrent Refinement Workers: 10
 Periodic GC: Disabled
Heap:
 garbage-first heap   total 782336K, used 563565K [0x00000006e0000000, 0x0000000800000000)
  region size 4096K, 66 young (270336K), 10 survivors (40960K)
 Metaspace       used 258103K, committed 259584K, reserved 1310720K
  class space    used 32492K, committed 33216K, reserved 1048576K
GC Heap History (20 events):
Event: 39,264 GC heap before
{Heap before GC invocations=72 (full 0):
 garbage-first heap   total 573440K, used 484097K [0x00000006e0000000, 0x0000000800000000)
  region size 4096K, 28 young (114688K), 2 survivors (8192K)
 Metaspace       used 231964K, committed 233280K, reserved 1310720K
  class space    used 29465K, committed 30080K, reserved 1048576K
}
Event: 39,271 GC heap after
{Heap after GC invocations=73 (full 0):
 garbage-first heap   total 573440K, used 372890K [0x00000006e0000000, 0x0000000800000000)
  region size 4096K, 4 young (16384K), 4 survivors (16384K)
 Metaspace       used 231964K, committed 233280K, reserved 1310720K
  class space    used 29465K, committed 30080K, reserved 1048576K
}
Event: 39,597 GC heap before
{Heap before GC invocations=73 (full 0):
 garbage-first heap   total 573440K, used 413850K [0x00000006e0000000, 0x0000000800000000)
  region size 4096K, 15 young (61440K), 4 survivors (16384K)
 Metaspace       used 235511K, committed 236736K, reserved 1310720K
  class space    used 29984K, committed 30592K, reserved 1048576K
}
Event: 39,603 GC heap after
{Heap after GC invocations=74 (full 0):
 garbage-first heap   total 573440K, used 375240K [0x00000006e0000000, 0x0000000800000000)
  region size 4096K, 1 young (4096K), 1 survivors (4096K)
 Metaspace       used 235511K, committed 236736K, reserved 1310720K
  class space    used 29984K, committed 30592K, reserved 1048576K
}
Event: 40,208 GC heap before
{Heap before GC invocations=75 (full 0):
 garbage-first heap   total 651264K, used 485832K [0x00000006e0000000, 0x0000000800000000)
  region size 4096K, 28 young (114688K), 1 survivors (4096K)
 Metaspace       used 238926K, committed 240192K, reserved 1310720K
  class space    used 30502K, committed 31104K, reserved 1048576K
}
Event: 40,212 GC heap after
{Heap after GC invocations=76 (full 0):
 garbage-first heap   total 651264K, used 379863K [0x00000006e0000000, 0x0000000800000000)
  region size 4096K, 2 young (8192K), 2 survivors (8192K)
 Metaspace       used 238926K, committed 240192K, reserved 1310720K
  class space    used 30502K, committed 31104K, reserved 1048576K
}
Event: 40,272 GC heap before
{Heap before GC invocations=76 (full 0):
 garbage-first heap   total 651264K, used 400343K [0x00000006e0000000, 0x0000000800000000)
  region size 4096K, 7 young (28672K), 2 survivors (8192K)
 Metaspace       used 238926K, committed 240192K, reserved 1310720K
  class space    used 30502K, committed 31104K, reserved 1048576K
}
Event: 40,285 GC heap after
{Heap after GC invocations=77 (full 0):
 garbage-first heap   total 651264K, used 335233K [0x00000006e0000000, 0x0000000800000000)
  region size 4096K, 1 young (4096K), 1 survivors (4096K)
 Metaspace       used 238926K, committed 240192K, reserved 1310720K
  class space    used 30502K, committed 31104K, reserved 1048576K
}
Event: 40,355 GC heap before
{Heap before GC invocations=77 (full 0):
 garbage-first heap   total 651264K, used 359809K [0x00000006e0000000, 0x0000000800000000)
  region size 4096K, 7 young (28672K), 1 survivors (4096K)
 Metaspace       used 238928K, committed 240192K, reserved 1310720K
  class space    used 30502K, committed 31104K, reserved 1048576K
}
Event: 40,364 GC heap after
{Heap after GC invocations=78 (full 0):
 garbage-first heap   total 651264K, used 322668K [0x00000006e0000000, 0x0000000800000000)
  region size 4096K, 1 young (4096K), 1 survivors (4096K)
 Metaspace       used 238928K, committed 240192K, reserved 1310720K
  class space    used 30502K, committed 31104K, reserved 1048576K
}
Event: 42,368 GC heap before
{Heap before GC invocations=78 (full 0):
 garbage-first heap   total 651264K, used 535660K [0x00000006e0000000, 0x0000000800000000)
  region size 4096K, 53 young (217088K), 1 survivors (4096K)
 Metaspace       used 242116K, committed 243392K, reserved 1310720K
  class space    used 30800K, committed 31424K, reserved 1048576K
}
Event: 42,373 GC heap after
{Heap after GC invocations=79 (full 0):
 garbage-first heap   total 651264K, used 329074K [0x00000006e0000000, 0x0000000800000000)
  region size 4096K, 2 young (8192K), 2 survivors (8192K)
 Metaspace       used 242116K, committed 243392K, reserved 1310720K
  class space    used 30800K, committed 31424K, reserved 1048576K
}
Event: 43,213 GC heap before
{Heap before GC invocations=80 (full 0):
 garbage-first heap   total 651264K, used 542066K [0x00000006e0000000, 0x0000000800000000)
  region size 4096K, 54 young (221184K), 2 survivors (8192K)
 Metaspace       used 242776K, committed 244160K, reserved 1310720K
  class space    used 30830K, committed 31488K, reserved 1048576K
}
Event: 43,220 GC heap after
{Heap after GC invocations=81 (full 0):
 garbage-first heap   total 651264K, used 337984K [0x00000006e0000000, 0x0000000800000000)
  region size 4096K, 4 young (16384K), 4 survivors (16384K)
 Metaspace       used 242776K, committed 244160K, reserved 1310720K
  class space    used 30830K, committed 31488K, reserved 1048576K
}
Event: 43,283 GC heap before
{Heap before GC invocations=81 (full 0):
 garbage-first heap   total 651264K, used 350272K [0x00000006e0000000, 0x0000000800000000)
  region size 4096K, 7 young (28672K), 4 survivors (16384K)
 Metaspace       used 242784K, committed 244160K, reserved 1310720K
  class space    used 30832K, committed 31488K, reserved 1048576K
}
Event: 43,290 GC heap after
{Heap after GC invocations=82 (full 0):
 garbage-first heap   total 651264K, used 307219K [0x00000006e0000000, 0x0000000800000000)
  region size 4096K, 1 young (4096K), 1 survivors (4096K)
 Metaspace       used 242784K, committed 244160K, reserved 1310720K
  class space    used 30832K, committed 31488K, reserved 1048576K
}
Event: 45,132 GC heap before
{Heap before GC invocations=82 (full 0):
 garbage-first heap   total 651264K, used 532499K [0x00000006e0000000, 0x0000000800000000)
  region size 4096K, 57 young (233472K), 1 survivors (4096K)
 Metaspace       used 247093K, committed 248512K, reserved 1310720K
  class space    used 31330K, committed 32000K, reserved 1048576K
}
Event: 45,142 GC heap after
{Heap after GC invocations=83 (full 0):
 garbage-first heap   total 782336K, used 323822K [0x00000006e0000000, 0x0000000800000000)
  region size 4096K, 6 young (24576K), 6 survivors (24576K)
 Metaspace       used 247093K, committed 248512K, reserved 1310720K
  class space    used 31330K, committed 32000K, reserved 1048576K
}
Event: 74,686 GC heap before
{Heap before GC invocations=83 (full 0):
 garbage-first heap   total 782336K, used 618734K [0x00000006e0000000, 0x0000000800000000)
  region size 4096K, 79 young (323584K), 6 survivors (24576K)
 Metaspace       used 255498K, committed 256960K, reserved 1310720K
  class space    used 32230K, committed 32960K, reserved 1048576K
}
Event: 74,700 GC heap after
{Heap after GC invocations=84 (full 0):
 garbage-first heap   total 782336K, used 342381K [0x00000006e0000000, 0x0000000800000000)
  region size 4096K, 10 young (40960K), 10 survivors (40960K)
 Metaspace       used 255498K, committed 256960K, reserved 1310720K
  class space    used 32230K, committed 32960K, reserved 1048576K
}

