# JRE version: OpenJDK Runtime Environment (17.0.9) (build 17.0.9+0-17.0.9b1087.7-11185874)
# Java VM: OpenJDK 64-Bit Server VM (17.0.9+0-17.0.9b1087.7-11185874, mixed mode, tiered, compressed oops, compressed class ptrs, g1 gc, linux-amd64)
GC Precious Log:
 CPUs: 16 total, 12 available
 Memory: 13817M
 Large Page Support: Disabled
 NUMA Support: Disabled
 Compressed Oops: Enabled (Zero based)
 Heap Region Size: 4M
 Heap Min Capacity: 8M
 Heap Initial Capacity: 216M
 Heap Max Capacity: 4608M
 Pre-touch: Disabled
 Parallel Workers: 10
 Concurrent Workers: 3
 Concurrent Refinement Workers: 10
 Periodic GC: Disabled
Heap:
 garbage-first heap   total 159744K, used 125043K [0x00000006e0000000, 0x0000000800000000)
  region size 4096K, 10 young (40960K), 2 survivors (8192K)
 Metaspace       used 84497K, committed 85184K, reserved 1179648K
  class space    used 11435K, committed 11776K, reserved 1048576K
GC Heap History (20 events):
Event: 4,082 GC heap after
{Heap after GC invocations=18 (full 0):
 garbage-first heap   total 131072K, used 61190K [0x00000006e0000000, 0x0000000800000000)
  region size 4096K, 1 young (4096K), 1 survivors (4096K)
 Metaspace       used 62071K, committed 62656K, reserved 1114112K
  class space    used 8509K, committed 8768K, reserved 1048576K
}
Event: 4,304 GC heap before
{Heap before GC invocations=19 (full 0):
 garbage-first heap   total 131072K, used 93958K [0x00000006e0000000, 0x0000000800000000)
  region size 4096K, 9 young (36864K), 1 survivors (4096K)
 Metaspace       used 65610K, committed 66240K, reserved 1114112K
  class space    used 8906K, committed 9216K, reserved 1048576K
}
Event: 4,306 GC heap after
{Heap after GC invocations=20 (full 0):
 garbage-first heap   total 131072K, used 62064K [0x00000006e0000000, 0x0000000800000000)
  region size 4096K, 1 young (4096K), 1 survivors (4096K)
 Metaspace       used 65610K, committed 66240K, reserved 1114112K
  class space    used 8906K, committed 9216K, reserved 1048576K
}
Event: 4,507 GC heap before
{Heap before GC invocations=20 (full 0):
 garbage-first heap   total 131072K, used 94832K [0x00000006e0000000, 0x0000000800000000)
  region size 4096K, 9 young (36864K), 1 survivors (4096K)
 Metaspace       used 68643K, committed 69312K, reserved 1114112K
  class space    used 9321K, committed 9664K, reserved 1048576K
}
Event: 4,511 GC heap after
{Heap after GC invocations=21 (full 0):
 garbage-first heap   total 131072K, used 68261K [0x00000006e0000000, 0x0000000800000000)
  region size 4096K, 2 young (8192K), 2 survivors (8192K)
 Metaspace       used 68643K, committed 69312K, reserved 1114112K
  class space    used 9321K, committed 9664K, reserved 1048576K
}
Event: 4,669 GC heap before
{Heap before GC invocations=22 (full 0):
 garbage-first heap   total 131072K, used 96933K [0x00000006e0000000, 0x0000000800000000)
  region size 4096K, 9 young (36864K), 2 survivors (8192K)
 Metaspace       used 70349K, committed 70976K, reserved 1114112K
  class space    used 9560K, committed 9856K, reserved 1048576K
}
Event: 4,672 GC heap after
{Heap after GC invocations=23 (full 0):
 garbage-first heap   total 131072K, used 67566K [0x00000006e0000000, 0x0000000800000000)
  region size 4096K, 1 young (4096K), 1 survivors (4096K)
 Metaspace       used 70349K, committed 70976K, reserved 1114112K
  class space    used 9560K, committed 9856K, reserved 1048576K
}
Event: 4,841 GC heap before
{Heap before GC invocations=23 (full 0):
 garbage-first heap   total 131072K, used 96238K [0x00000006e0000000, 0x0000000800000000)
  region size 4096K, 8 young (32768K), 1 survivors (4096K)
 Metaspace       used 72413K, committed 73024K, reserved 1114112K
  class space    used 9819K, committed 10112K, reserved 1048576K
}
Event: 4,843 GC heap after
{Heap after GC invocations=24 (full 0):
 garbage-first heap   total 131072K, used 69053K [0x00000006e0000000, 0x0000000800000000)
  region size 4096K, 1 young (4096K), 1 survivors (4096K)
 Metaspace       used 72413K, committed 73024K, reserved 1114112K
  class space    used 9819K, committed 10112K, reserved 1048576K
}
Event: 4,986 GC heap before
{Heap before GC invocations=25 (full 0):
 garbage-first heap   total 131072K, used 81341K [0x00000006e0000000, 0x0000000800000000)
  region size 4096K, 5 young (20480K), 1 survivors (4096K)
 Metaspace       used 74541K, committed 75200K, reserved 1114112K
  class space    used 10118K, committed 10432K, reserved 1048576K
}
Event: 4,989 GC heap after
{Heap after GC invocations=26 (full 0):
 garbage-first heap   total 131072K, used 70275K [0x00000006e0000000, 0x0000000800000000)
  region size 4096K, 1 young (4096K), 1 survivors (4096K)
 Metaspace       used 74541K, committed 75200K, reserved 1114112K
  class space    used 10118K, committed 10432K, reserved 1048576K
}
Event: 5,182 GC heap before
{Heap before GC invocations=27 (full 0):
 garbage-first heap   total 139264K, used 103043K [0x00000006e0000000, 0x0000000800000000)
  region size 4096K, 8 young (32768K), 1 survivors (4096K)
 Metaspace       used 77112K, committed 77760K, reserved 1179648K
  class space    used 10506K, committed 10816K, reserved 1048576K
}
Event: 5,184 GC heap after
{Heap after GC invocations=28 (full 0):
 garbage-first heap   total 139264K, used 75868K [0x00000006e0000000, 0x0000000800000000)
  region size 4096K, 1 young (4096K), 1 survivors (4096K)
 Metaspace       used 77112K, committed 77760K, reserved 1179648K
  class space    used 10506K, committed 10816K, reserved 1048576K
}
Event: 5,370 GC heap before
{Heap before GC invocations=28 (full 0):
 garbage-first heap   total 139264K, used 108636K [0x00000006e0000000, 0x0000000800000000)
  region size 4096K, 9 young (36864K), 1 survivors (4096K)
 Metaspace       used 80303K, committed 80896K, reserved 1179648K
  class space    used 10940K, committed 11264K, reserved 1048576K
}
Event: 5,372 GC heap after
{Heap after GC invocations=29 (full 0):
 garbage-first heap   total 139264K, used 77486K [0x00000006e0000000, 0x0000000800000000)
  region size 4096K, 2 young (8192K), 2 survivors (8192K)
 Metaspace       used 80303K, committed 80896K, reserved 1179648K
  class space    used 10940K, committed 11264K, reserved 1048576K
}
Event: 5,569 GC heap before
{Heap before GC invocations=30 (full 0):
 garbage-first heap   total 143360K, used 102062K [0x00000006e0000000, 0x0000000800000000)
  region size 4096K, 9 young (36864K), 2 survivors (8192K)
 Metaspace       used 82354K, committed 83008K, reserved 1179648K
  class space    used 11130K, committed 11456K, reserved 1048576K
}
Event: 5,573 GC heap after
{Heap after GC invocations=31 (full 0):
 garbage-first heap   total 143360K, used 79020K [0x00000006e0000000, 0x0000000800000000)
  region size 4096K, 2 young (8192K), 2 survivors (8192K)
 Metaspace       used 82354K, committed 83008K, reserved 1179648K
  class space    used 11130K, committed 11456K, reserved 1048576K
}
Event: 5,727 GC heap before
{Heap before GC invocations=31 (full 0):
 garbage-first heap   total 143360K, used 111788K [0x00000006e0000000, 0x0000000800000000)
  region size 4096K, 10 young (40960K), 2 survivors (8192K)
 Metaspace       used 83050K, committed 83712K, reserved 1179648K
  class space    used 11250K, committed 11584K, reserved 1048576K
}
Event: 5,731 GC heap after
{Heap after GC invocations=32 (full 0):
 garbage-first heap   total 143360K, used 81642K [0x00000006e0000000, 0x0000000800000000)
  region size 4096K, 2 young (8192K), 2 survivors (8192K)
 Metaspace       used 83050K, committed 83712K, reserved 1179648K
  class space    used 11250K, committed 11584K, reserved 1048576K
}
Event: 5,934 GC heap before
{Heap before GC invocations=33 (full 0):
 garbage-first heap   total 159744K, used 114410K [0x00000006e0000000, 0x0000000800000000)
  region size 4096K, 10 young (40960K), 2 survivors (8192K)
 Metaspace       used 84497K, committed 85184K, reserved 1179648K
  class space    used 11435K, committed 11776K, reserved 1048576K
}

