# JRE version: OpenJDK Runtime Environment (17.0.9) (build 17.0.9+0-17.0.9b1087.7-11185874)
# Java VM: OpenJDK 64-Bit Server VM (17.0.9+0-17.0.9b1087.7-11185874, mixed mode, tiered, compressed oops, compressed class ptrs, g1 gc, linux-amd64)
GC Precious Log:
 CPUs: 16 total, 12 available
 Memory: 13817M
 Large Page Support: Disabled
 NUMA Support: Disabled
 Compressed Oops: Enabled (Zero based)
 Heap Region Size: 4M
 Heap Min Capacity: 8M
 Heap Initial Capacity: 216M
 Heap Max Capacity: 4608M
 Pre-touch: Disabled
 Parallel Workers: 10
 Concurrent Workers: 3
 Concurrent Refinement Workers: 10
 Periodic GC: Disabled
Heap:
 garbage-first heap   total 184320K, used 147226K [0x00000006e0000000, 0x0000000800000000)
  region size 4096K, 13 young (53248K), 2 survivors (8192K)
 Metaspace       used 105603K, committed 106432K, reserved 1179648K
  class space    used 14642K, committed 15040K, reserved 1048576K
GC Heap History (20 events):
Event: 4,743 GC heap after
{Heap after GC invocations=27 (full 0):
 garbage-first heap   total 143360K, used 78711K [0x00000006e0000000, 0x0000000800000000)
  region size 4096K, 1 young (4096K), 1 survivors (4096K)
 Metaspace       used 81005K, committed 81600K, reserved 1179648K
  class space    used 11037K, committed 11328K, reserved 1048576K
}
Event: 4,934 GC heap before
{Heap before GC invocations=28 (full 0):
 garbage-first heap   total 143360K, used 111479K [0x00000006e0000000, 0x0000000800000000)
  region size 4096K, 10 young (40960K), 1 survivors (4096K)
 Metaspace       used 83081K, committed 83776K, reserved 1179648K
  class space    used 11255K, committed 11584K, reserved 1048576K
}
Event: 4,936 GC heap after
{Heap after GC invocations=29 (full 0):
 garbage-first heap   total 143360K, used 81653K [0x00000006e0000000, 0x0000000800000000)
  region size 4096K, 2 young (8192K), 2 survivors (8192K)
 Metaspace       used 83081K, committed 83776K, reserved 1179648K
  class space    used 11255K, committed 11584K, reserved 1048576K
}
Event: 5,063 GC heap before
{Heap before GC invocations=29 (full 0):
 garbage-first heap   total 143360K, used 114421K [0x00000006e0000000, 0x0000000800000000)
  region size 4096K, 10 young (40960K), 2 survivors (8192K)
 Metaspace       used 83310K, committed 83968K, reserved 1179648K
  class space    used 11283K, committed 11584K, reserved 1048576K
}
Event: 5,067 GC heap after
{Heap after GC invocations=30 (full 0):
 garbage-first heap   total 172032K, used 84255K [0x00000006e0000000, 0x0000000800000000)
  region size 4096K, 2 young (8192K), 2 survivors (8192K)
 Metaspace       used 83310K, committed 83968K, reserved 1179648K
  class space    used 11283K, committed 11584K, reserved 1048576K
}
Event: 5,336 GC heap before
{Heap before GC invocations=31 (full 0):
 garbage-first heap   total 172032K, used 133407K [0x00000006e0000000, 0x0000000800000000)
  region size 4096K, 14 young (57344K), 2 survivors (8192K)
 Metaspace       used 85286K, committed 85952K, reserved 1179648K
  class space    used 11526K, committed 11840K, reserved 1048576K
}
Event: 5,341 GC heap after
{Heap after GC invocations=32 (full 0):
 garbage-first heap   total 172032K, used 89080K [0x00000006e0000000, 0x0000000800000000)
  region size 4096K, 2 young (8192K), 2 survivors (8192K)
 Metaspace       used 85286K, committed 85952K, reserved 1179648K
  class space    used 11526K, committed 11840K, reserved 1048576K
}
Event: 5,603 GC heap before
{Heap before GC invocations=32 (full 0):
 garbage-first heap   total 172032K, used 134136K [0x00000006e0000000, 0x0000000800000000)
  region size 4096K, 13 young (53248K), 2 survivors (8192K)
 Metaspace       used 88663K, committed 89280K, reserved 1179648K
  class space    used 11990K, committed 12288K, reserved 1048576K
}
Event: 5,607 GC heap after
{Heap after GC invocations=33 (full 0):
 garbage-first heap   total 172032K, used 91388K [0x00000006e0000000, 0x0000000800000000)
  region size 4096K, 1 young (4096K), 1 survivors (4096K)
 Metaspace       used 88663K, committed 89280K, reserved 1179648K
  class space    used 11990K, committed 12288K, reserved 1048576K
}
Event: 5,860 GC heap before
{Heap before GC invocations=34 (full 0):
 garbage-first heap   total 172032K, used 136444K [0x00000006e0000000, 0x0000000800000000)
  region size 4096K, 12 young (49152K), 1 survivors (4096K)
 Metaspace       used 91994K, committed 92672K, reserved 1179648K
  class space    used 12618K, committed 12928K, reserved 1048576K
}
Event: 5,862 GC heap after
{Heap after GC invocations=35 (full 0):
 garbage-first heap   total 172032K, used 92050K [0x00000006e0000000, 0x0000000800000000)
  region size 4096K, 1 young (4096K), 1 survivors (4096K)
 Metaspace       used 91994K, committed 92672K, reserved 1179648K
  class space    used 12618K, committed 12928K, reserved 1048576K
}
Event: 6,099 GC heap before
{Heap before GC invocations=35 (full 0):
 garbage-first heap   total 172032K, used 137106K [0x00000006e0000000, 0x0000000800000000)
  region size 4096K, 12 young (49152K), 1 survivors (4096K)
 Metaspace       used 95077K, committed 95808K, reserved 1179648K
  class space    used 13105K, committed 13440K, reserved 1048576K
}
Event: 6,102 GC heap after
{Heap after GC invocations=36 (full 0):
 garbage-first heap   total 172032K, used 94083K [0x00000006e0000000, 0x0000000800000000)
  region size 4096K, 2 young (8192K), 2 survivors (8192K)
 Metaspace       used 95077K, committed 95808K, reserved 1179648K
  class space    used 13105K, committed 13440K, reserved 1048576K
}
Event: 6,363 GC heap before
{Heap before GC invocations=37 (full 0):
 garbage-first heap   total 180224K, used 139139K [0x00000006e0000000, 0x0000000800000000)
  region size 4096K, 13 young (53248K), 2 survivors (8192K)
 Metaspace       used 97405K, committed 98176K, reserved 1179648K
  class space    used 13473K, committed 13824K, reserved 1048576K
}
Event: 6,367 GC heap after
{Heap after GC invocations=38 (full 0):
 garbage-first heap   total 180224K, used 96939K [0x00000006e0000000, 0x0000000800000000)
  region size 4096K, 2 young (8192K), 2 survivors (8192K)
 Metaspace       used 97405K, committed 98176K, reserved 1179648K
  class space    used 13473K, committed 13824K, reserved 1048576K
}
Event: 6,590 GC heap before
{Heap before GC invocations=38 (full 0):
 garbage-first heap   total 180224K, used 141995K [0x00000006e0000000, 0x0000000800000000)
  region size 4096K, 13 young (53248K), 2 survivors (8192K)
 Metaspace       used 99156K, committed 99904K, reserved 1179648K
  class space    used 13729K, committed 14080K, reserved 1048576K
}
Event: 6,595 GC heap after
{Heap after GC invocations=39 (full 0):
 garbage-first heap   total 180224K, used 100139K [0x00000006e0000000, 0x0000000800000000)
  region size 4096K, 2 young (8192K), 2 survivors (8192K)
 Metaspace       used 99156K, committed 99904K, reserved 1179648K
  class space    used 13729K, committed 14080K, reserved 1048576K
}
Event: 6,892 GC heap before
{Heap before GC invocations=40 (full 0):
 garbage-first heap   total 184320K, used 145195K [0x00000006e0000000, 0x0000000800000000)
  region size 4096K, 13 young (53248K), 2 survivors (8192K)
 Metaspace       used 102330K, committed 103168K, reserved 1179648K
  class space    used 14241K, committed 14592K, reserved 1048576K
}
Event: 6,896 GC heap after
{Heap after GC invocations=41 (full 0):
 garbage-first heap   total 184320K, used 102170K [0x00000006e0000000, 0x0000000800000000)
  region size 4096K, 2 young (8192K), 2 survivors (8192K)
 Metaspace       used 102330K, committed 103168K, reserved 1179648K
  class space    used 14241K, committed 14592K, reserved 1048576K
}
Event: 7,180 GC heap before
{Heap before GC invocations=41 (full 0):
 garbage-first heap   total 184320K, used 147226K [0x00000006e0000000, 0x0000000800000000)
  region size 4096K, 13 young (53248K), 2 survivors (8192K)
 Metaspace       used 105603K, committed 106432K, reserved 1179648K
  class space    used 14642K, committed 15040K, reserved 1048576K
}

