# JRE version: OpenJDK Runtime Environment (17.0.9) (build 17.0.9+0-17.0.9b1087.7-11185874)
# Java VM: OpenJDK 64-Bit Server VM (17.0.9+0-17.0.9b1087.7-11185874, mixed mode, tiered, compressed oops, compressed class ptrs, g1 gc, linux-amd64)
GC Precious Log:
 CPUs: 16 total, 12 available
 Memory: 13817M
 Large Page Support: Disabled
 NUMA Support: Disabled
 Compressed Oops: Enabled (Zero based)
 Heap Region Size: 2M
 Heap Min Capacity: 8M
 Heap Initial Capacity: 216M
 Heap Max Capacity: 3456M
 Pre-touch: Disabled
 Parallel Workers: 10
 Concurrent Workers: 3
 Concurrent Refinement Workers: 10
 Periodic GC: Disabled
Heap:
 garbage-first heap   total 133120K, used 51716K [0x0000000728000000, 0x0000000800000000)
  region size 2048K, 11 young (22528K), 5 survivors (10240K)
 Metaspace       used 48485K, committed 48704K, reserved 1114112K
  class space    used 5779K, committed 5888K, reserved 1048576K
GC Heap History (20 events):
Event: 0,341 GC heap before
{Heap before GC invocations=0 (full 0):
 garbage-first heap   total 221184K, used 26624K [0x0000000728000000, 0x0000000800000000)
  region size 2048K, 11 young (22528K), 0 survivors (0K)
 Metaspace       used 13101K, committed 13184K, reserved 1114112K
  class space    used 1241K, committed 1280K, reserved 1048576K
}
Event: 0,344 GC heap after
{Heap after GC invocations=1 (full 0):
 garbage-first heap   total 221184K, used 6848K [0x0000000728000000, 0x0000000800000000)
  region size 2048K, 2 young (4096K), 2 survivors (4096K)
 Metaspace       used 13101K, committed 13184K, reserved 1114112K
  class space    used 1241K, committed 1280K, reserved 1048576K
}
Event: 0,644 GC heap before
{Heap before GC invocations=1 (full 0):
 garbage-first heap   total 221184K, used 33472K [0x0000000728000000, 0x0000000800000000)
  region size 2048K, 16 young (32768K), 2 survivors (4096K)
 Metaspace       used 21389K, committed 21504K, reserved 1114112K
  class space    used 2307K, committed 2368K, reserved 1048576K
}
Event: 0,647 GC heap after
{Heap after GC invocations=2 (full 0):
 garbage-first heap   total 221184K, used 8337K [0x0000000728000000, 0x0000000800000000)
  region size 2048K, 3 young (6144K), 3 survivors (6144K)
 Metaspace       used 21389K, committed 21504K, reserved 1114112K
  class space    used 2307K, committed 2368K, reserved 1048576K
}
Event: 0,914 GC heap before
{Heap before GC invocations=3 (full 0):
 garbage-first heap   total 40960K, used 28817K [0x0000000728000000, 0x0000000800000000)
  region size 2048K, 13 young (26624K), 3 survivors (6144K)
 Metaspace       used 24112K, committed 24384K, reserved 1114112K
  class space    used 2915K, committed 3008K, reserved 1048576K
}
Event: 0,927 GC heap after
{Heap after GC invocations=4 (full 0):
 garbage-first heap   total 40960K, used 12288K [0x0000000728000000, 0x0000000800000000)
  region size 2048K, 4 young (8192K), 4 survivors (8192K)
 Metaspace       used 24112K, committed 24384K, reserved 1114112K
  class space    used 2915K, committed 3008K, reserved 1048576K
}
Event: 1,019 GC heap before
{Heap before GC invocations=4 (full 0):
 garbage-first heap   total 40960K, used 28672K [0x0000000728000000, 0x0000000800000000)
  region size 2048K, 12 young (24576K), 4 survivors (8192K)
 Metaspace       used 24263K, committed 24512K, reserved 1114112K
  class space    used 2915K, committed 3008K, reserved 1048576K
}
Event: 1,038 GC heap after
{Heap after GC invocations=5 (full 0):
 garbage-first heap   total 45056K, used 19032K [0x0000000728000000, 0x0000000800000000)
  region size 2048K, 2 young (4096K), 2 survivors (4096K)
 Metaspace       used 24263K, committed 24512K, reserved 1114112K
  class space    used 2915K, committed 3008K, reserved 1048576K
}
Event: 1,169 GC heap before
{Heap before GC invocations=5 (full 0):
 garbage-first heap   total 45056K, used 29272K [0x0000000728000000, 0x0000000800000000)
  region size 2048K, 7 young (14336K), 2 survivors (4096K)
 Metaspace       used 24860K, committed 25024K, reserved 1114112K
  class space    used 2979K, committed 3072K, reserved 1048576K
}
Event: 1,178 GC heap after
{Heap after GC invocations=6 (full 0):
 garbage-first heap   total 45056K, used 22034K [0x0000000728000000, 0x0000000800000000)
  region size 2048K, 1 young (2048K), 1 survivors (2048K)
 Metaspace       used 24860K, committed 25024K, reserved 1114112K
  class space    used 2979K, committed 3072K, reserved 1048576K
}
Event: 1,327 GC heap before
{Heap before GC invocations=6 (full 0):
 garbage-first heap   total 45056K, used 30226K [0x0000000728000000, 0x0000000800000000)
  region size 2048K, 5 young (10240K), 1 survivors (2048K)
 Metaspace       used 27504K, committed 27712K, reserved 1114112K
  class space    used 3494K, committed 3584K, reserved 1048576K
}
Event: 1,332 GC heap after
{Heap after GC invocations=7 (full 0):
 garbage-first heap   total 45056K, used 23256K [0x0000000728000000, 0x0000000800000000)
  region size 2048K, 1 young (2048K), 1 survivors (2048K)
 Metaspace       used 27504K, committed 27712K, reserved 1114112K
  class space    used 3494K, committed 3584K, reserved 1048576K
}
Event: 1,481 GC heap before
{Heap before GC invocations=8 (full 0):
 garbage-first heap   total 45056K, used 31448K [0x0000000728000000, 0x0000000800000000)
  region size 2048K, 5 young (10240K), 1 survivors (2048K)
 Metaspace       used 29353K, committed 29568K, reserved 1114112K
  class space    used 3710K, committed 3840K, reserved 1048576K
}
Event: 1,485 GC heap after
{Heap after GC invocations=9 (full 0):
 garbage-first heap   total 45056K, used 23982K [0x0000000728000000, 0x0000000800000000)
  region size 2048K, 1 young (2048K), 1 survivors (2048K)
 Metaspace       used 29353K, committed 29568K, reserved 1114112K
  class space    used 3710K, committed 3840K, reserved 1048576K
}
Event: 1,507 GC heap before
{Heap before GC invocations=9 (full 0):
 garbage-first heap   total 45056K, used 28078K [0x0000000728000000, 0x0000000800000000)
  region size 2048K, 2 young (4096K), 1 survivors (2048K)
 Metaspace       used 29519K, committed 29760K, reserved 1114112K
  class space    used 3723K, committed 3840K, reserved 1048576K
}
Event: 1,512 GC heap after
{Heap after GC invocations=10 (full 0):
 garbage-first heap   total 133120K, used 24711K [0x0000000728000000, 0x0000000800000000)
  region size 2048K, 1 young (2048K), 1 survivors (2048K)
 Metaspace       used 29519K, committed 29760K, reserved 1114112K
  class space    used 3723K, committed 3840K, reserved 1048576K
}
Event: 2,466 GC heap before
{Heap before GC invocations=10 (full 0):
 garbage-first heap   total 133120K, used 90247K [0x0000000728000000, 0x0000000800000000)
  region size 2048K, 33 young (67584K), 1 survivors (2048K)
 Metaspace       used 41256K, committed 41472K, reserved 1114112K
  class space    used 4959K, committed 5056K, reserved 1048576K
}
Event: 2,474 GC heap after
{Heap after GC invocations=11 (full 0):
 garbage-first heap   total 133120K, used 29369K [0x0000000728000000, 0x0000000800000000)
  region size 2048K, 5 young (10240K), 5 survivors (10240K)
 Metaspace       used 41256K, committed 41472K, reserved 1114112K
  class space    used 4959K, committed 5056K, reserved 1048576K
}
Event: 3,150 GC heap before
{Heap before GC invocations=11 (full 0):
 garbage-first heap   total 133120K, used 76473K [0x0000000728000000, 0x0000000800000000)
  region size 2048K, 28 young (57344K), 5 survivors (10240K)
 Metaspace       used 46658K, committed 46848K, reserved 1114112K
  class space    used 5568K, committed 5632K, reserved 1048576K
}
Event: 3,162 GC heap after
{Heap after GC invocations=12 (full 0):
 garbage-first heap   total 133120K, used 41476K [0x0000000728000000, 0x0000000800000000)
  region size 2048K, 5 young (10240K), 5 survivors (10240K)
 Metaspace       used 46658K, committed 46848K, reserved 1114112K
  class space    used 5568K, committed 5632K, reserved 1048576K
}

