# JRE version: OpenJDK Runtime Environment (17.0.9) (build 17.0.9+0-17.0.9b1087.7-11185874)
# Java VM: OpenJDK 64-Bit Server VM (17.0.9+0-17.0.9b1087.7-11185874, mixed mode, tiered, compressed oops, compressed class ptrs, parallel gc, linux-amd64)
GC Precious Log:
 CPUs: 16 total, 12 available
 Memory: 13817M
 Large Page Support: Disabled
 NUMA Support: Disabled
 Compressed Oops: Enabled (Zero based)
 Alignments: Space 512K, Generation 512K, Heap 2M
 Heap Min Capacity: 8M
 Heap Initial Capacity: 216M
 Heap Max Capacity: 4608M
 Pre-touch: Disabled
 Parallel Workers: 10
Heap:
 PSYoungGen      total 116224K, used 85949K [0x00000007a0000000, 0x00000007a8f80000, 0x0000000800000000)
  eden space 107008K, 71% used [0x00000007a0000000,0x00000007a4af3910,0x00000007a6880000)
  from space 9216K, 99% used [0x00000007a6c00000,0x00000007a74fbe60,0x00000007a7500000)
  to   space 19968K, 0% used [0x00000007a7c00000,0x00000007a7c00000,0x00000007a8f80000)
 ParOldGen       total 147456K, used 36156K [0x00000006e0000000, 0x00000006e9000000, 0x00000007a0000000)
  object space 147456K, 24% used [0x00000006e0000000,0x00000006e234f3f0,0x00000006e9000000)
 Metaspace       used 55904K, committed 56512K, reserved 917504K
  class space    used 7555K, committed 7808K, reserved 851968K
GC Heap History (14 events):
Event: 0,455 GC heap before
{Heap before GC invocations=1 (full 0):
 PSYoungGen      total 64512K, used 55296K [0x00000007a0000000, 0x00000007a4800000, 0x0000000800000000)
  eden space 55296K, 100% used [0x00000007a0000000,0x00000007a3600000,0x00000007a3600000)
  from space 9216K, 0% used [0x00000007a3f00000,0x00000007a3f00000,0x00000007a4800000)
  to   space 9216K, 0% used [0x00000007a3600000,0x00000007a3600000,0x00000007a3f00000)
 ParOldGen       total 147456K, used 0K [0x00000006e0000000, 0x00000006e9000000, 0x00000007a0000000)
  object space 147456K, 0% used [0x00000006e0000000,0x00000006e0000000,0x00000006e9000000)
 Metaspace       used 11494K, committed 11648K, reserved 917504K
  class space    used 1207K, committed 1280K, reserved 851968K
}
Event: 0,460 GC heap after
{Heap after GC invocations=1 (full 0):
 PSYoungGen      total 64512K, used 9193K [0x00000007a0000000, 0x00000007a7e00000, 0x0000000800000000)
  eden space 55296K, 0% used [0x00000007a0000000,0x00000007a0000000,0x00000007a3600000)
  from space 9216K, 99% used [0x00000007a3600000,0x00000007a3efa4e0,0x00000007a3f00000)
  to   space 9216K, 0% used [0x00000007a7500000,0x00000007a7500000,0x00000007a7e00000)
 ParOldGen       total 147456K, used 4757K [0x00000006e0000000, 0x00000006e9000000, 0x00000007a0000000)
  object space 147456K, 3% used [0x00000006e0000000,0x00000006e04a5490,0x00000006e9000000)
 Metaspace       used 11494K, committed 11648K, reserved 917504K
  class space    used 1207K, committed 1280K, reserved 851968K
}
Event: 0,871 GC heap before
{Heap before GC invocations=2 (full 0):
 PSYoungGen      total 64512K, used 45511K [0x00000007a0000000, 0x00000007a7e00000, 0x0000000800000000)
  eden space 55296K, 65% used [0x00000007a0000000,0x00000007a2377a60,0x00000007a3600000)
  from space 9216K, 99% used [0x00000007a3600000,0x00000007a3efa4e0,0x00000007a3f00000)
  to   space 9216K, 0% used [0x00000007a7500000,0x00000007a7500000,0x00000007a7e00000)
 ParOldGen       total 147456K, used 4757K [0x00000006e0000000, 0x00000006e9000000, 0x00000007a0000000)
  object space 147456K, 3% used [0x00000006e0000000,0x00000006e04a5490,0x00000006e9000000)
 Metaspace       used 21307K, committed 21504K, reserved 917504K
  class space    used 2535K, committed 2624K, reserved 851968K
}
Event: 0,876 GC heap after
{Heap after GC invocations=2 (full 0):
 PSYoungGen      total 119808K, used 9185K [0x00000007a0000000, 0x00000007a7e00000, 0x0000000800000000)
  eden space 110592K, 0% used [0x00000007a0000000,0x00000007a0000000,0x00000007a6c00000)
  from space 9216K, 99% used [0x00000007a7500000,0x00000007a7df85b0,0x00000007a7e00000)
  to   space 9216K, 0% used [0x00000007a6c00000,0x00000007a6c00000,0x00000007a7500000)
 ParOldGen       total 147456K, used 8110K [0x00000006e0000000, 0x00000006e9000000, 0x00000007a0000000)
  object space 147456K, 5% used [0x00000006e0000000,0x00000006e07eba98,0x00000006e9000000)
 Metaspace       used 21307K, committed 21504K, reserved 917504K
  class space    used 2535K, committed 2624K, reserved 851968K
}
Event: 0,876 GC heap before
{Heap before GC invocations=3 (full 1):
 PSYoungGen      total 119808K, used 9185K [0x00000007a0000000, 0x00000007a7e00000, 0x0000000800000000)
  eden space 110592K, 0% used [0x00000007a0000000,0x00000007a0000000,0x00000007a6c00000)
  from space 9216K, 99% used [0x00000007a7500000,0x00000007a7df85b0,0x00000007a7e00000)
  to   space 9216K, 0% used [0x00000007a6c00000,0x00000007a6c00000,0x00000007a7500000)
 ParOldGen       total 147456K, used 8110K [0x00000006e0000000, 0x00000006e9000000, 0x00000007a0000000)
  object space 147456K, 5% used [0x00000006e0000000,0x00000006e07eba98,0x00000006e9000000)
 Metaspace       used 21307K, committed 21504K, reserved 917504K
  class space    used 2535K, committed 2624K, reserved 851968K
}
Event: 0,885 GC heap after
{Heap after GC invocations=3 (full 1):
 PSYoungGen      total 119808K, used 0K [0x00000007a0000000, 0x00000007a7e00000, 0x0000000800000000)
  eden space 110592K, 0% used [0x00000007a0000000,0x00000007a0000000,0x00000007a6c00000)
  from space 9216K, 0% used [0x00000007a7500000,0x00000007a7500000,0x00000007a7e00000)
  to   space 9216K, 0% used [0x00000007a6c00000,0x00000007a6c00000,0x00000007a7500000)
 ParOldGen       total 147456K, used 16936K [0x00000006e0000000, 0x00000006e9000000, 0x00000007a0000000)
  object space 147456K, 11% used [0x00000006e0000000,0x00000006e108a000,0x00000006e9000000)
 Metaspace       used 21307K, committed 21504K, reserved 917504K
  class space    used 2535K, committed 2624K, reserved 851968K
}
Event: 1,714 GC heap before
{Heap before GC invocations=4 (full 1):
 PSYoungGen      total 119808K, used 110592K [0x00000007a0000000, 0x00000007a7e00000, 0x0000000800000000)
  eden space 110592K, 100% used [0x00000007a0000000,0x00000007a6c00000,0x00000007a6c00000)
  from space 9216K, 0% used [0x00000007a7500000,0x00000007a7500000,0x00000007a7e00000)
  to   space 9216K, 0% used [0x00000007a6c00000,0x00000007a6c00000,0x00000007a7500000)
 ParOldGen       total 147456K, used 16936K [0x00000006e0000000, 0x00000006e9000000, 0x00000007a0000000)
  object space 147456K, 11% used [0x00000006e0000000,0x00000006e108a000,0x00000006e9000000)
 Metaspace       used 33401K, committed 33728K, reserved 917504K
  class space    used 4600K, committed 4736K, reserved 851968K
}
Event: 1,719 GC heap after
{Heap after GC invocations=4 (full 1):
 PSYoungGen      total 119808K, used 9214K [0x00000007a0000000, 0x00000007a7e00000, 0x0000000800000000)
  eden space 110592K, 0% used [0x00000007a0000000,0x00000007a0000000,0x00000007a6c00000)
  from space 9216K, 99% used [0x00000007a6c00000,0x00000007a74ff890,0x00000007a7500000)
  to   space 9216K, 0% used [0x00000007a7500000,0x00000007a7500000,0x00000007a7e00000)
 ParOldGen       total 147456K, used 26115K [0x00000006e0000000, 0x00000006e9000000, 0x00000007a0000000)
  object space 147456K, 17% used [0x00000006e0000000,0x00000006e1980ed8,0x00000006e9000000)
 Metaspace       used 33401K, committed 33728K, reserved 917504K
  class space    used 4600K, committed 4736K, reserved 851968K
}
Event: 1,847 GC heap before
{Heap before GC invocations=5 (full 1):
 PSYoungGen      total 119808K, used 27230K [0x00000007a0000000, 0x00000007a7e00000, 0x0000000800000000)
  eden space 110592K, 16% used [0x00000007a0000000,0x00000007a1198120,0x00000007a6c00000)
  from space 9216K, 99% used [0x00000007a6c00000,0x00000007a74ff890,0x00000007a7500000)
  to   space 9216K, 0% used [0x00000007a7500000,0x00000007a7500000,0x00000007a7e00000)
 ParOldGen       total 147456K, used 26115K [0x00000006e0000000, 0x00000006e9000000, 0x00000007a0000000)
  object space 147456K, 17% used [0x00000006e0000000,0x00000006e1980ed8,0x00000006e9000000)
 Metaspace       used 35481K, committed 35840K, reserved 917504K
  class space    used 4930K, committed 5120K, reserved 851968K
}
Event: 1,849 GC heap after
{Heap after GC invocations=5 (full 1):
 PSYoungGen      total 119808K, used 9191K [0x00000007a0000000, 0x00000007a7e00000, 0x0000000800000000)
  eden space 110592K, 0% used [0x00000007a0000000,0x00000007a0000000,0x00000007a6c00000)
  from space 9216K, 99% used [0x00000007a7500000,0x00000007a7df9e00,0x00000007a7e00000)
  to   space 9216K, 0% used [0x00000007a6c00000,0x00000007a6c00000,0x00000007a7500000)
 ParOldGen       total 147456K, used 26876K [0x00000006e0000000, 0x00000006e9000000, 0x00000007a0000000)
  object space 147456K, 18% used [0x00000006e0000000,0x00000006e1a3f2f8,0x00000006e9000000)
 Metaspace       used 35481K, committed 35840K, reserved 917504K
  class space    used 4930K, committed 5120K, reserved 851968K
}
Event: 1,849 GC heap before
{Heap before GC invocations=6 (full 2):
 PSYoungGen      total 119808K, used 9191K [0x00000007a0000000, 0x00000007a7e00000, 0x0000000800000000)
  eden space 110592K, 0% used [0x00000007a0000000,0x00000007a0000000,0x00000007a6c00000)
  from space 9216K, 99% used [0x00000007a7500000,0x00000007a7df9e00,0x00000007a7e00000)
  to   space 9216K, 0% used [0x00000007a6c00000,0x00000007a6c00000,0x00000007a7500000)
 ParOldGen       total 147456K, used 26876K [0x00000006e0000000, 0x00000006e9000000, 0x00000007a0000000)
  object space 147456K, 18% used [0x00000006e0000000,0x00000006e1a3f2f8,0x00000006e9000000)
 Metaspace       used 35481K, committed 35840K, reserved 917504K
  class space    used 4930K, committed 5120K, reserved 851968K
}
Event: 1,865 GC heap after
{Heap after GC invocations=6 (full 2):
 PSYoungGen      total 119808K, used 0K [0x00000007a0000000, 0x00000007a7e00000, 0x0000000800000000)
  eden space 110592K, 0% used [0x00000007a0000000,0x00000007a0000000,0x00000007a6c00000)
  from space 9216K, 0% used [0x00000007a7500000,0x00000007a7500000,0x00000007a7e00000)
  to   space 9216K, 0% used [0x00000007a6c00000,0x00000007a6c00000,0x00000007a7500000)
 ParOldGen       total 147456K, used 35612K [0x00000006e0000000, 0x00000006e9000000, 0x00000007a0000000)
  object space 147456K, 24% used [0x00000006e0000000,0x00000006e22c7398,0x00000006e9000000)
 Metaspace       used 35481K, committed 35840K, reserved 917504K
  class space    used 4930K, committed 5120K, reserved 851968K
}
Event: 2,674 GC heap before
{Heap before GC invocations=7 (full 2):
 PSYoungGen      total 119808K, used 110592K [0x00000007a0000000, 0x00000007a7e00000, 0x0000000800000000)
  eden space 110592K, 100% used [0x00000007a0000000,0x00000007a6c00000,0x00000007a6c00000)
  from space 9216K, 0% used [0x00000007a7500000,0x00000007a7500000,0x00000007a7e00000)
  to   space 9216K, 0% used [0x00000007a6c00000,0x00000007a6c00000,0x00000007a7500000)
 ParOldGen       total 147456K, used 35612K [0x00000006e0000000, 0x00000006e9000000, 0x00000007a0000000)
  object space 147456K, 24% used [0x00000006e0000000,0x00000006e22c7398,0x00000006e9000000)
 Metaspace       used 48301K, committed 48832K, reserved 917504K
  class space    used 6488K, committed 6720K, reserved 851968K
}
Event: 2,678 GC heap after
{Heap after GC invocations=7 (full 2):
 PSYoungGen      total 116224K, used 9199K [0x00000007a0000000, 0x00000007a8f80000, 0x0000000800000000)
  eden space 107008K, 0% used [0x00000007a0000000,0x00000007a0000000,0x00000007a6880000)
  from space 9216K, 99% used [0x00000007a6c00000,0x00000007a74fbe60,0x00000007a7500000)
  to   space 19968K, 0% used [0x00000007a7c00000,0x00000007a7c00000,0x00000007a8f80000)
 ParOldGen       total 147456K, used 36156K [0x00000006e0000000, 0x00000006e9000000, 0x00000007a0000000)
  object space 147456K, 24% used [0x00000006e0000000,0x00000006e234f3f0,0x00000006e9000000)
 Metaspace       used 48301K, committed 48832K, reserved 917504K
  class space    used 6488K, committed 6720K, reserved 851968K
}

