# JRE version: OpenJDK Runtime Environment (17.0.9) (build 17.0.9+0-17.0.9b1087.7-11185874)
# Java VM: OpenJDK 64-Bit Server VM (17.0.9+0-17.0.9b1087.7-11185874, mixed mode, tiered, compressed oops, compressed class ptrs, parallel gc, linux-amd64)
GC Precious Log:
 CPUs: 16 total, 12 available
 Memory: 13817M
 Large Page Support: Disabled
 NUMA Support: Disabled
 Compressed Oops: Enabled (Zero based)
 Alignments: Space 512K, Generation 512K, Heap 2M
 Heap Min Capacity: 8M
 Heap Initial Capacity: 216M
 Heap Max Capacity: 4608M
 Pre-touch: Disabled
 Parallel Workers: 10
Heap:
 PSYoungGen      total 1163264K, used 173030K [0x00000007a0000000, 0x0000000800000000, 0x0000000800000000)
  eden space 990208K, 0% used [0x00000007a0000000,0x00000007a0000000,0x00000007dc700000)
  from space 173056K, 99% used [0x00000007f5700000,0x00000007ffff98a0,0x0000000800000000)
  to   space 291328K, 0% used [0x00000007dc700000,0x00000007dc700000,0x00000007ee380000)
 ParOldGen       total 751616K, used 716399K [0x00000006e0000000, 0x000000070de00000, 0x00000007a0000000)
  object space 751616K, 95% used [0x00000006e0000000,0x000000070bb9bf40,0x000000070de00000)
 Metaspace       used 188500K, committed 191360K, reserved 1048576K
  class space    used 25293K, committed 26688K, reserved 851968K
GC Heap History (20 events):
Event: 2276,445 GC heap after
{Heap after GC invocations=40 (full 6):
 PSYoungGen      total 1099776K, used 44478K [0x00000007a0000000, 0x00000007f0000000, 0x0000000800000000)
  eden space 1004032K, 0% used [0x00000007a0000000,0x00000007a0000000,0x00000007dd480000)
  from space 95744K, 46% used [0x00000007dd480000,0x00000007dffefb78,0x00000007e3200000)
  to   space 92672K, 0% used [0x00000007ea580000,0x00000007ea580000,0x00000007f0000000)
 ParOldGen       total 418816K, used 336016K [0x00000006e0000000, 0x00000006f9900000, 0x00000007a0000000)
  object space 418816K, 80% used [0x00000006e0000000,0x00000006f4824058,0x00000006f9900000)
 Metaspace       used 173050K, committed 175040K, reserved 1048576K
  class space    used 23399K, committed 24384K, reserved 851968K
}
Event: 2633,167 GC heap before
{Heap before GC invocations=41 (full 6):
 PSYoungGen      total 1099776K, used 1048510K [0x00000007a0000000, 0x00000007f0000000, 0x0000000800000000)
  eden space 1004032K, 100% used [0x00000007a0000000,0x00000007dd480000,0x00000007dd480000)
  from space 95744K, 46% used [0x00000007dd480000,0x00000007dffefb78,0x00000007e3200000)
  to   space 92672K, 0% used [0x00000007ea580000,0x00000007ea580000,0x00000007f0000000)
 ParOldGen       total 418816K, used 336016K [0x00000006e0000000, 0x00000006f9900000, 0x00000007a0000000)
  object space 418816K, 80% used [0x00000006e0000000,0x00000006f4824058,0x00000006f9900000)
 Metaspace       used 175197K, committed 177920K, reserved 1048576K
  class space    used 23837K, committed 25152K, reserved 851968K
}
Event: 2633,188 GC heap after
{Heap after GC invocations=41 (full 6):
 PSYoungGen      total 1175040K, used 42411K [0x00000007a0000000, 0x00000007ee780000, 0x0000000800000000)
  eden space 1107456K, 0% used [0x00000007a0000000,0x00000007a0000000,0x00000007e3980000)
  from space 67584K, 62% used [0x00000007ea580000,0x00000007eceeae60,0x00000007ee780000)
  to   space 89088K, 0% used [0x00000007e3980000,0x00000007e3980000,0x00000007e9080000)
 ParOldGen       total 418816K, used 336492K [0x00000006e0000000, 0x00000006f9900000, 0x00000007a0000000)
  object space 418816K, 80% used [0x00000006e0000000,0x00000006f489b068,0x00000006f9900000)
 Metaspace       used 175197K, committed 177920K, reserved 1048576K
  class space    used 23837K, committed 25152K, reserved 851968K
}
Event: 3298,730 GC heap before
{Heap before GC invocations=42 (full 6):
 PSYoungGen      total 1175040K, used 1149867K [0x00000007a0000000, 0x00000007ee780000, 0x0000000800000000)
  eden space 1107456K, 100% used [0x00000007a0000000,0x00000007e3980000,0x00000007e3980000)
  from space 67584K, 62% used [0x00000007ea580000,0x00000007eceeae60,0x00000007ee780000)
  to   space 89088K, 0% used [0x00000007e3980000,0x00000007e3980000,0x00000007e9080000)
 ParOldGen       total 418816K, used 336492K [0x00000006e0000000, 0x00000006f9900000, 0x00000007a0000000)
  object space 418816K, 80% used [0x00000006e0000000,0x00000006f489b068,0x00000006f9900000)
 Metaspace       used 175440K, committed 178112K, reserved 1048576K
  class space    used 23839K, committed 25152K, reserved 851968K
}
Event: 3298,745 GC heap after
{Heap after GC invocations=42 (full 6):
 PSYoungGen      total 1196544K, used 22064K [0x00000007a0000000, 0x00000007f3f80000, 0x0000000800000000)
  eden space 1107456K, 0% used [0x00000007a0000000,0x00000007a0000000,0x00000007e3980000)
  from space 89088K, 24% used [0x00000007e3980000,0x00000007e4f0c050,0x00000007e9080000)
  to   space 86528K, 0% used [0x00000007eeb00000,0x00000007eeb00000,0x00000007f3f80000)
 ParOldGen       total 418816K, used 336500K [0x00000006e0000000, 0x00000006f9900000, 0x00000007a0000000)
  object space 418816K, 80% used [0x00000006e0000000,0x00000006f489d068,0x00000006f9900000)
 Metaspace       used 175440K, committed 178112K, reserved 1048576K
  class space    used 23839K, committed 25152K, reserved 851968K
}
Event: 3415,376 GC heap before
{Heap before GC invocations=43 (full 6):
 PSYoungGen      total 1196544K, used 1129520K [0x00000007a0000000, 0x00000007f3f80000, 0x0000000800000000)
  eden space 1107456K, 100% used [0x00000007a0000000,0x00000007e3980000,0x00000007e3980000)
  from space 89088K, 24% used [0x00000007e3980000,0x00000007e4f0c050,0x00000007e9080000)
  to   space 86528K, 0% used [0x00000007eeb00000,0x00000007eeb00000,0x00000007f3f80000)
 ParOldGen       total 418816K, used 336500K [0x00000006e0000000, 0x00000006f9900000, 0x00000007a0000000)
  object space 418816K, 80% used [0x00000006e0000000,0x00000006f489d068,0x00000006f9900000)
 Metaspace       used 175867K, committed 178688K, reserved 1048576K
  class space    used 23912K, committed 25280K, reserved 851968K
}
Event: 3415,396 GC heap after
{Heap after GC invocations=43 (full 6):
 PSYoungGen      total 1249280K, used 40624K [0x00000007a0000000, 0x00000007f2900000, 0x0000000800000000)
  eden space 1185792K, 0% used [0x00000007a0000000,0x00000007a0000000,0x00000007e8600000)
  from space 63488K, 63% used [0x00000007eeb00000,0x00000007f12ac050,0x00000007f2900000)
  to   space 83456K, 0% used [0x00000007e8600000,0x00000007e8600000,0x00000007ed780000)
 ParOldGen       total 418816K, used 336508K [0x00000006e0000000, 0x00000006f9900000, 0x00000007a0000000)
  object space 418816K, 80% used [0x00000006e0000000,0x00000006f489f068,0x00000006f9900000)
 Metaspace       used 175867K, committed 178688K, reserved 1048576K
  class space    used 23912K, committed 25280K, reserved 851968K
}
Event: 3562,998 GC heap before
{Heap before GC invocations=44 (full 6):
 PSYoungGen      total 1249280K, used 1226416K [0x00000007a0000000, 0x00000007f2900000, 0x0000000800000000)
  eden space 1185792K, 100% used [0x00000007a0000000,0x00000007e8600000,0x00000007e8600000)
  from space 63488K, 63% used [0x00000007eeb00000,0x00000007f12ac050,0x00000007f2900000)
  to   space 83456K, 0% used [0x00000007e8600000,0x00000007e8600000,0x00000007ed780000)
 ParOldGen       total 418816K, used 336508K [0x00000006e0000000, 0x00000006f9900000, 0x00000007a0000000)
  object space 418816K, 80% used [0x00000006e0000000,0x00000006f489f068,0x00000006f9900000)
 Metaspace       used 176012K, committed 178816K, reserved 1048576K
  class space    used 23916K, committed 25280K, reserved 851968K
}
Event: 3563,020 GC heap after
{Heap after GC invocations=44 (full 6):
 PSYoungGen      total 1269248K, used 43239K [0x00000007a0000000, 0x00000007f6680000, 0x0000000800000000)
  eden space 1185792K, 0% used [0x00000007a0000000,0x00000007a0000000,0x00000007e8600000)
  from space 83456K, 51% used [0x00000007e8600000,0x00000007eb039c48,0x00000007ed780000)
  to   space 80896K, 0% used [0x00000007f1780000,0x00000007f1780000,0x00000007f6680000)
 ParOldGen       total 418816K, used 336516K [0x00000006e0000000, 0x00000006f9900000, 0x00000007a0000000)
  object space 418816K, 80% used [0x00000006e0000000,0x00000006f48a1068,0x00000006f9900000)
 Metaspace       used 176012K, committed 178816K, reserved 1048576K
  class space    used 23916K, committed 25280K, reserved 851968K
}
Event: 3563,682 GC heap before
{Heap before GC invocations=45 (full 6):
 PSYoungGen      total 1269248K, used 1229031K [0x00000007a0000000, 0x00000007f6680000, 0x0000000800000000)
  eden space 1185792K, 100% used [0x00000007a0000000,0x00000007e8600000,0x00000007e8600000)
  from space 83456K, 51% used [0x00000007e8600000,0x00000007eb039c48,0x00000007ed780000)
  to   space 80896K, 0% used [0x00000007f1780000,0x00000007f1780000,0x00000007f6680000)
 ParOldGen       total 418816K, used 336516K [0x00000006e0000000, 0x00000006f9900000, 0x00000007a0000000)
  object space 418816K, 80% used [0x00000006e0000000,0x00000006f48a1068,0x00000006f9900000)
 Metaspace       used 176046K, committed 178816K, reserved 1048576K
  class space    used 23916K, committed 25280K, reserved 851968K
}
Event: 3563,718 GC heap after
{Heap after GC invocations=45 (full 6):
 PSYoungGen      total 1323008K, used 80202K [0x00000007a0000000, 0x00000007fc080000, 0x0000000800000000)
  eden space 1242112K, 0% used [0x00000007a0000000,0x00000007a0000000,0x00000007ebd00000)
  from space 80896K, 99% used [0x00000007f1780000,0x00000007f65d2b58,0x00000007f6680000)
  to   space 92672K, 0% used [0x00000007ebd00000,0x00000007ebd00000,0x00000007f1780000)
 ParOldGen       total 418816K, used 336524K [0x00000006e0000000, 0x00000006f9900000, 0x00000007a0000000)
  object space 418816K, 80% used [0x00000006e0000000,0x00000006f48a3068,0x00000006f9900000)
 Metaspace       used 176046K, committed 178816K, reserved 1048576K
  class space    used 23916K, committed 25280K, reserved 851968K
}
Event: 3721,706 GC heap before
{Heap before GC invocations=46 (full 6):
 PSYoungGen      total 1323008K, used 1322314K [0x00000007a0000000, 0x00000007fc080000, 0x0000000800000000)
  eden space 1242112K, 100% used [0x00000007a0000000,0x00000007ebd00000,0x00000007ebd00000)
  from space 80896K, 99% used [0x00000007f1780000,0x00000007f65d2b58,0x00000007f6680000)
  to   space 92672K, 0% used [0x00000007ebd00000,0x00000007ebd00000,0x00000007f1780000)
 ParOldGen       total 418816K, used 336524K [0x00000006e0000000, 0x00000006f9900000, 0x00000007a0000000)
  object space 418816K, 80% used [0x00000006e0000000,0x00000006f48a3068,0x00000006f9900000)
 Metaspace       used 176147K, committed 178944K, reserved 1048576K
  class space    used 23921K, committed 25280K, reserved 851968K
}
Event: 3721,711 GC heap after
{Heap after GC invocations=46 (full 6):
 PSYoungGen      total 1334784K, used 9973K [0x00000007a0000000, 0x00000007fe880000, 0x0000000800000000)
  eden space 1242112K, 0% used [0x00000007a0000000,0x00000007a0000000,0x00000007ebd00000)
  from space 92672K, 10% used [0x00000007ebd00000,0x00000007ec6bd478,0x00000007f1780000)
  to   space 92672K, 0% used [0x00000007f8e00000,0x00000007f8e00000,0x00000007fe880000)
 ParOldGen       total 418816K, used 336532K [0x00000006e0000000, 0x00000006f9900000, 0x00000007a0000000)
  object space 418816K, 80% used [0x00000006e0000000,0x00000006f48a5068,0x00000006f9900000)
 Metaspace       used 176147K, committed 178944K, reserved 1048576K
  class space    used 23921K, committed 25280K, reserved 851968K
}
Event: 3723,169 GC heap before
{Heap before GC invocations=47 (full 6):
 PSYoungGen      total 1334784K, used 1252085K [0x00000007a0000000, 0x00000007fe880000, 0x0000000800000000)
  eden space 1242112K, 100% used [0x00000007a0000000,0x00000007ebd00000,0x00000007ebd00000)
  from space 92672K, 10% used [0x00000007ebd00000,0x00000007ec6bd478,0x00000007f1780000)
  to   space 92672K, 0% used [0x00000007f8e00000,0x00000007f8e00000,0x00000007fe880000)
 ParOldGen       total 418816K, used 336532K [0x00000006e0000000, 0x00000006f9900000, 0x00000007a0000000)
  object space 418816K, 80% used [0x00000006e0000000,0x00000006f48a5068,0x00000006f9900000)
 Metaspace       used 186731K, committed 189568K, reserved 1048576K
  class space    used 25172K, committed 26560K, reserved 851968K
}
Event: 3723,246 GC heap after
{Heap after GC invocations=47 (full 6):
 PSYoungGen      total 1319424K, used 92665K [0x00000007a0000000, 0x0000000800000000, 0x0000000800000000)
  eden space 1226752K, 0% used [0x00000007a0000000,0x00000007a0000000,0x00000007eae00000)
  from space 92672K, 99% used [0x00000007f8e00000,0x00000007fe87e6b0,0x00000007fe880000)
  to   space 173056K, 0% used [0x00000007eae00000,0x00000007eae00000,0x00000007f5700000)
 ParOldGen       total 513536K, used 513374K [0x00000006e0000000, 0x00000006ff580000, 0x00000007a0000000)
  object space 513536K, 99% used [0x00000006e0000000,0x00000006ff557818,0x00000006ff580000)
 Metaspace       used 186731K, committed 189568K, reserved 1048576K
  class space    used 25172K, committed 26560K, reserved 851968K
}
Event: 3723,246 GC heap before
{Heap before GC invocations=48 (full 7):
 PSYoungGen      total 1319424K, used 92665K [0x00000007a0000000, 0x0000000800000000, 0x0000000800000000)
  eden space 1226752K, 0% used [0x00000007a0000000,0x00000007a0000000,0x00000007eae00000)
  from space 92672K, 99% used [0x00000007f8e00000,0x00000007fe87e6b0,0x00000007fe880000)
  to   space 173056K, 0% used [0x00000007eae00000,0x00000007eae00000,0x00000007f5700000)
 ParOldGen       total 513536K, used 513374K [0x00000006e0000000, 0x00000006ff580000, 0x00000007a0000000)
  object space 513536K, 99% used [0x00000006e0000000,0x00000006ff557818,0x00000006ff580000)
 Metaspace       used 186731K, committed 189568K, reserved 1048576K
  class space    used 25172K, committed 26560K, reserved 851968K
}
Event: 3723,486 GC heap after
{Heap after GC invocations=48 (full 7):
 PSYoungGen      total 1399808K, used 0K [0x00000007a0000000, 0x0000000800000000, 0x0000000800000000)
  eden space 1226752K, 0% used [0x00000007a0000000,0x00000007a0000000,0x00000007eae00000)
  from space 173056K, 0% used [0x00000007eae00000,0x00000007eae00000,0x00000007f5700000)
  to   space 173056K, 0% used [0x00000007f5700000,0x00000007f5700000,0x0000000800000000)
 ParOldGen       total 751616K, used 478468K [0x00000006e0000000, 0x000000070de00000, 0x00000007a0000000)
  object space 751616K, 63% used [0x00000006e0000000,0x00000006fd3410d0,0x000000070de00000)
 Metaspace       used 186651K, committed 189568K, reserved 1048576K
  class space    used 25151K, committed 26560K, reserved 851968K
}
Event: 3725,340 GC heap before
{Heap before GC invocations=49 (full 7):
 PSYoungGen      total 1399808K, used 1226752K [0x00000007a0000000, 0x0000000800000000, 0x0000000800000000)
  eden space 1226752K, 100% used [0x00000007a0000000,0x00000007eae00000,0x00000007eae00000)
  from space 173056K, 0% used [0x00000007eae00000,0x00000007eae00000,0x00000007f5700000)
  to   space 173056K, 0% used [0x00000007f5700000,0x00000007f5700000,0x0000000800000000)
 ParOldGen       total 751616K, used 478468K [0x00000006e0000000, 0x000000070de00000, 0x00000007a0000000)
  object space 751616K, 63% used [0x00000006e0000000,0x00000006fd3410d0,0x000000070de00000)
 Metaspace       used 188500K, committed 191360K, reserved 1048576K
  class space    used 25293K, committed 26688K, reserved 851968K
}
Event: 3725,545 GC heap after
{Heap after GC invocations=49 (full 7):
 PSYoungGen      total 1163264K, used 173030K [0x00000007a0000000, 0x0000000800000000, 0x0000000800000000)
  eden space 990208K, 0% used [0x00000007a0000000,0x00000007a0000000,0x00000007dc700000)
  from space 173056K, 99% used [0x00000007f5700000,0x00000007ffff98a0,0x0000000800000000)
  to   space 291328K, 0% used [0x00000007dc700000,0x00000007dc700000,0x00000007ee380000)
 ParOldGen       total 751616K, used 716399K [0x00000006e0000000, 0x000000070de00000, 0x00000007a0000000)
  object space 751616K, 95% used [0x00000006e0000000,0x000000070bb9bf40,0x000000070de00000)
 Metaspace       used 188500K, committed 191360K, reserved 1048576K
  class space    used 25293K, committed 26688K, reserved 851968K
}
Event: 3725,545 GC heap before
{Heap before GC invocations=50 (full 8):
 PSYoungGen      total 1163264K, used 173030K [0x00000007a0000000, 0x0000000800000000, 0x0000000800000000)
  eden space 990208K, 0% used [0x00000007a0000000,0x00000007a0000000,0x00000007dc700000)
  from space 173056K, 99% used [0x00000007f5700000,0x00000007ffff98a0,0x0000000800000000)
  to   space 291328K, 0% used [0x00000007dc700000,0x00000007dc700000,0x00000007ee380000)
 ParOldGen       total 751616K, used 716399K [0x00000006e0000000, 0x000000070de00000, 0x00000007a0000000)
  object space 751616K, 95% used [0x00000006e0000000,0x000000070bb9bf40,0x000000070de00000)
 Metaspace       used 188500K, committed 191360K, reserved 1048576K
  class space    used 25293K, committed 26688K, reserved 851968K
}

