# JRE version: OpenJDK Runtime Environment (17.0.9) (build 17.0.9+0-17.0.9b1087.7-11185874)
# Java VM: OpenJDK 64-Bit Server VM (17.0.9+0-17.0.9b1087.7-11185874, mixed mode, tiered, compressed oops, compressed class ptrs, g1 gc, linux-amd64)
GC Precious Log:
 CPUs: 16 total, 12 available
 Memory: 13817M
 Large Page Support: Disabled
 NUMA Support: Disabled
 Compressed Oops: Enabled (Zero based)
 Heap Region Size: 4M
 Heap Min Capacity: 8M
 Heap Initial Capacity: 216M
 Heap Max Capacity: 4608M
 Pre-touch: Disabled
 Parallel Workers: 10
 Concurrent Workers: 3
 Concurrent Refinement Workers: 10
 Periodic GC: Disabled
Heap:
 garbage-first heap   total 491520K, used 319668K [0x00000006e0000000, 0x0000000800000000)
  region size 4096K, 47 young (192512K), 3 survivors (12288K)
 Metaspace       used 119023K, committed 119936K, reserved 1179648K
  class space    used 16203K, committed 16640K, reserved 1048576K
GC Heap History (20 events):
Event: 7,444 GC heap before
{Heap before GC invocations=39 (full 0):
 garbage-first heap   total 180224K, used 144225K [0x00000006e0000000, 0x0000000800000000)
  region size 4096K, 14 young (57344K), 2 survivors (8192K)
 Metaspace       used 97753K, committed 98496K, reserved 1179648K
  class space    used 13526K, committed 13888K, reserved 1048576K
}
Event: 7,449 GC heap after
{Heap after GC invocations=40 (full 0):
 garbage-first heap   total 217088K, used 98935K [0x00000006e0000000, 0x0000000800000000)
  region size 4096K, 2 young (8192K), 2 survivors (8192K)
 Metaspace       used 97753K, committed 98496K, reserved 1179648K
  class space    used 13526K, committed 13888K, reserved 1048576K
}
Event: 8,053 GC heap before
{Heap before GC invocations=41 (full 0):
 garbage-first heap   total 217088K, used 172663K [0x00000006e0000000, 0x0000000800000000)
  region size 4096K, 20 young (81920K), 2 survivors (8192K)
 Metaspace       used 104230K, committed 105088K, reserved 1179648K
  class space    used 14442K, committed 14848K, reserved 1048576K
}
Event: 8,058 GC heap after
{Heap after GC invocations=42 (full 0):
 garbage-first heap   total 217088K, used 102978K [0x00000006e0000000, 0x0000000800000000)
  region size 4096K, 3 young (12288K), 3 survivors (12288K)
 Metaspace       used 104230K, committed 105088K, reserved 1179648K
  class space    used 14442K, committed 14848K, reserved 1048576K
}
Event: 8,478 GC heap before
{Heap before GC invocations=42 (full 0):
 garbage-first heap   total 217088K, used 168514K [0x00000006e0000000, 0x0000000800000000)
  region size 4096K, 20 young (81920K), 3 survivors (12288K)
 Metaspace       used 108310K, committed 109056K, reserved 1179648K
  class space    used 14874K, committed 15232K, reserved 1048576K
}
Event: 8,485 GC heap after
{Heap after GC invocations=43 (full 0):
 garbage-first heap   total 217088K, used 110271K [0x00000006e0000000, 0x0000000800000000)
  region size 4096K, 3 young (12288K), 3 survivors (12288K)
 Metaspace       used 108310K, committed 109056K, reserved 1179648K
  class space    used 14874K, committed 15232K, reserved 1048576K
}
Event: 8,841 GC heap before
{Heap before GC invocations=43 (full 0):
 garbage-first heap   total 217088K, used 167615K [0x00000006e0000000, 0x0000000800000000)
  region size 4096K, 18 young (73728K), 3 survivors (12288K)
 Metaspace       used 110691K, committed 111552K, reserved 1179648K
  class space    used 15311K, committed 15744K, reserved 1048576K
}
Event: 8,850 GC heap after
{Heap after GC invocations=44 (full 0):
 garbage-first heap   total 217088K, used 119337K [0x00000006e0000000, 0x0000000800000000)
  region size 4096K, 3 young (12288K), 3 survivors (12288K)
 Metaspace       used 110691K, committed 111552K, reserved 1179648K
  class space    used 15311K, committed 15744K, reserved 1048576K
}
Event: 8,974 GC heap before
{Heap before GC invocations=45 (full 0):
 garbage-first heap   total 253952K, used 172585K [0x00000006e0000000, 0x0000000800000000)
  region size 4096K, 16 young (65536K), 3 survivors (12288K)
 Metaspace       used 110817K, committed 111744K, reserved 1179648K
  class space    used 15316K, committed 15744K, reserved 1048576K
}
Event: 8,980 GC heap after
{Heap after GC invocations=46 (full 0):
 garbage-first heap   total 253952K, used 123596K [0x00000006e0000000, 0x0000000800000000)
  region size 4096K, 2 young (8192K), 2 survivors (8192K)
 Metaspace       used 110817K, committed 111744K, reserved 1179648K
  class space    used 15316K, committed 15744K, reserved 1048576K
}
Event: 8,989 GC heap before
{Heap before GC invocations=46 (full 0):
 garbage-first heap   total 253952K, used 127692K [0x00000006e0000000, 0x0000000800000000)
  region size 4096K, 3 young (12288K), 2 survivors (8192K)
 Metaspace       used 110825K, committed 111744K, reserved 1179648K
  class space    used 15316K, committed 15744K, reserved 1048576K
}
Event: 8,993 GC heap after
{Heap after GC invocations=47 (full 0):
 garbage-first heap   total 253952K, used 122309K [0x00000006e0000000, 0x0000000800000000)
  region size 4096K, 1 young (4096K), 1 survivors (4096K)
 Metaspace       used 110825K, committed 111744K, reserved 1179648K
  class space    used 15316K, committed 15744K, reserved 1048576K
}
Event: 9,163 GC heap before
{Heap before GC invocations=47 (full 0):
 garbage-first heap   total 253952K, used 191941K [0x00000006e0000000, 0x0000000800000000)
  region size 4096K, 19 young (77824K), 1 survivors (4096K)
 Metaspace       used 111042K, committed 111936K, reserved 1179648K
  class space    used 15318K, committed 15744K, reserved 1048576K
}
Event: 9,168 GC heap after
{Heap after GC invocations=48 (full 0):
 garbage-first heap   total 507904K, used 125619K [0x00000006e0000000, 0x0000000800000000)
  region size 4096K, 2 young (8192K), 2 survivors (8192K)
 Metaspace       used 111042K, committed 111936K, reserved 1179648K
  class space    used 15318K, committed 15744K, reserved 1048576K
}
Event: 9,901 GC heap before
{Heap before GC invocations=49 (full 0):
 garbage-first heap   total 491520K, used 383667K [0x00000006e0000000, 0x0000000800000000)
  region size 4096K, 65 young (266240K), 2 survivors (8192K)
 Metaspace       used 112166K, committed 113088K, reserved 1179648K
  class space    used 15425K, committed 15872K, reserved 1048576K
}
Event: 9,911 GC heap after
{Heap after GC invocations=50 (full 0):
 garbage-first heap   total 491520K, used 138765K [0x00000006e0000000, 0x0000000800000000)
  region size 4096K, 5 young (20480K), 5 survivors (20480K)
 Metaspace       used 112166K, committed 113088K, reserved 1179648K
  class space    used 15425K, committed 15872K, reserved 1048576K
}
Event: 9,933 GC heap before
{Heap before GC invocations=50 (full 0):
 garbage-first heap   total 491520K, used 138765K [0x00000006e0000000, 0x0000000800000000)
  region size 4096K, 6 young (24576K), 5 survivors (20480K)
 Metaspace       used 112171K, committed 113088K, reserved 1179648K
  class space    used 15425K, committed 15872K, reserved 1048576K
}
Event: 9,939 GC heap after
{Heap after GC invocations=51 (full 0):
 garbage-first heap   total 491520K, used 140204K [0x00000006e0000000, 0x0000000800000000)
  region size 4096K, 1 young (4096K), 1 survivors (4096K)
 Metaspace       used 112171K, committed 113088K, reserved 1179648K
  class space    used 15425K, committed 15872K, reserved 1048576K
}
Event: 10,607 GC heap before
{Heap before GC invocations=51 (full 0):
 garbage-first heap   total 491520K, used 373676K [0x00000006e0000000, 0x0000000800000000)
  region size 4096K, 59 young (241664K), 1 survivors (4096K)
 Metaspace       used 114042K, committed 114944K, reserved 1179648K
  class space    used 15729K, committed 16192K, reserved 1048576K
}
Event: 10,613 GC heap after
{Heap after GC invocations=52 (full 0):
 garbage-first heap   total 491520K, used 147636K [0x00000006e0000000, 0x0000000800000000)
  region size 4096K, 3 young (12288K), 3 survivors (12288K)
 Metaspace       used 114042K, committed 114944K, reserved 1179648K
  class space    used 15729K, committed 16192K, reserved 1048576K
}

