# JRE version: OpenJDK Runtime Environment (17.0.9) (build 17.0.9+0-17.0.9b1087.7-11185874)
# Java VM: OpenJDK 64-Bit Server VM (17.0.9+0-17.0.9b1087.7-11185874, mixed mode, tiered, compressed oops, compressed class ptrs, parallel gc, linux-amd64)
GC Precious Log:
 CPUs: 16 total, 12 available
 Memory: 13817M
 Large Page Support: Disabled
 NUMA Support: Disabled
 Compressed Oops: Enabled (Zero based)
 Alignments: Space 512K, Generation 512K, Heap 2M
 Heap Min Capacity: 8M
 Heap Initial Capacity: 216M
 Heap Max Capacity: 4608M
 Pre-touch: Disabled
 Parallel Workers: 10
Heap:
 PSYoungGen      total 372224K, used 32747K [0x00000007a0000000, 0x00000007cb580000, 0x0000000800000000)
  eden space 339456K, 0% used [0x00000007a0000000,0x00000007a0000000,0x00000007b4b80000)
  from space 32768K, 99% used [0x00000007b4b80000,0x00000007b6b7ad90,0x00000007b6b80000)
  to   space 83456K, 0% used [0x00000007c6400000,0x00000007c6400000,0x00000007cb580000)
 ParOldGen       total 204800K, used 202835K [0x00000006e0000000, 0x00000006ec800000, 0x00000007a0000000)
  object space 204800K, 99% used [0x00000006e0000000,0x00000006ec614c38,0x00000006ec800000)
 Metaspace       used 80554K, committed 81344K, reserved 983040K
  class space    used 10820K, committed 11200K, reserved 851968K
GC Heap History (20 events):
Event: 1,638 GC heap after
{Heap after GC invocations=5 (full 2):
 PSYoungGen      total 119808K, used 0K [0x00000007a0000000, 0x00000007a7e00000, 0x0000000800000000)
  eden space 110592K, 0% used [0x00000007a0000000,0x00000007a0000000,0x00000007a6c00000)
  from space 9216K, 0% used [0x00000007a6c00000,0x00000007a6c00000,0x00000007a7500000)
  to   space 9216K, 0% used [0x00000007a7500000,0x00000007a7500000,0x00000007a7e00000)
 ParOldGen       total 147456K, used 21192K [0x00000006e0000000, 0x00000006e9000000, 0x00000007a0000000)
  object space 147456K, 14% used [0x00000006e0000000,0x00000006e14b2070,0x00000006e9000000)
 Metaspace       used 35548K, committed 35840K, reserved 917504K
  class space    used 4666K, committed 4800K, reserved 851968K
}
Event: 2,402 GC heap before
{Heap before GC invocations=6 (full 2):
 PSYoungGen      total 119808K, used 110592K [0x00000007a0000000, 0x00000007a7e00000, 0x0000000800000000)
  eden space 110592K, 100% used [0x00000007a0000000,0x00000007a6c00000,0x00000007a6c00000)
  from space 9216K, 0% used [0x00000007a6c00000,0x00000007a6c00000,0x00000007a7500000)
  to   space 9216K, 0% used [0x00000007a7500000,0x00000007a7500000,0x00000007a7e00000)
 ParOldGen       total 147456K, used 21192K [0x00000006e0000000, 0x00000006e9000000, 0x00000007a0000000)
  object space 147456K, 14% used [0x00000006e0000000,0x00000006e14b2070,0x00000006e9000000)
 Metaspace       used 49188K, committed 49600K, reserved 917504K
  class space    used 6530K, committed 6720K, reserved 851968K
}
Event: 2,406 GC heap after
{Heap after GC invocations=6 (full 2):
 PSYoungGen      total 119808K, used 9207K [0x00000007a0000000, 0x00000007a7e00000, 0x0000000800000000)
  eden space 110592K, 0% used [0x00000007a0000000,0x00000007a0000000,0x00000007a6c00000)
  from space 9216K, 99% used [0x00000007a7500000,0x00000007a7dfdf20,0x00000007a7e00000)
  to   space 9216K, 0% used [0x00000007a6c00000,0x00000007a6c00000,0x00000007a7500000)
 ParOldGen       total 147456K, used 28267K [0x00000006e0000000, 0x00000006e9000000, 0x00000007a0000000)
  object space 147456K, 19% used [0x00000006e0000000,0x00000006e1b9ae50,0x00000006e9000000)
 Metaspace       used 49188K, committed 49600K, reserved 917504K
  class space    used 6530K, committed 6720K, reserved 851968K
}
Event: 3,012 GC heap before
{Heap before GC invocations=7 (full 2):
 PSYoungGen      total 119808K, used 119799K [0x00000007a0000000, 0x00000007a7e00000, 0x0000000800000000)
  eden space 110592K, 100% used [0x00000007a0000000,0x00000007a6c00000,0x00000007a6c00000)
  from space 9216K, 99% used [0x00000007a7500000,0x00000007a7dfdf20,0x00000007a7e00000)
  to   space 9216K, 0% used [0x00000007a6c00000,0x00000007a6c00000,0x00000007a7500000)
 ParOldGen       total 147456K, used 28267K [0x00000006e0000000, 0x00000006e9000000, 0x00000007a0000000)
  object space 147456K, 19% used [0x00000006e0000000,0x00000006e1b9ae50,0x00000006e9000000)
 Metaspace       used 57030K, committed 57600K, reserved 917504K
  class space    used 7591K, committed 7872K, reserved 851968K
}
Event: 3,019 GC heap after
{Heap after GC invocations=7 (full 2):
 PSYoungGen      total 116224K, used 9208K [0x00000007a0000000, 0x00000007a9d80000, 0x0000000800000000)
  eden space 107008K, 0% used [0x00000007a0000000,0x00000007a0000000,0x00000007a6880000)
  from space 9216K, 99% used [0x00000007a6c00000,0x00000007a74fe138,0x00000007a7500000)
  to   space 27136K, 0% used [0x00000007a8300000,0x00000007a8300000,0x00000007a9d80000)
 ParOldGen       total 147456K, used 43573K [0x00000006e0000000, 0x00000006e9000000, 0x00000007a0000000)
  object space 147456K, 29% used [0x00000006e0000000,0x00000006e2a8d770,0x00000006e9000000)
 Metaspace       used 57030K, committed 57600K, reserved 917504K
  class space    used 7591K, committed 7872K, reserved 851968K
}
Event: 3,195 GC heap before
{Heap before GC invocations=8 (full 2):
 PSYoungGen      total 116224K, used 43134K [0x00000007a0000000, 0x00000007a9d80000, 0x0000000800000000)
  eden space 107008K, 31% used [0x00000007a0000000,0x00000007a2121810,0x00000007a6880000)
  from space 9216K, 99% used [0x00000007a6c00000,0x00000007a74fe138,0x00000007a7500000)
  to   space 27136K, 0% used [0x00000007a8300000,0x00000007a8300000,0x00000007a9d80000)
 ParOldGen       total 147456K, used 43573K [0x00000006e0000000, 0x00000006e9000000, 0x00000007a0000000)
  object space 147456K, 29% used [0x00000006e0000000,0x00000006e2a8d770,0x00000006e9000000)
 Metaspace       used 59254K, committed 59776K, reserved 917504K
  class space    used 7908K, committed 8192K, reserved 851968K
}
Event: 3,200 GC heap after
{Heap after GC invocations=8 (full 2):
 PSYoungGen      total 132096K, used 15873K [0x00000007a0000000, 0x00000007a9b80000, 0x0000000800000000)
  eden space 107008K, 0% used [0x00000007a0000000,0x00000007a0000000,0x00000007a6880000)
  from space 25088K, 63% used [0x00000007a8300000,0x00000007a92807a8,0x00000007a9b80000)
  to   space 26112K, 0% used [0x00000007a6880000,0x00000007a6880000,0x00000007a8200000)
 ParOldGen       total 147456K, used 43581K [0x00000006e0000000, 0x00000006e9000000, 0x00000007a0000000)
  object space 147456K, 29% used [0x00000006e0000000,0x00000006e2a8f770,0x00000006e9000000)
 Metaspace       used 59254K, committed 59776K, reserved 917504K
  class space    used 7908K, committed 8192K, reserved 851968K
}
Event: 3,200 GC heap before
{Heap before GC invocations=9 (full 3):
 PSYoungGen      total 132096K, used 15873K [0x00000007a0000000, 0x00000007a9b80000, 0x0000000800000000)
  eden space 107008K, 0% used [0x00000007a0000000,0x00000007a0000000,0x00000007a6880000)
  from space 25088K, 63% used [0x00000007a8300000,0x00000007a92807a8,0x00000007a9b80000)
  to   space 26112K, 0% used [0x00000007a6880000,0x00000007a6880000,0x00000007a8200000)
 ParOldGen       total 147456K, used 43581K [0x00000006e0000000, 0x00000006e9000000, 0x00000007a0000000)
  object space 147456K, 29% used [0x00000006e0000000,0x00000006e2a8f770,0x00000006e9000000)
 Metaspace       used 59254K, committed 59776K, reserved 917504K
  class space    used 7908K, committed 8192K, reserved 851968K
}
Event: 3,232 GC heap after
{Heap after GC invocations=9 (full 3):
 PSYoungGen      total 132096K, used 0K [0x00000007a0000000, 0x00000007a9b80000, 0x0000000800000000)
  eden space 107008K, 0% used [0x00000007a0000000,0x00000007a0000000,0x00000007a6880000)
  from space 25088K, 0% used [0x00000007a8300000,0x00000007a8300000,0x00000007a9b80000)
  to   space 26112K, 0% used [0x00000007a6880000,0x00000007a6880000,0x00000007a8200000)
 ParOldGen       total 147456K, used 58190K [0x00000006e0000000, 0x00000006e9000000, 0x00000007a0000000)
  object space 147456K, 39% used [0x00000006e0000000,0x00000006e38d38e8,0x00000006e9000000)
 Metaspace       used 59254K, committed 59776K, reserved 917504K
  class space    used 7908K, committed 8192K, reserved 851968K
}
Event: 3,663 GC heap before
{Heap before GC invocations=10 (full 3):
 PSYoungGen      total 132096K, used 107008K [0x00000007a0000000, 0x00000007a9b80000, 0x0000000800000000)
  eden space 107008K, 100% used [0x00000007a0000000,0x00000007a6880000,0x00000007a6880000)
  from space 25088K, 0% used [0x00000007a8300000,0x00000007a8300000,0x00000007a9b80000)
  to   space 26112K, 0% used [0x00000007a6880000,0x00000007a6880000,0x00000007a8200000)
 ParOldGen       total 147456K, used 58702K [0x00000006e0000000, 0x00000006e9000000, 0x00000007a0000000)
  object space 147456K, 39% used [0x00000006e0000000,0x00000006e3953be0,0x00000006e9000000)
 Metaspace       used 66265K, committed 66880K, reserved 917504K
  class space    used 9093K, committed 9408K, reserved 851968K
}
Event: 3,668 GC heap after
{Heap after GC invocations=10 (full 3):
 PSYoungGen      total 133120K, used 10528K [0x00000007a0000000, 0x00000007b0200000, 0x0000000800000000)
  eden space 107008K, 0% used [0x00000007a0000000,0x00000007a0000000,0x00000007a6880000)
  from space 26112K, 40% used [0x00000007a6880000,0x00000007a72c8020,0x00000007a8200000)
  to   space 25088K, 0% used [0x00000007ae980000,0x00000007ae980000,0x00000007b0200000)
 ParOldGen       total 147456K, used 58710K [0x00000006e0000000, 0x00000006e9000000, 0x00000007a0000000)
  object space 147456K, 39% used [0x00000006e0000000,0x00000006e3955be0,0x00000006e9000000)
 Metaspace       used 66265K, committed 66880K, reserved 917504K
  class space    used 9093K, committed 9408K, reserved 851968K
}
Event: 3,860 GC heap before
{Heap before GC invocations=11 (full 3):
 PSYoungGen      total 133120K, used 117536K [0x00000007a0000000, 0x00000007b0200000, 0x0000000800000000)
  eden space 107008K, 100% used [0x00000007a0000000,0x00000007a6880000,0x00000007a6880000)
  from space 26112K, 40% used [0x00000007a6880000,0x00000007a72c8020,0x00000007a8200000)
  to   space 25088K, 0% used [0x00000007ae980000,0x00000007ae980000,0x00000007b0200000)
 ParOldGen       total 147456K, used 58710K [0x00000006e0000000, 0x00000006e9000000, 0x00000007a0000000)
  object space 147456K, 39% used [0x00000006e0000000,0x00000006e3955be0,0x00000006e9000000)
 Metaspace       used 71031K, committed 71744K, reserved 917504K
  class space    used 9511K, committed 9856K, reserved 851968K
}
Event: 3,867 GC heap after
{Heap after GC invocations=11 (full 3):
 PSYoungGen      total 238080K, used 18553K [0x00000007a0000000, 0x00000007b0400000, 0x0000000800000000)
  eden space 212992K, 0% used [0x00000007a0000000,0x00000007a0000000,0x00000007ad000000)
  from space 25088K, 73% used [0x00000007ae980000,0x00000007afb9e5b0,0x00000007b0200000)
  to   space 26112K, 0% used [0x00000007ad000000,0x00000007ad000000,0x00000007ae980000)
 ParOldGen       total 147456K, used 58718K [0x00000006e0000000, 0x00000006e9000000, 0x00000007a0000000)
  object space 147456K, 39% used [0x00000006e0000000,0x00000006e3957be0,0x00000006e9000000)
 Metaspace       used 71031K, committed 71744K, reserved 917504K
  class space    used 9511K, committed 9856K, reserved 851968K
}
Event: 4,118 GC heap before
{Heap before GC invocations=12 (full 3):
 PSYoungGen      total 238080K, used 231545K [0x00000007a0000000, 0x00000007b0400000, 0x0000000800000000)
  eden space 212992K, 100% used [0x00000007a0000000,0x00000007ad000000,0x00000007ad000000)
  from space 25088K, 73% used [0x00000007ae980000,0x00000007afb9e5b0,0x00000007b0200000)
  to   space 26112K, 0% used [0x00000007ad000000,0x00000007ad000000,0x00000007ae980000)
 ParOldGen       total 147456K, used 58718K [0x00000006e0000000, 0x00000006e9000000, 0x00000007a0000000)
  object space 147456K, 39% used [0x00000006e0000000,0x00000006e3957be0,0x00000006e9000000)
 Metaspace       used 71505K, committed 72192K, reserved 917504K
  class space    used 9511K, committed 9856K, reserved 851968K
}
Event: 4,131 GC heap after
{Heap after GC invocations=12 (full 3):
 PSYoungGen      total 239104K, used 26082K [0x00000007a0000000, 0x00000007b8a00000, 0x0000000800000000)
  eden space 212992K, 0% used [0x00000007a0000000,0x00000007a0000000,0x00000007ad000000)
  from space 26112K, 99% used [0x00000007ad000000,0x00000007ae978a00,0x00000007ae980000)
  to   space 31232K, 0% used [0x00000007b6b80000,0x00000007b6b80000,0x00000007b8a00000)
 ParOldGen       total 147456K, used 62689K [0x00000006e0000000, 0x00000006e9000000, 0x00000007a0000000)
  object space 147456K, 42% used [0x00000006e0000000,0x00000006e3d387d0,0x00000006e9000000)
 Metaspace       used 71505K, committed 72192K, reserved 917504K
  class space    used 9511K, committed 9856K, reserved 851968K
}
Event: 4,362 GC heap before
{Heap before GC invocations=13 (full 3):
 PSYoungGen      total 239104K, used 239074K [0x00000007a0000000, 0x00000007b8a00000, 0x0000000800000000)
  eden space 212992K, 100% used [0x00000007a0000000,0x00000007ad000000,0x00000007ad000000)
  from space 26112K, 99% used [0x00000007ad000000,0x00000007ae978a00,0x00000007ae980000)
  to   space 31232K, 0% used [0x00000007b6b80000,0x00000007b6b80000,0x00000007b8a00000)
 ParOldGen       total 147456K, used 62689K [0x00000006e0000000, 0x00000006e9000000, 0x00000007a0000000)
  object space 147456K, 42% used [0x00000006e0000000,0x00000006e3d387d0,0x00000006e9000000)
 Metaspace       used 72149K, committed 72832K, reserved 917504K
  class space    used 9560K, committed 9920K, reserved 851968K
}
Event: 4,381 GC heap after
{Heap after GC invocations=13 (full 3):
 PSYoungGen      total 370688K, used 24976K [0x00000007a0000000, 0x00000007b8d00000, 0x0000000800000000)
  eden space 339456K, 0% used [0x00000007a0000000,0x00000007a0000000,0x00000007b4b80000)
  from space 31232K, 79% used [0x00000007b6b80000,0x00000007b83e4010,0x00000007b8a00000)
  to   space 32768K, 0% used [0x00000007b4b80000,0x00000007b4b80000,0x00000007b6b80000)
 ParOldGen       total 147456K, used 76906K [0x00000006e0000000, 0x00000006e9000000, 0x00000007a0000000)
  object space 147456K, 52% used [0x00000006e0000000,0x00000006e4b1a838,0x00000006e9000000)
 Metaspace       used 72149K, committed 72832K, reserved 917504K
  class space    used 9560K, committed 9920K, reserved 851968K
}
Event: 4,806 GC heap before
{Heap before GC invocations=14 (full 3):
 PSYoungGen      total 370688K, used 364432K [0x00000007a0000000, 0x00000007b8d00000, 0x0000000800000000)
  eden space 339456K, 100% used [0x00000007a0000000,0x00000007b4b80000,0x00000007b4b80000)
  from space 31232K, 79% used [0x00000007b6b80000,0x00000007b83e4010,0x00000007b8a00000)
  to   space 32768K, 0% used [0x00000007b4b80000,0x00000007b4b80000,0x00000007b6b80000)
 ParOldGen       total 147456K, used 76906K [0x00000006e0000000, 0x00000006e9000000, 0x00000007a0000000)
  object space 147456K, 52% used [0x00000006e0000000,0x00000006e4b1a838,0x00000006e9000000)
 Metaspace       used 80554K, committed 81344K, reserved 983040K
  class space    used 10820K, committed 11200K, reserved 851968K
}
Event: 4,848 GC heap after
{Heap after GC invocations=14 (full 3):
 PSYoungGen      total 372224K, used 32747K [0x00000007a0000000, 0x00000007cb580000, 0x0000000800000000)
  eden space 339456K, 0% used [0x00000007a0000000,0x00000007a0000000,0x00000007b4b80000)
  from space 32768K, 99% used [0x00000007b4b80000,0x00000007b6b7ad90,0x00000007b6b80000)
  to   space 83456K, 0% used [0x00000007c6400000,0x00000007c6400000,0x00000007cb580000)
 ParOldGen       total 204800K, used 202835K [0x00000006e0000000, 0x00000006ec800000, 0x00000007a0000000)
  object space 204800K, 99% used [0x00000006e0000000,0x00000006ec614c38,0x00000006ec800000)
 Metaspace       used 80554K, committed 81344K, reserved 983040K
  class space    used 10820K, committed 11200K, reserved 851968K
}
Event: 4,848 GC heap before
{Heap before GC invocations=15 (full 4):
 PSYoungGen      total 372224K, used 32747K [0x00000007a0000000, 0x00000007cb580000, 0x0000000800000000)
  eden space 339456K, 0% used [0x00000007a0000000,0x00000007a0000000,0x00000007b4b80000)
  from space 32768K, 99% used [0x00000007b4b80000,0x00000007b6b7ad90,0x00000007b6b80000)
  to   space 83456K, 0% used [0x00000007c6400000,0x00000007c6400000,0x00000007cb580000)
 ParOldGen       total 204800K, used 202835K [0x00000006e0000000, 0x00000006ec800000, 0x00000007a0000000)
  object space 204800K, 99% used [0x00000006e0000000,0x00000006ec614c38,0x00000006ec800000)
 Metaspace       used 80554K, committed 81344K, reserved 983040K
  class space    used 10820K, committed 11200K, reserved 851968K
}

