# JRE version: OpenJDK Runtime Environment (17.0.9) (build 17.0.9+0-17.0.9b1087.7-11185874)
# Java VM: OpenJDK 64-Bit Server VM (17.0.9+0-17.0.9b1087.7-11185874, mixed mode, tiered, compressed oops, compressed class ptrs, parallel gc, linux-amd64)
GC Precious Log:
 CPUs: 16 total, 12 available
 Memory: 13817M
 Large Page Support: Disabled
 NUMA Support: Disabled
 Compressed Oops: Enabled (Zero based)
 Alignments: Space 512K, Generation 512K, Heap 2M
 Heap Min Capacity: 8M
 Heap Initial Capacity: 216M
 Heap Max Capacity: 4608M
 Pre-touch: Disabled
 Parallel Workers: 10
Heap:
 PSYoungGen      total 1484288K, used 52731K [0x00000007a0000000, 0x0000000800000000, 0x0000000800000000)
  eden space 1431552K, 0% used [0x00000007a0000000,0x00000007a0000000,0x00000007f7600000)
  from space 52736K, 99% used [0x00000007fcc80000,0x00000007ffffee78,0x0000000800000000)
  to   space 70656K, 0% used [0x00000007f7600000,0x00000007f7600000,0x00000007fbb00000)
 ParOldGen       total 147456K, used 146922K [0x00000006e0000000, 0x00000006e9000000, 0x00000007a0000000)
  object space 147456K, 99% used [0x00000006e0000000,0x00000006e8f7a8f0,0x00000006e9000000)
 Metaspace       used 130959K, committed 132160K, reserved 983040K
  class space    used 17489K, committed 18048K, reserved 851968K
GC Heap History (20 events):
Event: 2,358 GC heap after
{Heap after GC invocations=5 (full 1):
 PSYoungGen      total 230400K, used 9193K [0x00000007a0000000, 0x00000007aea00000, 0x0000000800000000)
  eden space 221184K, 0% used [0x00000007a0000000,0x00000007a0000000,0x00000007ad800000)
  from space 9216K, 99% used [0x00000007ae100000,0x00000007ae9fa658,0x00000007aea00000)
  to   space 9216K, 0% used [0x00000007ad800000,0x00000007ad800000,0x00000007ae100000)
 ParOldGen       total 147456K, used 26814K [0x00000006e0000000, 0x00000006e9000000, 0x00000007a0000000)
  object space 147456K, 18% used [0x00000006e0000000,0x00000006e1a2fae0,0x00000006e9000000)
 Metaspace       used 35471K, committed 35840K, reserved 917504K
  class space    used 4923K, committed 5120K, reserved 851968K
}
Event: 2,358 GC heap before
{Heap before GC invocations=6 (full 2):
 PSYoungGen      total 230400K, used 9193K [0x00000007a0000000, 0x00000007aea00000, 0x0000000800000000)
  eden space 221184K, 0% used [0x00000007a0000000,0x00000007a0000000,0x00000007ad800000)
  from space 9216K, 99% used [0x00000007ae100000,0x00000007ae9fa658,0x00000007aea00000)
  to   space 9216K, 0% used [0x00000007ad800000,0x00000007ad800000,0x00000007ae100000)
 ParOldGen       total 147456K, used 26814K [0x00000006e0000000, 0x00000006e9000000, 0x00000007a0000000)
  object space 147456K, 18% used [0x00000006e0000000,0x00000006e1a2fae0,0x00000006e9000000)
 Metaspace       used 35471K, committed 35840K, reserved 917504K
  class space    used 4923K, committed 5120K, reserved 851968K
}
Event: 2,386 GC heap after
{Heap after GC invocations=6 (full 2):
 PSYoungGen      total 230400K, used 0K [0x00000007a0000000, 0x00000007aea00000, 0x0000000800000000)
  eden space 221184K, 0% used [0x00000007a0000000,0x00000007a0000000,0x00000007ad800000)
  from space 9216K, 0% used [0x00000007ae100000,0x00000007ae100000,0x00000007aea00000)
  to   space 9216K, 0% used [0x00000007ad800000,0x00000007ad800000,0x00000007ae100000)
 ParOldGen       total 147456K, used 35623K [0x00000006e0000000, 0x00000006e9000000, 0x00000007a0000000)
  object space 147456K, 24% used [0x00000006e0000000,0x00000006e22c9e80,0x00000006e9000000)
 Metaspace       used 35471K, committed 35840K, reserved 917504K
  class space    used 4923K, committed 5120K, reserved 851968K
}
Event: 4,727 GC heap before
{Heap before GC invocations=7 (full 2):
 PSYoungGen      total 230400K, used 221184K [0x00000007a0000000, 0x00000007aea00000, 0x0000000800000000)
  eden space 221184K, 100% used [0x00000007a0000000,0x00000007ad800000,0x00000007ad800000)
  from space 9216K, 0% used [0x00000007ae100000,0x00000007ae100000,0x00000007aea00000)
  to   space 9216K, 0% used [0x00000007ad800000,0x00000007ad800000,0x00000007ae100000)
 ParOldGen       total 147456K, used 35623K [0x00000006e0000000, 0x00000006e9000000, 0x00000007a0000000)
  object space 147456K, 24% used [0x00000006e0000000,0x00000006e22c9e80,0x00000006e9000000)
 Metaspace       used 58660K, committed 59328K, reserved 917504K
  class space    used 8059K, committed 8384K, reserved 851968K
}
Event: 4,735 GC heap after
{Heap after GC invocations=7 (full 2):
 PSYoungGen      total 230400K, used 9208K [0x00000007a0000000, 0x00000007bdd00000, 0x0000000800000000)
  eden space 221184K, 0% used [0x00000007a0000000,0x00000007a0000000,0x00000007ad800000)
  from space 9216K, 99% used [0x00000007ad800000,0x00000007ae0fe240,0x00000007ae100000)
  to   space 23040K, 0% used [0x00000007bc680000,0x00000007bc680000,0x00000007bdd00000)
 ParOldGen       total 147456K, used 46869K [0x00000006e0000000, 0x00000006e9000000, 0x00000007a0000000)
  object space 147456K, 31% used [0x00000006e0000000,0x00000006e2dc54c0,0x00000006e9000000)
 Metaspace       used 58660K, committed 59328K, reserved 917504K
  class space    used 8059K, committed 8384K, reserved 851968K
}
Event: 4,799 GC heap before
{Heap before GC invocations=8 (full 2):
 PSYoungGen      total 230400K, used 19112K [0x00000007a0000000, 0x00000007bdd00000, 0x0000000800000000)
  eden space 221184K, 4% used [0x00000007a0000000,0x00000007a09abf18,0x00000007ad800000)
  from space 9216K, 99% used [0x00000007ad800000,0x00000007ae0fe240,0x00000007ae100000)
  to   space 23040K, 0% used [0x00000007bc680000,0x00000007bc680000,0x00000007bdd00000)
 ParOldGen       total 147456K, used 46869K [0x00000006e0000000, 0x00000006e9000000, 0x00000007a0000000)
  object space 147456K, 31% used [0x00000006e0000000,0x00000006e2dc54c0,0x00000006e9000000)
 Metaspace       used 59125K, committed 59776K, reserved 917504K
  class space    used 8129K, committed 8448K, reserved 851968K
}
Event: 4,804 GC heap after
{Heap after GC invocations=8 (full 2):
 PSYoungGen      total 464896K, used 9496K [0x00000007a0000000, 0x00000007bde00000, 0x0000000800000000)
  eden space 441856K, 0% used [0x00000007a0000000,0x00000007a0000000,0x00000007baf80000)
  from space 23040K, 41% used [0x00000007bc680000,0x00000007bcfc6240,0x00000007bdd00000)
  to   space 23552K, 0% used [0x00000007baf80000,0x00000007baf80000,0x00000007bc680000)
 ParOldGen       total 147456K, used 46877K [0x00000006e0000000, 0x00000006e9000000, 0x00000007a0000000)
  object space 147456K, 31% used [0x00000006e0000000,0x00000006e2dc74c0,0x00000006e9000000)
 Metaspace       used 59125K, committed 59776K, reserved 917504K
  class space    used 8129K, committed 8448K, reserved 851968K
}
Event: 4,804 GC heap before
{Heap before GC invocations=9 (full 3):
 PSYoungGen      total 464896K, used 9496K [0x00000007a0000000, 0x00000007bde00000, 0x0000000800000000)
  eden space 441856K, 0% used [0x00000007a0000000,0x00000007a0000000,0x00000007baf80000)
  from space 23040K, 41% used [0x00000007bc680000,0x00000007bcfc6240,0x00000007bdd00000)
  to   space 23552K, 0% used [0x00000007baf80000,0x00000007baf80000,0x00000007bc680000)
 ParOldGen       total 147456K, used 46877K [0x00000006e0000000, 0x00000006e9000000, 0x00000007a0000000)
  object space 147456K, 31% used [0x00000006e0000000,0x00000006e2dc74c0,0x00000006e9000000)
 Metaspace       used 59125K, committed 59776K, reserved 917504K
  class space    used 8129K, committed 8448K, reserved 851968K
}
Event: 4,843 GC heap after
{Heap after GC invocations=9 (full 3):
 PSYoungGen      total 464896K, used 0K [0x00000007a0000000, 0x00000007bde00000, 0x0000000800000000)
  eden space 441856K, 0% used [0x00000007a0000000,0x00000007a0000000,0x00000007baf80000)
  from space 23040K, 0% used [0x00000007bc680000,0x00000007bc680000,0x00000007bdd00000)
  to   space 23552K, 0% used [0x00000007baf80000,0x00000007baf80000,0x00000007bc680000)
 ParOldGen       total 147456K, used 55243K [0x00000006e0000000, 0x00000006e9000000, 0x00000007a0000000)
  object space 147456K, 37% used [0x00000006e0000000,0x00000006e35f2d68,0x00000006e9000000)
 Metaspace       used 59125K, committed 59776K, reserved 917504K
  class space    used 8129K, committed 8448K, reserved 851968K
}
Event: 7,175 GC heap before
{Heap before GC invocations=10 (full 3):
 PSYoungGen      total 464896K, used 441856K [0x00000007a0000000, 0x00000007bde00000, 0x0000000800000000)
  eden space 441856K, 100% used [0x00000007a0000000,0x00000007baf80000,0x00000007baf80000)
  from space 23040K, 0% used [0x00000007bc680000,0x00000007bc680000,0x00000007bdd00000)
  to   space 23552K, 0% used [0x00000007baf80000,0x00000007baf80000,0x00000007bc680000)
 ParOldGen       total 147456K, used 55243K [0x00000006e0000000, 0x00000006e9000000, 0x00000007a0000000)
  object space 147456K, 37% used [0x00000006e0000000,0x00000006e35f2d68,0x00000006e9000000)
 Metaspace       used 87130K, committed 87936K, reserved 983040K
  class space    used 11819K, committed 12224K, reserved 851968K
}
Event: 7,188 GC heap after
{Heap after GC invocations=10 (full 3):
 PSYoungGen      total 465408K, used 23527K [0x00000007a0000000, 0x00000007da900000, 0x0000000800000000)
  eden space 441856K, 0% used [0x00000007a0000000,0x00000007a0000000,0x00000007baf80000)
  from space 23552K, 99% used [0x00000007baf80000,0x00000007bc679f40,0x00000007bc680000)
  to   space 37888K, 0% used [0x00000007d8400000,0x00000007d8400000,0x00000007da900000)
 ParOldGen       total 147456K, used 77358K [0x00000006e0000000, 0x00000006e9000000, 0x00000007a0000000)
  object space 147456K, 52% used [0x00000006e0000000,0x00000006e4b8bad8,0x00000006e9000000)
 Metaspace       used 87130K, committed 87936K, reserved 983040K
  class space    used 11819K, committed 12224K, reserved 851968K
}
Event: 8,238 GC heap before
{Heap before GC invocations=11 (full 3):
 PSYoungGen      total 465408K, used 230248K [0x00000007a0000000, 0x00000007da900000, 0x0000000800000000)
  eden space 441856K, 46% used [0x00000007a0000000,0x00000007ac9e0120,0x00000007baf80000)
  from space 23552K, 99% used [0x00000007baf80000,0x00000007bc679f40,0x00000007bc680000)
  to   space 37888K, 0% used [0x00000007d8400000,0x00000007d8400000,0x00000007da900000)
 ParOldGen       total 147456K, used 77358K [0x00000006e0000000, 0x00000006e9000000, 0x00000007a0000000)
  object space 147456K, 52% used [0x00000006e0000000,0x00000006e4b8bad8,0x00000006e9000000)
 Metaspace       used 98817K, committed 99648K, reserved 983040K
  class space    used 13641K, committed 14080K, reserved 851968K
}
Event: 8,248 GC heap after
{Heap after GC invocations=11 (full 3):
 PSYoungGen      total 918528K, used 30909K [0x00000007a0000000, 0x00000007daf00000, 0x0000000800000000)
  eden space 880640K, 0% used [0x00000007a0000000,0x00000007a0000000,0x00000007d5c00000)
  from space 37888K, 81% used [0x00000007d8400000,0x00000007da22f4b0,0x00000007da900000)
  to   space 40960K, 0% used [0x00000007d5c00000,0x00000007d5c00000,0x00000007d8400000)
 ParOldGen       total 147456K, used 77366K [0x00000006e0000000, 0x00000006e9000000, 0x00000007a0000000)
  object space 147456K, 52% used [0x00000006e0000000,0x00000006e4b8dad8,0x00000006e9000000)
 Metaspace       used 98817K, committed 99648K, reserved 983040K
  class space    used 13641K, committed 14080K, reserved 851968K
}
Event: 8,248 GC heap before
{Heap before GC invocations=12 (full 4):
 PSYoungGen      total 918528K, used 30909K [0x00000007a0000000, 0x00000007daf00000, 0x0000000800000000)
  eden space 880640K, 0% used [0x00000007a0000000,0x00000007a0000000,0x00000007d5c00000)
  from space 37888K, 81% used [0x00000007d8400000,0x00000007da22f4b0,0x00000007da900000)
  to   space 40960K, 0% used [0x00000007d5c00000,0x00000007d5c00000,0x00000007d8400000)
 ParOldGen       total 147456K, used 77366K [0x00000006e0000000, 0x00000006e9000000, 0x00000007a0000000)
  object space 147456K, 52% used [0x00000006e0000000,0x00000006e4b8dad8,0x00000006e9000000)
 Metaspace       used 98817K, committed 99648K, reserved 983040K
  class space    used 13641K, committed 14080K, reserved 851968K
}
Event: 8,300 GC heap after
{Heap after GC invocations=12 (full 4):
 PSYoungGen      total 918528K, used 0K [0x00000007a0000000, 0x00000007daf00000, 0x0000000800000000)
  eden space 880640K, 0% used [0x00000007a0000000,0x00000007a0000000,0x00000007d5c00000)
  from space 37888K, 0% used [0x00000007d8400000,0x00000007d8400000,0x00000007da900000)
  to   space 40960K, 0% used [0x00000007d5c00000,0x00000007d5c00000,0x00000007d8400000)
 ParOldGen       total 147456K, used 105295K [0x00000006e0000000, 0x00000006e9000000, 0x00000007a0000000)
  object space 147456K, 71% used [0x00000006e0000000,0x00000006e66d3d38,0x00000006e9000000)
 Metaspace       used 98817K, committed 99648K, reserved 983040K
  class space    used 13641K, committed 14080K, reserved 851968K
}
Event: 10,597 GC heap before
{Heap before GC invocations=13 (full 4):
 PSYoungGen      total 918528K, used 880640K [0x00000007a0000000, 0x00000007daf00000, 0x0000000800000000)
  eden space 880640K, 100% used [0x00000007a0000000,0x00000007d5c00000,0x00000007d5c00000)
  from space 37888K, 0% used [0x00000007d8400000,0x00000007d8400000,0x00000007da900000)
  to   space 40960K, 0% used [0x00000007d5c00000,0x00000007d5c00000,0x00000007d8400000)
 ParOldGen       total 147456K, used 105295K [0x00000006e0000000, 0x00000006e9000000, 0x00000007a0000000)
  object space 147456K, 71% used [0x00000006e0000000,0x00000006e66d3d38,0x00000006e9000000)
 Metaspace       used 108130K, committed 109056K, reserved 983040K
  class space    used 14858K, committed 15296K, reserved 851968K
}
Event: 10,618 GC heap after
{Heap after GC invocations=13 (full 4):
 PSYoungGen      total 921600K, used 40945K [0x00000007a0000000, 0x0000000800000000, 0x0000000800000000)
  eden space 880640K, 0% used [0x00000007a0000000,0x00000007a0000000,0x00000007d5c00000)
  from space 40960K, 99% used [0x00000007d5c00000,0x00000007d83fc430,0x00000007d8400000)
  to   space 52736K, 0% used [0x00000007fcc80000,0x00000007fcc80000,0x0000000800000000)
 ParOldGen       total 147456K, used 119647K [0x00000006e0000000, 0x00000006e9000000, 0x00000007a0000000)
  object space 147456K, 81% used [0x00000006e0000000,0x00000006e74d7d78,0x00000006e9000000)
 Metaspace       used 108130K, committed 109056K, reserved 983040K
  class space    used 14858K, committed 15296K, reserved 851968K
}
Event: 48,078 GC heap before
{Heap before GC invocations=14 (full 4):
 PSYoungGen      total 921600K, used 921585K [0x00000007a0000000, 0x0000000800000000, 0x0000000800000000)
  eden space 880640K, 100% used [0x00000007a0000000,0x00000007d5c00000,0x00000007d5c00000)
  from space 40960K, 99% used [0x00000007d5c00000,0x00000007d83fc430,0x00000007d8400000)
  to   space 52736K, 0% used [0x00000007fcc80000,0x00000007fcc80000,0x0000000800000000)
 ParOldGen       total 147456K, used 119647K [0x00000006e0000000, 0x00000006e9000000, 0x00000007a0000000)
  object space 147456K, 81% used [0x00000006e0000000,0x00000006e74d7d78,0x00000006e9000000)
 Metaspace       used 130959K, committed 132160K, reserved 983040K
  class space    used 17489K, committed 18048K, reserved 851968K
}
Event: 48,112 GC heap after
{Heap after GC invocations=14 (full 4):
 PSYoungGen      total 1484288K, used 52731K [0x00000007a0000000, 0x0000000800000000, 0x0000000800000000)
  eden space 1431552K, 0% used [0x00000007a0000000,0x00000007a0000000,0x00000007f7600000)
  from space 52736K, 99% used [0x00000007fcc80000,0x00000007ffffee78,0x0000000800000000)
  to   space 70656K, 0% used [0x00000007f7600000,0x00000007f7600000,0x00000007fbb00000)
 ParOldGen       total 147456K, used 146922K [0x00000006e0000000, 0x00000006e9000000, 0x00000007a0000000)
  object space 147456K, 99% used [0x00000006e0000000,0x00000006e8f7a8f0,0x00000006e9000000)
 Metaspace       used 130959K, committed 132160K, reserved 983040K
  class space    used 17489K, committed 18048K, reserved 851968K
}
Event: 48,112 GC heap before
{Heap before GC invocations=15 (full 5):
 PSYoungGen      total 1484288K, used 52731K [0x00000007a0000000, 0x0000000800000000, 0x0000000800000000)
  eden space 1431552K, 0% used [0x00000007a0000000,0x00000007a0000000,0x00000007f7600000)
  from space 52736K, 99% used [0x00000007fcc80000,0x00000007ffffee78,0x0000000800000000)
  to   space 70656K, 0% used [0x00000007f7600000,0x00000007f7600000,0x00000007fbb00000)
 ParOldGen       total 147456K, used 146922K [0x00000006e0000000, 0x00000006e9000000, 0x00000007a0000000)
  object space 147456K, 99% used [0x00000006e0000000,0x00000006e8f7a8f0,0x00000006e9000000)
 Metaspace       used 130959K, committed 132160K, reserved 983040K
  class space    used 17489K, committed 18048K, reserved 851968K
}

