# JRE version: OpenJDK Runtime Environment (17.0.9) (build 17.0.9+0-17.0.9b1087.7-11185874)
# Java VM: OpenJDK 64-Bit Server VM (17.0.9+0-17.0.9b1087.7-11185874, mixed mode, tiered, compressed oops, compressed class ptrs, g1 gc, linux-amd64)
GC Precious Log:
 CPUs: 16 total, 12 available
 Memory: 13817M
 Large Page Support: Disabled
 NUMA Support: Disabled
 Compressed Oops: Enabled (Zero based)
 Heap Region Size: 4M
 Heap Min Capacity: 8M
 Heap Initial Capacity: 216M
 Heap Max Capacity: 4608M
 Pre-touch: Disabled
 Parallel Workers: 10
 Concurrent Workers: 3
 Concurrent Refinement Workers: 10
 Periodic GC: Disabled
Heap:
 garbage-first heap   total 1249280K, used 909917K [0x00000006e0000000, 0x0000000800000000)
  region size 4096K, 154 young (630784K), 1 survivors (4096K)
 Metaspace       used 156729K, committed 157760K, reserved 1245184K
  class space    used 20593K, committed 21056K, reserved 1048576K
GC Heap History (20 events):
Event: 13,929 GC heap before
{Heap before GC invocations=58 (full 0):
 garbage-first heap   total 323584K, used 259537K [0x00000006e0000000, 0x0000000800000000)
  region size 4096K, 23 young (94208K), 4 survivors (16384K)
 Metaspace       used 131615K, committed 132672K, reserved 1179648K
  class space    used 17664K, committed 18176K, reserved 1048576K
}
Event: 13,941 GC heap after
{Heap after GC invocations=59 (full 0):
 garbage-first heap   total 425984K, used 201877K [0x00000006e0000000, 0x0000000800000000)
  region size 4096K, 3 young (12288K), 3 survivors (12288K)
 Metaspace       used 131615K, committed 132672K, reserved 1179648K
  class space    used 17664K, committed 18176K, reserved 1048576K
}
Event: 14,144 GC heap before
{Heap before GC invocations=60 (full 0):
 garbage-first heap   total 425984K, used 242837K [0x00000006e0000000, 0x0000000800000000)
  region size 4096K, 14 young (57344K), 3 survivors (12288K)
 Metaspace       used 131706K, committed 132736K, reserved 1179648K
  class space    used 17665K, committed 18176K, reserved 1048576K
}
Event: 14,151 GC heap after
{Heap after GC invocations=61 (full 0):
 garbage-first heap   total 425984K, used 208103K [0x00000006e0000000, 0x0000000800000000)
  region size 4096K, 2 young (8192K), 2 survivors (8192K)
 Metaspace       used 131706K, committed 132736K, reserved 1179648K
  class space    used 17665K, committed 18176K, reserved 1048576K
}
Event: 14,816 GC heap before
{Heap before GC invocations=62 (full 0):
 garbage-first heap   total 425984K, used 330983K [0x00000006e0000000, 0x0000000800000000)
  region size 4096K, 31 young (126976K), 2 survivors (8192K)
 Metaspace       used 138404K, committed 139456K, reserved 1179648K
  class space    used 18278K, committed 18816K, reserved 1048576K
}
Event: 14,823 GC heap after
{Heap after GC invocations=63 (full 0):
 garbage-first heap   total 425984K, used 224574K [0x00000006e0000000, 0x0000000800000000)
  region size 4096K, 4 young (16384K), 4 survivors (16384K)
 Metaspace       used 138404K, committed 139456K, reserved 1179648K
  class space    used 18278K, committed 18816K, reserved 1048576K
}
Event: 15,646 GC heap before
{Heap before GC invocations=63 (full 0):
 garbage-first heap   total 425984K, used 335166K [0x00000006e0000000, 0x0000000800000000)
  region size 4096K, 31 young (126976K), 4 survivors (16384K)
 Metaspace       used 148129K, committed 149120K, reserved 1179648K
  class space    used 19478K, committed 19968K, reserved 1048576K
}
Event: 15,655 GC heap after
{Heap after GC invocations=64 (full 0):
 garbage-first heap   total 425984K, used 231178K [0x00000006e0000000, 0x0000000800000000)
  region size 4096K, 2 young (8192K), 2 survivors (8192K)
 Metaspace       used 148129K, committed 149120K, reserved 1179648K
  class space    used 19478K, committed 19968K, reserved 1048576K
}
Event: 16,088 GC heap before
{Heap before GC invocations=65 (full 0):
 garbage-first heap   total 466944K, used 341770K [0x00000006e0000000, 0x0000000800000000)
  region size 4096K, 29 young (118784K), 2 survivors (8192K)
 Metaspace       used 150063K, committed 151104K, reserved 1245184K
  class space    used 19711K, committed 20224K, reserved 1048576K
}
Event: 16,107 GC heap after
{Heap after GC invocations=66 (full 0):
 garbage-first heap   total 466944K, used 281121K [0x00000006e0000000, 0x0000000800000000)
  region size 4096K, 4 young (16384K), 4 survivors (16384K)
 Metaspace       used 150063K, committed 151104K, reserved 1245184K
  class space    used 19711K, committed 20224K, reserved 1048576K
}
Event: 16,115 GC heap before
{Heap before GC invocations=66 (full 0):
 garbage-first heap   total 466944K, used 285217K [0x00000006e0000000, 0x0000000800000000)
  region size 4096K, 5 young (20480K), 4 survivors (16384K)
 Metaspace       used 150072K, committed 151104K, reserved 1245184K
  class space    used 19711K, committed 20224K, reserved 1048576K
}
Event: 16,123 GC heap after
{Heap after GC invocations=67 (full 0):
 garbage-first heap   total 466944K, used 284455K [0x00000006e0000000, 0x0000000800000000)
  region size 4096K, 1 young (4096K), 1 survivors (4096K)
 Metaspace       used 150072K, committed 151104K, reserved 1245184K
  class space    used 19711K, committed 20224K, reserved 1048576K
}
Event: 16,439 GC heap before
{Heap before GC invocations=67 (full 0):
 garbage-first heap   total 466944K, used 341799K [0x00000006e0000000, 0x0000000800000000)
  region size 4096K, 15 young (61440K), 1 survivors (4096K)
 Metaspace       used 155095K, committed 156160K, reserved 1245184K
  class space    used 20449K, committed 20928K, reserved 1048576K
}
Event: 16,442 GC heap after
{Heap after GC invocations=68 (full 0):
 garbage-first heap   total 466944K, used 284752K [0x00000006e0000000, 0x0000000800000000)
  region size 4096K, 1 young (4096K), 1 survivors (4096K)
 Metaspace       used 155095K, committed 156160K, reserved 1245184K
  class space    used 20449K, committed 20928K, reserved 1048576K
}
Event: 16,655 GC heap before
{Heap before GC invocations=69 (full 0):
 garbage-first heap   total 540672K, used 354384K [0x00000006e0000000, 0x0000000800000000)
  region size 4096K, 18 young (73728K), 1 survivors (4096K)
 Metaspace       used 155346K, committed 156352K, reserved 1245184K
  class space    used 20460K, committed 20928K, reserved 1048576K
}
Event: 16,658 GC heap after
{Heap after GC invocations=70 (full 0):
 garbage-first heap   total 540672K, used 286719K [0x00000006e0000000, 0x0000000800000000)
  region size 4096K, 2 young (8192K), 2 survivors (8192K)
 Metaspace       used 155346K, committed 156352K, reserved 1245184K
  class space    used 20460K, committed 20928K, reserved 1048576K
}
Event: 16,692 GC heap before
{Heap before GC invocations=70 (full 0):
 garbage-first heap   total 540672K, used 303103K [0x00000006e0000000, 0x0000000800000000)
  region size 4096K, 6 young (24576K), 2 survivors (8192K)
 Metaspace       used 155406K, committed 156416K, reserved 1245184K
  class space    used 20460K, committed 20928K, reserved 1048576K
}
Event: 16,696 GC heap after
{Heap after GC invocations=71 (full 0):
 garbage-first heap   total 540672K, used 286025K [0x00000006e0000000, 0x0000000800000000)
  region size 4096K, 1 young (4096K), 1 survivors (4096K)
 Metaspace       used 155406K, committed 156416K, reserved 1245184K
  class space    used 20460K, committed 20928K, reserved 1048576K
}
Event: 16,941 GC heap before
{Heap before GC invocations=71 (full 0):
 garbage-first heap   total 540672K, used 421193K [0x00000006e0000000, 0x0000000800000000)
  region size 4096K, 34 young (139264K), 1 survivors (4096K)
 Metaspace       used 156092K, committed 157120K, reserved 1245184K
  class space    used 20568K, committed 21056K, reserved 1048576K
}
Event: 16,946 GC heap after
{Heap after GC invocations=72 (full 0):
 garbage-first heap   total 1249280K, used 287325K [0x00000006e0000000, 0x0000000800000000)
  region size 4096K, 1 young (4096K), 1 survivors (4096K)
 Metaspace       used 156092K, committed 157120K, reserved 1245184K
  class space    used 20568K, committed 21056K, reserved 1048576K
}

