# JRE version: OpenJDK Runtime Environment (17.0.9) (build 17.0.9+0-17.0.9b1087.7-11185874)
# Java VM: OpenJDK 64-Bit Server VM (17.0.9+0-17.0.9b1087.7-11185874, mixed mode, tiered, compressed oops, compressed class ptrs, parallel gc, linux-amd64)
GC Precious Log:
 CPUs: 16 total, 12 available
 Memory: 13817M
 Large Page Support: Disabled
 NUMA Support: Disabled
 Compressed Oops: Enabled (Zero based)
 Alignments: Space 512K, Generation 512K, Heap 2M
 Heap Min Capacity: 8M
 Heap Initial Capacity: 216M
 Heap Max Capacity: 4608M
 Pre-touch: Disabled
 Parallel Workers: 10
Heap:
 PSYoungGen      total 528384K, used 96237K [0x00000007a0000000, 0x00000007ce900000, 0x0000000800000000)
  eden space 432128K, 0% used [0x00000007a0000000,0x00000007a0000000,0x00000007ba600000)
  from space 96256K, 99% used [0x00000007c3980000,0x00000007c977b7a8,0x00000007c9780000)
  to   space 151040K, 0% used [0x00000007ba600000,0x00000007ba600000,0x00000007c3980000)
 ParOldGen       total 318976K, used 305840K [0x00000006e0000000, 0x00000006f3780000, 0x00000007a0000000)
  object space 318976K, 95% used [0x00000006e0000000,0x00000006f2aac3b0,0x00000006f3780000)
 Metaspace       used 81898K, committed 82688K, reserved 983040K
  class space    used 11014K, committed 11456K, reserved 851968K
GC Heap History (20 events):
Event: 3,609 GC heap after
{Heap after GC invocations=12 (full 3):
 PSYoungGen      total 131072K, used 0K [0x00000007a0000000, 0x00000007aa100000, 0x0000000800000000)
  eden space 102912K, 0% used [0x00000007a0000000,0x00000007a0000000,0x00000007a6480000)
  from space 28160K, 0% used [0x00000007a6480000,0x00000007a6480000,0x00000007a8000000)
  to   space 29184K, 0% used [0x00000007a8480000,0x00000007a8480000,0x00000007aa100000)
 ParOldGen       total 147456K, used 57707K [0x00000006e0000000, 0x00000006e9000000, 0x00000007a0000000)
  object space 147456K, 39% used [0x00000006e0000000,0x00000006e385afa0,0x00000006e9000000)
 Metaspace       used 59243K, committed 59776K, reserved 917504K
  class space    used 7896K, committed 8192K, reserved 851968K
}
Event: 4,098 GC heap before
{Heap before GC invocations=13 (full 3):
 PSYoungGen      total 131072K, used 102912K [0x00000007a0000000, 0x00000007aa100000, 0x0000000800000000)
  eden space 102912K, 100% used [0x00000007a0000000,0x00000007a6480000,0x00000007a6480000)
  from space 28160K, 0% used [0x00000007a6480000,0x00000007a6480000,0x00000007a8000000)
  to   space 29184K, 0% used [0x00000007a8480000,0x00000007a8480000,0x00000007aa100000)
 ParOldGen       total 147456K, used 57707K [0x00000006e0000000, 0x00000006e9000000, 0x00000007a0000000)
  object space 147456K, 39% used [0x00000006e0000000,0x00000006e385afa0,0x00000006e9000000)
 Metaspace       used 66318K, committed 67008K, reserved 917504K
  class space    used 9105K, committed 9472K, reserved 851968K
}
Event: 4,103 GC heap after
{Heap after GC invocations=13 (full 3):
 PSYoungGen      total 136704K, used 10048K [0x00000007a0000000, 0x00000007ad800000, 0x0000000800000000)
  eden space 107520K, 0% used [0x00000007a0000000,0x00000007a0000000,0x00000007a6900000)
  from space 29184K, 34% used [0x00000007a8480000,0x00000007a8e50030,0x00000007aa100000)
  to   space 28160K, 0% used [0x00000007a6900000,0x00000007a6900000,0x00000007a8480000)
 ParOldGen       total 147456K, used 57715K [0x00000006e0000000, 0x00000006e9000000, 0x00000007a0000000)
  object space 147456K, 39% used [0x00000006e0000000,0x00000006e385cfa0,0x00000006e9000000)
 Metaspace       used 66318K, committed 67008K, reserved 917504K
  class space    used 9105K, committed 9472K, reserved 851968K
}
Event: 4,310 GC heap before
{Heap before GC invocations=14 (full 3):
 PSYoungGen      total 136704K, used 117568K [0x00000007a0000000, 0x00000007ad800000, 0x0000000800000000)
  eden space 107520K, 100% used [0x00000007a0000000,0x00000007a6900000,0x00000007a6900000)
  from space 29184K, 34% used [0x00000007a8480000,0x00000007a8e50030,0x00000007aa100000)
  to   space 28160K, 0% used [0x00000007a6900000,0x00000007a6900000,0x00000007a8480000)
 ParOldGen       total 147456K, used 57715K [0x00000006e0000000, 0x00000006e9000000, 0x00000007a0000000)
  object space 147456K, 39% used [0x00000006e0000000,0x00000006e385cfa0,0x00000006e9000000)
 Metaspace       used 71092K, committed 71872K, reserved 917504K
  class space    used 9513K, committed 9920K, reserved 851968K
}
Event: 4,318 GC heap after
{Heap after GC invocations=14 (full 3):
 PSYoungGen      total 135680K, used 10185K [0x00000007a0000000, 0x00000007add00000, 0x0000000800000000)
  eden space 107520K, 0% used [0x00000007a0000000,0x00000007a0000000,0x00000007a6900000)
  from space 28160K, 36% used [0x00000007a6900000,0x00000007a72f2580,0x00000007a8480000)
  to   space 27136K, 0% used [0x00000007ac280000,0x00000007ac280000,0x00000007add00000)
 ParOldGen       total 147456K, used 66756K [0x00000006e0000000, 0x00000006e9000000, 0x00000007a0000000)
  object space 147456K, 45% used [0x00000006e0000000,0x00000006e41312a0,0x00000006e9000000)
 Metaspace       used 71092K, committed 71872K, reserved 917504K
  class space    used 9513K, committed 9920K, reserved 851968K
}
Event: 4,491 GC heap before
{Heap before GC invocations=15 (full 3):
 PSYoungGen      total 135680K, used 117705K [0x00000007a0000000, 0x00000007add00000, 0x0000000800000000)
  eden space 107520K, 100% used [0x00000007a0000000,0x00000007a6900000,0x00000007a6900000)
  from space 28160K, 36% used [0x00000007a6900000,0x00000007a72f2580,0x00000007a8480000)
  to   space 27136K, 0% used [0x00000007ac280000,0x00000007ac280000,0x00000007add00000)
 ParOldGen       total 147456K, used 66756K [0x00000006e0000000, 0x00000006e9000000, 0x00000007a0000000)
  object space 147456K, 45% used [0x00000006e0000000,0x00000006e41312a0,0x00000006e9000000)
 Metaspace       used 71503K, committed 72192K, reserved 917504K
  class space    used 9527K, committed 9920K, reserved 851968K
}
Event: 4,498 GC heap after
{Heap after GC invocations=15 (full 3):
 PSYoungGen      total 198144K, used 9033K [0x00000007a0000000, 0x00000007adc00000, 0x0000000800000000)
  eden space 172032K, 0% used [0x00000007a0000000,0x00000007a0000000,0x00000007aa800000)
  from space 26112K, 34% used [0x00000007ac280000,0x00000007acb526c0,0x00000007adc00000)
  to   space 26624K, 0% used [0x00000007aa800000,0x00000007aa800000,0x00000007ac200000)
 ParOldGen       total 147456K, used 74403K [0x00000006e0000000, 0x00000006e9000000, 0x00000007a0000000)
  object space 147456K, 50% used [0x00000006e0000000,0x00000006e48a8f40,0x00000006e9000000)
 Metaspace       used 71503K, committed 72192K, reserved 917504K
  class space    used 9527K, committed 9920K, reserved 851968K
}
Event: 4,648 GC heap before
{Heap before GC invocations=16 (full 3):
 PSYoungGen      total 198144K, used 181065K [0x00000007a0000000, 0x00000007adc00000, 0x0000000800000000)
  eden space 172032K, 100% used [0x00000007a0000000,0x00000007aa800000,0x00000007aa800000)
  from space 26112K, 34% used [0x00000007ac280000,0x00000007acb526c0,0x00000007adc00000)
  to   space 26624K, 0% used [0x00000007aa800000,0x00000007aa800000,0x00000007ac200000)
 ParOldGen       total 147456K, used 74403K [0x00000006e0000000, 0x00000006e9000000, 0x00000007a0000000)
  object space 147456K, 50% used [0x00000006e0000000,0x00000006e48a8f40,0x00000006e9000000)
 Metaspace       used 71736K, committed 72448K, reserved 917504K
  class space    used 9528K, committed 9920K, reserved 851968K
}
Event: 4,657 GC heap after
{Heap after GC invocations=16 (full 3):
 PSYoungGen      total 198656K, used 11040K [0x00000007a0000000, 0x00000007b3f00000, 0x0000000800000000)
  eden space 172032K, 0% used [0x00000007a0000000,0x00000007a0000000,0x00000007aa800000)
  from space 26624K, 41% used [0x00000007aa800000,0x00000007ab2c8040,0x00000007ac200000)
  to   space 25600K, 0% used [0x00000007b2600000,0x00000007b2600000,0x00000007b3f00000)
 ParOldGen       total 147456K, used 80340K [0x00000006e0000000, 0x00000006e9000000, 0x00000007a0000000)
  object space 147456K, 54% used [0x00000006e0000000,0x00000006e4e75080,0x00000006e9000000)
 Metaspace       used 71736K, committed 72448K, reserved 917504K
  class space    used 9528K, committed 9920K, reserved 851968K
}
Event: 4,851 GC heap before
{Heap before GC invocations=17 (full 3):
 PSYoungGen      total 198656K, used 183072K [0x00000007a0000000, 0x00000007b3f00000, 0x0000000800000000)
  eden space 172032K, 100% used [0x00000007a0000000,0x00000007aa800000,0x00000007aa800000)
  from space 26624K, 41% used [0x00000007aa800000,0x00000007ab2c8040,0x00000007ac200000)
  to   space 25600K, 0% used [0x00000007b2600000,0x00000007b2600000,0x00000007b3f00000)
 ParOldGen       total 147456K, used 80340K [0x00000006e0000000, 0x00000006e9000000, 0x00000007a0000000)
  object space 147456K, 54% used [0x00000006e0000000,0x00000006e4e75080,0x00000006e9000000)
 Metaspace       used 72310K, committed 73024K, reserved 917504K
  class space    used 9590K, committed 9984K, reserved 851968K
}
Event: 4,863 GC heap after
{Heap after GC invocations=17 (full 3):
 PSYoungGen      total 300032K, used 14975K [0x00000007a0000000, 0x00000007b3e00000, 0x0000000800000000)
  eden space 275456K, 0% used [0x00000007a0000000,0x00000007a0000000,0x00000007b0d00000)
  from space 24576K, 60% used [0x00000007b2600000,0x00000007b349fdd8,0x00000007b3e00000)
  to   space 25088K, 0% used [0x00000007b0d00000,0x00000007b0d00000,0x00000007b2580000)
 ParOldGen       total 147456K, used 88644K [0x00000006e0000000, 0x00000006e9000000, 0x00000007a0000000)
  object space 147456K, 60% used [0x00000006e0000000,0x00000006e56910d0,0x00000006e9000000)
 Metaspace       used 72310K, committed 73024K, reserved 917504K
  class space    used 9590K, committed 9984K, reserved 851968K
}
Event: 5,256 GC heap before
{Heap before GC invocations=18 (full 3):
 PSYoungGen      total 300032K, used 290431K [0x00000007a0000000, 0x00000007b3e00000, 0x0000000800000000)
  eden space 275456K, 100% used [0x00000007a0000000,0x00000007b0d00000,0x00000007b0d00000)
  from space 24576K, 60% used [0x00000007b2600000,0x00000007b349fdd8,0x00000007b3e00000)
  to   space 25088K, 0% used [0x00000007b0d00000,0x00000007b0d00000,0x00000007b2580000)
 ParOldGen       total 147456K, used 88644K [0x00000006e0000000, 0x00000006e9000000, 0x00000007a0000000)
  object space 147456K, 60% used [0x00000006e0000000,0x00000006e56910d0,0x00000006e9000000)
 Metaspace       used 78384K, committed 79104K, reserved 983040K
  class space    used 10529K, committed 10880K, reserved 851968K
}
Event: 5,288 GC heap after
{Heap after GC invocations=18 (full 3):
 PSYoungGen      total 300544K, used 25061K [0x00000007a0000000, 0x00000007c4080000, 0x0000000800000000)
  eden space 275456K, 0% used [0x00000007a0000000,0x00000007a0000000,0x00000007b0d00000)
  from space 25088K, 99% used [0x00000007b0d00000,0x00000007b2579510,0x00000007b2580000)
  to   space 74752K, 0% used [0x00000007bf780000,0x00000007bf780000,0x00000007c4080000)
 ParOldGen       total 214016K, used 213882K [0x00000006e0000000, 0x00000006ed100000, 0x00000007a0000000)
  object space 214016K, 99% used [0x00000006e0000000,0x00000006ed0deb08,0x00000006ed100000)
 Metaspace       used 78384K, committed 79104K, reserved 983040K
  class space    used 10529K, committed 10880K, reserved 851968K
}
Event: 5,288 GC heap before
{Heap before GC invocations=19 (full 4):
 PSYoungGen      total 300544K, used 25061K [0x00000007a0000000, 0x00000007c4080000, 0x0000000800000000)
  eden space 275456K, 0% used [0x00000007a0000000,0x00000007a0000000,0x00000007b0d00000)
  from space 25088K, 99% used [0x00000007b0d00000,0x00000007b2579510,0x00000007b2580000)
  to   space 74752K, 0% used [0x00000007bf780000,0x00000007bf780000,0x00000007c4080000)
 ParOldGen       total 214016K, used 213882K [0x00000006e0000000, 0x00000006ed100000, 0x00000007a0000000)
  object space 214016K, 99% used [0x00000006e0000000,0x00000006ed0deb08,0x00000006ed100000)
 Metaspace       used 78384K, committed 79104K, reserved 983040K
  class space    used 10529K, committed 10880K, reserved 851968K
}
Event: 5,363 GC heap after
{Heap after GC invocations=19 (full 4):
 PSYoungGen      total 364032K, used 0K [0x00000007a0000000, 0x00000007bf800000, 0x0000000800000000)
  eden space 363520K, 0% used [0x00000007a0000000,0x00000007a0000000,0x00000007b6300000)
  from space 512K, 0% used [0x00000007bf780000,0x00000007bf780000,0x00000007bf800000)
  to   space 74752K, 0% used [0x00000007b6600000,0x00000007b6600000,0x00000007baf00000)
 ParOldGen       total 318976K, used 180484K [0x00000006e0000000, 0x00000006f3780000, 0x00000007a0000000)
  object space 318976K, 56% used [0x00000006e0000000,0x00000006eb041280,0x00000006f3780000)
 Metaspace       used 78380K, committed 79104K, reserved 983040K
  class space    used 10528K, committed 10880K, reserved 851968K
}
Event: 5,618 GC heap before
{Heap before GC invocations=20 (full 4):
 PSYoungGen      total 364032K, used 363520K [0x00000007a0000000, 0x00000007bf800000, 0x0000000800000000)
  eden space 363520K, 100% used [0x00000007a0000000,0x00000007b6300000,0x00000007b6300000)
  from space 512K, 0% used [0x00000007bf780000,0x00000007bf780000,0x00000007bf800000)
  to   space 74752K, 0% used [0x00000007b6600000,0x00000007b6600000,0x00000007baf00000)
 ParOldGen       total 318976K, used 180484K [0x00000006e0000000, 0x00000006f3780000, 0x00000007a0000000)
  object space 318976K, 56% used [0x00000006e0000000,0x00000006eb041280,0x00000006f3780000)
 Metaspace       used 81028K, committed 81856K, reserved 983040K
  class space    used 10901K, committed 11328K, reserved 851968K
}
Event: 5,645 GC heap after
{Heap after GC invocations=20 (full 4):
 PSYoungGen      total 441344K, used 74751K [0x00000007a0000000, 0x00000007c9780000, 0x0000000800000000)
  eden space 366592K, 0% used [0x00000007a0000000,0x00000007a0000000,0x00000007b6600000)
  from space 74752K, 99% used [0x00000007b6600000,0x00000007baefff60,0x00000007baf00000)
  to   space 96256K, 0% used [0x00000007c3980000,0x00000007c3980000,0x00000007c9780000)
 ParOldGen       total 318976K, used 202857K [0x00000006e0000000, 0x00000006f3780000, 0x00000007a0000000)
  object space 318976K, 63% used [0x00000006e0000000,0x00000006ec61a7d0,0x00000006f3780000)
 Metaspace       used 81028K, committed 81856K, reserved 983040K
  class space    used 10901K, committed 11328K, reserved 851968K
}
Event: 6,108 GC heap before
{Heap before GC invocations=21 (full 4):
 PSYoungGen      total 441344K, used 441343K [0x00000007a0000000, 0x00000007c9780000, 0x0000000800000000)
  eden space 366592K, 100% used [0x00000007a0000000,0x00000007b6600000,0x00000007b6600000)
  from space 74752K, 99% used [0x00000007b6600000,0x00000007baefff60,0x00000007baf00000)
  to   space 96256K, 0% used [0x00000007c3980000,0x00000007c3980000,0x00000007c9780000)
 ParOldGen       total 318976K, used 202857K [0x00000006e0000000, 0x00000006f3780000, 0x00000007a0000000)
  object space 318976K, 63% used [0x00000006e0000000,0x00000006ec61a7d0,0x00000006f3780000)
 Metaspace       used 81898K, committed 82688K, reserved 983040K
  class space    used 11014K, committed 11456K, reserved 851968K
}
Event: 6,182 GC heap after
{Heap after GC invocations=21 (full 4):
 PSYoungGen      total 528384K, used 96237K [0x00000007a0000000, 0x00000007ce900000, 0x0000000800000000)
  eden space 432128K, 0% used [0x00000007a0000000,0x00000007a0000000,0x00000007ba600000)
  from space 96256K, 99% used [0x00000007c3980000,0x00000007c977b7a8,0x00000007c9780000)
  to   space 151040K, 0% used [0x00000007ba600000,0x00000007ba600000,0x00000007c3980000)
 ParOldGen       total 318976K, used 305840K [0x00000006e0000000, 0x00000006f3780000, 0x00000007a0000000)
  object space 318976K, 95% used [0x00000006e0000000,0x00000006f2aac3b0,0x00000006f3780000)
 Metaspace       used 81898K, committed 82688K, reserved 983040K
  class space    used 11014K, committed 11456K, reserved 851968K
}
Event: 6,182 GC heap before
{Heap before GC invocations=22 (full 5):
 PSYoungGen      total 528384K, used 96237K [0x00000007a0000000, 0x00000007ce900000, 0x0000000800000000)
  eden space 432128K, 0% used [0x00000007a0000000,0x00000007a0000000,0x00000007ba600000)
  from space 96256K, 99% used [0x00000007c3980000,0x00000007c977b7a8,0x00000007c9780000)
  to   space 151040K, 0% used [0x00000007ba600000,0x00000007ba600000,0x00000007c3980000)
 ParOldGen       total 318976K, used 305840K [0x00000006e0000000, 0x00000006f3780000, 0x00000007a0000000)
  object space 318976K, 95% used [0x00000006e0000000,0x00000006f2aac3b0,0x00000006f3780000)
 Metaspace       used 81898K, committed 82688K, reserved 983040K
  class space    used 11014K, committed 11456K, reserved 851968K
}

