# JRE version: OpenJDK Runtime Environment (17.0.9) (build 17.0.9+0-17.0.9b1087.7-11185874)
# Java VM: OpenJDK 64-Bit Server VM (17.0.9+0-17.0.9b1087.7-11185874, mixed mode, tiered, compressed oops, compressed class ptrs, parallel gc, linux-amd64)
GC Precious Log:
 CPUs: 16 total, 12 available
 Memory: 13817M
 Large Page Support: Disabled
 NUMA Support: Disabled
 Compressed Oops: Enabled (Zero based)
 Alignments: Space 512K, Generation 512K, Heap 2M
 Heap Min Capacity: 8M
 Heap Initial Capacity: 216M
 Heap Max Capacity: 4608M
 Pre-touch: Disabled
 Parallel Workers: 10
Heap:
 PSYoungGen      total 468480K, used 35322K [0x00000007a0000000, 0x00000007ce280000, 0x0000000800000000)
  eden space 433152K, 0% used [0x00000007a0000000,0x00000007a0000000,0x00000007ba700000)
  from space 35328K, 99% used [0x00000007ba700000,0x00000007bc97e8a0,0x00000007bc980000)
  to   space 74752K, 0% used [0x00000007c9980000,0x00000007c9980000,0x00000007ce280000)
 ParOldGen       total 210944K, used 210825K [0x00000006e0000000, 0x00000006ece00000, 0x00000007a0000000)
  object space 210944K, 99% used [0x00000006e0000000,0x00000006ecde2680,0x00000006ece00000)
 Metaspace       used 98577K, committed 99456K, reserved 983040K
  class space    used 13103K, committed 13568K, reserved 851968K
GC Heap History (20 events):
Event: 4,171 GC heap after
{Heap after GC invocations=11 (full 2):
 PSYoungGen      total 130560K, used 19950K [0x00000007a0000000, 0x00000007aa100000, 0x0000000800000000)
  eden space 101888K, 0% used [0x00000007a0000000,0x00000007a0000000,0x00000007a6380000)
  from space 28672K, 69% used [0x00000007a6380000,0x00000007a76fb898,0x00000007a7f80000)
  to   space 29696K, 0% used [0x00000007a8400000,0x00000007a8400000,0x00000007aa100000)
 ParOldGen       total 147456K, used 38895K [0x00000006e0000000, 0x00000006e9000000, 0x00000007a0000000)
  object space 147456K, 26% used [0x00000006e0000000,0x00000006e25fbeb8,0x00000006e9000000)
 Metaspace       used 59211K, committed 59776K, reserved 917504K
  class space    used 7903K, committed 8192K, reserved 851968K
}
Event: 4,171 GC heap before
{Heap before GC invocations=12 (full 3):
 PSYoungGen      total 130560K, used 19950K [0x00000007a0000000, 0x00000007aa100000, 0x0000000800000000)
  eden space 101888K, 0% used [0x00000007a0000000,0x00000007a0000000,0x00000007a6380000)
  from space 28672K, 69% used [0x00000007a6380000,0x00000007a76fb898,0x00000007a7f80000)
  to   space 29696K, 0% used [0x00000007a8400000,0x00000007a8400000,0x00000007aa100000)
 ParOldGen       total 147456K, used 38895K [0x00000006e0000000, 0x00000006e9000000, 0x00000007a0000000)
  object space 147456K, 26% used [0x00000006e0000000,0x00000006e25fbeb8,0x00000006e9000000)
 Metaspace       used 59211K, committed 59776K, reserved 917504K
  class space    used 7903K, committed 8192K, reserved 851968K
}
Event: 4,200 GC heap after
{Heap after GC invocations=12 (full 3):
 PSYoungGen      total 130560K, used 0K [0x00000007a0000000, 0x00000007aa100000, 0x0000000800000000)
  eden space 101888K, 0% used [0x00000007a0000000,0x00000007a0000000,0x00000007a6380000)
  from space 28672K, 0% used [0x00000007a6380000,0x00000007a6380000,0x00000007a7f80000)
  to   space 29696K, 0% used [0x00000007a8400000,0x00000007a8400000,0x00000007aa100000)
 ParOldGen       total 147456K, used 57483K [0x00000006e0000000, 0x00000006e9000000, 0x00000007a0000000)
  object space 147456K, 38% used [0x00000006e0000000,0x00000006e3822de8,0x00000006e9000000)
 Metaspace       used 59211K, committed 59776K, reserved 917504K
  class space    used 7903K, committed 8192K, reserved 851968K
}
Event: 4,719 GC heap before
{Heap before GC invocations=13 (full 3):
 PSYoungGen      total 130560K, used 101888K [0x00000007a0000000, 0x00000007aa100000, 0x0000000800000000)
  eden space 101888K, 100% used [0x00000007a0000000,0x00000007a6380000,0x00000007a6380000)
  from space 28672K, 0% used [0x00000007a6380000,0x00000007a6380000,0x00000007a7f80000)
  to   space 29696K, 0% used [0x00000007a8400000,0x00000007a8400000,0x00000007aa100000)
 ParOldGen       total 147456K, used 57483K [0x00000006e0000000, 0x00000006e9000000, 0x00000007a0000000)
  object space 147456K, 38% used [0x00000006e0000000,0x00000006e3822de8,0x00000006e9000000)
 Metaspace       used 64442K, committed 65152K, reserved 917504K
  class space    used 8833K, committed 9216K, reserved 851968K
}
Event: 4,725 GC heap after
{Heap after GC invocations=13 (full 3):
 PSYoungGen      total 136192K, used 9984K [0x00000007a0000000, 0x00000007ad780000, 0x0000000800000000)
  eden space 106496K, 0% used [0x00000007a0000000,0x00000007a0000000,0x00000007a6800000)
  from space 29696K, 33% used [0x00000007a8400000,0x00000007a8dc0020,0x00000007aa100000)
  to   space 28672K, 0% used [0x00000007a6800000,0x00000007a6800000,0x00000007a8400000)
 ParOldGen       total 147456K, used 57491K [0x00000006e0000000, 0x00000006e9000000, 0x00000007a0000000)
  object space 147456K, 38% used [0x00000006e0000000,0x00000006e3824de8,0x00000006e9000000)
 Metaspace       used 64442K, committed 65152K, reserved 917504K
  class space    used 8833K, committed 9216K, reserved 851968K
}
Event: 5,026 GC heap before
{Heap before GC invocations=14 (full 3):
 PSYoungGen      total 136192K, used 116480K [0x00000007a0000000, 0x00000007ad780000, 0x0000000800000000)
  eden space 106496K, 100% used [0x00000007a0000000,0x00000007a6800000,0x00000007a6800000)
  from space 29696K, 33% used [0x00000007a8400000,0x00000007a8dc0020,0x00000007aa100000)
  to   space 28672K, 0% used [0x00000007a6800000,0x00000007a6800000,0x00000007a8400000)
 ParOldGen       total 147456K, used 57491K [0x00000006e0000000, 0x00000006e9000000, 0x00000007a0000000)
  object space 147456K, 38% used [0x00000006e0000000,0x00000006e3824de8,0x00000006e9000000)
 Metaspace       used 74062K, committed 74880K, reserved 917504K
  class space    used 9990K, committed 10432K, reserved 851968K
}
Event: 5,035 GC heap after
{Heap after GC invocations=14 (full 3):
 PSYoungGen      total 135168K, used 10849K [0x00000007a0000000, 0x00000007add80000, 0x0000000800000000)
  eden space 106496K, 0% used [0x00000007a0000000,0x00000007a0000000,0x00000007a6800000)
  from space 28672K, 37% used [0x00000007a6800000,0x00000007a72985a0,0x00000007a8400000)
  to   space 28160K, 0% used [0x00000007ac200000,0x00000007ac200000,0x00000007add80000)
 ParOldGen       total 147456K, used 67191K [0x00000006e0000000, 0x00000006e9000000, 0x00000007a0000000)
  object space 147456K, 45% used [0x00000006e0000000,0x00000006e419dd40,0x00000006e9000000)
 Metaspace       used 74062K, committed 74880K, reserved 917504K
  class space    used 9990K, committed 10432K, reserved 851968K
}
Event: 5,268 GC heap before
{Heap before GC invocations=15 (full 3):
 PSYoungGen      total 135168K, used 117345K [0x00000007a0000000, 0x00000007add80000, 0x0000000800000000)
  eden space 106496K, 100% used [0x00000007a0000000,0x00000007a6800000,0x00000007a6800000)
  from space 28672K, 37% used [0x00000007a6800000,0x00000007a72985a0,0x00000007a8400000)
  to   space 28160K, 0% used [0x00000007ac200000,0x00000007ac200000,0x00000007add80000)
 ParOldGen       total 147456K, used 67191K [0x00000006e0000000, 0x00000006e9000000, 0x00000007a0000000)
  object space 147456K, 45% used [0x00000006e0000000,0x00000006e419dd40,0x00000006e9000000)
 Metaspace       used 77017K, committed 77760K, reserved 983040K
  class space    used 10327K, committed 10688K, reserved 851968K
}
Event: 5,279 GC heap after
{Heap after GC invocations=15 (full 3):
 PSYoungGen      total 195584K, used 12635K [0x00000007a0000000, 0x00000007ada80000, 0x0000000800000000)
  eden space 170496K, 0% used [0x00000007a0000000,0x00000007a0000000,0x00000007aa680000)
  from space 25088K, 50% used [0x00000007ac200000,0x00000007ace56e68,0x00000007ada80000)
  to   space 26624K, 0% used [0x00000007aa680000,0x00000007aa680000,0x00000007ac080000)
 ParOldGen       total 147456K, used 75030K [0x00000006e0000000, 0x00000006e9000000, 0x00000007a0000000)
  object space 147456K, 50% used [0x00000006e0000000,0x00000006e49459c8,0x00000006e9000000)
 Metaspace       used 77017K, committed 77760K, reserved 983040K
  class space    used 10327K, committed 10688K, reserved 851968K
}
Event: 5,532 GC heap before
{Heap before GC invocations=16 (full 3):
 PSYoungGen      total 195584K, used 183131K [0x00000007a0000000, 0x00000007ada80000, 0x0000000800000000)
  eden space 170496K, 100% used [0x00000007a0000000,0x00000007aa680000,0x00000007aa680000)
  from space 25088K, 50% used [0x00000007ac200000,0x00000007ace56e68,0x00000007ada80000)
  to   space 26624K, 0% used [0x00000007aa680000,0x00000007aa680000,0x00000007ac080000)
 ParOldGen       total 147456K, used 75030K [0x00000006e0000000, 0x00000006e9000000, 0x00000007a0000000)
  object space 147456K, 50% used [0x00000006e0000000,0x00000006e49459c8,0x00000006e9000000)
 Metaspace       used 80395K, committed 81216K, reserved 983040K
  class space    used 10797K, committed 11200K, reserved 851968K
}
Event: 5,540 GC heap after
{Heap after GC invocations=16 (full 3):
 PSYoungGen      total 197120K, used 8963K [0x00000007a0000000, 0x00000007b3d80000, 0x0000000800000000)
  eden space 170496K, 0% used [0x00000007a0000000,0x00000007a0000000,0x00000007aa680000)
  from space 26624K, 33% used [0x00000007aa680000,0x00000007aaf40cc0,0x00000007ac080000)
  to   space 26112K, 0% used [0x00000007b2400000,0x00000007b2400000,0x00000007b3d80000)
 ParOldGen       total 147456K, used 84884K [0x00000006e0000000, 0x00000006e9000000, 0x00000007a0000000)
  object space 147456K, 57% used [0x00000006e0000000,0x00000006e52e52b8,0x00000006e9000000)
 Metaspace       used 80395K, committed 81216K, reserved 983040K
  class space    used 10797K, committed 11200K, reserved 851968K
}
Event: 5,794 GC heap before
{Heap before GC invocations=17 (full 3):
 PSYoungGen      total 197120K, used 179459K [0x00000007a0000000, 0x00000007b3d80000, 0x0000000800000000)
  eden space 170496K, 100% used [0x00000007a0000000,0x00000007aa680000,0x00000007aa680000)
  from space 26624K, 33% used [0x00000007aa680000,0x00000007aaf40cc0,0x00000007ac080000)
  to   space 26112K, 0% used [0x00000007b2400000,0x00000007b2400000,0x00000007b3d80000)
 ParOldGen       total 147456K, used 84884K [0x00000006e0000000, 0x00000006e9000000, 0x00000007a0000000)
  object space 147456K, 57% used [0x00000006e0000000,0x00000006e52e52b8,0x00000006e9000000)
 Metaspace       used 81471K, committed 82304K, reserved 983040K
  class space    used 10921K, committed 11328K, reserved 851968K
}
Event: 5,808 GC heap after
{Heap after GC invocations=17 (full 3):
 PSYoungGen      total 296960K, used 11440K [0x00000007a0000000, 0x00000007b3b80000, 0x0000000800000000)
  eden space 272896K, 0% used [0x00000007a0000000,0x00000007a0000000,0x00000007b0a80000)
  from space 24064K, 47% used [0x00000007b2400000,0x00000007b2f2c030,0x00000007b3b80000)
  to   space 25088K, 0% used [0x00000007b0a80000,0x00000007b0a80000,0x00000007b2300000)
 ParOldGen       total 147456K, used 91298K [0x00000006e0000000, 0x00000006e9000000, 0x00000007a0000000)
  object space 147456K, 61% used [0x00000006e0000000,0x00000006e5928920,0x00000006e9000000)
 Metaspace       used 81471K, committed 82304K, reserved 983040K
  class space    used 10921K, committed 11328K, reserved 851968K
}
Event: 6,259 GC heap before
{Heap before GC invocations=18 (full 3):
 PSYoungGen      total 296960K, used 284336K [0x00000007a0000000, 0x00000007b3b80000, 0x0000000800000000)
  eden space 272896K, 100% used [0x00000007a0000000,0x00000007b0a80000,0x00000007b0a80000)
  from space 24064K, 47% used [0x00000007b2400000,0x00000007b2f2c030,0x00000007b3b80000)
  to   space 25088K, 0% used [0x00000007b0a80000,0x00000007b0a80000,0x00000007b2300000)
 ParOldGen       total 147456K, used 91298K [0x00000006e0000000, 0x00000006e9000000, 0x00000007a0000000)
  object space 147456K, 61% used [0x00000006e0000000,0x00000006e5928920,0x00000006e9000000)
 Metaspace       used 84532K, committed 85376K, reserved 983040K
  class space    used 11285K, committed 11712K, reserved 851968K
}
Event: 6,277 GC heap after
{Heap after GC invocations=18 (full 3):
 PSYoungGen      total 297984K, used 25071K [0x00000007a0000000, 0x00000007be880000, 0x0000000800000000)
  eden space 272896K, 0% used [0x00000007a0000000,0x00000007a0000000,0x00000007b0a80000)
  from space 25088K, 99% used [0x00000007b0a80000,0x00000007b22fbdb8,0x00000007b2300000)
  to   space 31744K, 0% used [0x00000007bc980000,0x00000007bc980000,0x00000007be880000)
 ParOldGen       total 147456K, used 100775K [0x00000006e0000000, 0x00000006e9000000, 0x00000007a0000000)
  object space 147456K, 68% used [0x00000006e0000000,0x00000006e6269cd0,0x00000006e9000000)
 Metaspace       used 84532K, committed 85376K, reserved 983040K
  class space    used 11285K, committed 11712K, reserved 851968K
}
Event: 6,590 GC heap before
{Heap before GC invocations=19 (full 3):
 PSYoungGen      total 297984K, used 297967K [0x00000007a0000000, 0x00000007be880000, 0x0000000800000000)
  eden space 272896K, 100% used [0x00000007a0000000,0x00000007b0a80000,0x00000007b0a80000)
  from space 25088K, 99% used [0x00000007b0a80000,0x00000007b22fbdb8,0x00000007b2300000)
  to   space 31744K, 0% used [0x00000007bc980000,0x00000007bc980000,0x00000007be880000)
 ParOldGen       total 147456K, used 100775K [0x00000006e0000000, 0x00000006e9000000, 0x00000007a0000000)
  object space 147456K, 68% used [0x00000006e0000000,0x00000006e6269cd0,0x00000006e9000000)
 Metaspace       used 87928K, committed 88832K, reserved 983040K
  class space    used 11642K, committed 12096K, reserved 851968K
}
Event: 6,608 GC heap after
{Heap after GC invocations=19 (full 3):
 PSYoungGen      total 464896K, used 28290K [0x00000007a0000000, 0x00000007bef80000, 0x0000000800000000)
  eden space 433152K, 0% used [0x00000007a0000000,0x00000007a0000000,0x00000007ba700000)
  from space 31744K, 89% used [0x00000007bc980000,0x00000007be520aa0,0x00000007be880000)
  to   space 35328K, 0% used [0x00000007ba700000,0x00000007ba700000,0x00000007bc980000)
 ParOldGen       total 147456K, used 118512K [0x00000006e0000000, 0x00000006e9000000, 0x00000007a0000000)
  object space 147456K, 80% used [0x00000006e0000000,0x00000006e73bc228,0x00000006e9000000)
 Metaspace       used 87928K, committed 88832K, reserved 983040K
  class space    used 11642K, committed 12096K, reserved 851968K
}
Event: 7,245 GC heap before
{Heap before GC invocations=20 (full 3):
 PSYoungGen      total 464896K, used 461442K [0x00000007a0000000, 0x00000007bef80000, 0x0000000800000000)
  eden space 433152K, 100% used [0x00000007a0000000,0x00000007ba700000,0x00000007ba700000)
  from space 31744K, 89% used [0x00000007bc980000,0x00000007be520aa0,0x00000007be880000)
  to   space 35328K, 0% used [0x00000007ba700000,0x00000007ba700000,0x00000007bc980000)
 ParOldGen       total 147456K, used 118512K [0x00000006e0000000, 0x00000006e9000000, 0x00000007a0000000)
  object space 147456K, 80% used [0x00000006e0000000,0x00000006e73bc228,0x00000006e9000000)
 Metaspace       used 98577K, committed 99456K, reserved 983040K
  class space    used 13103K, committed 13568K, reserved 851968K
}
Event: 7,287 GC heap after
{Heap after GC invocations=20 (full 3):
 PSYoungGen      total 468480K, used 35322K [0x00000007a0000000, 0x00000007ce280000, 0x0000000800000000)
  eden space 433152K, 0% used [0x00000007a0000000,0x00000007a0000000,0x00000007ba700000)
  from space 35328K, 99% used [0x00000007ba700000,0x00000007bc97e8a0,0x00000007bc980000)
  to   space 74752K, 0% used [0x00000007c9980000,0x00000007c9980000,0x00000007ce280000)
 ParOldGen       total 210944K, used 210825K [0x00000006e0000000, 0x00000006ece00000, 0x00000007a0000000)
  object space 210944K, 99% used [0x00000006e0000000,0x00000006ecde2680,0x00000006ece00000)
 Metaspace       used 98577K, committed 99456K, reserved 983040K
  class space    used 13103K, committed 13568K, reserved 851968K
}
Event: 7,287 GC heap before
{Heap before GC invocations=21 (full 4):
 PSYoungGen      total 468480K, used 35322K [0x00000007a0000000, 0x00000007ce280000, 0x0000000800000000)
  eden space 433152K, 0% used [0x00000007a0000000,0x00000007a0000000,0x00000007ba700000)
  from space 35328K, 99% used [0x00000007ba700000,0x00000007bc97e8a0,0x00000007bc980000)
  to   space 74752K, 0% used [0x00000007c9980000,0x00000007c9980000,0x00000007ce280000)
 ParOldGen       total 210944K, used 210825K [0x00000006e0000000, 0x00000006ece00000, 0x00000007a0000000)
  object space 210944K, 99% used [0x00000006e0000000,0x00000006ecde2680,0x00000006ece00000)
 Metaspace       used 98577K, committed 99456K, reserved 983040K
  class space    used 13103K, committed 13568K, reserved 851968K
}

