# JRE version: OpenJDK Runtime Environment (17.0.9) (build 17.0.9+0-17.0.9b1087.7-11185874)
# Java VM: OpenJDK 64-Bit Server VM (17.0.9+0-17.0.9b1087.7-11185874, mixed mode, tiered, compressed oops, compressed class ptrs, parallel gc, linux-amd64)
GC Precious Log:
 CPUs: 16 total, 12 available
 Memory: 13817M
 Large Page Support: Disabled
 NUMA Support: Disabled
 Compressed Oops: Enabled (Zero based)
 Alignments: Space 512K, Generation 512K, Heap 2M
 Heap Min Capacity: 8M
 Heap Initial Capacity: 216M
 Heap Max Capacity: 4608M
 Pre-touch: Disabled
 Parallel Workers: 10
Heap:
 PSYoungGen      total 377344K, used 139193K [0x00000007a0000000, 0x00000007b9300000, 0x0000000800000000)
  eden space 345088K, 40% used [0x00000007a0000000,0x00000007a87ee528,0x00000007b5100000)
  from space 32256K, 0% used [0x00000007b7380000,0x00000007b7380000,0x00000007b9300000)
  to   space 33792K, 0% used [0x00000007b5100000,0x00000007b5100000,0x00000007b7200000)
 ParOldGen       total 147456K, used 105945K [0x00000006e0000000, 0x00000006e9000000, 0x00000007a0000000)
  object space 147456K, 71% used [0x00000006e0000000,0x00000006e6776618,0x00000006e9000000)
 Metaspace       used 106526K, committed 107392K, reserved 983040K
  class space    used 14650K, committed 15040K, reserved 851968K
GC Heap History (20 events):
Event: 1,714 GC heap before
{Heap before GC invocations=5 (full 1):
 PSYoungGen      total 119808K, used 26582K [0x00000007a0000000, 0x00000007a7e00000, 0x0000000800000000)
  eden space 110592K, 15% used [0x00000007a0000000,0x00000007a10fc2b0,0x00000007a6c00000)
  from space 9216K, 99% used [0x00000007a6c00000,0x00000007a74f9678,0x00000007a7500000)
  to   space 9216K, 0% used [0x00000007a7500000,0x00000007a7500000,0x00000007a7e00000)
 ParOldGen       total 147456K, used 26193K [0x00000006e0000000, 0x00000006e9000000, 0x00000007a0000000)
  object space 147456K, 17% used [0x00000006e0000000,0x00000006e19945c8,0x00000006e9000000)
 Metaspace       used 35486K, committed 35840K, reserved 917504K
  class space    used 4938K, committed 5120K, reserved 851968K
}
Event: 1,716 GC heap after
{Heap after GC invocations=5 (full 1):
 PSYoungGen      total 119808K, used 9186K [0x00000007a0000000, 0x00000007a7e00000, 0x0000000800000000)
  eden space 110592K, 0% used [0x00000007a0000000,0x00000007a0000000,0x00000007a6c00000)
  from space 9216K, 99% used [0x00000007a7500000,0x00000007a7df8ba8,0x00000007a7e00000)
  to   space 9216K, 0% used [0x00000007a6c00000,0x00000007a6c00000,0x00000007a7500000)
 ParOldGen       total 147456K, used 26833K [0x00000006e0000000, 0x00000006e9000000, 0x00000007a0000000)
  object space 147456K, 18% used [0x00000006e0000000,0x00000006e1a345c8,0x00000006e9000000)
 Metaspace       used 35486K, committed 35840K, reserved 917504K
  class space    used 4938K, committed 5120K, reserved 851968K
}
Event: 1,716 GC heap before
{Heap before GC invocations=6 (full 2):
 PSYoungGen      total 119808K, used 9186K [0x00000007a0000000, 0x00000007a7e00000, 0x0000000800000000)
  eden space 110592K, 0% used [0x00000007a0000000,0x00000007a0000000,0x00000007a6c00000)
  from space 9216K, 99% used [0x00000007a7500000,0x00000007a7df8ba8,0x00000007a7e00000)
  to   space 9216K, 0% used [0x00000007a6c00000,0x00000007a6c00000,0x00000007a7500000)
 ParOldGen       total 147456K, used 26833K [0x00000006e0000000, 0x00000006e9000000, 0x00000007a0000000)
  object space 147456K, 18% used [0x00000006e0000000,0x00000006e1a345c8,0x00000006e9000000)
 Metaspace       used 35486K, committed 35840K, reserved 917504K
  class space    used 4938K, committed 5120K, reserved 851968K
}
Event: 1,733 GC heap after
{Heap after GC invocations=6 (full 2):
 PSYoungGen      total 119808K, used 0K [0x00000007a0000000, 0x00000007a7e00000, 0x0000000800000000)
  eden space 110592K, 0% used [0x00000007a0000000,0x00000007a0000000,0x00000007a6c00000)
  from space 9216K, 0% used [0x00000007a7500000,0x00000007a7500000,0x00000007a7e00000)
  to   space 9216K, 0% used [0x00000007a6c00000,0x00000007a6c00000,0x00000007a7500000)
 ParOldGen       total 147456K, used 35574K [0x00000006e0000000, 0x00000006e9000000, 0x00000007a0000000)
  object space 147456K, 24% used [0x00000006e0000000,0x00000006e22bdae0,0x00000006e9000000)
 Metaspace       used 35486K, committed 35840K, reserved 917504K
  class space    used 4938K, committed 5120K, reserved 851968K
}
Event: 2,485 GC heap before
{Heap before GC invocations=7 (full 2):
 PSYoungGen      total 119808K, used 110519K [0x00000007a0000000, 0x00000007a7e00000, 0x0000000800000000)
  eden space 110592K, 99% used [0x00000007a0000000,0x00000007a6bedd48,0x00000007a6c00000)
  from space 9216K, 0% used [0x00000007a7500000,0x00000007a7500000,0x00000007a7e00000)
  to   space 9216K, 0% used [0x00000007a6c00000,0x00000007a6c00000,0x00000007a7500000)
 ParOldGen       total 147456K, used 35574K [0x00000006e0000000, 0x00000006e9000000, 0x00000007a0000000)
  object space 147456K, 24% used [0x00000006e0000000,0x00000006e22bdae0,0x00000006e9000000)
 Metaspace       used 48290K, committed 48768K, reserved 917504K
  class space    used 6487K, committed 6720K, reserved 851968K
}
Event: 2,491 GC heap after
{Heap after GC invocations=7 (full 2):
 PSYoungGen      total 119808K, used 9195K [0x00000007a0000000, 0x00000007afd00000, 0x0000000800000000)
  eden space 110592K, 0% used [0x00000007a0000000,0x00000007a0000000,0x00000007a6c00000)
  from space 9216K, 99% used [0x00000007a6c00000,0x00000007a74fac90,0x00000007a7500000)
  to   space 18944K, 0% used [0x00000007aea80000,0x00000007aea80000,0x00000007afd00000)
 ParOldGen       total 147456K, used 39073K [0x00000006e0000000, 0x00000006e9000000, 0x00000007a0000000)
  object space 147456K, 26% used [0x00000006e0000000,0x00000006e2628408,0x00000006e9000000)
 Metaspace       used 48290K, committed 48768K, reserved 917504K
  class space    used 6487K, committed 6720K, reserved 851968K
}
Event: 3,363 GC heap before
{Heap before GC invocations=8 (full 2):
 PSYoungGen      total 119808K, used 119787K [0x00000007a0000000, 0x00000007afd00000, 0x0000000800000000)
  eden space 110592K, 100% used [0x00000007a0000000,0x00000007a6c00000,0x00000007a6c00000)
  from space 9216K, 99% used [0x00000007a6c00000,0x00000007a74fac90,0x00000007a7500000)
  to   space 18944K, 0% used [0x00000007aea80000,0x00000007aea80000,0x00000007afd00000)
 ParOldGen       total 147456K, used 39073K [0x00000006e0000000, 0x00000006e9000000, 0x00000007a0000000)
  object space 147456K, 26% used [0x00000006e0000000,0x00000006e2628408,0x00000006e9000000)
 Metaspace       used 58684K, committed 59264K, reserved 917504K
  class space    used 8062K, committed 8384K, reserved 851968K
}
Event: 3,370 GC heap after
{Heap after GC invocations=8 (full 2):
 PSYoungGen      total 238592K, used 18069K [0x00000007a0000000, 0x00000007b0000000, 0x0000000800000000)
  eden space 219648K, 0% used [0x00000007a0000000,0x00000007a0000000,0x00000007ad680000)
  from space 18944K, 95% used [0x00000007aea80000,0x00000007afc256a8,0x00000007afd00000)
  to   space 20480K, 0% used [0x00000007ad680000,0x00000007ad680000,0x00000007aea80000)
 ParOldGen       total 147456K, used 39081K [0x00000006e0000000, 0x00000006e9000000, 0x00000007a0000000)
  object space 147456K, 26% used [0x00000006e0000000,0x00000006e262a408,0x00000006e9000000)
 Metaspace       used 58684K, committed 59264K, reserved 917504K
  class space    used 8062K, committed 8384K, reserved 851968K
}
Event: 3,450 GC heap before
{Heap before GC invocations=9 (full 2):
 PSYoungGen      total 238592K, used 25349K [0x00000007a0000000, 0x00000007b0000000, 0x0000000800000000)
  eden space 219648K, 3% used [0x00000007a0000000,0x00000007a071c150,0x00000007ad680000)
  from space 18944K, 95% used [0x00000007aea80000,0x00000007afc256a8,0x00000007afd00000)
  to   space 20480K, 0% used [0x00000007ad680000,0x00000007ad680000,0x00000007aea80000)
 ParOldGen       total 147456K, used 39081K [0x00000006e0000000, 0x00000006e9000000, 0x00000007a0000000)
  object space 147456K, 26% used [0x00000006e0000000,0x00000006e262a408,0x00000006e9000000)
 Metaspace       used 59189K, committed 59776K, reserved 917504K
  class space    used 8135K, committed 8448K, reserved 851968K
}
Event: 3,456 GC heap after
{Heap after GC invocations=9 (full 2):
 PSYoungGen      total 240128K, used 18245K [0x00000007a0000000, 0x00000007b0300000, 0x0000000800000000)
  eden space 219648K, 0% used [0x00000007a0000000,0x00000007a0000000,0x00000007ad680000)
  from space 20480K, 89% used [0x00000007ad680000,0x00000007ae8516b8,0x00000007aea80000)
  to   space 22016K, 0% used [0x00000007aed80000,0x00000007aed80000,0x00000007b0300000)
 ParOldGen       total 147456K, used 39089K [0x00000006e0000000, 0x00000006e9000000, 0x00000007a0000000)
  object space 147456K, 26% used [0x00000006e0000000,0x00000006e262c408,0x00000006e9000000)
 Metaspace       used 59189K, committed 59776K, reserved 917504K
  class space    used 8135K, committed 8448K, reserved 851968K
}
Event: 3,456 GC heap before
{Heap before GC invocations=10 (full 3):
 PSYoungGen      total 240128K, used 18245K [0x00000007a0000000, 0x00000007b0300000, 0x0000000800000000)
  eden space 219648K, 0% used [0x00000007a0000000,0x00000007a0000000,0x00000007ad680000)
  from space 20480K, 89% used [0x00000007ad680000,0x00000007ae8516b8,0x00000007aea80000)
  to   space 22016K, 0% used [0x00000007aed80000,0x00000007aed80000,0x00000007b0300000)
 ParOldGen       total 147456K, used 39089K [0x00000006e0000000, 0x00000006e9000000, 0x00000007a0000000)
  object space 147456K, 26% used [0x00000006e0000000,0x00000006e262c408,0x00000006e9000000)
 Metaspace       used 59189K, committed 59776K, reserved 917504K
  class space    used 8135K, committed 8448K, reserved 851968K
}
Event: 3,498 GC heap after
{Heap after GC invocations=10 (full 3):
 PSYoungGen      total 240128K, used 0K [0x00000007a0000000, 0x00000007b0300000, 0x0000000800000000)
  eden space 219648K, 0% used [0x00000007a0000000,0x00000007a0000000,0x00000007ad680000)
  from space 20480K, 0% used [0x00000007ad680000,0x00000007ad680000,0x00000007aea80000)
  to   space 22016K, 0% used [0x00000007aed80000,0x00000007aed80000,0x00000007b0300000)
 ParOldGen       total 147456K, used 56279K [0x00000006e0000000, 0x00000006e9000000, 0x00000007a0000000)
  object space 147456K, 38% used [0x00000006e0000000,0x00000006e36f5dc0,0x00000006e9000000)
 Metaspace       used 59189K, committed 59776K, reserved 917504K
  class space    used 8135K, committed 8448K, reserved 851968K
}
Event: 4,684 GC heap before
{Heap before GC invocations=11 (full 3):
 PSYoungGen      total 240128K, used 219648K [0x00000007a0000000, 0x00000007b0300000, 0x0000000800000000)
  eden space 219648K, 100% used [0x00000007a0000000,0x00000007ad680000,0x00000007ad680000)
  from space 20480K, 0% used [0x00000007ad680000,0x00000007ad680000,0x00000007aea80000)
  to   space 22016K, 0% used [0x00000007aed80000,0x00000007aed80000,0x00000007b0300000)
 ParOldGen       total 147456K, used 56279K [0x00000006e0000000, 0x00000006e9000000, 0x00000007a0000000)
  object space 147456K, 38% used [0x00000006e0000000,0x00000006e36f5dc0,0x00000006e9000000)
 Metaspace       used 73974K, committed 74624K, reserved 917504K
  class space    used 9995K, committed 10304K, reserved 851968K
}
Event: 4,692 GC heap after
{Heap after GC invocations=11 (full 3):
 PSYoungGen      total 237568K, used 22013K [0x00000007a0000000, 0x00000007be300000, 0x0000000800000000)
  eden space 215552K, 0% used [0x00000007a0000000,0x00000007a0000000,0x00000007ad280000)
  from space 22016K, 99% used [0x00000007aed80000,0x00000007b02ff408,0x00000007b0300000)
  to   space 27648K, 0% used [0x00000007ad280000,0x00000007ad280000,0x00000007aed80000)
 ParOldGen       total 147456K, used 64762K [0x00000006e0000000, 0x00000006e9000000, 0x00000007a0000000)
  object space 147456K, 43% used [0x00000006e0000000,0x00000006e3f3eb00,0x00000006e9000000)
 Metaspace       used 73974K, committed 74624K, reserved 917504K
  class space    used 9995K, committed 10304K, reserved 851968K
}
Event: 5,789 GC heap before
{Heap before GC invocations=12 (full 3):
 PSYoungGen      total 237568K, used 237565K [0x00000007a0000000, 0x00000007be300000, 0x0000000800000000)
  eden space 215552K, 100% used [0x00000007a0000000,0x00000007ad280000,0x00000007ad280000)
  from space 22016K, 99% used [0x00000007aed80000,0x00000007b02ff408,0x00000007b0300000)
  to   space 27648K, 0% used [0x00000007ad280000,0x00000007ad280000,0x00000007aed80000)
 ParOldGen       total 147456K, used 64762K [0x00000006e0000000, 0x00000006e9000000, 0x00000007a0000000)
  object space 147456K, 43% used [0x00000006e0000000,0x00000006e3f3eb00,0x00000006e9000000)
 Metaspace       used 88040K, committed 88832K, reserved 983040K
  class space    used 11946K, committed 12352K, reserved 851968K
}
Event: 5,801 GC heap after
{Heap after GC invocations=12 (full 3):
 PSYoungGen      total 243200K, used 27634K [0x00000007a0000000, 0x00000007b9600000, 0x0000000800000000)
  eden space 215552K, 0% used [0x00000007a0000000,0x00000007a0000000,0x00000007ad280000)
  from space 27648K, 99% used [0x00000007ad280000,0x00000007aed7c828,0x00000007aed80000)
  to   space 35328K, 0% used [0x00000007b7380000,0x00000007b7380000,0x00000007b9600000)
 ParOldGen       total 147456K, used 75054K [0x00000006e0000000, 0x00000006e9000000, 0x00000007a0000000)
  object space 147456K, 50% used [0x00000006e0000000,0x00000006e494ba18,0x00000006e9000000)
 Metaspace       used 88040K, committed 88832K, reserved 983040K
  class space    used 11946K, committed 12352K, reserved 851968K
}
Event: 6,741 GC heap before
{Heap before GC invocations=13 (full 3):
 PSYoungGen      total 243200K, used 212823K [0x00000007a0000000, 0x00000007b9600000, 0x0000000800000000)
  eden space 215552K, 85% used [0x00000007a0000000,0x00000007ab4d96e0,0x00000007ad280000)
  from space 27648K, 99% used [0x00000007ad280000,0x00000007aed7c828,0x00000007aed80000)
  to   space 35328K, 0% used [0x00000007b7380000,0x00000007b7380000,0x00000007b9600000)
 ParOldGen       total 147456K, used 75054K [0x00000006e0000000, 0x00000006e9000000, 0x00000007a0000000)
  object space 147456K, 50% used [0x00000006e0000000,0x00000006e494ba18,0x00000006e9000000)
 Metaspace       used 98870K, committed 99648K, reserved 983040K
  class space    used 13641K, committed 14016K, reserved 851968K
}
Event: 6,752 GC heap after
{Heap after GC invocations=13 (full 3):
 PSYoungGen      total 377344K, used 17557K [0x00000007a0000000, 0x00000007b9300000, 0x0000000800000000)
  eden space 345088K, 0% used [0x00000007a0000000,0x00000007a0000000,0x00000007b5100000)
  from space 32256K, 54% used [0x00000007b7380000,0x00000007b84a5440,0x00000007b9300000)
  to   space 33792K, 0% used [0x00000007b5100000,0x00000007b5100000,0x00000007b7200000)
 ParOldGen       total 147456K, used 91381K [0x00000006e0000000, 0x00000006e9000000, 0x00000007a0000000)
  object space 147456K, 61% used [0x00000006e0000000,0x00000006e593d680,0x00000006e9000000)
 Metaspace       used 98870K, committed 99648K, reserved 983040K
  class space    used 13641K, committed 14016K, reserved 851968K
}
Event: 6,752 GC heap before
{Heap before GC invocations=14 (full 4):
 PSYoungGen      total 377344K, used 17557K [0x00000007a0000000, 0x00000007b9300000, 0x0000000800000000)
  eden space 345088K, 0% used [0x00000007a0000000,0x00000007a0000000,0x00000007b5100000)
  from space 32256K, 54% used [0x00000007b7380000,0x00000007b84a5440,0x00000007b9300000)
  to   space 33792K, 0% used [0x00000007b5100000,0x00000007b5100000,0x00000007b7200000)
 ParOldGen       total 147456K, used 91381K [0x00000006e0000000, 0x00000006e9000000, 0x00000007a0000000)
  object space 147456K, 61% used [0x00000006e0000000,0x00000006e593d680,0x00000006e9000000)
 Metaspace       used 98870K, committed 99648K, reserved 983040K
  class space    used 13641K, committed 14016K, reserved 851968K
}
Event: 6,809 GC heap after
{Heap after GC invocations=14 (full 4):
 PSYoungGen      total 377344K, used 0K [0x00000007a0000000, 0x00000007b9300000, 0x0000000800000000)
  eden space 345088K, 0% used [0x00000007a0000000,0x00000007a0000000,0x00000007b5100000)
  from space 32256K, 0% used [0x00000007b7380000,0x00000007b7380000,0x00000007b9300000)
  to   space 33792K, 0% used [0x00000007b5100000,0x00000007b5100000,0x00000007b7200000)
 ParOldGen       total 147456K, used 105945K [0x00000006e0000000, 0x00000006e9000000, 0x00000007a0000000)
  object space 147456K, 71% used [0x00000006e0000000,0x00000006e6776618,0x00000006e9000000)
 Metaspace       used 98870K, committed 99648K, reserved 983040K
  class space    used 13641K, committed 14016K, reserved 851968K
}

