# JRE version: OpenJDK Runtime Environment (17.0.9) (build 17.0.9+0-17.0.9b1087.7-11185874)
# Java VM: OpenJDK 64-Bit Server VM (17.0.9+0-17.0.9b1087.7-11185874, mixed mode, tiered, compressed oops, compressed class ptrs, g1 gc, linux-amd64)
GC Precious Log:
 CPUs: 16 total, 12 available
 Memory: 13817M
 Large Page Support: Disabled
 NUMA Support: Disabled
 Compressed Oops: Enabled (Zero based)
 Heap Region Size: 4M
 Heap Min Capacity: 8M
 Heap Initial Capacity: 216M
 Heap Max Capacity: 4608M
 Pre-touch: Disabled
 Parallel Workers: 10
 Concurrent Workers: 3
 Concurrent Refinement Workers: 10
 Periodic GC: Disabled
Heap:
 garbage-first heap   total 937984K, used 760350K [0x00000006e0000000, 0x0000000800000000)
  region size 4096K, 122 young (499712K), 6 survivors (24576K)
 Metaspace       used 200864K, committed 202816K, reserved 1245184K
  class space    used 27152K, committed 28032K, reserved 1048576K
GC Heap History (20 events):
Event: 1544,100 GC heap after
{Heap after GC invocations=71 (full 0):
 garbage-first heap   total 937984K, used 290228K [0x00000006e0000000, 0x0000000800000000)
  region size 4096K, 3 young (12288K), 3 survivors (12288K)
 Metaspace       used 182320K, committed 183680K, reserved 1245184K
  class space    used 24802K, committed 25408K, reserved 1048576K
}
Event: 1548,738 GC heap before
{Heap before GC invocations=71 (full 0):
 garbage-first heap   total 937984K, used 765364K [0x00000006e0000000, 0x0000000800000000)
  region size 4096K, 120 young (491520K), 3 survivors (12288K)
 Metaspace       used 183229K, committed 184704K, reserved 1245184K
  class space    used 24920K, committed 25600K, reserved 1048576K
}
Event: 1548,753 GC heap after
{Heap after GC invocations=72 (full 0):
 garbage-first heap   total 937984K, used 320159K [0x00000006e0000000, 0x0000000800000000)
  region size 4096K, 11 young (45056K), 11 survivors (45056K)
 Metaspace       used 183229K, committed 184704K, reserved 1245184K
  class space    used 24920K, committed 25600K, reserved 1048576K
}
Event: 1550,203 GC heap before
{Heap before GC invocations=73 (full 0):
 garbage-first heap   total 937984K, used 758431K [0x00000006e0000000, 0x0000000800000000)
  region size 4096K, 119 young (487424K), 11 survivors (45056K)
 Metaspace       used 198660K, committed 200192K, reserved 1245184K
  class space    used 26912K, committed 27648K, reserved 1048576K
}
Event: 1550,222 GC heap after
{Heap after GC invocations=74 (full 0):
 garbage-first heap   total 937984K, used 327137K [0x00000006e0000000, 0x0000000800000000)
  region size 4096K, 6 young (24576K), 6 survivors (24576K)
 Metaspace       used 198660K, committed 200192K, reserved 1245184K
  class space    used 26912K, committed 27648K, reserved 1048576K
}
Event: 1550,228 GC heap before
{Heap before GC invocations=74 (full 0):
 garbage-first heap   total 937984K, used 347617K [0x00000006e0000000, 0x0000000800000000)
  region size 4096K, 11 young (45056K), 6 survivors (24576K)
 Metaspace       used 198661K, committed 200192K, reserved 1245184K
  class space    used 26912K, committed 27648K, reserved 1048576K
}
Event: 1550,238 GC heap after
{Heap after GC invocations=75 (full 0):
 garbage-first heap   total 937984K, used 285298K [0x00000006e0000000, 0x0000000800000000)
  region size 4096K, 1 young (4096K), 1 survivors (4096K)
 Metaspace       used 198661K, committed 200192K, reserved 1245184K
  class space    used 26912K, committed 27648K, reserved 1048576K
}
Event: 1600,553 GC heap before
{Heap before GC invocations=75 (full 0):
 garbage-first heap   total 937984K, used 760434K [0x00000006e0000000, 0x0000000800000000)
  region size 4096K, 118 young (483328K), 1 survivors (4096K)
 Metaspace       used 199259K, committed 200832K, reserved 1245184K
  class space    used 26914K, committed 27648K, reserved 1048576K
}
Event: 1600,565 GC heap after
{Heap after GC invocations=76 (full 0):
 garbage-first heap   total 937984K, used 307477K [0x00000006e0000000, 0x0000000800000000)
  region size 4096K, 7 young (28672K), 7 survivors (28672K)
 Metaspace       used 199259K, committed 200832K, reserved 1245184K
  class space    used 26914K, committed 27648K, reserved 1048576K
}
Event: 1690,818 GC heap before
{Heap before GC invocations=77 (full 0):
 garbage-first heap   total 937984K, used 758037K [0x00000006e0000000, 0x0000000800000000)
  region size 4096K, 118 young (483328K), 7 survivors (28672K)
 Metaspace       used 199819K, committed 201600K, reserved 1245184K
  class space    used 27072K, committed 27904K, reserved 1048576K
}
Event: 1690,830 GC heap after
{Heap after GC invocations=78 (full 0):
 garbage-first heap   total 937984K, used 310709K [0x00000006e0000000, 0x0000000800000000)
  region size 4096K, 7 young (28672K), 7 survivors (28672K)
 Metaspace       used 199819K, committed 201600K, reserved 1245184K
  class space    used 27072K, committed 27904K, reserved 1048576K
}
Event: 1690,837 GC heap before
{Heap before GC invocations=78 (full 0):
 garbage-first heap   total 937984K, used 327093K [0x00000006e0000000, 0x0000000800000000)
  region size 4096K, 11 young (45056K), 7 survivors (28672K)
 Metaspace       used 199819K, committed 201600K, reserved 1245184K
  class space    used 27072K, committed 27904K, reserved 1048576K
}
Event: 1690,872 GC heap after
{Heap after GC invocations=79 (full 0):
 garbage-first heap   total 937984K, used 281657K [0x00000006e0000000, 0x0000000800000000)
  region size 4096K, 1 young (4096K), 1 survivors (4096K)
 Metaspace       used 199819K, committed 201600K, reserved 1245184K
  class space    used 27072K, committed 27904K, reserved 1048576K
}
Event: 2120,590 GC heap before
{Heap before GC invocations=79 (full 0):
 garbage-first heap   total 937984K, used 752697K [0x00000006e0000000, 0x0000000800000000)
  region size 4096K, 117 young (479232K), 1 survivors (4096K)
 Metaspace       used 200501K, committed 202432K, reserved 1245184K
  class space    used 27150K, committed 28032K, reserved 1048576K
}
Event: 2120,607 GC heap after
{Heap after GC invocations=80 (full 0):
 garbage-first heap   total 937984K, used 308452K [0x00000006e0000000, 0x0000000800000000)
  region size 4096K, 8 young (32768K), 8 survivors (32768K)
 Metaspace       used 200501K, committed 202432K, reserved 1245184K
  class space    used 27150K, committed 28032K, reserved 1048576K
}
Event: 2126,827 GC heap before
{Heap before GC invocations=81 (full 0):
 garbage-first heap   total 937984K, used 746724K [0x00000006e0000000, 0x0000000800000000)
  region size 4096K, 116 young (475136K), 8 survivors (32768K)
 Metaspace       used 200639K, committed 202560K, reserved 1245184K
  class space    used 27150K, committed 28032K, reserved 1048576K
}
Event: 2126,838 GC heap after
{Heap after GC invocations=82 (full 0):
 garbage-first heap   total 937984K, used 317386K [0x00000006e0000000, 0x0000000800000000)
  region size 4096K, 10 young (40960K), 10 survivors (40960K)
 Metaspace       used 200639K, committed 202560K, reserved 1245184K
  class space    used 27150K, committed 28032K, reserved 1048576K
}
Event: 2126,845 GC heap before
{Heap before GC invocations=82 (full 0):
 garbage-first heap   total 937984K, used 321482K [0x00000006e0000000, 0x0000000800000000)
  region size 4096K, 11 young (45056K), 10 survivors (40960K)
 Metaspace       used 200639K, committed 202560K, reserved 1245184K
  class space    used 27150K, committed 28032K, reserved 1048576K
}
Event: 2126,869 GC heap after
{Heap after GC invocations=83 (full 0):
 garbage-first heap   total 937984K, used 285214K [0x00000006e0000000, 0x0000000800000000)
  region size 4096K, 1 young (4096K), 1 survivors (4096K)
 Metaspace       used 200639K, committed 202560K, reserved 1245184K
  class space    used 27150K, committed 28032K, reserved 1048576K
}
Event: 2213,751 GC heap before
{Heap before GC invocations=83 (full 0):
 garbage-first heap   total 937984K, used 756254K [0x00000006e0000000, 0x0000000800000000)
  region size 4096K, 117 young (479232K), 1 survivors (4096K)
 Metaspace       used 200864K, committed 202816K, reserved 1245184K
  class space    used 27152K, committed 28032K, reserved 1048576K
}

