# JRE version: OpenJDK Runtime Environment (17.0.9) (build 17.0.9+0-17.0.9b1087.7-11185874)
# Java VM: OpenJDK 64-Bit Server VM (17.0.9+0-17.0.9b1087.7-11185874, mixed mode, tiered, compressed oops, compressed class ptrs, parallel gc, linux-amd64)
GC Precious Log:
 CPUs: 16 total, 12 available
 Memory: 13817M
 Large Page Support: Disabled
 NUMA Support: Disabled
 Compressed Oops: Enabled (Zero based)
 Alignments: Space 512K, Generation 512K, Heap 2M
 Heap Min Capacity: 8M
 Heap Initial Capacity: 216M
 Heap Max Capacity: 4608M
 Pre-touch: Disabled
 Parallel Workers: 10
Heap:
 PSYoungGen      total 131584K, used 16890K [0x00000007a0000000, 0x00000007a9900000, 0x0000000800000000)
  eden space 109568K, 0% used [0x00000007a0000000,0x00000007a0000000,0x00000007a6b00000)
  from space 22016K, 76% used [0x00000007a6b00000,0x00000007a7b7e8d0,0x00000007a8080000)
  to   space 23040K, 0% used [0x00000007a8280000,0x00000007a8280000,0x00000007a9900000)
 ParOldGen       total 147456K, used 40049K [0x00000006e0000000, 0x00000006e9000000, 0x00000007a0000000)
  object space 147456K, 27% used [0x00000006e0000000,0x00000006e271c4e0,0x00000006e9000000)
 Metaspace       used 59224K, committed 59776K, reserved 917504K
  class space    used 8147K, committed 8448K, reserved 851968K
GC Heap History (20 events):
Event: 0,996 GC heap after
{Heap after GC invocations=2 (full 0):
 PSYoungGen      total 64512K, used 9209K [0x00000007a0000000, 0x00000007a4800000, 0x0000000800000000)
  eden space 55296K, 0% used [0x00000007a0000000,0x00000007a0000000,0x00000007a3600000)
  from space 9216K, 99% used [0x00000007a3f00000,0x00000007a47fe518,0x00000007a4800000)
  to   space 9216K, 0% used [0x00000007a3600000,0x00000007a3600000,0x00000007a3f00000)
 ParOldGen       total 147456K, used 8068K [0x00000006e0000000, 0x00000006e9000000, 0x00000007a0000000)
  object space 147456K, 5% used [0x00000006e0000000,0x00000006e07e13e8,0x00000006e9000000)
 Metaspace       used 21304K, committed 21504K, reserved 917504K
  class space    used 2536K, committed 2624K, reserved 851968K
}
Event: 0,996 GC heap before
{Heap before GC invocations=3 (full 1):
 PSYoungGen      total 64512K, used 9209K [0x00000007a0000000, 0x00000007a4800000, 0x0000000800000000)
  eden space 55296K, 0% used [0x00000007a0000000,0x00000007a0000000,0x00000007a3600000)
  from space 9216K, 99% used [0x00000007a3f00000,0x00000007a47fe518,0x00000007a4800000)
  to   space 9216K, 0% used [0x00000007a3600000,0x00000007a3600000,0x00000007a3f00000)
 ParOldGen       total 147456K, used 8068K [0x00000006e0000000, 0x00000006e9000000, 0x00000007a0000000)
  object space 147456K, 5% used [0x00000006e0000000,0x00000006e07e13e8,0x00000006e9000000)
 Metaspace       used 21304K, committed 21504K, reserved 917504K
  class space    used 2536K, committed 2624K, reserved 851968K
}
Event: 1,006 GC heap after
{Heap after GC invocations=3 (full 1):
 PSYoungGen      total 64512K, used 0K [0x00000007a0000000, 0x00000007a4800000, 0x0000000800000000)
  eden space 55296K, 0% used [0x00000007a0000000,0x00000007a0000000,0x00000007a3600000)
  from space 9216K, 0% used [0x00000007a3f00000,0x00000007a3f00000,0x00000007a4800000)
  to   space 9216K, 0% used [0x00000007a3600000,0x00000007a3600000,0x00000007a3f00000)
 ParOldGen       total 147456K, used 16941K [0x00000006e0000000, 0x00000006e9000000, 0x00000007a0000000)
  object space 147456K, 11% used [0x00000006e0000000,0x00000006e108b690,0x00000006e9000000)
 Metaspace       used 21304K, committed 21504K, reserved 917504K
  class space    used 2536K, committed 2624K, reserved 851968K
}
Event: 3,333 GC heap before
{Heap before GC invocations=4 (full 1):
 PSYoungGen      total 64512K, used 55283K [0x00000007a0000000, 0x00000007a4800000, 0x0000000800000000)
  eden space 55296K, 99% used [0x00000007a0000000,0x00000007a35fcfb0,0x00000007a3600000)
  from space 9216K, 0% used [0x00000007a3f00000,0x00000007a3f00000,0x00000007a4800000)
  to   space 9216K, 0% used [0x00000007a3600000,0x00000007a3600000,0x00000007a3f00000)
 ParOldGen       total 147456K, used 16941K [0x00000006e0000000, 0x00000006e9000000, 0x00000007a0000000)
  object space 147456K, 11% used [0x00000006e0000000,0x00000006e108b690,0x00000006e9000000)
 Metaspace       used 29213K, committed 29504K, reserved 917504K
  class space    used 3898K, committed 4032K, reserved 851968K
}
Event: 3,335 GC heap after
{Heap after GC invocations=4 (full 1):
 PSYoungGen      total 64512K, used 3284K [0x00000007a0000000, 0x00000007a4800000, 0x0000000800000000)
  eden space 55296K, 0% used [0x00000007a0000000,0x00000007a0000000,0x00000007a3600000)
  from space 9216K, 35% used [0x00000007a3600000,0x00000007a39351f0,0x00000007a3f00000)
  to   space 9216K, 0% used [0x00000007a3f00000,0x00000007a3f00000,0x00000007a4800000)
 ParOldGen       total 147456K, used 16949K [0x00000006e0000000, 0x00000006e9000000, 0x00000007a0000000)
  object space 147456K, 11% used [0x00000006e0000000,0x00000006e108d690,0x00000006e9000000)
 Metaspace       used 29213K, committed 29504K, reserved 917504K
  class space    used 3898K, committed 4032K, reserved 851968K
}
Event: 3,727 GC heap before
{Heap before GC invocations=5 (full 1):
 PSYoungGen      total 64512K, used 58580K [0x00000007a0000000, 0x00000007a4800000, 0x0000000800000000)
  eden space 55296K, 100% used [0x00000007a0000000,0x00000007a3600000,0x00000007a3600000)
  from space 9216K, 35% used [0x00000007a3600000,0x00000007a39351f0,0x00000007a3f00000)
  to   space 9216K, 0% used [0x00000007a3f00000,0x00000007a3f00000,0x00000007a4800000)
 ParOldGen       total 147456K, used 16949K [0x00000006e0000000, 0x00000006e9000000, 0x00000007a0000000)
  object space 147456K, 11% used [0x00000006e0000000,0x00000006e108d690,0x00000006e9000000)
 Metaspace       used 34301K, committed 34624K, reserved 917504K
  class space    used 4737K, committed 4864K, reserved 851968K
}
Event: 3,732 GC heap after
{Heap after GC invocations=5 (full 1):
 PSYoungGen      total 64512K, used 9215K [0x00000007a0000000, 0x00000007a4800000, 0x0000000800000000)
  eden space 55296K, 0% used [0x00000007a0000000,0x00000007a0000000,0x00000007a3600000)
  from space 9216K, 99% used [0x00000007a3f00000,0x00000007a47fff10,0x00000007a4800000)
  to   space 9216K, 0% used [0x00000007a3600000,0x00000007a3600000,0x00000007a3f00000)
 ParOldGen       total 147456K, used 26326K [0x00000006e0000000, 0x00000006e9000000, 0x00000007a0000000)
  object space 147456K, 17% used [0x00000006e0000000,0x00000006e19b5aa0,0x00000006e9000000)
 Metaspace       used 34301K, committed 34624K, reserved 917504K
  class space    used 4737K, committed 4864K, reserved 851968K
}
Event: 3,810 GC heap before
{Heap before GC invocations=6 (full 1):
 PSYoungGen      total 64512K, used 21430K [0x00000007a0000000, 0x00000007a4800000, 0x0000000800000000)
  eden space 55296K, 22% used [0x00000007a0000000,0x00000007a0bedc50,0x00000007a3600000)
  from space 9216K, 99% used [0x00000007a3f00000,0x00000007a47fff10,0x00000007a4800000)
  to   space 9216K, 0% used [0x00000007a3600000,0x00000007a3600000,0x00000007a3f00000)
 ParOldGen       total 147456K, used 26326K [0x00000006e0000000, 0x00000006e9000000, 0x00000007a0000000)
  object space 147456K, 17% used [0x00000006e0000000,0x00000006e19b5aa0,0x00000006e9000000)
 Metaspace       used 35490K, committed 35840K, reserved 917504K
  class space    used 4925K, committed 5120K, reserved 851968K
}
Event: 3,812 GC heap after
{Heap after GC invocations=6 (full 1):
 PSYoungGen      total 64512K, used 9215K [0x00000007a0000000, 0x00000007a6000000, 0x0000000800000000)
  eden space 55296K, 0% used [0x00000007a0000000,0x00000007a0000000,0x00000007a3600000)
  from space 9216K, 99% used [0x00000007a3600000,0x00000007a3effe00,0x00000007a3f00000)
  to   space 21504K, 0% used [0x00000007a4b00000,0x00000007a4b00000,0x00000007a6000000)
 ParOldGen       total 147456K, used 26825K [0x00000006e0000000, 0x00000006e9000000, 0x00000007a0000000)
  object space 147456K, 18% used [0x00000006e0000000,0x00000006e1a32448,0x00000006e9000000)
 Metaspace       used 35490K, committed 35840K, reserved 917504K
  class space    used 4925K, committed 5120K, reserved 851968K
}
Event: 3,812 GC heap before
{Heap before GC invocations=7 (full 2):
 PSYoungGen      total 64512K, used 9215K [0x00000007a0000000, 0x00000007a6000000, 0x0000000800000000)
  eden space 55296K, 0% used [0x00000007a0000000,0x00000007a0000000,0x00000007a3600000)
  from space 9216K, 99% used [0x00000007a3600000,0x00000007a3effe00,0x00000007a3f00000)
  to   space 21504K, 0% used [0x00000007a4b00000,0x00000007a4b00000,0x00000007a6000000)
 ParOldGen       total 147456K, used 26825K [0x00000006e0000000, 0x00000006e9000000, 0x00000007a0000000)
  object space 147456K, 18% used [0x00000006e0000000,0x00000006e1a32448,0x00000006e9000000)
 Metaspace       used 35490K, committed 35840K, reserved 917504K
  class space    used 4925K, committed 5120K, reserved 851968K
}
Event: 3,829 GC heap after
{Heap after GC invocations=7 (full 2):
 PSYoungGen      total 64512K, used 0K [0x00000007a0000000, 0x00000007a6000000, 0x0000000800000000)
  eden space 55296K, 0% used [0x00000007a0000000,0x00000007a0000000,0x00000007a3600000)
  from space 9216K, 0% used [0x00000007a3600000,0x00000007a3600000,0x00000007a3f00000)
  to   space 21504K, 0% used [0x00000007a4b00000,0x00000007a4b00000,0x00000007a6000000)
 ParOldGen       total 147456K, used 35563K [0x00000006e0000000, 0x00000006e9000000, 0x00000007a0000000)
  object space 147456K, 24% used [0x00000006e0000000,0x00000006e22bad48,0x00000006e9000000)
 Metaspace       used 35490K, committed 35840K, reserved 917504K
  class space    used 4925K, committed 5120K, reserved 851968K
}
Event: 4,204 GC heap before
{Heap before GC invocations=8 (full 2):
 PSYoungGen      total 64512K, used 55296K [0x00000007a0000000, 0x00000007a6000000, 0x0000000800000000)
  eden space 55296K, 100% used [0x00000007a0000000,0x00000007a3600000,0x00000007a3600000)
  from space 9216K, 0% used [0x00000007a3600000,0x00000007a3600000,0x00000007a3f00000)
  to   space 21504K, 0% used [0x00000007a4b00000,0x00000007a4b00000,0x00000007a6000000)
 ParOldGen       total 147456K, used 35563K [0x00000006e0000000, 0x00000006e9000000, 0x00000007a0000000)
  object space 147456K, 24% used [0x00000006e0000000,0x00000006e22bad48,0x00000006e9000000)
 Metaspace       used 43281K, committed 43712K, reserved 917504K
  class space    used 5837K, committed 6080K, reserved 851968K
}
Event: 4,206 GC heap after
{Heap after GC invocations=8 (full 2):
 PSYoungGen      total 76800K, used 5040K [0x00000007a0000000, 0x00000007a9600000, 0x0000000800000000)
  eden space 55296K, 0% used [0x00000007a0000000,0x00000007a0000000,0x00000007a3600000)
  from space 21504K, 23% used [0x00000007a4b00000,0x00000007a4fec210,0x00000007a6000000)
  to   space 21504K, 0% used [0x00000007a3600000,0x00000007a3600000,0x00000007a4b00000)
 ParOldGen       total 147456K, used 35571K [0x00000006e0000000, 0x00000006e9000000, 0x00000007a0000000)
  object space 147456K, 24% used [0x00000006e0000000,0x00000006e22bcd48,0x00000006e9000000)
 Metaspace       used 43281K, committed 43712K, reserved 917504K
  class space    used 5837K, committed 6080K, reserved 851968K
}
Event: 4,605 GC heap before
{Heap before GC invocations=9 (full 2):
 PSYoungGen      total 76800K, used 60336K [0x00000007a0000000, 0x00000007a9600000, 0x0000000800000000)
  eden space 55296K, 100% used [0x00000007a0000000,0x00000007a3600000,0x00000007a3600000)
  from space 21504K, 23% used [0x00000007a4b00000,0x00000007a4fec210,0x00000007a6000000)
  to   space 21504K, 0% used [0x00000007a3600000,0x00000007a3600000,0x00000007a4b00000)
 ParOldGen       total 147456K, used 35571K [0x00000006e0000000, 0x00000006e9000000, 0x00000007a0000000)
  object space 147456K, 24% used [0x00000006e0000000,0x00000006e22bcd48,0x00000006e9000000)
 Metaspace       used 48452K, committed 48896K, reserved 917504K
  class space    used 6499K, committed 6720K, reserved 851968K
}
Event: 4,609 GC heap after
{Heap after GC invocations=9 (full 2):
 PSYoungGen      total 76800K, used 12529K [0x00000007a0000000, 0x00000007a9500000, 0x0000000800000000)
  eden space 55296K, 0% used [0x00000007a0000000,0x00000007a0000000,0x00000007a3600000)
  from space 21504K, 58% used [0x00000007a3600000,0x00000007a423c420,0x00000007a4b00000)
  to   space 20992K, 0% used [0x00000007a8080000,0x00000007a8080000,0x00000007a9500000)
 ParOldGen       total 147456K, used 35579K [0x00000006e0000000, 0x00000006e9000000, 0x00000007a0000000)
  object space 147456K, 24% used [0x00000006e0000000,0x00000006e22bed48,0x00000006e9000000)
 Metaspace       used 48452K, committed 48896K, reserved 917504K
  class space    used 6499K, committed 6720K, reserved 851968K
}
Event: 5,025 GC heap before
{Heap before GC invocations=10 (full 2):
 PSYoungGen      total 76800K, used 67825K [0x00000007a0000000, 0x00000007a9500000, 0x0000000800000000)
  eden space 55296K, 100% used [0x00000007a0000000,0x00000007a3600000,0x00000007a3600000)
  from space 21504K, 58% used [0x00000007a3600000,0x00000007a423c420,0x00000007a4b00000)
  to   space 20992K, 0% used [0x00000007a8080000,0x00000007a8080000,0x00000007a9500000)
 ParOldGen       total 147456K, used 35579K [0x00000006e0000000, 0x00000006e9000000, 0x00000007a0000000)
  object space 147456K, 24% used [0x00000006e0000000,0x00000006e22bed48,0x00000006e9000000)
 Metaspace       used 54693K, committed 55296K, reserved 917504K
  class space    used 7374K, committed 7680K, reserved 851968K
}
Event: 5,032 GC heap after
{Heap after GC invocations=10 (full 2):
 PSYoungGen      total 130560K, used 16195K [0x00000007a0000000, 0x00000007a9700000, 0x0000000800000000)
  eden space 109568K, 0% used [0x00000007a0000000,0x00000007a0000000,0x00000007a6b00000)
  from space 20992K, 77% used [0x00000007a8080000,0x00000007a9050f70,0x00000007a9500000)
  to   space 22016K, 0% used [0x00000007a6b00000,0x00000007a6b00000,0x00000007a8080000)
 ParOldGen       total 147456K, used 35587K [0x00000006e0000000, 0x00000006e9000000, 0x00000007a0000000)
  object space 147456K, 24% used [0x00000006e0000000,0x00000006e22c0d48,0x00000006e9000000)
 Metaspace       used 54693K, committed 55296K, reserved 917504K
  class space    used 7374K, committed 7680K, reserved 851968K
}
Event: 5,516 GC heap before
{Heap before GC invocations=11 (full 2):
 PSYoungGen      total 130560K, used 74279K [0x00000007a0000000, 0x00000007a9700000, 0x0000000800000000)
  eden space 109568K, 53% used [0x00000007a0000000,0x00000007a38b8dc8,0x00000007a6b00000)
  from space 20992K, 77% used [0x00000007a8080000,0x00000007a9050f70,0x00000007a9500000)
  to   space 22016K, 0% used [0x00000007a6b00000,0x00000007a6b00000,0x00000007a8080000)
 ParOldGen       total 147456K, used 35587K [0x00000006e0000000, 0x00000006e9000000, 0x00000007a0000000)
  object space 147456K, 24% used [0x00000006e0000000,0x00000006e22c0d48,0x00000006e9000000)
 Metaspace       used 59224K, committed 59776K, reserved 917504K
  class space    used 8147K, committed 8448K, reserved 851968K
}
Event: 5,523 GC heap after
{Heap after GC invocations=11 (full 2):
 PSYoungGen      total 131584K, used 16890K [0x00000007a0000000, 0x00000007a9900000, 0x0000000800000000)
  eden space 109568K, 0% used [0x00000007a0000000,0x00000007a0000000,0x00000007a6b00000)
  from space 22016K, 76% used [0x00000007a6b00000,0x00000007a7b7e8d0,0x00000007a8080000)
  to   space 23040K, 0% used [0x00000007a8280000,0x00000007a8280000,0x00000007a9900000)
 ParOldGen       total 147456K, used 40049K [0x00000006e0000000, 0x00000006e9000000, 0x00000007a0000000)
  object space 147456K, 27% used [0x00000006e0000000,0x00000006e271c4e0,0x00000006e9000000)
 Metaspace       used 59224K, committed 59776K, reserved 917504K
  class space    used 8147K, committed 8448K, reserved 851968K
}
Event: 5,523 GC heap before
{Heap before GC invocations=12 (full 3):
 PSYoungGen      total 131584K, used 16890K [0x00000007a0000000, 0x00000007a9900000, 0x0000000800000000)
  eden space 109568K, 0% used [0x00000007a0000000,0x00000007a0000000,0x00000007a6b00000)
  from space 22016K, 76% used [0x00000007a6b00000,0x00000007a7b7e8d0,0x00000007a8080000)
  to   space 23040K, 0% used [0x00000007a8280000,0x00000007a8280000,0x00000007a9900000)
 ParOldGen       total 147456K, used 40049K [0x00000006e0000000, 0x00000006e9000000, 0x00000007a0000000)
  object space 147456K, 27% used [0x00000006e0000000,0x00000006e271c4e0,0x00000006e9000000)
 Metaspace       used 59224K, committed 59776K, reserved 917504K
  class space    used 8147K, committed 8448K, reserved 851968K
}

