# JRE version: OpenJDK Runtime Environment (17.0.9) (build 17.0.9+0-17.0.9b1087.7-11185874)
# Java VM: OpenJDK 64-Bit Server VM (17.0.9+0-17.0.9b1087.7-11185874, mixed mode, tiered, compressed oops, compressed class ptrs, parallel gc, linux-amd64)
GC Precious Log:
 CPUs: 16 total, 12 available
 Memory: 13817M
 Large Page Support: Disabled
 NUMA Support: Disabled
 Compressed Oops: Enabled (Zero based)
 Alignments: Space 512K, Generation 512K, Heap 2M
 Heap Min Capacity: 8M
 Heap Initial Capacity: 216M
 Heap Max Capacity: 4608M
 Pre-touch: Disabled
 Parallel Workers: 10
Heap:
 PSYoungGen      total 686592K, used 178034K [0x00000007a0000000, 0x00000007d8380000, 0x0000000800000000)
  eden space 465408K, 31% used [0x00000007a0000000,0x00000007a8d7fb90,0x00000007bc680000)
  from space 221184K, 14% used [0x00000007bc680000,0x00000007be6dcd20,0x00000007c9e80000)
  to   space 215040K, 0% used [0x00000007cb180000,0x00000007cb180000,0x00000007d8380000)
 ParOldGen       total 1155072K, used 831946K [0x00000006e0000000, 0x0000000726800000, 0x00000007a0000000)
  object space 1155072K, 72% used [0x00000006e0000000,0x0000000712c72800,0x0000000726800000)
 Metaspace       used 198460K, committed 200768K, reserved 1048576K
  class space    used 26167K, committed 27328K, reserved 851968K
GC Heap History (20 events):
Event: 1134,765 GC heap before
{Heap before GC invocations=62 (full 9):
 PSYoungGen      total 505344K, used 333824K [0x00000007a0000000, 0x00000007cb900000, 0x0000000800000000)
  eden space 333824K, 100% used [0x00000007a0000000,0x00000007b4600000,0x00000007b4600000)
  from space 171520K, 0% used [0x00000007b4600000,0x00000007b4600000,0x00000007bed80000)
  to   space 171520K, 0% used [0x00000007c1180000,0x00000007c1180000,0x00000007cb900000)
 ParOldGen       total 955392K, used 652910K [0x00000006e0000000, 0x000000071a500000, 0x00000007a0000000)
  object space 955392K, 68% used [0x00000006e0000000,0x0000000707d9b888,0x000000071a500000)
 Metaspace       used 177273K, committed 179072K, reserved 1048576K
  class space    used 23620K, committed 24512K, reserved 851968K
}
Event: 1134,817 GC heap after
{Heap after GC invocations=62 (full 9):
 PSYoungGen      total 529920K, used 125330K [0x00000007a0000000, 0x00000007cd000000, 0x0000000800000000)
  eden space 358400K, 0% used [0x00000007a0000000,0x00000007a0000000,0x00000007b5e00000)
  from space 171520K, 73% used [0x00000007c1180000,0x00000007c8be4840,0x00000007cb900000)
  to   space 183808K, 0% used [0x00000007b5e00000,0x00000007b5e00000,0x00000007c1180000)
 ParOldGen       total 955392K, used 652910K [0x00000006e0000000, 0x000000071a500000, 0x00000007a0000000)
  object space 955392K, 68% used [0x00000006e0000000,0x0000000707d9b888,0x000000071a500000)
 Metaspace       used 177273K, committed 179072K, reserved 1048576K
  class space    used 23620K, committed 24512K, reserved 851968K
}
Event: 1135,590 GC heap before
{Heap before GC invocations=63 (full 9):
 PSYoungGen      total 529920K, used 483730K [0x00000007a0000000, 0x00000007cd000000, 0x0000000800000000)
  eden space 358400K, 100% used [0x00000007a0000000,0x00000007b5e00000,0x00000007b5e00000)
  from space 171520K, 73% used [0x00000007c1180000,0x00000007c8be4840,0x00000007cb900000)
  to   space 183808K, 0% used [0x00000007b5e00000,0x00000007b5e00000,0x00000007c1180000)
 ParOldGen       total 955392K, used 652910K [0x00000006e0000000, 0x000000071a500000, 0x00000007a0000000)
  object space 955392K, 68% used [0x00000006e0000000,0x0000000707d9b888,0x000000071a500000)
 Metaspace       used 179261K, committed 181056K, reserved 1048576K
  class space    used 23908K, committed 24832K, reserved 851968K
}
Event: 1135,674 GC heap after
{Heap after GC invocations=63 (full 9):
 PSYoungGen      total 542208K, used 114194K [0x00000007a0000000, 0x00000007cf500000, 0x0000000800000000)
  eden space 358400K, 0% used [0x00000007a0000000,0x00000007a0000000,0x00000007b5e00000)
  from space 183808K, 62% used [0x00000007b5e00000,0x00000007bcd84850,0x00000007c1180000)
  to   space 188928K, 0% used [0x00000007c3c80000,0x00000007c3c80000,0x00000007cf500000)
 ParOldGen       total 955392K, used 770769K [0x00000006e0000000, 0x000000071a500000, 0x00000007a0000000)
  object space 955392K, 80% used [0x00000006e0000000,0x000000070f0b45d0,0x000000071a500000)
 Metaspace       used 179261K, committed 181056K, reserved 1048576K
  class space    used 23908K, committed 24832K, reserved 851968K
}
Event: 1136,896 GC heap before
{Heap before GC invocations=64 (full 9):
 PSYoungGen      total 542208K, used 472594K [0x00000007a0000000, 0x00000007cf500000, 0x0000000800000000)
  eden space 358400K, 100% used [0x00000007a0000000,0x00000007b5e00000,0x00000007b5e00000)
  from space 183808K, 62% used [0x00000007b5e00000,0x00000007bcd84850,0x00000007c1180000)
  to   space 188928K, 0% used [0x00000007c3c80000,0x00000007c3c80000,0x00000007cf500000)
 ParOldGen       total 955392K, used 770769K [0x00000006e0000000, 0x000000071a500000, 0x00000007a0000000)
  object space 955392K, 80% used [0x00000006e0000000,0x000000070f0b45d0,0x000000071a500000)
 Metaspace       used 179354K, committed 181120K, reserved 1048576K
  class space    used 23912K, committed 24832K, reserved 851968K
}
Event: 1136,957 GC heap after
{Heap after GC invocations=64 (full 9):
 PSYoungGen      total 570880K, used 35410K [0x00000007a0000000, 0x00000007ce880000, 0x0000000800000000)
  eden space 394752K, 0% used [0x00000007a0000000,0x00000007a0000000,0x00000007b8180000)
  from space 176128K, 20% used [0x00000007c3c80000,0x00000007c5f14bd8,0x00000007ce880000)
  to   space 183808K, 0% used [0x00000007b8180000,0x00000007b8180000,0x00000007c3500000)
 ParOldGen       total 955392K, used 882161K [0x00000006e0000000, 0x000000071a500000, 0x00000007a0000000)
  object space 955392K, 92% used [0x00000006e0000000,0x0000000715d7c660,0x000000071a500000)
 Metaspace       used 179354K, committed 181120K, reserved 1048576K
  class space    used 23912K, committed 24832K, reserved 851968K
}
Event: 1136,957 GC heap before
{Heap before GC invocations=65 (full 10):
 PSYoungGen      total 570880K, used 35410K [0x00000007a0000000, 0x00000007ce880000, 0x0000000800000000)
  eden space 394752K, 0% used [0x00000007a0000000,0x00000007a0000000,0x00000007b8180000)
  from space 176128K, 20% used [0x00000007c3c80000,0x00000007c5f14bd8,0x00000007ce880000)
  to   space 183808K, 0% used [0x00000007b8180000,0x00000007b8180000,0x00000007c3500000)
 ParOldGen       total 955392K, used 882161K [0x00000006e0000000, 0x000000071a500000, 0x00000007a0000000)
  object space 955392K, 92% used [0x00000006e0000000,0x0000000715d7c660,0x000000071a500000)
 Metaspace       used 179354K, committed 181120K, reserved 1048576K
  class space    used 23912K, committed 24832K, reserved 851968K
}
Event: 1137,464 GC heap after
{Heap after GC invocations=65 (full 10):
 PSYoungGen      total 578560K, used 0K [0x00000007a0000000, 0x00000007d0b80000, 0x0000000800000000)
  eden space 394752K, 0% used [0x00000007a0000000,0x00000007a0000000,0x00000007b8180000)
  from space 183808K, 0% used [0x00000007b8180000,0x00000007b8180000,0x00000007c3500000)
  to   space 183808K, 0% used [0x00000007c5800000,0x00000007c5800000,0x00000007d0b80000)
 ParOldGen       total 1155072K, used 763538K [0x00000006e0000000, 0x0000000726800000, 0x00000007a0000000)
  object space 1155072K, 66% used [0x00000006e0000000,0x000000070e9a4b00,0x0000000726800000)
 Metaspace       used 179354K, committed 181120K, reserved 1048576K
  class space    used 23912K, committed 24832K, reserved 851968K
}
Event: 1139,325 GC heap before
{Heap before GC invocations=66 (full 10):
 PSYoungGen      total 578560K, used 394752K [0x00000007a0000000, 0x00000007d0b80000, 0x0000000800000000)
  eden space 394752K, 100% used [0x00000007a0000000,0x00000007b8180000,0x00000007b8180000)
  from space 183808K, 0% used [0x00000007b8180000,0x00000007b8180000,0x00000007c3500000)
  to   space 183808K, 0% used [0x00000007c5800000,0x00000007c5800000,0x00000007d0b80000)
 ParOldGen       total 1155072K, used 763538K [0x00000006e0000000, 0x0000000726800000, 0x00000007a0000000)
  object space 1155072K, 66% used [0x00000006e0000000,0x000000070e9a4b00,0x0000000726800000)
 Metaspace       used 179383K, committed 181184K, reserved 1048576K
  class space    used 23912K, committed 24832K, reserved 851968K
}
Event: 1139,344 GC heap after
{Heap after GC invocations=66 (full 10):
 PSYoungGen      total 594944K, used 29916K [0x00000007a0000000, 0x00000007cfd80000, 0x0000000800000000)
  eden space 425472K, 0% used [0x00000007a0000000,0x00000007a0000000,0x00000007b9f80000)
  from space 169472K, 17% used [0x00000007c5800000,0x00000007c7537060,0x00000007cfd80000)
  to   space 179200K, 0% used [0x00000007b9f80000,0x00000007b9f80000,0x00000007c4e80000)
 ParOldGen       total 1155072K, used 763538K [0x00000006e0000000, 0x0000000726800000, 0x00000007a0000000)
  object space 1155072K, 66% used [0x00000006e0000000,0x000000070e9a4b00,0x0000000726800000)
 Metaspace       used 179383K, committed 181184K, reserved 1048576K
  class space    used 23912K, committed 24832K, reserved 851968K
}
Event: 1140,689 GC heap before
{Heap before GC invocations=67 (full 10):
 PSYoungGen      total 594944K, used 455388K [0x00000007a0000000, 0x00000007cfd80000, 0x0000000800000000)
  eden space 425472K, 100% used [0x00000007a0000000,0x00000007b9f80000,0x00000007b9f80000)
  from space 169472K, 17% used [0x00000007c5800000,0x00000007c7537060,0x00000007cfd80000)
  to   space 179200K, 0% used [0x00000007b9f80000,0x00000007b9f80000,0x00000007c4e80000)
 ParOldGen       total 1155072K, used 763538K [0x00000006e0000000, 0x0000000726800000, 0x00000007a0000000)
  object space 1155072K, 66% used [0x00000006e0000000,0x000000070e9a4b00,0x0000000726800000)
 Metaspace       used 179530K, committed 181312K, reserved 1048576K
  class space    used 23924K, committed 24832K, reserved 851968K
}
Event: 1140,713 GC heap after
{Heap after GC invocations=67 (full 10):
 PSYoungGen      total 604672K, used 77798K [0x00000007a0000000, 0x00000007d0b80000, 0x0000000800000000)
  eden space 425472K, 0% used [0x00000007a0000000,0x00000007a0000000,0x00000007b9f80000)
  from space 179200K, 43% used [0x00000007b9f80000,0x00000007beb79b80,0x00000007c4e80000)
  to   space 172544K, 0% used [0x00000007c6300000,0x00000007c6300000,0x00000007d0b80000)
 ParOldGen       total 1155072K, used 763546K [0x00000006e0000000, 0x0000000726800000, 0x00000007a0000000)
  object space 1155072K, 66% used [0x00000006e0000000,0x000000070e9a6b00,0x0000000726800000)
 Metaspace       used 179530K, committed 181312K, reserved 1048576K
  class space    used 23924K, committed 24832K, reserved 851968K
}
Event: 1141,233 GC heap before
{Heap before GC invocations=68 (full 10):
 PSYoungGen      total 604672K, used 496695K [0x00000007a0000000, 0x00000007d0b80000, 0x0000000800000000)
  eden space 425472K, 98% used [0x00000007a0000000,0x00000007b99140a0,0x00000007b9f80000)
  from space 179200K, 43% used [0x00000007b9f80000,0x00000007beb79b80,0x00000007c4e80000)
  to   space 172544K, 0% used [0x00000007c6300000,0x00000007c6300000,0x00000007d0b80000)
 ParOldGen       total 1155072K, used 763546K [0x00000006e0000000, 0x0000000726800000, 0x00000007a0000000)
  object space 1155072K, 66% used [0x00000006e0000000,0x000000070e9a6b00,0x0000000726800000)
 Metaspace       used 179605K, committed 181376K, reserved 1048576K
  class space    used 23926K, committed 24832K, reserved 851968K
}
Event: 1141,288 GC heap after
{Heap after GC invocations=68 (full 10):
 PSYoungGen      total 608768K, used 141042K [0x00000007a0000000, 0x00000007d3000000, 0x0000000800000000)
  eden space 436224K, 0% used [0x00000007a0000000,0x00000007a0000000,0x00000007baa00000)
  from space 172544K, 81% used [0x00000007c6300000,0x00000007cecbc8d0,0x00000007d0b80000)
  to   space 189440K, 0% used [0x00000007baa00000,0x00000007baa00000,0x00000007c6300000)
 ParOldGen       total 1155072K, used 763546K [0x00000006e0000000, 0x0000000726800000, 0x00000007a0000000)
  object space 1155072K, 66% used [0x00000006e0000000,0x000000070e9a6b00,0x0000000726800000)
 Metaspace       used 179605K, committed 181376K, reserved 1048576K
  class space    used 23926K, committed 24832K, reserved 851968K
}
Event: 1141,672 GC heap before
{Heap before GC invocations=69 (full 10):
 PSYoungGen      total 608768K, used 577266K [0x00000007a0000000, 0x00000007d3000000, 0x0000000800000000)
  eden space 436224K, 100% used [0x00000007a0000000,0x00000007baa00000,0x00000007baa00000)
  from space 172544K, 81% used [0x00000007c6300000,0x00000007cecbc8d0,0x00000007d0b80000)
  to   space 189440K, 0% used [0x00000007baa00000,0x00000007baa00000,0x00000007c6300000)
 ParOldGen       total 1155072K, used 763546K [0x00000006e0000000, 0x0000000726800000, 0x00000007a0000000)
  object space 1155072K, 66% used [0x00000006e0000000,0x000000070e9a6b00,0x0000000726800000)
 Metaspace       used 179617K, committed 181376K, reserved 1048576K
  class space    used 23926K, committed 24832K, reserved 851968K
}
Event: 1141,715 GC heap after
{Heap after GC invocations=69 (full 10):
 PSYoungGen      total 625664K, used 189419K [0x00000007a0000000, 0x00000007d7f00000, 0x0000000800000000)
  eden space 436224K, 0% used [0x00000007a0000000,0x00000007a0000000,0x00000007baa00000)
  from space 189440K, 99% used [0x00000007baa00000,0x00000007c62faff0,0x00000007c6300000)
  to   space 222720K, 0% used [0x00000007ca580000,0x00000007ca580000,0x00000007d7f00000)
 ParOldGen       total 1155072K, used 770336K [0x00000006e0000000, 0x0000000726800000, 0x00000007a0000000)
  object space 1155072K, 66% used [0x00000006e0000000,0x000000070f048188,0x0000000726800000)
 Metaspace       used 179617K, committed 181376K, reserved 1048576K
  class space    used 23926K, committed 24832K, reserved 851968K
}
Event: 1476,637 GC heap before
{Heap before GC invocations=70 (full 10):
 PSYoungGen      total 625664K, used 625589K [0x00000007a0000000, 0x00000007d7f00000, 0x0000000800000000)
  eden space 436224K, 99% used [0x00000007a0000000,0x00000007ba9f2628,0x00000007baa00000)
  from space 189440K, 99% used [0x00000007baa00000,0x00000007c62faff0,0x00000007c6300000)
  to   space 222720K, 0% used [0x00000007ca580000,0x00000007ca580000,0x00000007d7f00000)
 ParOldGen       total 1155072K, used 770336K [0x00000006e0000000, 0x0000000726800000, 0x00000007a0000000)
  object space 1155072K, 66% used [0x00000006e0000000,0x000000070f048188,0x0000000726800000)
 Metaspace       used 185227K, committed 187072K, reserved 1048576K
  class space    used 24678K, committed 25600K, reserved 851968K
}
Event: 1476,703 GC heap after
{Heap after GC invocations=70 (full 10):
 PSYoungGen      total 679424K, used 17634K [0x00000007a0000000, 0x00000007d7680000, 0x0000000800000000)
  eden space 465408K, 0% used [0x00000007a0000000,0x00000007a0000000,0x00000007bc680000)
  from space 214016K, 8% used [0x00000007ca580000,0x00000007cb6b8900,0x00000007d7680000)
  to   space 221184K, 0% used [0x00000007bc680000,0x00000007bc680000,0x00000007c9e80000)
 ParOldGen       total 1155072K, used 831938K [0x00000006e0000000, 0x0000000726800000, 0x00000007a0000000)
  object space 1155072K, 72% used [0x00000006e0000000,0x0000000712c70800,0x0000000726800000)
 Metaspace       used 185227K, committed 187072K, reserved 1048576K
  class space    used 24678K, committed 25600K, reserved 851968K
}
Event: 1569,189 GC heap before
{Heap before GC invocations=71 (full 10):
 PSYoungGen      total 679424K, used 483042K [0x00000007a0000000, 0x00000007d7680000, 0x0000000800000000)
  eden space 465408K, 100% used [0x00000007a0000000,0x00000007bc680000,0x00000007bc680000)
  from space 214016K, 8% used [0x00000007ca580000,0x00000007cb6b8900,0x00000007d7680000)
  to   space 221184K, 0% used [0x00000007bc680000,0x00000007bc680000,0x00000007c9e80000)
 ParOldGen       total 1155072K, used 831938K [0x00000006e0000000, 0x0000000726800000, 0x00000007a0000000)
  object space 1155072K, 72% used [0x00000006e0000000,0x0000000712c70800,0x0000000726800000)
 Metaspace       used 196519K, committed 198720K, reserved 1048576K
  class space    used 25920K, committed 27008K, reserved 851968K
}
Event: 1569,209 GC heap after
{Heap after GC invocations=71 (full 10):
 PSYoungGen      total 686592K, used 33139K [0x00000007a0000000, 0x00000007d8380000, 0x0000000800000000)
  eden space 465408K, 0% used [0x00000007a0000000,0x00000007a0000000,0x00000007bc680000)
  from space 221184K, 14% used [0x00000007bc680000,0x00000007be6dcd20,0x00000007c9e80000)
  to   space 215040K, 0% used [0x00000007cb180000,0x00000007cb180000,0x00000007d8380000)
 ParOldGen       total 1155072K, used 831946K [0x00000006e0000000, 0x0000000726800000, 0x00000007a0000000)
  object space 1155072K, 72% used [0x00000006e0000000,0x0000000712c72800,0x0000000726800000)
 Metaspace       used 196519K, committed 198720K, reserved 1048576K
  class space    used 25920K, committed 27008K, reserved 851968K
}

