# JRE version: OpenJDK Runtime Environment (17.0.9) (build 17.0.9+0-17.0.9b1087.7-11185874)
# Java VM: OpenJDK 64-Bit Server VM (17.0.9+0-17.0.9b1087.7-11185874, mixed mode, tiered, compressed oops, compressed class ptrs, g1 gc, linux-amd64)
GC Precious Log:
 CPUs: 16 total, 12 available
 Memory: 13817M
 Large Page Support: Disabled
 NUMA Support: Disabled
 Compressed Oops: Enabled (Zero based)
 Heap Region Size: 4M
 Heap Min Capacity: 8M
 Heap Initial Capacity: 216M
 Heap Max Capacity: 4608M
 Pre-touch: Disabled
 Parallel Workers: 10
 Concurrent Workers: 3
 Concurrent Refinement Workers: 10
 Periodic GC: Disabled
Heap:
 garbage-first heap   total 229376K, used 147380K [0x00000006e0000000, 0x0000000800000000)
  region size 4096K, 16 young (65536K), 2 survivors (8192K)
 Metaspace       used 99913K, committed 100736K, reserved 1179648K
  class space    used 13835K, committed 14208K, reserved 1048576K
GC Heap History (20 events):
Event: 6,887 GC heap before
{Heap before GC invocations=22 (full 0):
 garbage-first heap   total 155648K, used 99618K [0x00000006e0000000, 0x0000000800000000)
  region size 4096K, 11 young (45056K), 1 survivors (4096K)
 Metaspace       used 66917K, committed 67520K, reserved 1114112K
  class space    used 9120K, committed 9408K, reserved 1048576K
}
Event: 6,898 GC heap after
{Heap after GC invocations=23 (full 0):
 garbage-first heap   total 155648K, used 59937K [0x00000006e0000000, 0x0000000800000000)
  region size 4096K, 1 young (4096K), 1 survivors (4096K)
 Metaspace       used 66917K, committed 67520K, reserved 1114112K
  class space    used 9120K, committed 9408K, reserved 1048576K
}
Event: 7,282 GC heap before
{Heap before GC invocations=23 (full 0):
 garbage-first heap   total 155648K, used 104993K [0x00000006e0000000, 0x0000000800000000)
  region size 4096K, 12 young (49152K), 1 survivors (4096K)
 Metaspace       used 70160K, committed 70720K, reserved 1114112K
  class space    used 9522K, committed 9792K, reserved 1048576K
}
Event: 7,287 GC heap after
{Heap after GC invocations=24 (full 0):
 garbage-first heap   total 155648K, used 64427K [0x00000006e0000000, 0x0000000800000000)
  region size 4096K, 2 young (8192K), 2 survivors (8192K)
 Metaspace       used 70160K, committed 70720K, reserved 1114112K
  class space    used 9522K, committed 9792K, reserved 1048576K
}
Event: 7,851 GC heap before
{Heap before GC invocations=24 (full 0):
 garbage-first heap   total 155648K, used 109483K [0x00000006e0000000, 0x0000000800000000)
  region size 4096K, 13 young (53248K), 2 survivors (8192K)
 Metaspace       used 74207K, committed 74816K, reserved 1114112K
  class space    used 10063K, committed 10368K, reserved 1048576K
}
Event: 7,856 GC heap after
{Heap after GC invocations=25 (full 0):
 garbage-first heap   total 188416K, used 67531K [0x00000006e0000000, 0x0000000800000000)
  region size 4096K, 1 young (4096K), 1 survivors (4096K)
 Metaspace       used 74207K, committed 74816K, reserved 1114112K
  class space    used 10063K, committed 10368K, reserved 1048576K
}
Event: 8,653 GC heap before
{Heap before GC invocations=25 (full 0):
 garbage-first heap   total 188416K, used 141259K [0x00000006e0000000, 0x0000000800000000)
  region size 4096K, 18 young (73728K), 1 survivors (4096K)
 Metaspace       used 80665K, committed 81280K, reserved 1179648K
  class space    used 10980K, committed 11264K, reserved 1048576K
}
Event: 8,657 GC heap after
{Heap after GC invocations=26 (full 0):
 garbage-first heap   total 188416K, used 74996K [0x00000006e0000000, 0x0000000800000000)
  region size 4096K, 2 young (8192K), 2 survivors (8192K)
 Metaspace       used 80665K, committed 81280K, reserved 1179648K
  class space    used 10980K, committed 11264K, reserved 1048576K
}
Event: 9,163 GC heap before
{Heap before GC invocations=26 (full 0):
 garbage-first heap   total 188416K, used 136436K [0x00000006e0000000, 0x0000000800000000)
  region size 4096K, 18 young (73728K), 2 survivors (8192K)
 Metaspace       used 83262K, committed 83904K, reserved 1179648K
  class space    used 11262K, committed 11584K, reserved 1048576K
}
Event: 9,170 GC heap after
{Heap after GC invocations=27 (full 0):
 garbage-first heap   total 188416K, used 80103K [0x00000006e0000000, 0x0000000800000000)
  region size 4096K, 3 young (12288K), 3 survivors (12288K)
 Metaspace       used 83262K, committed 83904K, reserved 1179648K
  class space    used 11262K, committed 11584K, reserved 1048576K
}
Event: 9,746 GC heap before
{Heap before GC invocations=27 (full 0):
 garbage-first heap   total 188416K, used 141543K [0x00000006e0000000, 0x0000000800000000)
  region size 4096K, 18 young (73728K), 3 survivors (12288K)
 Metaspace       used 85599K, committed 86272K, reserved 1179648K
  class space    used 11550K, committed 11840K, reserved 1048576K
}
Event: 9,752 GC heap after
{Heap after GC invocations=28 (full 0):
 garbage-first heap   total 188416K, used 85812K [0x00000006e0000000, 0x0000000800000000)
  region size 4096K, 3 young (12288K), 3 survivors (12288K)
 Metaspace       used 85599K, committed 86272K, reserved 1179648K
  class space    used 11550K, committed 11840K, reserved 1048576K
}
Event: 10,200 GC heap before
{Heap before GC invocations=28 (full 0):
 garbage-first heap   total 188416K, used 143156K [0x00000006e0000000, 0x0000000800000000)
  region size 4096K, 17 young (69632K), 3 survivors (12288K)
 Metaspace       used 89755K, committed 90432K, reserved 1179648K
  class space    used 12137K, committed 12480K, reserved 1048576K
}
Event: 10,205 GC heap after
{Heap after GC invocations=29 (full 0):
 garbage-first heap   total 188416K, used 88186K [0x00000006e0000000, 0x0000000800000000)
  region size 4096K, 2 young (8192K), 2 survivors (8192K)
 Metaspace       used 89755K, committed 90432K, reserved 1179648K
  class space    used 12137K, committed 12480K, reserved 1048576K
}
Event: 10,650 GC heap before
{Heap before GC invocations=29 (full 0):
 garbage-first heap   total 188416K, used 149626K [0x00000006e0000000, 0x0000000800000000)
  region size 4096K, 17 young (69632K), 2 survivors (8192K)
 Metaspace       used 94362K, committed 95040K, reserved 1179648K
  class space    used 12978K, committed 13312K, reserved 1048576K
}
Event: 10,655 GC heap after
{Heap after GC invocations=30 (full 0):
 garbage-first heap   total 188416K, used 90683K [0x00000006e0000000, 0x0000000800000000)
  region size 4096K, 2 young (8192K), 2 survivors (8192K)
 Metaspace       used 94362K, committed 95040K, reserved 1179648K
  class space    used 12978K, committed 13312K, reserved 1048576K
}
Event: 11,053 GC heap before
{Heap before GC invocations=30 (full 0):
 garbage-first heap   total 188416K, used 148027K [0x00000006e0000000, 0x0000000800000000)
  region size 4096K, 16 young (65536K), 2 survivors (8192K)
 Metaspace       used 97527K, committed 98176K, reserved 1179648K
  class space    used 13464K, committed 13760K, reserved 1048576K
}
Event: 11,058 GC heap after
{Heap after GC invocations=31 (full 0):
 garbage-first heap   total 229376K, used 93877K [0x00000006e0000000, 0x0000000800000000)
  region size 4096K, 2 young (8192K), 2 survivors (8192K)
 Metaspace       used 97527K, committed 98176K, reserved 1179648K
  class space    used 13464K, committed 13760K, reserved 1048576K
}
Event: 11,072 GC heap before
{Heap before GC invocations=31 (full 0):
 garbage-first heap   total 229376K, used 97973K [0x00000006e0000000, 0x0000000800000000)
  region size 4096K, 4 young (16384K), 2 survivors (8192K)
 Metaspace       used 97575K, committed 98240K, reserved 1179648K
  class space    used 13474K, committed 13824K, reserved 1048576K
}
Event: 11,077 GC heap after
{Heap after GC invocations=32 (full 0):
 garbage-first heap   total 229376K, used 94132K [0x00000006e0000000, 0x0000000800000000)
  region size 4096K, 2 young (8192K), 2 survivors (8192K)
 Metaspace       used 97575K, committed 98240K, reserved 1179648K
  class space    used 13474K, committed 13824K, reserved 1048576K
}

