# JRE version: OpenJDK Runtime Environment (17.0.9) (build 17.0.9+0-17.0.9b1087.7-11185874)
# Java VM: OpenJDK 64-Bit Server VM (17.0.9+0-17.0.9b1087.7-11185874, mixed mode, tiered, compressed oops, compressed class ptrs, g1 gc, linux-amd64)
GC Precious Log:
 CPUs: 16 total, 12 available
 Memory: 13817M
 Large Page Support: Disabled
 NUMA Support: Disabled
 Compressed Oops: Enabled (Zero based)
 Heap Region Size: 2M
 Heap Min Capacity: 8M
 Heap Initial Capacity: 216M
 Heap Max Capacity: 3456M
 Pre-touch: Disabled
 Parallel Workers: 10
 Concurrent Workers: 3
 Concurrent Refinement Workers: 10
 Periodic GC: Disabled
Heap:
 garbage-first heap   total 133120K, used 82583K [0x0000000728000000, 0x0000000800000000)
  region size 2048K, 31 young (63488K), 4 survivors (8192K)
 Metaspace       used 42553K, committed 42752K, reserved 1114112K
  class space    used 5054K, committed 5120K, reserved 1048576K
GC Heap History (18 events):
Event: 0,273 GC heap before
{Heap before GC invocations=0 (full 0):
 garbage-first heap   total 221184K, used 26624K [0x0000000728000000, 0x0000000800000000)
  region size 2048K, 11 young (22528K), 0 survivors (0K)
 Metaspace       used 11890K, committed 12032K, reserved 1114112K
  class space    used 1031K, committed 1088K, reserved 1048576K
}
Event: 0,274 GC heap after
{Heap after GC invocations=1 (full 0):
 garbage-first heap   total 221184K, used 6592K [0x0000000728000000, 0x0000000800000000)
  region size 2048K, 2 young (4096K), 2 survivors (4096K)
 Metaspace       used 11890K, committed 12032K, reserved 1114112K
  class space    used 1031K, committed 1088K, reserved 1048576K
}
Event: 0,567 GC heap before
{Heap before GC invocations=1 (full 0):
 garbage-first heap   total 221184K, used 35264K [0x0000000728000000, 0x0000000800000000)
  region size 2048K, 18 young (36864K), 2 survivors (4096K)
 Metaspace       used 21398K, committed 21504K, reserved 1114112K
  class space    used 2314K, committed 2368K, reserved 1048576K
}
Event: 0,570 GC heap after
{Heap after GC invocations=2 (full 0):
 garbage-first heap   total 221184K, used 8255K [0x0000000728000000, 0x0000000800000000)
  region size 2048K, 3 young (6144K), 3 survivors (6144K)
 Metaspace       used 21398K, committed 21504K, reserved 1114112K
  class space    used 2314K, committed 2368K, reserved 1048576K
}
Event: 0,718 GC heap before
{Heap before GC invocations=3 (full 0):
 garbage-first heap   total 40960K, used 28735K [0x0000000728000000, 0x0000000800000000)
  region size 2048K, 13 young (26624K), 3 survivors (6144K)
 Metaspace       used 24346K, committed 24576K, reserved 1114112K
  class space    used 2948K, committed 3008K, reserved 1048576K
}
Event: 0,723 GC heap after
{Heap after GC invocations=4 (full 0):
 garbage-first heap   total 43008K, used 12466K [0x0000000728000000, 0x0000000800000000)
  region size 2048K, 5 young (10240K), 5 survivors (10240K)
 Metaspace       used 24346K, committed 24576K, reserved 1114112K
  class space    used 2948K, committed 3008K, reserved 1048576K
}
Event: 0,761 GC heap before
{Heap before GC invocations=4 (full 0):
 garbage-first heap   total 43008K, used 24754K [0x0000000728000000, 0x0000000800000000)
  region size 2048K, 11 young (22528K), 5 survivors (10240K)
 Metaspace       used 24495K, committed 24768K, reserved 1114112K
  class space    used 2948K, committed 3008K, reserved 1048576K
}
Event: 0,768 GC heap after
{Heap after GC invocations=5 (full 0):
 garbage-first heap   total 43008K, used 15803K [0x0000000728000000, 0x0000000800000000)
  region size 2048K, 2 young (4096K), 2 survivors (4096K)
 Metaspace       used 24495K, committed 24768K, reserved 1114112K
  class space    used 2948K, committed 3008K, reserved 1048576K
}
Event: 0,800 GC heap before
{Heap before GC invocations=5 (full 0):
 garbage-first heap   total 43008K, used 30139K [0x0000000728000000, 0x0000000800000000)
  region size 2048K, 8 young (16384K), 2 survivors (4096K)
 Metaspace       used 24686K, committed 24832K, reserved 1114112K
  class space    used 2975K, committed 3008K, reserved 1048576K
}
Event: 0,805 GC heap after
{Heap after GC invocations=6 (full 0):
 garbage-first heap   total 43008K, used 21426K [0x0000000728000000, 0x0000000800000000)
  region size 2048K, 1 young (2048K), 1 survivors (2048K)
 Metaspace       used 24686K, committed 24832K, reserved 1114112K
  class space    used 2975K, committed 3008K, reserved 1048576K
}
Event: 0,888 GC heap before
{Heap before GC invocations=6 (full 0):
 garbage-first heap   total 43008K, used 27570K [0x0000000728000000, 0x0000000800000000)
  region size 2048K, 4 young (8192K), 1 survivors (2048K)
 Metaspace       used 26197K, committed 26368K, reserved 1114112K
  class space    used 3335K, committed 3456K, reserved 1048576K
}
Event: 0,891 GC heap after
{Heap after GC invocations=7 (full 0):
 garbage-first heap   total 43008K, used 23189K [0x0000000728000000, 0x0000000800000000)
  region size 2048K, 1 young (2048K), 1 survivors (2048K)
 Metaspace       used 26197K, committed 26368K, reserved 1114112K
  class space    used 3335K, committed 3456K, reserved 1048576K
}
Event: 0,941 GC heap before
{Heap before GC invocations=8 (full 0):
 garbage-first heap   total 45056K, used 29333K [0x0000000728000000, 0x0000000800000000)
  region size 2048K, 4 young (8192K), 1 survivors (2048K)
 Metaspace       used 28102K, committed 28288K, reserved 1114112K
  class space    used 3571K, committed 3648K, reserved 1048576K
}
Event: 0,942 GC heap after
{Heap after GC invocations=9 (full 0):
 garbage-first heap   total 45056K, used 23811K [0x0000000728000000, 0x0000000800000000)
  region size 2048K, 1 young (2048K), 1 survivors (2048K)
 Metaspace       used 28102K, committed 28288K, reserved 1114112K
  class space    used 3571K, committed 3648K, reserved 1048576K
}
Event: 0,960 GC heap before
{Heap before GC invocations=9 (full 0):
 garbage-first heap   total 45056K, used 23811K [0x0000000728000000, 0x0000000800000000)
  region size 2048K, 2 young (4096K), 1 survivors (2048K)
 Metaspace       used 28837K, committed 29056K, reserved 1114112K
  class space    used 3648K, committed 3776K, reserved 1048576K
}
Event: 0,962 GC heap after
{Heap after GC invocations=10 (full 0):
 garbage-first heap   total 133120K, used 23389K [0x0000000728000000, 0x0000000800000000)
  region size 2048K, 1 young (2048K), 1 survivors (2048K)
 Metaspace       used 28837K, committed 29056K, reserved 1114112K
  class space    used 3648K, committed 3776K, reserved 1048576K
}
Event: 1,439 GC heap before
{Heap before GC invocations=10 (full 0):
 garbage-first heap   total 133120K, used 86877K [0x0000000728000000, 0x0000000800000000)
  region size 2048K, 31 young (63488K), 1 survivors (2048K)
 Metaspace       used 39320K, committed 39552K, reserved 1114112K
  class space    used 4693K, committed 4800K, reserved 1048576K
}
Event: 1,445 GC heap after
{Heap after GC invocations=11 (full 0):
 garbage-first heap   total 133120K, used 29335K [0x0000000728000000, 0x0000000800000000)
  region size 2048K, 4 young (8192K), 4 survivors (8192K)
 Metaspace       used 39320K, committed 39552K, reserved 1114112K
  class space    used 4693K, committed 4800K, reserved 1048576K
}

