# JRE version: OpenJDK Runtime Environment (17.0.9) (build 17.0.9+0-17.0.9b1087.7-11185874)
# Java VM: OpenJDK 64-Bit Server VM (17.0.9+0-17.0.9b1087.7-11185874, mixed mode, tiered, compressed oops, compressed class ptrs, g1 gc, linux-amd64)
GC Precious Log:
 CPUs: 16 total, 12 available
 Memory: 13817M
 Large Page Support: Disabled
 NUMA Support: Disabled
 Compressed Oops: Enabled (Zero based)
 Heap Region Size: 2M
 Heap Min Capacity: 8M
 Heap Initial Capacity: 216M
 Heap Max Capacity: 3456M
 Pre-touch: Disabled
 Parallel Workers: 10
 Concurrent Workers: 3
 Concurrent Refinement Workers: 10
 Periodic GC: Disabled
Heap:
 garbage-first heap   total 90112K, used 64037K [0x0000000728000000, 0x0000000800000000)
  region size 2048K, 15 young (30720K), 2 survivors (4096K)
 Metaspace       used 47506K, committed 47744K, reserved 1114112K
  class space    used 5697K, committed 5824K, reserved 1048576K
GC Heap History (20 events):
Event: 0,601 GC heap after
{Heap after GC invocations=2 (full 0):
 garbage-first heap   total 221184K, used 8145K [0x0000000728000000, 0x0000000800000000)
  region size 2048K, 2 young (4096K), 2 survivors (4096K)
 Metaspace       used 21390K, committed 21504K, reserved 1114112K
  class space    used 2308K, committed 2368K, reserved 1048576K
}
Event: 0,728 GC heap before
{Heap before GC invocations=3 (full 0):
 garbage-first heap   total 34816K, used 24529K [0x0000000728000000, 0x0000000800000000)
  region size 2048K, 10 young (20480K), 2 survivors (4096K)
 Metaspace       used 24118K, committed 24384K, reserved 1114112K
  class space    used 2915K, committed 3008K, reserved 1048576K
}
Event: 0,733 GC heap after
{Heap after GC invocations=4 (full 0):
 garbage-first heap   total 34816K, used 13943K [0x0000000728000000, 0x0000000800000000)
  region size 2048K, 4 young (8192K), 4 survivors (8192K)
 Metaspace       used 24118K, committed 24384K, reserved 1114112K
  class space    used 2915K, committed 3008K, reserved 1048576K
}
Event: 0,758 GC heap before
{Heap before GC invocations=4 (full 0):
 garbage-first heap   total 34816K, used 22135K [0x0000000728000000, 0x0000000800000000)
  region size 2048K, 8 young (16384K), 4 survivors (8192K)
 Metaspace       used 24152K, committed 24384K, reserved 1114112K
  class space    used 2915K, committed 3008K, reserved 1048576K
}
Event: 0,764 GC heap after
{Heap after GC invocations=5 (full 0):
 garbage-first heap   total 34816K, used 13220K [0x0000000728000000, 0x0000000800000000)
  region size 2048K, 1 young (2048K), 1 survivors (2048K)
 Metaspace       used 24152K, committed 24384K, reserved 1114112K
  class space    used 2915K, committed 3008K, reserved 1048576K
}
Event: 0,796 GC heap before
{Heap before GC invocations=5 (full 0):
 garbage-first heap   total 34816K, used 23460K [0x0000000728000000, 0x0000000800000000)
  region size 2048K, 6 young (12288K), 1 survivors (2048K)
 Metaspace       used 24281K, committed 24512K, reserved 1114112K
  class space    used 2915K, committed 3008K, reserved 1048576K
}
Event: 0,800 GC heap after
{Heap after GC invocations=6 (full 0):
 garbage-first heap   total 34816K, used 15963K [0x0000000728000000, 0x0000000800000000)
  region size 2048K, 1 young (2048K), 1 survivors (2048K)
 Metaspace       used 24281K, committed 24512K, reserved 1114112K
  class space    used 2915K, committed 3008K, reserved 1048576K
}
Event: 0,822 GC heap before
{Heap before GC invocations=6 (full 0):
 garbage-first heap   total 34816K, used 26203K [0x0000000728000000, 0x0000000800000000)
  region size 2048K, 5 young (10240K), 1 survivors (2048K)
 Metaspace       used 24422K, committed 24576K, reserved 1114112K
  class space    used 2939K, committed 3008K, reserved 1048576K
}
Event: 0,826 GC heap after
{Heap after GC invocations=7 (full 0):
 garbage-first heap   total 34816K, used 20778K [0x0000000728000000, 0x0000000800000000)
  region size 2048K, 1 young (2048K), 1 survivors (2048K)
 Metaspace       used 24422K, committed 24576K, reserved 1114112K
  class space    used 2939K, committed 3008K, reserved 1048576K
}
Event: 0,889 GC heap before
{Heap before GC invocations=7 (full 0):
 garbage-first heap   total 34816K, used 24874K [0x0000000728000000, 0x0000000800000000)
  region size 2048K, 3 young (6144K), 1 survivors (2048K)
 Metaspace       used 25218K, committed 25408K, reserved 1114112K
  class space    used 3089K, committed 3200K, reserved 1048576K
}
Event: 0,892 GC heap after
{Heap after GC invocations=8 (full 0):
 garbage-first heap   total 129024K, used 22396K [0x0000000728000000, 0x0000000800000000)
  region size 2048K, 1 young (2048K), 1 survivors (2048K)
 Metaspace       used 25218K, committed 25408K, reserved 1114112K
  class space    used 3089K, committed 3200K, reserved 1048576K
}
Event: 1,246 GC heap before
{Heap before GC invocations=9 (full 0):
 garbage-first heap   total 90112K, used 65404K [0x0000000728000000, 0x0000000800000000)
  region size 2048K, 23 young (47104K), 1 survivors (2048K)
 Metaspace       used 33214K, committed 33408K, reserved 1114112K
  class space    used 4111K, committed 4224K, reserved 1048576K
}
Event: 1,252 GC heap after
{Heap after GC invocations=10 (full 0):
 garbage-first heap   total 90112K, used 26149K [0x0000000728000000, 0x0000000800000000)
  region size 2048K, 4 young (8192K), 4 survivors (8192K)
 Metaspace       used 33214K, committed 33408K, reserved 1114112K
  class space    used 4111K, committed 4224K, reserved 1048576K
}
Event: 1,264 GC heap before
{Heap before GC invocations=10 (full 0):
 garbage-first heap   total 90112K, used 28197K [0x0000000728000000, 0x0000000800000000)
  region size 2048K, 5 young (10240K), 4 survivors (8192K)
 Metaspace       used 33609K, committed 33792K, reserved 1114112K
  class space    used 4147K, committed 4224K, reserved 1048576K
}
Event: 1,268 GC heap after
{Heap after GC invocations=11 (full 0):
 garbage-first heap   total 90112K, used 26484K [0x0000000728000000, 0x0000000800000000)
  region size 2048K, 1 young (2048K), 1 survivors (2048K)
 Metaspace       used 33609K, committed 33792K, reserved 1114112K
  class space    used 4147K, committed 4224K, reserved 1048576K
}
Event: 1,549 GC heap before
{Heap before GC invocations=11 (full 0):
 garbage-first heap   total 90112K, used 57204K [0x0000000728000000, 0x0000000800000000)
  region size 2048K, 16 young (32768K), 1 survivors (2048K)
 Metaspace       used 40560K, committed 40832K, reserved 1114112K
  class space    used 4869K, committed 4992K, reserved 1048576K
}
Event: 1,551 GC heap after
{Heap after GC invocations=12 (full 0):
 garbage-first heap   total 90112K, used 27816K [0x0000000728000000, 0x0000000800000000)
  region size 2048K, 2 young (4096K), 2 survivors (4096K)
 Metaspace       used 40560K, committed 40832K, reserved 1114112K
  class space    used 4869K, committed 4992K, reserved 1048576K
}
Event: 1,892 GC heap before
{Heap before GC invocations=12 (full 0):
 garbage-first heap   total 90112K, used 54440K [0x0000000728000000, 0x0000000800000000)
  region size 2048K, 16 young (32768K), 2 survivors (4096K)
 Metaspace       used 42626K, committed 42816K, reserved 1114112K
  class space    used 5047K, committed 5120K, reserved 1048576K
}
Event: 1,901 GC heap after
{Heap after GC invocations=13 (full 0):
 garbage-first heap   total 90112K, used 35365K [0x0000000728000000, 0x0000000800000000)
  region size 2048K, 3 young (6144K), 3 survivors (6144K)
 Metaspace       used 42626K, committed 42816K, reserved 1114112K
  class space    used 5047K, committed 5120K, reserved 1048576K
}
Event: 2,165 GC heap before
{Heap before GC invocations=14 (full 0):
 garbage-first heap   total 90112K, used 64037K [0x0000000728000000, 0x0000000800000000)
  region size 2048K, 16 young (32768K), 3 survivors (6144K)
 Metaspace       used 47506K, committed 47744K, reserved 1114112K
  class space    used 5697K, committed 5824K, reserved 1048576K
}

