# JRE version: OpenJDK Runtime Environment (17.0.9) (build 17.0.9+0-17.0.9b1087.7-11185874)
# Java VM: OpenJDK 64-Bit Server VM (17.0.9+0-17.0.9b1087.7-11185874, mixed mode, tiered, compressed oops, compressed class ptrs, parallel gc, linux-amd64)
GC Precious Log:
 CPUs: 16 total, 12 available
 Memory: 13817M
 Large Page Support: Disabled
 NUMA Support: Disabled
 Compressed Oops: Enabled (Zero based)
 Alignments: Space 512K, Generation 512K, Heap 2M
 Heap Min Capacity: 8M
 Heap Initial Capacity: 216M
 Heap Max Capacity: 4608M
 Pre-touch: Disabled
 Parallel Workers: 10
Heap:
 PSYoungGen      total 299008K, used 154819K [0x00000007a0000000, 0x00000007b3d00000, 0x0000000800000000)
  eden space 275456K, 51% used [0x00000007a0000000,0x00000007a8aac360,0x00000007b0d00000)
  from space 23552K, 54% used [0x00000007b2600000,0x00000007b3284c38,0x00000007b3d00000)
  to   space 24576K, 0% used [0x00000007b0d00000,0x00000007b0d00000,0x00000007b2500000)
 ParOldGen       total 147456K, used 90508K [0x00000006e0000000, 0x00000006e9000000, 0x00000007a0000000)
  object space 147456K, 61% used [0x00000006e0000000,0x00000006e5863180,0x00000006e9000000)
 Metaspace       used 74106K, committed 74880K, reserved 917504K
  class space    used 9852K, committed 10240K, reserved 851968K
GC Heap History (20 events):
Event: 2,943 GC heap before
{Heap before GC invocations=8 (full 2):
 PSYoungGen      total 63488K, used 63019K [0x00000007a0000000, 0x00000007a5800000, 0x0000000800000000)
  eden space 54272K, 99% used [0x00000007a0000000,0x00000007a34906b0,0x00000007a3500000)
  from space 9216K, 99% used [0x00000007a3600000,0x00000007a3efa658,0x00000007a3f00000)
  to   space 17920K, 0% used [0x00000007a4680000,0x00000007a4680000,0x00000007a5800000)
 ParOldGen       total 147456K, used 23998K [0x00000006e0000000, 0x00000006e9000000, 0x00000007a0000000)
  object space 147456K, 16% used [0x00000006e0000000,0x00000006e176fb40,0x00000006e9000000)
 Metaspace       used 49574K, committed 50048K, reserved 917504K
  class space    used 6571K, committed 6784K, reserved 851968K
}
Event: 2,948 GC heap after
{Heap after GC invocations=8 (full 2):
 PSYoungGen      total 71168K, used 13249K [0x00000007a0000000, 0x00000007a5900000, 0x0000000800000000)
  eden space 53248K, 0% used [0x00000007a0000000,0x00000007a0000000,0x00000007a3400000)
  from space 17920K, 73% used [0x00000007a4680000,0x00000007a53705b8,0x00000007a5800000)
  to   space 18944K, 0% used [0x00000007a3400000,0x00000007a3400000,0x00000007a4680000)
 ParOldGen       total 147456K, used 24006K [0x00000006e0000000, 0x00000006e9000000, 0x00000007a0000000)
  object space 147456K, 16% used [0x00000006e0000000,0x00000006e1771b40,0x00000006e9000000)
 Metaspace       used 49574K, committed 50048K, reserved 917504K
  class space    used 6571K, committed 6784K, reserved 851968K
}
Event: 3,231 GC heap before
{Heap before GC invocations=9 (full 2):
 PSYoungGen      total 71168K, used 66497K [0x00000007a0000000, 0x00000007a5900000, 0x0000000800000000)
  eden space 53248K, 100% used [0x00000007a0000000,0x00000007a3400000,0x00000007a3400000)
  from space 17920K, 73% used [0x00000007a4680000,0x00000007a53705b8,0x00000007a5800000)
  to   space 18944K, 0% used [0x00000007a3400000,0x00000007a3400000,0x00000007a4680000)
 ParOldGen       total 147456K, used 24006K [0x00000006e0000000, 0x00000006e9000000, 0x00000007a0000000)
  object space 147456K, 16% used [0x00000006e0000000,0x00000006e1771b40,0x00000006e9000000)
 Metaspace       used 52896K, committed 53312K, reserved 917504K
  class space    used 6940K, committed 7168K, reserved 851968K
}
Event: 3,237 GC heap after
{Heap after GC invocations=9 (full 2):
 PSYoungGen      total 72192K, used 18934K [0x00000007a0000000, 0x00000007a9800000, 0x0000000800000000)
  eden space 53248K, 0% used [0x00000007a0000000,0x00000007a0000000,0x00000007a3400000)
  from space 18944K, 99% used [0x00000007a3400000,0x00000007a467d9e0,0x00000007a4680000)
  to   space 24576K, 0% used [0x00000007a8000000,0x00000007a8000000,0x00000007a9800000)
 ParOldGen       total 147456K, used 28974K [0x00000006e0000000, 0x00000006e9000000, 0x00000007a0000000)
  object space 147456K, 19% used [0x00000006e0000000,0x00000006e1c4bb38,0x00000006e9000000)
 Metaspace       used 52896K, committed 53312K, reserved 917504K
  class space    used 6940K, committed 7168K, reserved 851968K
}
Event: 3,720 GC heap before
{Heap before GC invocations=10 (full 2):
 PSYoungGen      total 72192K, used 72182K [0x00000007a0000000, 0x00000007a9800000, 0x0000000800000000)
  eden space 53248K, 100% used [0x00000007a0000000,0x00000007a3400000,0x00000007a3400000)
  from space 18944K, 99% used [0x00000007a3400000,0x00000007a467d9e0,0x00000007a4680000)
  to   space 24576K, 0% used [0x00000007a8000000,0x00000007a8000000,0x00000007a9800000)
 ParOldGen       total 147456K, used 28974K [0x00000006e0000000, 0x00000006e9000000, 0x00000007a0000000)
  object space 147456K, 19% used [0x00000006e0000000,0x00000006e1c4bb38,0x00000006e9000000)
 Metaspace       used 56884K, committed 57408K, reserved 917504K
  class space    used 7563K, committed 7808K, reserved 851968K
}
Event: 3,728 GC heap after
{Heap after GC invocations=10 (full 2):
 PSYoungGen      total 127488K, used 23307K [0x00000007a0000000, 0x00000007a9f00000, 0x0000000800000000)
  eden space 102912K, 0% used [0x00000007a0000000,0x00000007a0000000,0x00000007a6480000)
  from space 24576K, 94% used [0x00000007a8000000,0x00000007a96c2f18,0x00000007a9800000)
  to   space 28160K, 0% used [0x00000007a6480000,0x00000007a6480000,0x00000007a8000000)
 ParOldGen       total 147456K, used 28982K [0x00000006e0000000, 0x00000006e9000000, 0x00000007a0000000)
  object space 147456K, 19% used [0x00000006e0000000,0x00000006e1c4db38,0x00000006e9000000)
 Metaspace       used 56884K, committed 57408K, reserved 917504K
  class space    used 7563K, committed 7808K, reserved 851968K
}
Event: 3,978 GC heap before
{Heap before GC invocations=11 (full 2):
 PSYoungGen      total 127488K, used 59921K [0x00000007a0000000, 0x00000007a9f00000, 0x0000000800000000)
  eden space 102912K, 35% used [0x00000007a0000000,0x00000007a23c16d8,0x00000007a6480000)
  from space 24576K, 94% used [0x00000007a8000000,0x00000007a96c2f18,0x00000007a9800000)
  to   space 28160K, 0% used [0x00000007a6480000,0x00000007a6480000,0x00000007a8000000)
 ParOldGen       total 147456K, used 28982K [0x00000006e0000000, 0x00000006e9000000, 0x00000007a0000000)
  object space 147456K, 19% used [0x00000006e0000000,0x00000006e1c4db38,0x00000006e9000000)
 Metaspace       used 59257K, committed 59776K, reserved 917504K
  class space    used 7903K, committed 8192K, reserved 851968K
}
Event: 3,984 GC heap after
{Heap after GC invocations=11 (full 2):
 PSYoungGen      total 131072K, used 20103K [0x00000007a0000000, 0x00000007aa100000, 0x0000000800000000)
  eden space 102912K, 0% used [0x00000007a0000000,0x00000007a0000000,0x00000007a6480000)
  from space 28160K, 71% used [0x00000007a6480000,0x00000007a7821c08,0x00000007a8000000)
  to   space 29184K, 0% used [0x00000007a8480000,0x00000007a8480000,0x00000007aa100000)
 ParOldGen       total 147456K, used 38853K [0x00000006e0000000, 0x00000006e9000000, 0x00000007a0000000)
  object space 147456K, 26% used [0x00000006e0000000,0x00000006e25f1668,0x00000006e9000000)
 Metaspace       used 59257K, committed 59776K, reserved 917504K
  class space    used 7903K, committed 8192K, reserved 851968K
}
Event: 3,984 GC heap before
{Heap before GC invocations=12 (full 3):
 PSYoungGen      total 131072K, used 20103K [0x00000007a0000000, 0x00000007aa100000, 0x0000000800000000)
  eden space 102912K, 0% used [0x00000007a0000000,0x00000007a0000000,0x00000007a6480000)
  from space 28160K, 71% used [0x00000007a6480000,0x00000007a7821c08,0x00000007a8000000)
  to   space 29184K, 0% used [0x00000007a8480000,0x00000007a8480000,0x00000007aa100000)
 ParOldGen       total 147456K, used 38853K [0x00000006e0000000, 0x00000006e9000000, 0x00000007a0000000)
  object space 147456K, 26% used [0x00000006e0000000,0x00000006e25f1668,0x00000006e9000000)
 Metaspace       used 59257K, committed 59776K, reserved 917504K
  class space    used 7903K, committed 8192K, reserved 851968K
}
Event: 4,013 GC heap after
{Heap after GC invocations=12 (full 3):
 PSYoungGen      total 131072K, used 0K [0x00000007a0000000, 0x00000007aa100000, 0x0000000800000000)
  eden space 102912K, 0% used [0x00000007a0000000,0x00000007a0000000,0x00000007a6480000)
  from space 28160K, 0% used [0x00000007a6480000,0x00000007a6480000,0x00000007a8000000)
  to   space 29184K, 0% used [0x00000007a8480000,0x00000007a8480000,0x00000007aa100000)
 ParOldGen       total 147456K, used 57481K [0x00000006e0000000, 0x00000006e9000000, 0x00000007a0000000)
  object space 147456K, 38% used [0x00000006e0000000,0x00000006e3822700,0x00000006e9000000)
 Metaspace       used 59257K, committed 59776K, reserved 917504K
  class space    used 7903K, committed 8192K, reserved 851968K
}
Event: 4,588 GC heap before
{Heap before GC invocations=13 (full 3):
 PSYoungGen      total 131072K, used 102912K [0x00000007a0000000, 0x00000007aa100000, 0x0000000800000000)
  eden space 102912K, 100% used [0x00000007a0000000,0x00000007a6480000,0x00000007a6480000)
  from space 28160K, 0% used [0x00000007a6480000,0x00000007a6480000,0x00000007a8000000)
  to   space 29184K, 0% used [0x00000007a8480000,0x00000007a8480000,0x00000007aa100000)
 ParOldGen       total 147456K, used 57481K [0x00000006e0000000, 0x00000006e9000000, 0x00000007a0000000)
  object space 147456K, 38% used [0x00000006e0000000,0x00000006e3822700,0x00000006e9000000)
 Metaspace       used 66348K, committed 67072K, reserved 917504K
  class space    used 9115K, committed 9472K, reserved 851968K
}
Event: 4,593 GC heap after
{Heap after GC invocations=13 (full 3):
 PSYoungGen      total 136704K, used 10063K [0x00000007a0000000, 0x00000007ad800000, 0x0000000800000000)
  eden space 107520K, 0% used [0x00000007a0000000,0x00000007a0000000,0x00000007a6900000)
  from space 29184K, 34% used [0x00000007a8480000,0x00000007a8e53ff0,0x00000007aa100000)
  to   space 28160K, 0% used [0x00000007a6900000,0x00000007a6900000,0x00000007a8480000)
 ParOldGen       total 147456K, used 57489K [0x00000006e0000000, 0x00000006e9000000, 0x00000007a0000000)
  object space 147456K, 38% used [0x00000006e0000000,0x00000006e3824700,0x00000006e9000000)
 Metaspace       used 66348K, committed 67072K, reserved 917504K
  class space    used 9115K, committed 9472K, reserved 851968K
}
Event: 4,882 GC heap before
{Heap before GC invocations=14 (full 3):
 PSYoungGen      total 136704K, used 117583K [0x00000007a0000000, 0x00000007ad800000, 0x0000000800000000)
  eden space 107520K, 100% used [0x00000007a0000000,0x00000007a6900000,0x00000007a6900000)
  from space 29184K, 34% used [0x00000007a8480000,0x00000007a8e53ff0,0x00000007aa100000)
  to   space 28160K, 0% used [0x00000007a6900000,0x00000007a6900000,0x00000007a8480000)
 ParOldGen       total 147456K, used 57489K [0x00000006e0000000, 0x00000006e9000000, 0x00000007a0000000)
  object space 147456K, 38% used [0x00000006e0000000,0x00000006e3824700,0x00000006e9000000)
 Metaspace       used 71113K, committed 71872K, reserved 917504K
  class space    used 9522K, committed 9920K, reserved 851968K
}
Event: 4,895 GC heap after
{Heap after GC invocations=14 (full 3):
 PSYoungGen      total 135680K, used 13017K [0x00000007a0000000, 0x00000007add00000, 0x0000000800000000)
  eden space 107520K, 0% used [0x00000007a0000000,0x00000007a0000000,0x00000007a6900000)
  from space 28160K, 46% used [0x00000007a6900000,0x00000007a75b65b0,0x00000007a8480000)
  to   space 27136K, 0% used [0x00000007ac280000,0x00000007ac280000,0x00000007add00000)
 ParOldGen       total 147456K, used 66385K [0x00000006e0000000, 0x00000006e9000000, 0x00000007a0000000)
  object space 147456K, 45% used [0x00000006e0000000,0x00000006e40d46b8,0x00000006e9000000)
 Metaspace       used 71113K, committed 71872K, reserved 917504K
  class space    used 9522K, committed 9920K, reserved 851968K
}
Event: 5,099 GC heap before
{Heap before GC invocations=15 (full 3):
 PSYoungGen      total 135680K, used 120537K [0x00000007a0000000, 0x00000007add00000, 0x0000000800000000)
  eden space 107520K, 100% used [0x00000007a0000000,0x00000007a6900000,0x00000007a6900000)
  from space 28160K, 46% used [0x00000007a6900000,0x00000007a75b65b0,0x00000007a8480000)
  to   space 27136K, 0% used [0x00000007ac280000,0x00000007ac280000,0x00000007add00000)
 ParOldGen       total 147456K, used 66385K [0x00000006e0000000, 0x00000006e9000000, 0x00000007a0000000)
  object space 147456K, 45% used [0x00000006e0000000,0x00000006e40d46b8,0x00000006e9000000)
 Metaspace       used 71507K, committed 72192K, reserved 917504K
  class space    used 9536K, committed 9920K, reserved 851968K
}
Event: 5,107 GC heap after
{Heap after GC invocations=15 (full 3):
 PSYoungGen      total 198144K, used 7360K [0x00000007a0000000, 0x00000007adc00000, 0x0000000800000000)
  eden space 172032K, 0% used [0x00000007a0000000,0x00000007a0000000,0x00000007aa800000)
  from space 26112K, 28% used [0x00000007ac280000,0x00000007ac9b0000,0x00000007adc00000)
  to   space 26624K, 0% used [0x00000007aa800000,0x00000007aa800000,0x00000007ac200000)
 ParOldGen       total 147456K, used 77075K [0x00000006e0000000, 0x00000006e9000000, 0x00000007a0000000)
  object space 147456K, 52% used [0x00000006e0000000,0x00000006e4b44c10,0x00000006e9000000)
 Metaspace       used 71507K, committed 72192K, reserved 917504K
  class space    used 9536K, committed 9920K, reserved 851968K
}
Event: 5,369 GC heap before
{Heap before GC invocations=16 (full 3):
 PSYoungGen      total 198144K, used 179392K [0x00000007a0000000, 0x00000007adc00000, 0x0000000800000000)
  eden space 172032K, 100% used [0x00000007a0000000,0x00000007aa800000,0x00000007aa800000)
  from space 26112K, 28% used [0x00000007ac280000,0x00000007ac9b0000,0x00000007adc00000)
  to   space 26624K, 0% used [0x00000007aa800000,0x00000007aa800000,0x00000007ac200000)
 ParOldGen       total 147456K, used 77075K [0x00000006e0000000, 0x00000006e9000000, 0x00000007a0000000)
  object space 147456K, 52% used [0x00000006e0000000,0x00000006e4b44c10,0x00000006e9000000)
 Metaspace       used 71891K, committed 72640K, reserved 917504K
  class space    used 9551K, committed 9920K, reserved 851968K
}
Event: 5,380 GC heap after
{Heap after GC invocations=16 (full 3):
 PSYoungGen      total 198656K, used 10656K [0x00000007a0000000, 0x00000007b3f00000, 0x0000000800000000)
  eden space 172032K, 0% used [0x00000007a0000000,0x00000007a0000000,0x00000007aa800000)
  from space 26624K, 40% used [0x00000007aa800000,0x00000007ab268040,0x00000007ac200000)
  to   space 25600K, 0% used [0x00000007b2600000,0x00000007b2600000,0x00000007b3f00000)
 ParOldGen       total 147456K, used 82087K [0x00000006e0000000, 0x00000006e9000000, 0x00000007a0000000)
  object space 147456K, 55% used [0x00000006e0000000,0x00000006e5029c20,0x00000006e9000000)
 Metaspace       used 71891K, committed 72640K, reserved 917504K
  class space    used 9551K, committed 9920K, reserved 851968K
}
Event: 5,648 GC heap before
{Heap before GC invocations=17 (full 3):
 PSYoungGen      total 198656K, used 182688K [0x00000007a0000000, 0x00000007b3f00000, 0x0000000800000000)
  eden space 172032K, 100% used [0x00000007a0000000,0x00000007aa800000,0x00000007aa800000)
  from space 26624K, 40% used [0x00000007aa800000,0x00000007ab268040,0x00000007ac200000)
  to   space 25600K, 0% used [0x00000007b2600000,0x00000007b2600000,0x00000007b3f00000)
 ParOldGen       total 147456K, used 82087K [0x00000006e0000000, 0x00000006e9000000, 0x00000007a0000000)
  object space 147456K, 55% used [0x00000006e0000000,0x00000006e5029c20,0x00000006e9000000)
 Metaspace       used 72465K, committed 73152K, reserved 917504K
  class space    used 9621K, committed 9984K, reserved 851968K
}
Event: 5,662 GC heap after
{Heap after GC invocations=17 (full 3):
 PSYoungGen      total 299008K, used 12819K [0x00000007a0000000, 0x00000007b3d00000, 0x0000000800000000)
  eden space 275456K, 0% used [0x00000007a0000000,0x00000007a0000000,0x00000007b0d00000)
  from space 23552K, 54% used [0x00000007b2600000,0x00000007b3284c38,0x00000007b3d00000)
  to   space 24576K, 0% used [0x00000007b0d00000,0x00000007b0d00000,0x00000007b2500000)
 ParOldGen       total 147456K, used 90508K [0x00000006e0000000, 0x00000006e9000000, 0x00000007a0000000)
  object space 147456K, 61% used [0x00000006e0000000,0x00000006e5863180,0x00000006e9000000)
 Metaspace       used 72465K, committed 73152K, reserved 917504K
  class space    used 9621K, committed 9984K, reserved 851968K
}

