# JRE version: OpenJDK Runtime Environment (17.0.9) (build 17.0.9+0-17.0.9b1087.7-11185874)
# Java VM: OpenJDK 64-Bit Server VM (17.0.9+0-17.0.9b1087.7-11185874, mixed mode, tiered, compressed oops, compressed class ptrs, g1 gc, linux-amd64)
GC Precious Log:
 CPUs: 16 total, 12 available
 Memory: 13817M
 Large Page Support: Disabled
 NUMA Support: Disabled
 Compressed Oops: Enabled (Zero based)
 Heap Region Size: 4M
 Heap Min Capacity: 8M
 Heap Initial Capacity: 216M
 Heap Max Capacity: 4608M
 Pre-touch: Disabled
 Parallel Workers: 10
 Concurrent Workers: 3
 Concurrent Refinement Workers: 10
 Periodic GC: Disabled
Heap:
 garbage-first heap   total 221184K, used 158844K [0x00000006e0000000, 0x0000000800000000)
  region size 4096K, 22 young (90112K), 3 survivors (12288K)
 Metaspace       used 82551K, committed 83200K, reserved 1179648K
  class space    used 11156K, committed 11456K, reserved 1048576K
GC Heap History (20 events):
Event: 3,537 GC heap after
{Heap after GC invocations=15 (full 0):
 garbage-first heap   total 98304K, used 47093K [0x00000006e0000000, 0x0000000800000000)
  region size 4096K, 2 young (8192K), 2 survivors (8192K)
 Metaspace       used 56630K, committed 57152K, reserved 1114112K
  class space    used 7809K, committed 8064K, reserved 1048576K
}
Event: 3,546 GC heap before
{Heap before GC invocations=15 (full 0):
 garbage-first heap   total 98304K, used 47093K [0x00000006e0000000, 0x0000000800000000)
  region size 4096K, 3 young (12288K), 2 survivors (8192K)
 Metaspace       used 56642K, committed 57152K, reserved 1114112K
  class space    used 7809K, committed 8064K, reserved 1048576K
}
Event: 3,550 GC heap after
{Heap after GC invocations=16 (full 0):
 garbage-first heap   total 118784K, used 51231K [0x00000006e0000000, 0x0000000800000000)
  region size 4096K, 1 young (4096K), 1 survivors (4096K)
 Metaspace       used 56642K, committed 57152K, reserved 1114112K
  class space    used 7809K, committed 8064K, reserved 1048576K
}
Event: 3,661 GC heap before
{Heap before GC invocations=16 (full 0):
 garbage-first heap   total 118784K, used 79903K [0x00000006e0000000, 0x0000000800000000)
  region size 4096K, 7 young (28672K), 1 survivors (4096K)
 Metaspace       used 57942K, committed 58496K, reserved 1114112K
  class space    used 7986K, committed 8256K, reserved 1048576K
}
Event: 3,663 GC heap after
{Heap after GC invocations=17 (full 0):
 garbage-first heap   total 118784K, used 60939K [0x00000006e0000000, 0x0000000800000000)
  region size 4096K, 1 young (4096K), 1 survivors (4096K)
 Metaspace       used 57942K, committed 58496K, reserved 1114112K
  class space    used 7986K, committed 8256K, reserved 1048576K
}
Event: 3,778 GC heap before
{Heap before GC invocations=17 (full 0):
 garbage-first heap   total 118784K, used 81419K [0x00000006e0000000, 0x0000000800000000)
  region size 4096K, 6 young (24576K), 1 survivors (4096K)
 Metaspace       used 59628K, committed 60160K, reserved 1114112K
  class space    used 8221K, committed 8448K, reserved 1048576K
}
Event: 3,780 GC heap after
{Heap after GC invocations=18 (full 0):
 garbage-first heap   total 118784K, used 61629K [0x00000006e0000000, 0x0000000800000000)
  region size 4096K, 1 young (4096K), 1 survivors (4096K)
 Metaspace       used 59628K, committed 60160K, reserved 1114112K
  class space    used 8221K, committed 8448K, reserved 1048576K
}
Event: 3,904 GC heap before
{Heap before GC invocations=19 (full 0):
 garbage-first heap   total 118784K, used 78013K [0x00000006e0000000, 0x0000000800000000)
  region size 4096K, 6 young (24576K), 1 survivors (4096K)
 Metaspace       used 61634K, committed 62208K, reserved 1114112K
  class space    used 8444K, committed 8704K, reserved 1048576K
}
Event: 3,906 GC heap after
{Heap after GC invocations=20 (full 0):
 garbage-first heap   total 118784K, used 62259K [0x00000006e0000000, 0x0000000800000000)
  region size 4096K, 1 young (4096K), 1 survivors (4096K)
 Metaspace       used 61634K, committed 62208K, reserved 1114112K
  class space    used 8444K, committed 8704K, reserved 1048576K
}
Event: 4,061 GC heap before
{Heap before GC invocations=21 (full 0):
 garbage-first heap   total 118784K, used 82739K [0x00000006e0000000, 0x0000000800000000)
  region size 4096K, 6 young (24576K), 1 survivors (4096K)
 Metaspace       used 63840K, committed 64448K, reserved 1114112K
  class space    used 8679K, committed 8960K, reserved 1048576K
}
Event: 4,063 GC heap after
{Heap after GC invocations=22 (full 0):
 garbage-first heap   total 118784K, used 62560K [0x00000006e0000000, 0x0000000800000000)
  region size 4096K, 1 young (4096K), 1 survivors (4096K)
 Metaspace       used 63840K, committed 64448K, reserved 1114112K
  class space    used 8679K, committed 8960K, reserved 1048576K
}
Event: 4,257 GC heap before
{Heap before GC invocations=22 (full 0):
 garbage-first heap   total 118784K, used 87136K [0x00000006e0000000, 0x0000000800000000)
  region size 4096K, 7 young (28672K), 1 survivors (4096K)
 Metaspace       used 66478K, committed 67072K, reserved 1114112K
  class space    used 9051K, committed 9344K, reserved 1048576K
}
Event: 4,260 GC heap after
{Heap after GC invocations=23 (full 0):
 garbage-first heap   total 118784K, used 63471K [0x00000006e0000000, 0x0000000800000000)
  region size 4096K, 1 young (4096K), 1 survivors (4096K)
 Metaspace       used 66478K, committed 67072K, reserved 1114112K
  class space    used 9051K, committed 9344K, reserved 1048576K
}
Event: 4,419 GC heap before
{Heap before GC invocations=24 (full 0):
 garbage-first heap   total 118784K, used 88047K [0x00000006e0000000, 0x0000000800000000)
  region size 4096K, 7 young (28672K), 1 survivors (4096K)
 Metaspace       used 68613K, committed 69312K, reserved 1114112K
  class space    used 9318K, committed 9664K, reserved 1048576K
}
Event: 4,422 GC heap after
{Heap after GC invocations=25 (full 0):
 garbage-first heap   total 118784K, used 70668K [0x00000006e0000000, 0x0000000800000000)
  region size 4096K, 1 young (4096K), 1 survivors (4096K)
 Metaspace       used 68613K, committed 69312K, reserved 1114112K
  class space    used 9318K, committed 9664K, reserved 1048576K
}
Event: 4,512 GC heap before
{Heap before GC invocations=25 (full 0):
 garbage-first heap   total 118784K, used 87052K [0x00000006e0000000, 0x0000000800000000)
  region size 4096K, 5 young (20480K), 1 survivors (4096K)
 Metaspace       used 69383K, committed 69952K, reserved 1114112K
  class space    used 9438K, committed 9728K, reserved 1048576K
}
Event: 4,515 GC heap after
{Heap after GC invocations=26 (full 0):
 garbage-first heap   total 221184K, used 73211K [0x00000006e0000000, 0x0000000800000000)
  region size 4096K, 1 young (4096K), 1 survivors (4096K)
 Metaspace       used 69383K, committed 69952K, reserved 1114112K
  class space    used 9438K, committed 9728K, reserved 1048576K
}
Event: 5,036 GC heap before
{Heap before GC invocations=27 (full 0):
 garbage-first heap   total 221184K, used 155131K [0x00000006e0000000, 0x0000000800000000)
  region size 4096K, 20 young (81920K), 1 survivors (4096K)
 Metaspace       used 76059K, committed 76736K, reserved 1179648K
  class space    used 10350K, committed 10688K, reserved 1048576K
}
Event: 5,039 GC heap after
{Heap after GC invocations=28 (full 0):
 garbage-first heap   total 221184K, used 81020K [0x00000006e0000000, 0x0000000800000000)
  region size 4096K, 2 young (8192K), 2 survivors (8192K)
 Metaspace       used 76059K, committed 76736K, reserved 1179648K
  class space    used 10350K, committed 10688K, reserved 1048576K
}
Event: 5,430 GC heap before
{Heap before GC invocations=28 (full 0):
 garbage-first heap   total 221184K, used 154748K [0x00000006e0000000, 0x0000000800000000)
  region size 4096K, 21 young (86016K), 2 survivors (8192K)
 Metaspace       used 82551K, committed 83200K, reserved 1179648K
  class space    used 11156K, committed 11456K, reserved 1048576K
}

