# JRE version: OpenJDK Runtime Environment (17.0.9) (build 17.0.9+0-17.0.9b1087.7-11185874)
# Java VM: OpenJDK 64-Bit Server VM (17.0.9+0-17.0.9b1087.7-11185874, mixed mode, tiered, compressed oops, compressed class ptrs, parallel gc, linux-amd64)
GC Precious Log:
 CPUs: 16 total, 12 available
 Memory: 13817M
 Large Page Support: Disabled
 NUMA Support: Disabled
 Compressed Oops: Enabled (Zero based)
 Alignments: Space 512K, Generation 512K, Heap 2M
 Heap Min Capacity: 8M
 Heap Initial Capacity: 216M
 Heap Max Capacity: 4608M
 Pre-touch: Disabled
 Parallel Workers: 10
Heap:
 PSYoungGen      total 853504K, used 583491K [0x00000007a0000000, 0x00000007ea980000, 0x0000000800000000)
  eden space 586752K, 59% used [0x00000007a0000000,0x00000007b53d6d10,0x00000007c3d00000)
  from space 266752K, 88% used [0x00000007d6400000,0x00000007e49fa1c8,0x00000007e6880000)
  to   space 302080K, 0% used [0x00000007c3d00000,0x00000007c3d00000,0x00000007d6400000)
 ParOldGen       total 862720K, used 654758K [0x00000006e0000000, 0x0000000714a80000, 0x00000007a0000000)
  object space 862720K, 75% used [0x00000006e0000000,0x0000000707f699c0,0x0000000714a80000)
 Metaspace       used 171322K, committed 172928K, reserved 1048576K
  class space    used 22891K, committed 23680K, reserved 851968K
GC Heap History (20 events):
Event: 68,608 GC heap before
{Heap before GC invocations=29 (full 5):
 PSYoungGen      total 409088K, used 397849K [0x00000007a0000000, 0x00000007c2780000, 0x0000000800000000)
  eden space 367104K, 100% used [0x00000007a0000000,0x00000007b6680000,0x00000007b6680000)
  from space 41984K, 73% used [0x00000007b6680000,0x00000007b84864f8,0x00000007b8f80000)
  to   space 45056K, 0% used [0x00000007bfb80000,0x00000007bfb80000,0x00000007c2780000)
 ParOldGen       total 247808K, used 210603K [0x00000006e0000000, 0x00000006ef200000, 0x00000007a0000000)
  object space 247808K, 84% used [0x00000006e0000000,0x00000006ecdaac18,0x00000006ef200000)
 Metaspace       used 150006K, committed 151488K, reserved 983040K
  class space    used 19961K, committed 20672K, reserved 851968K
}
Event: 68,648 GC heap after
{Heap after GC invocations=29 (full 5):
 PSYoungGen      total 495104K, used 45043K [0x00000007a0000000, 0x00000007c6580000, 0x0000000800000000)
  eden space 450048K, 0% used [0x00000007a0000000,0x00000007a0000000,0x00000007bb780000)
  from space 45056K, 99% used [0x00000007bfb80000,0x00000007c277cdb0,0x00000007c2780000)
  to   space 69632K, 0% used [0x00000007bb780000,0x00000007bb780000,0x00000007bfb80000)
 ParOldGen       total 255488K, used 255260K [0x00000006e0000000, 0x00000006ef980000, 0x00000007a0000000)
  object space 255488K, 99% used [0x00000006e0000000,0x00000006ef947128,0x00000006ef980000)
 Metaspace       used 150006K, committed 151488K, reserved 983040K
  class space    used 19961K, committed 20672K, reserved 851968K
}
Event: 68,648 GC heap before
{Heap before GC invocations=30 (full 6):
 PSYoungGen      total 495104K, used 45043K [0x00000007a0000000, 0x00000007c6580000, 0x0000000800000000)
  eden space 450048K, 0% used [0x00000007a0000000,0x00000007a0000000,0x00000007bb780000)
  from space 45056K, 99% used [0x00000007bfb80000,0x00000007c277cdb0,0x00000007c2780000)
  to   space 69632K, 0% used [0x00000007bb780000,0x00000007bb780000,0x00000007bfb80000)
 ParOldGen       total 255488K, used 255260K [0x00000006e0000000, 0x00000006ef980000, 0x00000007a0000000)
  object space 255488K, 99% used [0x00000006e0000000,0x00000006ef947128,0x00000006ef980000)
 Metaspace       used 150006K, committed 151488K, reserved 983040K
  class space    used 19961K, committed 20672K, reserved 851968K
}
Event: 68,846 GC heap after
{Heap after GC invocations=30 (full 6):
 PSYoungGen      total 495104K, used 31194K [0x00000007a0000000, 0x00000007cb000000, 0x0000000800000000)
  eden space 450048K, 0% used [0x00000007a0000000,0x00000007a0000000,0x00000007bb780000)
  from space 45056K, 69% used [0x00000007bfb80000,0x00000007c19f6848,0x00000007c2780000)
  to   space 69632K, 0% used [0x00000007bb780000,0x00000007bb780000,0x00000007bfb80000)
 ParOldGen       total 354304K, used 232812K [0x00000006e0000000, 0x00000006f5a00000, 0x00000007a0000000)
  object space 354304K, 65% used [0x00000006e0000000,0x00000006ee35b138,0x00000006f5a00000)
 Metaspace       used 150003K, committed 151488K, reserved 983040K
  class space    used 19961K, committed 20672K, reserved 851968K
}
Event: 69,641 GC heap before
{Heap before GC invocations=31 (full 6):
 PSYoungGen      total 495104K, used 481242K [0x00000007a0000000, 0x00000007cb000000, 0x0000000800000000)
  eden space 450048K, 100% used [0x00000007a0000000,0x00000007bb780000,0x00000007bb780000)
  from space 45056K, 69% used [0x00000007bfb80000,0x00000007c19f6848,0x00000007c2780000)
  to   space 69632K, 0% used [0x00000007bb780000,0x00000007bb780000,0x00000007bfb80000)
 ParOldGen       total 354304K, used 232812K [0x00000006e0000000, 0x00000006f5a00000, 0x00000007a0000000)
  object space 354304K, 65% used [0x00000006e0000000,0x00000006ee35b138,0x00000006f5a00000)
 Metaspace       used 154295K, committed 155840K, reserved 1048576K
  class space    used 20537K, committed 21312K, reserved 851968K
}
Event: 69,698 GC heap after
{Heap after GC invocations=31 (full 6):
 PSYoungGen      total 519680K, used 69629K [0x00000007a0000000, 0x00000007d4500000, 0x0000000800000000)
  eden space 450048K, 0% used [0x00000007a0000000,0x00000007a0000000,0x00000007bb780000)
  from space 69632K, 99% used [0x00000007bb780000,0x00000007bfb7f7d8,0x00000007bfb80000)
  to   space 144384K, 0% used [0x00000007cb800000,0x00000007cb800000,0x00000007d4500000)
 ParOldGen       total 402944K, used 402616K [0x00000006e0000000, 0x00000006f8980000, 0x00000007a0000000)
  object space 402944K, 99% used [0x00000006e0000000,0x00000006f892e250,0x00000006f8980000)
 Metaspace       used 154295K, committed 155840K, reserved 1048576K
  class space    used 20537K, committed 21312K, reserved 851968K
}
Event: 69,698 GC heap before
{Heap before GC invocations=32 (full 7):
 PSYoungGen      total 519680K, used 69629K [0x00000007a0000000, 0x00000007d4500000, 0x0000000800000000)
  eden space 450048K, 0% used [0x00000007a0000000,0x00000007a0000000,0x00000007bb780000)
  from space 69632K, 99% used [0x00000007bb780000,0x00000007bfb7f7d8,0x00000007bfb80000)
  to   space 144384K, 0% used [0x00000007cb800000,0x00000007cb800000,0x00000007d4500000)
 ParOldGen       total 402944K, used 402616K [0x00000006e0000000, 0x00000006f8980000, 0x00000007a0000000)
  object space 402944K, 99% used [0x00000006e0000000,0x00000006f892e250,0x00000006f8980000)
 Metaspace       used 154295K, committed 155840K, reserved 1048576K
  class space    used 20537K, committed 21312K, reserved 851968K
}
Event: 69,858 GC heap after
{Heap after GC invocations=32 (full 7):
 PSYoungGen      total 519680K, used 42800K [0x00000007a0000000, 0x00000007d0600000, 0x0000000800000000)
  eden space 450048K, 0% used [0x00000007a0000000,0x00000007a0000000,0x00000007bb780000)
  from space 69632K, 61% used [0x00000007bb780000,0x00000007be14c218,0x00000007bfb80000)
  to   space 144384K, 0% used [0x00000007c7900000,0x00000007c7900000,0x00000007d0600000)
 ParOldGen       total 585216K, used 377304K [0x00000006e0000000, 0x0000000703b80000, 0x00000007a0000000)
  object space 585216K, 64% used [0x00000006e0000000,0x00000006f7076288,0x0000000703b80000)
 Metaspace       used 154295K, committed 155840K, reserved 1048576K
  class space    used 20537K, committed 21312K, reserved 851968K
}
Event: 70,456 GC heap before
{Heap before GC invocations=33 (full 7):
 PSYoungGen      total 519680K, used 492848K [0x00000007a0000000, 0x00000007d0600000, 0x0000000800000000)
  eden space 450048K, 100% used [0x00000007a0000000,0x00000007bb780000,0x00000007bb780000)
  from space 69632K, 61% used [0x00000007bb780000,0x00000007be14c218,0x00000007bfb80000)
  to   space 144384K, 0% used [0x00000007c7900000,0x00000007c7900000,0x00000007d0600000)
 ParOldGen       total 585216K, used 377304K [0x00000006e0000000, 0x0000000703b80000, 0x00000007a0000000)
  object space 585216K, 64% used [0x00000006e0000000,0x00000006f7076288,0x0000000703b80000)
 Metaspace       used 158080K, committed 159680K, reserved 1048576K
  class space    used 20893K, committed 21696K, reserved 851968K
}
Event: 70,514 GC heap after
{Heap after GC invocations=33 (full 7):
 PSYoungGen      total 649728K, used 67129K [0x00000007a0000000, 0x00000007d0a00000, 0x0000000800000000)
  eden space 505344K, 0% used [0x00000007a0000000,0x00000007a0000000,0x00000007bed80000)
  from space 144384K, 46% used [0x00000007c7900000,0x00000007cba8e4d0,0x00000007d0600000)
  to   space 142848K, 0% used [0x00000007bed80000,0x00000007bed80000,0x00000007c7900000)
 ParOldGen       total 585216K, used 419666K [0x00000006e0000000, 0x0000000703b80000, 0x00000007a0000000)
  object space 585216K, 71% used [0x00000006e0000000,0x00000006f99d4940,0x0000000703b80000)
 Metaspace       used 158080K, committed 159680K, reserved 1048576K
  class space    used 20893K, committed 21696K, reserved 851968K
}
Event: 71,318 GC heap before
{Heap before GC invocations=34 (full 7):
 PSYoungGen      total 649728K, used 572473K [0x00000007a0000000, 0x00000007d0a00000, 0x0000000800000000)
  eden space 505344K, 100% used [0x00000007a0000000,0x00000007bed80000,0x00000007bed80000)
  from space 144384K, 46% used [0x00000007c7900000,0x00000007cba8e4d0,0x00000007d0600000)
  to   space 142848K, 0% used [0x00000007bed80000,0x00000007bed80000,0x00000007c7900000)
 ParOldGen       total 585216K, used 419666K [0x00000006e0000000, 0x0000000703b80000, 0x00000007a0000000)
  object space 585216K, 71% used [0x00000006e0000000,0x00000006f99d4940,0x0000000703b80000)
 Metaspace       used 162612K, committed 164160K, reserved 1048576K
  class space    used 21700K, committed 22464K, reserved 851968K
}
Event: 71,517 GC heap after
{Heap after GC invocations=34 (full 7):
 PSYoungGen      total 648192K, used 142841K [0x00000007a0000000, 0x00000007df100000, 0x0000000800000000)
  eden space 505344K, 0% used [0x00000007a0000000,0x00000007a0000000,0x00000007bed80000)
  from space 142848K, 99% used [0x00000007bed80000,0x00000007c78fe638,0x00000007c7900000)
  to   space 218112K, 0% used [0x00000007d1c00000,0x00000007d1c00000,0x00000007df100000)
 ParOldGen       total 585216K, used 554623K [0x00000006e0000000, 0x0000000703b80000, 0x00000007a0000000)
  object space 585216K, 94% used [0x00000006e0000000,0x0000000701d9fe18,0x0000000703b80000)
 Metaspace       used 162612K, committed 164160K, reserved 1048576K
  class space    used 21700K, committed 22464K, reserved 851968K
}
Event: 71,517 GC heap before
{Heap before GC invocations=35 (full 8):
 PSYoungGen      total 648192K, used 142841K [0x00000007a0000000, 0x00000007df100000, 0x0000000800000000)
  eden space 505344K, 0% used [0x00000007a0000000,0x00000007a0000000,0x00000007bed80000)
  from space 142848K, 99% used [0x00000007bed80000,0x00000007c78fe638,0x00000007c7900000)
  to   space 218112K, 0% used [0x00000007d1c00000,0x00000007d1c00000,0x00000007df100000)
 ParOldGen       total 585216K, used 554623K [0x00000006e0000000, 0x0000000703b80000, 0x00000007a0000000)
  object space 585216K, 94% used [0x00000006e0000000,0x0000000701d9fe18,0x0000000703b80000)
 Metaspace       used 162612K, committed 164160K, reserved 1048576K
  class space    used 21700K, committed 22464K, reserved 851968K
}
Event: 71,996 GC heap after
{Heap after GC invocations=35 (full 8):
 PSYoungGen      total 648192K, used 70059K [0x00000007a0000000, 0x00000007ddc00000, 0x0000000800000000)
  eden space 505344K, 0% used [0x00000007a0000000,0x00000007a0000000,0x00000007bed80000)
  from space 142848K, 49% used [0x00000007bed80000,0x00000007c31eaf40,0x00000007c7900000)
  to   space 218112K, 0% used [0x00000007d0700000,0x00000007d0700000,0x00000007ddc00000)
 ParOldGen       total 862720K, used 585173K [0x00000006e0000000, 0x0000000714a80000, 0x00000007a0000000)
  object space 862720K, 67% used [0x00000006e0000000,0x0000000703b757c0,0x0000000714a80000)
 Metaspace       used 162612K, committed 164160K, reserved 1048576K
  class space    used 21700K, committed 22464K, reserved 851968K
}
Event: 72,861 GC heap before
{Heap before GC invocations=36 (full 8):
 PSYoungGen      total 648192K, used 575403K [0x00000007a0000000, 0x00000007ddc00000, 0x0000000800000000)
  eden space 505344K, 100% used [0x00000007a0000000,0x00000007bed80000,0x00000007bed80000)
  from space 142848K, 49% used [0x00000007bed80000,0x00000007c31eaf40,0x00000007c7900000)
  to   space 218112K, 0% used [0x00000007d0700000,0x00000007d0700000,0x00000007ddc00000)
 ParOldGen       total 862720K, used 585173K [0x00000006e0000000, 0x0000000714a80000, 0x00000007a0000000)
  object space 862720K, 67% used [0x00000006e0000000,0x0000000703b757c0,0x0000000714a80000)
 Metaspace       used 166356K, committed 168000K, reserved 1048576K
  class space    used 22192K, committed 22976K, reserved 851968K
}
Event: 73,005 GC heap after
{Heap after GC invocations=36 (full 8):
 PSYoungGen      total 770048K, used 174051K [0x00000007a0000000, 0x00000007e0b80000, 0x0000000800000000)
  eden space 551936K, 0% used [0x00000007a0000000,0x00000007a0000000,0x00000007c1b00000)
  from space 218112K, 79% used [0x00000007d0700000,0x00000007db0f8e48,0x00000007ddc00000)
  to   space 241664K, 0% used [0x00000007c1b00000,0x00000007c1b00000,0x00000007d0700000)
 ParOldGen       total 862720K, used 654734K [0x00000006e0000000, 0x0000000714a80000, 0x00000007a0000000)
  object space 862720K, 75% used [0x00000006e0000000,0x0000000707f639c0,0x0000000714a80000)
 Metaspace       used 166356K, committed 168000K, reserved 1048576K
  class space    used 22192K, committed 22976K, reserved 851968K
}
Event: 76,248 GC heap before
{Heap before GC invocations=37 (full 8):
 PSYoungGen      total 770048K, used 725987K [0x00000007a0000000, 0x00000007e0b80000, 0x0000000800000000)
  eden space 551936K, 100% used [0x00000007a0000000,0x00000007c1b00000,0x00000007c1b00000)
  from space 218112K, 79% used [0x00000007d0700000,0x00000007db0f8e48,0x00000007ddc00000)
  to   space 241664K, 0% used [0x00000007c1b00000,0x00000007c1b00000,0x00000007d0700000)
 ParOldGen       total 862720K, used 654734K [0x00000006e0000000, 0x0000000714a80000, 0x00000007a0000000)
  object space 862720K, 75% used [0x00000006e0000000,0x0000000707f639c0,0x0000000714a80000)
 Metaspace       used 170244K, committed 171840K, reserved 1048576K
  class space    used 22765K, committed 23552K, reserved 851968K
}
Event: 76,327 GC heap after
{Heap after GC invocations=37 (full 8):
 PSYoungGen      total 793600K, used 191781K [0x00000007a0000000, 0x00000007e6880000, 0x0000000800000000)
  eden space 551936K, 0% used [0x00000007a0000000,0x00000007a0000000,0x00000007c1b00000)
  from space 241664K, 79% used [0x00000007c1b00000,0x00000007cd649510,0x00000007d0700000)
  to   space 266752K, 0% used [0x00000007d6400000,0x00000007d6400000,0x00000007e6880000)
 ParOldGen       total 862720K, used 654750K [0x00000006e0000000, 0x0000000714a80000, 0x00000007a0000000)
  object space 862720K, 75% used [0x00000006e0000000,0x0000000707f679c0,0x0000000714a80000)
 Metaspace       used 170244K, committed 171840K, reserved 1048576K
  class space    used 22765K, committed 23552K, reserved 851968K
}
Event: 77,929 GC heap before
{Heap before GC invocations=38 (full 8):
 PSYoungGen      total 793600K, used 743717K [0x00000007a0000000, 0x00000007e6880000, 0x0000000800000000)
  eden space 551936K, 100% used [0x00000007a0000000,0x00000007c1b00000,0x00000007c1b00000)
  from space 241664K, 79% used [0x00000007c1b00000,0x00000007cd649510,0x00000007d0700000)
  to   space 266752K, 0% used [0x00000007d6400000,0x00000007d6400000,0x00000007e6880000)
 ParOldGen       total 862720K, used 654750K [0x00000006e0000000, 0x0000000714a80000, 0x00000007a0000000)
  object space 862720K, 75% used [0x00000006e0000000,0x0000000707f679c0,0x0000000714a80000)
 Metaspace       used 170854K, committed 172544K, reserved 1048576K
  class space    used 22838K, committed 23680K, reserved 851968K
}
Event: 78,001 GC heap after
{Heap after GC invocations=38 (full 8):
 PSYoungGen      total 853504K, used 235496K [0x00000007a0000000, 0x00000007ea980000, 0x0000000800000000)
  eden space 586752K, 0% used [0x00000007a0000000,0x00000007a0000000,0x00000007c3d00000)
  from space 266752K, 88% used [0x00000007d6400000,0x00000007e49fa1c8,0x00000007e6880000)
  to   space 302080K, 0% used [0x00000007c3d00000,0x00000007c3d00000,0x00000007d6400000)
 ParOldGen       total 862720K, used 654758K [0x00000006e0000000, 0x0000000714a80000, 0x00000007a0000000)
  object space 862720K, 75% used [0x00000006e0000000,0x0000000707f699c0,0x0000000714a80000)
 Metaspace       used 170854K, committed 172544K, reserved 1048576K
  class space    used 22838K, committed 23680K, reserved 851968K
}

