# JRE version: OpenJDK Runtime Environment (17.0.9) (build 17.0.9+0-17.0.9b1087.7-11185874)
# Java VM: OpenJDK 64-Bit Server VM (17.0.9+0-17.0.9b1087.7-11185874, mixed mode, tiered, compressed oops, compressed class ptrs, g1 gc, linux-amd64)
GC Precious Log:
 CPUs: 16 total, 12 available
 Memory: 13817M
 Large Page Support: Disabled
 NUMA Support: Disabled
 Compressed Oops: Enabled (Zero based)
 Heap Region Size: 4M
 Heap Min Capacity: 8M
 Heap Initial Capacity: 216M
 Heap Max Capacity: 4608M
 Pre-touch: Disabled
 Parallel Workers: 10
 Concurrent Workers: 3
 Concurrent Refinement Workers: 10
 Periodic GC: Disabled
Heap:
 garbage-first heap   total 274432K, used 153531K [0x00000006e0000000, 0x0000000800000000)
  region size 4096K, 8 young (32768K), 3 survivors (12288K)
 Metaspace       used 112785K, committed 113728K, reserved 1179648K
  class space    used 15506K, committed 15936K, reserved 1048576K
GC Heap History (20 events):
Event: 7,377 GC heap before
{Heap before GC invocations=44 (full 0):
 garbage-first heap   total 172032K, used 135056K [0x00000006e0000000, 0x0000000800000000)
  region size 4096K, 12 young (49152K), 2 survivors (8192K)
 Metaspace       used 97437K, committed 98176K, reserved 1179648K
  class space    used 13470K, committed 13824K, reserved 1048576K
}
Event: 7,381 GC heap after
{Heap after GC invocations=45 (full 0):
 garbage-first heap   total 172032K, used 96516K [0x00000006e0000000, 0x0000000800000000)
  region size 4096K, 2 young (8192K), 2 survivors (8192K)
 Metaspace       used 97437K, committed 98176K, reserved 1179648K
  class space    used 13470K, committed 13824K, reserved 1048576K
}
Event: 7,609 GC heap before
{Heap before GC invocations=45 (full 0):
 garbage-first heap   total 172032K, used 137476K [0x00000006e0000000, 0x0000000800000000)
  region size 4096K, 12 young (49152K), 2 survivors (8192K)
 Metaspace       used 99095K, committed 99904K, reserved 1179648K
  class space    used 13711K, committed 14080K, reserved 1048576K
}
Event: 7,613 GC heap after
{Heap after GC invocations=46 (full 0):
 garbage-first heap   total 172032K, used 99326K [0x00000006e0000000, 0x0000000800000000)
  region size 4096K, 2 young (8192K), 2 survivors (8192K)
 Metaspace       used 99095K, committed 99904K, reserved 1179648K
  class space    used 13711K, committed 14080K, reserved 1048576K
}
Event: 7,890 GC heap before
{Heap before GC invocations=47 (full 0):
 garbage-first heap   total 184320K, used 140286K [0x00000006e0000000, 0x0000000800000000)
  region size 4096K, 12 young (49152K), 2 survivors (8192K)
 Metaspace       used 101951K, committed 102720K, reserved 1179648K
  class space    used 14181K, committed 14528K, reserved 1048576K
}
Event: 7,893 GC heap after
{Heap after GC invocations=48 (full 0):
 garbage-first heap   total 184320K, used 101365K [0x00000006e0000000, 0x0000000800000000)
  region size 4096K, 2 young (8192K), 2 survivors (8192K)
 Metaspace       used 101951K, committed 102720K, reserved 1179648K
  class space    used 14181K, committed 14528K, reserved 1048576K
}
Event: 8,206 GC heap before
{Heap before GC invocations=48 (full 0):
 garbage-first heap   total 184320K, used 146421K [0x00000006e0000000, 0x0000000800000000)
  region size 4096K, 13 young (53248K), 2 survivors (8192K)
 Metaspace       used 105365K, committed 106176K, reserved 1179648K
  class space    used 14602K, committed 14976K, reserved 1048576K
}
Event: 8,210 GC heap after
{Heap after GC invocations=49 (full 0):
 garbage-first heap   total 221184K, used 104931K [0x00000006e0000000, 0x0000000800000000)
  region size 4096K, 2 young (8192K), 2 survivors (8192K)
 Metaspace       used 105365K, committed 106176K, reserved 1179648K
  class space    used 14602K, committed 14976K, reserved 1048576K
}
Event: 8,645 GC heap before
{Heap before GC invocations=50 (full 0):
 garbage-first heap   total 221184K, used 170467K [0x00000006e0000000, 0x0000000800000000)
  region size 4096K, 19 young (77824K), 2 survivors (8192K)
 Metaspace       used 109624K, committed 110464K, reserved 1179648K
  class space    used 15091K, committed 15488K, reserved 1048576K
}
Event: 8,651 GC heap after
{Heap after GC invocations=51 (full 0):
 garbage-first heap   total 221184K, used 112907K [0x00000006e0000000, 0x0000000800000000)
  region size 4096K, 3 young (12288K), 3 survivors (12288K)
 Metaspace       used 109624K, committed 110464K, reserved 1179648K
  class space    used 15091K, committed 15488K, reserved 1048576K
}
Event: 8,886 GC heap before
{Heap before GC invocations=51 (full 0):
 garbage-first heap   total 221184K, used 174347K [0x00000006e0000000, 0x0000000800000000)
  region size 4096K, 18 young (73728K), 3 survivors (12288K)
 Metaspace       used 110793K, committed 111680K, reserved 1179648K
  class space    used 15314K, committed 15744K, reserved 1048576K
}
Event: 8,894 GC heap after
{Heap after GC invocations=52 (full 0):
 garbage-first heap   total 221184K, used 123023K [0x00000006e0000000, 0x0000000800000000)
  region size 4096K, 3 young (12288K), 3 survivors (12288K)
 Metaspace       used 110793K, committed 111680K, reserved 1179648K
  class space    used 15314K, committed 15744K, reserved 1048576K
}
Event: 8,997 GC heap before
{Heap before GC invocations=53 (full 0):
 garbage-first heap   total 262144K, used 172175K [0x00000006e0000000, 0x0000000800000000)
  region size 4096K, 15 young (61440K), 3 survivors (12288K)
 Metaspace       used 110877K, committed 111744K, reserved 1179648K
  class space    used 15318K, committed 15744K, reserved 1048576K
}
Event: 9,001 GC heap after
{Heap after GC invocations=54 (full 0):
 garbage-first heap   total 262144K, used 125010K [0x00000006e0000000, 0x0000000800000000)
  region size 4096K, 2 young (8192K), 2 survivors (8192K)
 Metaspace       used 110877K, committed 111744K, reserved 1179648K
  class space    used 15318K, committed 15744K, reserved 1048576K
}
Event: 9,196 GC heap before
{Heap before GC invocations=54 (full 0):
 garbage-first heap   total 262144K, used 202834K [0x00000006e0000000, 0x0000000800000000)
  region size 4096K, 21 young (86016K), 2 survivors (8192K)
 Metaspace       used 111638K, committed 112576K, reserved 1179648K
  class space    used 15389K, committed 15808K, reserved 1048576K
}
Event: 9,201 GC heap after
{Heap after GC invocations=55 (full 0):
 garbage-first heap   total 262144K, used 128634K [0x00000006e0000000, 0x0000000800000000)
  region size 4096K, 3 young (12288K), 3 survivors (12288K)
 Metaspace       used 111638K, committed 112576K, reserved 1179648K
  class space    used 15389K, committed 15808K, reserved 1048576K
}
Event: 9,409 GC heap before
{Heap before GC invocations=56 (full 0):
 garbage-first heap   total 274432K, used 202362K [0x00000006e0000000, 0x0000000800000000)
  region size 4096K, 21 young (86016K), 3 survivors (12288K)
 Metaspace       used 111956K, committed 112832K, reserved 1179648K
  class space    used 15412K, committed 15808K, reserved 1048576K
}
Event: 9,414 GC heap after
{Heap after GC invocations=57 (full 0):
 garbage-first heap   total 274432K, used 132853K [0x00000006e0000000, 0x0000000800000000)
  region size 4096K, 2 young (8192K), 2 survivors (8192K)
 Metaspace       used 111956K, committed 112832K, reserved 1179648K
  class space    used 15412K, committed 15808K, reserved 1048576K
}
Event: 9,589 GC heap before
{Heap before GC invocations=57 (full 0):
 garbage-first heap   total 274432K, used 214773K [0x00000006e0000000, 0x0000000800000000)
  region size 4096K, 23 young (94208K), 2 survivors (8192K)
 Metaspace       used 112108K, committed 112960K, reserved 1179648K
  class space    used 15414K, committed 15808K, reserved 1048576K
}
Event: 9,594 GC heap after
{Heap after GC invocations=58 (full 0):
 garbage-first heap   total 274432K, used 137147K [0x00000006e0000000, 0x0000000800000000)
  region size 4096K, 3 young (12288K), 3 survivors (12288K)
 Metaspace       used 112108K, committed 112960K, reserved 1179648K
  class space    used 15414K, committed 15808K, reserved 1048576K
}

