# JRE version: OpenJDK Runtime Environment (17.0.9) (build 17.0.9+0-17.0.9b1087.7-11185874)
# Java VM: OpenJDK 64-Bit Server VM (17.0.9+0-17.0.9b1087.7-11185874, mixed mode, tiered, compressed oops, compressed class ptrs, parallel gc, linux-amd64)
GC Precious Log:
 CPUs: 16 total, 12 available
 Memory: 13817M
 Large Page Support: Disabled
 NUMA Support: Disabled
 Compressed Oops: Enabled (Zero based)
 Alignments: Space 512K, Generation 512K, Heap 2M
 Heap Min Capacity: 8M
 Heap Initial Capacity: 216M
 Heap Max Capacity: 4608M
 Pre-touch: Disabled
 Parallel Workers: 10
Heap:
 PSYoungGen      total 507904K, used 94912K [0x00000007a0000000, 0x00000007cff80000, 0x0000000800000000)
  eden space 240640K, 0% used [0x00000007a0000000,0x00000007a0000000,0x00000007aeb00000)
  from space 267264K, 35% used [0x00000007aeb00000,0x00000007b47b0088,0x00000007bf000000)
  to   space 250880K, 0% used [0x00000007c0a80000,0x00000007c0a80000,0x00000007cff80000)
 ParOldGen       total 692736K, used 683371K [0x00000006e0000000, 0x000000070a480000, 0x00000007a0000000)
  object space 692736K, 98% used [0x00000006e0000000,0x0000000709b5ada0,0x000000070a480000)
 Metaspace       used 162288K, committed 163904K, reserved 1048576K
  class space    used 21713K, committed 22528K, reserved 851968K
GC Heap History (20 events):
Event: 935,890 GC heap after
{Heap after GC invocations=33 (full 5):
 PSYoungGen      total 269312K, used 77700K [0x00000007a0000000, 0x00000007b8880000, 0x0000000800000000)
  eden space 189952K, 0% used [0x00000007a0000000,0x00000007a0000000,0x00000007ab980000)
  from space 79360K, 97% used [0x00000007b1300000,0x00000007b5ee10e8,0x00000007b6080000)
  to   space 91648K, 0% used [0x00000007ab980000,0x00000007ab980000,0x00000007b1300000)
 ParOldGen       total 270848K, used 196129K [0x00000006e0000000, 0x00000006f0880000, 0x00000007a0000000)
  object space 270848K, 72% used [0x00000006e0000000,0x00000006ebf887d0,0x00000006f0880000)
 Metaspace       used 151618K, committed 153280K, reserved 1048576K
  class space    used 20087K, committed 20928K, reserved 851968K
}
Event: 936,465 GC heap before
{Heap before GC invocations=34 (full 5):
 PSYoungGen      total 269312K, used 265952K [0x00000007a0000000, 0x00000007b8880000, 0x0000000800000000)
  eden space 189952K, 99% used [0x00000007a0000000,0x00000007ab7d6f68,0x00000007ab980000)
  from space 79360K, 97% used [0x00000007b1300000,0x00000007b5ee10e8,0x00000007b6080000)
  to   space 91648K, 0% used [0x00000007ab980000,0x00000007ab980000,0x00000007b1300000)
 ParOldGen       total 270848K, used 196129K [0x00000006e0000000, 0x00000006f0880000, 0x00000007a0000000)
  object space 270848K, 72% used [0x00000006e0000000,0x00000006ebf887d0,0x00000006f0880000)
 Metaspace       used 153014K, committed 154688K, reserved 1048576K
  class space    used 20228K, committed 21056K, reserved 851968K
}
Event: 936,521 GC heap after
{Heap after GC invocations=34 (full 5):
 PSYoungGen      total 281600K, used 91647K [0x00000007a0000000, 0x00000007bc600000, 0x0000000800000000)
  eden space 189952K, 0% used [0x00000007a0000000,0x00000007a0000000,0x00000007ab980000)
  from space 91648K, 99% used [0x00000007ab980000,0x00000007b12ffcb8,0x00000007b1300000)
  to   space 126464K, 0% used [0x00000007b4a80000,0x00000007b4a80000,0x00000007bc600000)
 ParOldGen       total 270848K, used 250160K [0x00000006e0000000, 0x00000006f0880000, 0x00000007a0000000)
  object space 270848K, 92% used [0x00000006e0000000,0x00000006ef44c1a0,0x00000006f0880000)
 Metaspace       used 153014K, committed 154688K, reserved 1048576K
  class space    used 20228K, committed 21056K, reserved 851968K
}
Event: 936,521 GC heap before
{Heap before GC invocations=35 (full 6):
 PSYoungGen      total 281600K, used 91647K [0x00000007a0000000, 0x00000007bc600000, 0x0000000800000000)
  eden space 189952K, 0% used [0x00000007a0000000,0x00000007a0000000,0x00000007ab980000)
  from space 91648K, 99% used [0x00000007ab980000,0x00000007b12ffcb8,0x00000007b1300000)
  to   space 126464K, 0% used [0x00000007b4a80000,0x00000007b4a80000,0x00000007bc600000)
 ParOldGen       total 270848K, used 250160K [0x00000006e0000000, 0x00000006f0880000, 0x00000007a0000000)
  object space 270848K, 92% used [0x00000006e0000000,0x00000006ef44c1a0,0x00000006f0880000)
 Metaspace       used 153014K, committed 154688K, reserved 1048576K
  class space    used 20228K, committed 21056K, reserved 851968K
}
Event: 936,663 GC heap after
{Heap after GC invocations=35 (full 6):
 PSYoungGen      total 281600K, used 12125K [0x00000007a0000000, 0x00000007bcf80000, 0x0000000800000000)
  eden space 189952K, 0% used [0x00000007a0000000,0x00000007a0000000,0x00000007ab980000)
  from space 91648K, 13% used [0x00000007ab980000,0x00000007ac5574d0,0x00000007b1300000)
  to   space 126464K, 0% used [0x00000007b5400000,0x00000007b5400000,0x00000007bcf80000)
 ParOldGen       total 451072K, used 268613K [0x00000006e0000000, 0x00000006fb880000, 0x00000007a0000000)
  object space 451072K, 59% used [0x00000006e0000000,0x00000006f0651470,0x00000006fb880000)
 Metaspace       used 153014K, committed 154688K, reserved 1048576K
  class space    used 20228K, committed 21056K, reserved 851968K
}
Event: 937,015 GC heap before
{Heap before GC invocations=36 (full 6):
 PSYoungGen      total 281600K, used 196934K [0x00000007a0000000, 0x00000007bcf80000, 0x0000000800000000)
  eden space 189952K, 97% used [0x00000007a0000000,0x00000007ab47a568,0x00000007ab980000)
  from space 91648K, 13% used [0x00000007ab980000,0x00000007ac5574d0,0x00000007b1300000)
  to   space 126464K, 0% used [0x00000007b5400000,0x00000007b5400000,0x00000007bcf80000)
 ParOldGen       total 451072K, used 268613K [0x00000006e0000000, 0x00000006fb880000, 0x00000007a0000000)
  object space 451072K, 59% used [0x00000006e0000000,0x00000006f0651470,0x00000006fb880000)
 Metaspace       used 157787K, committed 159424K, reserved 1048576K
  class space    used 20911K, committed 21696K, reserved 851968K
}
Event: 937,038 GC heap after
{Heap after GC invocations=36 (full 6):
 PSYoungGen      total 344064K, used 61680K [0x00000007a0000000, 0x00000007bcb00000, 0x0000000800000000)
  eden space 222208K, 0% used [0x00000007a0000000,0x00000007a0000000,0x00000007ad900000)
  from space 121856K, 50% used [0x00000007b5400000,0x00000007b903c148,0x00000007bcb00000)
  to   space 123904K, 0% used [0x00000007ad900000,0x00000007ad900000,0x00000007b5200000)
 ParOldGen       total 451072K, used 269117K [0x00000006e0000000, 0x00000006fb880000, 0x00000007a0000000)
  object space 451072K, 59% used [0x00000006e0000000,0x00000006f06cf470,0x00000006fb880000)
 Metaspace       used 157787K, committed 159424K, reserved 1048576K
  class space    used 20911K, committed 21696K, reserved 851968K
}
Event: 937,283 GC heap before
{Heap before GC invocations=37 (full 6):
 PSYoungGen      total 344064K, used 283888K [0x00000007a0000000, 0x00000007bcb00000, 0x0000000800000000)
  eden space 222208K, 100% used [0x00000007a0000000,0x00000007ad900000,0x00000007ad900000)
  from space 121856K, 50% used [0x00000007b5400000,0x00000007b903c148,0x00000007bcb00000)
  to   space 123904K, 0% used [0x00000007ad900000,0x00000007ad900000,0x00000007b5200000)
 ParOldGen       total 451072K, used 269117K [0x00000006e0000000, 0x00000006fb880000, 0x00000007a0000000)
  object space 451072K, 59% used [0x00000006e0000000,0x00000006f06cf470,0x00000006fb880000)
 Metaspace       used 158147K, committed 159808K, reserved 1048576K
  class space    used 20962K, committed 21760K, reserved 851968K
}
Event: 937,310 GC heap after
{Heap after GC invocations=37 (full 6):
 PSYoungGen      total 346112K, used 123897K [0x00000007a0000000, 0x00000007c2a80000, 0x0000000800000000)
  eden space 222208K, 0% used [0x00000007a0000000,0x00000007a0000000,0x00000007ad900000)
  from space 123904K, 99% used [0x00000007ad900000,0x00000007b51fe660,0x00000007b5200000)
  to   space 151552K, 0% used [0x00000007b9680000,0x00000007b9680000,0x00000007c2a80000)
 ParOldGen       total 451072K, used 288784K [0x00000006e0000000, 0x00000006fb880000, 0x00000007a0000000)
  object space 451072K, 64% used [0x00000006e0000000,0x00000006f1a043c0,0x00000006fb880000)
 Metaspace       used 158147K, committed 159808K, reserved 1048576K
  class space    used 20962K, committed 21760K, reserved 851968K
}
Event: 937,866 GC heap before
{Heap before GC invocations=38 (full 6):
 PSYoungGen      total 346112K, used 346105K [0x00000007a0000000, 0x00000007c2a80000, 0x0000000800000000)
  eden space 222208K, 100% used [0x00000007a0000000,0x00000007ad900000,0x00000007ad900000)
  from space 123904K, 99% used [0x00000007ad900000,0x00000007b51fe660,0x00000007b5200000)
  to   space 151552K, 0% used [0x00000007b9680000,0x00000007b9680000,0x00000007c2a80000)
 ParOldGen       total 451072K, used 288784K [0x00000006e0000000, 0x00000006fb880000, 0x00000007a0000000)
  object space 451072K, 64% used [0x00000006e0000000,0x00000006f1a043c0,0x00000006fb880000)
 Metaspace       used 160836K, committed 162432K, reserved 1048576K
  class space    used 21576K, committed 22336K, reserved 851968K
}
Event: 937,941 GC heap after
{Heap after GC invocations=38 (full 6):
 PSYoungGen      total 374784K, used 151548K [0x00000007a0000000, 0x00000007c7f80000, 0x0000000800000000)
  eden space 223232K, 0% used [0x00000007a0000000,0x00000007a0000000,0x00000007ada00000)
  from space 151552K, 99% used [0x00000007b9680000,0x00000007c2a7f2b0,0x00000007c2a80000)
  to   space 193024K, 0% used [0x00000007ada00000,0x00000007ada00000,0x00000007b9680000)
 ParOldGen       total 451072K, used 331724K [0x00000006e0000000, 0x00000006fb880000, 0x00000007a0000000)
  object space 451072K, 73% used [0x00000006e0000000,0x00000006f43f3298,0x00000006fb880000)
 Metaspace       used 160836K, committed 162432K, reserved 1048576K
  class space    used 21576K, committed 22336K, reserved 851968K
}
Event: 938,159 GC heap before
{Heap before GC invocations=39 (full 6):
 PSYoungGen      total 374784K, used 374780K [0x00000007a0000000, 0x00000007c7f80000, 0x0000000800000000)
  eden space 223232K, 100% used [0x00000007a0000000,0x00000007ada00000,0x00000007ada00000)
  from space 151552K, 99% used [0x00000007b9680000,0x00000007c2a7f2b0,0x00000007c2a80000)
  to   space 193024K, 0% used [0x00000007ada00000,0x00000007ada00000,0x00000007b9680000)
 ParOldGen       total 451072K, used 331724K [0x00000006e0000000, 0x00000006fb880000, 0x00000007a0000000)
  object space 451072K, 73% used [0x00000006e0000000,0x00000006f43f3298,0x00000006fb880000)
 Metaspace       used 161691K, committed 163328K, reserved 1048576K
  class space    used 21655K, committed 22464K, reserved 851968K
}
Event: 938,244 GC heap after
{Heap after GC invocations=39 (full 6):
 PSYoungGen      total 416256K, used 193001K [0x00000007a0000000, 0x00000007ced80000, 0x0000000800000000)
  eden space 223232K, 0% used [0x00000007a0000000,0x00000007a0000000,0x00000007ada00000)
  from space 193024K, 99% used [0x00000007ada00000,0x00000007b967a6f0,0x00000007b9680000)
  to   space 249856K, 0% used [0x00000007bf980000,0x00000007bf980000,0x00000007ced80000)
 ParOldGen       total 451072K, used 397744K [0x00000006e0000000, 0x00000006fb880000, 0x00000007a0000000)
  object space 451072K, 88% used [0x00000006e0000000,0x00000006f846c0d0,0x00000006fb880000)
 Metaspace       used 161691K, committed 163328K, reserved 1048576K
  class space    used 21655K, committed 22464K, reserved 851968K
}
Event: 938,244 GC heap before
{Heap before GC invocations=40 (full 7):
 PSYoungGen      total 416256K, used 193001K [0x00000007a0000000, 0x00000007ced80000, 0x0000000800000000)
  eden space 223232K, 0% used [0x00000007a0000000,0x00000007a0000000,0x00000007ada00000)
  from space 193024K, 99% used [0x00000007ada00000,0x00000007b967a6f0,0x00000007b9680000)
  to   space 249856K, 0% used [0x00000007bf980000,0x00000007bf980000,0x00000007ced80000)
 ParOldGen       total 451072K, used 397744K [0x00000006e0000000, 0x00000006fb880000, 0x00000007a0000000)
  object space 451072K, 88% used [0x00000006e0000000,0x00000006f846c0d0,0x00000006fb880000)
 Metaspace       used 161691K, committed 163328K, reserved 1048576K
  class space    used 21655K, committed 22464K, reserved 851968K
}
Event: 938,565 GC heap after
{Heap after GC invocations=40 (full 7):
 PSYoungGen      total 416256K, used 128184K [0x00000007a0000000, 0x00000007ce400000, 0x0000000800000000)
  eden space 223232K, 0% used [0x00000007a0000000,0x00000007a0000000,0x00000007ada00000)
  from space 193024K, 66% used [0x00000007ada00000,0x00000007b572e380,0x00000007b9680000)
  to   space 249856K, 0% used [0x00000007bf000000,0x00000007bf000000,0x00000007ce400000)
 ParOldGen       total 692736K, used 450837K [0x00000006e0000000, 0x000000070a480000, 0x00000007a0000000)
  object space 692736K, 65% used [0x00000006e0000000,0x00000006fb845698,0x000000070a480000)
 Metaspace       used 161686K, committed 163328K, reserved 1048576K
  class space    used 21653K, committed 22464K, reserved 851968K
}
Event: 938,698 GC heap before
{Heap before GC invocations=41 (full 7):
 PSYoungGen      total 416256K, used 351416K [0x00000007a0000000, 0x00000007ce400000, 0x0000000800000000)
  eden space 223232K, 100% used [0x00000007a0000000,0x00000007ada00000,0x00000007ada00000)
  from space 193024K, 66% used [0x00000007ada00000,0x00000007b572e380,0x00000007b9680000)
  to   space 249856K, 0% used [0x00000007bf000000,0x00000007bf000000,0x00000007ce400000)
 ParOldGen       total 692736K, used 450837K [0x00000006e0000000, 0x000000070a480000, 0x00000007a0000000)
  object space 692736K, 65% used [0x00000006e0000000,0x00000006fb845698,0x000000070a480000)
 Metaspace       used 161841K, committed 163456K, reserved 1048576K
  class space    used 21679K, committed 22464K, reserved 851968K
}
Event: 938,794 GC heap after
{Heap after GC invocations=41 (full 7):
 PSYoungGen      total 490496K, used 179537K [0x00000007a0000000, 0x00000007d0700000, 0x0000000800000000)
  eden space 240640K, 0% used [0x00000007a0000000,0x00000007a0000000,0x00000007aeb00000)
  from space 249856K, 71% used [0x00000007bf000000,0x00000007c9f546d0,0x00000007ce400000)
  to   space 267264K, 0% used [0x00000007aeb00000,0x00000007aeb00000,0x00000007bf000000)
 ParOldGen       total 692736K, used 505075K [0x00000006e0000000, 0x000000070a480000, 0x00000007a0000000)
  object space 692736K, 72% used [0x00000006e0000000,0x00000006fed3cca8,0x000000070a480000)
 Metaspace       used 161841K, committed 163456K, reserved 1048576K
  class space    used 21679K, committed 22464K, reserved 851968K
}
Event: 939,036 GC heap before
{Heap before GC invocations=42 (full 7):
 PSYoungGen      total 490496K, used 420177K [0x00000007a0000000, 0x00000007d0700000, 0x0000000800000000)
  eden space 240640K, 100% used [0x00000007a0000000,0x00000007aeb00000,0x00000007aeb00000)
  from space 249856K, 71% used [0x00000007bf000000,0x00000007c9f546d0,0x00000007ce400000)
  to   space 267264K, 0% used [0x00000007aeb00000,0x00000007aeb00000,0x00000007bf000000)
 ParOldGen       total 692736K, used 505075K [0x00000006e0000000, 0x000000070a480000, 0x00000007a0000000)
  object space 692736K, 72% used [0x00000006e0000000,0x00000006fed3cca8,0x000000070a480000)
 Metaspace       used 162288K, committed 163904K, reserved 1048576K
  class space    used 21713K, committed 22528K, reserved 851968K
}
Event: 939,170 GC heap after
{Heap after GC invocations=42 (full 7):
 PSYoungGen      total 507904K, used 94912K [0x00000007a0000000, 0x00000007cff80000, 0x0000000800000000)
  eden space 240640K, 0% used [0x00000007a0000000,0x00000007a0000000,0x00000007aeb00000)
  from space 267264K, 35% used [0x00000007aeb00000,0x00000007b47b0088,0x00000007bf000000)
  to   space 250880K, 0% used [0x00000007c0a80000,0x00000007c0a80000,0x00000007cff80000)
 ParOldGen       total 692736K, used 683371K [0x00000006e0000000, 0x000000070a480000, 0x00000007a0000000)
  object space 692736K, 98% used [0x00000006e0000000,0x0000000709b5ada0,0x000000070a480000)
 Metaspace       used 162288K, committed 163904K, reserved 1048576K
  class space    used 21713K, committed 22528K, reserved 851968K
}
Event: 939,170 GC heap before
{Heap before GC invocations=43 (full 8):
 PSYoungGen      total 507904K, used 94912K [0x00000007a0000000, 0x00000007cff80000, 0x0000000800000000)
  eden space 240640K, 0% used [0x00000007a0000000,0x00000007a0000000,0x00000007aeb00000)
  from space 267264K, 35% used [0x00000007aeb00000,0x00000007b47b0088,0x00000007bf000000)
  to   space 250880K, 0% used [0x00000007c0a80000,0x00000007c0a80000,0x00000007cff80000)
 ParOldGen       total 692736K, used 683371K [0x00000006e0000000, 0x000000070a480000, 0x00000007a0000000)
  object space 692736K, 98% used [0x00000006e0000000,0x0000000709b5ada0,0x000000070a480000)
 Metaspace       used 162288K, committed 163904K, reserved 1048576K
  class space    used 21713K, committed 22528K, reserved 851968K
}

