# JRE version: OpenJDK Runtime Environment (17.0.9) (build 17.0.9+0-17.0.9b1087.7-11185874)
# Java VM: OpenJDK 64-Bit Server VM (17.0.9+0-17.0.9b1087.7-11185874, mixed mode, tiered, compressed oops, compressed class ptrs, g1 gc, linux-amd64)
GC Precious Log:
 CPUs: 16 total, 12 available
 Memory: 13817M
 Large Page Support: Disabled
 NUMA Support: Disabled
 Compressed Oops: Enabled (Zero based)
 Heap Region Size: 4M
 Heap Min Capacity: 8M
 Heap Initial Capacity: 216M
 Heap Max Capacity: 4608M
 Pre-touch: Disabled
 Parallel Workers: 10
 Concurrent Workers: 3
 Concurrent Refinement Workers: 10
 Periodic GC: Disabled
Heap:
 garbage-first heap   total 348160K, used 278120K [0x00000006e0000000, 0x0000000800000000)
  region size 4096K, 30 young (122880K), 3 survivors (12288K)
 Metaspace       used 139873K, committed 140800K, reserved 1179648K
  class space    used 18694K, committed 19136K, reserved 1048576K
GC Heap History (20 events):
Event: 11,669 GC heap after
{Heap after GC invocations=49 (full 0):
 garbage-first heap   total 208896K, used 116710K [0x00000006e0000000, 0x0000000800000000)
  region size 4096K, 2 young (8192K), 2 survivors (8192K)
 Metaspace       used 114787K, committed 115584K, reserved 1179648K
  class space    used 15701K, committed 16064K, reserved 1048576K
}
Event: 11,752 GC heap before
{Heap before GC invocations=49 (full 0):
 garbage-first heap   total 208896K, used 165862K [0x00000006e0000000, 0x0000000800000000)
  region size 4096K, 14 young (57344K), 2 survivors (8192K)
 Metaspace       used 115454K, committed 116288K, reserved 1179648K
  class space    used 15884K, committed 16256K, reserved 1048576K
}
Event: 11,757 GC heap after
{Heap after GC invocations=50 (full 0):
 garbage-first heap   total 208896K, used 122336K [0x00000006e0000000, 0x0000000800000000)
  region size 4096K, 2 young (8192K), 2 survivors (8192K)
 Metaspace       used 115454K, committed 116288K, reserved 1179648K
  class space    used 15884K, committed 16256K, reserved 1048576K
}
Event: 11,849 GC heap before
{Heap before GC invocations=51 (full 0):
 garbage-first heap   total 253952K, used 163296K [0x00000006e0000000, 0x0000000800000000)
  region size 4096K, 12 young (49152K), 2 survivors (8192K)
 Metaspace       used 115527K, committed 116352K, reserved 1179648K
  class space    used 15885K, committed 16256K, reserved 1048576K
}
Event: 11,853 GC heap after
{Heap after GC invocations=52 (full 0):
 garbage-first heap   total 253952K, used 124132K [0x00000006e0000000, 0x0000000800000000)
  region size 4096K, 1 young (4096K), 1 survivors (4096K)
 Metaspace       used 115527K, committed 116352K, reserved 1179648K
  class space    used 15885K, committed 16256K, reserved 1048576K
}
Event: 12,109 GC heap before
{Heap before GC invocations=52 (full 0):
 garbage-first heap   total 253952K, used 201956K [0x00000006e0000000, 0x0000000800000000)
  region size 4096K, 20 young (81920K), 1 survivors (4096K)
 Metaspace       used 116655K, committed 117568K, reserved 1179648K
  class space    used 16029K, committed 16448K, reserved 1048576K
}
Event: 12,114 GC heap after
{Heap after GC invocations=53 (full 0):
 garbage-first heap   total 348160K, used 128978K [0x00000006e0000000, 0x0000000800000000)
  region size 4096K, 3 young (12288K), 3 survivors (12288K)
 Metaspace       used 116655K, committed 117568K, reserved 1179648K
  class space    used 16029K, committed 16448K, reserved 1048576K
}
Event: 12,799 GC heap before
{Heap before GC invocations=54 (full 0):
 garbage-first heap   total 348160K, used 276434K [0x00000006e0000000, 0x0000000800000000)
  region size 4096K, 37 young (151552K), 3 survivors (12288K)
 Metaspace       used 121042K, committed 121984K, reserved 1179648K
  class space    used 16501K, committed 16960K, reserved 1048576K
}
Event: 12,805 GC heap after
{Heap after GC invocations=55 (full 0):
 garbage-first heap   total 348160K, used 132429K [0x00000006e0000000, 0x0000000800000000)
  region size 4096K, 3 young (12288K), 3 survivors (12288K)
 Metaspace       used 121042K, committed 121984K, reserved 1179648K
  class space    used 16501K, committed 16960K, reserved 1048576K
}
Event: 13,319 GC heap before
{Heap before GC invocations=55 (full 0):
 garbage-first heap   total 348160K, used 275789K [0x00000006e0000000, 0x0000000800000000)
  region size 4096K, 39 young (159744K), 3 survivors (12288K)
 Metaspace       used 123516K, committed 124480K, reserved 1179648K
  class space    used 16765K, committed 17216K, reserved 1048576K
}
Event: 13,328 GC heap after
{Heap after GC invocations=56 (full 0):
 garbage-first heap   total 348160K, used 141312K [0x00000006e0000000, 0x0000000800000000)
  region size 4096K, 5 young (20480K), 5 survivors (20480K)
 Metaspace       used 123516K, committed 124480K, reserved 1179648K
  class space    used 16765K, committed 17216K, reserved 1048576K
}
Event: 14,701 GC heap before
{Heap before GC invocations=56 (full 0):
 garbage-first heap   total 348160K, used 276480K [0x00000006e0000000, 0x0000000800000000)
  region size 4096K, 39 young (159744K), 5 survivors (20480K)
 Metaspace       used 125672K, committed 126592K, reserved 1179648K
  class space    used 16996K, committed 17408K, reserved 1048576K
}
Event: 14,711 GC heap after
{Heap after GC invocations=57 (full 0):
 garbage-first heap   total 348160K, used 149948K [0x00000006e0000000, 0x0000000800000000)
  region size 4096K, 4 young (16384K), 4 survivors (16384K)
 Metaspace       used 125672K, committed 126592K, reserved 1179648K
  class space    used 16996K, committed 17408K, reserved 1048576K
}
Event: 14,986 GC heap before
{Heap before GC invocations=57 (full 0):
 garbage-first heap   total 348160K, used 272828K [0x00000006e0000000, 0x0000000800000000)
  region size 4096K, 35 young (143360K), 4 survivors (16384K)
 Metaspace       used 126882K, committed 127872K, reserved 1179648K
  class space    used 17128K, committed 17600K, reserved 1048576K
}
Event: 14,993 GC heap after
{Heap after GC invocations=58 (full 0):
 garbage-first heap   total 348160K, used 154629K [0x00000006e0000000, 0x0000000800000000)
  region size 4096K, 3 young (12288K), 3 survivors (12288K)
 Metaspace       used 126882K, committed 127872K, reserved 1179648K
  class space    used 17128K, committed 17600K, reserved 1048576K
}
Event: 15,637 GC heap before
{Heap before GC invocations=58 (full 0):
 garbage-first heap   total 348160K, used 273413K [0x00000006e0000000, 0x0000000800000000)
  region size 4096K, 33 young (135168K), 3 survivors (12288K)
 Metaspace       used 129833K, committed 130816K, reserved 1179648K
  class space    used 17475K, committed 17984K, reserved 1048576K
}
Event: 15,643 GC heap after
{Heap after GC invocations=59 (full 0):
 garbage-first heap   total 348160K, used 157092K [0x00000006e0000000, 0x0000000800000000)
  region size 4096K, 3 young (12288K), 3 survivors (12288K)
 Metaspace       used 129833K, committed 130816K, reserved 1179648K
  class space    used 17475K, committed 17984K, reserved 1048576K
}
Event: 20,851 GC heap before
{Heap before GC invocations=59 (full 0):
 garbage-first heap   total 348160K, used 279972K [0x00000006e0000000, 0x0000000800000000)
  region size 4096K, 34 young (139264K), 3 survivors (12288K)
 Metaspace       used 131648K, committed 132672K, reserved 1179648K
  class space    used 17754K, committed 18240K, reserved 1048576K
}
Event: 20,860 GC heap after
{Heap after GC invocations=60 (full 0):
 garbage-first heap   total 348160K, used 167642K [0x00000006e0000000, 0x0000000800000000)
  region size 4096K, 5 young (20480K), 5 survivors (20480K)
 Metaspace       used 131648K, committed 132672K, reserved 1179648K
  class space    used 17754K, committed 18240K, reserved 1048576K
}
Event: 21,406 GC heap before
{Heap before GC invocations=60 (full 0):
 garbage-first heap   total 348160K, used 274138K [0x00000006e0000000, 0x0000000800000000)
  region size 4096K, 32 young (131072K), 5 survivors (20480K)
 Metaspace       used 139873K, committed 140800K, reserved 1179648K
  class space    used 18694K, committed 19136K, reserved 1048576K
}

