# JRE version: OpenJDK Runtime Environment (17.0.9) (build 17.0.9+0-17.0.9b1087.7-11185874)
# Java VM: OpenJDK 64-Bit Server VM (17.0.9+0-17.0.9b1087.7-11185874, mixed mode, tiered, compressed oops, compressed class ptrs, g1 gc, linux-amd64)
GC Precious Log:
 CPUs: 16 total, 12 available
 Memory: 13817M
 Large Page Support: Disabled
 NUMA Support: Disabled
 Compressed Oops: Enabled (Zero based)
 Heap Region Size: 4M
 Heap Min Capacity: 8M
 Heap Initial Capacity: 216M
 Heap Max Capacity: 4608M
 Pre-touch: Disabled
 Parallel Workers: 10
 Concurrent Workers: 3
 Concurrent Refinement Workers: 10
 Periodic GC: Disabled
Heap:
 garbage-first heap   total 208896K, used 162909K [0x00000006e0000000, 0x0000000800000000)
  region size 4096K, 20 young (81920K), 3 survivors (12288K)
 Metaspace       used 99574K, committed 100352K, reserved 1179648K
  class space    used 13729K, committed 14080K, reserved 1048576K
GC Heap History (20 events):
Event: 4,216 GC heap after
{Heap after GC invocations=23 (full 0):
 garbage-first heap   total 122880K, used 65921K [0x00000006e0000000, 0x0000000800000000)
  region size 4096K, 2 young (8192K), 2 survivors (8192K)
 Metaspace       used 68658K, committed 69248K, reserved 1114112K
  class space    used 9318K, committed 9600K, reserved 1048576K
}
Event: 4,389 GC heap before
{Heap before GC invocations=24 (full 0):
 garbage-first heap   total 131072K, used 94593K [0x00000006e0000000, 0x0000000800000000)
  region size 4096K, 9 young (36864K), 2 survivors (8192K)
 Metaspace       used 70722K, committed 71360K, reserved 1114112K
  class space    used 9609K, committed 9920K, reserved 1048576K
}
Event: 4,392 GC heap after
{Heap after GC invocations=25 (full 0):
 garbage-first heap   total 131072K, used 67410K [0x00000006e0000000, 0x0000000800000000)
  region size 4096K, 2 young (8192K), 2 survivors (8192K)
 Metaspace       used 70722K, committed 71360K, reserved 1114112K
  class space    used 9609K, committed 9920K, reserved 1048576K
}
Event: 4,417 GC heap before
{Heap before GC invocations=25 (full 0):
 garbage-first heap   total 131072K, used 71506K [0x00000006e0000000, 0x0000000800000000)
  region size 4096K, 3 young (12288K), 2 survivors (8192K)
 Metaspace       used 71033K, committed 71616K, reserved 1114112K
  class space    used 9651K, committed 9920K, reserved 1048576K
}
Event: 4,420 GC heap after
{Heap after GC invocations=26 (full 0):
 garbage-first heap   total 159744K, used 67183K [0x00000006e0000000, 0x0000000800000000)
  region size 4096K, 1 young (4096K), 1 survivors (4096K)
 Metaspace       used 71033K, committed 71616K, reserved 1114112K
  class space    used 9651K, committed 9920K, reserved 1048576K
}
Event: 4,800 GC heap before
{Heap before GC invocations=26 (full 0):
 garbage-first heap   total 159744K, used 128623K [0x00000006e0000000, 0x0000000800000000)
  region size 4096K, 15 young (61440K), 1 survivors (4096K)
 Metaspace       used 76445K, committed 76992K, reserved 1179648K
  class space    used 10411K, committed 10688K, reserved 1048576K
}
Event: 4,802 GC heap after
{Heap after GC invocations=27 (full 0):
 garbage-first heap   total 159744K, used 73809K [0x00000006e0000000, 0x0000000800000000)
  region size 4096K, 2 young (8192K), 2 survivors (8192K)
 Metaspace       used 76445K, committed 76992K, reserved 1179648K
  class space    used 10411K, committed 10688K, reserved 1048576K
}
Event: 5,075 GC heap before
{Heap before GC invocations=27 (full 0):
 garbage-first heap   total 159744K, used 122961K [0x00000006e0000000, 0x0000000800000000)
  region size 4096K, 14 young (57344K), 2 survivors (8192K)
 Metaspace       used 81164K, committed 81792K, reserved 1179648K
  class space    used 11045K, committed 11328K, reserved 1048576K
}
Event: 5,079 GC heap after
{Heap after GC invocations=28 (full 0):
 garbage-first heap   total 159744K, used 76159K [0x00000006e0000000, 0x0000000800000000)
  region size 4096K, 2 young (8192K), 2 survivors (8192K)
 Metaspace       used 81164K, committed 81792K, reserved 1179648K
  class space    used 11045K, committed 11328K, reserved 1048576K
}
Event: 5,333 GC heap before
{Heap before GC invocations=28 (full 0):
 garbage-first heap   total 159744K, used 121215K [0x00000006e0000000, 0x0000000800000000)
  region size 4096K, 14 young (57344K), 2 survivors (8192K)
 Metaspace       used 83725K, committed 84352K, reserved 1179648K
  class space    used 11331K, committed 11648K, reserved 1048576K
}
Event: 5,337 GC heap after
{Heap after GC invocations=29 (full 0):
 garbage-first heap   total 159744K, used 80522K [0x00000006e0000000, 0x0000000800000000)
  region size 4096K, 2 young (8192K), 2 survivors (8192K)
 Metaspace       used 83725K, committed 84352K, reserved 1179648K
  class space    used 11331K, committed 11648K, reserved 1048576K
}
Event: 5,592 GC heap before
{Heap before GC invocations=29 (full 0):
 garbage-first heap   total 159744K, used 129674K [0x00000006e0000000, 0x0000000800000000)
  region size 4096K, 14 young (57344K), 2 survivors (8192K)
 Metaspace       used 85606K, committed 86208K, reserved 1179648K
  class space    used 11570K, committed 11840K, reserved 1048576K
}
Event: 5,596 GC heap after
{Heap after GC invocations=30 (full 0):
 garbage-first heap   total 159744K, used 84449K [0x00000006e0000000, 0x0000000800000000)
  region size 4096K, 2 young (8192K), 2 survivors (8192K)
 Metaspace       used 85606K, committed 86208K, reserved 1179648K
  class space    used 11570K, committed 11840K, reserved 1048576K
}
Event: 5,761 GC heap before
{Heap before GC invocations=30 (full 0):
 garbage-first heap   total 159744K, used 125409K [0x00000006e0000000, 0x0000000800000000)
  region size 4096K, 12 young (49152K), 2 survivors (8192K)
 Metaspace       used 86424K, committed 87104K, reserved 1179648K
  class space    used 11663K, committed 11968K, reserved 1048576K
}
Event: 5,764 GC heap after
{Heap after GC invocations=31 (full 0):
 garbage-first heap   total 208896K, used 87570K [0x00000006e0000000, 0x0000000800000000)
  region size 4096K, 2 young (8192K), 2 survivors (8192K)
 Metaspace       used 86424K, committed 87104K, reserved 1179648K
  class space    used 11663K, committed 11968K, reserved 1048576K
}
Event: 6,216 GC heap before
{Heap before GC invocations=32 (full 0):
 garbage-first heap   total 208896K, used 161298K [0x00000006e0000000, 0x0000000800000000)
  region size 4096K, 20 young (81920K), 2 survivors (8192K)
 Metaspace       used 91945K, committed 92672K, reserved 1179648K
  class space    used 12542K, committed 12864K, reserved 1048576K
}
Event: 6,220 GC heap after
{Heap after GC invocations=33 (full 0):
 garbage-first heap   total 208896K, used 90166K [0x00000006e0000000, 0x0000000800000000)
  region size 4096K, 2 young (8192K), 2 survivors (8192K)
 Metaspace       used 91945K, committed 92672K, reserved 1179648K
  class space    used 12542K, committed 12864K, reserved 1048576K
}
Event: 6,663 GC heap before
{Heap before GC invocations=33 (full 0):
 garbage-first heap   total 208896K, used 163894K [0x00000006e0000000, 0x0000000800000000)
  region size 4096K, 20 young (81920K), 2 survivors (8192K)
 Metaspace       used 96992K, committed 97728K, reserved 1179648K
  class space    used 13370K, committed 13696K, reserved 1048576K
}
Event: 6,667 GC heap after
{Heap after GC invocations=34 (full 0):
 garbage-first heap   total 208896K, used 93277K [0x00000006e0000000, 0x0000000800000000)
  region size 4096K, 3 young (12288K), 3 survivors (12288K)
 Metaspace       used 96992K, committed 97728K, reserved 1179648K
  class space    used 13370K, committed 13696K, reserved 1048576K
}
Event: 7,018 GC heap before
{Heap before GC invocations=34 (full 0):
 garbage-first heap   total 208896K, used 162909K [0x00000006e0000000, 0x0000000800000000)
  region size 4096K, 20 young (81920K), 3 survivors (12288K)
 Metaspace       used 99574K, committed 100352K, reserved 1179648K
  class space    used 13729K, committed 14080K, reserved 1048576K
}

