# JRE version: OpenJDK Runtime Environment (17.0.9) (build 17.0.9+0-17.0.9b1087.7-11185874)
# Java VM: OpenJDK 64-Bit Server VM (17.0.9+0-17.0.9b1087.7-11185874, mixed mode, tiered, compressed oops, compressed class ptrs, g1 gc, linux-amd64)
GC Precious Log:
 CPUs: 16 total, 12 available
 Memory: 13817M
 Large Page Support: Disabled
 NUMA Support: Disabled
 Compressed Oops: Enabled (Zero based)
 Heap Region Size: 4M
 Heap Min Capacity: 8M
 Heap Initial Capacity: 216M
 Heap Max Capacity: 4608M
 Pre-touch: Disabled
 Parallel Workers: 10
 Concurrent Workers: 3
 Concurrent Refinement Workers: 10
 Periodic GC: Disabled
Heap:
 garbage-first heap   total 1085440K, used 839680K [0x00000006e0000000, 0x0000000800000000)
  region size 4096K, 41 young (167936K), 8 survivors (32768K)
 Metaspace       used 137793K, committed 138880K, reserved 1179648K
  class space    used 18726K, committed 19264K, reserved 1048576K
GC Heap History (20 events):
Event: 10,523 GC heap before
{Heap before GC invocations=51 (full 0):
 garbage-first heap   total 458752K, used 319488K [0x00000006e0000000, 0x0000000800000000)
  region size 4096K, 42 young (172032K), 3 survivors (12288K)
 Metaspace       used 117756K, committed 118656K, reserved 1179648K
  class space    used 16039K, committed 16448K, reserved 1048576K
}
Event: 10,538 GC heap after
{Heap after GC invocations=52 (full 0):
 garbage-first heap   total 458752K, used 175063K [0x00000006e0000000, 0x0000000800000000)
  region size 4096K, 6 young (24576K), 6 survivors (24576K)
 Metaspace       used 117756K, committed 118656K, reserved 1179648K
  class space    used 16039K, committed 16448K, reserved 1048576K
}
Event: 10,543 GC heap before
{Heap before GC invocations=52 (full 0):
 garbage-first heap   total 458752K, used 179159K [0x00000006e0000000, 0x0000000800000000)
  region size 4096K, 7 young (28672K), 6 survivors (24576K)
 Metaspace       used 117786K, committed 118656K, reserved 1179648K
  class space    used 16041K, committed 16448K, reserved 1048576K
}
Event: 10,552 GC heap after
{Heap after GC invocations=53 (full 0):
 garbage-first heap   total 458752K, used 177518K [0x00000006e0000000, 0x0000000800000000)
  region size 4096K, 1 young (4096K), 1 survivors (4096K)
 Metaspace       used 117786K, committed 118656K, reserved 1179648K
  class space    used 16041K, committed 16448K, reserved 1048576K
}
Event: 10,837 GC heap before
{Heap before GC invocations=53 (full 0):
 garbage-first heap   total 458752K, used 316782K [0x00000006e0000000, 0x0000000800000000)
  region size 4096K, 36 young (147456K), 1 survivors (4096K)
 Metaspace       used 121528K, committed 122432K, reserved 1179648K
  class space    used 16416K, committed 16832K, reserved 1048576K
}
Event: 10,841 GC heap after
{Heap after GC invocations=54 (full 0):
 garbage-first heap   total 458752K, used 182454K [0x00000006e0000000, 0x0000000800000000)
  region size 4096K, 3 young (12288K), 3 survivors (12288K)
 Metaspace       used 121528K, committed 122432K, reserved 1179648K
  class space    used 16416K, committed 16832K, reserved 1048576K
}
Event: 11,118 GC heap before
{Heap before GC invocations=54 (full 0):
 garbage-first heap   total 458752K, used 329910K [0x00000006e0000000, 0x0000000800000000)
  region size 4096K, 40 young (163840K), 3 survivors (12288K)
 Metaspace       used 123214K, committed 124160K, reserved 1179648K
  class space    used 16593K, committed 17024K, reserved 1048576K
}
Event: 11,124 GC heap after
{Heap after GC invocations=55 (full 0):
 garbage-first heap   total 458752K, used 189152K [0x00000006e0000000, 0x0000000800000000)
  region size 4096K, 4 young (16384K), 4 survivors (16384K)
 Metaspace       used 123214K, committed 124160K, reserved 1179648K
  class space    used 16593K, committed 17024K, reserved 1048576K
}
Event: 11,663 GC heap before
{Heap before GC invocations=55 (full 0):
 garbage-first heap   total 458752K, used 344800K [0x00000006e0000000, 0x0000000800000000)
  region size 4096K, 43 young (176128K), 4 survivors (16384K)
 Metaspace       used 125779K, committed 126720K, reserved 1179648K
  class space    used 16888K, committed 17344K, reserved 1048576K
}
Event: 11,673 GC heap after
{Heap after GC invocations=56 (full 0):
 garbage-first heap   total 458752K, used 198416K [0x00000006e0000000, 0x0000000800000000)
  region size 4096K, 6 young (24576K), 6 survivors (24576K)
 Metaspace       used 125779K, committed 126720K, reserved 1179648K
  class space    used 16888K, committed 17344K, reserved 1048576K
}
Event: 11,869 GC heap before
{Heap before GC invocations=56 (full 0):
 garbage-first heap   total 458752K, used 349968K [0x00000006e0000000, 0x0000000800000000)
  region size 4096K, 43 young (176128K), 6 survivors (24576K)
 Metaspace       used 126076K, committed 127040K, reserved 1179648K
  class space    used 16924K, committed 17408K, reserved 1048576K
}
Event: 11,881 GC heap after
{Heap after GC invocations=57 (full 0):
 garbage-first heap   total 1036288K, used 208333K [0x00000006e0000000, 0x0000000800000000)
  region size 4096K, 5 young (20480K), 5 survivors (20480K)
 Metaspace       used 126076K, committed 127040K, reserved 1179648K
  class space    used 16924K, committed 17408K, reserved 1048576K
}
Event: 13,194 GC heap before
{Heap before GC invocations=57 (full 0):
 garbage-first heap   total 1036288K, used 957901K [0x00000006e0000000, 0x0000000800000000)
  region size 4096K, 147 young (602112K), 5 survivors (20480K)
 Metaspace       used 131506K, committed 132480K, reserved 1179648K
  class space    used 17672K, committed 18176K, reserved 1048576K
}
Event: 13,223 GC heap after
{Heap after GC invocations=58 (full 0):
 garbage-first heap   total 1085440K, used 410672K [0x00000006e0000000, 0x0000000800000000)
  region size 4096K, 19 young (77824K), 19 survivors (77824K)
 Metaspace       used 131506K, committed 132480K, reserved 1179648K
  class space    used 17672K, committed 18176K, reserved 1048576K
}
Event: 13,650 GC heap before
{Heap before GC invocations=58 (full 0):
 garbage-first heap   total 1085440K, used 746544K [0x00000006e0000000, 0x0000000800000000)
  region size 4096K, 102 young (417792K), 19 survivors (77824K)
 Metaspace       used 132067K, committed 133120K, reserved 1179648K
  class space    used 17741K, committed 18240K, reserved 1048576K
}
Event: 13,702 GC heap after
{Heap after GC invocations=59 (full 0):
 garbage-first heap   total 1085440K, used 491061K [0x00000006e0000000, 0x0000000800000000)
  region size 4096K, 13 young (53248K), 13 survivors (53248K)
 Metaspace       used 132067K, committed 133120K, reserved 1179648K
  class space    used 17741K, committed 18240K, reserved 1048576K
}
Event: 14,161 GC heap before
{Heap before GC invocations=59 (full 0):
 garbage-first heap   total 1085440K, used 757301K [0x00000006e0000000, 0x0000000800000000)
  region size 4096K, 77 young (315392K), 13 survivors (53248K)
 Metaspace       used 136911K, committed 137920K, reserved 1179648K
  class space    used 18596K, committed 19072K, reserved 1048576K
}
Event: 14,224 GC heap after
{Heap after GC invocations=60 (full 0):
 garbage-first heap   total 1085440K, used 598016K [0x00000006e0000000, 0x0000000800000000)
  region size 4096K, 10 young (40960K), 10 survivors (40960K)
 Metaspace       used 136911K, committed 137920K, reserved 1179648K
  class space    used 18596K, committed 19072K, reserved 1048576K
}
Event: 14,467 GC heap before
{Heap before GC invocations=60 (full 0):
 garbage-first heap   total 1085440K, used 798720K [0x00000006e0000000, 0x0000000800000000)
  region size 4096K, 59 young (241664K), 10 survivors (40960K)
 Metaspace       used 137784K, committed 138880K, reserved 1179648K
  class space    used 18726K, committed 19264K, reserved 1048576K
}
Event: 14,535 GC heap after
{Heap after GC invocations=61 (full 0):
 garbage-first heap   total 1085440K, used 704512K [0x00000006e0000000, 0x0000000800000000)
  region size 4096K, 8 young (32768K), 8 survivors (32768K)
 Metaspace       used 137784K, committed 138880K, reserved 1179648K
  class space    used 18726K, committed 19264K, reserved 1048576K
}

