# JRE version: OpenJDK Runtime Environment (17.0.9) (build 17.0.9+0-17.0.9b1087.7-11185874)
# Java VM: OpenJDK 64-Bit Server VM (17.0.9+0-17.0.9b1087.7-11185874, mixed mode, tiered, compressed oops, compressed class ptrs, g1 gc, linux-amd64)
GC Precious Log:
 CPUs: 16 total, 12 available
 Memory: 13817M
 Large Page Support: Disabled
 NUMA Support: Disabled
 Compressed Oops: Enabled (Zero based)
 Heap Region Size: 2M
 Heap Min Capacity: 8M
 Heap Initial Capacity: 216M
 Heap Max Capacity: 3456M
 Pre-touch: Disabled
 Parallel Workers: 10
 Concurrent Workers: 3
 Concurrent Refinement Workers: 10
 Periodic GC: Disabled
Heap:
 garbage-first heap   total 90112K, used 56849K [0x0000000728000000, 0x0000000800000000)
  region size 2048K, 18 young (36864K), 1 survivors (2048K)
 Metaspace       used 29679K, committed 29888K, reserved 1114112K
  class space    used 3724K, committed 3840K, reserved 1048576K
GC Heap History (14 events):
Event: 0,511 GC heap before
{Heap before GC invocations=0 (full 0):
 garbage-first heap   total 221184K, used 26624K [0x0000000728000000, 0x0000000800000000)
  region size 2048K, 11 young (22528K), 0 survivors (0K)
 Metaspace       used 13115K, committed 13248K, reserved 1114112K
  class space    used 1243K, committed 1280K, reserved 1048576K
}
Event: 0,513 GC heap after
{Heap after GC invocations=1 (full 0):
 garbage-first heap   total 221184K, used 6848K [0x0000000728000000, 0x0000000800000000)
  region size 2048K, 2 young (4096K), 2 survivors (4096K)
 Metaspace       used 13115K, committed 13248K, reserved 1114112K
  class space    used 1243K, committed 1280K, reserved 1048576K
}
Event: 0,899 GC heap before
{Heap before GC invocations=1 (full 0):
 garbage-first heap   total 221184K, used 33472K [0x0000000728000000, 0x0000000800000000)
  region size 2048K, 16 young (32768K), 2 survivors (4096K)
 Metaspace       used 21396K, committed 21504K, reserved 1114112K
  class space    used 2304K, committed 2368K, reserved 1048576K
}
Event: 0,903 GC heap after
{Heap after GC invocations=2 (full 0):
 garbage-first heap   total 221184K, used 8165K [0x0000000728000000, 0x0000000800000000)
  region size 2048K, 2 young (4096K), 2 survivors (4096K)
 Metaspace       used 21396K, committed 21504K, reserved 1114112K
  class space    used 2304K, committed 2368K, reserved 1048576K
}
Event: 1,124 GC heap before
{Heap before GC invocations=3 (full 0):
 garbage-first heap   total 34816K, used 24549K [0x0000000728000000, 0x0000000800000000)
  region size 2048K, 10 young (20480K), 2 survivors (4096K)
 Metaspace       used 24133K, committed 24384K, reserved 1114112K
  class space    used 2914K, committed 3008K, reserved 1048576K
}
Event: 1,130 GC heap after
{Heap after GC invocations=4 (full 0):
 garbage-first heap   total 34816K, used 14287K [0x0000000728000000, 0x0000000800000000)
  region size 2048K, 4 young (8192K), 4 survivors (8192K)
 Metaspace       used 24133K, committed 24384K, reserved 1114112K
  class space    used 2914K, committed 3008K, reserved 1048576K
}
Event: 1,202 GC heap before
{Heap before GC invocations=4 (full 0):
 garbage-first heap   total 34816K, used 22479K [0x0000000728000000, 0x0000000800000000)
  region size 2048K, 8 young (16384K), 4 survivors (8192K)
 Metaspace       used 24163K, committed 24384K, reserved 1114112K
  class space    used 2914K, committed 3008K, reserved 1048576K
}
Event: 1,211 GC heap after
{Heap after GC invocations=5 (full 0):
 garbage-first heap   total 34816K, used 13330K [0x0000000728000000, 0x0000000800000000)
  region size 2048K, 1 young (2048K), 1 survivors (2048K)
 Metaspace       used 24163K, committed 24384K, reserved 1114112K
  class space    used 2914K, committed 3008K, reserved 1048576K
}
Event: 1,275 GC heap before
{Heap before GC invocations=5 (full 0):
 garbage-first heap   total 34816K, used 21522K [0x0000000728000000, 0x0000000800000000)
  region size 2048K, 5 young (10240K), 1 survivors (2048K)
 Metaspace       used 24301K, committed 24576K, reserved 1114112K
  class space    used 2914K, committed 3008K, reserved 1048576K
}
Event: 1,278 GC heap after
{Heap after GC invocations=6 (full 0):
 garbage-first heap   total 34816K, used 15984K [0x0000000728000000, 0x0000000800000000)
  region size 2048K, 1 young (2048K), 1 survivors (2048K)
 Metaspace       used 24301K, committed 24576K, reserved 1114112K
  class space    used 2914K, committed 3008K, reserved 1048576K
}
Event: 1,306 GC heap before
{Heap before GC invocations=6 (full 0):
 garbage-first heap   total 34816K, used 26224K [0x0000000728000000, 0x0000000800000000)
  region size 2048K, 5 young (10240K), 1 survivors (2048K)
 Metaspace       used 24308K, committed 24576K, reserved 1114112K
  class space    used 2914K, committed 3008K, reserved 1048576K
}
Event: 1,309 GC heap after
{Heap after GC invocations=7 (full 0):
 garbage-first heap   total 34816K, used 20726K [0x0000000728000000, 0x0000000800000000)
  region size 2048K, 1 young (2048K), 1 survivors (2048K)
 Metaspace       used 24308K, committed 24576K, reserved 1114112K
  class space    used 2914K, committed 3008K, reserved 1048576K
}
Event: 1,312 GC heap before
{Heap before GC invocations=7 (full 0):
 garbage-first heap   total 34816K, used 20726K [0x0000000728000000, 0x0000000800000000)
  region size 2048K, 2 young (4096K), 1 survivors (2048K)
 Metaspace       used 24308K, committed 24576K, reserved 1114112K
  class space    used 2914K, committed 3008K, reserved 1048576K
}
Event: 1,315 GC heap after
{Heap after GC invocations=8 (full 0):
 garbage-first heap   total 129024K, used 22033K [0x0000000728000000, 0x0000000800000000)
  region size 2048K, 1 young (2048K), 1 survivors (2048K)
 Metaspace       used 24308K, committed 24576K, reserved 1114112K
  class space    used 2914K, committed 3008K, reserved 1048576K
}

